2025-02-11 08:40:42,695 - INFO - Trial 51 finished with value: 0.00016084522803945574 and parameters: {'hidden_layers': 6, 'n_units_l': 352, 'lr': 5.985484585384355e-05, 'batch_size': 104}. Best is trial 10 with value: 0.0001240850148350611.
2025-02-11 08:40:42,697 - INFO - Elapsed time: 146819.28 seconds
2025-02-11 08:40:42,697 - INFO - Estimated time left: 0.00 seconds
2025-02-11 08:47:25,063 - INFO - Trial: 53/100, Epoch: 1/10, Val loss: 0.0417, Elapsed time: 0:06:42, Estimated time left: 1:00:21
2025-02-11 08:53:46,524 - INFO - Trial: 53/100, Epoch: 2/10, Val loss: 0.0008, Elapsed time: 0:13:03, Estimated time left: 0:50:51
2025-02-11 09:00:10,492 - INFO - Trial: 53/100, Epoch: 3/10, Val loss: 0.0005, Elapsed time: 0:19:27, Estimated time left: 0:44:47
2025-02-11 09:06:32,147 - INFO - Trial: 53/100, Epoch: 4/10, Val loss: 0.0003, Elapsed time: 0:25:49, Estimated time left: 0:38:09
2025-02-11 09:12:56,163 - INFO - Trial: 53/100, Epoch: 5/10, Val loss: 0.0003, Elapsed time: 0:32:13, Estimated time left: 0:32:00
2025-02-11 09:19:16,927 - INFO - Trial: 53/100, Epoch: 6/10, Val loss: 0.0003, Elapsed time: 0:38:34, Estimated time left: 0:25:23
2025-02-11 09:25:40,746 - INFO - Trial: 53/100, Epoch: 7/10, Val loss: 0.0002, Elapsed time: 0:44:58, Estimated time left: 0:19:11
2025-02-11 09:32:01,642 - INFO - Trial: 53/100, Epoch: 8/10, Val loss: 0.0002, Elapsed time: 0:51:18, Estimated time left: 0:12:41
2025-02-11 09:38:25,458 - INFO - Trial: 53/100, Epoch: 9/10, Val loss: 0.0002, Elapsed time: 0:57:42, Estimated time left: 0:06:23
2025-02-11 09:44:46,693 - INFO - Trial: 53/100, Epoch: 10/10, Val loss: 0.0002, Elapsed time: 1:04:03, Estimated time left: 0:00:00
2025-02-11 09:44:46,695 - INFO - Trial 52 finished with value: 0.00017395048742483153 and parameters: {'hidden_layers': 6, 'n_units_l': 365, 'lr': 0.0001821883698118738, 'batch_size': 62}. Best is trial 10 with value: 0.0001240850148350611.
2025-02-11 09:44:46,697 - INFO - Elapsed time: 150663.28 seconds
2025-02-11 09:44:46,698 - INFO - Estimated time left: 0.00 seconds
2025-02-11 09:48:57,174 - INFO - Trial: 54/100, Epoch: 1/10, Val loss: 0.0474, Elapsed time: 0:04:10, Estimated time left: 0:37:34
2025-02-11 09:52:55,274 - INFO - Trial: 54/100, Epoch: 2/10, Val loss: 0.0015, Elapsed time: 0:08:08, Estimated time left: 0:31:44
2025-02-11 09:56:51,651 - INFO - Trial: 54/100, Epoch: 3/10, Val loss: 0.0006, Elapsed time: 0:12:04, Estimated time left: 0:27:34
2025-02-11 09:59:42,095 - INFO - Trial: 54/100, Epoch: 4/10, Val loss: 0.0003, Elapsed time: 0:14:55, Estimated time left: 0:17:02
2025-02-11 10:02:25,072 - INFO - Trial: 54/100, Epoch: 5/10, Val loss: 0.0003, Elapsed time: 0:17:38, Estimated time left: 0:13:34
2025-02-11 10:05:07,808 - INFO - Trial: 54/100, Epoch: 6/10, Val loss: 0.0002, Elapsed time: 0:20:21, Estimated time left: 0:10:50
2025-02-11 10:07:53,456 - INFO - Trial: 54/100, Epoch: 7/10, Val loss: 0.0002, Elapsed time: 0:23:06, Estimated time left: 0:08:16
2025-02-11 10:10:39,546 - INFO - Trial: 54/100, Epoch: 8/10, Val loss: 0.0002, Elapsed time: 0:25:52, Estimated time left: 0:05:32
2025-02-11 10:13:26,101 - INFO - Trial: 54/100, Epoch: 9/10, Val loss: 0.0002, Elapsed time: 0:28:39, Estimated time left: 0:02:46
2025-02-11 10:16:14,965 - INFO - Trial: 54/100, Epoch: 10/10, Val loss: 0.0001, Elapsed time: 0:31:28, Estimated time left: 0:00:00
2025-02-11 10:16:14,966 - INFO - Trial 53 finished with value: 0.0001351594224550913 and parameters: {'hidden_layers': 7, 'n_units_l': 447, 'lr': 5.104427105617528e-05, 'batch_size': 121}. Best is trial 10 with value: 0.0001240850148350611.
2025-02-11 10:16:14,969 - INFO - Elapsed time: 152551.55 seconds
2025-02-11 10:16:14,969 - INFO - Estimated time left: 0.00 seconds
2025-02-11 10:18:52,239 - INFO - Trial: 55/100, Epoch: 1/10, Val loss: 0.0489, Elapsed time: 0:02:37, Estimated time left: 0:23:35
2025-02-11 10:21:20,555 - INFO - Trial: 55/100, Epoch: 2/10, Val loss: 0.0017, Elapsed time: 0:05:05, Estimated time left: 0:19:46
2025-02-11 10:23:49,597 - INFO - Trial: 55/100, Epoch: 3/10, Val loss: 0.0011, Elapsed time: 0:07:34, Estimated time left: 0:17:23
2025-02-11 10:26:21,856 - INFO - Trial: 55/100, Epoch: 4/10, Val loss: 0.0006, Elapsed time: 0:10:06, Estimated time left: 0:15:13
2025-02-11 10:28:51,552 - INFO - Trial: 55/100, Epoch: 5/10, Val loss: 0.0004, Elapsed time: 0:12:36, Estimated time left: 0:12:28
2025-02-11 10:31:20,441 - INFO - Trial: 55/100, Epoch: 6/10, Val loss: 0.0003, Elapsed time: 0:15:05, Estimated time left: 0:09:55
2025-02-11 10:33:48,903 - INFO - Trial: 55/100, Epoch: 7/10, Val loss: 0.0002, Elapsed time: 0:17:33, Estimated time left: 0:07:25
2025-02-11 10:36:20,239 - INFO - Trial: 55/100, Epoch: 8/10, Val loss: 0.0002, Elapsed time: 0:20:05, Estimated time left: 0:05:02
2025-02-11 10:38:49,720 - INFO - Trial: 55/100, Epoch: 9/10, Val loss: 0.0002, Elapsed time: 0:22:34, Estimated time left: 0:02:29
2025-02-11 10:41:18,600 - INFO - Trial: 55/100, Epoch: 10/10, Val loss: 0.0002, Elapsed time: 0:25:03, Estimated time left: 0:00:00
2025-02-11 10:41:18,602 - INFO - Trial 54 finished with value: 0.00016928416481789855 and parameters: {'hidden_layers': 7, 'n_units_l': 448, 'lr': 3.256983704562511e-05, 'batch_size': 132}. Best is trial 10 with value: 0.0001240850148350611.
2025-02-11 10:41:18,605 - INFO - Elapsed time: 154055.19 seconds
2025-02-11 10:41:18,605 - INFO - Estimated time left: 0.00 seconds
2025-02-11 10:44:14,387 - INFO - Trial: 56/100, Epoch: 1/10, Val loss: 0.0453, Elapsed time: 0:02:55, Estimated time left: 0:26:21
2025-02-11 10:47:02,637 - INFO - Trial: 56/100, Epoch: 2/10, Val loss: 0.0015, Elapsed time: 0:05:44, Estimated time left: 0:22:26
2025-02-11 10:49:51,336 - INFO - Trial: 56/100, Epoch: 3/10, Val loss: 0.0006, Elapsed time: 0:08:32, Estimated time left: 0:19:40
2025-02-11 10:52:39,932 - INFO - Trial: 56/100, Epoch: 4/10, Val loss: 0.0003, Elapsed time: 0:11:21, Estimated time left: 0:16:51
2025-02-11 10:55:28,348 - INFO - Trial: 56/100, Epoch: 5/10, Val loss: 0.0002, Elapsed time: 0:14:09, Estimated time left: 0:14:02
2025-02-11 10:58:17,329 - INFO - Trial: 56/100, Epoch: 6/10, Val loss: 0.0002, Elapsed time: 0:16:58, Estimated time left: 0:11:15
2025-02-11 11:01:05,795 - INFO - Trial: 56/100, Epoch: 7/10, Val loss: 0.0002, Elapsed time: 0:19:47, Estimated time left: 0:08:25
2025-02-11 11:03:54,544 - INFO - Trial: 56/100, Epoch: 8/10, Val loss: 0.0002, Elapsed time: 0:22:35, Estimated time left: 0:05:37
2025-02-11 11:06:45,895 - INFO - Trial: 56/100, Epoch: 9/10, Val loss: 0.0002, Elapsed time: 0:25:27, Estimated time left: 0:02:51
2025-02-11 11:09:34,856 - INFO - Trial: 56/100, Epoch: 10/10, Val loss: 0.0001, Elapsed time: 0:28:16, Estimated time left: 0:00:00
2025-02-11 11:09:34,858 - INFO - Trial 55 finished with value: 0.00013979820465390188 and parameters: {'hidden_layers': 7, 'n_units_l': 489, 'lr': 4.879563516194102e-05, 'batch_size': 118}. Best is trial 10 with value: 0.0001240850148350611.
2025-02-11 11:09:34,860 - INFO - Elapsed time: 155751.44 seconds
2025-02-11 11:09:34,860 - INFO - Estimated time left: 0.00 seconds
2025-02-11 11:15:36,435 - INFO - Trial: 57/100, Epoch: 1/10, Val loss: 0.0454, Elapsed time: 0:06:01, Estimated time left: 0:54:13
2025-02-11 11:21:23,724 - INFO - Trial: 57/100, Epoch: 2/10, Val loss: 0.0008, Elapsed time: 0:11:48, Estimated time left: 0:46:18
2025-02-11 11:27:11,572 - INFO - Trial: 57/100, Epoch: 3/10, Val loss: 0.0004, Elapsed time: 0:17:36, Estimated time left: 0:40:34
2025-02-11 11:33:00,423 - INFO - Trial: 57/100, Epoch: 4/10, Val loss: 0.0003, Elapsed time: 0:23:25, Estimated time left: 0:34:53
2025-02-11 11:38:48,841 - INFO - Trial: 57/100, Epoch: 5/10, Val loss: 0.0002, Elapsed time: 0:29:13, Estimated time left: 0:29:02
2025-02-11 11:44:38,053 - INFO - Trial: 57/100, Epoch: 6/10, Val loss: 0.0002, Elapsed time: 0:35:03, Estimated time left: 0:23:16
2025-02-11 11:50:20,154 - INFO - Trial: 57/100, Epoch: 7/10, Val loss: 0.0002, Elapsed time: 0:40:45, Estimated time left: 0:17:06
2025-02-11 11:56:02,582 - INFO - Trial: 57/100, Epoch: 8/10, Val loss: 0.0002, Elapsed time: 0:46:27, Estimated time left: 0:11:24
2025-02-11 12:01:40,832 - INFO - Trial: 57/100, Epoch: 9/10, Val loss: 0.0001, Elapsed time: 0:52:05, Estimated time left: 0:05:38
2025-02-11 12:07:19,535 - INFO - Trial: 57/100, Epoch: 10/10, Val loss: 0.0002, Elapsed time: 0:57:44, Estimated time left: 0:00:00
2025-02-11 12:07:19,537 - INFO - Trial 56 finished with value: 0.00017139861709197812 and parameters: {'hidden_layers': 7, 'n_units_l': 411, 'lr': 8.816708529757879e-05, 'batch_size': 51}. Best is trial 10 with value: 0.0001240850148350611.
2025-02-11 12:07:19,541 - INFO - Elapsed time: 159216.12 seconds
2025-02-11 12:07:19,541 - INFO - Estimated time left: 0.00 seconds
2025-02-11 12:09:22,046 - INFO - Trial: 58/100, Epoch: 1/10, Val loss: 0.0521, Elapsed time: 0:02:02, Estimated time left: 0:18:22
2025-02-11 12:11:18,828 - INFO - Trial: 58/100, Epoch: 2/10, Val loss: 0.0019, Elapsed time: 0:03:59, Estimated time left: 0:15:34
2025-02-11 12:13:16,188 - INFO - Trial: 58/100, Epoch: 3/10, Val loss: 0.0016, Elapsed time: 0:05:56, Estimated time left: 0:13:41
2025-02-11 12:15:13,545 - INFO - Trial: 58/100, Epoch: 4/10, Val loss: 0.0014, Elapsed time: 0:07:53, Estimated time left: 0:11:44
2025-02-11 12:17:10,754 - INFO - Trial: 58/100, Epoch: 5/10, Val loss: 0.0011, Elapsed time: 0:09:51, Estimated time left: 0:09:46
2025-02-11 12:19:08,179 - INFO - Trial: 58/100, Epoch: 6/10, Val loss: 0.0008, Elapsed time: 0:11:48, Estimated time left: 0:07:49
2025-02-11 12:21:06,059 - INFO - Trial: 58/100, Epoch: 7/10, Val loss: 0.0006, Elapsed time: 0:13:46, Estimated time left: 0:05:53
2025-02-11 12:23:03,530 - INFO - Trial: 58/100, Epoch: 8/10, Val loss: 0.0004, Elapsed time: 0:15:43, Estimated time left: 0:03:54
2025-02-11 12:25:01,095 - INFO - Trial: 58/100, Epoch: 9/10, Val loss: 0.0003, Elapsed time: 0:17:41, Estimated time left: 0:01:57
2025-02-11 12:26:58,680 - INFO - Trial: 58/100, Epoch: 10/10, Val loss: 0.0003, Elapsed time: 0:19:39, Estimated time left: 0:00:00
2025-02-11 12:26:58,682 - INFO - Trial 57 finished with value: 0.0002810950969366852 and parameters: {'hidden_layers': 7, 'n_units_l': 384, 'lr': 2.1233135351053395e-05, 'batch_size': 172}. Best is trial 10 with value: 0.0001240850148350611.
2025-02-11 12:26:58,684 - INFO - Elapsed time: 160395.27 seconds
2025-02-11 12:26:58,685 - INFO - Estimated time left: 0.00 seconds
2025-02-11 12:30:50,977 - INFO - Trial: 59/100, Epoch: 1/10, Val loss: 0.0413, Elapsed time: 0:03:52, Estimated time left: 0:34:50
2025-02-11 12:34:27,123 - INFO - Trial: 59/100, Epoch: 2/10, Val loss: 0.0008, Elapsed time: 0:07:28, Estimated time left: 0:28:49
2025-02-11 12:38:06,744 - INFO - Trial: 59/100, Epoch: 3/10, Val loss: 0.0004, Elapsed time: 0:11:08, Estimated time left: 0:25:37
2025-02-11 12:41:42,681 - INFO - Trial: 59/100, Epoch: 4/10, Val loss: 0.0003, Elapsed time: 0:14:43, Estimated time left: 0:21:35
2025-02-11 12:45:18,601 - INFO - Trial: 59/100, Epoch: 5/10, Val loss: 0.0003, Elapsed time: 0:18:19, Estimated time left: 0:17:59
2025-02-11 12:48:56,125 - INFO - Trial: 59/100, Epoch: 6/10, Val loss: 0.0002, Elapsed time: 0:21:57, Estimated time left: 0:14:30
2025-02-11 12:52:31,941 - INFO - Trial: 59/100, Epoch: 7/10, Val loss: 0.0002, Elapsed time: 0:25:33, Estimated time left: 0:10:47
2025-02-11 12:56:10,614 - INFO - Trial: 59/100, Epoch: 8/10, Val loss: 0.0002, Elapsed time: 0:29:11, Estimated time left: 0:07:17
2025-02-11 12:59:47,195 - INFO - Trial: 59/100, Epoch: 9/10, Val loss: 0.0003, Elapsed time: 0:32:48, Estimated time left: 0:03:36
2025-02-11 13:03:24,034 - INFO - Trial: 59/100, Epoch: 10/10, Val loss: 0.0002, Elapsed time: 0:36:25, Estimated time left: 0:00:00
2025-02-11 13:03:24,036 - INFO - Trial 58 finished with value: 0.0002057841483619432 and parameters: {'hidden_layers': 8, 'n_units_l': 429, 'lr': 0.00022679628433835478, 'batch_size': 88}. Best is trial 10 with value: 0.0001240850148350611.
2025-02-11 13:03:24,039 - INFO - Elapsed time: 162580.62 seconds
2025-02-11 13:03:24,039 - INFO - Estimated time left: 0.00 seconds
2025-02-11 13:05:32,574 - INFO - Trial: 60/100, Epoch: 1/10, Val loss: 0.0379, Elapsed time: 0:02:08, Estimated time left: 0:19:16
2025-02-11 13:07:35,056 - INFO - Trial: 60/100, Epoch: 2/10, Val loss: 0.0007, Elapsed time: 0:04:10, Estimated time left: 0:16:19
2025-02-11 13:09:37,800 - INFO - Trial: 60/100, Epoch: 3/10, Val loss: 0.0004, Elapsed time: 0:06:13, Estimated time left: 0:14:19
2025-02-11 13:11:40,238 - INFO - Trial: 60/100, Epoch: 4/10, Val loss: 0.0003, Elapsed time: 0:08:16, Estimated time left: 0:12:14
2025-02-11 13:13:42,783 - INFO - Trial: 60/100, Epoch: 5/10, Val loss: 0.0002, Elapsed time: 0:10:18, Estimated time left: 0:10:12
2025-02-11 13:15:46,808 - INFO - Trial: 60/100, Epoch: 6/10, Val loss: 0.0002, Elapsed time: 0:12:22, Estimated time left: 0:08:16
2025-02-11 13:17:50,763 - INFO - Trial: 60/100, Epoch: 7/10, Val loss: 0.0002, Elapsed time: 0:14:26, Estimated time left: 0:06:11
2025-02-11 13:19:55,068 - INFO - Trial: 60/100, Epoch: 8/10, Val loss: 0.0002, Elapsed time: 0:16:31, Estimated time left: 0:04:08
2025-02-11 13:21:59,272 - INFO - Trial: 60/100, Epoch: 9/10, Val loss: 0.0001, Elapsed time: 0:18:35, Estimated time left: 0:02:04
2025-02-11 13:24:03,615 - INFO - Trial: 60/100, Epoch: 10/10, Val loss: 0.0001, Elapsed time: 0:20:39, Estimated time left: 0:00:00
2025-02-11 13:24:03,616 - INFO - Trial 59 finished with value: 0.0001335943281994698 and parameters: {'hidden_layers': 6, 'n_units_l': 512, 'lr': 0.00014708397902372513, 'batch_size': 154}. Best is trial 10 with value: 0.0001240850148350611.
2025-02-11 13:24:03,619 - INFO - Elapsed time: 163820.20 seconds
2025-02-11 13:24:03,620 - INFO - Estimated time left: 0.00 seconds
2025-02-11 13:25:45,305 - INFO - Trial: 61/100, Epoch: 1/10, Val loss: 0.0390, Elapsed time: 0:01:41, Estimated time left: 0:15:14
2025-02-11 13:27:21,341 - INFO - Trial: 61/100, Epoch: 2/10, Val loss: 0.0010, Elapsed time: 0:03:17, Estimated time left: 0:12:48
2025-02-11 13:28:57,234 - INFO - Trial: 61/100, Epoch: 3/10, Val loss: 0.0003, Elapsed time: 0:04:53, Estimated time left: 0:11:11
2025-02-11 13:30:33,657 - INFO - Trial: 61/100, Epoch: 4/10, Val loss: 0.0003, Elapsed time: 0:06:30, Estimated time left: 0:09:38
2025-02-11 13:32:09,852 - INFO - Trial: 61/100, Epoch: 5/10, Val loss: 0.0002, Elapsed time: 0:08:06, Estimated time left: 0:08:00
2025-02-11 13:33:46,364 - INFO - Trial: 61/100, Epoch: 6/10, Val loss: 0.0002, Elapsed time: 0:09:42, Estimated time left: 0:06:26
2025-02-11 13:35:22,655 - INFO - Trial: 61/100, Epoch: 7/10, Val loss: 0.0001, Elapsed time: 0:11:19, Estimated time left: 0:04:48
2025-02-11 13:36:57,911 - INFO - Trial: 61/100, Epoch: 8/10, Val loss: 0.0001, Elapsed time: 0:12:54, Estimated time left: 0:03:10
2025-02-11 13:38:34,281 - INFO - Trial: 61/100, Epoch: 9/10, Val loss: 0.0002, Elapsed time: 0:14:30, Estimated time left: 0:01:36
2025-02-11 13:40:10,610 - INFO - Trial: 61/100, Epoch: 10/10, Val loss: 0.0001, Elapsed time: 0:16:06, Estimated time left: 0:00:00
2025-02-11 13:40:10,611 - INFO - Trial 60 finished with value: 0.00012900467280978106 and parameters: {'hidden_layers': 6, 'n_units_l': 486, 'lr': 0.00011237268215512144, 'batch_size': 216}. Best is trial 10 with value: 0.0001240850148350611.
2025-02-11 13:40:10,614 - INFO - Elapsed time: 164787.20 seconds
2025-02-11 13:40:10,614 - INFO - Estimated time left: 0.00 seconds
2025-02-11 13:42:17,717 - INFO - Trial: 62/100, Epoch: 1/10, Val loss: 0.0436, Elapsed time: 0:02:07, Estimated time left: 0:19:03
2025-02-11 13:44:20,333 - INFO - Trial: 62/100, Epoch: 2/10, Val loss: 0.0009, Elapsed time: 0:04:09, Estimated time left: 0:16:20
2025-02-11 13:46:22,850 - INFO - Trial: 62/100, Epoch: 3/10, Val loss: 0.0004, Elapsed time: 0:06:12, Estimated time left: 0:14:17
2025-02-11 13:48:26,947 - INFO - Trial: 62/100, Epoch: 4/10, Val loss: 0.0003, Elapsed time: 0:08:16, Estimated time left: 0:12:24
2025-02-11 13:50:29,263 - INFO - Trial: 62/100, Epoch: 5/10, Val loss: 0.0002, Elapsed time: 0:10:18, Estimated time left: 0:10:11
2025-02-11 13:52:32,227 - INFO - Trial: 62/100, Epoch: 6/10, Val loss: 0.0002, Elapsed time: 0:12:21, Estimated time left: 0:08:11
2025-02-11 13:54:35,096 - INFO - Trial: 62/100, Epoch: 7/10, Val loss: 0.0002, Elapsed time: 0:14:24, Estimated time left: 0:06:08
2025-02-11 13:56:37,846 - INFO - Trial: 62/100, Epoch: 8/10, Val loss: 0.0002, Elapsed time: 0:16:27, Estimated time left: 0:04:05
2025-02-11 13:58:40,464 - INFO - Trial: 62/100, Epoch: 9/10, Val loss: 0.0002, Elapsed time: 0:18:29, Estimated time left: 0:02:02
2025-02-11 14:00:44,352 - INFO - Trial: 62/100, Epoch: 10/10, Val loss: 0.0001, Elapsed time: 0:20:33, Estimated time left: 0:00:00
2025-02-11 14:00:44,354 - INFO - Trial 61 finished with value: 0.00011749841443753703 and parameters: {'hidden_layers': 6, 'n_units_l': 487, 'lr': 0.0001357700268546577, 'batch_size': 163}. Best is trial 61 with value: 0.00011749841443753703.
2025-02-11 14:00:44,357 - INFO - Elapsed time: 166020.94 seconds
2025-02-11 14:00:44,357 - INFO - Estimated time left: 0.00 seconds
2025-02-11 14:02:29,567 - INFO - Trial: 63/100, Epoch: 1/10, Val loss: 0.0403, Elapsed time: 0:01:45, Estimated time left: 0:15:46
2025-02-11 14:04:10,335 - INFO - Trial: 63/100, Epoch: 2/10, Val loss: 0.0009, Elapsed time: 0:03:25, Estimated time left: 0:13:26
2025-02-11 14:05:51,131 - INFO - Trial: 63/100, Epoch: 3/10, Val loss: 0.0004, Elapsed time: 0:05:06, Estimated time left: 0:11:45
2025-02-11 14:07:32,294 - INFO - Trial: 63/100, Epoch: 4/10, Val loss: 0.0003, Elapsed time: 0:06:47, Estimated time left: 0:10:06
2025-02-11 14:09:13,978 - INFO - Trial: 63/100, Epoch: 5/10, Val loss: 0.0003, Elapsed time: 0:08:29, Estimated time left: 0:08:28
2025-02-11 14:10:55,245 - INFO - Trial: 63/100, Epoch: 6/10, Val loss: 0.0002, Elapsed time: 0:10:10, Estimated time left: 0:06:45
2025-02-11 14:12:35,419 - INFO - Trial: 63/100, Epoch: 7/10, Val loss: 0.0002, Elapsed time: 0:11:51, Estimated time left: 0:05:00
2025-02-11 14:14:16,484 - INFO - Trial: 63/100, Epoch: 8/10, Val loss: 0.0001, Elapsed time: 0:13:32, Estimated time left: 0:03:22
2025-02-11 14:15:57,920 - INFO - Trial: 63/100, Epoch: 9/10, Val loss: 0.0002, Elapsed time: 0:15:13, Estimated time left: 0:01:41
2025-02-11 14:17:39,234 - INFO - Trial: 63/100, Epoch: 10/10, Val loss: 0.0001, Elapsed time: 0:16:54, Estimated time left: 0:00:00
2025-02-11 14:17:39,235 - INFO - Trial 62 finished with value: 0.00013608353214793228 and parameters: {'hidden_layers': 6, 'n_units_l': 484, 'lr': 0.00011877145933255926, 'batch_size': 205}. Best is trial 61 with value: 0.00011749841443753703.
2025-02-11 14:17:39,238 - INFO - Elapsed time: 167035.82 seconds
2025-02-11 14:17:39,238 - INFO - Estimated time left: 0.00 seconds
2025-02-11 14:19:54,797 - INFO - Trial: 64/100, Epoch: 1/10, Val loss: 0.0309, Elapsed time: 0:02:15, Estimated time left: 0:20:19
2025-02-11 14:22:02,792 - INFO - Trial: 64/100, Epoch: 2/10, Val loss: 0.0007, Elapsed time: 0:04:23, Estimated time left: 0:17:03
2025-02-11 14:24:10,826 - INFO - Trial: 64/100, Epoch: 3/10, Val loss: 0.0005, Elapsed time: 0:06:31, Estimated time left: 0:14:56
2025-02-11 14:26:19,676 - INFO - Trial: 64/100, Epoch: 4/10, Val loss: 0.0003, Elapsed time: 0:08:40, Estimated time left: 0:12:53
2025-02-11 14:28:27,572 - INFO - Trial: 64/100, Epoch: 5/10, Val loss: 0.0003, Elapsed time: 0:10:48, Estimated time left: 0:10:39
2025-02-11 14:30:35,842 - INFO - Trial: 64/100, Epoch: 6/10, Val loss: 0.0003, Elapsed time: 0:12:56, Estimated time left: 0:08:33
2025-02-11 14:32:43,574 - INFO - Trial: 64/100, Epoch: 7/10, Val loss: 0.0003, Elapsed time: 0:15:04, Estimated time left: 0:06:23
2025-02-11 14:34:51,772 - INFO - Trial: 64/100, Epoch: 8/10, Val loss: 0.0002, Elapsed time: 0:17:12, Estimated time left: 0:04:16
2025-02-11 14:37:01,325 - INFO - Trial: 64/100, Epoch: 9/10, Val loss: 0.0002, Elapsed time: 0:19:22, Estimated time left: 0:02:09
2025-02-11 14:39:10,104 - INFO - Trial: 64/100, Epoch: 10/10, Val loss: 0.0002, Elapsed time: 0:21:30, Estimated time left: 0:00:00
2025-02-11 14:39:10,106 - INFO - Trial 63 finished with value: 0.00017480063237187898 and parameters: {'hidden_layers': 7, 'n_units_l': 510, 'lr': 0.00040835518143487906, 'batch_size': 157}. Best is trial 61 with value: 0.00011749841443753703.
2025-02-11 14:39:10,109 - INFO - Elapsed time: 168326.69 seconds
2025-02-11 14:39:10,109 - INFO - Estimated time left: 0.00 seconds
2025-02-11 14:40:56,917 - INFO - Trial: 65/100, Epoch: 1/10, Val loss: 0.0427, Elapsed time: 0:01:46, Estimated time left: 0:16:01
2025-02-11 14:42:39,355 - INFO - Trial: 65/100, Epoch: 2/10, Val loss: 0.0008, Elapsed time: 0:03:29, Estimated time left: 0:13:39
2025-02-11 14:44:21,911 - INFO - Trial: 65/100, Epoch: 3/10, Val loss: 0.0004, Elapsed time: 0:05:11, Estimated time left: 0:11:57
2025-02-11 14:46:04,593 - INFO - Trial: 65/100, Epoch: 4/10, Val loss: 0.0003, Elapsed time: 0:06:54, Estimated time left: 0:10:16
2025-02-11 14:47:47,447 - INFO - Trial: 65/100, Epoch: 5/10, Val loss: 0.0002, Elapsed time: 0:08:37, Estimated time left: 0:08:34
2025-02-11 14:49:29,350 - INFO - Trial: 65/100, Epoch: 6/10, Val loss: 0.0002, Elapsed time: 0:10:19, Estimated time left: 0:06:47
2025-02-11 14:51:12,118 - INFO - Trial: 65/100, Epoch: 7/10, Val loss: 0.0002, Elapsed time: 0:12:01, Estimated time left: 0:05:08
2025-02-11 14:52:54,884 - INFO - Trial: 65/100, Epoch: 8/10, Val loss: 0.0002, Elapsed time: 0:13:44, Estimated time left: 0:03:25
2025-02-11 14:54:37,799 - INFO - Trial: 65/100, Epoch: 9/10, Val loss: 0.0003, Elapsed time: 0:15:27, Estimated time left: 0:01:42
2025-02-11 14:56:20,261 - INFO - Trial: 65/100, Epoch: 10/10, Val loss: 0.0001, Elapsed time: 0:17:10, Estimated time left: 0:00:00
