2025-02-11 14:56:20,263 - INFO - Trial 64 finished with value: 0.00014821293034198135 and parameters: {'hidden_layers': 6, 'n_units_l': 454, 'lr': 0.00015109854514416932, 'batch_size': 198}. Best is trial 61 with value: 0.00011749841443753703.
2025-02-11 14:56:20,265 - INFO - Elapsed time: 169356.85 seconds
2025-02-11 14:56:20,266 - INFO - Estimated time left: 0.00 seconds
2025-02-11 14:58:05,053 - INFO - Trial: 66/100, Epoch: 1/10, Val loss: 0.0161, Elapsed time: 0:01:44, Estimated time left: 0:15:42
2025-02-11 14:59:43,837 - INFO - Trial: 66/100, Epoch: 2/10, Val loss: 0.0009, Elapsed time: 0:03:23, Estimated time left: 0:13:10
2025-02-11 15:01:22,516 - INFO - Trial: 66/100, Epoch: 3/10, Val loss: 0.0006, Elapsed time: 0:05:02, Estimated time left: 0:11:30
2025-02-11 15:03:01,435 - INFO - Trial: 66/100, Epoch: 4/10, Val loss: 0.0004, Elapsed time: 0:06:41, Estimated time left: 0:09:53
2025-02-11 15:04:40,338 - INFO - Trial: 66/100, Epoch: 5/10, Val loss: 0.0003, Elapsed time: 0:08:20, Estimated time left: 0:08:14
2025-02-11 15:06:19,105 - INFO - Trial: 66/100, Epoch: 6/10, Val loss: 0.0003, Elapsed time: 0:09:58, Estimated time left: 0:06:35
2025-02-11 15:07:57,930 - INFO - Trial: 66/100, Epoch: 7/10, Val loss: 0.0003, Elapsed time: 0:11:37, Estimated time left: 0:04:56
2025-02-11 15:09:37,072 - INFO - Trial: 66/100, Epoch: 8/10, Val loss: 0.0002, Elapsed time: 0:13:16, Estimated time left: 0:03:18
2025-02-11 15:11:15,943 - INFO - Trial: 66/100, Epoch: 9/10, Val loss: 0.0003, Elapsed time: 0:14:55, Estimated time left: 0:01:38
2025-02-11 15:12:55,789 - INFO - Trial: 66/100, Epoch: 10/10, Val loss: 0.0002, Elapsed time: 0:16:35, Estimated time left: 0:00:00
2025-02-11 15:12:55,791 - INFO - Trial 65 finished with value: 0.00023609185930502813 and parameters: {'hidden_layers': 7, 'n_units_l': 486, 'lr': 0.0013074961353380188, 'batch_size': 225}. Best is trial 61 with value: 0.00011749841443753703.
2025-02-11 15:12:55,794 - INFO - Elapsed time: 170352.38 seconds
2025-02-11 15:12:55,794 - INFO - Estimated time left: 0.00 seconds
2025-02-11 15:14:28,325 - INFO - Trial: 67/100, Epoch: 1/10, Val loss: 0.0376, Elapsed time: 0:01:32, Estimated time left: 0:13:52
2025-02-11 15:15:58,107 - INFO - Trial: 67/100, Epoch: 2/10, Val loss: 0.0007, Elapsed time: 0:03:02, Estimated time left: 0:11:58
2025-02-11 15:17:27,700 - INFO - Trial: 67/100, Epoch: 3/10, Val loss: 0.0004, Elapsed time: 0:04:31, Estimated time left: 0:10:27
2025-02-11 15:18:57,620 - INFO - Trial: 67/100, Epoch: 4/10, Val loss: 0.0003, Elapsed time: 0:06:01, Estimated time left: 0:08:59
2025-02-11 15:20:27,621 - INFO - Trial: 67/100, Epoch: 5/10, Val loss: 0.0003, Elapsed time: 0:07:31, Estimated time left: 0:07:30
2025-02-11 15:21:57,595 - INFO - Trial: 67/100, Epoch: 6/10, Val loss: 0.0002, Elapsed time: 0:09:01, Estimated time left: 0:05:59
2025-02-11 15:23:27,793 - INFO - Trial: 67/100, Epoch: 7/10, Val loss: 0.0002, Elapsed time: 0:10:31, Estimated time left: 0:04:30
2025-02-11 15:24:57,794 - INFO - Trial: 67/100, Epoch: 8/10, Val loss: 0.0002, Elapsed time: 0:12:01, Estimated time left: 0:02:59
2025-02-11 15:26:27,668 - INFO - Trial: 67/100, Epoch: 9/10, Val loss: 0.0002, Elapsed time: 0:13:31, Estimated time left: 0:01:29
2025-02-11 15:27:57,619 - INFO - Trial: 67/100, Epoch: 10/10, Val loss: 0.0001, Elapsed time: 0:15:01, Estimated time left: 0:00:00
2025-02-11 15:27:57,621 - INFO - Trial 66 finished with value: 0.00014218713272318485 and parameters: {'hidden_layers': 6, 'n_units_l': 459, 'lr': 0.0002757403382755502, 'batch_size': 243}. Best is trial 61 with value: 0.00011749841443753703.
2025-02-11 15:27:57,624 - INFO - Elapsed time: 171254.21 seconds
2025-02-11 15:27:57,624 - INFO - Estimated time left: 0.00 seconds
2025-02-11 15:30:03,428 - INFO - Trial: 68/100, Epoch: 1/10, Val loss: 0.0499, Elapsed time: 0:02:05, Estimated time left: 0:18:52
2025-02-11 15:31:58,549 - INFO - Trial: 68/100, Epoch: 2/10, Val loss: 0.0014, Elapsed time: 0:04:00, Estimated time left: 0:15:20
2025-02-11 15:33:54,207 - INFO - Trial: 68/100, Epoch: 3/10, Val loss: 0.0005, Elapsed time: 0:05:56, Estimated time left: 0:13:29
2025-02-11 15:35:50,399 - INFO - Trial: 68/100, Epoch: 4/10, Val loss: 0.0003, Elapsed time: 0:07:52, Estimated time left: 0:11:37
2025-02-11 15:37:46,451 - INFO - Trial: 68/100, Epoch: 5/10, Val loss: 0.0002, Elapsed time: 0:09:48, Estimated time left: 0:09:40
2025-02-11 15:39:42,750 - INFO - Trial: 68/100, Epoch: 6/10, Val loss: 0.0002, Elapsed time: 0:11:45, Estimated time left: 0:07:45
2025-02-11 15:41:38,710 - INFO - Trial: 68/100, Epoch: 7/10, Val loss: 0.0002, Elapsed time: 0:13:41, Estimated time left: 0:05:47
2025-02-11 15:43:36,937 - INFO - Trial: 68/100, Epoch: 8/10, Val loss: 0.0002, Elapsed time: 0:15:39, Estimated time left: 0:03:56
2025-02-11 15:45:34,261 - INFO - Trial: 68/100, Epoch: 9/10, Val loss: 0.0002, Elapsed time: 0:17:36, Estimated time left: 0:01:57
2025-02-11 15:47:30,214 - INFO - Trial: 68/100, Epoch: 10/10, Val loss: 0.0001, Elapsed time: 0:19:32, Estimated time left: 0:00:00
2025-02-11 15:47:30,215 - INFO - Trial 67 finished with value: 0.00014946926880773752 and parameters: {'hidden_layers': 8, 'n_units_l': 436, 'lr': 9.102353232997291e-05, 'batch_size': 186}. Best is trial 61 with value: 0.00011749841443753703.
2025-02-11 15:47:30,218 - INFO - Elapsed time: 172426.80 seconds
2025-02-11 15:47:30,218 - INFO - Estimated time left: 0.00 seconds
2025-02-11 15:48:41,875 - INFO - Trial: 69/100, Epoch: 1/10, Val loss: 0.0044, Elapsed time: 0:01:11, Estimated time left: 0:10:44
2025-02-11 15:49:51,062 - INFO - Trial: 69/100, Epoch: 2/10, Val loss: 0.0030, Elapsed time: 0:02:20, Estimated time left: 0:09:13
2025-02-11 15:51:00,187 - INFO - Trial: 69/100, Epoch: 3/10, Val loss: 0.0029, Elapsed time: 0:03:29, Estimated time left: 0:08:03
2025-02-11 15:52:09,347 - INFO - Trial: 69/100, Epoch: 4/10, Val loss: 0.0028, Elapsed time: 0:04:39, Estimated time left: 0:06:54
2025-02-11 15:53:18,784 - INFO - Trial: 69/100, Epoch: 5/10, Val loss: 0.0028, Elapsed time: 0:05:48, Estimated time left: 0:05:47
2025-02-11 15:54:28,181 - INFO - Trial: 69/100, Epoch: 6/10, Val loss: 0.0027, Elapsed time: 0:06:57, Estimated time left: 0:04:37
2025-02-11 15:55:37,376 - INFO - Trial: 69/100, Epoch: 7/10, Val loss: 0.0028, Elapsed time: 0:08:07, Estimated time left: 0:03:27
2025-02-11 15:56:46,750 - INFO - Trial: 69/100, Epoch: 8/10, Val loss: 0.0027, Elapsed time: 0:09:16, Estimated time left: 0:02:18
2025-02-11 15:58:00,013 - INFO - Trial: 69/100, Epoch: 9/10, Val loss: 0.0027, Elapsed time: 0:10:29, Estimated time left: 0:01:13
2025-02-11 15:59:09,374 - INFO - Trial: 69/100, Epoch: 10/10, Val loss: 0.0026, Elapsed time: 0:11:39, Estimated time left: 0:00:00
2025-02-11 15:59:09,376 - INFO - Trial 68 finished with value: 0.002641101381415084 and parameters: {'hidden_layers': 1, 'n_units_l': 495, 'lr': 0.00019008774587403294, 'batch_size': 163}. Best is trial 61 with value: 0.00011749841443753703.
2025-02-11 15:59:09,379 - INFO - Elapsed time: 173125.96 seconds
2025-02-11 15:59:09,379 - INFO - Estimated time left: 0.00 seconds
2025-02-11 16:01:24,139 - INFO - Trial: 70/100, Epoch: 1/10, Val loss: 0.0388, Elapsed time: 0:02:14, Estimated time left: 0:20:12
2025-02-11 16:03:33,304 - INFO - Trial: 70/100, Epoch: 2/10, Val loss: 0.0016, Elapsed time: 0:04:23, Estimated time left: 0:17:13
2025-02-11 16:05:43,303 - INFO - Trial: 70/100, Epoch: 3/10, Val loss: 0.0008, Elapsed time: 0:06:33, Estimated time left: 0:15:09
2025-02-11 16:07:53,421 - INFO - Trial: 70/100, Epoch: 4/10, Val loss: 0.0004, Elapsed time: 0:08:44, Estimated time left: 0:13:00
2025-02-11 16:10:03,499 - INFO - Trial: 70/100, Epoch: 5/10, Val loss: 0.0003, Elapsed time: 0:10:54, Estimated time left: 0:10:50
2025-02-11 16:12:13,016 - INFO - Trial: 70/100, Epoch: 6/10, Val loss: 0.0003, Elapsed time: 0:13:03, Estimated time left: 0:08:38
2025-02-11 16:14:23,444 - INFO - Trial: 70/100, Epoch: 7/10, Val loss: 0.0002, Elapsed time: 0:15:14, Estimated time left: 0:06:31
2025-02-11 16:16:33,429 - INFO - Trial: 70/100, Epoch: 8/10, Val loss: 0.0002, Elapsed time: 0:17:24, Estimated time left: 0:04:19
2025-02-11 16:18:43,496 - INFO - Trial: 70/100, Epoch: 9/10, Val loss: 0.0002, Elapsed time: 0:19:34, Estimated time left: 0:02:10
2025-02-11 16:20:53,580 - INFO - Trial: 70/100, Epoch: 10/10, Val loss: 0.0002, Elapsed time: 0:21:44, Estimated time left: 0:00:00
2025-02-11 16:20:53,581 - INFO - Trial 69 finished with value: 0.00017393173158258775 and parameters: {'hidden_layers': 6, 'n_units_l': 475, 'lr': 3.832057142703124e-05, 'batch_size': 143}. Best is trial 61 with value: 0.00011749841443753703.
2025-02-11 16:20:53,584 - INFO - Elapsed time: 174430.17 seconds
2025-02-11 16:20:53,584 - INFO - Estimated time left: 0.00 seconds
2025-02-11 16:22:48,953 - INFO - Trial: 71/100, Epoch: 1/10, Val loss: 0.0459, Elapsed time: 0:01:55, Estimated time left: 0:17:18
2025-02-11 16:24:39,460 - INFO - Trial: 71/100, Epoch: 2/10, Val loss: 0.0009, Elapsed time: 0:03:45, Estimated time left: 0:14:44
2025-02-11 16:26:29,671 - INFO - Trial: 71/100, Epoch: 3/10, Val loss: 0.0004, Elapsed time: 0:05:36, Estimated time left: 0:12:51
2025-02-11 16:28:23,069 - INFO - Trial: 71/100, Epoch: 4/10, Val loss: 0.0003, Elapsed time: 0:07:29, Estimated time left: 0:11:20
2025-02-11 16:30:13,804 - INFO - Trial: 71/100, Epoch: 5/10, Val loss: 0.0002, Elapsed time: 0:09:20, Estimated time left: 0:09:13
2025-02-11 16:32:04,492 - INFO - Trial: 71/100, Epoch: 6/10, Val loss: 0.0002, Elapsed time: 0:11:10, Estimated time left: 0:07:22
2025-02-11 16:33:55,254 - INFO - Trial: 71/100, Epoch: 7/10, Val loss: 0.0002, Elapsed time: 0:13:01, Estimated time left: 0:05:32
2025-02-11 16:35:45,893 - INFO - Trial: 71/100, Epoch: 8/10, Val loss: 0.0002, Elapsed time: 0:14:52, Estimated time left: 0:03:41
2025-02-11 16:37:36,821 - INFO - Trial: 71/100, Epoch: 9/10, Val loss: 0.0001, Elapsed time: 0:16:43, Estimated time left: 0:01:50
2025-02-11 16:39:27,859 - INFO - Trial: 71/100, Epoch: 10/10, Val loss: 0.0001, Elapsed time: 0:18:34, Estimated time left: 0:00:00
2025-02-11 16:39:27,860 - INFO - Trial 70 finished with value: 0.00014848846946088272 and parameters: {'hidden_layers': 7, 'n_units_l': 443, 'lr': 0.00013801055303783448, 'batch_size': 187}. Best is trial 61 with value: 0.00011749841443753703.
2025-02-11 16:39:27,863 - INFO - Elapsed time: 175544.45 seconds
2025-02-11 16:39:27,864 - INFO - Estimated time left: 0.00 seconds
2025-02-11 16:41:11,619 - INFO - Trial: 72/100, Epoch: 1/10, Val loss: 0.0435, Elapsed time: 0:01:43, Estimated time left: 0:15:33
2025-02-11 16:42:51,307 - INFO - Trial: 72/100, Epoch: 2/10, Val loss: 0.0008, Elapsed time: 0:03:23, Estimated time left: 0:13:17
2025-02-11 16:44:30,932 - INFO - Trial: 72/100, Epoch: 3/10, Val loss: 0.0004, Elapsed time: 0:05:03, Estimated time left: 0:11:37
2025-02-11 16:46:10,814 - INFO - Trial: 72/100, Epoch: 4/10, Val loss: 0.0003, Elapsed time: 0:06:42, Estimated time left: 0:09:59
2025-02-11 16:47:50,733 - INFO - Trial: 72/100, Epoch: 5/10, Val loss: 0.0003, Elapsed time: 0:08:22, Estimated time left: 0:08:19
2025-02-11 16:49:30,857 - INFO - Trial: 72/100, Epoch: 6/10, Val loss: 0.0002, Elapsed time: 0:10:02, Estimated time left: 0:06:40
2025-02-11 16:51:10,944 - INFO - Trial: 72/100, Epoch: 7/10, Val loss: 0.0002, Elapsed time: 0:11:43, Estimated time left: 0:05:00
2025-02-11 16:52:51,032 - INFO - Trial: 72/100, Epoch: 8/10, Val loss: 0.0002, Elapsed time: 0:13:23, Estimated time left: 0:03:20
2025-02-11 16:54:31,204 - INFO - Trial: 72/100, Epoch: 9/10, Val loss: 0.0001, Elapsed time: 0:15:03, Estimated time left: 0:01:40
2025-02-11 16:56:11,037 - INFO - Trial: 72/100, Epoch: 10/10, Val loss: 0.0001, Elapsed time: 0:16:43, Estimated time left: 0:00:00
2025-02-11 16:56:11,039 - INFO - Trial 71 finished with value: 0.00014950000788367193 and parameters: {'hidden_layers': 6, 'n_units_l': 484, 'lr': 0.00011810223256405507, 'batch_size': 205}. Best is trial 61 with value: 0.00011749841443753703.
2025-02-11 16:56:11,042 - INFO - Elapsed time: 176547.63 seconds
2025-02-11 16:56:11,042 - INFO - Estimated time left: 0.00 seconds
2025-02-11 16:57:47,900 - INFO - Trial: 73/100, Epoch: 1/10, Val loss: 0.0362, Elapsed time: 0:01:36, Estimated time left: 0:14:31
2025-02-11 16:59:22,244 - INFO - Trial: 73/100, Epoch: 2/10, Val loss: 0.0015, Elapsed time: 0:03:11, Estimated time left: 0:12:34
2025-02-11 17:00:56,760 - INFO - Trial: 73/100, Epoch: 3/10, Val loss: 0.0006, Elapsed time: 0:04:45, Estimated time left: 0:11:01
2025-02-11 17:02:31,413 - INFO - Trial: 73/100, Epoch: 4/10, Val loss: 0.0003, Elapsed time: 0:06:20, Estimated time left: 0:09:27
2025-02-11 17:04:06,182 - INFO - Trial: 73/100, Epoch: 5/10, Val loss: 0.0003, Elapsed time: 0:07:55, Estimated time left: 0:07:53
2025-02-11 17:05:41,031 - INFO - Trial: 73/100, Epoch: 6/10, Val loss: 0.0002, Elapsed time: 0:09:29, Estimated time left: 0:06:19
2025-02-11 17:07:16,038 - INFO - Trial: 73/100, Epoch: 7/10, Val loss: 0.0002, Elapsed time: 0:11:04, Estimated time left: 0:04:45
2025-02-11 17:08:51,112 - INFO - Trial: 73/100, Epoch: 8/10, Val loss: 0.0002, Elapsed time: 0:12:40, Estimated time left: 0:03:10
2025-02-11 17:10:26,004 - INFO - Trial: 73/100, Epoch: 9/10, Val loss: 0.0002, Elapsed time: 0:14:14, Estimated time left: 0:01:34
2025-02-11 17:12:00,874 - INFO - Trial: 73/100, Epoch: 10/10, Val loss: 0.0001, Elapsed time: 0:15:49, Estimated time left: 0:00:00
2025-02-11 17:12:00,876 - INFO - Trial 72 finished with value: 0.00014020417027401448 and parameters: {'hidden_layers': 6, 'n_units_l': 471, 'lr': 6.700868186342723e-05, 'batch_size': 225}. Best is trial 61 with value: 0.00011749841443753703.
2025-02-11 17:12:00,879 - INFO - Elapsed time: 177497.46 seconds
2025-02-11 17:12:00,879 - INFO - Estimated time left: 0.00 seconds
2025-02-11 17:14:35,604 - INFO - Trial: 74/100, Epoch: 1/10, Val loss: 0.0444, Elapsed time: 0:02:34, Estimated time left: 0:23:12
2025-02-11 17:17:02,379 - INFO - Trial: 74/100, Epoch: 2/10, Val loss: 0.0009, Elapsed time: 0:05:01, Estimated time left: 0:19:34
2025-02-11 17:19:29,765 - INFO - Trial: 74/100, Epoch: 3/10, Val loss: 0.0004, Elapsed time: 0:07:28, Estimated time left: 0:17:11
2025-02-11 17:21:57,223 - INFO - Trial: 74/100, Epoch: 4/10, Val loss: 0.0003, Elapsed time: 0:09:56, Estimated time left: 0:14:44
2025-02-11 17:24:24,837 - INFO - Trial: 74/100, Epoch: 5/10, Val loss: 0.0003, Elapsed time: 0:12:23, Estimated time left: 0:12:18
2025-02-11 17:26:52,211 - INFO - Trial: 74/100, Epoch: 6/10, Val loss: 0.0002, Elapsed time: 0:14:51, Estimated time left: 0:09:49
2025-02-11 17:29:19,256 - INFO - Trial: 74/100, Epoch: 7/10, Val loss: 0.0002, Elapsed time: 0:17:18, Estimated time left: 0:07:21
2025-02-11 17:31:46,650 - INFO - Trial: 74/100, Epoch: 8/10, Val loss: 0.0002, Elapsed time: 0:19:45, Estimated time left: 0:04:54
2025-02-11 17:34:14,235 - INFO - Trial: 74/100, Epoch: 9/10, Val loss: 0.0002, Elapsed time: 0:22:13, Estimated time left: 0:02:27
2025-02-11 17:36:41,677 - INFO - Trial: 74/100, Epoch: 10/10, Val loss: 0.0002, Elapsed time: 0:24:40, Estimated time left: 0:00:00
2025-02-11 17:36:41,679 - INFO - Trial 73 finished with value: 0.00017305474669107986 and parameters: {'hidden_layers': 6, 'n_units_l': 428, 'lr': 0.00011602225014802989, 'batch_size': 118}. Best is trial 61 with value: 0.00011749841443753703.
2025-02-11 17:36:41,683 - INFO - Elapsed time: 178978.27 seconds
2025-02-11 17:36:41,683 - INFO - Estimated time left: 0.00 seconds
2025-02-11 17:38:06,412 - INFO - Trial: 75/100, Epoch: 1/10, Val loss: 0.0358, Elapsed time: 0:01:24, Estimated time left: 0:12:42
2025-02-11 17:39:27,380 - INFO - Trial: 75/100, Epoch: 2/10, Val loss: 0.0006, Elapsed time: 0:02:45, Estimated time left: 0:10:47
2025-02-11 17:40:47,972 - INFO - Trial: 75/100, Epoch: 3/10, Val loss: 0.0004, Elapsed time: 0:04:06, Estimated time left: 0:09:24
2025-02-11 17:42:08,872 - INFO - Trial: 75/100, Epoch: 4/10, Val loss: 0.0003, Elapsed time: 0:05:27, Estimated time left: 0:08:05
2025-02-11 17:43:30,706 - INFO - Trial: 75/100, Epoch: 5/10, Val loss: 0.0002, Elapsed time: 0:06:49, Estimated time left: 0:06:49
2025-02-11 17:44:53,936 - INFO - Trial: 75/100, Epoch: 6/10, Val loss: 0.0002, Elapsed time: 0:08:12, Estimated time left: 0:05:32
2025-02-11 17:46:16,706 - INFO - Trial: 75/100, Epoch: 7/10, Val loss: 0.0002, Elapsed time: 0:09:35, Estimated time left: 0:04:08
2025-02-11 17:47:39,540 - INFO - Trial: 75/100, Epoch: 8/10, Val loss: 0.0002, Elapsed time: 0:10:57, Estimated time left: 0:02:45
2025-02-11 17:49:02,950 - INFO - Trial: 75/100, Epoch: 9/10, Val loss: 0.0002, Elapsed time: 0:12:21, Estimated time left: 0:01:23
2025-02-11 17:50:26,392 - INFO - Trial: 75/100, Epoch: 10/10, Val loss: 0.0002, Elapsed time: 0:13:44, Estimated time left: 0:00:00
2025-02-11 17:50:26,394 - INFO - Trial 74 finished with value: 0.0001648595594411836 and parameters: {'hidden_layers': 5, 'n_units_l': 492, 'lr': 0.0003016289889325124, 'batch_size': 245}. Best is trial 61 with value: 0.00011749841443753703.
2025-02-11 17:50:26,397 - INFO - Elapsed time: 179802.98 seconds
2025-02-11 17:50:26,397 - INFO - Estimated time left: 0.00 seconds
2025-02-11 17:53:03,975 - INFO - Trial: 76/100, Epoch: 1/10, Val loss: 0.0394, Elapsed time: 0:02:37, Estimated time left: 0:23:37
2025-02-11 17:55:32,922 - INFO - Trial: 76/100, Epoch: 2/10, Val loss: 0.0007, Elapsed time: 0:05:06, Estimated time left: 0:19:51
2025-02-11 17:58:02,304 - INFO - Trial: 76/100, Epoch: 3/10, Val loss: 0.0004, Elapsed time: 0:07:35, Estimated time left: 0:17:25
2025-02-11 18:00:12,777 - INFO - Trial: 76/100, Epoch: 4/10, Val loss: 0.0003, Elapsed time: 0:09:46, Estimated time left: 0:13:02
2025-02-11 18:02:41,872 - INFO - Trial: 76/100, Epoch: 5/10, Val loss: 0.0003, Elapsed time: 0:12:15, Estimated time left: 0:12:25
2025-02-11 18:05:11,789 - INFO - Trial: 76/100, Epoch: 6/10, Val loss: 0.0002, Elapsed time: 0:14:45, Estimated time left: 0:09:59
2025-02-11 18:07:40,497 - INFO - Trial: 76/100, Epoch: 7/10, Val loss: 0.0002, Elapsed time: 0:17:14, Estimated time left: 0:07:26
2025-02-11 18:10:09,913 - INFO - Trial: 76/100, Epoch: 8/10, Val loss: 0.0002, Elapsed time: 0:19:43, Estimated time left: 0:04:58
2025-02-11 18:12:38,866 - INFO - Trial: 76/100, Epoch: 9/10, Val loss: 0.0002, Elapsed time: 0:22:12, Estimated time left: 0:02:28
2025-02-11 18:14:54,062 - INFO - Trial: 76/100, Epoch: 10/10, Val loss: 0.0001, Elapsed time: 0:24:27, Estimated time left: 0:00:00
2025-02-11 18:14:54,063 - INFO - Trial 75 finished with value: 0.00014031384873331877 and parameters: {'hidden_layers': 7, 'n_units_l': 508, 'lr': 0.00022437637834554625, 'batch_size': 134}. Best is trial 61 with value: 0.00011749841443753703.
2025-02-11 18:14:54,067 - INFO - Elapsed time: 181270.65 seconds
2025-02-11 18:14:54,068 - INFO - Estimated time left: 0.00 seconds
2025-02-11 18:16:28,058 - INFO - Trial: 77/100, Epoch: 1/10, Val loss: 0.0387, Elapsed time: 0:01:33, Estimated time left: 0:14:05
2025-02-11 18:17:58,484 - INFO - Trial: 77/100, Epoch: 2/10, Val loss: 0.0012, Elapsed time: 0:03:04, Estimated time left: 0:12:03
2025-02-11 18:19:27,019 - INFO - Trial: 77/100, Epoch: 3/10, Val loss: 0.0004, Elapsed time: 0:04:32, Estimated time left: 0:10:19
2025-02-11 18:20:55,735 - INFO - Trial: 77/100, Epoch: 4/10, Val loss: 0.0003, Elapsed time: 0:06:01, Estimated time left: 0:08:52
2025-02-11 18:22:24,975 - INFO - Trial: 77/100, Epoch: 5/10, Val loss: 0.0002, Elapsed time: 0:07:30, Estimated time left: 0:07:26
2025-02-11 18:23:54,984 - INFO - Trial: 77/100, Epoch: 6/10, Val loss: 0.0002, Elapsed time: 0:09:00, Estimated time left: 0:06:00
2025-02-11 18:25:23,533 - INFO - Trial: 77/100, Epoch: 7/10, Val loss: 0.0002, Elapsed time: 0:10:29, Estimated time left: 0:04:25
2025-02-11 18:26:52,064 - INFO - Trial: 77/100, Epoch: 8/10, Val loss: 0.0001, Elapsed time: 0:11:57, Estimated time left: 0:02:57
2025-02-11 18:28:21,618 - INFO - Trial: 77/100, Epoch: 9/10, Val loss: 0.0001, Elapsed time: 0:13:27, Estimated time left: 0:01:29
2025-02-11 18:29:51,106 - INFO - Trial: 77/100, Epoch: 10/10, Val loss: 0.0001, Elapsed time: 0:14:57, Estimated time left: 0:00:00
2025-02-11 18:29:51,108 - INFO - Trial 76 finished with value: 0.00013661140241998579 and parameters: {'hidden_layers': 6, 'n_units_l': 460, 'lr': 8.090159595560488e-05, 'batch_size': 170}. Best is trial 61 with value: 0.00011749841443753703.
2025-02-11 18:29:51,111 - INFO - Elapsed time: 182167.69 seconds
2025-02-11 18:29:51,111 - INFO - Estimated time left: 0.00 seconds
2025-02-11 18:33:02,836 - INFO - Trial: 78/100, Epoch: 1/10, Val loss: 0.0415, Elapsed time: 0:03:11, Estimated time left: 0:28:45
2025-02-11 18:36:08,805 - INFO - Trial: 78/100, Epoch: 2/10, Val loss: 0.0011, Elapsed time: 0:06:17, Estimated time left: 0:24:47
2025-02-11 18:39:13,572 - INFO - Trial: 78/100, Epoch: 3/10, Val loss: 0.0005, Elapsed time: 0:09:22, Estimated time left: 0:21:33
2025-02-11 18:42:20,139 - INFO - Trial: 78/100, Epoch: 4/10, Val loss: 0.0003, Elapsed time: 0:12:29, Estimated time left: 0:18:39
2025-02-11 18:45:24,397 - INFO - Trial: 78/100, Epoch: 5/10, Val loss: 0.0002, Elapsed time: 0:15:33, Estimated time left: 0:15:21
2025-02-11 18:48:30,441 - INFO - Trial: 78/100, Epoch: 6/10, Val loss: 0.0002, Elapsed time: 0:18:39, Estimated time left: 0:12:24
2025-02-11 18:51:34,274 - INFO - Trial: 78/100, Epoch: 7/10, Val loss: 0.0002, Elapsed time: 0:21:43, Estimated time left: 0:09:11
2025-02-11 18:54:40,812 - INFO - Trial: 78/100, Epoch: 8/10, Val loss: 0.0002, Elapsed time: 0:24:49, Estimated time left: 0:06:13
2025-02-11 18:57:45,948 - INFO - Trial: 78/100, Epoch: 9/10, Val loss: 0.0001, Elapsed time: 0:27:54, Estimated time left: 0:03:05
2025-02-11 19:00:50,503 - INFO - Trial: 78/100, Epoch: 10/10, Val loss: 0.0001, Elapsed time: 0:30:59, Estimated time left: 0:00:00
