2025-02-10 02:21:52,221 - INFO - Trial 12 finished with value: 0.00014838443099086186 and parameters: {'hidden_layers': 6, 'n_units_l': 501, 'lr': 0.00012068671027459733, 'batch_size': 71}. Best is trial 10 with value: 0.0001240850148350611.
2025-02-10 02:21:52,222 - INFO - Elapsed time: 37688.81 seconds
2025-02-10 02:21:52,222 - INFO - Estimated time left: 0.00 seconds
2025-02-10 02:24:08,115 - INFO - Trial: 14/100, Epoch: 1/10, Val loss: 0.0455, Elapsed time: 0:02:15, Estimated time left: 0:20:22
2025-02-10 02:26:18,362 - INFO - Trial: 14/100, Epoch: 2/10, Val loss: 0.0008, Elapsed time: 0:04:26, Estimated time left: 0:17:21
2025-02-10 02:28:29,043 - INFO - Trial: 14/100, Epoch: 3/10, Val loss: 0.0005, Elapsed time: 0:06:36, Estimated time left: 0:15:14
2025-02-10 02:30:39,392 - INFO - Trial: 14/100, Epoch: 4/10, Val loss: 0.0004, Elapsed time: 0:08:47, Estimated time left: 0:13:02
2025-02-10 02:32:51,303 - INFO - Trial: 14/100, Epoch: 5/10, Val loss: 0.0003, Elapsed time: 0:10:59, Estimated time left: 0:10:59
2025-02-10 02:35:02,175 - INFO - Trial: 14/100, Epoch: 6/10, Val loss: 0.0003, Elapsed time: 0:13:09, Estimated time left: 0:08:43
2025-02-10 02:37:12,820 - INFO - Trial: 14/100, Epoch: 7/10, Val loss: 0.0002, Elapsed time: 0:15:20, Estimated time left: 0:06:31
2025-02-10 02:39:23,612 - INFO - Trial: 14/100, Epoch: 8/10, Val loss: 0.0002, Elapsed time: 0:17:31, Estimated time left: 0:04:21
2025-02-10 02:41:34,572 - INFO - Trial: 14/100, Epoch: 9/10, Val loss: 0.0002, Elapsed time: 0:19:42, Estimated time left: 0:02:10
2025-02-10 02:43:45,462 - INFO - Trial: 14/100, Epoch: 10/10, Val loss: 0.0002, Elapsed time: 0:21:53, Estimated time left: 0:00:00
2025-02-10 02:43:45,463 - INFO - Trial 13 finished with value: 0.00019129372818725934 and parameters: {'hidden_layers': 6, 'n_units_l': 404, 'lr': 0.00017188954538535092, 'batch_size': 132}. Best is trial 10 with value: 0.0001240850148350611.
2025-02-10 02:43:45,464 - INFO - Elapsed time: 39002.05 seconds
2025-02-10 02:43:45,464 - INFO - Estimated time left: 0.00 seconds
2025-02-10 02:48:29,976 - INFO - Trial: 15/100, Epoch: 1/10, Val loss: 0.0397, Elapsed time: 0:04:44, Estimated time left: 0:42:40
2025-02-10 02:52:55,979 - INFO - Trial: 15/100, Epoch: 2/10, Val loss: 0.0008, Elapsed time: 0:09:10, Estimated time left: 0:35:28
2025-02-10 02:57:22,113 - INFO - Trial: 15/100, Epoch: 3/10, Val loss: 0.0005, Elapsed time: 0:13:36, Estimated time left: 0:31:02
2025-02-10 03:01:53,093 - INFO - Trial: 15/100, Epoch: 4/10, Val loss: 0.0003, Elapsed time: 0:18:07, Estimated time left: 0:27:05
2025-02-10 03:06:20,868 - INFO - Trial: 15/100, Epoch: 5/10, Val loss: 0.0003, Elapsed time: 0:22:35, Estimated time left: 0:22:18
2025-02-10 03:10:47,390 - INFO - Trial: 15/100, Epoch: 6/10, Val loss: 0.0003, Elapsed time: 0:27:01, Estimated time left: 0:17:46
2025-02-10 03:15:19,474 - INFO - Trial: 15/100, Epoch: 7/10, Val loss: 0.0002, Elapsed time: 0:31:33, Estimated time left: 0:13:36
2025-02-10 03:19:47,653 - INFO - Trial: 15/100, Epoch: 8/10, Val loss: 0.0002, Elapsed time: 0:36:02, Estimated time left: 0:08:56
2025-02-10 03:24:14,031 - INFO - Trial: 15/100, Epoch: 9/10, Val loss: 0.0002, Elapsed time: 0:40:28, Estimated time left: 0:04:26
2025-02-10 03:28:40,461 - INFO - Trial: 15/100, Epoch: 10/10, Val loss: 0.0002, Elapsed time: 0:44:54, Estimated time left: 0:00:00
2025-02-10 03:28:40,463 - INFO - Trial 14 finished with value: 0.00018940789703794373 and parameters: {'hidden_layers': 6, 'n_units_l': 386, 'lr': 0.00014066697413559826, 'batch_size': 57}. Best is trial 10 with value: 0.0001240850148350611.
2025-02-10 03:28:40,464 - INFO - Elapsed time: 41697.05 seconds
2025-02-10 03:28:40,464 - INFO - Estimated time left: 0.00 seconds
2025-02-10 03:30:16,057 - INFO - Trial: 16/100, Epoch: 1/10, Val loss: 0.0495, Elapsed time: 0:01:35, Estimated time left: 0:14:20
2025-02-10 03:31:43,655 - INFO - Trial: 16/100, Epoch: 2/10, Val loss: 0.0017, Elapsed time: 0:03:03, Estimated time left: 0:11:40
2025-02-10 03:33:09,423 - INFO - Trial: 16/100, Epoch: 3/10, Val loss: 0.0011, Elapsed time: 0:04:28, Estimated time left: 0:10:00
2025-02-10 03:34:35,327 - INFO - Trial: 16/100, Epoch: 4/10, Val loss: 0.0005, Elapsed time: 0:05:54, Estimated time left: 0:08:35
2025-02-10 03:36:01,424 - INFO - Trial: 16/100, Epoch: 5/10, Val loss: 0.0003, Elapsed time: 0:07:20, Estimated time left: 0:07:10
2025-02-10 03:37:26,990 - INFO - Trial: 16/100, Epoch: 6/10, Val loss: 0.0003, Elapsed time: 0:08:46, Estimated time left: 0:05:42
2025-02-10 03:38:52,394 - INFO - Trial: 16/100, Epoch: 7/10, Val loss: 0.0002, Elapsed time: 0:10:11, Estimated time left: 0:04:16
2025-02-10 03:40:17,704 - INFO - Trial: 16/100, Epoch: 8/10, Val loss: 0.0002, Elapsed time: 0:11:37, Estimated time left: 0:02:50
2025-02-10 03:41:43,181 - INFO - Trial: 16/100, Epoch: 9/10, Val loss: 0.0002, Elapsed time: 0:13:02, Estimated time left: 0:01:25
2025-02-10 03:43:08,874 - INFO - Trial: 16/100, Epoch: 10/10, Val loss: 0.0002, Elapsed time: 0:14:28, Estimated time left: 0:00:00
2025-02-10 03:43:08,875 - INFO - Trial 15 finished with value: 0.00018795654445959964 and parameters: {'hidden_layers': 7, 'n_units_l': 434, 'lr': 4.5346253760346316e-05, 'batch_size': 245}. Best is trial 10 with value: 0.0001240850148350611.
2025-02-10 03:43:08,876 - INFO - Elapsed time: 42565.46 seconds
2025-02-10 03:43:08,877 - INFO - Estimated time left: 0.00 seconds
2025-02-10 03:46:28,967 - INFO - Trial: 17/100, Epoch: 1/10, Val loss: 0.0321, Elapsed time: 0:03:20, Estimated time left: 0:30:00
2025-02-10 03:49:37,434 - INFO - Trial: 17/100, Epoch: 2/10, Val loss: 0.0018, Elapsed time: 0:06:28, Estimated time left: 0:25:07
2025-02-10 03:52:46,992 - INFO - Trial: 17/100, Epoch: 3/10, Val loss: 0.0015, Elapsed time: 0:09:38, Estimated time left: 0:22:06
2025-02-10 03:55:56,798 - INFO - Trial: 17/100, Epoch: 4/10, Val loss: 0.0012, Elapsed time: 0:12:47, Estimated time left: 0:18:58
2025-02-10 03:59:06,462 - INFO - Trial: 17/100, Epoch: 5/10, Val loss: 0.0008, Elapsed time: 0:15:57, Estimated time left: 0:15:48
2025-02-10 04:02:13,946 - INFO - Trial: 17/100, Epoch: 6/10, Val loss: 0.0006, Elapsed time: 0:19:05, Estimated time left: 0:12:29
2025-02-10 04:05:19,959 - INFO - Trial: 17/100, Epoch: 7/10, Val loss: 0.0004, Elapsed time: 0:22:11, Estimated time left: 0:09:18
2025-02-10 04:08:26,734 - INFO - Trial: 17/100, Epoch: 8/10, Val loss: 0.0003, Elapsed time: 0:25:17, Estimated time left: 0:06:13
2025-02-10 04:11:33,755 - INFO - Trial: 17/100, Epoch: 9/10, Val loss: 0.0003, Elapsed time: 0:28:24, Estimated time left: 0:03:07
2025-02-10 04:14:41,047 - INFO - Trial: 17/100, Epoch: 10/10, Val loss: 0.0002, Elapsed time: 0:31:32, Estimated time left: 0:00:00
2025-02-10 04:14:41,048 - INFO - Trial 16 finished with value: 0.00024429604034823584 and parameters: {'hidden_layers': 5, 'n_units_l': 512, 'lr': 1.3067788592573832e-05, 'batch_size': 76}. Best is trial 10 with value: 0.0001240850148350611.
2025-02-10 04:14:41,050 - INFO - Elapsed time: 44457.64 seconds
2025-02-10 04:14:41,050 - INFO - Estimated time left: 0.00 seconds
2025-02-10 04:18:48,037 - INFO - Trial: 18/100, Epoch: 1/10, Val loss: 0.0274, Elapsed time: 0:04:06, Estimated time left: 0:37:02
2025-02-10 04:22:45,589 - INFO - Trial: 18/100, Epoch: 2/10, Val loss: 0.0008, Elapsed time: 0:08:04, Estimated time left: 0:31:40
2025-02-10 04:26:45,220 - INFO - Trial: 18/100, Epoch: 3/10, Val loss: 0.0006, Elapsed time: 0:12:04, Estimated time left: 0:27:57
2025-02-10 04:30:56,651 - INFO - Trial: 18/100, Epoch: 4/10, Val loss: 0.0004, Elapsed time: 0:16:15, Estimated time left: 0:25:08
2025-02-10 04:35:16,974 - INFO - Trial: 18/100, Epoch: 5/10, Val loss: 0.0004, Elapsed time: 0:20:35, Estimated time left: 0:21:41
2025-02-10 04:39:37,437 - INFO - Trial: 18/100, Epoch: 6/10, Val loss: 0.0003, Elapsed time: 0:24:56, Estimated time left: 0:17:21
2025-02-10 04:43:58,772 - INFO - Trial: 18/100, Epoch: 7/10, Val loss: 0.0003, Elapsed time: 0:29:17, Estimated time left: 0:13:04
2025-02-10 04:48:21,251 - INFO - Trial: 18/100, Epoch: 8/10, Val loss: 0.0003, Elapsed time: 0:33:40, Estimated time left: 0:08:44
2025-02-10 04:52:39,189 - INFO - Trial: 18/100, Epoch: 9/10, Val loss: 0.0003, Elapsed time: 0:37:58, Estimated time left: 0:04:17
2025-02-10 04:56:54,417 - INFO - Trial: 18/100, Epoch: 10/10, Val loss: 0.0003, Elapsed time: 0:42:13, Estimated time left: 0:00:00
2025-02-10 04:56:54,419 - INFO - Trial 17 finished with value: 0.0002808551105265453 and parameters: {'hidden_layers': 3, 'n_units_l': 338, 'lr': 0.00028330210304381115, 'batch_size': 46}. Best is trial 10 with value: 0.0001240850148350611.
2025-02-10 04:56:54,420 - INFO - Elapsed time: 46991.00 seconds
2025-02-10 04:56:54,420 - INFO - Estimated time left: 0.00 seconds
2025-02-10 04:59:19,229 - INFO - Trial: 19/100, Epoch: 1/10, Val loss: 0.0496, Elapsed time: 0:02:24, Estimated time left: 0:21:43
2025-02-10 05:01:36,392 - INFO - Trial: 19/100, Epoch: 2/10, Val loss: 0.0017, Elapsed time: 0:04:41, Estimated time left: 0:18:17
2025-02-10 05:03:54,413 - INFO - Trial: 19/100, Epoch: 3/10, Val loss: 0.0010, Elapsed time: 0:06:59, Estimated time left: 0:16:06
2025-02-10 05:06:12,779 - INFO - Trial: 19/100, Epoch: 4/10, Val loss: 0.0007, Elapsed time: 0:09:18, Estimated time left: 0:13:50
2025-02-10 05:08:31,886 - INFO - Trial: 19/100, Epoch: 5/10, Val loss: 0.0006, Elapsed time: 0:11:37, Estimated time left: 0:11:35
2025-02-10 05:10:52,868 - INFO - Trial: 19/100, Epoch: 6/10, Val loss: 0.0004, Elapsed time: 0:13:58, Estimated time left: 0:09:23
2025-02-10 05:13:13,465 - INFO - Trial: 19/100, Epoch: 7/10, Val loss: 0.0004, Elapsed time: 0:16:19, Estimated time left: 0:07:01
2025-02-10 05:15:34,353 - INFO - Trial: 19/100, Epoch: 8/10, Val loss: 0.0003, Elapsed time: 0:18:39, Estimated time left: 0:04:41
2025-02-10 05:17:55,441 - INFO - Trial: 19/100, Epoch: 9/10, Val loss: 0.0003, Elapsed time: 0:21:01, Estimated time left: 0:02:21
2025-02-10 05:20:15,681 - INFO - Trial: 19/100, Epoch: 10/10, Val loss: 0.0003, Elapsed time: 0:23:21, Estimated time left: 0:00:00
2025-02-10 05:20:15,683 - INFO - Trial 18 finished with value: 0.0003027058164201957 and parameters: {'hidden_layers': 8, 'n_units_l': 218, 'lr': 9.678949209098973e-05, 'batch_size': 129}. Best is trial 10 with value: 0.0001240850148350611.
2025-02-10 05:20:15,684 - INFO - Elapsed time: 48392.27 seconds
2025-02-10 05:20:15,684 - INFO - Estimated time left: 0.00 seconds
2025-02-10 05:23:18,857 - INFO - Trial: 20/100, Epoch: 1/10, Val loss: 0.0413, Elapsed time: 0:03:03, Estimated time left: 0:27:28
2025-02-10 05:26:13,633 - INFO - Trial: 20/100, Epoch: 2/10, Val loss: 0.0015, Elapsed time: 0:05:57, Estimated time left: 0:23:18
2025-02-10 05:29:03,626 - INFO - Trial: 20/100, Epoch: 3/10, Val loss: 0.0006, Elapsed time: 0:08:47, Estimated time left: 0:19:49
2025-02-10 05:31:52,981 - INFO - Trial: 20/100, Epoch: 4/10, Val loss: 0.0003, Elapsed time: 0:11:37, Estimated time left: 0:16:56
2025-02-10 05:34:43,942 - INFO - Trial: 20/100, Epoch: 5/10, Val loss: 0.0003, Elapsed time: 0:14:28, Estimated time left: 0:14:14
2025-02-10 05:37:33,664 - INFO - Trial: 20/100, Epoch: 6/10, Val loss: 0.0002, Elapsed time: 0:17:17, Estimated time left: 0:11:18
2025-02-10 05:40:23,089 - INFO - Trial: 20/100, Epoch: 7/10, Val loss: 0.0002, Elapsed time: 0:20:07, Estimated time left: 0:08:28
2025-02-10 05:43:12,813 - INFO - Trial: 20/100, Epoch: 8/10, Val loss: 0.0002, Elapsed time: 0:22:57, Estimated time left: 0:05:39
2025-02-10 05:46:02,737 - INFO - Trial: 20/100, Epoch: 9/10, Val loss: 0.0002, Elapsed time: 0:25:47, Estimated time left: 0:02:49
2025-02-10 05:48:54,563 - INFO - Trial: 20/100, Epoch: 10/10, Val loss: 0.0001, Elapsed time: 0:28:38, Estimated time left: 0:00:00
2025-02-10 05:48:54,564 - INFO - Trial 19 finished with value: 0.00013579475229831794 and parameters: {'hidden_layers': 6, 'n_units_l': 363, 'lr': 5.778091564345867e-05, 'batch_size': 92}. Best is trial 10 with value: 0.0001240850148350611.
2025-02-10 05:48:54,566 - INFO - Elapsed time: 50111.15 seconds
2025-02-10 05:48:54,566 - INFO - Estimated time left: 0.00 seconds
2025-02-10 06:06:42,950 - INFO - Trial: 21/100, Epoch: 1/10, Val loss: 0.0241, Elapsed time: 0:17:48, Estimated time left: 2:40:15
2025-02-10 06:23:04,233 - INFO - Trial: 21/100, Epoch: 2/10, Val loss: 0.0006, Elapsed time: 0:34:09, Estimated time left: 2:10:50
2025-02-10 06:39:01,627 - INFO - Trial: 21/100, Epoch: 3/10, Val loss: 0.0004, Elapsed time: 0:50:07, Estimated time left: 1:51:41
2025-02-10 06:54:57,712 - INFO - Trial: 21/100, Epoch: 4/10, Val loss: 0.0004, Elapsed time: 1:06:03, Estimated time left: 1:35:36
2025-02-10 07:07:40,212 - INFO - Trial: 21/100, Epoch: 5/10, Val loss: 0.0004, Elapsed time: 1:18:45, Estimated time left: 1:03:32
2025-02-10 07:28:48,716 - INFO - Trial: 21/100, Epoch: 6/10, Val loss: 0.0002, Elapsed time: 1:39:54, Estimated time left: 1:24:34
2025-02-10 07:54:24,753 - INFO - Trial: 21/100, Epoch: 7/10, Val loss: 0.0002, Elapsed time: 2:05:30, Estimated time left: 1:16:48
2025-02-10 08:20:06,191 - INFO - Trial: 21/100, Epoch: 8/10, Val loss: 0.0002, Elapsed time: 2:31:11, Estimated time left: 0:51:22
2025-02-10 08:45:42,692 - INFO - Trial: 21/100, Epoch: 9/10, Val loss: 0.0002, Elapsed time: 2:56:48, Estimated time left: 0:25:36
2025-02-10 09:11:21,330 - INFO - Trial: 21/100, Epoch: 10/10, Val loss: 0.0002, Elapsed time: 3:22:26, Estimated time left: 0:00:00
2025-02-10 09:11:21,332 - INFO - Trial 20 finished with value: 0.00022843654193262046 and parameters: {'hidden_layers': 7, 'n_units_l': 438, 'lr': 0.00034490334293449105, 'batch_size': 16}. Best is trial 10 with value: 0.0001240850148350611.
2025-02-10 09:11:21,333 - INFO - Elapsed time: 62257.92 seconds
2025-02-10 09:11:21,333 - INFO - Estimated time left: 0.00 seconds
2025-02-10 09:15:53,104 - INFO - Trial: 22/100, Epoch: 1/10, Val loss: 0.0436, Elapsed time: 0:04:31, Estimated time left: 0:40:45
2025-02-10 09:20:10,446 - INFO - Trial: 22/100, Epoch: 2/10, Val loss: 0.0015, Elapsed time: 0:08:49, Estimated time left: 0:34:18
2025-02-10 09:24:31,519 - INFO - Trial: 22/100, Epoch: 3/10, Val loss: 0.0007, Elapsed time: 0:13:10, Estimated time left: 0:30:27
2025-02-10 09:28:50,838 - INFO - Trial: 22/100, Epoch: 4/10, Val loss: 0.0004, Elapsed time: 0:17:29, Estimated time left: 0:25:55
2025-02-10 09:33:09,805 - INFO - Trial: 22/100, Epoch: 5/10, Val loss: 0.0003, Elapsed time: 0:21:48, Estimated time left: 0:21:34
2025-02-10 09:37:31,747 - INFO - Trial: 22/100, Epoch: 6/10, Val loss: 0.0002, Elapsed time: 0:26:10, Estimated time left: 0:17:27
2025-02-10 09:41:52,405 - INFO - Trial: 22/100, Epoch: 7/10, Val loss: 0.0002, Elapsed time: 0:30:31, Estimated time left: 0:13:01
2025-02-10 09:46:12,658 - INFO - Trial: 22/100, Epoch: 8/10, Val loss: 0.0002, Elapsed time: 0:34:51, Estimated time left: 0:08:40
2025-02-10 09:50:36,144 - INFO - Trial: 22/100, Epoch: 9/10, Val loss: 0.0002, Elapsed time: 0:39:14, Estimated time left: 0:04:23
2025-02-10 09:54:57,115 - INFO - Trial: 22/100, Epoch: 10/10, Val loss: 0.0001, Elapsed time: 0:43:35, Estimated time left: 0:00:00
2025-02-10 09:54:57,117 - INFO - Trial 21 finished with value: 0.00014157054704357893 and parameters: {'hidden_layers': 6, 'n_units_l': 365, 'lr': 5.875078969685408e-05, 'batch_size': 97}. Best is trial 10 with value: 0.0001240850148350611.
2025-02-10 09:54:57,119 - INFO - Elapsed time: 64873.70 seconds
2025-02-10 09:54:57,119 - INFO - Estimated time left: 0.00 seconds
2025-02-10 10:01:02,300 - INFO - Trial: 23/100, Epoch: 1/10, Val loss: 0.0324, Elapsed time: 0:06:05, Estimated time left: 0:54:46
2025-02-10 10:06:51,235 - INFO - Trial: 23/100, Epoch: 2/10, Val loss: 0.0018, Elapsed time: 0:11:54, Estimated time left: 0:46:31
2025-02-10 10:12:41,557 - INFO - Trial: 23/100, Epoch: 3/10, Val loss: 0.0014, Elapsed time: 0:17:44, Estimated time left: 0:40:52
2025-02-10 10:17:42,012 - INFO - Trial: 23/100, Epoch: 4/10, Val loss: 0.0010, Elapsed time: 0:22:44, Estimated time left: 0:30:02
2025-02-10 10:23:35,380 - INFO - Trial: 23/100, Epoch: 5/10, Val loss: 0.0006, Elapsed time: 0:28:38, Estimated time left: 0:29:26
2025-02-10 10:29:25,892 - INFO - Trial: 23/100, Epoch: 6/10, Val loss: 0.0005, Elapsed time: 0:34:28, Estimated time left: 0:23:22
2025-02-10 10:35:13,651 - INFO - Trial: 23/100, Epoch: 7/10, Val loss: 0.0003, Elapsed time: 0:40:16, Estimated time left: 0:17:23
2025-02-10 10:40:42,150 - INFO - Trial: 23/100, Epoch: 8/10, Val loss: 0.0003, Elapsed time: 0:45:45, Estimated time left: 0:10:56
2025-02-10 10:44:47,782 - INFO - Trial: 23/100, Epoch: 9/10, Val loss: 0.0003, Elapsed time: 0:49:50, Estimated time left: 0:04:05
2025-02-10 10:48:52,989 - INFO - Trial: 23/100, Epoch: 10/10, Val loss: 0.0002, Elapsed time: 0:53:55, Estimated time left: 0:00:00
2025-02-10 10:48:52,990 - INFO - Trial 22 finished with value: 0.00021828137582601668 and parameters: {'hidden_layers': 5, 'n_units_l': 433, 'lr': 1.7443132280632058e-05, 'batch_size': 67}. Best is trial 10 with value: 0.0001240850148350611.
2025-02-10 10:48:52,991 - INFO - Elapsed time: 68109.58 seconds
2025-02-10 10:48:52,991 - INFO - Estimated time left: 0.00 seconds
2025-02-10 10:55:27,449 - INFO - Trial: 24/100, Epoch: 1/10, Val loss: 0.0402, Elapsed time: 0:06:34, Estimated time left: 0:59:09
2025-02-10 11:01:44,674 - INFO - Trial: 24/100, Epoch: 2/10, Val loss: 0.0009, Elapsed time: 0:12:51, Estimated time left: 0:50:17
2025-02-10 11:08:03,500 - INFO - Trial: 24/100, Epoch: 3/10, Val loss: 0.0004, Elapsed time: 0:19:10, Estimated time left: 0:44:11
2025-02-10 11:14:20,820 - INFO - Trial: 24/100, Epoch: 4/10, Val loss: 0.0003, Elapsed time: 0:25:27, Estimated time left: 0:37:43
2025-02-10 11:20:40,931 - INFO - Trial: 24/100, Epoch: 5/10, Val loss: 0.0002, Elapsed time: 0:31:47, Estimated time left: 0:31:40
2025-02-10 11:26:58,796 - INFO - Trial: 24/100, Epoch: 6/10, Val loss: 0.0002, Elapsed time: 0:38:05, Estimated time left: 0:25:11
2025-02-10 11:33:17,890 - INFO - Trial: 24/100, Epoch: 7/10, Val loss: 0.0002, Elapsed time: 0:44:24, Estimated time left: 0:18:57
2025-02-10 11:39:35,330 - INFO - Trial: 24/100, Epoch: 8/10, Val loss: 0.0002, Elapsed time: 0:50:42, Estimated time left: 0:12:34
2025-02-10 11:45:55,093 - INFO - Trial: 24/100, Epoch: 9/10, Val loss: 0.0002, Elapsed time: 0:57:02, Estimated time left: 0:06:19
2025-02-10 11:52:14,929 - INFO - Trial: 24/100, Epoch: 10/10, Val loss: 0.0001, Elapsed time: 1:03:21, Estimated time left: 0:00:00
2025-02-10 11:52:14,931 - INFO - Trial 23 finished with value: 0.0001366209527366258 and parameters: {'hidden_layers': 6, 'n_units_l': 386, 'lr': 7.464883438737524e-05, 'batch_size': 45}. Best is trial 10 with value: 0.0001240850148350611.
2025-02-10 11:52:14,933 - INFO - Elapsed time: 71911.52 seconds
2025-02-10 11:52:14,933 - INFO - Estimated time left: 0.00 seconds
2025-02-10 11:56:12,676 - INFO - Trial: 25/100, Epoch: 1/10, Val loss: 0.0501, Elapsed time: 0:03:57, Estimated time left: 0:35:39
2025-02-10 12:00:00,322 - INFO - Trial: 25/100, Epoch: 2/10, Val loss: 0.0019, Elapsed time: 0:07:45, Estimated time left: 0:30:21
2025-02-10 12:03:49,777 - INFO - Trial: 25/100, Epoch: 3/10, Val loss: 0.0014, Elapsed time: 0:11:34, Estimated time left: 0:26:46
2025-02-10 12:07:38,854 - INFO - Trial: 25/100, Epoch: 4/10, Val loss: 0.0008, Elapsed time: 0:15:23, Estimated time left: 0:22:54
2025-02-10 12:11:28,252 - INFO - Trial: 25/100, Epoch: 5/10, Val loss: 0.0005, Elapsed time: 0:19:13, Estimated time left: 0:19:06
2025-02-10 12:15:16,874 - INFO - Trial: 25/100, Epoch: 6/10, Val loss: 0.0003, Elapsed time: 0:23:01, Estimated time left: 0:15:14
2025-02-10 12:19:04,366 - INFO - Trial: 25/100, Epoch: 7/10, Val loss: 0.0003, Elapsed time: 0:26:49, Estimated time left: 0:11:22
2025-02-10 12:22:47,967 - INFO - Trial: 25/100, Epoch: 8/10, Val loss: 0.0003, Elapsed time: 0:30:33, Estimated time left: 0:07:27
2025-02-10 12:26:29,111 - INFO - Trial: 25/100, Epoch: 9/10, Val loss: 0.0002, Elapsed time: 0:34:14, Estimated time left: 0:03:41
2025-02-10 12:30:10,998 - INFO - Trial: 25/100, Epoch: 10/10, Val loss: 0.0002, Elapsed time: 0:37:56, Estimated time left: 0:00:00
2025-02-10 12:30:11,000 - INFO - Trial 24 finished with value: 0.00024293595270578777 and parameters: {'hidden_layers': 7, 'n_units_l': 331, 'lr': 2.689988051545952e-05, 'batch_size': 82}. Best is trial 10 with value: 0.0001240850148350611.
2025-02-10 12:30:11,001 - INFO - Elapsed time: 74187.59 seconds
2025-02-10 12:30:11,002 - INFO - Estimated time left: 0.00 seconds
2025-02-10 12:35:03,365 - INFO - Trial: 26/100, Epoch: 1/10, Val loss: 0.0137, Elapsed time: 0:04:52, Estimated time left: 0:43:51
2025-02-10 12:39:38,803 - INFO - Trial: 26/100, Epoch: 2/10, Val loss: 0.0010, Elapsed time: 0:09:27, Estimated time left: 0:36:43
2025-02-10 12:44:13,564 - INFO - Trial: 26/100, Epoch: 3/10, Val loss: 0.0006, Elapsed time: 0:14:02, Estimated time left: 0:32:03
2025-02-10 12:48:48,127 - INFO - Trial: 26/100, Epoch: 4/10, Val loss: 0.0004, Elapsed time: 0:18:37, Estimated time left: 0:27:27
2025-02-10 12:53:23,449 - INFO - Trial: 26/100, Epoch: 5/10, Val loss: 0.0004, Elapsed time: 0:23:12, Estimated time left: 0:22:56
2025-02-10 12:57:58,663 - INFO - Trial: 26/100, Epoch: 6/10, Val loss: 0.0004, Elapsed time: 0:27:47, Estimated time left: 0:18:20
2025-02-10 13:02:33,852 - INFO - Trial: 26/100, Epoch: 7/10, Val loss: 0.0003, Elapsed time: 0:32:22, Estimated time left: 0:13:45
2025-02-10 13:07:11,910 - INFO - Trial: 26/100, Epoch: 8/10, Val loss: 0.0003, Elapsed time: 0:37:00, Estimated time left: 0:09:16
2025-02-10 13:11:49,787 - INFO - Trial: 26/100, Epoch: 9/10, Val loss: 0.0002, Elapsed time: 0:41:38, Estimated time left: 0:04:37
2025-02-10 13:16:26,777 - INFO - Trial: 26/100, Epoch: 10/10, Val loss: 0.0004, Elapsed time: 0:46:15, Estimated time left: 0:00:00
