2025-02-11 23:53:38,615 - INFO - Trial 90 finished with value: 0.1351047346568377 and parameters: {'hidden_layers': 7, 'n_units_l': 381, 'lr': 0.004221690037559766, 'batch_size': 113}. Best is trial 81 with value: 0.00010849149871509452.
2025-02-11 23:53:38,619 - INFO - Elapsed time: 201595.20 seconds
2025-02-11 23:53:38,620 - INFO - Estimated time left: 0.00 seconds
2025-02-11 23:56:56,292 - INFO - Trial: 92/100, Epoch: 1/10, Val loss: 0.0445, Elapsed time: 0:03:17, Estimated time left: 0:29:38
2025-02-12 00:00:01,460 - INFO - Trial: 92/100, Epoch: 2/10, Val loss: 0.0016, Elapsed time: 0:06:22, Estimated time left: 0:24:41
2025-02-12 00:03:07,148 - INFO - Trial: 92/100, Epoch: 3/10, Val loss: 0.0005, Elapsed time: 0:09:28, Estimated time left: 0:21:39
2025-02-12 00:06:13,151 - INFO - Trial: 92/100, Epoch: 4/10, Val loss: 0.0003, Elapsed time: 0:12:34, Estimated time left: 0:18:36
2025-02-12 00:09:20,406 - INFO - Trial: 92/100, Epoch: 5/10, Val loss: 0.0002, Elapsed time: 0:15:41, Estimated time left: 0:15:36
2025-02-12 00:12:26,275 - INFO - Trial: 92/100, Epoch: 6/10, Val loss: 0.0002, Elapsed time: 0:18:47, Estimated time left: 0:12:23
2025-02-12 00:15:31,743 - INFO - Trial: 92/100, Epoch: 7/10, Val loss: 0.0002, Elapsed time: 0:21:53, Estimated time left: 0:09:16
2025-02-12 00:18:39,705 - INFO - Trial: 92/100, Epoch: 8/10, Val loss: 0.0002, Elapsed time: 0:25:01, Estimated time left: 0:06:15
2025-02-12 00:21:45,247 - INFO - Trial: 92/100, Epoch: 9/10, Val loss: 0.0002, Elapsed time: 0:28:06, Estimated time left: 0:03:05
2025-02-12 00:24:50,677 - INFO - Trial: 92/100, Epoch: 10/10, Val loss: 0.0002, Elapsed time: 0:31:12, Estimated time left: 0:00:00
2025-02-12 00:24:50,679 - INFO - Trial 91 finished with value: 0.00017819491378541377 and parameters: {'hidden_layers': 7, 'n_units_l': 423, 'lr': 4.9071590058735655e-05, 'batch_size': 101}. Best is trial 81 with value: 0.00010849149871509452.
2025-02-12 00:24:50,684 - INFO - Elapsed time: 203467.27 seconds
2025-02-12 00:24:50,684 - INFO - Estimated time left: 0.00 seconds
2025-02-12 00:27:27,313 - INFO - Trial: 93/100, Epoch: 1/10, Val loss: 0.0395, Elapsed time: 0:02:36, Estimated time left: 0:23:29
2025-02-12 00:29:58,017 - INFO - Trial: 93/100, Epoch: 2/10, Val loss: 0.0013, Elapsed time: 0:05:07, Estimated time left: 0:20:05
2025-02-12 00:32:30,368 - INFO - Trial: 93/100, Epoch: 3/10, Val loss: 0.0005, Elapsed time: 0:07:39, Estimated time left: 0:17:46
2025-02-12 00:35:01,851 - INFO - Trial: 93/100, Epoch: 4/10, Val loss: 0.0003, Elapsed time: 0:10:11, Estimated time left: 0:15:08
2025-02-12 00:37:33,419 - INFO - Trial: 93/100, Epoch: 5/10, Val loss: 0.0002, Elapsed time: 0:12:42, Estimated time left: 0:12:37
2025-02-12 00:40:04,424 - INFO - Trial: 93/100, Epoch: 6/10, Val loss: 0.0004, Elapsed time: 0:15:13, Estimated time left: 0:10:04
2025-02-12 00:42:34,781 - INFO - Trial: 93/100, Epoch: 7/10, Val loss: 0.0002, Elapsed time: 0:17:44, Estimated time left: 0:07:31
2025-02-12 00:45:05,680 - INFO - Trial: 93/100, Epoch: 8/10, Val loss: 0.0002, Elapsed time: 0:20:14, Estimated time left: 0:05:01
2025-02-12 00:47:36,837 - INFO - Trial: 93/100, Epoch: 9/10, Val loss: 0.0002, Elapsed time: 0:22:46, Estimated time left: 0:02:31
2025-02-12 00:50:08,211 - INFO - Trial: 93/100, Epoch: 10/10, Val loss: 0.0002, Elapsed time: 0:25:17, Estimated time left: 0:00:00
2025-02-12 00:50:08,213 - INFO - Trial 92 finished with value: 0.00019565107686847093 and parameters: {'hidden_layers': 7, 'n_units_l': 403, 'lr': 8.364906614770793e-05, 'batch_size': 126}. Best is trial 81 with value: 0.00010849149871509452.
2025-02-12 00:50:08,217 - INFO - Elapsed time: 204984.80 seconds
2025-02-12 00:50:08,218 - INFO - Estimated time left: 0.00 seconds
2025-02-12 00:52:50,803 - INFO - Trial: 94/100, Epoch: 1/10, Val loss: 0.0442, Elapsed time: 0:02:42, Estimated time left: 0:24:23
2025-02-12 00:55:24,203 - INFO - Trial: 94/100, Epoch: 2/10, Val loss: 0.0013, Elapsed time: 0:05:15, Estimated time left: 0:20:27
2025-02-12 00:57:58,012 - INFO - Trial: 94/100, Epoch: 3/10, Val loss: 0.0004, Elapsed time: 0:07:49, Estimated time left: 0:17:56
2025-02-12 01:00:32,175 - INFO - Trial: 94/100, Epoch: 4/10, Val loss: 0.0003, Elapsed time: 0:10:23, Estimated time left: 0:15:24
2025-02-12 01:03:06,333 - INFO - Trial: 94/100, Epoch: 5/10, Val loss: 0.0002, Elapsed time: 0:12:58, Estimated time left: 0:12:50
2025-02-12 01:05:39,746 - INFO - Trial: 94/100, Epoch: 6/10, Val loss: 0.0002, Elapsed time: 0:15:31, Estimated time left: 0:10:13
2025-02-12 01:08:14,036 - INFO - Trial: 94/100, Epoch: 7/10, Val loss: 0.0002, Elapsed time: 0:18:05, Estimated time left: 0:07:42
2025-02-12 01:10:48,366 - INFO - Trial: 94/100, Epoch: 8/10, Val loss: 0.0002, Elapsed time: 0:20:40, Estimated time left: 0:05:08
2025-02-12 01:13:22,575 - INFO - Trial: 94/100, Epoch: 9/10, Val loss: 0.0001, Elapsed time: 0:23:14, Estimated time left: 0:02:34
2025-02-12 01:15:56,782 - INFO - Trial: 94/100, Epoch: 10/10, Val loss: 0.0002, Elapsed time: 0:25:48, Estimated time left: 0:00:00
2025-02-12 01:15:56,784 - INFO - Trial 93 finished with value: 0.00015004370030887164 and parameters: {'hidden_layers': 8, 'n_units_l': 493, 'lr': 6.985752892391251e-05, 'batch_size': 139}. Best is trial 81 with value: 0.00010849149871509452.
2025-02-12 01:15:56,789 - INFO - Elapsed time: 206533.37 seconds
2025-02-12 01:15:56,790 - INFO - Estimated time left: 0.00 seconds
2025-02-12 01:18:07,360 - INFO - Trial: 95/100, Epoch: 1/10, Val loss: 0.0370, Elapsed time: 0:02:10, Estimated time left: 0:19:34
2025-02-12 01:20:12,595 - INFO - Trial: 95/100, Epoch: 2/10, Val loss: 0.0007, Elapsed time: 0:04:15, Estimated time left: 0:16:41
2025-02-12 01:22:18,140 - INFO - Trial: 95/100, Epoch: 3/10, Val loss: 0.0004, Elapsed time: 0:06:21, Estimated time left: 0:14:38
2025-02-12 01:24:23,879 - INFO - Trial: 95/100, Epoch: 4/10, Val loss: 0.0003, Elapsed time: 0:08:27, Estimated time left: 0:12:34
2025-02-12 01:26:29,749 - INFO - Trial: 95/100, Epoch: 5/10, Val loss: 0.0002, Elapsed time: 0:10:32, Estimated time left: 0:10:29
2025-02-12 01:28:35,831 - INFO - Trial: 95/100, Epoch: 6/10, Val loss: 0.0002, Elapsed time: 0:12:39, Estimated time left: 0:08:24
2025-02-12 01:30:41,689 - INFO - Trial: 95/100, Epoch: 7/10, Val loss: 0.0002, Elapsed time: 0:14:44, Estimated time left: 0:06:17
2025-02-12 01:32:47,406 - INFO - Trial: 95/100, Epoch: 8/10, Val loss: 0.0002, Elapsed time: 0:16:50, Estimated time left: 0:04:11
2025-02-12 01:34:53,100 - INFO - Trial: 95/100, Epoch: 9/10, Val loss: 0.0001, Elapsed time: 0:18:56, Estimated time left: 0:02:05
2025-02-12 01:36:58,755 - INFO - Trial: 95/100, Epoch: 10/10, Val loss: 0.0002, Elapsed time: 0:21:01, Estimated time left: 0:00:00
2025-02-12 01:36:58,757 - INFO - Trial 94 finished with value: 0.00016008785940381653 and parameters: {'hidden_layers': 6, 'n_units_l': 469, 'lr': 0.00019542544964459572, 'batch_size': 151}. Best is trial 81 with value: 0.00010849149871509452.
2025-02-12 01:36:58,761 - INFO - Elapsed time: 207795.34 seconds
2025-02-12 01:36:58,762 - INFO - Estimated time left: 0.00 seconds
2025-02-12 01:40:50,116 - INFO - Trial: 96/100, Epoch: 1/10, Val loss: 0.0385, Elapsed time: 0:03:51, Estimated time left: 0:34:41
2025-02-12 01:44:30,275 - INFO - Trial: 96/100, Epoch: 2/10, Val loss: 0.0013, Elapsed time: 0:07:31, Estimated time left: 0:29:21
2025-02-12 01:48:12,342 - INFO - Trial: 96/100, Epoch: 3/10, Val loss: 0.0004, Elapsed time: 0:11:13, Estimated time left: 0:25:54
2025-02-12 01:51:54,565 - INFO - Trial: 96/100, Epoch: 4/10, Val loss: 0.0003, Elapsed time: 0:14:55, Estimated time left: 0:22:13
2025-02-12 01:55:38,454 - INFO - Trial: 96/100, Epoch: 5/10, Val loss: 0.0002, Elapsed time: 0:18:39, Estimated time left: 0:18:39
2025-02-12 01:59:19,580 - INFO - Trial: 96/100, Epoch: 6/10, Val loss: 0.0002, Elapsed time: 0:22:20, Estimated time left: 0:14:44
2025-02-12 02:03:00,457 - INFO - Trial: 96/100, Epoch: 7/10, Val loss: 0.0002, Elapsed time: 0:26:01, Estimated time left: 0:11:02
2025-02-12 02:06:43,798 - INFO - Trial: 96/100, Epoch: 8/10, Val loss: 0.0001, Elapsed time: 0:29:45, Estimated time left: 0:07:26
2025-02-12 02:10:24,786 - INFO - Trial: 96/100, Epoch: 9/10, Val loss: 0.0002, Elapsed time: 0:33:26, Estimated time left: 0:03:40
2025-02-12 02:14:05,528 - INFO - Trial: 96/100, Epoch: 10/10, Val loss: 0.0002, Elapsed time: 0:37:06, Estimated time left: 0:00:00
2025-02-12 02:14:05,530 - INFO - Trial 95 finished with value: 0.00015093518628608025 and parameters: {'hidden_layers': 6, 'n_units_l': 458, 'lr': 4.384770013056035e-05, 'batch_size': 75}. Best is trial 81 with value: 0.00010849149871509452.
2025-02-12 02:14:05,535 - INFO - Elapsed time: 210022.12 seconds
2025-02-12 02:14:05,536 - INFO - Estimated time left: 0.00 seconds
2025-02-12 02:16:15,198 - INFO - Trial: 97/100, Epoch: 1/10, Val loss: 0.0465, Elapsed time: 0:02:09, Estimated time left: 0:19:26
2025-02-12 02:18:17,677 - INFO - Trial: 97/100, Epoch: 2/10, Val loss: 0.0012, Elapsed time: 0:04:12, Estimated time left: 0:16:19
2025-02-12 02:20:20,780 - INFO - Trial: 97/100, Epoch: 3/10, Val loss: 0.0005, Elapsed time: 0:06:15, Estimated time left: 0:14:21
2025-02-12 02:22:24,708 - INFO - Trial: 97/100, Epoch: 4/10, Val loss: 0.0003, Elapsed time: 0:08:19, Estimated time left: 0:12:23
2025-02-12 02:24:28,945 - INFO - Trial: 97/100, Epoch: 5/10, Val loss: 0.0002, Elapsed time: 0:10:23, Estimated time left: 0:10:21
2025-02-12 02:26:33,131 - INFO - Trial: 97/100, Epoch: 6/10, Val loss: 0.0002, Elapsed time: 0:12:27, Estimated time left: 0:08:16
2025-02-12 02:28:37,470 - INFO - Trial: 97/100, Epoch: 7/10, Val loss: 0.0002, Elapsed time: 0:14:31, Estimated time left: 0:06:13
2025-02-12 02:30:40,650 - INFO - Trial: 97/100, Epoch: 8/10, Val loss: 0.0002, Elapsed time: 0:16:35, Estimated time left: 0:04:06
2025-02-12 02:32:44,787 - INFO - Trial: 97/100, Epoch: 9/10, Val loss: 0.0002, Elapsed time: 0:18:39, Estimated time left: 0:02:04
2025-02-12 02:34:49,015 - INFO - Trial: 97/100, Epoch: 10/10, Val loss: 0.0001, Elapsed time: 0:20:43, Estimated time left: 0:00:00
2025-02-12 02:34:49,017 - INFO - Trial 96 finished with value: 0.00014118344362496 and parameters: {'hidden_layers': 8, 'n_units_l': 438, 'lr': 0.00010499789408782812, 'batch_size': 174}. Best is trial 81 with value: 0.00010849149871509452.
2025-02-12 02:34:49,022 - INFO - Elapsed time: 211265.60 seconds
2025-02-12 02:34:49,022 - INFO - Estimated time left: 0.00 seconds
2025-02-12 02:37:21,079 - INFO - Trial: 98/100, Epoch: 1/10, Val loss: 0.0481, Elapsed time: 0:02:32, Estimated time left: 0:22:48
2025-02-12 02:39:47,338 - INFO - Trial: 98/100, Epoch: 2/10, Val loss: 0.0017, Elapsed time: 0:04:58, Estimated time left: 0:19:30
2025-02-12 02:42:16,907 - INFO - Trial: 98/100, Epoch: 3/10, Val loss: 0.0011, Elapsed time: 0:07:27, Estimated time left: 0:17:26
2025-02-12 02:44:46,403 - INFO - Trial: 98/100, Epoch: 4/10, Val loss: 0.0008, Elapsed time: 0:09:57, Estimated time left: 0:14:56
2025-02-12 02:47:13,538 - INFO - Trial: 98/100, Epoch: 5/10, Val loss: 0.0007, Elapsed time: 0:12:24, Estimated time left: 0:12:15
2025-02-12 02:49:40,770 - INFO - Trial: 98/100, Epoch: 6/10, Val loss: 0.0006, Elapsed time: 0:14:51, Estimated time left: 0:09:48
2025-02-12 02:52:07,878 - INFO - Trial: 98/100, Epoch: 7/10, Val loss: 0.0004, Elapsed time: 0:17:18, Estimated time left: 0:07:21
2025-02-12 02:54:39,281 - INFO - Trial: 98/100, Epoch: 8/10, Val loss: 0.0004, Elapsed time: 0:19:50, Estimated time left: 0:05:02
2025-02-12 02:57:06,514 - INFO - Trial: 98/100, Epoch: 9/10, Val loss: 0.0004, Elapsed time: 0:22:17, Estimated time left: 0:02:27
2025-02-12 02:59:33,386 - INFO - Trial: 98/100, Epoch: 10/10, Val loss: 0.0004, Elapsed time: 0:24:44, Estimated time left: 0:00:00
2025-02-12 02:59:33,388 - INFO - Trial 97 finished with value: 0.00035970116051827416 and parameters: {'hidden_layers': 7, 'n_units_l': 157, 'lr': 0.00013963235658031074, 'batch_size': 114}. Best is trial 81 with value: 0.00010849149871509452.
2025-02-12 02:59:33,394 - INFO - Elapsed time: 212749.98 seconds
2025-02-12 02:59:33,395 - INFO - Estimated time left: 0.00 seconds
2025-02-12 03:01:26,658 - INFO - Trial: 99/100, Epoch: 1/10, Val loss: 0.0390, Elapsed time: 0:01:53, Estimated time left: 0:16:59
2025-02-12 03:03:15,451 - INFO - Trial: 99/100, Epoch: 2/10, Val loss: 0.0015, Elapsed time: 0:03:42, Estimated time left: 0:14:30
2025-02-12 03:05:04,831 - INFO - Trial: 99/100, Epoch: 3/10, Val loss: 0.0005, Elapsed time: 0:05:31, Estimated time left: 0:12:45
2025-02-12 03:06:53,623 - INFO - Trial: 99/100, Epoch: 4/10, Val loss: 0.0003, Elapsed time: 0:07:20, Estimated time left: 0:10:52
2025-02-12 03:08:43,554 - INFO - Trial: 99/100, Epoch: 5/10, Val loss: 0.0002, Elapsed time: 0:09:10, Estimated time left: 0:09:09
2025-02-12 03:10:33,359 - INFO - Trial: 99/100, Epoch: 6/10, Val loss: 0.0002, Elapsed time: 0:10:59, Estimated time left: 0:07:19
2025-02-12 03:12:23,462 - INFO - Trial: 99/100, Epoch: 7/10, Val loss: 0.0002, Elapsed time: 0:12:50, Estimated time left: 0:05:30
2025-02-12 03:14:13,350 - INFO - Trial: 99/100, Epoch: 8/10, Val loss: 0.0002, Elapsed time: 0:14:39, Estimated time left: 0:03:39
2025-02-12 03:16:03,197 - INFO - Trial: 99/100, Epoch: 9/10, Val loss: 0.0002, Elapsed time: 0:16:29, Estimated time left: 0:01:49
2025-02-12 03:17:53,186 - INFO - Trial: 99/100, Epoch: 10/10, Val loss: 0.0002, Elapsed time: 0:18:19, Estimated time left: 0:00:00
2025-02-12 03:17:53,188 - INFO - Trial 98 finished with value: 0.00015574850463496347 and parameters: {'hidden_layers': 6, 'n_units_l': 501, 'lr': 5.405062886339098e-05, 'batch_size': 192}. Best is trial 81 with value: 0.00010849149871509452.
2025-02-12 03:17:53,193 - INFO - Elapsed time: 213849.78 seconds
2025-02-12 03:17:53,193 - INFO - Estimated time left: 0.00 seconds
2025-02-12 03:21:16,332 - INFO - Trial: 100/100, Epoch: 1/10, Val loss: 0.0308, Elapsed time: 0:03:23, Estimated time left: 0:30:28
2025-02-12 03:24:27,871 - INFO - Trial: 100/100, Epoch: 2/10, Val loss: 0.0016, Elapsed time: 0:06:34, Estimated time left: 0:25:32
2025-02-12 03:27:40,061 - INFO - Trial: 100/100, Epoch: 3/10, Val loss: 0.0009, Elapsed time: 0:09:46, Estimated time left: 0:22:25
2025-02-12 03:30:52,226 - INFO - Trial: 100/100, Epoch: 4/10, Val loss: 0.0004, Elapsed time: 0:12:59, Estimated time left: 0:19:12
2025-02-12 03:34:05,379 - INFO - Trial: 100/100, Epoch: 5/10, Val loss: 0.0003, Elapsed time: 0:16:12, Estimated time left: 0:16:05
2025-02-12 03:37:17,639 - INFO - Trial: 100/100, Epoch: 6/10, Val loss: 0.0002, Elapsed time: 0:19:24, Estimated time left: 0:12:49
2025-02-12 03:40:29,897 - INFO - Trial: 100/100, Epoch: 7/10, Val loss: 0.0002, Elapsed time: 0:22:36, Estimated time left: 0:09:36
2025-02-12 03:43:44,742 - INFO - Trial: 100/100, Epoch: 8/10, Val loss: 0.0002, Elapsed time: 0:25:51, Estimated time left: 0:06:29
2025-02-12 03:47:07,679 - INFO - Trial: 100/100, Epoch: 9/10, Val loss: 0.0002, Elapsed time: 0:29:14, Estimated time left: 0:03:22
2025-02-12 03:50:30,905 - INFO - Trial: 100/100, Epoch: 10/10, Val loss: 0.0001, Elapsed time: 0:32:37, Estimated time left: 0:00:00
2025-02-12 03:50:30,907 - INFO - Trial 99 finished with value: 0.00014111796641312963 and parameters: {'hidden_layers': 5, 'n_units_l': 419, 'lr': 3.3338209083255536e-05, 'batch_size': 81}. Best is trial 81 with value: 0.00010849149871509452.
2025-02-12 03:50:30,912 - INFO - Elapsed time: 215807.49 seconds
2025-02-12 03:50:30,912 - INFO - Estimated time left: 0.00 seconds
2025-02-12 03:50:30,913 - INFO - Total optimization time: 215807.50 seconds
2025-02-12 03:50:30,913 - INFO - Best trial:
2025-02-12 03:50:30,913 - INFO -   Value: 0.00010849149871509452
2025-02-12 03:50:30,914 - INFO -   Params:
2025-02-12 03:50:30,914 - INFO -     hidden_layers: 6
2025-02-12 03:50:30,914 - INFO -     n_units_l: 460
2025-02-12 03:50:30,915 - INFO -     lr: 8.33288590333646e-05
2025-02-12 03:50:30,915 - INFO -     batch_size: 168
2025-02-12 03:50:30,915 - INFO - Best trial number: 81
