2025-02-10 23:38:13,037 - INFO - Trial 38 finished with value: 0.0009784989034407772 and parameters: {'hidden_layers': 2, 'n_units_l': 376, 'lr': 0.00010909826781112887, 'batch_size': 80}. Best is trial 10 with value: 0.0001240850148350611.
2025-02-10 23:38:13,039 - INFO - Elapsed time: 114269.62 seconds
2025-02-10 23:38:13,039 - INFO - Estimated time left: 0.00 seconds
2025-02-10 23:47:53,279 - INFO - Trial: 40/100, Epoch: 1/10, Val loss: 0.0214, Elapsed time: 0:09:40, Estimated time left: 1:27:01
2025-02-10 23:57:02,622 - INFO - Trial: 40/100, Epoch: 2/10, Val loss: 0.0009, Elapsed time: 0:18:49, Estimated time left: 1:13:14
2025-02-11 00:06:09,392 - INFO - Trial: 40/100, Epoch: 3/10, Val loss: 0.0007, Elapsed time: 0:27:56, Estimated time left: 1:03:47
2025-02-11 00:15:15,568 - INFO - Trial: 40/100, Epoch: 4/10, Val loss: 0.0004, Elapsed time: 0:37:02, Estimated time left: 0:54:37
2025-02-11 00:24:23,291 - INFO - Trial: 40/100, Epoch: 5/10, Val loss: 0.0004, Elapsed time: 0:46:10, Estimated time left: 0:45:38
2025-02-11 00:33:28,028 - INFO - Trial: 40/100, Epoch: 6/10, Val loss: 0.0004, Elapsed time: 0:55:14, Estimated time left: 0:36:18
2025-02-11 00:42:37,627 - INFO - Trial: 40/100, Epoch: 7/10, Val loss: 0.0005, Elapsed time: 1:04:24, Estimated time left: 0:27:28
2025-02-11 00:51:44,068 - INFO - Trial: 40/100, Epoch: 8/10, Val loss: 0.0003, Elapsed time: 1:13:31, Estimated time left: 0:18:12
2025-02-11 01:00:45,061 - INFO - Trial: 40/100, Epoch: 9/10, Val loss: 0.0003, Elapsed time: 1:22:32, Estimated time left: 0:09:00
2025-02-11 01:09:46,537 - INFO - Trial: 40/100, Epoch: 10/10, Val loss: 0.0003, Elapsed time: 1:31:33, Estimated time left: 0:00:00
2025-02-11 01:09:46,538 - INFO - Trial 39 finished with value: 0.00028870812885742065 and parameters: {'hidden_layers': 7, 'n_units_l': 316, 'lr': 0.0006947029340194851, 'batch_size': 30}. Best is trial 10 with value: 0.0001240850148350611.
2025-02-11 01:09:46,540 - INFO - Elapsed time: 119763.13 seconds
2025-02-11 01:09:46,540 - INFO - Estimated time left: 0.00 seconds
2025-02-11 01:15:35,332 - INFO - Trial: 41/100, Epoch: 1/10, Val loss: 0.0469, Elapsed time: 0:05:48, Estimated time left: 0:52:18
2025-02-11 01:21:06,882 - INFO - Trial: 41/100, Epoch: 2/10, Val loss: 0.0018, Elapsed time: 0:11:20, Estimated time left: 0:44:12
2025-02-11 01:26:38,112 - INFO - Trial: 41/100, Epoch: 3/10, Val loss: 0.0011, Elapsed time: 0:16:51, Estimated time left: 0:38:38
2025-02-11 01:32:10,220 - INFO - Trial: 41/100, Epoch: 4/10, Val loss: 0.0006, Elapsed time: 0:22:23, Estimated time left: 0:33:12
2025-02-11 01:37:41,693 - INFO - Trial: 41/100, Epoch: 5/10, Val loss: 0.0004, Elapsed time: 0:27:55, Estimated time left: 0:27:37
2025-02-11 01:43:13,667 - INFO - Trial: 41/100, Epoch: 6/10, Val loss: 0.0003, Elapsed time: 0:33:27, Estimated time left: 0:22:07
2025-02-11 01:48:45,327 - INFO - Trial: 41/100, Epoch: 7/10, Val loss: 0.0003, Elapsed time: 0:38:58, Estimated time left: 0:16:34
2025-02-11 01:54:18,018 - INFO - Trial: 41/100, Epoch: 8/10, Val loss: 0.0002, Elapsed time: 0:44:31, Estimated time left: 0:11:05
2025-02-11 01:59:50,451 - INFO - Trial: 41/100, Epoch: 9/10, Val loss: 0.0003, Elapsed time: 0:50:03, Estimated time left: 0:05:32
2025-02-11 02:05:22,074 - INFO - Trial: 41/100, Epoch: 10/10, Val loss: 0.0002, Elapsed time: 0:55:35, Estimated time left: 0:00:00
2025-02-11 02:05:22,075 - INFO - Trial 40 finished with value: 0.0002282242550219729 and parameters: {'hidden_layers': 8, 'n_units_l': 272, 'lr': 4.1593977993213635e-05, 'batch_size': 52}. Best is trial 10 with value: 0.0001240850148350611.
2025-02-11 02:05:22,077 - INFO - Elapsed time: 123098.66 seconds
2025-02-11 02:05:22,077 - INFO - Estimated time left: 0.00 seconds
2025-02-11 02:08:38,075 - INFO - Trial: 42/100, Epoch: 1/10, Val loss: 0.0420, Elapsed time: 0:03:15, Estimated time left: 0:29:23
2025-02-11 02:11:45,842 - INFO - Trial: 42/100, Epoch: 2/10, Val loss: 0.0012, Elapsed time: 0:06:23, Estimated time left: 0:25:02
2025-02-11 02:14:54,599 - INFO - Trial: 42/100, Epoch: 3/10, Val loss: 0.0006, Elapsed time: 0:09:32, Estimated time left: 0:22:01
2025-02-11 02:17:55,961 - INFO - Trial: 42/100, Epoch: 4/10, Val loss: 0.0003, Elapsed time: 0:12:33, Estimated time left: 0:18:08
2025-02-11 02:21:06,034 - INFO - Trial: 42/100, Epoch: 5/10, Val loss: 0.0003, Elapsed time: 0:15:43, Estimated time left: 0:15:50
2025-02-11 02:24:16,833 - INFO - Trial: 42/100, Epoch: 6/10, Val loss: 0.0003, Elapsed time: 0:18:54, Estimated time left: 0:12:43
2025-02-11 02:27:29,076 - INFO - Trial: 42/100, Epoch: 7/10, Val loss: 0.0002, Elapsed time: 0:22:06, Estimated time left: 0:09:36
2025-02-11 02:30:34,285 - INFO - Trial: 42/100, Epoch: 8/10, Val loss: 0.0002, Elapsed time: 0:25:12, Estimated time left: 0:06:10
2025-02-11 02:33:44,676 - INFO - Trial: 42/100, Epoch: 9/10, Val loss: 0.0002, Elapsed time: 0:28:22, Estimated time left: 0:03:10
2025-02-11 02:36:55,195 - INFO - Trial: 42/100, Epoch: 10/10, Val loss: 0.0002, Elapsed time: 0:31:33, Estimated time left: 0:00:00
2025-02-11 02:36:55,196 - INFO - Trial 41 finished with value: 0.0001702595863525811 and parameters: {'hidden_layers': 6, 'n_units_l': 367, 'lr': 7.010373634939348e-05, 'batch_size': 93}. Best is trial 10 with value: 0.0001240850148350611.
2025-02-11 02:36:55,198 - INFO - Elapsed time: 124991.78 seconds
2025-02-11 02:36:55,198 - INFO - Estimated time left: 0.00 seconds
2025-02-11 02:39:35,913 - INFO - Trial: 43/100, Epoch: 1/10, Val loss: 0.0366, Elapsed time: 0:02:40, Estimated time left: 0:24:06
2025-02-11 02:42:19,082 - INFO - Trial: 43/100, Epoch: 2/10, Val loss: 0.0014, Elapsed time: 0:05:23, Estimated time left: 0:21:45
2025-02-11 02:45:03,071 - INFO - Trial: 43/100, Epoch: 3/10, Val loss: 0.0005, Elapsed time: 0:08:07, Estimated time left: 0:19:07
2025-02-11 02:47:47,232 - INFO - Trial: 43/100, Epoch: 4/10, Val loss: 0.0003, Elapsed time: 0:10:52, Estimated time left: 0:16:24
2025-02-11 02:50:24,126 - INFO - Trial: 43/100, Epoch: 5/10, Val loss: 0.0003, Elapsed time: 0:13:28, Estimated time left: 0:13:04
2025-02-11 02:53:08,778 - INFO - Trial: 43/100, Epoch: 6/10, Val loss: 0.0002, Elapsed time: 0:16:13, Estimated time left: 0:10:58
2025-02-11 02:55:53,530 - INFO - Trial: 43/100, Epoch: 7/10, Val loss: 0.0002, Elapsed time: 0:18:58, Estimated time left: 0:08:14
2025-02-11 02:58:38,045 - INFO - Trial: 43/100, Epoch: 8/10, Val loss: 0.0001, Elapsed time: 0:21:42, Estimated time left: 0:05:29
2025-02-11 03:01:15,977 - INFO - Trial: 43/100, Epoch: 9/10, Val loss: 0.0002, Elapsed time: 0:24:20, Estimated time left: 0:02:37
2025-02-11 03:04:00,467 - INFO - Trial: 43/100, Epoch: 10/10, Val loss: 0.0001, Elapsed time: 0:27:05, Estimated time left: 0:00:00
2025-02-11 03:04:00,469 - INFO - Trial 42 finished with value: 0.00013929003544243604 and parameters: {'hidden_layers': 5, 'n_units_l': 410, 'lr': 5.733202420138993e-05, 'batch_size': 106}. Best is trial 10 with value: 0.0001240850148350611.
2025-02-11 03:04:00,470 - INFO - Elapsed time: 126617.06 seconds
2025-02-11 03:04:00,471 - INFO - Estimated time left: 0.00 seconds
2025-02-11 03:06:46,873 - INFO - Trial: 44/100, Epoch: 1/10, Val loss: 0.0324, Elapsed time: 0:02:46, Estimated time left: 0:24:57
2025-02-11 03:09:30,864 - INFO - Trial: 44/100, Epoch: 2/10, Val loss: 0.0018, Elapsed time: 0:05:30, Estimated time left: 0:21:51
2025-02-11 03:12:08,374 - INFO - Trial: 44/100, Epoch: 3/10, Val loss: 0.0013, Elapsed time: 0:08:07, Estimated time left: 0:18:22
2025-02-11 03:14:52,900 - INFO - Trial: 44/100, Epoch: 4/10, Val loss: 0.0009, Elapsed time: 0:10:52, Estimated time left: 0:16:27
2025-02-11 03:17:37,572 - INFO - Trial: 44/100, Epoch: 5/10, Val loss: 0.0006, Elapsed time: 0:13:37, Estimated time left: 0:13:43
2025-02-11 03:20:22,210 - INFO - Trial: 44/100, Epoch: 6/10, Val loss: 0.0004, Elapsed time: 0:16:21, Estimated time left: 0:10:58
2025-02-11 03:23:01,530 - INFO - Trial: 44/100, Epoch: 7/10, Val loss: 0.0003, Elapsed time: 0:19:01, Estimated time left: 0:07:57
2025-02-11 03:25:46,256 - INFO - Trial: 44/100, Epoch: 8/10, Val loss: 0.0003, Elapsed time: 0:21:45, Estimated time left: 0:05:29
2025-02-11 03:28:30,694 - INFO - Trial: 44/100, Epoch: 9/10, Val loss: 0.0002, Elapsed time: 0:24:30, Estimated time left: 0:02:44
2025-02-11 03:31:15,286 - INFO - Trial: 44/100, Epoch: 10/10, Val loss: 0.0002, Elapsed time: 0:27:14, Estimated time left: 0:00:00
2025-02-11 03:31:15,287 - INFO - Trial 43 finished with value: 0.00021205208838494992 and parameters: {'hidden_layers': 5, 'n_units_l': 415, 'lr': 2.776961338970249e-05, 'batch_size': 106}. Best is trial 10 with value: 0.0001240850148350611.
2025-02-11 03:31:15,289 - INFO - Elapsed time: 128251.87 seconds
2025-02-11 03:31:15,289 - INFO - Estimated time left: 0.00 seconds
2025-02-11 03:33:32,521 - INFO - Trial: 45/100, Epoch: 1/10, Val loss: 0.0310, Elapsed time: 0:02:17, Estimated time left: 0:20:34
2025-02-11 03:35:46,597 - INFO - Trial: 45/100, Epoch: 2/10, Val loss: 0.0006, Elapsed time: 0:04:31, Estimated time left: 0:17:52
2025-02-11 03:38:02,694 - INFO - Trial: 45/100, Epoch: 3/10, Val loss: 0.0003, Elapsed time: 0:06:47, Estimated time left: 0:15:52
2025-02-11 03:40:19,201 - INFO - Trial: 45/100, Epoch: 4/10, Val loss: 0.0003, Elapsed time: 0:09:03, Estimated time left: 0:13:39
2025-02-11 03:42:35,653 - INFO - Trial: 45/100, Epoch: 5/10, Val loss: 0.0002, Elapsed time: 0:11:20, Estimated time left: 0:11:22
2025-02-11 03:44:41,122 - INFO - Trial: 45/100, Epoch: 6/10, Val loss: 0.0003, Elapsed time: 0:13:25, Estimated time left: 0:08:21
2025-02-11 03:46:57,397 - INFO - Trial: 45/100, Epoch: 7/10, Val loss: 0.0002, Elapsed time: 0:15:42, Estimated time left: 0:06:48
2025-02-11 03:49:13,404 - INFO - Trial: 45/100, Epoch: 8/10, Val loss: 0.0003, Elapsed time: 0:17:58, Estimated time left: 0:04:32
2025-02-11 03:51:29,603 - INFO - Trial: 45/100, Epoch: 9/10, Val loss: 0.0002, Elapsed time: 0:20:14, Estimated time left: 0:02:16
2025-02-11 03:53:44,851 - INFO - Trial: 45/100, Epoch: 10/10, Val loss: 0.0002, Elapsed time: 0:22:29, Estimated time left: 0:00:00
2025-02-11 03:53:44,853 - INFO - Trial 44 finished with value: 0.00016137637507655117 and parameters: {'hidden_layers': 4, 'n_units_l': 460, 'lr': 0.0003932696931453768, 'batch_size': 121}. Best is trial 10 with value: 0.0001240850148350611.
2025-02-11 03:53:44,855 - INFO - Elapsed time: 129601.44 seconds
2025-02-11 03:53:44,855 - INFO - Estimated time left: 0.00 seconds
2025-02-11 03:57:20,659 - INFO - Trial: 46/100, Epoch: 1/10, Val loss: 0.0372, Elapsed time: 0:03:35, Estimated time left: 0:32:22
2025-02-11 04:00:44,966 - INFO - Trial: 46/100, Epoch: 2/10, Val loss: 0.0006, Elapsed time: 0:07:00, Estimated time left: 0:27:14
2025-02-11 04:04:09,465 - INFO - Trial: 46/100, Epoch: 3/10, Val loss: 0.0004, Elapsed time: 0:10:24, Estimated time left: 0:23:51
2025-02-11 04:07:34,136 - INFO - Trial: 46/100, Epoch: 4/10, Val loss: 0.0002, Elapsed time: 0:13:49, Estimated time left: 0:20:28
2025-02-11 04:10:58,278 - INFO - Trial: 46/100, Epoch: 5/10, Val loss: 0.0002, Elapsed time: 0:17:13, Estimated time left: 0:17:00
2025-02-11 04:14:22,842 - INFO - Trial: 46/100, Epoch: 6/10, Val loss: 0.0002, Elapsed time: 0:20:37, Estimated time left: 0:13:38
2025-02-11 04:17:52,287 - INFO - Trial: 46/100, Epoch: 7/10, Val loss: 0.0002, Elapsed time: 0:24:07, Estimated time left: 0:10:28
2025-02-11 04:21:18,484 - INFO - Trial: 46/100, Epoch: 8/10, Val loss: 0.0002, Elapsed time: 0:27:33, Estimated time left: 0:06:52
2025-02-11 04:24:42,601 - INFO - Trial: 46/100, Epoch: 9/10, Val loss: 0.0002, Elapsed time: 0:30:57, Estimated time left: 0:03:24
2025-02-11 04:28:06,781 - INFO - Trial: 46/100, Epoch: 10/10, Val loss: 0.0001, Elapsed time: 0:34:21, Estimated time left: 0:00:00
2025-02-11 04:28:06,783 - INFO - Trial 45 finished with value: 0.0001438159741132217 and parameters: {'hidden_layers': 5, 'n_units_l': 504, 'lr': 0.00013563401617987472, 'batch_size': 69}. Best is trial 10 with value: 0.0001240850148350611.
2025-02-11 04:28:06,785 - INFO - Elapsed time: 131663.37 seconds
2025-02-11 04:28:06,785 - INFO - Estimated time left: 0.00 seconds
2025-02-11 04:30:01,010 - INFO - Trial: 47/100, Epoch: 1/10, Val loss: 0.0456, Elapsed time: 0:01:54, Estimated time left: 0:17:07
2025-02-11 04:31:51,389 - INFO - Trial: 47/100, Epoch: 2/10, Val loss: 0.0023, Elapsed time: 0:03:44, Estimated time left: 0:14:43
2025-02-11 04:33:46,196 - INFO - Trial: 47/100, Epoch: 3/10, Val loss: 0.0020, Elapsed time: 0:05:39, Estimated time left: 0:13:23
2025-02-11 04:35:43,076 - INFO - Trial: 47/100, Epoch: 4/10, Val loss: 0.0018, Elapsed time: 0:07:36, Estimated time left: 0:11:41
2025-02-11 04:37:42,565 - INFO - Trial: 47/100, Epoch: 5/10, Val loss: 0.0016, Elapsed time: 0:09:35, Estimated time left: 0:09:57
2025-02-11 04:39:39,501 - INFO - Trial: 47/100, Epoch: 6/10, Val loss: 0.0015, Elapsed time: 0:11:32, Estimated time left: 0:07:47
2025-02-11 04:41:37,149 - INFO - Trial: 47/100, Epoch: 7/10, Val loss: 0.0014, Elapsed time: 0:13:30, Estimated time left: 0:05:52
2025-02-11 04:43:34,885 - INFO - Trial: 47/100, Epoch: 8/10, Val loss: 0.0014, Elapsed time: 0:15:28, Estimated time left: 0:03:55
2025-02-11 04:45:35,424 - INFO - Trial: 47/100, Epoch: 9/10, Val loss: 0.0013, Elapsed time: 0:17:28, Estimated time left: 0:02:00
2025-02-11 04:47:36,268 - INFO - Trial: 47/100, Epoch: 10/10, Val loss: 0.0012, Elapsed time: 0:19:29, Estimated time left: 0:00:00
2025-02-11 04:47:36,269 - INFO - Trial 46 finished with value: 0.0012028765020190896 and parameters: {'hidden_layers': 6, 'n_units_l': 292, 'lr': 1.1414485966314857e-05, 'batch_size': 149}. Best is trial 10 with value: 0.0001240850148350611.
2025-02-11 04:47:36,271 - INFO - Elapsed time: 132832.86 seconds
2025-02-11 04:47:36,271 - INFO - Estimated time left: 0.00 seconds
2025-02-11 04:56:54,359 - INFO - Trial: 48/100, Epoch: 1/10, Val loss: 0.0335, Elapsed time: 0:09:18, Estimated time left: 1:23:42
2025-02-11 05:05:39,941 - INFO - Trial: 48/100, Epoch: 2/10, Val loss: 0.0012, Elapsed time: 0:18:03, Estimated time left: 1:10:04
2025-02-11 05:14:24,604 - INFO - Trial: 48/100, Epoch: 3/10, Val loss: 0.0006, Elapsed time: 0:26:48, Estimated time left: 1:01:12
2025-02-11 05:23:08,925 - INFO - Trial: 48/100, Epoch: 4/10, Val loss: 0.0004, Elapsed time: 0:35:32, Estimated time left: 0:52:25
2025-02-11 05:31:52,681 - INFO - Trial: 48/100, Epoch: 5/10, Val loss: 0.0003, Elapsed time: 0:44:16, Estimated time left: 0:43:38
2025-02-11 05:40:35,874 - INFO - Trial: 48/100, Epoch: 6/10, Val loss: 0.0003, Elapsed time: 0:52:59, Estimated time left: 0:34:52
2025-02-11 05:49:18,977 - INFO - Trial: 48/100, Epoch: 7/10, Val loss: 0.0003, Elapsed time: 1:01:42, Estimated time left: 0:26:09
2025-02-11 05:58:02,493 - INFO - Trial: 48/100, Epoch: 8/10, Val loss: 0.0002, Elapsed time: 1:10:26, Estimated time left: 0:17:27
2025-02-11 06:06:36,920 - INFO - Trial: 48/100, Epoch: 9/10, Val loss: 0.0002, Elapsed time: 1:19:00, Estimated time left: 0:08:34
2025-02-11 06:14:56,450 - INFO - Trial: 48/100, Epoch: 10/10, Val loss: 0.0002, Elapsed time: 1:27:20, Estimated time left: 0:00:00
2025-02-11 06:14:56,452 - INFO - Trial 47 finished with value: 0.0001805138071157715 and parameters: {'hidden_layers': 4, 'n_units_l': 397, 'lr': 3.8278855442542765e-05, 'batch_size': 24}. Best is trial 10 with value: 0.0001240850148350611.
2025-02-11 06:14:56,454 - INFO - Elapsed time: 138073.04 seconds
2025-02-11 06:14:56,454 - INFO - Estimated time left: 0.00 seconds
2025-02-11 06:21:53,227 - INFO - Trial: 49/100, Epoch: 1/10, Val loss: 0.0488, Elapsed time: 0:06:56, Estimated time left: 1:02:30
2025-02-11 06:28:25,845 - INFO - Trial: 49/100, Epoch: 2/10, Val loss: 0.0019, Elapsed time: 0:13:29, Estimated time left: 0:52:20
2025-02-11 06:34:59,398 - INFO - Trial: 49/100, Epoch: 3/10, Val loss: 0.0014, Elapsed time: 0:20:02, Estimated time left: 0:45:54
2025-02-11 06:41:35,791 - INFO - Trial: 49/100, Epoch: 4/10, Val loss: 0.0009, Elapsed time: 0:26:39, Estimated time left: 0:39:38
2025-02-11 06:48:16,574 - INFO - Trial: 49/100, Epoch: 5/10, Val loss: 0.0005, Elapsed time: 0:33:20, Estimated time left: 0:33:23
2025-02-11 06:55:27,847 - INFO - Trial: 49/100, Epoch: 6/10, Val loss: 0.0004, Elapsed time: 0:40:31, Estimated time left: 0:28:45
2025-02-11 07:02:34,875 - INFO - Trial: 49/100, Epoch: 7/10, Val loss: 0.0003, Elapsed time: 0:47:38, Estimated time left: 0:21:21
2025-02-11 07:09:39,200 - INFO - Trial: 49/100, Epoch: 8/10, Val loss: 0.0003, Elapsed time: 0:54:42, Estimated time left: 0:14:08
2025-02-11 07:16:43,360 - INFO - Trial: 49/100, Epoch: 9/10, Val loss: 0.0002, Elapsed time: 1:01:46, Estimated time left: 0:07:04
2025-02-11 07:23:47,575 - INFO - Trial: 49/100, Epoch: 10/10, Val loss: 0.0002, Elapsed time: 1:08:51, Estimated time left: 0:00:00
2025-02-11 07:23:47,576 - INFO - Trial 48 finished with value: 0.00019285569033682958 and parameters: {'hidden_layers': 7, 'n_units_l': 329, 'lr': 1.855580658745703e-05, 'batch_size': 39}. Best is trial 10 with value: 0.0001240850148350611.
2025-02-11 07:23:47,578 - INFO - Elapsed time: 142204.16 seconds
2025-02-11 07:23:47,579 - INFO - Estimated time left: 0.00 seconds
2025-02-11 07:27:33,177 - INFO - Trial: 50/100, Epoch: 1/10, Val loss: 0.1353, Elapsed time: 0:03:45, Estimated time left: 0:33:50
2025-02-11 07:31:05,446 - INFO - Trial: 50/100, Epoch: 2/10, Val loss: 0.1353, Elapsed time: 0:07:17, Estimated time left: 0:28:18
2025-02-11 07:34:37,960 - INFO - Trial: 50/100, Epoch: 3/10, Val loss: 0.1357, Elapsed time: 0:10:50, Estimated time left: 0:24:47
2025-02-11 07:38:10,710 - INFO - Trial: 50/100, Epoch: 4/10, Val loss: 0.1351, Elapsed time: 0:14:23, Estimated time left: 0:21:16
2025-02-11 07:41:42,300 - INFO - Trial: 50/100, Epoch: 5/10, Val loss: 0.1355, Elapsed time: 0:17:54, Estimated time left: 0:17:37
2025-02-11 07:45:15,069 - INFO - Trial: 50/100, Epoch: 6/10, Val loss: 0.1363, Elapsed time: 0:21:27, Estimated time left: 0:14:11
2025-02-11 07:48:47,803 - INFO - Trial: 50/100, Epoch: 7/10, Val loss: 0.1351, Elapsed time: 0:25:00, Estimated time left: 0:10:38
2025-02-11 07:52:20,366 - INFO - Trial: 50/100, Epoch: 8/10, Val loss: 0.1354, Elapsed time: 0:28:32, Estimated time left: 0:07:05
2025-02-11 07:55:52,975 - INFO - Trial: 50/100, Epoch: 9/10, Val loss: 0.1355, Elapsed time: 0:32:05, Estimated time left: 0:03:32
2025-02-11 07:59:24,095 - INFO - Trial: 50/100, Epoch: 10/10, Val loss: 0.1356, Elapsed time: 0:35:36, Estimated time left: 0:00:00
2025-02-11 07:59:24,096 - INFO - Trial 49 finished with value: 0.1356344445254718 and parameters: {'hidden_layers': 6, 'n_units_l': 237, 'lr': 0.02070036048129747, 'batch_size': 75}. Best is trial 10 with value: 0.0001240850148350611.
2025-02-11 07:59:24,098 - INFO - Elapsed time: 144340.68 seconds
2025-02-11 07:59:24,098 - INFO - Estimated time left: 0.00 seconds
2025-02-11 08:00:50,485 - INFO - Trial: 51/100, Epoch: 1/10, Val loss: 0.0323, Elapsed time: 0:01:26, Estimated time left: 0:12:57
2025-02-11 08:02:12,878 - INFO - Trial: 51/100, Epoch: 2/10, Val loss: 0.0019, Elapsed time: 0:02:48, Estimated time left: 0:10:59
2025-02-11 08:03:35,503 - INFO - Trial: 51/100, Epoch: 3/10, Val loss: 0.0014, Elapsed time: 0:04:11, Estimated time left: 0:09:38
2025-02-11 08:04:59,159 - INFO - Trial: 51/100, Epoch: 4/10, Val loss: 0.0011, Elapsed time: 0:05:35, Estimated time left: 0:08:21
2025-02-11 08:06:22,752 - INFO - Trial: 51/100, Epoch: 5/10, Val loss: 0.0008, Elapsed time: 0:06:58, Estimated time left: 0:06:57
2025-02-11 08:07:46,090 - INFO - Trial: 51/100, Epoch: 6/10, Val loss: 0.0007, Elapsed time: 0:08:21, Estimated time left: 0:05:33
2025-02-11 08:09:09,254 - INFO - Trial: 51/100, Epoch: 7/10, Val loss: 0.0006, Elapsed time: 0:09:45, Estimated time left: 0:04:09
2025-02-11 08:10:32,272 - INFO - Trial: 51/100, Epoch: 8/10, Val loss: 0.0005, Elapsed time: 0:11:08, Estimated time left: 0:02:46
2025-02-11 08:11:55,399 - INFO - Trial: 51/100, Epoch: 9/10, Val loss: 0.0005, Elapsed time: 0:12:31, Estimated time left: 0:01:23
2025-02-11 08:13:19,125 - INFO - Trial: 51/100, Epoch: 10/10, Val loss: 0.0004, Elapsed time: 0:13:55, Estimated time left: 0:00:00
2025-02-11 08:13:19,126 - INFO - Trial 50 finished with value: 0.0004406549259880161 and parameters: {'hidden_layers': 5, 'n_units_l': 189, 'lr': 0.00010004515599764634, 'batch_size': 213}. Best is trial 10 with value: 0.0001240850148350611.
2025-02-11 08:13:19,128 - INFO - Elapsed time: 145175.71 seconds
2025-02-11 08:13:19,129 - INFO - Estimated time left: 0.00 seconds
2025-02-11 08:16:11,638 - INFO - Trial: 52/100, Epoch: 1/10, Val loss: 0.0422, Elapsed time: 0:02:52, Estimated time left: 0:25:52
2025-02-11 08:19:00,212 - INFO - Trial: 52/100, Epoch: 2/10, Val loss: 0.0016, Elapsed time: 0:05:41, Estimated time left: 0:22:28
2025-02-11 08:21:51,610 - INFO - Trial: 52/100, Epoch: 3/10, Val loss: 0.0005, Elapsed time: 0:08:32, Estimated time left: 0:19:59
2025-02-11 08:24:35,415 - INFO - Trial: 52/100, Epoch: 4/10, Val loss: 0.0003, Elapsed time: 0:11:16, Estimated time left: 0:16:22
2025-02-11 08:27:24,166 - INFO - Trial: 52/100, Epoch: 5/10, Val loss: 0.0002, Elapsed time: 0:14:05, Estimated time left: 0:14:03
2025-02-11 08:30:01,827 - INFO - Trial: 52/100, Epoch: 6/10, Val loss: 0.0002, Elapsed time: 0:16:42, Estimated time left: 0:10:30
2025-02-11 08:32:10,576 - INFO - Trial: 52/100, Epoch: 7/10, Val loss: 0.0002, Elapsed time: 0:18:51, Estimated time left: 0:06:26
2025-02-11 08:34:17,870 - INFO - Trial: 52/100, Epoch: 8/10, Val loss: 0.0002, Elapsed time: 0:20:58, Estimated time left: 0:04:14
2025-02-11 08:36:48,482 - INFO - Trial: 52/100, Epoch: 9/10, Val loss: 0.0002, Elapsed time: 0:23:29, Estimated time left: 0:02:30
2025-02-11 08:40:42,693 - INFO - Trial: 52/100, Epoch: 10/10, Val loss: 0.0002, Elapsed time: 0:27:23, Estimated time left: 0:00:00
