2025-02-09 15:53:36,788 - INFO - Is CUDA supported by this system?  True
2025-02-09 15:53:36,788 - INFO - Device: cuda
2025-02-09 15:53:43,414 - INFO - A new study created in memory with name: no-name-36e64977-169f-4896-8c0a-6500137169cd
2025-02-09 15:56:12,139 - INFO - Trial: 1/100, Epoch: 1/10, Val loss: 0.0234, Elapsed time: 0:02:27, Estimated time left: 0:22:06
2025-02-09 15:58:30,437 - INFO - Trial: 1/100, Epoch: 2/10, Val loss: 0.0005, Elapsed time: 0:04:45, Estimated time left: 0:18:26
2025-02-09 16:00:48,263 - INFO - Trial: 1/100, Epoch: 3/10, Val loss: 0.0004, Elapsed time: 0:07:03, Estimated time left: 0:16:04
2025-02-09 16:03:06,159 - INFO - Trial: 1/100, Epoch: 4/10, Val loss: 0.0003, Elapsed time: 0:09:21, Estimated time left: 0:13:47
2025-02-09 16:05:24,370 - INFO - Trial: 1/100, Epoch: 5/10, Val loss: 0.0003, Elapsed time: 0:11:39, Estimated time left: 0:11:31
2025-02-09 16:07:42,130 - INFO - Trial: 1/100, Epoch: 6/10, Val loss: 0.0002, Elapsed time: 0:13:57, Estimated time left: 0:09:11
2025-02-09 16:10:00,020 - INFO - Trial: 1/100, Epoch: 7/10, Val loss: 0.0002, Elapsed time: 0:16:15, Estimated time left: 0:06:53
2025-02-09 16:12:18,008 - INFO - Trial: 1/100, Epoch: 8/10, Val loss: 0.0002, Elapsed time: 0:18:33, Estimated time left: 0:04:35
2025-02-09 16:14:35,850 - INFO - Trial: 1/100, Epoch: 9/10, Val loss: 0.0002, Elapsed time: 0:20:51, Estimated time left: 0:02:17
2025-02-09 16:16:52,822 - INFO - Trial: 1/100, Epoch: 10/10, Val loss: 0.0002, Elapsed time: 0:23:08, Estimated time left: 0:00:00
2025-02-09 16:16:52,825 - INFO - Trial 0 finished with value: 0.00022177468144782338 and parameters: {'hidden_layers': 5, 'n_units_l': 481, 'lr': 0.0005054095436478412, 'batch_size': 90}. Best is trial 0 with value: 0.00022177468144782338.
2025-02-09 16:16:52,826 - INFO - Elapsed time: 1389.41 seconds
2025-02-09 16:16:52,826 - INFO - Estimated time left: 0.00 seconds
2025-02-09 16:17:48,438 - INFO - Trial: 2/100, Epoch: 1/10, Val loss: 0.0067, Elapsed time: 0:00:55, Estimated time left: 0:08:20
2025-02-09 16:18:43,753 - INFO - Trial: 2/100, Epoch: 2/10, Val loss: 0.0032, Elapsed time: 0:01:50, Estimated time left: 0:07:22
2025-02-09 16:19:37,892 - INFO - Trial: 2/100, Epoch: 3/10, Val loss: 0.0033, Elapsed time: 0:02:45, Estimated time left: 0:06:18
2025-02-09 16:20:31,403 - INFO - Trial: 2/100, Epoch: 4/10, Val loss: 0.0034, Elapsed time: 0:03:38, Estimated time left: 0:05:21
2025-02-09 16:21:25,917 - INFO - Trial: 2/100, Epoch: 5/10, Val loss: 0.0032, Elapsed time: 0:04:33, Estimated time left: 0:04:32
2025-02-09 16:22:19,678 - INFO - Trial: 2/100, Epoch: 6/10, Val loss: 0.0032, Elapsed time: 0:05:26, Estimated time left: 0:03:35
2025-02-09 16:23:13,208 - INFO - Trial: 2/100, Epoch: 7/10, Val loss: 0.0031, Elapsed time: 0:06:20, Estimated time left: 0:02:40
2025-02-09 16:24:07,766 - INFO - Trial: 2/100, Epoch: 8/10, Val loss: 0.0032, Elapsed time: 0:07:14, Estimated time left: 0:01:49
2025-02-09 16:25:01,371 - INFO - Trial: 2/100, Epoch: 9/10, Val loss: 0.0032, Elapsed time: 0:08:08, Estimated time left: 0:00:53
2025-02-09 16:25:55,802 - INFO - Trial: 2/100, Epoch: 10/10, Val loss: 0.0032, Elapsed time: 0:09:02, Estimated time left: 0:00:00
2025-02-09 16:25:55,803 - INFO - Trial 1 finished with value: 0.00315542008470727 and parameters: {'hidden_layers': 1, 'n_units_l': 217, 'lr': 0.002650547796333638, 'batch_size': 181}. Best is trial 0 with value: 0.00022177468144782338.
2025-02-09 16:25:55,804 - INFO - Elapsed time: 1932.39 seconds
2025-02-09 16:25:55,804 - INFO - Estimated time left: 0.00 seconds
2025-02-09 16:36:19,076 - INFO - Trial: 3/100, Epoch: 1/10, Val loss: 0.1357, Elapsed time: 0:10:23, Estimated time left: 1:33:29
2025-02-09 16:46:02,037 - INFO - Trial: 3/100, Epoch: 2/10, Val loss: 0.1353, Elapsed time: 0:20:06, Estimated time left: 1:17:43
2025-02-09 16:55:52,540 - INFO - Trial: 3/100, Epoch: 3/10, Val loss: 0.1351, Elapsed time: 0:29:56, Estimated time left: 1:08:53
2025-02-09 17:05:55,281 - INFO - Trial: 3/100, Epoch: 4/10, Val loss: 0.1354, Elapsed time: 0:39:59, Estimated time left: 1:00:16
2025-02-09 17:16:33,968 - INFO - Trial: 3/100, Epoch: 5/10, Val loss: 0.1354, Elapsed time: 0:50:38, Estimated time left: 0:53:13
2025-02-09 17:27:11,590 - INFO - Trial: 3/100, Epoch: 6/10, Val loss: 0.1351, Elapsed time: 1:01:15, Estimated time left: 0:42:30
2025-02-09 17:38:13,274 - INFO - Trial: 3/100, Epoch: 7/10, Val loss: 0.1352, Elapsed time: 1:12:17, Estimated time left: 0:33:05
2025-02-09 17:49:10,572 - INFO - Trial: 3/100, Epoch: 8/10, Val loss: 0.1358, Elapsed time: 1:23:14, Estimated time left: 0:21:54
2025-02-09 18:00:10,974 - INFO - Trial: 3/100, Epoch: 9/10, Val loss: 0.1352, Elapsed time: 1:34:15, Estimated time left: 0:11:00
2025-02-09 18:11:08,837 - INFO - Trial: 3/100, Epoch: 10/10, Val loss: 0.1358, Elapsed time: 1:45:13, Estimated time left: 0:00:00
2025-02-09 18:11:08,839 - INFO - Trial 2 finished with value: 0.1357734040493683 and parameters: {'hidden_layers': 8, 'n_units_l': 153, 'lr': 0.009630519275664898, 'batch_size': 21}. Best is trial 0 with value: 0.00022177468144782338.
2025-02-09 18:11:08,840 - INFO - Elapsed time: 8245.43 seconds
2025-02-09 18:11:08,840 - INFO - Estimated time left: 0.00 seconds
2025-02-09 18:16:20,312 - INFO - Trial: 4/100, Epoch: 1/10, Val loss: 0.0179, Elapsed time: 0:05:11, Estimated time left: 0:46:43
2025-02-09 18:21:13,486 - INFO - Trial: 4/100, Epoch: 2/10, Val loss: 0.0012, Elapsed time: 0:10:04, Estimated time left: 0:39:05
2025-02-09 18:29:05,947 - INFO - Trial: 4/100, Epoch: 3/10, Val loss: 0.0008, Elapsed time: 0:17:57, Estimated time left: 0:55:07
2025-02-09 18:37:48,359 - INFO - Trial: 4/100, Epoch: 4/10, Val loss: 0.0007, Elapsed time: 0:26:39, Estimated time left: 0:52:14
2025-02-09 18:46:24,491 - INFO - Trial: 4/100, Epoch: 5/10, Val loss: 0.0006, Elapsed time: 0:35:15, Estimated time left: 0:43:00
2025-02-09 18:55:03,757 - INFO - Trial: 4/100, Epoch: 6/10, Val loss: 0.0007, Elapsed time: 0:43:54, Estimated time left: 0:34:37
2025-02-09 19:03:23,269 - INFO - Trial: 4/100, Epoch: 7/10, Val loss: 0.0007, Elapsed time: 0:52:14, Estimated time left: 0:24:58
2025-02-09 19:11:27,766 - INFO - Trial: 4/100, Epoch: 8/10, Val loss: 0.0007, Elapsed time: 1:00:18, Estimated time left: 0:16:08
2025-02-09 19:19:19,393 - INFO - Trial: 4/100, Epoch: 9/10, Val loss: 0.0006, Elapsed time: 1:08:10, Estimated time left: 0:07:51
2025-02-09 19:25:02,394 - INFO - Trial: 4/100, Epoch: 10/10, Val loss: 0.0006, Elapsed time: 1:13:53, Estimated time left: 0:00:00
2025-02-09 19:25:02,396 - INFO - Trial 3 finished with value: 0.0006127743752936742 and parameters: {'hidden_layers': 3, 'n_units_l': 276, 'lr': 0.0013995062635095003, 'batch_size': 34}. Best is trial 0 with value: 0.00022177468144782338.
2025-02-09 19:25:02,397 - INFO - Elapsed time: 12678.98 seconds
2025-02-09 19:25:02,397 - INFO - Estimated time left: 0.00 seconds
2025-02-09 19:31:29,032 - INFO - Trial: 5/100, Epoch: 1/10, Val loss: 0.0372, Elapsed time: 0:06:26, Estimated time left: 0:57:59
2025-02-09 19:36:56,401 - INFO - Trial: 5/100, Epoch: 2/10, Val loss: 0.0021, Elapsed time: 0:11:54, Estimated time left: 0:43:38
2025-02-09 19:42:29,540 - INFO - Trial: 5/100, Epoch: 3/10, Val loss: 0.0017, Elapsed time: 0:17:27, Estimated time left: 0:38:51
2025-02-09 19:48:04,942 - INFO - Trial: 5/100, Epoch: 4/10, Val loss: 0.0013, Elapsed time: 0:23:02, Estimated time left: 0:33:32
2025-02-09 19:53:51,370 - INFO - Trial: 5/100, Epoch: 5/10, Val loss: 0.0010, Elapsed time: 0:28:48, Estimated time left: 0:28:52
2025-02-09 19:59:36,984 - INFO - Trial: 5/100, Epoch: 6/10, Val loss: 0.0008, Elapsed time: 0:34:34, Estimated time left: 0:23:02
2025-02-09 20:05:23,954 - INFO - Trial: 5/100, Epoch: 7/10, Val loss: 0.0006, Elapsed time: 0:40:21, Estimated time left: 0:17:20
2025-02-09 20:11:07,731 - INFO - Trial: 5/100, Epoch: 8/10, Val loss: 0.0006, Elapsed time: 0:46:05, Estimated time left: 0:11:27
2025-02-09 20:16:54,449 - INFO - Trial: 5/100, Epoch: 9/10, Val loss: 0.0005, Elapsed time: 0:51:52, Estimated time left: 0:05:46
2025-02-09 20:22:38,643 - INFO - Trial: 5/100, Epoch: 10/10, Val loss: 0.0005, Elapsed time: 0:57:36, Estimated time left: 0:00:00
2025-02-09 20:22:38,645 - INFO - Trial 4 finished with value: 0.0005239462052006238 and parameters: {'hidden_layers': 7, 'n_units_l': 148, 'lr': 3.9736047355175655e-05, 'batch_size': 39}. Best is trial 0 with value: 0.00022177468144782338.
2025-02-09 20:22:38,645 - INFO - Elapsed time: 16135.23 seconds
2025-02-09 20:22:38,646 - INFO - Estimated time left: 0.00 seconds
2025-02-09 20:25:29,455 - INFO - Trial: 6/100, Epoch: 1/10, Val loss: 0.1351, Elapsed time: 0:02:50, Estimated time left: 0:25:37
2025-02-09 20:28:02,855 - INFO - Trial: 6/100, Epoch: 2/10, Val loss: 0.1356, Elapsed time: 0:05:24, Estimated time left: 0:20:27
2025-02-09 20:30:36,196 - INFO - Trial: 6/100, Epoch: 3/10, Val loss: 0.1351, Elapsed time: 0:07:57, Estimated time left: 0:17:53
2025-02-09 20:33:09,539 - INFO - Trial: 6/100, Epoch: 4/10, Val loss: 0.1352, Elapsed time: 0:10:30, Estimated time left: 0:15:20
2025-02-09 20:35:47,210 - INFO - Trial: 6/100, Epoch: 5/10, Val loss: 0.1351, Elapsed time: 0:13:08, Estimated time left: 0:13:08
2025-02-09 20:38:20,705 - INFO - Trial: 6/100, Epoch: 6/10, Val loss: 0.1351, Elapsed time: 0:15:42, Estimated time left: 0:10:13
2025-02-09 20:40:54,061 - INFO - Trial: 6/100, Epoch: 7/10, Val loss: 0.1352, Elapsed time: 0:18:15, Estimated time left: 0:07:40
2025-02-09 20:43:27,318 - INFO - Trial: 6/100, Epoch: 8/10, Val loss: 0.1351, Elapsed time: 0:20:48, Estimated time left: 0:05:06
2025-02-09 20:46:00,655 - INFO - Trial: 6/100, Epoch: 9/10, Val loss: 0.1351, Elapsed time: 0:23:21, Estimated time left: 0:02:33
2025-02-09 20:48:38,256 - INFO - Trial: 6/100, Epoch: 10/10, Val loss: 0.1351, Elapsed time: 0:25:59, Estimated time left: 0:00:00
2025-02-09 20:48:38,258 - INFO - Trial 5 finished with value: 0.1350875452772224 and parameters: {'hidden_layers': 8, 'n_units_l': 301, 'lr': 0.004310644128149074, 'batch_size': 110}. Best is trial 0 with value: 0.00022177468144782338.
2025-02-09 20:48:38,259 - INFO - Elapsed time: 17694.84 seconds
2025-02-09 20:48:38,259 - INFO - Estimated time left: 0.00 seconds
2025-02-09 20:54:49,138 - INFO - Trial: 7/100, Epoch: 1/10, Val loss: 0.0867, Elapsed time: 0:06:10, Estimated time left: 0:55:37
2025-02-09 21:02:12,445 - INFO - Trial: 7/100, Epoch: 2/10, Val loss: 0.0516, Elapsed time: 0:13:34, Estimated time left: 0:59:06
2025-02-09 21:06:46,799 - INFO - Trial: 7/100, Epoch: 3/10, Val loss: 0.0495, Elapsed time: 0:18:08, Estimated time left: 0:32:00
2025-02-09 21:10:25,295 - INFO - Trial: 7/100, Epoch: 4/10, Val loss: 0.0516, Elapsed time: 0:21:47, Estimated time left: 0:21:50
2025-02-09 21:14:06,126 - INFO - Trial: 7/100, Epoch: 5/10, Val loss: 0.0505, Elapsed time: 0:25:27, Estimated time left: 0:18:24
2025-02-09 21:17:43,553 - INFO - Trial: 7/100, Epoch: 6/10, Val loss: 0.0573, Elapsed time: 0:29:05, Estimated time left: 0:14:29
2025-02-09 21:21:20,771 - INFO - Trial: 7/100, Epoch: 7/10, Val loss: 0.0498, Elapsed time: 0:32:42, Estimated time left: 0:10:51
2025-02-09 21:25:01,388 - INFO - Trial: 7/100, Epoch: 8/10, Val loss: 0.0496, Elapsed time: 0:36:23, Estimated time left: 0:07:21
2025-02-09 21:28:38,733 - INFO - Trial: 7/100, Epoch: 9/10, Val loss: 0.0495, Elapsed time: 0:40:00, Estimated time left: 0:03:37
2025-02-09 21:32:18,409 - INFO - Trial: 7/100, Epoch: 10/10, Val loss: 0.0495, Elapsed time: 0:43:40, Estimated time left: 0:00:00
2025-02-09 21:32:18,411 - INFO - Trial 6 finished with value: 0.04954935820637907 and parameters: {'hidden_layers': 1, 'n_units_l': 302, 'lr': 0.037377702998970405, 'batch_size': 28}. Best is trial 0 with value: 0.00022177468144782338.
2025-02-09 21:32:18,412 - INFO - Elapsed time: 20315.00 seconds
2025-02-09 21:32:18,412 - INFO - Estimated time left: 0.00 seconds
2025-02-09 21:37:32,765 - INFO - Trial: 8/100, Epoch: 1/10, Val loss: 0.0218, Elapsed time: 0:05:14, Estimated time left: 0:47:09
2025-02-09 21:42:25,291 - INFO - Trial: 8/100, Epoch: 2/10, Val loss: 0.0020, Elapsed time: 0:10:06, Estimated time left: 0:39:00
2025-02-09 21:47:04,165 - INFO - Trial: 8/100, Epoch: 3/10, Val loss: 0.0018, Elapsed time: 0:14:45, Estimated time left: 0:32:32
2025-02-09 21:51:42,896 - INFO - Trial: 8/100, Epoch: 4/10, Val loss: 0.0016, Elapsed time: 0:19:24, Estimated time left: 0:27:52
2025-02-09 21:56:21,965 - INFO - Trial: 8/100, Epoch: 5/10, Val loss: 0.0014, Elapsed time: 0:24:03, Estimated time left: 0:23:15
2025-02-09 22:01:00,131 - INFO - Trial: 8/100, Epoch: 6/10, Val loss: 0.0013, Elapsed time: 0:28:41, Estimated time left: 0:18:32
2025-02-09 22:05:37,797 - INFO - Trial: 8/100, Epoch: 7/10, Val loss: 0.0011, Elapsed time: 0:33:19, Estimated time left: 0:13:52
2025-02-09 22:10:12,438 - INFO - Trial: 8/100, Epoch: 8/10, Val loss: 0.0008, Elapsed time: 0:37:54, Estimated time left: 0:09:09
2025-02-09 22:14:40,753 - INFO - Trial: 8/100, Epoch: 9/10, Val loss: 0.0006, Elapsed time: 0:42:22, Estimated time left: 0:04:28
2025-02-09 22:19:05,863 - INFO - Trial: 8/100, Epoch: 10/10, Val loss: 0.0005, Elapsed time: 0:46:47, Estimated time left: 0:00:00
2025-02-09 22:19:05,864 - INFO - Trial 7 finished with value: 0.0004976207624429436 and parameters: {'hidden_layers': 4, 'n_units_l': 343, 'lr': 1.0033833155897118e-05, 'batch_size': 33}. Best is trial 0 with value: 0.00022177468144782338.
2025-02-09 22:19:05,865 - INFO - Elapsed time: 23122.45 seconds
2025-02-09 22:19:05,865 - INFO - Estimated time left: 0.00 seconds
2025-02-09 22:26:08,540 - INFO - Trial: 9/100, Epoch: 1/10, Val loss: 0.0261, Elapsed time: 0:07:02, Estimated time left: 1:03:24
2025-02-09 22:32:49,411 - INFO - Trial: 9/100, Epoch: 2/10, Val loss: 0.0010, Elapsed time: 0:13:43, Estimated time left: 0:53:26
2025-02-09 22:39:32,569 - INFO - Trial: 9/100, Epoch: 3/10, Val loss: 0.0007, Elapsed time: 0:20:26, Estimated time left: 0:47:02
2025-02-09 22:46:19,759 - INFO - Trial: 9/100, Epoch: 4/10, Val loss: 0.0006, Elapsed time: 0:27:13, Estimated time left: 0:40:43
2025-02-09 22:53:05,810 - INFO - Trial: 9/100, Epoch: 5/10, Val loss: 0.0005, Elapsed time: 0:33:59, Estimated time left: 0:33:50
2025-02-09 22:59:49,641 - INFO - Trial: 9/100, Epoch: 6/10, Val loss: 0.0005, Elapsed time: 0:40:43, Estimated time left: 0:26:55
2025-02-09 23:06:33,043 - INFO - Trial: 9/100, Epoch: 7/10, Val loss: 0.0005, Elapsed time: 0:47:27, Estimated time left: 0:20:10
2025-02-09 23:13:28,124 - INFO - Trial: 9/100, Epoch: 8/10, Val loss: 0.0005, Elapsed time: 0:54:22, Estimated time left: 0:13:50
2025-02-09 23:20:22,809 - INFO - Trial: 9/100, Epoch: 9/10, Val loss: 0.0004, Elapsed time: 1:01:16, Estimated time left: 0:06:54
2025-02-09 23:27:18,287 - INFO - Trial: 9/100, Epoch: 10/10, Val loss: 0.0005, Elapsed time: 1:08:12, Estimated time left: 0:00:00
2025-02-09 23:27:18,289 - INFO - Trial 8 finished with value: 0.00045716262530605476 and parameters: {'hidden_layers': 4, 'n_units_l': 215, 'lr': 0.0005852619296910251, 'batch_size': 21}. Best is trial 0 with value: 0.00022177468144782338.
2025-02-09 23:27:18,290 - INFO - Elapsed time: 27214.88 seconds
2025-02-09 23:27:18,290 - INFO - Estimated time left: 0.00 seconds
2025-02-09 23:31:33,249 - INFO - Trial: 10/100, Epoch: 1/10, Val loss: 0.0488, Elapsed time: 0:04:14, Estimated time left: 0:38:14
2025-02-09 23:35:28,796 - INFO - Trial: 10/100, Epoch: 2/10, Val loss: 0.0019, Elapsed time: 0:08:10, Estimated time left: 0:31:24
2025-02-09 23:39:24,787 - INFO - Trial: 10/100, Epoch: 3/10, Val loss: 0.0013, Elapsed time: 0:12:06, Estimated time left: 0:27:31
2025-02-09 23:43:20,849 - INFO - Trial: 10/100, Epoch: 4/10, Val loss: 0.0007, Elapsed time: 0:16:02, Estimated time left: 0:23:36
2025-02-09 23:48:17,380 - INFO - Trial: 10/100, Epoch: 5/10, Val loss: 0.0004, Elapsed time: 0:20:59, Estimated time left: 0:24:42
2025-02-09 23:53:25,318 - INFO - Trial: 10/100, Epoch: 6/10, Val loss: 0.0003, Elapsed time: 0:26:07, Estimated time left: 0:20:31
2025-02-09 23:58:53,489 - INFO - Trial: 10/100, Epoch: 7/10, Val loss: 0.0003, Elapsed time: 0:31:35, Estimated time left: 0:16:24
2025-02-10 00:04:22,881 - INFO - Trial: 10/100, Epoch: 8/10, Val loss: 0.0002, Elapsed time: 0:37:04, Estimated time left: 0:10:58
2025-02-10 00:09:52,814 - INFO - Trial: 10/100, Epoch: 9/10, Val loss: 0.0002, Elapsed time: 0:42:34, Estimated time left: 0:05:29
2025-02-10 00:15:17,278 - INFO - Trial: 10/100, Epoch: 10/10, Val loss: 0.0002, Elapsed time: 0:47:58, Estimated time left: 0:00:00
2025-02-10 00:15:17,280 - INFO - Trial 9 finished with value: 0.0001963426108185563 and parameters: {'hidden_layers': 7, 'n_units_l': 271, 'lr': 2.8336700972254757e-05, 'batch_size': 52}. Best is trial 9 with value: 0.0001963426108185563.
2025-02-10 00:15:17,280 - INFO - Elapsed time: 30093.87 seconds
2025-02-10 00:15:17,280 - INFO - Estimated time left: 0.00 seconds
2025-02-10 00:19:41,906 - INFO - Trial: 11/100, Epoch: 1/10, Val loss: 0.0412, Elapsed time: 0:04:24, Estimated time left: 0:39:41
2025-02-10 00:23:54,058 - INFO - Trial: 11/100, Epoch: 2/10, Val loss: 0.0008, Elapsed time: 0:08:36, Estimated time left: 0:33:37
2025-02-10 00:28:06,169 - INFO - Trial: 11/100, Epoch: 3/10, Val loss: 0.0004, Elapsed time: 0:12:48, Estimated time left: 0:29:24
2025-02-10 00:32:19,430 - INFO - Trial: 11/100, Epoch: 4/10, Val loss: 0.0003, Elapsed time: 0:17:02, Estimated time left: 0:25:19
2025-02-10 00:36:24,395 - INFO - Trial: 11/100, Epoch: 5/10, Val loss: 0.0002, Elapsed time: 0:21:07, Estimated time left: 0:20:24
2025-02-10 00:40:28,752 - INFO - Trial: 11/100, Epoch: 6/10, Val loss: 0.0002, Elapsed time: 0:25:11, Estimated time left: 0:16:17
2025-02-10 00:44:32,684 - INFO - Trial: 11/100, Epoch: 7/10, Val loss: 0.0002, Elapsed time: 0:29:15, Estimated time left: 0:12:11
2025-02-10 00:48:37,244 - INFO - Trial: 11/100, Epoch: 8/10, Val loss: 0.0001, Elapsed time: 0:33:19, Estimated time left: 0:08:09
2025-02-10 00:52:41,472 - INFO - Trial: 11/100, Epoch: 9/10, Val loss: 0.0001, Elapsed time: 0:37:24, Estimated time left: 0:04:04
2025-02-10 00:56:46,340 - INFO - Trial: 11/100, Epoch: 10/10, Val loss: 0.0001, Elapsed time: 0:41:29, Estimated time left: 0:00:00
2025-02-10 00:56:46,341 - INFO - Trial 10 finished with value: 0.0001240850148350611 and parameters: {'hidden_layers': 6, 'n_units_l': 426, 'lr': 8.166054936183314e-05, 'batch_size': 60}. Best is trial 10 with value: 0.0001240850148350611.
2025-02-10 00:56:46,342 - INFO - Elapsed time: 32582.93 seconds
2025-02-10 00:56:46,342 - INFO - Estimated time left: 0.00 seconds
2025-02-10 01:01:37,307 - INFO - Trial: 12/100, Epoch: 1/10, Val loss: 0.0413, Elapsed time: 0:04:50, Estimated time left: 0:43:38
2025-02-10 01:06:17,296 - INFO - Trial: 12/100, Epoch: 2/10, Val loss: 0.0008, Elapsed time: 0:09:30, Estimated time left: 0:37:19
2025-02-10 01:10:57,800 - INFO - Trial: 12/100, Epoch: 3/10, Val loss: 0.0004, Elapsed time: 0:14:11, Estimated time left: 0:32:43
2025-02-10 01:15:41,648 - INFO - Trial: 12/100, Epoch: 4/10, Val loss: 0.0003, Elapsed time: 0:18:55, Estimated time left: 0:28:23
2025-02-10 01:20:19,840 - INFO - Trial: 12/100, Epoch: 5/10, Val loss: 0.0002, Elapsed time: 0:23:33, Estimated time left: 0:23:10
2025-02-10 01:24:57,791 - INFO - Trial: 12/100, Epoch: 6/10, Val loss: 0.0002, Elapsed time: 0:28:11, Estimated time left: 0:18:31
2025-02-10 01:29:41,731 - INFO - Trial: 12/100, Epoch: 7/10, Val loss: 0.0002, Elapsed time: 0:32:55, Estimated time left: 0:14:11
2025-02-10 01:34:20,875 - INFO - Trial: 12/100, Epoch: 8/10, Val loss: 0.0001, Elapsed time: 0:37:34, Estimated time left: 0:09:18
2025-02-10 01:38:58,346 - INFO - Trial: 12/100, Epoch: 9/10, Val loss: 0.0001, Elapsed time: 0:42:11, Estimated time left: 0:04:37
2025-02-10 01:43:36,244 - INFO - Trial: 12/100, Epoch: 10/10, Val loss: 0.0001, Elapsed time: 0:46:49, Estimated time left: 0:00:00
2025-02-10 01:43:36,246 - INFO - Trial 11 finished with value: 0.0001353123847265331 and parameters: {'hidden_layers': 7, 'n_units_l': 467, 'lr': 9.094742030887934e-05, 'batch_size': 61}. Best is trial 10 with value: 0.0001240850148350611.
2025-02-10 01:43:36,247 - INFO - Elapsed time: 35392.83 seconds
2025-02-10 01:43:36,247 - INFO - Estimated time left: 0.00 seconds
2025-02-10 01:47:39,959 - INFO - Trial: 13/100, Epoch: 1/10, Val loss: 0.0393, Elapsed time: 0:04:03, Estimated time left: 0:36:33
2025-02-10 01:51:26,680 - INFO - Trial: 13/100, Epoch: 2/10, Val loss: 0.0007, Elapsed time: 0:07:50, Estimated time left: 0:30:13
2025-02-10 01:55:13,672 - INFO - Trial: 13/100, Epoch: 3/10, Val loss: 0.0004, Elapsed time: 0:11:37, Estimated time left: 0:26:28
2025-02-10 01:59:00,475 - INFO - Trial: 13/100, Epoch: 4/10, Val loss: 0.0003, Elapsed time: 0:15:24, Estimated time left: 0:22:40
2025-02-10 02:02:52,484 - INFO - Trial: 13/100, Epoch: 5/10, Val loss: 0.0002, Elapsed time: 0:19:16, Estimated time left: 0:19:20
2025-02-10 02:06:39,493 - INFO - Trial: 13/100, Epoch: 6/10, Val loss: 0.0002, Elapsed time: 0:23:03, Estimated time left: 0:15:08
2025-02-10 02:10:26,500 - INFO - Trial: 13/100, Epoch: 7/10, Val loss: 0.0002, Elapsed time: 0:26:50, Estimated time left: 0:11:21
2025-02-10 02:14:13,423 - INFO - Trial: 13/100, Epoch: 8/10, Val loss: 0.0002, Elapsed time: 0:30:37, Estimated time left: 0:07:33
2025-02-10 02:18:05,352 - INFO - Trial: 13/100, Epoch: 9/10, Val loss: 0.0002, Elapsed time: 0:34:29, Estimated time left: 0:03:51
2025-02-10 02:21:52,219 - INFO - Trial: 13/100, Epoch: 10/10, Val loss: 0.0001, Elapsed time: 0:38:15, Estimated time left: 0:00:00
