2025-02-10 13:16:26,778 - INFO - Trial 25 finished with value: 0.00035516188519883627 and parameters: {'hidden_layers': 5, 'n_units_l': 444, 'lr': 0.0009174650384358499, 'batch_size': 58}. Best is trial 10 with value: 0.0001240850148350611.
2025-02-10 13:16:26,780 - INFO - Elapsed time: 76963.37 seconds
2025-02-10 13:16:26,780 - INFO - Estimated time left: 0.00 seconds
2025-02-10 13:18:46,274 - INFO - Trial: 27/100, Epoch: 1/10, Val loss: 0.0440, Elapsed time: 0:02:19, Estimated time left: 0:20:55
2025-02-10 13:20:56,865 - INFO - Trial: 27/100, Epoch: 2/10, Val loss: 0.0008, Elapsed time: 0:04:30, Estimated time left: 0:17:24
2025-02-10 13:23:08,063 - INFO - Trial: 27/100, Epoch: 3/10, Val loss: 0.0004, Elapsed time: 0:06:41, Estimated time left: 0:15:18
2025-02-10 13:25:18,987 - INFO - Trial: 27/100, Epoch: 4/10, Val loss: 0.0003, Elapsed time: 0:08:52, Estimated time left: 0:13:05
2025-02-10 13:27:30,184 - INFO - Trial: 27/100, Epoch: 5/10, Val loss: 0.0003, Elapsed time: 0:11:03, Estimated time left: 0:10:55
2025-02-10 13:29:41,429 - INFO - Trial: 27/100, Epoch: 6/10, Val loss: 0.0002, Elapsed time: 0:13:14, Estimated time left: 0:08:44
2025-02-10 13:31:52,312 - INFO - Trial: 27/100, Epoch: 7/10, Val loss: 0.0002, Elapsed time: 0:15:25, Estimated time left: 0:06:32
2025-02-10 13:34:03,923 - INFO - Trial: 27/100, Epoch: 8/10, Val loss: 0.0002, Elapsed time: 0:17:37, Estimated time left: 0:04:23
2025-02-10 13:36:15,622 - INFO - Trial: 27/100, Epoch: 9/10, Val loss: 0.0002, Elapsed time: 0:19:48, Estimated time left: 0:02:11
2025-02-10 13:38:26,512 - INFO - Trial: 27/100, Epoch: 10/10, Val loss: 0.0002, Elapsed time: 0:21:59, Estimated time left: 0:00:00
2025-02-10 13:38:26,514 - INFO - Trial 26 finished with value: 0.00015285600062760443 and parameters: {'hidden_layers': 8, 'n_units_l': 473, 'lr': 0.00027643328819282684, 'batch_size': 173}. Best is trial 10 with value: 0.0001240850148350611.
2025-02-10 13:38:26,515 - INFO - Elapsed time: 78283.10 seconds
2025-02-10 13:38:26,515 - INFO - Estimated time left: 0.00 seconds
2025-02-10 13:40:57,909 - INFO - Trial: 28/100, Epoch: 1/10, Val loss: 0.1354, Elapsed time: 0:02:31, Estimated time left: 0:22:42
2025-02-10 13:43:22,770 - INFO - Trial: 28/100, Epoch: 2/10, Val loss: 0.1392, Elapsed time: 0:04:56, Estimated time left: 0:19:18
2025-02-10 13:45:48,713 - INFO - Trial: 28/100, Epoch: 3/10, Val loss: 0.1352, Elapsed time: 0:07:22, Estimated time left: 0:17:01
2025-02-10 13:48:13,771 - INFO - Trial: 28/100, Epoch: 4/10, Val loss: 0.1355, Elapsed time: 0:09:47, Estimated time left: 0:14:30
2025-02-10 13:50:38,949 - INFO - Trial: 28/100, Epoch: 5/10, Val loss: 0.1354, Elapsed time: 0:12:12, Estimated time left: 0:12:05
2025-02-10 13:53:03,425 - INFO - Trial: 28/100, Epoch: 6/10, Val loss: 0.1352, Elapsed time: 0:14:36, Estimated time left: 0:09:37
2025-02-10 13:55:28,397 - INFO - Trial: 28/100, Epoch: 7/10, Val loss: 0.1355, Elapsed time: 0:17:01, Estimated time left: 0:07:14
2025-02-10 13:57:51,706 - INFO - Trial: 28/100, Epoch: 8/10, Val loss: 0.1352, Elapsed time: 0:19:25, Estimated time left: 0:04:46
2025-02-10 14:00:15,492 - INFO - Trial: 28/100, Epoch: 9/10, Val loss: 0.1353, Elapsed time: 0:21:48, Estimated time left: 0:02:23
2025-02-10 14:02:39,000 - INFO - Trial: 28/100, Epoch: 10/10, Val loss: 0.1355, Elapsed time: 0:24:12, Estimated time left: 0:00:00
2025-02-10 14:02:39,002 - INFO - Trial 27 finished with value: 0.13554823798525886 and parameters: {'hidden_layers': 4, 'n_units_l': 249, 'lr': 0.056174126780687596, 'batch_size': 109}. Best is trial 10 with value: 0.0001240850148350611.
2025-02-10 14:02:39,004 - INFO - Elapsed time: 79735.59 seconds
2025-02-10 14:02:39,004 - INFO - Estimated time left: 0.00 seconds
2025-02-10 14:06:46,243 - INFO - Trial: 29/100, Epoch: 1/10, Val loss: 0.0483, Elapsed time: 0:04:07, Estimated time left: 0:37:05
2025-02-10 14:10:23,720 - INFO - Trial: 29/100, Epoch: 2/10, Val loss: 0.0012, Elapsed time: 0:07:44, Estimated time left: 0:28:59
2025-02-10 14:13:23,872 - INFO - Trial: 29/100, Epoch: 3/10, Val loss: 0.0008, Elapsed time: 0:10:44, Estimated time left: 0:21:01
2025-02-10 14:16:45,325 - INFO - Trial: 29/100, Epoch: 4/10, Val loss: 0.0006, Elapsed time: 0:14:06, Estimated time left: 0:20:08
2025-02-10 14:20:41,999 - INFO - Trial: 29/100, Epoch: 5/10, Val loss: 0.0005, Elapsed time: 0:18:02, Estimated time left: 0:19:43
2025-02-10 14:24:39,663 - INFO - Trial: 29/100, Epoch: 6/10, Val loss: 0.0004, Elapsed time: 0:22:00, Estimated time left: 0:15:50
2025-02-10 14:28:36,826 - INFO - Trial: 29/100, Epoch: 7/10, Val loss: 0.0003, Elapsed time: 0:25:57, Estimated time left: 0:11:51
2025-02-10 14:32:34,787 - INFO - Trial: 29/100, Epoch: 8/10, Val loss: 0.0003, Elapsed time: 0:29:55, Estimated time left: 0:07:55
2025-02-10 14:36:31,886 - INFO - Trial: 29/100, Epoch: 9/10, Val loss: 0.0003, Elapsed time: 0:33:52, Estimated time left: 0:03:57
2025-02-10 14:40:23,634 - INFO - Trial: 29/100, Epoch: 10/10, Val loss: 0.0003, Elapsed time: 0:37:44, Estimated time left: 0:00:00
2025-02-10 14:40:23,636 - INFO - Trial 28 finished with value: 0.0002848440618338183 and parameters: {'hidden_layers': 6, 'n_units_l': 174, 'lr': 0.00017884098702677446, 'batch_size': 66}. Best is trial 10 with value: 0.0001240850148350611.
2025-02-10 14:40:23,638 - INFO - Elapsed time: 82000.22 seconds
2025-02-10 14:40:23,638 - INFO - Estimated time left: 0.00 seconds
2025-02-10 14:44:07,921 - INFO - Trial: 30/100, Epoch: 1/10, Val loss: 0.0291, Elapsed time: 0:03:44, Estimated time left: 0:33:38
2025-02-10 14:47:40,186 - INFO - Trial: 30/100, Epoch: 2/10, Val loss: 0.0009, Elapsed time: 0:07:16, Estimated time left: 0:28:18
2025-02-10 14:51:11,706 - INFO - Trial: 30/100, Epoch: 3/10, Val loss: 0.0007, Elapsed time: 0:10:48, Estimated time left: 0:24:40
2025-02-10 14:54:43,109 - INFO - Trial: 30/100, Epoch: 4/10, Val loss: 0.0004, Elapsed time: 0:14:19, Estimated time left: 0:21:08
2025-02-10 14:58:14,163 - INFO - Trial: 30/100, Epoch: 5/10, Val loss: 0.0004, Elapsed time: 0:17:50, Estimated time left: 0:17:35
2025-02-10 15:01:45,387 - INFO - Trial: 30/100, Epoch: 6/10, Val loss: 0.0004, Elapsed time: 0:21:21, Estimated time left: 0:14:04
2025-02-10 15:05:16,741 - INFO - Trial: 30/100, Epoch: 7/10, Val loss: 0.0003, Elapsed time: 0:24:53, Estimated time left: 0:10:34
2025-02-10 15:08:47,934 - INFO - Trial: 30/100, Epoch: 8/10, Val loss: 0.0003, Elapsed time: 0:28:24, Estimated time left: 0:07:02
2025-02-10 15:12:18,233 - INFO - Trial: 30/100, Epoch: 9/10, Val loss: 0.0005, Elapsed time: 0:31:54, Estimated time left: 0:03:30
2025-02-10 15:15:45,975 - INFO - Trial: 30/100, Epoch: 10/10, Val loss: 0.0003, Elapsed time: 0:35:22, Estimated time left: 0:00:00
2025-02-10 15:15:45,976 - INFO - Trial 29 finished with value: 0.0002744650669425192 and parameters: {'hidden_layers': 7, 'n_units_l': 370, 'lr': 0.0005424235447295584, 'batch_size': 87}. Best is trial 10 with value: 0.0001240850148350611.
2025-02-10 15:15:45,978 - INFO - Elapsed time: 84122.56 seconds
2025-02-10 15:15:45,978 - INFO - Estimated time left: 0.00 seconds
2025-02-10 15:17:51,406 - INFO - Trial: 31/100, Epoch: 1/10, Val loss: 0.0349, Elapsed time: 0:02:05, Estimated time left: 0:18:48
2025-02-10 15:19:52,250 - INFO - Trial: 31/100, Epoch: 2/10, Val loss: 0.0018, Elapsed time: 0:04:06, Estimated time left: 0:16:06
2025-02-10 15:21:53,253 - INFO - Trial: 31/100, Epoch: 3/10, Val loss: 0.0013, Elapsed time: 0:06:07, Estimated time left: 0:14:07
2025-02-10 15:23:54,270 - INFO - Trial: 31/100, Epoch: 4/10, Val loss: 0.0007, Elapsed time: 0:08:08, Estimated time left: 0:12:06
2025-02-10 15:25:54,578 - INFO - Trial: 31/100, Epoch: 5/10, Val loss: 0.0005, Elapsed time: 0:10:08, Estimated time left: 0:10:01
2025-02-10 15:27:55,765 - INFO - Trial: 31/100, Epoch: 6/10, Val loss: 0.0003, Elapsed time: 0:12:09, Estimated time left: 0:08:04
2025-02-10 15:29:56,888 - INFO - Trial: 31/100, Epoch: 7/10, Val loss: 0.0003, Elapsed time: 0:14:10, Estimated time left: 0:06:03
2025-02-10 15:31:58,225 - INFO - Trial: 31/100, Epoch: 8/10, Val loss: 0.0002, Elapsed time: 0:16:12, Estimated time left: 0:04:02
2025-02-10 15:33:58,014 - INFO - Trial: 31/100, Epoch: 9/10, Val loss: 0.0002, Elapsed time: 0:18:12, Estimated time left: 0:01:59
2025-02-10 15:35:59,285 - INFO - Trial: 31/100, Epoch: 10/10, Val loss: 0.0002, Elapsed time: 0:20:13, Estimated time left: 0:00:00
2025-02-10 15:35:59,286 - INFO - Trial 30 finished with value: 0.00017924982619541528 and parameters: {'hidden_layers': 5, 'n_units_l': 465, 'lr': 2.8841110711464062e-05, 'batch_size': 146}. Best is trial 10 with value: 0.0001240850148350611.
2025-02-10 15:35:59,288 - INFO - Elapsed time: 85335.87 seconds
2025-02-10 15:35:59,288 - INFO - Estimated time left: 0.00 seconds
2025-02-10 15:42:17,312 - INFO - Trial: 32/100, Epoch: 1/10, Val loss: 0.0419, Elapsed time: 0:06:18, Estimated time left: 0:56:42
2025-02-10 15:48:24,505 - INFO - Trial: 32/100, Epoch: 2/10, Val loss: 0.0008, Elapsed time: 0:12:25, Estimated time left: 0:48:57
2025-02-10 15:54:31,857 - INFO - Trial: 32/100, Epoch: 3/10, Val loss: 0.0004, Elapsed time: 0:18:32, Estimated time left: 0:42:51
2025-02-10 16:00:38,631 - INFO - Trial: 32/100, Epoch: 4/10, Val loss: 0.0003, Elapsed time: 0:24:39, Estimated time left: 0:36:40
2025-02-10 16:06:45,488 - INFO - Trial: 32/100, Epoch: 5/10, Val loss: 0.0003, Elapsed time: 0:30:46, Estimated time left: 0:30:34
2025-02-10 16:12:46,726 - INFO - Trial: 32/100, Epoch: 6/10, Val loss: 0.0002, Elapsed time: 0:36:47, Estimated time left: 0:24:04
2025-02-10 16:18:54,213 - INFO - Trial: 32/100, Epoch: 7/10, Val loss: 0.0002, Elapsed time: 0:42:54, Estimated time left: 0:18:22
2025-02-10 16:24:48,536 - INFO - Trial: 32/100, Epoch: 8/10, Val loss: 0.0002, Elapsed time: 0:48:49, Estimated time left: 0:11:48
2025-02-10 16:29:26,791 - INFO - Trial: 32/100, Epoch: 9/10, Val loss: 0.0002, Elapsed time: 0:53:27, Estimated time left: 0:04:38
2025-02-10 16:35:41,578 - INFO - Trial: 32/100, Epoch: 10/10, Val loss: 0.0002, Elapsed time: 0:59:42, Estimated time left: 0:00:00
2025-02-10 16:35:41,580 - INFO - Trial 31 finished with value: 0.0001694699470098882 and parameters: {'hidden_layers': 6, 'n_units_l': 395, 'lr': 7.860007329813106e-05, 'batch_size': 45}. Best is trial 10 with value: 0.0001240850148350611.
2025-02-10 16:35:41,583 - INFO - Elapsed time: 88918.17 seconds
2025-02-10 16:35:41,583 - INFO - Estimated time left: 0.00 seconds
2025-02-10 16:43:18,426 - INFO - Trial: 33/100, Epoch: 1/10, Val loss: 0.0399, Elapsed time: 0:07:36, Estimated time left: 1:08:31
2025-02-10 16:50:32,129 - INFO - Trial: 33/100, Epoch: 2/10, Val loss: 0.0009, Elapsed time: 0:14:50, Estimated time left: 0:57:49
2025-02-10 16:57:45,966 - INFO - Trial: 33/100, Epoch: 3/10, Val loss: 0.0004, Elapsed time: 0:22:04, Estimated time left: 0:50:36
2025-02-10 17:05:00,007 - INFO - Trial: 33/100, Epoch: 4/10, Val loss: 0.0003, Elapsed time: 0:29:18, Estimated time left: 0:43:24
2025-02-10 17:12:13,894 - INFO - Trial: 33/100, Epoch: 5/10, Val loss: 0.0002, Elapsed time: 0:36:32, Estimated time left: 0:36:09
2025-02-10 17:19:27,950 - INFO - Trial: 33/100, Epoch: 6/10, Val loss: 0.0002, Elapsed time: 0:43:46, Estimated time left: 0:28:56
2025-02-10 17:26:41,956 - INFO - Trial: 33/100, Epoch: 7/10, Val loss: 0.0002, Elapsed time: 0:51:00, Estimated time left: 0:21:42
2025-02-10 17:33:31,959 - INFO - Trial: 33/100, Epoch: 8/10, Val loss: 0.0002, Elapsed time: 0:57:50, Estimated time left: 0:13:40
2025-02-10 17:39:12,698 - INFO - Trial: 33/100, Epoch: 9/10, Val loss: 0.0002, Elapsed time: 1:03:31, Estimated time left: 0:05:40
2025-02-10 17:44:53,753 - INFO - Trial: 33/100, Epoch: 10/10, Val loss: 0.0002, Elapsed time: 1:09:12, Estimated time left: 0:00:00
2025-02-10 17:44:53,755 - INFO - Trial 32 finished with value: 0.0001707852171662343 and parameters: {'hidden_layers': 6, 'n_units_l': 422, 'lr': 7.456115957456292e-05, 'batch_size': 48}. Best is trial 10 with value: 0.0001240850148350611.
2025-02-10 17:44:53,758 - INFO - Elapsed time: 93070.34 seconds
2025-02-10 17:44:53,758 - INFO - Estimated time left: 0.00 seconds
2025-02-10 17:50:44,471 - INFO - Trial: 34/100, Epoch: 1/10, Val loss: 0.0368, Elapsed time: 0:05:50, Estimated time left: 0:52:36
2025-02-10 17:56:12,790 - INFO - Trial: 34/100, Epoch: 2/10, Val loss: 0.0021, Elapsed time: 0:11:19, Estimated time left: 0:43:46
2025-02-10 18:01:41,187 - INFO - Trial: 34/100, Epoch: 3/10, Val loss: 0.0017, Elapsed time: 0:16:47, Estimated time left: 0:38:18
2025-02-10 18:07:09,067 - INFO - Trial: 34/100, Epoch: 4/10, Val loss: 0.0014, Elapsed time: 0:22:15, Estimated time left: 0:32:47
2025-02-10 18:12:36,413 - INFO - Trial: 34/100, Epoch: 5/10, Val loss: 0.0012, Elapsed time: 0:27:42, Estimated time left: 0:27:16
2025-02-10 18:18:02,200 - INFO - Trial: 34/100, Epoch: 6/10, Val loss: 0.0010, Elapsed time: 0:33:08, Estimated time left: 0:21:43
2025-02-10 18:23:29,460 - INFO - Trial: 34/100, Epoch: 7/10, Val loss: 0.0009, Elapsed time: 0:38:35, Estimated time left: 0:16:21
2025-02-10 18:29:01,998 - INFO - Trial: 34/100, Epoch: 8/10, Val loss: 0.0007, Elapsed time: 0:44:08, Estimated time left: 0:11:05
2025-02-10 18:34:27,719 - INFO - Trial: 34/100, Epoch: 9/10, Val loss: 0.0007, Elapsed time: 0:49:33, Estimated time left: 0:05:25
2025-02-10 18:39:54,019 - INFO - Trial: 34/100, Epoch: 10/10, Val loss: 0.0006, Elapsed time: 0:55:00, Estimated time left: 0:00:00
2025-02-10 18:39:54,021 - INFO - Trial 33 finished with value: 0.0006083142512832388 and parameters: {'hidden_layers': 5, 'n_units_l': 130, 'lr': 5.1639068452138954e-05, 'batch_size': 41}. Best is trial 10 with value: 0.0001240850148350611.
2025-02-10 18:39:54,024 - INFO - Elapsed time: 96370.61 seconds
2025-02-10 18:39:54,024 - INFO - Estimated time left: 0.00 seconds
2025-02-10 18:50:31,025 - INFO - Trial: 35/100, Epoch: 1/10, Val loss: 0.0416, Elapsed time: 0:10:36, Estimated time left: 1:35:32
2025-02-10 19:00:37,274 - INFO - Trial: 35/100, Epoch: 2/10, Val loss: 0.0018, Elapsed time: 0:20:43, Estimated time left: 1:20:49
2025-02-10 19:10:44,849 - INFO - Trial: 35/100, Epoch: 3/10, Val loss: 0.0011, Elapsed time: 0:30:50, Estimated time left: 1:10:53
2025-02-10 19:20:46,987 - INFO - Trial: 35/100, Epoch: 4/10, Val loss: 0.0005, Elapsed time: 0:40:52, Estimated time left: 1:00:12
2025-02-10 19:30:45,391 - INFO - Trial: 35/100, Epoch: 5/10, Val loss: 0.0003, Elapsed time: 0:50:51, Estimated time left: 0:49:52
2025-02-10 19:40:40,914 - INFO - Trial: 35/100, Epoch: 6/10, Val loss: 0.0003, Elapsed time: 1:00:46, Estimated time left: 0:39:42
2025-02-10 19:50:37,391 - INFO - Trial: 35/100, Epoch: 7/10, Val loss: 0.0002, Elapsed time: 1:10:43, Estimated time left: 0:29:49
2025-02-10 20:00:33,118 - INFO - Trial: 35/100, Epoch: 8/10, Val loss: 0.0002, Elapsed time: 1:20:39, Estimated time left: 0:19:51
2025-02-10 20:10:29,862 - INFO - Trial: 35/100, Epoch: 9/10, Val loss: 0.0002, Elapsed time: 1:30:35, Estimated time left: 0:09:56
2025-02-10 20:20:24,921 - INFO - Trial: 35/100, Epoch: 10/10, Val loss: 0.0002, Elapsed time: 1:40:30, Estimated time left: 0:00:00
2025-02-10 20:20:24,923 - INFO - Trial 34 finished with value: 0.00016170270862879296 and parameters: {'hidden_layers': 7, 'n_units_l': 353, 'lr': 1.913643568194536e-05, 'batch_size': 28}. Best is trial 10 with value: 0.0001240850148350611.
2025-02-10 20:20:24,926 - INFO - Elapsed time: 102401.51 seconds
2025-02-10 20:20:24,926 - INFO - Estimated time left: 0.00 seconds
2025-02-10 20:25:12,579 - INFO - Trial: 36/100, Epoch: 1/10, Val loss: 0.0182, Elapsed time: 0:04:47, Estimated time left: 0:43:08
2025-02-10 20:29:44,643 - INFO - Trial: 36/100, Epoch: 2/10, Val loss: 0.0019, Elapsed time: 0:09:19, Estimated time left: 0:36:16
2025-02-10 20:34:14,797 - INFO - Trial: 36/100, Epoch: 3/10, Val loss: 0.0010, Elapsed time: 0:13:49, Estimated time left: 0:31:31
2025-02-10 20:38:46,978 - INFO - Trial: 36/100, Epoch: 4/10, Val loss: 0.0008, Elapsed time: 0:18:22, Estimated time left: 0:27:13
2025-02-10 20:43:17,029 - INFO - Trial: 36/100, Epoch: 5/10, Val loss: 0.0006, Elapsed time: 0:22:52, Estimated time left: 0:22:30
2025-02-10 20:47:48,730 - INFO - Trial: 36/100, Epoch: 6/10, Val loss: 0.0006, Elapsed time: 0:27:23, Estimated time left: 0:18:06
2025-02-10 20:52:18,320 - INFO - Trial: 36/100, Epoch: 7/10, Val loss: 0.0006, Elapsed time: 0:31:53, Estimated time left: 0:13:28
2025-02-10 20:56:51,440 - INFO - Trial: 36/100, Epoch: 8/10, Val loss: 0.0006, Elapsed time: 0:36:26, Estimated time left: 0:09:06
2025-02-10 21:01:26,410 - INFO - Trial: 36/100, Epoch: 9/10, Val loss: 0.0005, Elapsed time: 0:41:01, Estimated time left: 0:04:34
2025-02-10 21:06:03,907 - INFO - Trial: 36/100, Epoch: 10/10, Val loss: 0.0005, Elapsed time: 0:45:38, Estimated time left: 0:00:00
2025-02-10 21:06:03,910 - INFO - Trial 35 finished with value: 0.00051543378843189 and parameters: {'hidden_layers': 6, 'n_units_l': 312, 'lr': 0.0021664459209460767, 'batch_size': 58}. Best is trial 10 with value: 0.0001240850148350611.
2025-02-10 21:06:03,912 - INFO - Elapsed time: 105140.50 seconds
2025-02-10 21:06:03,913 - INFO - Estimated time left: 0.00 seconds
2025-02-10 21:15:18,861 - INFO - Trial: 37/100, Epoch: 1/10, Val loss: 0.0338, Elapsed time: 0:09:14, Estimated time left: 1:23:14
2025-02-10 21:23:53,885 - INFO - Trial: 37/100, Epoch: 2/10, Val loss: 0.0007, Elapsed time: 0:17:49, Estimated time left: 1:08:40
2025-02-10 21:32:28,700 - INFO - Trial: 37/100, Epoch: 3/10, Val loss: 0.0006, Elapsed time: 0:26:24, Estimated time left: 1:00:03
2025-02-10 21:41:03,380 - INFO - Trial: 37/100, Epoch: 4/10, Val loss: 0.0005, Elapsed time: 0:34:59, Estimated time left: 0:51:28
2025-02-10 21:47:47,186 - INFO - Trial: 37/100, Epoch: 5/10, Val loss: 0.0003, Elapsed time: 0:41:43, Estimated time left: 0:33:39
2025-02-10 21:57:36,220 - INFO - Trial: 37/100, Epoch: 6/10, Val loss: 0.0002, Elapsed time: 0:51:32, Estimated time left: 0:39:16
2025-02-10 22:08:56,722 - INFO - Trial: 37/100, Epoch: 7/10, Val loss: 0.0002, Elapsed time: 1:02:52, Estimated time left: 0:34:01
2025-02-10 22:20:16,553 - INFO - Trial: 37/100, Epoch: 8/10, Val loss: 0.0002, Elapsed time: 1:14:12, Estimated time left: 0:22:39
2025-02-10 22:31:37,442 - INFO - Trial: 37/100, Epoch: 9/10, Val loss: 0.0003, Elapsed time: 1:25:33, Estimated time left: 0:11:20
2025-02-10 22:42:57,170 - INFO - Trial: 37/100, Epoch: 10/10, Val loss: 0.0002, Elapsed time: 1:36:53, Estimated time left: 0:00:00
2025-02-10 22:42:57,172 - INFO - Trial 36 finished with value: 0.0001935466272135975 and parameters: {'hidden_layers': 8, 'n_units_l': 401, 'lr': 0.00022054199588288572, 'batch_size': 35}. Best is trial 10 with value: 0.0001240850148350611.
2025-02-10 22:42:57,173 - INFO - Elapsed time: 110953.76 seconds
2025-02-10 22:42:57,173 - INFO - Estimated time left: 0.00 seconds
2025-02-10 22:46:25,029 - INFO - Trial: 38/100, Epoch: 1/10, Val loss: 0.0243, Elapsed time: 0:03:27, Estimated time left: 0:31:10
2025-02-10 22:49:45,159 - INFO - Trial: 38/100, Epoch: 2/10, Val loss: 0.0032, Elapsed time: 0:06:47, Estimated time left: 0:26:41
2025-02-10 22:53:04,935 - INFO - Trial: 38/100, Epoch: 3/10, Val loss: 0.0030, Elapsed time: 0:10:07, Estimated time left: 0:23:18
2025-02-10 22:56:19,610 - INFO - Trial: 38/100, Epoch: 4/10, Val loss: 0.0031, Elapsed time: 0:13:22, Estimated time left: 0:19:28
2025-02-10 22:59:39,500 - INFO - Trial: 38/100, Epoch: 5/10, Val loss: 0.0032, Elapsed time: 0:16:42, Estimated time left: 0:16:39
2025-02-10 23:03:00,286 - INFO - Trial: 38/100, Epoch: 6/10, Val loss: 0.0027, Elapsed time: 0:20:03, Estimated time left: 0:13:23
2025-02-10 23:06:19,542 - INFO - Trial: 38/100, Epoch: 7/10, Val loss: 0.0028, Elapsed time: 0:23:22, Estimated time left: 0:09:57
2025-02-10 23:08:47,992 - INFO - Trial: 38/100, Epoch: 8/10, Val loss: 0.0027, Elapsed time: 0:25:50, Estimated time left: 0:04:56
2025-02-10 23:11:17,001 - INFO - Trial: 38/100, Epoch: 9/10, Val loss: 0.0026, Elapsed time: 0:28:19, Estimated time left: 0:02:29
2025-02-10 23:13:46,087 - INFO - Trial: 38/100, Epoch: 10/10, Val loss: 0.0029, Elapsed time: 0:30:48, Estimated time left: 0:00:00
2025-02-10 23:13:46,088 - INFO - Trial 37 finished with value: 0.0029462661614469534 and parameters: {'hidden_layers': 3, 'n_units_l': 475, 'lr': 0.008488984997747424, 'batch_size': 96}. Best is trial 10 with value: 0.0001240850148350611.
2025-02-10 23:13:46,090 - INFO - Elapsed time: 112802.68 seconds
2025-02-10 23:13:46,090 - INFO - Estimated time left: 0.00 seconds
2025-02-10 23:16:20,708 - INFO - Trial: 39/100, Epoch: 1/10, Val loss: 0.0147, Elapsed time: 0:02:34, Estimated time left: 0:23:11
2025-02-10 23:18:46,530 - INFO - Trial: 39/100, Epoch: 2/10, Val loss: 0.0016, Elapsed time: 0:05:00, Estimated time left: 0:19:26
2025-02-10 23:21:12,275 - INFO - Trial: 39/100, Epoch: 3/10, Val loss: 0.0014, Elapsed time: 0:07:26, Estimated time left: 0:17:00
2025-02-10 23:23:40,612 - INFO - Trial: 39/100, Epoch: 4/10, Val loss: 0.0012, Elapsed time: 0:09:54, Estimated time left: 0:14:50
2025-02-10 23:26:06,514 - INFO - Trial: 39/100, Epoch: 5/10, Val loss: 0.0011, Elapsed time: 0:12:20, Estimated time left: 0:12:09
2025-02-10 23:28:31,962 - INFO - Trial: 39/100, Epoch: 6/10, Val loss: 0.0011, Elapsed time: 0:14:45, Estimated time left: 0:09:41
2025-02-10 23:30:55,759 - INFO - Trial: 39/100, Epoch: 7/10, Val loss: 0.0011, Elapsed time: 0:17:09, Estimated time left: 0:07:11
2025-02-10 23:33:21,320 - INFO - Trial: 39/100, Epoch: 8/10, Val loss: 0.0010, Elapsed time: 0:19:35, Estimated time left: 0:04:51
2025-02-10 23:35:47,556 - INFO - Trial: 39/100, Epoch: 9/10, Val loss: 0.0010, Elapsed time: 0:22:01, Estimated time left: 0:02:26
2025-02-10 23:38:13,035 - INFO - Trial: 39/100, Epoch: 10/10, Val loss: 0.0010, Elapsed time: 0:24:26, Estimated time left: 0:00:00
