2025-02-11 19:00:50,505 - INFO - Trial 77 finished with value: 0.00014357663989452842 and parameters: {'hidden_layers': 5, 'n_units_l': 424, 'lr': 4.827368266299926e-05, 'batch_size': 62}. Best is trial 61 with value: 0.00011749841443753703.
2025-02-11 19:00:50,509 - INFO - Elapsed time: 184027.09 seconds
2025-02-11 19:00:50,509 - INFO - Estimated time left: 0.00 seconds
2025-02-11 19:02:28,946 - INFO - Trial: 79/100, Epoch: 1/10, Val loss: 0.0576, Elapsed time: 0:01:38, Estimated time left: 0:14:45
2025-02-11 19:04:22,790 - INFO - Trial: 79/100, Epoch: 2/10, Val loss: 0.0019, Elapsed time: 0:03:32, Estimated time left: 0:15:10
2025-02-11 19:06:25,548 - INFO - Trial: 79/100, Epoch: 3/10, Val loss: 0.0016, Elapsed time: 0:05:35, Estimated time left: 0:14:19
2025-02-11 19:08:29,881 - INFO - Trial: 79/100, Epoch: 4/10, Val loss: 0.0013, Elapsed time: 0:07:39, Estimated time left: 0:12:25
2025-02-11 19:10:03,886 - INFO - Trial: 79/100, Epoch: 5/10, Val loss: 0.0012, Elapsed time: 0:09:13, Estimated time left: 0:07:50
2025-02-11 19:11:36,535 - INFO - Trial: 79/100, Epoch: 6/10, Val loss: 0.0009, Elapsed time: 0:10:46, Estimated time left: 0:06:10
2025-02-11 19:13:09,311 - INFO - Trial: 79/100, Epoch: 7/10, Val loss: 0.0007, Elapsed time: 0:12:18, Estimated time left: 0:04:38
2025-02-11 19:14:42,177 - INFO - Trial: 79/100, Epoch: 8/10, Val loss: 0.0006, Elapsed time: 0:13:51, Estimated time left: 0:03:05
2025-02-11 19:16:14,296 - INFO - Trial: 79/100, Epoch: 9/10, Val loss: 0.0004, Elapsed time: 0:15:23, Estimated time left: 0:01:32
2025-02-11 19:18:07,917 - INFO - Trial: 79/100, Epoch: 10/10, Val loss: 0.0003, Elapsed time: 0:17:17, Estimated time left: 0:00:00
2025-02-11 19:18:07,920 - INFO - Trial 78 finished with value: 0.0003369218057500012 and parameters: {'hidden_layers': 7, 'n_units_l': 511, 'lr': 1.393671036928234e-05, 'batch_size': 184}. Best is trial 61 with value: 0.00011749841443753703.
2025-02-11 19:18:07,925 - INFO - Elapsed time: 185064.51 seconds
2025-02-11 19:18:07,925 - INFO - Estimated time left: 0.00 seconds
2025-02-11 19:20:13,803 - INFO - Trial: 80/100, Epoch: 1/10, Val loss: 0.0261, Elapsed time: 0:02:05, Estimated time left: 0:18:52
2025-02-11 19:22:14,581 - INFO - Trial: 80/100, Epoch: 2/10, Val loss: 0.0009, Elapsed time: 0:04:06, Estimated time left: 0:16:06
2025-02-11 19:24:15,200 - INFO - Trial: 80/100, Epoch: 3/10, Val loss: 0.0008, Elapsed time: 0:06:07, Estimated time left: 0:14:04
2025-02-11 19:26:14,409 - INFO - Trial: 80/100, Epoch: 4/10, Val loss: 0.0004, Elapsed time: 0:08:06, Estimated time left: 0:11:55
2025-02-11 19:28:14,833 - INFO - Trial: 80/100, Epoch: 5/10, Val loss: 0.0003, Elapsed time: 0:10:06, Estimated time left: 0:10:02
2025-02-11 19:30:15,430 - INFO - Trial: 80/100, Epoch: 6/10, Val loss: 0.0003, Elapsed time: 0:12:07, Estimated time left: 0:08:02
2025-02-11 19:32:14,742 - INFO - Trial: 80/100, Epoch: 7/10, Val loss: 0.0002, Elapsed time: 0:14:06, Estimated time left: 0:05:57
2025-02-11 19:34:15,252 - INFO - Trial: 80/100, Epoch: 8/10, Val loss: 0.0003, Elapsed time: 0:16:07, Estimated time left: 0:04:01
2025-02-11 19:36:15,663 - INFO - Trial: 80/100, Epoch: 9/10, Val loss: 0.0003, Elapsed time: 0:18:07, Estimated time left: 0:02:00
2025-02-11 19:38:14,910 - INFO - Trial: 80/100, Epoch: 10/10, Val loss: 0.0002, Elapsed time: 0:20:06, Estimated time left: 0:00:00
2025-02-11 19:38:14,913 - INFO - Trial 79 finished with value: 0.0002247088643073867 and parameters: {'hidden_layers': 6, 'n_units_l': 448, 'lr': 0.0006712519745088143, 'batch_size': 154}. Best is trial 61 with value: 0.00011749841443753703.
2025-02-11 19:38:14,917 - INFO - Elapsed time: 186271.50 seconds
2025-02-11 19:38:14,917 - INFO - Estimated time left: 0.00 seconds
2025-02-11 19:39:43,388 - INFO - Trial: 81/100, Epoch: 1/10, Val loss: 0.0449, Elapsed time: 0:01:28, Estimated time left: 0:13:16
2025-02-11 19:41:09,224 - INFO - Trial: 81/100, Epoch: 2/10, Val loss: 0.0018, Elapsed time: 0:02:54, Estimated time left: 0:11:26
2025-02-11 19:42:33,755 - INFO - Trial: 81/100, Epoch: 3/10, Val loss: 0.0015, Elapsed time: 0:04:18, Estimated time left: 0:09:51
2025-02-11 19:43:57,137 - INFO - Trial: 81/100, Epoch: 4/10, Val loss: 0.0012, Elapsed time: 0:05:42, Estimated time left: 0:08:20
2025-02-11 19:45:20,687 - INFO - Trial: 81/100, Epoch: 5/10, Val loss: 0.0009, Elapsed time: 0:07:05, Estimated time left: 0:06:57
2025-02-11 19:46:44,106 - INFO - Trial: 81/100, Epoch: 6/10, Val loss: 0.0007, Elapsed time: 0:08:29, Estimated time left: 0:05:33
2025-02-11 19:48:07,600 - INFO - Trial: 81/100, Epoch: 7/10, Val loss: 0.0005, Elapsed time: 0:09:52, Estimated time left: 0:04:10
2025-02-11 19:49:30,989 - INFO - Trial: 81/100, Epoch: 8/10, Val loss: 0.0004, Elapsed time: 0:11:16, Estimated time left: 0:02:46
2025-02-11 19:50:54,485 - INFO - Trial: 81/100, Epoch: 9/10, Val loss: 0.0003, Elapsed time: 0:12:39, Estimated time left: 0:01:23
2025-02-11 19:52:18,216 - INFO - Trial: 81/100, Epoch: 10/10, Val loss: 0.0003, Elapsed time: 0:14:03, Estimated time left: 0:00:00
2025-02-11 19:52:18,218 - INFO - Trial 80 finished with value: 0.0002597304982731108 and parameters: {'hidden_layers': 6, 'n_units_l': 477, 'lr': 2.452017683179985e-05, 'batch_size': 256}. Best is trial 61 with value: 0.00011749841443753703.
2025-02-11 19:52:18,223 - INFO - Elapsed time: 187114.81 seconds
2025-02-11 19:52:18,223 - INFO - Estimated time left: 0.00 seconds
2025-02-11 19:54:11,741 - INFO - Trial: 82/100, Epoch: 1/10, Val loss: 0.0402, Elapsed time: 0:01:53, Estimated time left: 0:17:01
2025-02-11 19:56:02,305 - INFO - Trial: 82/100, Epoch: 2/10, Val loss: 0.0009, Elapsed time: 0:03:44, Estimated time left: 0:14:44
2025-02-11 19:57:52,956 - INFO - Trial: 82/100, Epoch: 3/10, Val loss: 0.0004, Elapsed time: 0:05:34, Estimated time left: 0:12:54
2025-02-11 19:59:43,800 - INFO - Trial: 82/100, Epoch: 4/10, Val loss: 0.0003, Elapsed time: 0:07:25, Estimated time left: 0:11:05
2025-02-11 20:01:34,705 - INFO - Trial: 82/100, Epoch: 5/10, Val loss: 0.0002, Elapsed time: 0:09:16, Estimated time left: 0:09:14
2025-02-11 20:03:25,386 - INFO - Trial: 82/100, Epoch: 6/10, Val loss: 0.0002, Elapsed time: 0:11:07, Estimated time left: 0:07:22
2025-02-11 20:05:17,073 - INFO - Trial: 82/100, Epoch: 7/10, Val loss: 0.0002, Elapsed time: 0:12:58, Estimated time left: 0:05:35
2025-02-11 20:07:08,077 - INFO - Trial: 82/100, Epoch: 8/10, Val loss: 0.0001, Elapsed time: 0:14:49, Estimated time left: 0:03:42
2025-02-11 20:08:59,216 - INFO - Trial: 82/100, Epoch: 9/10, Val loss: 0.0001, Elapsed time: 0:16:40, Estimated time left: 0:01:51
2025-02-11 20:10:49,715 - INFO - Trial: 82/100, Epoch: 10/10, Val loss: 0.0001, Elapsed time: 0:18:31, Estimated time left: 0:00:00
2025-02-11 20:10:49,718 - INFO - Trial 81 finished with value: 0.00010849149871509452 and parameters: {'hidden_layers': 6, 'n_units_l': 460, 'lr': 8.33288590333646e-05, 'batch_size': 168}. Best is trial 81 with value: 0.00010849149871509452.
2025-02-11 20:10:49,723 - INFO - Elapsed time: 188226.31 seconds
2025-02-11 20:10:49,723 - INFO - Estimated time left: 0.00 seconds
2025-02-11 20:13:07,018 - INFO - Trial: 83/100, Epoch: 1/10, Val loss: 0.0416, Elapsed time: 0:02:17, Estimated time left: 0:20:35
2025-02-11 20:15:19,179 - INFO - Trial: 83/100, Epoch: 2/10, Val loss: 0.0007, Elapsed time: 0:04:29, Estimated time left: 0:17:37
2025-02-11 20:17:31,768 - INFO - Trial: 83/100, Epoch: 3/10, Val loss: 0.0004, Elapsed time: 0:06:42, Estimated time left: 0:15:28
2025-02-11 20:19:45,038 - INFO - Trial: 83/100, Epoch: 4/10, Val loss: 0.0003, Elapsed time: 0:08:55, Estimated time left: 0:13:19
2025-02-11 20:21:57,920 - INFO - Trial: 83/100, Epoch: 5/10, Val loss: 0.0002, Elapsed time: 0:11:08, Estimated time left: 0:11:04
2025-02-11 20:24:10,695 - INFO - Trial: 83/100, Epoch: 6/10, Val loss: 0.0002, Elapsed time: 0:13:20, Estimated time left: 0:08:51
2025-02-11 20:26:23,804 - INFO - Trial: 83/100, Epoch: 7/10, Val loss: 0.0002, Elapsed time: 0:15:34, Estimated time left: 0:06:39
2025-02-11 20:28:36,715 - INFO - Trial: 83/100, Epoch: 8/10, Val loss: 0.0001, Elapsed time: 0:17:46, Estimated time left: 0:04:25
2025-02-11 20:30:49,594 - INFO - Trial: 83/100, Epoch: 9/10, Val loss: 0.0001, Elapsed time: 0:19:59, Estimated time left: 0:02:12
2025-02-11 20:33:02,411 - INFO - Trial: 83/100, Epoch: 10/10, Val loss: 0.0001, Elapsed time: 0:22:12, Estimated time left: 0:00:00
2025-02-11 20:33:02,413 - INFO - Trial 82 finished with value: 0.00012706704898396093 and parameters: {'hidden_layers': 6, 'n_units_l': 473, 'lr': 0.00014161012618813554, 'batch_size': 138}. Best is trial 81 with value: 0.00010849149871509452.
2025-02-11 20:33:02,417 - INFO - Elapsed time: 189559.00 seconds
2025-02-11 20:33:02,418 - INFO - Estimated time left: 0.00 seconds
2025-02-11 20:35:13,783 - INFO - Trial: 84/100, Epoch: 1/10, Val loss: 0.0397, Elapsed time: 0:02:11, Estimated time left: 0:19:42
2025-02-11 20:37:20,318 - INFO - Trial: 84/100, Epoch: 2/10, Val loss: 0.0009, Elapsed time: 0:04:17, Estimated time left: 0:16:52
2025-02-11 20:39:25,086 - INFO - Trial: 84/100, Epoch: 3/10, Val loss: 0.0004, Elapsed time: 0:06:22, Estimated time left: 0:14:33
2025-02-11 20:41:31,848 - INFO - Trial: 84/100, Epoch: 4/10, Val loss: 0.0004, Elapsed time: 0:08:29, Estimated time left: 0:12:40
2025-02-11 20:43:38,725 - INFO - Trial: 84/100, Epoch: 5/10, Val loss: 0.0002, Elapsed time: 0:10:36, Estimated time left: 0:10:34
2025-02-11 20:45:45,348 - INFO - Trial: 84/100, Epoch: 6/10, Val loss: 0.0002, Elapsed time: 0:12:42, Estimated time left: 0:08:26
2025-02-11 20:47:51,578 - INFO - Trial: 84/100, Epoch: 7/10, Val loss: 0.0002, Elapsed time: 0:14:49, Estimated time left: 0:06:18
2025-02-11 20:49:58,296 - INFO - Trial: 84/100, Epoch: 8/10, Val loss: 0.0002, Elapsed time: 0:16:55, Estimated time left: 0:04:13
2025-02-11 20:52:05,204 - INFO - Trial: 84/100, Epoch: 9/10, Val loss: 0.0001, Elapsed time: 0:19:02, Estimated time left: 0:02:06
2025-02-11 20:54:11,202 - INFO - Trial: 84/100, Epoch: 10/10, Val loss: 0.0002, Elapsed time: 0:21:08, Estimated time left: 0:00:00
2025-02-11 20:54:11,204 - INFO - Trial 83 finished with value: 0.00018979817776078003 and parameters: {'hidden_layers': 6, 'n_units_l': 466, 'lr': 0.00015567785190702703, 'batch_size': 142}. Best is trial 81 with value: 0.00010849149871509452.
2025-02-11 20:54:11,208 - INFO - Elapsed time: 190827.79 seconds
2025-02-11 20:54:11,208 - INFO - Estimated time left: 0.00 seconds
2025-02-11 20:56:28,522 - INFO - Trial: 85/100, Epoch: 1/10, Val loss: 0.0326, Elapsed time: 0:02:17, Estimated time left: 0:20:35
2025-02-11 20:58:42,768 - INFO - Trial: 85/100, Epoch: 2/10, Val loss: 0.0014, Elapsed time: 0:04:31, Estimated time left: 0:17:53
2025-02-11 21:00:57,613 - INFO - Trial: 85/100, Epoch: 3/10, Val loss: 0.0006, Elapsed time: 0:06:46, Estimated time left: 0:15:43
2025-02-11 21:03:10,732 - INFO - Trial: 85/100, Epoch: 4/10, Val loss: 0.0003, Elapsed time: 0:08:59, Estimated time left: 0:13:18
2025-02-11 21:05:24,179 - INFO - Trial: 85/100, Epoch: 5/10, Val loss: 0.0003, Elapsed time: 0:11:12, Estimated time left: 0:11:07
2025-02-11 21:07:37,807 - INFO - Trial: 85/100, Epoch: 6/10, Val loss: 0.0002, Elapsed time: 0:13:26, Estimated time left: 0:08:54
2025-02-11 21:09:51,709 - INFO - Trial: 85/100, Epoch: 7/10, Val loss: 0.0002, Elapsed time: 0:15:40, Estimated time left: 0:06:41
2025-02-11 21:12:04,908 - INFO - Trial: 85/100, Epoch: 8/10, Val loss: 0.0002, Elapsed time: 0:17:53, Estimated time left: 0:04:26
2025-02-11 21:14:18,575 - INFO - Trial: 85/100, Epoch: 9/10, Val loss: 0.0002, Elapsed time: 0:20:07, Estimated time left: 0:02:13
2025-02-11 21:16:32,384 - INFO - Trial: 85/100, Epoch: 10/10, Val loss: 0.0001, Elapsed time: 0:22:21, Estimated time left: 0:00:00
2025-02-11 21:16:32,386 - INFO - Trial 84 finished with value: 0.00013338924563614435 and parameters: {'hidden_layers': 5, 'n_units_l': 417, 'lr': 6.24653602484777e-05, 'batch_size': 128}. Best is trial 81 with value: 0.00010849149871509452.
2025-02-11 21:16:32,390 - INFO - Elapsed time: 192168.97 seconds
2025-02-11 21:16:32,391 - INFO - Estimated time left: 0.00 seconds
2025-02-11 21:18:52,293 - INFO - Trial: 86/100, Epoch: 1/10, Val loss: 0.0335, Elapsed time: 0:02:19, Estimated time left: 0:20:58
2025-02-11 21:21:05,922 - INFO - Trial: 86/100, Epoch: 2/10, Val loss: 0.0017, Elapsed time: 0:04:33, Estimated time left: 0:17:49
2025-02-11 21:23:20,350 - INFO - Trial: 86/100, Epoch: 3/10, Val loss: 0.0012, Elapsed time: 0:06:47, Estimated time left: 0:15:40
2025-02-11 21:25:34,165 - INFO - Trial: 86/100, Epoch: 4/10, Val loss: 0.0006, Elapsed time: 0:09:01, Estimated time left: 0:13:22
2025-02-11 21:27:48,322 - INFO - Trial: 86/100, Epoch: 5/10, Val loss: 0.0004, Elapsed time: 0:11:15, Estimated time left: 0:11:10
2025-02-11 21:30:02,638 - INFO - Trial: 86/100, Epoch: 6/10, Val loss: 0.0003, Elapsed time: 0:13:30, Estimated time left: 0:08:57
2025-02-11 21:32:16,741 - INFO - Trial: 86/100, Epoch: 7/10, Val loss: 0.0002, Elapsed time: 0:15:44, Estimated time left: 0:06:42
2025-02-11 21:34:31,233 - INFO - Trial: 86/100, Epoch: 8/10, Val loss: 0.0002, Elapsed time: 0:17:58, Estimated time left: 0:04:28
2025-02-11 21:36:45,355 - INFO - Trial: 86/100, Epoch: 9/10, Val loss: 0.0002, Elapsed time: 0:20:12, Estimated time left: 0:02:14
2025-02-11 21:38:59,411 - INFO - Trial: 86/100, Epoch: 10/10, Val loss: 0.0002, Elapsed time: 0:22:27, Estimated time left: 0:00:00
2025-02-11 21:38:59,413 - INFO - Trial 85 finished with value: 0.00015910027205216217 and parameters: {'hidden_layers': 5, 'n_units_l': 414, 'lr': 3.409237859083651e-05, 'batch_size': 123}. Best is trial 81 with value: 0.00010849149871509452.
2025-02-11 21:38:59,417 - INFO - Elapsed time: 193516.00 seconds
2025-02-11 21:38:59,418 - INFO - Estimated time left: 0.00 seconds
2025-02-11 21:41:05,622 - INFO - Trial: 87/100, Epoch: 1/10, Val loss: 0.0346, Elapsed time: 0:02:06, Estimated time left: 0:18:55
2025-02-11 21:43:06,992 - INFO - Trial: 87/100, Epoch: 2/10, Val loss: 0.0015, Elapsed time: 0:04:07, Estimated time left: 0:16:10
2025-02-11 21:45:09,871 - INFO - Trial: 87/100, Epoch: 3/10, Val loss: 0.0005, Elapsed time: 0:06:10, Estimated time left: 0:14:20
2025-02-11 21:47:12,995 - INFO - Trial: 87/100, Epoch: 4/10, Val loss: 0.0003, Elapsed time: 0:08:13, Estimated time left: 0:12:18
2025-02-11 21:49:14,492 - INFO - Trial: 87/100, Epoch: 5/10, Val loss: 0.0003, Elapsed time: 0:10:15, Estimated time left: 0:10:07
2025-02-11 21:51:17,847 - INFO - Trial: 87/100, Epoch: 6/10, Val loss: 0.0002, Elapsed time: 0:12:18, Estimated time left: 0:08:13
2025-02-11 21:53:21,209 - INFO - Trial: 87/100, Epoch: 7/10, Val loss: 0.0002, Elapsed time: 0:14:21, Estimated time left: 0:06:10
2025-02-11 21:55:24,596 - INFO - Trial: 87/100, Epoch: 8/10, Val loss: 0.0002, Elapsed time: 0:16:25, Estimated time left: 0:04:06
2025-02-11 21:57:26,391 - INFO - Trial: 87/100, Epoch: 9/10, Val loss: 0.0002, Elapsed time: 0:18:26, Estimated time left: 0:02:01
2025-02-11 21:59:29,883 - INFO - Trial: 87/100, Epoch: 10/10, Val loss: 0.0001, Elapsed time: 0:20:30, Estimated time left: 0:00:00
2025-02-11 21:59:29,885 - INFO - Trial 86 finished with value: 0.0001439823930978014 and parameters: {'hidden_layers': 5, 'n_units_l': 394, 'lr': 6.588375484691178e-05, 'batch_size': 135}. Best is trial 81 with value: 0.00010849149871509452.
2025-02-11 21:59:29,890 - INFO - Elapsed time: 194746.47 seconds
2025-02-11 21:59:29,890 - INFO - Estimated time left: 0.00 seconds
2025-02-11 22:01:22,019 - INFO - Trial: 88/100, Epoch: 1/10, Val loss: 0.0406, Elapsed time: 0:01:52, Estimated time left: 0:16:48
2025-02-11 22:03:07,844 - INFO - Trial: 88/100, Epoch: 2/10, Val loss: 0.0010, Elapsed time: 0:03:37, Estimated time left: 0:14:06
2025-02-11 22:04:54,016 - INFO - Trial: 88/100, Epoch: 3/10, Val loss: 0.0004, Elapsed time: 0:05:24, Estimated time left: 0:12:23
2025-02-11 22:06:40,417 - INFO - Trial: 88/100, Epoch: 4/10, Val loss: 0.0003, Elapsed time: 0:07:10, Estimated time left: 0:10:38
2025-02-11 22:08:27,164 - INFO - Trial: 88/100, Epoch: 5/10, Val loss: 0.0002, Elapsed time: 0:08:57, Estimated time left: 0:08:53
2025-02-11 22:10:14,014 - INFO - Trial: 88/100, Epoch: 6/10, Val loss: 0.0002, Elapsed time: 0:10:44, Estimated time left: 0:07:07
2025-02-11 22:12:00,692 - INFO - Trial: 88/100, Epoch: 7/10, Val loss: 0.0002, Elapsed time: 0:12:30, Estimated time left: 0:05:20
2025-02-11 22:13:50,501 - INFO - Trial: 88/100, Epoch: 8/10, Val loss: 0.0001, Elapsed time: 0:14:20, Estimated time left: 0:03:39
2025-02-11 22:15:41,159 - INFO - Trial: 88/100, Epoch: 9/10, Val loss: 0.0001, Elapsed time: 0:16:11, Estimated time left: 0:01:50
2025-02-11 22:17:32,070 - INFO - Trial: 88/100, Epoch: 10/10, Val loss: 0.0001, Elapsed time: 0:18:02, Estimated time left: 0:00:00
2025-02-11 22:17:32,072 - INFO - Trial 87 finished with value: 0.0001372194291652868 and parameters: {'hidden_layers': 5, 'n_units_l': 440, 'lr': 9.528781896597872e-05, 'batch_size': 161}. Best is trial 81 with value: 0.00010849149871509452.
2025-02-11 22:17:32,077 - INFO - Elapsed time: 195828.66 seconds
2025-02-11 22:17:32,077 - INFO - Estimated time left: 0.00 seconds
2025-02-11 22:22:00,386 - INFO - Trial: 89/100, Epoch: 1/10, Val loss: 0.0239, Elapsed time: 0:04:28, Estimated time left: 0:40:14
2025-02-11 22:26:19,502 - INFO - Trial: 89/100, Epoch: 2/10, Val loss: 0.0006, Elapsed time: 0:08:47, Estimated time left: 0:34:32
2025-02-11 22:30:31,533 - INFO - Trial: 89/100, Epoch: 3/10, Val loss: 0.0005, Elapsed time: 0:12:59, Estimated time left: 0:29:24
2025-02-11 22:34:49,411 - INFO - Trial: 89/100, Epoch: 4/10, Val loss: 0.0004, Elapsed time: 0:17:17, Estimated time left: 0:25:47
2025-02-11 22:39:01,730 - INFO - Trial: 89/100, Epoch: 5/10, Val loss: 0.0003, Elapsed time: 0:21:29, Estimated time left: 0:21:01
2025-02-11 22:43:19,190 - INFO - Trial: 89/100, Epoch: 6/10, Val loss: 0.0003, Elapsed time: 0:25:47, Estimated time left: 0:17:09
2025-02-11 22:47:31,972 - INFO - Trial: 89/100, Epoch: 7/10, Val loss: 0.0002, Elapsed time: 0:29:59, Estimated time left: 0:12:38
2025-02-11 22:51:49,226 - INFO - Trial: 89/100, Epoch: 8/10, Val loss: 0.0002, Elapsed time: 0:34:17, Estimated time left: 0:08:34
2025-02-11 22:56:02,297 - INFO - Trial: 89/100, Epoch: 9/10, Val loss: 0.0002, Elapsed time: 0:38:30, Estimated time left: 0:04:13
2025-02-11 23:00:18,891 - INFO - Trial: 89/100, Epoch: 10/10, Val loss: 0.0002, Elapsed time: 0:42:46, Estimated time left: 0:00:00
2025-02-11 23:00:18,894 - INFO - Trial 88 finished with value: 0.00020262203415672707 and parameters: {'hidden_layers': 4, 'n_units_l': 449, 'lr': 0.00046181259857900155, 'batch_size': 56}. Best is trial 81 with value: 0.00010849149871509452.
2025-02-11 23:00:18,898 - INFO - Elapsed time: 198395.48 seconds
2025-02-11 23:00:18,899 - INFO - Estimated time left: 0.00 seconds
2025-02-11 23:02:56,654 - INFO - Trial: 90/100, Epoch: 1/10, Val loss: 0.0475, Elapsed time: 0:02:37, Estimated time left: 0:23:39
2025-02-11 23:05:26,518 - INFO - Trial: 90/100, Epoch: 2/10, Val loss: 0.0016, Elapsed time: 0:05:07, Estimated time left: 0:19:58
2025-02-11 23:07:56,453 - INFO - Trial: 90/100, Epoch: 3/10, Val loss: 0.0005, Elapsed time: 0:07:37, Estimated time left: 0:17:29
2025-02-11 23:10:26,453 - INFO - Trial: 90/100, Epoch: 4/10, Val loss: 0.0003, Elapsed time: 0:10:07, Estimated time left: 0:14:59
2025-02-11 23:12:56,652 - INFO - Trial: 90/100, Epoch: 5/10, Val loss: 0.0003, Elapsed time: 0:12:37, Estimated time left: 0:12:30
2025-02-11 23:15:26,150 - INFO - Trial: 90/100, Epoch: 6/10, Val loss: 0.0002, Elapsed time: 0:15:07, Estimated time left: 0:09:57
2025-02-11 23:17:56,445 - INFO - Trial: 90/100, Epoch: 7/10, Val loss: 0.0002, Elapsed time: 0:17:37, Estimated time left: 0:07:30
2025-02-11 23:20:26,605 - INFO - Trial: 90/100, Epoch: 8/10, Val loss: 0.0002, Elapsed time: 0:20:07, Estimated time left: 0:05:00
2025-02-11 23:22:57,005 - INFO - Trial: 90/100, Epoch: 9/10, Val loss: 0.0002, Elapsed time: 0:22:38, Estimated time left: 0:02:30
2025-02-11 23:25:26,711 - INFO - Trial: 90/100, Epoch: 10/10, Val loss: 0.0001, Elapsed time: 0:25:07, Estimated time left: 0:00:00
2025-02-11 23:25:26,713 - INFO - Trial 89 finished with value: 0.00012878354820683614 and parameters: {'hidden_layers': 7, 'n_units_l': 424, 'lr': 5.27267896918404e-05, 'batch_size': 126}. Best is trial 81 with value: 0.00010849149871509452.
2025-02-11 23:25:26,719 - INFO - Elapsed time: 199903.30 seconds
2025-02-11 23:25:26,720 - INFO - Estimated time left: 0.00 seconds
2025-02-11 23:28:24,025 - INFO - Trial: 91/100, Epoch: 1/10, Val loss: 0.1351, Elapsed time: 0:02:57, Estimated time left: 0:26:35
2025-02-11 23:31:11,807 - INFO - Trial: 91/100, Epoch: 2/10, Val loss: 0.1351, Elapsed time: 0:05:45, Estimated time left: 0:22:22
2025-02-11 23:34:00,663 - INFO - Trial: 91/100, Epoch: 3/10, Val loss: 0.1351, Elapsed time: 0:08:33, Estimated time left: 0:19:41
2025-02-11 23:36:48,065 - INFO - Trial: 91/100, Epoch: 4/10, Val loss: 0.1351, Elapsed time: 0:11:21, Estimated time left: 0:16:44
2025-02-11 23:39:35,336 - INFO - Trial: 91/100, Epoch: 5/10, Val loss: 0.1351, Elapsed time: 0:14:08, Estimated time left: 0:13:56
2025-02-11 23:42:22,697 - INFO - Trial: 91/100, Epoch: 6/10, Val loss: 0.1351, Elapsed time: 0:16:55, Estimated time left: 0:11:09
2025-02-11 23:45:11,789 - INFO - Trial: 91/100, Epoch: 7/10, Val loss: 0.1351, Elapsed time: 0:19:45, Estimated time left: 0:08:27
2025-02-11 23:48:01,049 - INFO - Trial: 91/100, Epoch: 8/10, Val loss: 0.1351, Elapsed time: 0:22:34, Estimated time left: 0:05:38
2025-02-11 23:50:50,072 - INFO - Trial: 91/100, Epoch: 9/10, Val loss: 0.1352, Elapsed time: 0:25:23, Estimated time left: 0:02:49
2025-02-11 23:53:38,613 - INFO - Trial: 91/100, Epoch: 10/10, Val loss: 0.1351, Elapsed time: 0:28:11, Estimated time left: 0:00:00
