2025-02-11 08:13:15,649 - INFO - Trial 51 finished with value: 0.00020408177742350423 and parameters: {'hidden_layers': 7, 'n_units_l': 372, 'lr': 7.959367761015284e-05, 'batch_size': 31}. Best is trial 38 with value: 0.00019503775862250657.
2025-02-11 08:13:15,651 - INFO - Elapsed time: 145189.46 seconds
2025-02-11 08:13:15,651 - INFO - Estimated time left: 0.00 seconds
2025-02-11 08:22:31,279 - INFO - Trial: 53/100, Epoch: 1/10, Val loss: 0.0473, Elapsed time: 0:09:15, Estimated time left: 1:23:20
2025-02-11 08:30:44,774 - INFO - Trial: 53/100, Epoch: 2/10, Val loss: 0.0007, Elapsed time: 0:17:29, Estimated time left: 1:05:47
2025-02-11 08:38:47,491 - INFO - Trial: 53/100, Epoch: 3/10, Val loss: 0.0005, Elapsed time: 0:25:31, Estimated time left: 0:56:19
2025-02-11 08:51:41,390 - INFO - Trial: 53/100, Epoch: 4/10, Val loss: 0.0003, Elapsed time: 0:38:25, Estimated time left: 1:17:23
2025-02-11 09:04:34,484 - INFO - Trial: 53/100, Epoch: 5/10, Val loss: 0.0003, Elapsed time: 0:51:18, Estimated time left: 1:04:25
2025-02-11 09:17:27,452 - INFO - Trial: 53/100, Epoch: 6/10, Val loss: 0.0003, Elapsed time: 1:04:11, Estimated time left: 0:51:31
2025-02-11 09:30:19,897 - INFO - Trial: 53/100, Epoch: 7/10, Val loss: 0.0003, Elapsed time: 1:17:04, Estimated time left: 0:38:37
2025-02-11 09:43:11,308 - INFO - Trial: 53/100, Epoch: 8/10, Val loss: 0.0002, Elapsed time: 1:29:55, Estimated time left: 0:25:42
2025-02-11 09:56:17,693 - INFO - Trial: 53/100, Epoch: 9/10, Val loss: 0.0002, Elapsed time: 1:43:02, Estimated time left: 0:13:06
2025-02-11 10:05:59,798 - INFO - Trial: 53/100, Epoch: 10/10, Val loss: 0.0002, Elapsed time: 1:52:44, Estimated time left: 0:00:00
2025-02-11 10:05:59,801 - INFO - Trial 52 finished with value: 0.0001980462559114676 and parameters: {'hidden_layers': 7, 'n_units_l': 473, 'lr': 7.819224356941252e-05, 'batch_size': 32}. Best is trial 38 with value: 0.00019503775862250657.
2025-02-11 10:05:59,803 - INFO - Elapsed time: 151953.61 seconds
2025-02-11 10:05:59,804 - INFO - Estimated time left: 0.00 seconds
2025-02-11 10:16:46,349 - INFO - Trial: 54/100, Epoch: 1/10, Val loss: 0.0386, Elapsed time: 0:10:46, Estimated time left: 1:36:58
2025-02-11 10:26:45,710 - INFO - Trial: 54/100, Epoch: 2/10, Val loss: 0.0007, Elapsed time: 0:20:45, Estimated time left: 1:19:54
2025-02-11 10:36:44,008 - INFO - Trial: 54/100, Epoch: 3/10, Val loss: 0.0005, Elapsed time: 0:30:44, Estimated time left: 1:09:48
2025-02-11 10:46:46,467 - INFO - Trial: 54/100, Epoch: 4/10, Val loss: 0.0004, Elapsed time: 0:40:46, Estimated time left: 1:00:14
2025-02-11 10:56:49,158 - INFO - Trial: 54/100, Epoch: 5/10, Val loss: 0.0003, Elapsed time: 0:50:49, Estimated time left: 0:50:13
2025-02-11 11:06:51,490 - INFO - Trial: 54/100, Epoch: 6/10, Val loss: 0.0003, Elapsed time: 1:00:51, Estimated time left: 0:40:09
2025-02-11 11:16:45,775 - INFO - Trial: 54/100, Epoch: 7/10, Val loss: 0.0002, Elapsed time: 1:10:45, Estimated time left: 0:29:42
2025-02-11 11:26:38,562 - INFO - Trial: 54/100, Epoch: 8/10, Val loss: 0.0002, Elapsed time: 1:20:38, Estimated time left: 0:19:45
2025-02-11 11:36:28,760 - INFO - Trial: 54/100, Epoch: 9/10, Val loss: 0.0002, Elapsed time: 1:30:28, Estimated time left: 0:09:50
2025-02-11 11:46:18,968 - INFO - Trial: 54/100, Epoch: 10/10, Val loss: 0.0002, Elapsed time: 1:40:19, Estimated time left: 0:00:00
2025-02-11 11:46:18,970 - INFO - Trial 53 finished with value: 0.00020540259871449666 and parameters: {'hidden_layers': 7, 'n_units_l': 475, 'lr': 8.286146838046247e-05, 'batch_size': 30}. Best is trial 38 with value: 0.00019503775862250657.
2025-02-11 11:46:18,973 - INFO - Elapsed time: 157972.78 seconds
2025-02-11 11:46:18,973 - INFO - Estimated time left: 0.00 seconds
2025-02-11 11:55:15,868 - INFO - Trial: 55/100, Epoch: 1/10, Val loss: 0.0472, Elapsed time: 0:08:56, Estimated time left: 1:20:31
2025-02-11 12:03:48,237 - INFO - Trial: 55/100, Epoch: 2/10, Val loss: 0.0007, Elapsed time: 0:17:29, Estimated time left: 1:08:18
2025-02-11 12:12:15,242 - INFO - Trial: 55/100, Epoch: 3/10, Val loss: 0.0004, Elapsed time: 0:25:56, Estimated time left: 0:59:09
2025-02-11 12:20:44,792 - INFO - Trial: 55/100, Epoch: 4/10, Val loss: 0.0003, Elapsed time: 0:34:25, Estimated time left: 0:50:57
2025-02-11 12:29:17,238 - INFO - Trial: 55/100, Epoch: 5/10, Val loss: 0.0003, Elapsed time: 0:42:58, Estimated time left: 0:42:42
2025-02-11 12:38:05,433 - INFO - Trial: 55/100, Epoch: 6/10, Val loss: 0.0002, Elapsed time: 0:51:46, Estimated time left: 0:35:12
2025-02-11 12:46:50,275 - INFO - Trial: 55/100, Epoch: 7/10, Val loss: 0.0003, Elapsed time: 1:00:31, Estimated time left: 0:26:14
2025-02-11 12:55:34,363 - INFO - Trial: 55/100, Epoch: 8/10, Val loss: 0.0002, Elapsed time: 1:09:15, Estimated time left: 0:17:28
2025-02-11 13:04:14,936 - INFO - Trial: 55/100, Epoch: 9/10, Val loss: 0.0002, Elapsed time: 1:17:55, Estimated time left: 0:08:40
2025-02-11 13:12:54,100 - INFO - Trial: 55/100, Epoch: 10/10, Val loss: 0.0002, Elapsed time: 1:26:35, Estimated time left: 0:00:00
2025-02-11 13:12:54,102 - INFO - Trial 54 finished with value: 0.00018281718529685167 and parameters: {'hidden_layers': 6, 'n_units_l': 484, 'lr': 8.727063100330734e-05, 'batch_size': 32}. Best is trial 54 with value: 0.00018281718529685167.
2025-02-11 13:12:54,105 - INFO - Elapsed time: 163167.91 seconds
2025-02-11 13:12:54,106 - INFO - Estimated time left: 0.00 seconds
2025-02-11 13:25:35,816 - INFO - Trial: 56/100, Epoch: 1/10, Val loss: 0.0262, Elapsed time: 0:12:41, Estimated time left: 1:54:15
2025-02-11 13:37:12,591 - INFO - Trial: 56/100, Epoch: 2/10, Val loss: 0.0007, Elapsed time: 0:24:18, Estimated time left: 1:32:54
2025-02-11 13:49:20,021 - INFO - Trial: 56/100, Epoch: 3/10, Val loss: 0.0005, Elapsed time: 0:36:25, Estimated time left: 1:24:52
2025-02-11 14:01:34,138 - INFO - Trial: 56/100, Epoch: 4/10, Val loss: 0.0004, Elapsed time: 0:48:40, Estimated time left: 1:13:24
2025-02-11 14:13:15,362 - INFO - Trial: 56/100, Epoch: 5/10, Val loss: 0.0004, Elapsed time: 1:00:21, Estimated time left: 0:58:26
2025-02-11 14:25:19,526 - INFO - Trial: 56/100, Epoch: 6/10, Val loss: 0.0003, Elapsed time: 1:12:25, Estimated time left: 0:48:16
2025-02-11 14:37:38,847 - INFO - Trial: 56/100, Epoch: 7/10, Val loss: 0.0003, Elapsed time: 1:24:44, Estimated time left: 0:36:57
2025-02-11 14:49:26,359 - INFO - Trial: 56/100, Epoch: 8/10, Val loss: 0.0003, Elapsed time: 1:36:32, Estimated time left: 0:23:35
2025-02-11 15:01:18,277 - INFO - Trial: 56/100, Epoch: 9/10, Val loss: 0.0003, Elapsed time: 1:48:24, Estimated time left: 0:11:51
2025-02-11 15:13:17,494 - INFO - Trial: 56/100, Epoch: 10/10, Val loss: 0.0003, Elapsed time: 2:00:23, Estimated time left: 0:00:00
2025-02-11 15:13:17,496 - INFO - Trial 55 finished with value: 0.00027053351115866026 and parameters: {'hidden_layers': 6, 'n_units_l': 467, 'lr': 0.00024357338338678209, 'batch_size': 23}. Best is trial 54 with value: 0.00018281718529685167.
2025-02-11 15:13:17,499 - INFO - Elapsed time: 170391.31 seconds
2025-02-11 15:13:17,499 - INFO - Estimated time left: 0.00 seconds
2025-02-11 15:29:20,507 - INFO - Trial: 57/100, Epoch: 1/10, Val loss: 0.1212, Elapsed time: 0:16:02, Estimated time left: 2:24:26
2025-02-11 15:44:24,554 - INFO - Trial: 57/100, Epoch: 2/10, Val loss: 0.0009, Elapsed time: 0:31:07, Estimated time left: 2:00:32
2025-02-11 15:57:44,209 - INFO - Trial: 57/100, Epoch: 3/10, Val loss: 0.0007, Elapsed time: 0:44:26, Estimated time left: 1:33:17
2025-02-11 16:12:49,857 - INFO - Trial: 57/100, Epoch: 4/10, Val loss: 0.0005, Elapsed time: 0:59:32, Estimated time left: 1:30:33
2025-02-11 16:28:09,703 - INFO - Trial: 57/100, Epoch: 5/10, Val loss: 0.0004, Elapsed time: 1:14:52, Estimated time left: 1:16:39
2025-02-11 16:43:20,437 - INFO - Trial: 57/100, Epoch: 6/10, Val loss: 0.0004, Elapsed time: 1:30:02, Estimated time left: 1:00:42
2025-02-11 16:58:21,497 - INFO - Trial: 57/100, Epoch: 7/10, Val loss: 0.0003, Elapsed time: 1:45:03, Estimated time left: 0:45:03
2025-02-11 17:13:43,933 - INFO - Trial: 57/100, Epoch: 8/10, Val loss: 0.0003, Elapsed time: 2:00:26, Estimated time left: 0:30:44
2025-02-11 17:29:00,878 - INFO - Trial: 57/100, Epoch: 9/10, Val loss: 0.0003, Elapsed time: 2:15:43, Estimated time left: 0:15:16
2025-02-11 17:43:54,589 - INFO - Trial: 57/100, Epoch: 10/10, Val loss: 0.0002, Elapsed time: 2:30:37, Estimated time left: 0:00:00
2025-02-11 17:43:54,590 - INFO - Trial 56 finished with value: 0.0002458127863532947 and parameters: {'hidden_layers': 7, 'n_units_l': 258, 'lr': 4.080673285736151e-05, 'batch_size': 18}. Best is trial 54 with value: 0.00018281718529685167.
2025-02-11 17:43:54,593 - INFO - Elapsed time: 179428.40 seconds
2025-02-11 17:43:54,593 - INFO - Estimated time left: 0.00 seconds
2025-02-11 17:52:38,650 - INFO - Trial: 58/100, Epoch: 1/10, Val loss: 0.0685, Elapsed time: 0:08:44, Estimated time left: 1:18:36
2025-02-11 18:00:47,028 - INFO - Trial: 58/100, Epoch: 2/10, Val loss: 0.0007, Elapsed time: 0:16:52, Estimated time left: 1:05:07
2025-02-11 18:09:21,961 - INFO - Trial: 58/100, Epoch: 3/10, Val loss: 0.0005, Elapsed time: 0:25:27, Estimated time left: 1:00:04
2025-02-11 18:16:46,358 - INFO - Trial: 58/100, Epoch: 4/10, Val loss: 0.0004, Elapsed time: 0:32:51, Estimated time left: 0:44:26
2025-02-11 18:22:40,329 - INFO - Trial: 58/100, Epoch: 5/10, Val loss: 0.0003, Elapsed time: 0:38:45, Estimated time left: 0:29:29
2025-02-11 18:28:33,334 - INFO - Trial: 58/100, Epoch: 6/10, Val loss: 0.0003, Elapsed time: 0:44:38, Estimated time left: 0:23:32
2025-02-11 18:34:26,284 - INFO - Trial: 58/100, Epoch: 7/10, Val loss: 0.0003, Elapsed time: 0:50:31, Estimated time left: 0:17:38
2025-02-11 18:40:20,286 - INFO - Trial: 58/100, Epoch: 8/10, Val loss: 0.0002, Elapsed time: 0:56:25, Estimated time left: 0:11:48
2025-02-11 18:46:12,878 - INFO - Trial: 58/100, Epoch: 9/10, Val loss: 0.0002, Elapsed time: 1:02:18, Estimated time left: 0:05:52
2025-02-11 18:52:05,210 - INFO - Trial: 58/100, Epoch: 10/10, Val loss: 0.0002, Elapsed time: 1:08:10, Estimated time left: 0:00:00
2025-02-11 18:52:05,212 - INFO - Trial 57 finished with value: 0.00018463445107941406 and parameters: {'hidden_layers': 6, 'n_units_l': 470, 'lr': 7.723005845177484e-05, 'batch_size': 33}. Best is trial 54 with value: 0.00018281718529685167.
2025-02-11 18:52:05,215 - INFO - Elapsed time: 183519.02 seconds
2025-02-11 18:52:05,216 - INFO - Estimated time left: 0.00 seconds
2025-02-11 18:56:25,154 - INFO - Trial: 59/100, Epoch: 1/10, Val loss: 0.0672, Elapsed time: 0:04:19, Estimated time left: 0:38:59
2025-02-11 19:00:29,425 - INFO - Trial: 59/100, Epoch: 2/10, Val loss: 0.0006, Elapsed time: 0:08:24, Estimated time left: 0:32:34
2025-02-11 19:05:30,757 - INFO - Trial: 59/100, Epoch: 3/10, Val loss: 0.0005, Elapsed time: 0:13:25, Estimated time left: 0:35:09
2025-02-11 19:10:37,495 - INFO - Trial: 59/100, Epoch: 4/10, Val loss: 0.0004, Elapsed time: 0:18:32, Estimated time left: 0:30:40
2025-02-11 19:14:49,418 - INFO - Trial: 59/100, Epoch: 5/10, Val loss: 0.0003, Elapsed time: 0:22:44, Estimated time left: 0:20:59
2025-02-11 19:19:55,871 - INFO - Trial: 59/100, Epoch: 6/10, Val loss: 0.0003, Elapsed time: 0:27:50, Estimated time left: 0:20:25
2025-02-11 19:25:41,713 - INFO - Trial: 59/100, Epoch: 7/10, Val loss: 0.0002, Elapsed time: 0:33:36, Estimated time left: 0:17:17
2025-02-11 19:31:27,071 - INFO - Trial: 59/100, Epoch: 8/10, Val loss: 0.0002, Elapsed time: 0:39:21, Estimated time left: 0:11:30
2025-02-11 19:37:12,618 - INFO - Trial: 59/100, Epoch: 9/10, Val loss: 0.0002, Elapsed time: 0:45:07, Estimated time left: 0:05:45
2025-02-11 19:42:45,517 - INFO - Trial: 59/100, Epoch: 10/10, Val loss: 0.0002, Elapsed time: 0:50:40, Estimated time left: 0:00:00
2025-02-11 19:42:45,519 - INFO - Trial 58 finished with value: 0.0002119686495432039 and parameters: {'hidden_layers': 5, 'n_units_l': 481, 'lr': 0.00015356390709976117, 'batch_size': 45}. Best is trial 54 with value: 0.00018281718529685167.
2025-02-11 19:42:45,523 - INFO - Elapsed time: 186559.33 seconds
2025-02-11 19:42:45,524 - INFO - Estimated time left: 0.00 seconds
2025-02-11 19:50:04,625 - INFO - Trial: 60/100, Epoch: 1/10, Val loss: 0.2513, Elapsed time: 0:07:19, Estimated time left: 1:05:51
2025-02-11 19:57:01,095 - INFO - Trial: 60/100, Epoch: 2/10, Val loss: 0.0015, Elapsed time: 0:14:15, Estimated time left: 0:55:31
2025-02-11 20:04:02,891 - INFO - Trial: 60/100, Epoch: 3/10, Val loss: 0.0013, Elapsed time: 0:21:17, Estimated time left: 0:49:12
2025-02-11 20:11:03,709 - INFO - Trial: 60/100, Epoch: 4/10, Val loss: 0.0011, Elapsed time: 0:28:18, Estimated time left: 0:42:04
2025-02-11 20:18:13,871 - INFO - Trial: 60/100, Epoch: 5/10, Val loss: 0.0010, Elapsed time: 0:35:28, Estimated time left: 0:35:50
2025-02-11 20:25:26,636 - INFO - Trial: 60/100, Epoch: 6/10, Val loss: 0.0008, Elapsed time: 0:42:41, Estimated time left: 0:28:51
2025-02-11 20:32:39,920 - INFO - Trial: 60/100, Epoch: 7/10, Val loss: 0.0008, Elapsed time: 0:49:54, Estimated time left: 0:21:39
2025-02-11 20:39:39,260 - INFO - Trial: 60/100, Epoch: 8/10, Val loss: 0.0007, Elapsed time: 0:56:53, Estimated time left: 0:13:58
2025-02-11 20:46:44,432 - INFO - Trial: 60/100, Epoch: 9/10, Val loss: 0.0007, Elapsed time: 1:03:58, Estimated time left: 0:07:05
2025-02-11 20:53:50,106 - INFO - Trial: 60/100, Epoch: 10/10, Val loss: 0.0006, Elapsed time: 1:11:04, Estimated time left: 0:00:00
2025-02-11 20:53:50,109 - INFO - Trial 59 finished with value: 0.0006169022789858226 and parameters: {'hidden_layers': 6, 'n_units_l': 296, 'lr': 1.5206139064884763e-05, 'batch_size': 37}. Best is trial 54 with value: 0.00018281718529685167.
2025-02-11 20:53:50,112 - INFO - Elapsed time: 190823.92 seconds
2025-02-11 20:53:50,112 - INFO - Estimated time left: 0.00 seconds
2025-02-11 21:02:09,888 - INFO - Trial: 61/100, Epoch: 1/10, Val loss: 0.0906, Elapsed time: 0:08:19, Estimated time left: 1:14:57
2025-02-11 21:10:06,087 - INFO - Trial: 61/100, Epoch: 2/10, Val loss: 0.0007, Elapsed time: 0:16:15, Estimated time left: 1:03:29
2025-02-11 21:18:05,199 - INFO - Trial: 61/100, Epoch: 3/10, Val loss: 0.0005, Elapsed time: 0:24:15, Estimated time left: 0:55:53
2025-02-11 21:25:53,889 - INFO - Trial: 61/100, Epoch: 4/10, Val loss: 0.0004, Elapsed time: 0:32:03, Estimated time left: 0:46:52
2025-02-11 21:33:41,077 - INFO - Trial: 61/100, Epoch: 5/10, Val loss: 0.0004, Elapsed time: 0:39:50, Estimated time left: 0:38:55
2025-02-11 21:41:27,280 - INFO - Trial: 61/100, Epoch: 6/10, Val loss: 0.0003, Elapsed time: 0:47:37, Estimated time left: 0:31:04
2025-02-11 21:49:13,805 - INFO - Trial: 61/100, Epoch: 7/10, Val loss: 0.0003, Elapsed time: 0:55:23, Estimated time left: 0:23:19
2025-02-11 21:57:03,386 - INFO - Trial: 61/100, Epoch: 8/10, Val loss: 0.0002, Elapsed time: 1:03:13, Estimated time left: 0:15:39
2025-02-11 22:04:51,964 - INFO - Trial: 61/100, Epoch: 9/10, Val loss: 0.0002, Elapsed time: 1:11:01, Estimated time left: 0:07:48
2025-02-11 22:12:50,300 - INFO - Trial: 61/100, Epoch: 10/10, Val loss: 0.0002, Elapsed time: 1:19:00, Estimated time left: 0:00:00
2025-02-11 22:12:50,302 - INFO - Trial 60 finished with value: 0.00020807961534141827 and parameters: {'hidden_layers': 6, 'n_units_l': 390, 'lr': 7.290095157163114e-05, 'batch_size': 33}. Best is trial 54 with value: 0.00018281718529685167.
2025-02-11 22:12:50,305 - INFO - Elapsed time: 195564.11 seconds
2025-02-11 22:12:50,306 - INFO - Estimated time left: 0.00 seconds
2025-02-11 22:22:16,178 - INFO - Trial: 62/100, Epoch: 1/10, Val loss: 0.0490, Elapsed time: 0:09:25, Estimated time left: 1:24:52
2025-02-11 22:30:50,009 - INFO - Trial: 62/100, Epoch: 2/10, Val loss: 0.0006, Elapsed time: 0:17:59, Estimated time left: 1:08:30
2025-02-11 22:39:23,618 - INFO - Trial: 62/100, Epoch: 3/10, Val loss: 0.0006, Elapsed time: 0:26:33, Estimated time left: 0:59:55
2025-02-11 22:47:57,900 - INFO - Trial: 62/100, Epoch: 4/10, Val loss: 0.0004, Elapsed time: 0:35:07, Estimated time left: 0:51:25
2025-02-11 22:56:35,645 - INFO - Trial: 62/100, Epoch: 5/10, Val loss: 0.0003, Elapsed time: 0:43:45, Estimated time left: 0:43:08
2025-02-11 23:05:39,502 - INFO - Trial: 62/100, Epoch: 6/10, Val loss: 0.0003, Elapsed time: 0:52:49, Estimated time left: 0:36:15
2025-02-11 23:15:04,794 - INFO - Trial: 62/100, Epoch: 7/10, Val loss: 0.0002, Elapsed time: 1:02:14, Estimated time left: 0:28:15
2025-02-11 23:24:28,308 - INFO - Trial: 62/100, Epoch: 8/10, Val loss: 0.0002, Elapsed time: 1:11:37, Estimated time left: 0:18:47
2025-02-11 23:33:57,839 - INFO - Trial: 62/100, Epoch: 9/10, Val loss: 0.0003, Elapsed time: 1:21:07, Estimated time left: 0:09:29
2025-02-11 23:43:28,400 - INFO - Trial: 62/100, Epoch: 10/10, Val loss: 0.0002, Elapsed time: 1:30:38, Estimated time left: 0:00:00
2025-02-11 23:43:28,401 - INFO - Trial 61 finished with value: 0.0002042025358342671 and parameters: {'hidden_layers': 6, 'n_units_l': 480, 'lr': 0.00011682542251127492, 'batch_size': 29}. Best is trial 54 with value: 0.00018281718529685167.
2025-02-11 23:43:28,405 - INFO - Elapsed time: 201002.21 seconds
2025-02-11 23:43:28,405 - INFO - Estimated time left: 0.00 seconds
2025-02-11 23:55:41,406 - INFO - Trial: 63/100, Epoch: 1/10, Val loss: 0.1633, Elapsed time: 0:12:12, Estimated time left: 1:49:56
2025-02-12 00:07:14,025 - INFO - Trial: 63/100, Epoch: 2/10, Val loss: 0.1632, Elapsed time: 0:23:45, Estimated time left: 1:32:20
2025-02-12 00:18:48,961 - INFO - Trial: 63/100, Epoch: 3/10, Val loss: 0.1640, Elapsed time: 0:35:20, Estimated time left: 1:21:04
2025-02-12 00:30:16,573 - INFO - Trial: 63/100, Epoch: 4/10, Val loss: 0.1647, Elapsed time: 0:46:48, Estimated time left: 1:08:45
2025-02-12 00:41:37,004 - INFO - Trial: 63/100, Epoch: 5/10, Val loss: 0.1635, Elapsed time: 0:58:08, Estimated time left: 0:56:42
2025-02-12 00:53:08,997 - INFO - Trial: 63/100, Epoch: 6/10, Val loss: 0.1635, Elapsed time: 1:09:40, Estimated time left: 0:46:07
2025-02-12 01:05:19,503 - INFO - Trial: 63/100, Epoch: 7/10, Val loss: 0.1633, Elapsed time: 1:21:51, Estimated time left: 0:36:31
2025-02-12 01:17:23,259 - INFO - Trial: 63/100, Epoch: 8/10, Val loss: 0.1633, Elapsed time: 1:33:54, Estimated time left: 0:24:07
2025-02-12 01:28:51,965 - INFO - Trial: 63/100, Epoch: 9/10, Val loss: 0.1632, Elapsed time: 1:45:23, Estimated time left: 0:11:28
2025-02-12 01:40:22,061 - INFO - Trial: 63/100, Epoch: 10/10, Val loss: 0.1649, Elapsed time: 1:56:53, Estimated time left: 0:00:00
2025-02-12 01:40:22,064 - INFO - Trial 62 finished with value: 0.16485821728576028 and parameters: {'hidden_layers': 6, 'n_units_l': 436, 'lr': 0.08908255348055023, 'batch_size': 24}. Best is trial 54 with value: 0.00018281718529685167.
2025-02-12 01:40:22,067 - INFO - Elapsed time: 208015.87 seconds
2025-02-12 01:40:22,067 - INFO - Estimated time left: 0.00 seconds
2025-02-12 01:53:39,240 - INFO - Trial: 64/100, Epoch: 1/10, Val loss: 0.0404, Elapsed time: 0:13:17, Estimated time left: 1:59:34
2025-02-12 02:06:17,673 - INFO - Trial: 64/100, Epoch: 2/10, Val loss: 0.0006, Elapsed time: 0:25:55, Estimated time left: 1:41:07
2025-02-12 02:18:45,400 - INFO - Trial: 64/100, Epoch: 3/10, Val loss: 0.0005, Elapsed time: 0:38:23, Estimated time left: 1:27:14
2025-02-12 02:31:06,409 - INFO - Trial: 64/100, Epoch: 4/10, Val loss: 0.0004, Elapsed time: 0:50:44, Estimated time left: 1:14:06
2025-02-12 02:42:56,327 - INFO - Trial: 64/100, Epoch: 5/10, Val loss: 0.0003, Elapsed time: 1:02:34, Estimated time left: 0:59:09
2025-02-12 02:54:30,217 - INFO - Trial: 64/100, Epoch: 6/10, Val loss: 0.0003, Elapsed time: 1:14:08, Estimated time left: 0:46:15
2025-02-12 03:06:32,437 - INFO - Trial: 64/100, Epoch: 7/10, Val loss: 0.0003, Elapsed time: 1:26:10, Estimated time left: 0:36:06
2025-02-12 03:19:02,582 - INFO - Trial: 64/100, Epoch: 8/10, Val loss: 0.0003, Elapsed time: 1:38:40, Estimated time left: 0:25:00
2025-02-12 03:31:15,347 - INFO - Trial: 64/100, Epoch: 9/10, Val loss: 0.0002, Elapsed time: 1:50:53, Estimated time left: 0:12:12
2025-02-12 03:43:26,965 - INFO - Trial: 64/100, Epoch: 10/10, Val loss: 0.0002, Elapsed time: 2:03:04, Estimated time left: 0:00:00
2025-02-12 03:43:26,967 - INFO - Trial 63 finished with value: 0.00023463518083734016 and parameters: {'hidden_layers': 5, 'n_units_l': 482, 'lr': 0.00015017173419476414, 'batch_size': 20}. Best is trial 54 with value: 0.00018281718529685167.
2025-02-12 03:43:26,971 - INFO - Elapsed time: 215400.78 seconds
2025-02-12 03:43:26,971 - INFO - Estimated time left: 0.00 seconds
2025-02-12 03:51:55,225 - INFO - Trial: 65/100, Epoch: 1/10, Val loss: 0.0516, Elapsed time: 0:08:28, Estimated time left: 1:16:14
2025-02-12 03:57:36,934 - INFO - Trial: 65/100, Epoch: 2/10, Val loss: 0.0007, Elapsed time: 0:14:09, Estimated time left: 0:45:33
2025-02-12 04:03:17,475 - INFO - Trial: 65/100, Epoch: 3/10, Val loss: 0.0005, Elapsed time: 0:19:50, Estimated time left: 0:39:43
2025-02-12 04:08:58,579 - INFO - Trial: 65/100, Epoch: 4/10, Val loss: 0.0004, Elapsed time: 0:25:31, Estimated time left: 0:34:06
2025-02-12 04:14:38,983 - INFO - Trial: 65/100, Epoch: 5/10, Val loss: 0.0003, Elapsed time: 0:31:11, Estimated time left: 0:28:22
2025-02-12 04:20:19,305 - INFO - Trial: 65/100, Epoch: 6/10, Val loss: 0.0003, Elapsed time: 0:36:52, Estimated time left: 0:22:41
2025-02-12 04:25:59,284 - INFO - Trial: 65/100, Epoch: 7/10, Val loss: 0.0003, Elapsed time: 0:42:32, Estimated time left: 0:16:59
2025-02-12 04:31:39,939 - INFO - Trial: 65/100, Epoch: 8/10, Val loss: 0.0002, Elapsed time: 0:48:12, Estimated time left: 0:11:21
2025-02-12 04:37:19,953 - INFO - Trial: 65/100, Epoch: 9/10, Val loss: 0.0002, Elapsed time: 0:53:52, Estimated time left: 0:05:40
2025-02-12 04:43:04,985 - INFO - Trial: 65/100, Epoch: 10/10, Val loss: 0.0002, Elapsed time: 0:59:37, Estimated time left: 0:00:00
