2025-02-12 04:43:04,987 - INFO - Trial 64 finished with value: 0.00021263991708377284 and parameters: {'hidden_layers': 6, 'n_units_l': 492, 'lr': 0.00011341824247703519, 'batch_size': 30}. Best is trial 54 with value: 0.00018281718529685167.
2025-02-12 04:43:04,990 - INFO - Elapsed time: 218978.80 seconds
2025-02-12 04:43:04,990 - INFO - Estimated time left: 0.00 seconds
2025-02-12 04:48:14,154 - INFO - Trial: 66/100, Epoch: 1/10, Val loss: 0.1496, Elapsed time: 0:05:09, Estimated time left: 0:46:22
2025-02-12 04:52:55,812 - INFO - Trial: 66/100, Epoch: 2/10, Val loss: 0.0008, Elapsed time: 0:09:50, Estimated time left: 0:37:33
2025-02-12 04:57:38,221 - INFO - Trial: 66/100, Epoch: 3/10, Val loss: 0.0005, Elapsed time: 0:14:33, Estimated time left: 0:32:56
2025-02-12 05:02:20,339 - INFO - Trial: 66/100, Epoch: 4/10, Val loss: 0.0004, Elapsed time: 0:19:15, Estimated time left: 0:28:12
2025-02-12 05:07:02,635 - INFO - Trial: 66/100, Epoch: 5/10, Val loss: 0.0003, Elapsed time: 0:23:57, Estimated time left: 0:23:31
2025-02-12 05:11:45,013 - INFO - Trial: 66/100, Epoch: 6/10, Val loss: 0.0002, Elapsed time: 0:28:40, Estimated time left: 0:18:49
2025-02-12 05:16:27,189 - INFO - Trial: 66/100, Epoch: 7/10, Val loss: 0.0002, Elapsed time: 0:33:22, Estimated time left: 0:14:06
2025-02-12 05:21:09,394 - INFO - Trial: 66/100, Epoch: 8/10, Val loss: 0.0002, Elapsed time: 0:38:04, Estimated time left: 0:09:24
2025-02-12 05:25:51,409 - INFO - Trial: 66/100, Epoch: 9/10, Val loss: 0.0002, Elapsed time: 0:42:46, Estimated time left: 0:04:42
2025-02-12 05:30:33,911 - INFO - Trial: 66/100, Epoch: 10/10, Val loss: 0.0002, Elapsed time: 0:47:28, Estimated time left: 0:00:00
2025-02-12 05:30:33,913 - INFO - Trial 65 finished with value: 0.00020972742768048192 and parameters: {'hidden_layers': 7, 'n_units_l': 452, 'lr': 4.939631160427955e-05, 'batch_size': 40}. Best is trial 54 with value: 0.00018281718529685167.
2025-02-12 05:30:33,917 - INFO - Elapsed time: 221827.72 seconds
2025-02-12 05:30:33,917 - INFO - Estimated time left: 0.00 seconds
2025-02-12 05:34:45,526 - INFO - Trial: 67/100, Epoch: 1/10, Val loss: 0.0155, Elapsed time: 0:04:11, Estimated time left: 0:37:44
2025-02-12 05:38:44,230 - INFO - Trial: 67/100, Epoch: 2/10, Val loss: 0.0006, Elapsed time: 0:08:10, Estimated time left: 0:31:49
2025-02-12 05:42:44,254 - INFO - Trial: 67/100, Epoch: 3/10, Val loss: 0.0005, Elapsed time: 0:12:10, Estimated time left: 0:28:00
2025-02-12 05:46:41,584 - INFO - Trial: 67/100, Epoch: 4/10, Val loss: 0.0004, Elapsed time: 0:16:07, Estimated time left: 0:23:43
2025-02-12 05:50:39,538 - INFO - Trial: 67/100, Epoch: 5/10, Val loss: 0.0004, Elapsed time: 0:20:05, Estimated time left: 0:19:49
2025-02-12 05:54:36,458 - INFO - Trial: 67/100, Epoch: 6/10, Val loss: 0.0003, Elapsed time: 0:24:02, Estimated time left: 0:15:47
2025-02-12 05:58:33,571 - INFO - Trial: 67/100, Epoch: 7/10, Val loss: 0.0003, Elapsed time: 0:27:59, Estimated time left: 0:11:51
2025-02-12 06:02:32,870 - INFO - Trial: 67/100, Epoch: 8/10, Val loss: 0.0003, Elapsed time: 0:31:58, Estimated time left: 0:07:58
2025-02-12 06:06:31,138 - INFO - Trial: 67/100, Epoch: 9/10, Val loss: 0.0003, Elapsed time: 0:35:57, Estimated time left: 0:03:58
2025-02-12 06:10:28,170 - INFO - Trial: 67/100, Epoch: 10/10, Val loss: 0.0003, Elapsed time: 0:39:54, Estimated time left: 0:00:00
2025-02-12 06:10:28,171 - INFO - Trial 66 finished with value: 0.00025892969321128766 and parameters: {'hidden_layers': 4, 'n_units_l': 431, 'lr': 0.00028952475348031784, 'batch_size': 47}. Best is trial 54 with value: 0.00018281718529685167.
2025-02-12 06:10:28,175 - INFO - Elapsed time: 224221.98 seconds
2025-02-12 06:10:28,175 - INFO - Estimated time left: 0.00 seconds
2025-02-12 06:16:53,055 - INFO - Trial: 68/100, Epoch: 1/10, Val loss: 0.0691, Elapsed time: 0:06:24, Estimated time left: 0:57:43
2025-02-12 06:22:55,938 - INFO - Trial: 68/100, Epoch: 2/10, Val loss: 0.0007, Elapsed time: 0:12:27, Estimated time left: 0:48:23
2025-02-12 06:28:58,963 - INFO - Trial: 68/100, Epoch: 3/10, Val loss: 0.0005, Elapsed time: 0:18:30, Estimated time left: 0:42:21
2025-02-12 06:35:00,530 - INFO - Trial: 68/100, Epoch: 4/10, Val loss: 0.0005, Elapsed time: 0:24:32, Estimated time left: 0:36:09
2025-02-12 06:41:03,296 - INFO - Trial: 68/100, Epoch: 5/10, Val loss: 0.0004, Elapsed time: 0:30:35, Estimated time left: 0:30:13
2025-02-12 06:47:05,633 - INFO - Trial: 68/100, Epoch: 6/10, Val loss: 0.0003, Elapsed time: 0:36:37, Estimated time left: 0:24:09
2025-02-12 06:53:08,311 - INFO - Trial: 68/100, Epoch: 7/10, Val loss: 0.0003, Elapsed time: 0:42:40, Estimated time left: 0:18:08
2025-02-12 06:59:11,205 - INFO - Trial: 68/100, Epoch: 8/10, Val loss: 0.0003, Elapsed time: 0:48:43, Estimated time left: 0:12:05
2025-02-12 07:05:14,127 - INFO - Trial: 68/100, Epoch: 9/10, Val loss: 0.0002, Elapsed time: 0:54:45, Estimated time left: 0:06:02
2025-02-12 07:11:16,793 - INFO - Trial: 68/100, Epoch: 10/10, Val loss: 0.0002, Elapsed time: 1:00:48, Estimated time left: 0:00:00
2025-02-12 07:11:16,795 - INFO - Trial 67 finished with value: 0.00024726420808357275 and parameters: {'hidden_layers': 6, 'n_units_l': 341, 'lr': 0.00020168038858413084, 'batch_size': 34}. Best is trial 54 with value: 0.00018281718529685167.
2025-02-12 07:11:16,799 - INFO - Elapsed time: 227870.61 seconds
2025-02-12 07:11:16,799 - INFO - Estimated time left: 0.00 seconds
2025-02-12 07:18:04,427 - INFO - Trial: 69/100, Epoch: 1/10, Val loss: 0.0542, Elapsed time: 0:06:47, Estimated time left: 1:01:08
2025-02-12 07:24:02,605 - INFO - Trial: 69/100, Epoch: 2/10, Val loss: 0.0010, Elapsed time: 0:12:45, Estimated time left: 0:47:45
2025-02-12 07:30:01,078 - INFO - Trial: 69/100, Epoch: 3/10, Val loss: 0.0007, Elapsed time: 0:18:44, Estimated time left: 0:41:49
2025-02-12 07:35:58,482 - INFO - Trial: 69/100, Epoch: 4/10, Val loss: 0.0007, Elapsed time: 0:24:41, Estimated time left: 0:35:44
2025-02-12 07:41:57,145 - INFO - Trial: 69/100, Epoch: 5/10, Val loss: 0.0005, Elapsed time: 0:30:40, Estimated time left: 0:29:53
2025-02-12 07:47:55,501 - INFO - Trial: 69/100, Epoch: 6/10, Val loss: 0.0005, Elapsed time: 0:36:38, Estimated time left: 0:23:53
2025-02-12 07:53:53,799 - INFO - Trial: 69/100, Epoch: 7/10, Val loss: 0.0004, Elapsed time: 0:42:36, Estimated time left: 0:17:54
2025-02-12 07:59:51,808 - INFO - Trial: 69/100, Epoch: 8/10, Val loss: 0.0004, Elapsed time: 0:48:34, Estimated time left: 0:11:56
2025-02-12 08:05:49,737 - INFO - Trial: 69/100, Epoch: 9/10, Val loss: 0.0004, Elapsed time: 0:54:32, Estimated time left: 0:05:57
2025-02-12 08:11:47,696 - INFO - Trial: 69/100, Epoch: 10/10, Val loss: 0.0003, Elapsed time: 1:00:30, Estimated time left: 0:00:00
2025-02-12 08:11:47,698 - INFO - Trial 68 finished with value: 0.0003253690321501169 and parameters: {'hidden_layers': 7, 'n_units_l': 384, 'lr': 0.0007720721846201903, 'batch_size': 30}. Best is trial 54 with value: 0.00018281718529685167.
2025-02-12 08:11:47,701 - INFO - Elapsed time: 231501.51 seconds
2025-02-12 08:11:47,702 - INFO - Estimated time left: 0.00 seconds
2025-02-12 08:20:11,959 - INFO - Trial: 70/100, Epoch: 1/10, Val loss: 0.1131, Elapsed time: 0:08:24, Estimated time left: 1:15:38
2025-02-12 08:28:09,202 - INFO - Trial: 70/100, Epoch: 2/10, Val loss: 0.0008, Elapsed time: 0:16:21, Estimated time left: 1:03:37
2025-02-12 08:36:06,200 - INFO - Trial: 70/100, Epoch: 3/10, Val loss: 0.0005, Elapsed time: 0:24:18, Estimated time left: 0:55:38
2025-02-12 08:42:01,637 - INFO - Trial: 70/100, Epoch: 4/10, Val loss: 0.0004, Elapsed time: 0:30:13, Estimated time left: 0:35:32
2025-02-12 08:47:59,361 - INFO - Trial: 70/100, Epoch: 5/10, Val loss: 0.0003, Elapsed time: 0:36:11, Estimated time left: 0:29:48
2025-02-12 08:53:54,485 - INFO - Trial: 70/100, Epoch: 6/10, Val loss: 0.0003, Elapsed time: 0:42:06, Estimated time left: 0:23:40
2025-02-12 09:01:51,730 - INFO - Trial: 70/100, Epoch: 7/10, Val loss: 0.0003, Elapsed time: 0:50:04, Estimated time left: 0:23:51
2025-02-12 09:09:49,898 - INFO - Trial: 70/100, Epoch: 8/10, Val loss: 0.0002, Elapsed time: 0:58:02, Estimated time left: 0:15:56
2025-02-12 09:15:45,496 - INFO - Trial: 70/100, Epoch: 9/10, Val loss: 0.0002, Elapsed time: 1:03:57, Estimated time left: 0:05:55
2025-02-12 09:23:42,537 - INFO - Trial: 70/100, Epoch: 10/10, Val loss: 0.0002, Elapsed time: 1:11:54, Estimated time left: 0:00:00
2025-02-12 09:23:42,539 - INFO - Trial 69 finished with value: 0.00020403422334204608 and parameters: {'hidden_layers': 5, 'n_units_l': 406, 'lr': 3.942134911149588e-05, 'batch_size': 25}. Best is trial 54 with value: 0.00018281718529685167.
2025-02-12 09:23:42,542 - INFO - Elapsed time: 235816.35 seconds
2025-02-12 09:23:42,542 - INFO - Estimated time left: 0.00 seconds
2025-02-12 09:32:55,243 - INFO - Trial: 71/100, Epoch: 1/10, Val loss: 0.1050, Elapsed time: 0:09:12, Estimated time left: 1:22:54
2025-02-12 09:40:17,012 - INFO - Trial: 71/100, Epoch: 2/10, Val loss: 0.0008, Elapsed time: 0:16:34, Estimated time left: 0:58:54
2025-02-12 09:50:04,054 - INFO - Trial: 71/100, Epoch: 3/10, Val loss: 0.0006, Elapsed time: 0:26:21, Estimated time left: 1:08:29
2025-02-12 09:57:25,817 - INFO - Trial: 71/100, Epoch: 4/10, Val loss: 0.0004, Elapsed time: 0:33:43, Estimated time left: 0:44:10
2025-02-12 10:06:27,793 - INFO - Trial: 71/100, Epoch: 5/10, Val loss: 0.0003, Elapsed time: 0:42:45, Estimated time left: 0:45:09
2025-02-12 10:14:01,105 - INFO - Trial: 71/100, Epoch: 6/10, Val loss: 0.0003, Elapsed time: 0:50:18, Estimated time left: 0:30:13
2025-02-12 10:21:30,843 - INFO - Trial: 71/100, Epoch: 7/10, Val loss: 0.0003, Elapsed time: 0:57:48, Estimated time left: 0:22:29
2025-02-12 10:29:36,439 - INFO - Trial: 71/100, Epoch: 8/10, Val loss: 0.0003, Elapsed time: 1:05:53, Estimated time left: 0:16:11
2025-02-12 10:37:55,356 - INFO - Trial: 71/100, Epoch: 9/10, Val loss: 0.0002, Elapsed time: 1:14:12, Estimated time left: 0:08:18
2025-02-12 10:47:20,154 - INFO - Trial: 71/100, Epoch: 10/10, Val loss: 0.0002, Elapsed time: 1:23:37, Estimated time left: 0:00:00
2025-02-12 10:47:20,155 - INFO - Trial 70 finished with value: 0.00019680192113453814 and parameters: {'hidden_layers': 5, 'n_units_l': 402, 'lr': 3.5610243755338674e-05, 'batch_size': 20}. Best is trial 54 with value: 0.00018281718529685167.
2025-02-12 10:47:20,158 - INFO - Elapsed time: 240833.96 seconds
2025-02-12 10:47:20,158 - INFO - Estimated time left: 0.00 seconds
2025-02-12 10:59:02,248 - INFO - Trial: 72/100, Epoch: 1/10, Val loss: 0.1242, Elapsed time: 0:11:42, Estimated time left: 1:45:18
2025-02-12 11:07:10,690 - INFO - Trial: 72/100, Epoch: 2/10, Val loss: 0.0009, Elapsed time: 0:19:50, Estimated time left: 1:05:07
2025-02-12 11:18:21,890 - INFO - Trial: 72/100, Epoch: 3/10, Val loss: 0.0006, Elapsed time: 0:31:01, Estimated time left: 1:18:18
2025-02-12 11:26:17,650 - INFO - Trial: 72/100, Epoch: 4/10, Val loss: 0.0005, Elapsed time: 0:38:57, Estimated time left: 0:47:34
2025-02-12 11:33:55,058 - INFO - Trial: 72/100, Epoch: 5/10, Val loss: 0.0004, Elapsed time: 0:46:34, Estimated time left: 0:38:07
2025-02-12 11:39:59,219 - INFO - Trial: 72/100, Epoch: 6/10, Val loss: 0.0003, Elapsed time: 0:52:39, Estimated time left: 0:24:16
2025-02-12 11:46:03,600 - INFO - Trial: 72/100, Epoch: 7/10, Val loss: 0.0003, Elapsed time: 0:58:43, Estimated time left: 0:18:13
2025-02-12 11:52:06,809 - INFO - Trial: 72/100, Epoch: 8/10, Val loss: 0.0003, Elapsed time: 1:04:46, Estimated time left: 0:12:06
2025-02-12 12:00:07,737 - INFO - Trial: 72/100, Epoch: 9/10, Val loss: 0.0002, Elapsed time: 1:12:47, Estimated time left: 0:08:00
2025-02-12 12:06:09,194 - INFO - Trial: 72/100, Epoch: 10/10, Val loss: 0.0002, Elapsed time: 1:18:49, Estimated time left: 0:00:00
2025-02-12 12:06:09,195 - INFO - Trial 71 finished with value: 0.0002209437430080925 and parameters: {'hidden_layers': 5, 'n_units_l': 403, 'lr': 3.340888299606801e-05, 'batch_size': 25}. Best is trial 54 with value: 0.00018281718529685167.
2025-02-12 12:06:09,198 - INFO - Elapsed time: 245563.00 seconds
2025-02-12 12:06:09,198 - INFO - Estimated time left: 0.00 seconds
2025-02-12 12:14:21,166 - INFO - Trial: 73/100, Epoch: 1/10, Val loss: 0.1050, Elapsed time: 0:08:11, Estimated time left: 1:13:47
2025-02-12 12:22:01,853 - INFO - Trial: 73/100, Epoch: 2/10, Val loss: 0.0011, Elapsed time: 0:15:52, Estimated time left: 1:01:25
2025-02-12 12:29:20,528 - INFO - Trial: 73/100, Epoch: 3/10, Val loss: 0.0008, Elapsed time: 0:23:11, Estimated time left: 0:51:10
2025-02-12 12:35:53,514 - INFO - Trial: 73/100, Epoch: 4/10, Val loss: 0.0007, Elapsed time: 0:29:44, Estimated time left: 0:39:17
2025-02-12 12:42:26,261 - INFO - Trial: 73/100, Epoch: 5/10, Val loss: 0.0006, Elapsed time: 0:36:17, Estimated time left: 0:32:43
2025-02-12 12:48:59,144 - INFO - Trial: 73/100, Epoch: 6/10, Val loss: 0.0005, Elapsed time: 0:42:49, Estimated time left: 0:26:11
2025-02-12 12:55:31,803 - INFO - Trial: 73/100, Epoch: 7/10, Val loss: 0.0005, Elapsed time: 0:49:22, Estimated time left: 0:19:37
2025-02-12 13:02:05,395 - INFO - Trial: 73/100, Epoch: 8/10, Val loss: 0.0004, Elapsed time: 0:55:56, Estimated time left: 0:13:07
2025-02-12 13:08:38,517 - INFO - Trial: 73/100, Epoch: 9/10, Val loss: 0.0004, Elapsed time: 1:02:29, Estimated time left: 0:06:33
2025-02-12 13:15:11,485 - INFO - Trial: 73/100, Epoch: 10/10, Val loss: 0.0004, Elapsed time: 1:09:02, Estimated time left: 0:00:00
2025-02-12 13:15:11,487 - INFO - Trial 72 finished with value: 0.000398070583916342 and parameters: {'hidden_layers': 4, 'n_units_l': 372, 'lr': 1.7154264707504945e-05, 'batch_size': 20}. Best is trial 54 with value: 0.00018281718529685167.
2025-02-12 13:15:11,490 - INFO - Elapsed time: 249705.30 seconds
2025-02-12 13:15:11,490 - INFO - Estimated time left: 0.00 seconds
2025-02-12 13:23:47,190 - INFO - Trial: 74/100, Epoch: 1/10, Val loss: 0.0381, Elapsed time: 0:08:35, Estimated time left: 1:17:21
2025-02-12 13:25:55,199 - WARNING - Trial 73 failed with parameters: {'hidden_layers': 5, 'n_units_l': 456, 'lr': 7.203515257327992e-05, 'batch_size': 18} because of the following error: RuntimeError('CUDA error: unknown error\nCUDA kernel errors might be asynchronously reported at some other API call, so the stacktrace below might be incorrect.\nFor debugging consider passing CUDA_LAUNCH_BLOCKING=1.\nCompile with `TORCH_USE_CUDA_DSA` to enable device-side assertions.\n').
Traceback (most recent call last):
  File "C:\Users\cervinka\AppData\Local\Packages\PythonSoftwareFoundation.Python.3.11_qbz5n2kfra8p0\LocalCache\local-packages\Python311\site-packages\optuna\study\_optimize.py", line 197, in _run_trial
    value_or_values = func(trial)
                      ^^^^^^^^^^^
  File "C:\Users\cervinka\cervinka\GitHub\MathCAS\NNoptuna_shear.py", line 241, in <lambda>
    study.optimize(lambda trial: objective(trial, task=task), n_trials=n_trials, callbacks=[logging_callback])
                                 ^^^^^^^^^^^^^^^^^^^^^^^^^^^
  File "C:\Users\cervinka\cervinka\GitHub\MathCAS\NNoptuna_shear.py", line 143, in objective
    batch_x, batch_y = batch_x.to(device), batch_y.to(device)
                       ^^^^^^^^^^^^^^^^^^
RuntimeError: CUDA error: unknown error
CUDA kernel errors might be asynchronously reported at some other API call, so the stacktrace below might be incorrect.
For debugging consider passing CUDA_LAUNCH_BLOCKING=1.
Compile with `TORCH_USE_CUDA_DSA` to enable device-side assertions.

2025-02-12 13:25:55,202 - WARNING - Trial 73 failed with value None.
2025-02-12 13:25:55,203 - ERROR - Traceback (most recent call last):
2025-02-12 13:25:55,203 - ERROR -   File "C:\Users\cervinka\cervinka\GitHub\MathCAS\NNoptuna_shear.py", line 293, in <module>
2025-02-12 13:25:55,204 - ERROR - run_optimization(task=task)
2025-02-12 13:25:55,204 - ERROR -   File "C:\Users\cervinka\cervinka\GitHub\MathCAS\NNoptuna_shear.py", line 241, in run_optimization
2025-02-12 13:25:55,205 - ERROR - study.optimize(lambda trial: objective(trial, task=task), n_trials=n_trials, callbacks=[logging_callback])
2025-02-12 13:25:55,205 - ERROR -   File "C:\Users\cervinka\AppData\Local\Packages\PythonSoftwareFoundation.Python.3.11_qbz5n2kfra8p0\LocalCache\local-packages\Python311\site-packages\optuna\study\study.py", line 475, in optimize
2025-02-12 13:25:55,208 - ERROR - _optimize(
2025-02-12 13:25:55,208 - ERROR -   File "C:\Users\cervinka\AppData\Local\Packages\PythonSoftwareFoundation.Python.3.11_qbz5n2kfra8p0\LocalCache\local-packages\Python311\site-packages\optuna\study\_optimize.py", line 63, in _optimize
2025-02-12 13:25:55,209 - ERROR - _optimize_sequential(
2025-02-12 13:25:55,209 - ERROR -   File "C:\Users\cervinka\AppData\Local\Packages\PythonSoftwareFoundation.Python.3.11_qbz5n2kfra8p0\LocalCache\local-packages\Python311\site-packages\optuna\study\_optimize.py", line 160, in _optimize_sequential
2025-02-12 13:25:55,210 - ERROR - frozen_trial = _run_trial(study, func, catch)
2025-02-12 13:25:55,210 - ERROR - ^
2025-02-12 13:25:55,210 - ERROR - ^
2025-02-12 13:25:55,210 - ERROR - ^
2025-02-12 13:25:55,210 - ERROR - ^
2025-02-12 13:25:55,211 - ERROR - ^
2025-02-12 13:25:55,211 - ERROR - ^
2025-02-12 13:25:55,211 - ERROR - ^
2025-02-12 13:25:55,211 - ERROR - ^
2025-02-12 13:25:55,212 - ERROR - ^
2025-02-12 13:25:55,212 - ERROR - ^
2025-02-12 13:25:55,212 - ERROR - ^
2025-02-12 13:25:55,212 - ERROR - ^
2025-02-12 13:25:55,213 - ERROR - ^
2025-02-12 13:25:55,213 - ERROR - ^
2025-02-12 13:25:55,213 - ERROR - ^
2025-02-12 13:25:55,213 - ERROR - ^
2025-02-12 13:25:55,214 - ERROR - ^
2025-02-12 13:25:55,214 - ERROR - ^
2025-02-12 13:25:55,214 - ERROR - ^
2025-02-12 13:25:55,214 - ERROR - ^
2025-02-12 13:25:55,215 - ERROR - ^
2025-02-12 13:25:55,215 - ERROR - ^
2025-02-12 13:25:55,215 - ERROR - ^
2025-02-12 13:25:55,215 - ERROR - ^
2025-02-12 13:25:55,216 - ERROR - ^
2025-02-12 13:25:55,216 - ERROR - ^
2025-02-12 13:25:55,216 - ERROR - ^
2025-02-12 13:25:55,217 - ERROR - ^
2025-02-12 13:25:55,217 - ERROR - ^
2025-02-12 13:25:55,217 - ERROR - ^
2025-02-12 13:25:55,218 - ERROR -   File "C:\Users\cervinka\AppData\Local\Packages\PythonSoftwareFoundation.Python.3.11_qbz5n2kfra8p0\LocalCache\local-packages\Python311\site-packages\optuna\study\_optimize.py", line 248, in _run_trial
2025-02-12 13:25:55,219 - ERROR - raise func_err
2025-02-12 13:25:55,219 - ERROR -   File "C:\Users\cervinka\AppData\Local\Packages\PythonSoftwareFoundation.Python.3.11_qbz5n2kfra8p0\LocalCache\local-packages\Python311\site-packages\optuna\study\_optimize.py", line 197, in _run_trial
2025-02-12 13:25:55,220 - ERROR - value_or_values = func(trial)
2025-02-12 13:25:55,221 - ERROR - ^
2025-02-12 13:25:55,221 - ERROR - ^
2025-02-12 13:25:55,221 - ERROR - ^
2025-02-12 13:25:55,222 - ERROR - ^
2025-02-12 13:25:55,223 - ERROR - ^
2025-02-12 13:25:55,223 - ERROR - ^
2025-02-12 13:25:55,223 - ERROR - ^
2025-02-12 13:25:55,224 - ERROR - ^
2025-02-12 13:25:55,225 - ERROR - ^
2025-02-12 13:25:55,226 - ERROR - ^
2025-02-12 13:25:55,226 - ERROR - ^
2025-02-12 13:25:55,227 - ERROR -   File "C:\Users\cervinka\cervinka\GitHub\MathCAS\NNoptuna_shear.py", line 241, in <lambda>
2025-02-12 13:25:55,227 - ERROR - study.optimize(lambda trial: objective(trial, task=task), n_trials=n_trials, callbacks=[logging_callback])
2025-02-12 13:25:55,228 - ERROR - ^
2025-02-12 13:25:55,228 - ERROR - ^
2025-02-12 13:25:55,228 - ERROR - ^
2025-02-12 13:25:55,229 - ERROR - ^
2025-02-12 13:25:55,229 - ERROR - ^
2025-02-12 13:25:55,229 - ERROR - ^
2025-02-12 13:25:55,229 - ERROR - ^
2025-02-12 13:25:55,230 - ERROR - ^
2025-02-12 13:25:55,230 - ERROR - ^
2025-02-12 13:25:55,230 - ERROR - ^
2025-02-12 13:25:55,230 - ERROR - ^
2025-02-12 13:25:55,230 - ERROR - ^
2025-02-12 13:25:55,231 - ERROR - ^
2025-02-12 13:25:55,231 - ERROR - ^
2025-02-12 13:25:55,231 - ERROR - ^
2025-02-12 13:25:55,231 - ERROR - ^
2025-02-12 13:25:55,232 - ERROR - ^
2025-02-12 13:25:55,232 - ERROR - ^
2025-02-12 13:25:55,232 - ERROR - ^
2025-02-12 13:25:55,232 - ERROR - ^
2025-02-12 13:25:55,232 - ERROR - ^
2025-02-12 13:25:55,233 - ERROR - ^
2025-02-12 13:25:55,233 - ERROR - ^
2025-02-12 13:25:55,233 - ERROR - ^
2025-02-12 13:25:55,233 - ERROR - ^
2025-02-12 13:25:55,234 - ERROR - ^
2025-02-12 13:25:55,234 - ERROR - ^
2025-02-12 13:25:55,234 - ERROR -   File "C:\Users\cervinka\cervinka\GitHub\MathCAS\NNoptuna_shear.py", line 143, in objective
2025-02-12 13:25:55,235 - ERROR - batch_x, batch_y = batch_x.to(device), batch_y.to(device)
2025-02-12 13:25:55,235 - ERROR - ^
2025-02-12 13:25:55,235 - ERROR - ^
2025-02-12 13:25:55,236 - ERROR - ^
2025-02-12 13:25:55,236 - ERROR - ^
2025-02-12 13:25:55,236 - ERROR - ^
2025-02-12 13:25:55,236 - ERROR - ^
2025-02-12 13:25:55,237 - ERROR - ^
2025-02-12 13:25:55,237 - ERROR - ^
2025-02-12 13:25:55,237 - ERROR - ^
2025-02-12 13:25:55,237 - ERROR - ^
2025-02-12 13:25:55,237 - ERROR - ^
2025-02-12 13:25:55,238 - ERROR - ^
2025-02-12 13:25:55,238 - ERROR - ^
2025-02-12 13:25:55,238 - ERROR - ^
2025-02-12 13:25:55,239 - ERROR - ^
2025-02-12 13:25:55,239 - ERROR - ^
2025-02-12 13:25:55,239 - ERROR - ^
2025-02-12 13:25:55,239 - ERROR - ^
2025-02-12 13:25:55,239 - ERROR - RuntimeError
2025-02-12 13:25:55,240 - ERROR - :
2025-02-12 13:25:55,240 - ERROR - CUDA error: unknown error
2025-02-12 13:25:55,240 - ERROR - CUDA kernel errors might be asynchronously reported at some other API call, so the stacktrace below might be incorrect.
2025-02-12 13:25:55,240 - ERROR - For debugging consider passing CUDA_LAUNCH_BLOCKING=1.
2025-02-12 13:25:55,240 - ERROR - Compile with `TORCH_USE_CUDA_DSA` to enable device-side assertions.
