2025-02-09 22:53:41,070 - INFO - Trial 12 finished with value: 0.00032993522703287016 and parameters: {'hidden_layers': 6, 'n_units_l': 181, 'lr': 0.0002282780807934234, 'batch_size': 165}. Best is trial 12 with value: 0.00032993522703287016.
2025-02-09 22:53:41,071 - INFO - Elapsed time: 25214.88 seconds
2025-02-09 22:53:41,071 - INFO - Estimated time left: 0.00 seconds
2025-02-09 22:55:07,557 - INFO - Trial: 14/100, Epoch: 1/10, Val loss: 0.1655, Elapsed time: 0:01:26, Estimated time left: 0:12:58
2025-02-09 22:56:29,764 - INFO - Trial: 14/100, Epoch: 2/10, Val loss: 0.0012, Elapsed time: 0:02:48, Estimated time left: 0:10:57
2025-02-09 22:57:51,686 - INFO - Trial: 14/100, Epoch: 3/10, Val loss: 0.0008, Elapsed time: 0:04:10, Estimated time left: 0:09:33
2025-02-09 22:59:13,866 - INFO - Trial: 14/100, Epoch: 4/10, Val loss: 0.0008, Elapsed time: 0:05:32, Estimated time left: 0:08:13
2025-02-09 23:00:37,993 - INFO - Trial: 14/100, Epoch: 5/10, Val loss: 0.0006, Elapsed time: 0:06:56, Estimated time left: 0:07:00
2025-02-09 23:02:00,066 - INFO - Trial: 14/100, Epoch: 6/10, Val loss: 0.0004, Elapsed time: 0:08:18, Estimated time left: 0:05:28
2025-02-09 23:03:22,040 - INFO - Trial: 14/100, Epoch: 7/10, Val loss: 0.0004, Elapsed time: 0:09:40, Estimated time left: 0:04:05
2025-02-09 23:04:44,129 - INFO - Trial: 14/100, Epoch: 8/10, Val loss: 0.0004, Elapsed time: 0:11:03, Estimated time left: 0:02:44
2025-02-09 23:06:06,138 - INFO - Trial: 14/100, Epoch: 9/10, Val loss: 0.0004, Elapsed time: 0:12:25, Estimated time left: 0:01:22
2025-02-09 23:07:29,644 - INFO - Trial: 14/100, Epoch: 10/10, Val loss: 0.0003, Elapsed time: 0:13:48, Estimated time left: 0:00:00
2025-02-09 23:07:29,646 - INFO - Trial 13 finished with value: 0.00028395243166676675 and parameters: {'hidden_layers': 6, 'n_units_l': 152, 'lr': 0.0004523656769290126, 'batch_size': 173}. Best is trial 13 with value: 0.00028395243166676675.
2025-02-09 23:07:29,648 - INFO - Elapsed time: 26043.46 seconds
2025-02-09 23:07:29,648 - INFO - Estimated time left: 0.00 seconds
2025-02-09 23:12:08,122 - INFO - Trial: 15/100, Epoch: 1/10, Val loss: 0.0811, Elapsed time: 0:04:38, Estimated time left: 0:41:46
2025-02-09 23:16:29,467 - INFO - Trial: 15/100, Epoch: 2/10, Val loss: 0.0014, Elapsed time: 0:08:59, Estimated time left: 0:34:50
2025-02-09 23:20:50,719 - INFO - Trial: 15/100, Epoch: 3/10, Val loss: 0.0008, Elapsed time: 0:13:21, Estimated time left: 0:30:28
2025-02-09 23:25:08,899 - INFO - Trial: 15/100, Epoch: 4/10, Val loss: 0.0006, Elapsed time: 0:17:39, Estimated time left: 0:25:49
2025-02-09 23:29:33,196 - INFO - Trial: 15/100, Epoch: 5/10, Val loss: 0.0006, Elapsed time: 0:22:03, Estimated time left: 0:22:01
2025-02-09 23:33:59,300 - INFO - Trial: 15/100, Epoch: 6/10, Val loss: 0.0004, Elapsed time: 0:26:29, Estimated time left: 0:17:44
2025-02-09 23:38:25,198 - INFO - Trial: 15/100, Epoch: 7/10, Val loss: 0.0004, Elapsed time: 0:30:55, Estimated time left: 0:13:17
2025-02-09 23:42:51,021 - INFO - Trial: 15/100, Epoch: 8/10, Val loss: 0.0004, Elapsed time: 0:35:21, Estimated time left: 0:08:51
2025-02-09 23:48:27,336 - INFO - Trial: 15/100, Epoch: 9/10, Val loss: 0.0003, Elapsed time: 0:40:57, Estimated time left: 0:05:36
2025-02-09 23:54:22,862 - INFO - Trial: 15/100, Epoch: 10/10, Val loss: 0.0004, Elapsed time: 0:46:53, Estimated time left: 0:00:00
2025-02-09 23:54:22,864 - INFO - Trial 14 finished with value: 0.00044392296565399424 and parameters: {'hidden_layers': 6, 'n_units_l': 149, 'lr': 0.0006773312015349003, 'batch_size': 42}. Best is trial 13 with value: 0.00028395243166676675.
2025-02-09 23:54:22,865 - INFO - Elapsed time: 28856.67 seconds
2025-02-09 23:54:22,865 - INFO - Estimated time left: 0.00 seconds
2025-02-09 23:56:25,557 - INFO - Trial: 16/100, Epoch: 1/10, Val loss: 0.0577, Elapsed time: 0:02:02, Estimated time left: 0:18:24
2025-02-09 23:58:23,485 - INFO - Trial: 16/100, Epoch: 2/10, Val loss: 0.0014, Elapsed time: 0:04:00, Estimated time left: 0:15:43
2025-02-10 00:00:21,150 - INFO - Trial: 16/100, Epoch: 3/10, Val loss: 0.0014, Elapsed time: 0:05:58, Estimated time left: 0:13:43
2025-02-10 00:02:19,253 - INFO - Trial: 16/100, Epoch: 4/10, Val loss: 0.0008, Elapsed time: 0:07:56, Estimated time left: 0:11:48
2025-02-10 00:04:18,303 - INFO - Trial: 16/100, Epoch: 5/10, Val loss: 0.0008, Elapsed time: 0:09:55, Estimated time left: 0:09:55
2025-02-10 00:06:16,173 - INFO - Trial: 16/100, Epoch: 6/10, Val loss: 0.0008, Elapsed time: 0:11:53, Estimated time left: 0:07:51
2025-02-10 00:08:14,111 - INFO - Trial: 16/100, Epoch: 7/10, Val loss: 0.0008, Elapsed time: 0:13:51, Estimated time left: 0:05:53
2025-02-10 00:10:11,629 - INFO - Trial: 16/100, Epoch: 8/10, Val loss: 0.0007, Elapsed time: 0:15:48, Estimated time left: 0:03:55
2025-02-10 00:12:09,673 - INFO - Trial: 16/100, Epoch: 9/10, Val loss: 0.0007, Elapsed time: 0:17:46, Estimated time left: 0:01:58
2025-02-10 00:14:07,630 - INFO - Trial: 16/100, Epoch: 10/10, Val loss: 0.0008, Elapsed time: 0:19:44, Estimated time left: 0:00:00
2025-02-10 00:14:07,632 - INFO - Trial 15 finished with value: 0.0008191861124762813 and parameters: {'hidden_layers': 5, 'n_units_l': 501, 'lr': 0.004645215573276712, 'batch_size': 154}. Best is trial 13 with value: 0.00028395243166676675.
2025-02-10 00:14:07,633 - INFO - Elapsed time: 30041.44 seconds
2025-02-10 00:14:07,633 - INFO - Estimated time left: 0.00 seconds
2025-02-10 00:16:02,630 - INFO - Trial: 17/100, Epoch: 1/10, Val loss: 0.2412, Elapsed time: 0:01:54, Estimated time left: 0:17:14
2025-02-10 00:17:49,915 - INFO - Trial: 17/100, Epoch: 2/10, Val loss: 0.0025, Elapsed time: 0:03:42, Estimated time left: 0:14:18
2025-02-10 00:19:37,457 - INFO - Trial: 17/100, Epoch: 3/10, Val loss: 0.0020, Elapsed time: 0:05:29, Estimated time left: 0:12:32
2025-02-10 00:21:24,953 - INFO - Trial: 17/100, Epoch: 4/10, Val loss: 0.0018, Elapsed time: 0:07:17, Estimated time left: 0:10:44
2025-02-10 00:23:12,385 - INFO - Trial: 17/100, Epoch: 5/10, Val loss: 0.0016, Elapsed time: 0:09:04, Estimated time left: 0:08:57
2025-02-10 00:24:59,514 - INFO - Trial: 17/100, Epoch: 6/10, Val loss: 0.0016, Elapsed time: 0:10:51, Estimated time left: 0:07:08
2025-02-10 00:26:46,781 - INFO - Trial: 17/100, Epoch: 7/10, Val loss: 0.0016, Elapsed time: 0:12:39, Estimated time left: 0:05:21
2025-02-10 00:28:34,169 - INFO - Trial: 17/100, Epoch: 8/10, Val loss: 0.0014, Elapsed time: 0:14:26, Estimated time left: 0:03:34
2025-02-10 00:30:22,122 - INFO - Trial: 17/100, Epoch: 9/10, Val loss: 0.0014, Elapsed time: 0:16:14, Estimated time left: 0:01:47
2025-02-10 00:32:10,344 - INFO - Trial: 17/100, Epoch: 10/10, Val loss: 0.0014, Elapsed time: 0:18:02, Estimated time left: 0:00:00
2025-02-10 00:32:10,346 - INFO - Trial 16 finished with value: 0.0013874492495200813 and parameters: {'hidden_layers': 7, 'n_units_l': 166, 'lr': 1.0669277882761104e-05, 'batch_size': 163}. Best is trial 13 with value: 0.00028395243166676675.
2025-02-10 00:32:10,347 - INFO - Elapsed time: 31124.16 seconds
2025-02-10 00:32:10,347 - INFO - Estimated time left: 0.00 seconds
2025-02-10 00:34:55,820 - INFO - Trial: 18/100, Epoch: 1/10, Val loss: 0.1529, Elapsed time: 0:02:45, Estimated time left: 0:24:49
2025-02-10 00:37:30,369 - INFO - Trial: 18/100, Epoch: 2/10, Val loss: 0.0016, Elapsed time: 0:05:20, Estimated time left: 0:20:36
2025-02-10 00:40:05,154 - INFO - Trial: 18/100, Epoch: 3/10, Val loss: 0.0010, Elapsed time: 0:07:54, Estimated time left: 0:18:03
2025-02-10 00:42:40,215 - INFO - Trial: 18/100, Epoch: 4/10, Val loss: 0.0009, Elapsed time: 0:10:29, Estimated time left: 0:15:30
2025-02-10 00:45:15,080 - INFO - Trial: 18/100, Epoch: 5/10, Val loss: 0.0008, Elapsed time: 0:13:04, Estimated time left: 0:12:54
2025-02-10 00:47:50,030 - INFO - Trial: 18/100, Epoch: 6/10, Val loss: 0.0007, Elapsed time: 0:15:39, Estimated time left: 0:10:19
2025-02-10 00:50:24,787 - INFO - Trial: 18/100, Epoch: 7/10, Val loss: 0.0008, Elapsed time: 0:18:14, Estimated time left: 0:07:44
2025-02-10 00:52:59,250 - INFO - Trial: 18/100, Epoch: 8/10, Val loss: 0.0006, Elapsed time: 0:20:48, Estimated time left: 0:05:08
2025-02-10 00:55:33,943 - INFO - Trial: 18/100, Epoch: 9/10, Val loss: 0.0006, Elapsed time: 0:23:23, Estimated time left: 0:02:34
2025-02-10 00:58:11,256 - INFO - Trial: 18/100, Epoch: 10/10, Val loss: 0.0005, Elapsed time: 0:26:00, Estimated time left: 0:00:00
2025-02-10 00:58:11,257 - INFO - Trial 17 finished with value: 0.0005446188743115369 and parameters: {'hidden_layers': 5, 'n_units_l': 129, 'lr': 0.000357833364094717, 'batch_size': 93}. Best is trial 13 with value: 0.00028395243166676675.
2025-02-10 00:58:11,259 - INFO - Elapsed time: 32685.07 seconds
2025-02-10 00:58:11,259 - INFO - Estimated time left: 0.00 seconds
2025-02-10 01:14:30,660 - INFO - Trial: 19/100, Epoch: 1/10, Val loss: 0.1365, Elapsed time: 0:16:19, Estimated time left: 2:26:54
2025-02-10 01:30:04,044 - INFO - Trial: 19/100, Epoch: 2/10, Val loss: 0.0014, Elapsed time: 0:31:52, Estimated time left: 2:04:27
2025-02-10 01:45:28,210 - INFO - Trial: 19/100, Epoch: 3/10, Val loss: 0.0009, Elapsed time: 0:47:16, Estimated time left: 1:47:49
2025-02-10 02:00:45,960 - INFO - Trial: 19/100, Epoch: 4/10, Val loss: 0.0008, Elapsed time: 1:02:34, Estimated time left: 1:31:46
2025-02-10 02:16:03,842 - INFO - Trial: 19/100, Epoch: 5/10, Val loss: 0.0006, Elapsed time: 1:17:52, Estimated time left: 1:16:29
2025-02-10 02:31:08,219 - INFO - Trial: 19/100, Epoch: 6/10, Val loss: 0.0006, Elapsed time: 1:32:56, Estimated time left: 1:00:17
2025-02-10 02:46:15,492 - INFO - Trial: 19/100, Epoch: 7/10, Val loss: 0.0005, Elapsed time: 1:48:04, Estimated time left: 0:45:21
2025-02-10 03:00:58,241 - INFO - Trial: 19/100, Epoch: 8/10, Val loss: 0.0004, Elapsed time: 2:02:46, Estimated time left: 0:29:25
2025-02-10 03:15:48,294 - INFO - Trial: 19/100, Epoch: 9/10, Val loss: 0.0004, Elapsed time: 2:17:37, Estimated time left: 0:14:50
2025-02-10 03:30:30,103 - INFO - Trial: 19/100, Epoch: 10/10, Val loss: 0.0004, Elapsed time: 2:32:18, Estimated time left: 0:00:00
2025-02-10 03:30:30,105 - INFO - Trial 18 finished with value: 0.0003947901964649824 and parameters: {'hidden_layers': 7, 'n_units_l': 175, 'lr': 7.178593027074552e-05, 'batch_size': 17}. Best is trial 13 with value: 0.00028395243166676675.
2025-02-10 03:30:30,106 - INFO - Elapsed time: 41823.91 seconds
2025-02-10 03:30:30,106 - INFO - Estimated time left: 0.00 seconds
2025-02-10 03:31:57,926 - INFO - Trial: 20/100, Epoch: 1/10, Val loss: 0.0790, Elapsed time: 0:01:27, Estimated time left: 0:13:10
2025-02-10 03:33:21,310 - INFO - Trial: 20/100, Epoch: 2/10, Val loss: 0.0012, Elapsed time: 0:02:51, Estimated time left: 0:11:07
2025-02-10 03:34:44,670 - INFO - Trial: 20/100, Epoch: 3/10, Val loss: 0.0009, Elapsed time: 0:04:14, Estimated time left: 0:09:43
2025-02-10 03:36:08,219 - INFO - Trial: 20/100, Epoch: 4/10, Val loss: 0.0009, Elapsed time: 0:05:38, Estimated time left: 0:08:21
2025-02-10 03:37:31,378 - INFO - Trial: 20/100, Epoch: 5/10, Val loss: 0.0006, Elapsed time: 0:07:01, Estimated time left: 0:06:55
2025-02-10 03:38:54,153 - INFO - Trial: 20/100, Epoch: 6/10, Val loss: 0.0006, Elapsed time: 0:08:24, Estimated time left: 0:05:31
2025-02-10 03:40:16,801 - INFO - Trial: 20/100, Epoch: 7/10, Val loss: 0.0004, Elapsed time: 0:09:46, Estimated time left: 0:04:07
2025-02-10 03:41:39,788 - INFO - Trial: 20/100, Epoch: 8/10, Val loss: 0.0004, Elapsed time: 0:11:09, Estimated time left: 0:02:45
2025-02-10 03:43:02,891 - INFO - Trial: 20/100, Epoch: 9/10, Val loss: 0.0004, Elapsed time: 0:12:32, Estimated time left: 0:01:23
2025-02-10 03:44:24,872 - INFO - Trial: 20/100, Epoch: 10/10, Val loss: 0.0003, Elapsed time: 0:13:54, Estimated time left: 0:00:00
2025-02-10 03:44:24,874 - INFO - Trial 19 finished with value: 0.00032896044667952 and parameters: {'hidden_layers': 7, 'n_units_l': 149, 'lr': 0.0017497150368500183, 'batch_size': 247}. Best is trial 13 with value: 0.00028395243166676675.
2025-02-10 03:44:24,875 - INFO - Elapsed time: 42658.68 seconds
2025-02-10 03:44:24,875 - INFO - Estimated time left: 0.00 seconds
2025-02-10 03:45:54,510 - INFO - Trial: 21/100, Epoch: 1/10, Val loss: 0.1632, Elapsed time: 0:01:29, Estimated time left: 0:13:26
2025-02-10 03:47:19,705 - INFO - Trial: 21/100, Epoch: 2/10, Val loss: 0.1635, Elapsed time: 0:02:54, Estimated time left: 0:11:21
2025-02-10 03:48:43,893 - INFO - Trial: 21/100, Epoch: 3/10, Val loss: 0.1632, Elapsed time: 0:04:19, Estimated time left: 0:09:49
2025-02-10 03:50:08,920 - INFO - Trial: 21/100, Epoch: 4/10, Val loss: 0.1634, Elapsed time: 0:05:44, Estimated time left: 0:08:30
2025-02-10 03:51:33,239 - INFO - Trial: 21/100, Epoch: 5/10, Val loss: 0.1632, Elapsed time: 0:07:08, Estimated time left: 0:07:01
2025-02-10 03:52:58,261 - INFO - Trial: 21/100, Epoch: 6/10, Val loss: 0.1633, Elapsed time: 0:08:33, Estimated time left: 0:05:40
2025-02-10 03:54:22,348 - INFO - Trial: 21/100, Epoch: 7/10, Val loss: 0.1633, Elapsed time: 0:09:57, Estimated time left: 0:04:12
2025-02-10 03:55:47,156 - INFO - Trial: 21/100, Epoch: 8/10, Val loss: 0.1635, Elapsed time: 0:11:22, Estimated time left: 0:02:49
2025-02-10 03:57:11,897 - INFO - Trial: 21/100, Epoch: 9/10, Val loss: 0.1632, Elapsed time: 0:12:47, Estimated time left: 0:01:24
2025-02-10 03:58:36,354 - INFO - Trial: 21/100, Epoch: 10/10, Val loss: 0.1633, Elapsed time: 0:14:11, Estimated time left: 0:00:00
2025-02-10 03:58:36,356 - INFO - Trial 20 finished with value: 0.1632560289414354 and parameters: {'hidden_layers': 7, 'n_units_l': 142, 'lr': 0.012810791961386382, 'batch_size': 228}. Best is trial 13 with value: 0.00028395243166676675.
2025-02-10 03:58:36,357 - INFO - Elapsed time: 43510.17 seconds
2025-02-10 03:58:36,357 - INFO - Estimated time left: 0.00 seconds
2025-02-10 04:00:22,054 - INFO - Trial: 22/100, Epoch: 1/10, Val loss: 0.0672, Elapsed time: 0:01:45, Estimated time left: 0:15:51
2025-02-10 04:02:02,723 - INFO - Trial: 22/100, Epoch: 2/10, Val loss: 0.0013, Elapsed time: 0:03:26, Estimated time left: 0:13:25
2025-02-10 04:03:43,643 - INFO - Trial: 22/100, Epoch: 3/10, Val loss: 0.0009, Elapsed time: 0:05:07, Estimated time left: 0:11:46
2025-02-10 04:05:24,254 - INFO - Trial: 22/100, Epoch: 4/10, Val loss: 0.0007, Elapsed time: 0:06:47, Estimated time left: 0:10:03
2025-02-10 04:07:04,935 - INFO - Trial: 22/100, Epoch: 5/10, Val loss: 0.0007, Elapsed time: 0:08:28, Estimated time left: 0:08:23
2025-02-10 04:08:46,079 - INFO - Trial: 22/100, Epoch: 6/10, Val loss: 0.0006, Elapsed time: 0:10:09, Estimated time left: 0:06:44
2025-02-10 04:10:26,975 - INFO - Trial: 22/100, Epoch: 7/10, Val loss: 0.0006, Elapsed time: 0:11:50, Estimated time left: 0:05:02
2025-02-10 04:12:08,276 - INFO - Trial: 22/100, Epoch: 8/10, Val loss: 0.0005, Elapsed time: 0:13:31, Estimated time left: 0:03:22
2025-02-10 04:13:49,039 - INFO - Trial: 22/100, Epoch: 9/10, Val loss: 0.0005, Elapsed time: 0:15:12, Estimated time left: 0:01:40
2025-02-10 04:15:29,899 - INFO - Trial: 22/100, Epoch: 10/10, Val loss: 0.0004, Elapsed time: 0:16:53, Estimated time left: 0:00:00
2025-02-10 04:15:29,900 - INFO - Trial 21 finished with value: 0.00041822675001037 and parameters: {'hidden_layers': 6, 'n_units_l': 152, 'lr': 0.0020071992087362556, 'batch_size': 174}. Best is trial 13 with value: 0.00028395243166676675.
2025-02-10 04:15:29,902 - INFO - Elapsed time: 44523.71 seconds
2025-02-10 04:15:29,902 - INFO - Estimated time left: 0.00 seconds
2025-02-10 04:16:48,343 - INFO - Trial: 23/100, Epoch: 1/10, Val loss: 0.0916, Elapsed time: 0:01:18, Estimated time left: 0:11:45
2025-02-10 04:18:03,061 - INFO - Trial: 23/100, Epoch: 2/10, Val loss: 0.0009, Elapsed time: 0:02:33, Estimated time left: 0:09:57
2025-02-10 04:19:17,847 - INFO - Trial: 23/100, Epoch: 3/10, Val loss: 0.0007, Elapsed time: 0:03:47, Estimated time left: 0:08:43
2025-02-10 04:20:32,871 - INFO - Trial: 23/100, Epoch: 4/10, Val loss: 0.0008, Elapsed time: 0:05:02, Estimated time left: 0:07:30
2025-02-10 04:21:48,360 - INFO - Trial: 23/100, Epoch: 5/10, Val loss: 0.0005, Elapsed time: 0:06:18, Estimated time left: 0:06:17
2025-02-10 04:23:03,593 - INFO - Trial: 23/100, Epoch: 6/10, Val loss: 0.0007, Elapsed time: 0:07:33, Estimated time left: 0:05:00
2025-02-10 04:24:18,804 - INFO - Trial: 23/100, Epoch: 7/10, Val loss: 0.0005, Elapsed time: 0:08:48, Estimated time left: 0:03:45
2025-02-10 04:25:34,342 - INFO - Trial: 23/100, Epoch: 8/10, Val loss: 0.0005, Elapsed time: 0:10:04, Estimated time left: 0:02:31
2025-02-10 04:26:49,255 - INFO - Trial: 23/100, Epoch: 9/10, Val loss: 0.0005, Elapsed time: 0:11:19, Estimated time left: 0:01:14
2025-02-10 04:28:04,629 - INFO - Trial: 23/100, Epoch: 10/10, Val loss: 0.0004, Elapsed time: 0:12:34, Estimated time left: 0:00:00
2025-02-10 04:28:04,631 - INFO - Trial 22 finished with value: 0.0003905183384232667 and parameters: {'hidden_layers': 5, 'n_units_l': 191, 'lr': 0.0011571981941218667, 'batch_size': 255}. Best is trial 13 with value: 0.00028395243166676675.
2025-02-10 04:28:04,632 - INFO - Elapsed time: 45278.44 seconds
2025-02-10 04:28:04,632 - INFO - Estimated time left: 0.00 seconds
2025-02-10 04:30:36,446 - INFO - Trial: 24/100, Epoch: 1/10, Val loss: 0.1062, Elapsed time: 0:02:31, Estimated time left: 0:22:46
2025-02-10 04:32:52,836 - INFO - Trial: 24/100, Epoch: 2/10, Val loss: 0.0013, Elapsed time: 0:04:48, Estimated time left: 0:18:11
2025-02-10 04:35:04,878 - INFO - Trial: 24/100, Epoch: 3/10, Val loss: 0.0009, Elapsed time: 0:07:00, Estimated time left: 0:15:24
2025-02-10 04:37:21,248 - INFO - Trial: 24/100, Epoch: 4/10, Val loss: 0.0007, Elapsed time: 0:09:16, Estimated time left: 0:13:38
2025-02-10 04:39:33,300 - INFO - Trial: 24/100, Epoch: 5/10, Val loss: 0.0006, Elapsed time: 0:11:28, Estimated time left: 0:11:00
2025-02-10 04:41:49,188 - INFO - Trial: 24/100, Epoch: 6/10, Val loss: 0.0005, Elapsed time: 0:13:44, Estimated time left: 0:09:03
2025-02-10 04:44:01,955 - INFO - Trial: 24/100, Epoch: 7/10, Val loss: 0.0005, Elapsed time: 0:15:57, Estimated time left: 0:06:38
2025-02-10 04:46:17,125 - INFO - Trial: 24/100, Epoch: 8/10, Val loss: 0.0004, Elapsed time: 0:18:12, Estimated time left: 0:04:30
2025-02-10 04:48:32,656 - INFO - Trial: 24/100, Epoch: 9/10, Val loss: 0.0004, Elapsed time: 0:20:28, Estimated time left: 0:02:15
2025-02-10 04:50:48,479 - INFO - Trial: 24/100, Epoch: 10/10, Val loss: 0.0003, Elapsed time: 0:22:43, Estimated time left: 0:00:00
2025-02-10 04:50:48,481 - INFO - Trial 23 finished with value: 0.00034167510747984647 and parameters: {'hidden_layers': 7, 'n_units_l': 159, 'lr': 0.0004916582455458188, 'batch_size': 122}. Best is trial 13 with value: 0.00028395243166676675.
2025-02-10 04:50:48,482 - INFO - Elapsed time: 46642.29 seconds
2025-02-10 04:50:48,482 - INFO - Estimated time left: 0.00 seconds
2025-02-10 04:52:34,653 - INFO - Trial: 25/100, Epoch: 1/10, Val loss: 0.1154, Elapsed time: 0:01:46, Estimated time left: 0:15:55
2025-02-10 04:54:20,563 - INFO - Trial: 25/100, Epoch: 2/10, Val loss: 0.0035, Elapsed time: 0:03:32, Estimated time left: 0:14:07
2025-02-10 04:56:06,314 - INFO - Trial: 25/100, Epoch: 3/10, Val loss: 0.0008, Elapsed time: 0:05:17, Estimated time left: 0:12:20
2025-02-10 04:57:49,309 - INFO - Trial: 25/100, Epoch: 4/10, Val loss: 0.0007, Elapsed time: 0:07:00, Estimated time left: 0:10:17
2025-02-10 04:59:31,424 - INFO - Trial: 25/100, Epoch: 5/10, Val loss: 0.0004, Elapsed time: 0:08:42, Estimated time left: 0:08:30
2025-02-10 05:01:12,711 - INFO - Trial: 25/100, Epoch: 6/10, Val loss: 0.0005, Elapsed time: 0:10:24, Estimated time left: 0:06:45
2025-02-10 05:02:53,799 - INFO - Trial: 25/100, Epoch: 7/10, Val loss: 0.0003, Elapsed time: 0:12:05, Estimated time left: 0:05:03
2025-02-10 05:04:34,878 - INFO - Trial: 25/100, Epoch: 8/10, Val loss: 0.0003, Elapsed time: 0:13:46, Estimated time left: 0:03:22
2025-02-10 05:06:15,554 - INFO - Trial: 25/100, Epoch: 9/10, Val loss: 0.0003, Elapsed time: 0:15:27, Estimated time left: 0:01:40
2025-02-10 05:07:56,962 - INFO - Trial: 25/100, Epoch: 10/10, Val loss: 0.0003, Elapsed time: 0:17:08, Estimated time left: 0:00:00
2025-02-10 05:07:56,963 - INFO - Trial 24 finished with value: 0.00026755512528401336 and parameters: {'hidden_layers': 6, 'n_units_l': 228, 'lr': 0.0001809772386745143, 'batch_size': 182}. Best is trial 24 with value: 0.00026755512528401336.
2025-02-10 05:07:56,965 - INFO - Elapsed time: 47670.77 seconds
2025-02-10 05:07:56,965 - INFO - Estimated time left: 0.00 seconds
2025-02-10 05:09:44,236 - INFO - Trial: 26/100, Epoch: 1/10, Val loss: 0.1180, Elapsed time: 0:01:47, Estimated time left: 0:16:05
2025-02-10 05:11:25,893 - INFO - Trial: 26/100, Epoch: 2/10, Val loss: 0.0011, Elapsed time: 0:03:28, Estimated time left: 0:13:33
2025-02-10 05:13:08,079 - INFO - Trial: 26/100, Epoch: 3/10, Val loss: 0.0007, Elapsed time: 0:05:11, Estimated time left: 0:11:55
2025-02-10 05:14:50,182 - INFO - Trial: 26/100, Epoch: 4/10, Val loss: 0.0006, Elapsed time: 0:06:53, Estimated time left: 0:10:12
2025-02-10 05:16:31,956 - INFO - Trial: 26/100, Epoch: 5/10, Val loss: 0.0006, Elapsed time: 0:08:34, Estimated time left: 0:08:28
2025-02-10 05:18:13,809 - INFO - Trial: 26/100, Epoch: 6/10, Val loss: 0.0004, Elapsed time: 0:10:16, Estimated time left: 0:06:47
2025-02-10 05:19:55,705 - INFO - Trial: 26/100, Epoch: 7/10, Val loss: 0.0005, Elapsed time: 0:11:58, Estimated time left: 0:05:05
2025-02-10 05:21:37,919 - INFO - Trial: 26/100, Epoch: 8/10, Val loss: 0.0004, Elapsed time: 0:13:40, Estimated time left: 0:03:24
2025-02-10 05:23:19,408 - INFO - Trial: 26/100, Epoch: 9/10, Val loss: 0.0003, Elapsed time: 0:15:22, Estimated time left: 0:01:41
2025-02-10 05:25:01,545 - INFO - Trial: 26/100, Epoch: 10/10, Val loss: 0.0004, Elapsed time: 0:17:04, Estimated time left: 0:00:00
