2025-02-09 15:53:20,130 - INFO - Is CUDA supported by this system?  True
2025-02-09 15:53:20,130 - INFO - Device: cuda
2025-02-09 15:53:26,191 - INFO - A new study created in memory with name: no-name-dad7d594-2c1e-475b-b624-4b935de26301
2025-02-09 15:55:52,233 - INFO - Trial: 1/100, Epoch: 1/10, Val loss: 0.1632, Elapsed time: 0:02:25, Estimated time left: 0:21:48
2025-02-09 15:58:08,728 - INFO - Trial: 1/100, Epoch: 2/10, Val loss: 0.1656, Elapsed time: 0:04:41, Estimated time left: 0:18:11
2025-02-09 16:00:24,802 - INFO - Trial: 1/100, Epoch: 3/10, Val loss: 0.1641, Elapsed time: 0:06:57, Estimated time left: 0:15:52
2025-02-09 16:02:40,055 - INFO - Trial: 1/100, Epoch: 4/10, Val loss: 0.1633, Elapsed time: 0:09:13, Estimated time left: 0:13:31
2025-02-09 16:04:56,951 - INFO - Trial: 1/100, Epoch: 5/10, Val loss: 0.1634, Elapsed time: 0:11:30, Estimated time left: 0:11:24
2025-02-09 16:07:12,785 - INFO - Trial: 1/100, Epoch: 6/10, Val loss: 0.1643, Elapsed time: 0:13:45, Estimated time left: 0:09:03
2025-02-09 16:09:28,175 - INFO - Trial: 1/100, Epoch: 7/10, Val loss: 0.1691, Elapsed time: 0:16:01, Estimated time left: 0:06:46
2025-02-09 16:11:43,924 - INFO - Trial: 1/100, Epoch: 8/10, Val loss: 0.1644, Elapsed time: 0:18:17, Estimated time left: 0:04:31
2025-02-09 16:14:00,924 - INFO - Trial: 1/100, Epoch: 9/10, Val loss: 0.1633, Elapsed time: 0:20:34, Estimated time left: 0:02:17
2025-02-09 16:16:17,493 - INFO - Trial: 1/100, Epoch: 10/10, Val loss: 0.1641, Elapsed time: 0:22:50, Estimated time left: 0:00:00
2025-02-09 16:16:17,498 - INFO - Trial 0 finished with value: 0.16406844101793427 and parameters: {'hidden_layers': 8, 'n_units_l': 378, 'lr': 0.07574901476148636, 'batch_size': 111}. Best is trial 0 with value: 0.16406844101793427.
2025-02-09 16:16:17,498 - INFO - Elapsed time: 1371.31 seconds
2025-02-09 16:16:17,498 - INFO - Estimated time left: 0.00 seconds
2025-02-09 16:18:47,752 - INFO - Trial: 2/100, Epoch: 1/10, Val loss: 0.1046, Elapsed time: 0:02:30, Estimated time left: 0:22:32
2025-02-09 16:21:10,108 - INFO - Trial: 2/100, Epoch: 2/10, Val loss: 0.0014, Elapsed time: 0:04:52, Estimated time left: 0:18:58
2025-02-09 16:23:32,368 - INFO - Trial: 2/100, Epoch: 3/10, Val loss: 0.0011, Elapsed time: 0:07:14, Estimated time left: 0:16:35
2025-02-09 16:25:54,773 - INFO - Trial: 2/100, Epoch: 4/10, Val loss: 0.0011, Elapsed time: 0:09:37, Estimated time left: 0:14:14
2025-02-09 16:28:22,179 - INFO - Trial: 2/100, Epoch: 5/10, Val loss: 0.0010, Elapsed time: 0:12:04, Estimated time left: 0:12:17
2025-02-09 16:30:49,859 - INFO - Trial: 2/100, Epoch: 6/10, Val loss: 0.0010, Elapsed time: 0:14:32, Estimated time left: 0:09:50
2025-02-09 16:33:17,494 - INFO - Trial: 2/100, Epoch: 7/10, Val loss: 0.0009, Elapsed time: 0:16:59, Estimated time left: 0:07:22
2025-02-09 16:35:44,905 - INFO - Trial: 2/100, Epoch: 8/10, Val loss: 0.0008, Elapsed time: 0:19:27, Estimated time left: 0:04:54
2025-02-09 16:38:12,483 - INFO - Trial: 2/100, Epoch: 9/10, Val loss: 0.0007, Elapsed time: 0:21:54, Estimated time left: 0:02:27
2025-02-09 16:40:38,292 - INFO - Trial: 2/100, Epoch: 10/10, Val loss: 0.0007, Elapsed time: 0:24:20, Estimated time left: 0:00:00
2025-02-09 16:40:38,293 - INFO - Trial 1 finished with value: 0.0006893035997776993 and parameters: {'hidden_layers': 3, 'n_units_l': 393, 'lr': 1.5360806792168607e-05, 'batch_size': 62}. Best is trial 1 with value: 0.0006893035997776993.
2025-02-09 16:40:38,294 - INFO - Elapsed time: 2832.10 seconds
2025-02-09 16:40:38,294 - INFO - Estimated time left: 0.00 seconds
2025-02-09 16:43:32,545 - INFO - Trial: 3/100, Epoch: 1/10, Val loss: 0.1632, Elapsed time: 0:02:54, Estimated time left: 0:26:08
2025-02-09 16:46:19,217 - INFO - Trial: 3/100, Epoch: 2/10, Val loss: 0.1633, Elapsed time: 0:05:40, Estimated time left: 0:22:13
2025-02-09 16:49:01,723 - INFO - Trial: 3/100, Epoch: 3/10, Val loss: 0.1633, Elapsed time: 0:08:23, Estimated time left: 0:18:57
2025-02-09 16:51:44,214 - INFO - Trial: 3/100, Epoch: 4/10, Val loss: 0.1651, Elapsed time: 0:11:05, Estimated time left: 0:16:14
2025-02-09 16:54:26,578 - INFO - Trial: 3/100, Epoch: 5/10, Val loss: 0.1632, Elapsed time: 0:13:48, Estimated time left: 0:13:31
2025-02-09 16:57:13,168 - INFO - Trial: 3/100, Epoch: 6/10, Val loss: 0.1650, Elapsed time: 0:16:34, Estimated time left: 0:11:06
2025-02-09 16:59:56,197 - INFO - Trial: 3/100, Epoch: 7/10, Val loss: 0.1632, Elapsed time: 0:19:17, Estimated time left: 0:08:09
2025-02-09 17:02:39,093 - INFO - Trial: 3/100, Epoch: 8/10, Val loss: 0.1642, Elapsed time: 0:22:00, Estimated time left: 0:05:25
2025-02-09 17:05:35,964 - INFO - Trial: 3/100, Epoch: 9/10, Val loss: 0.1674, Elapsed time: 0:24:57, Estimated time left: 0:02:56
2025-02-09 17:08:43,959 - INFO - Trial: 3/100, Epoch: 10/10, Val loss: 0.1641, Elapsed time: 0:28:05, Estimated time left: 0:00:00
2025-02-09 17:08:43,961 - INFO - Trial 2 finished with value: 0.16408986164970668 and parameters: {'hidden_layers': 8, 'n_units_l': 241, 'lr': 0.05034616836730901, 'batch_size': 83}. Best is trial 1 with value: 0.0006893035997776993.
2025-02-09 17:08:43,962 - INFO - Elapsed time: 4517.77 seconds
2025-02-09 17:08:43,962 - INFO - Estimated time left: 0.00 seconds
2025-02-09 17:10:35,563 - INFO - Trial: 4/100, Epoch: 1/10, Val loss: 0.1385, Elapsed time: 0:01:51, Estimated time left: 0:16:44
2025-02-09 17:12:20,688 - INFO - Trial: 4/100, Epoch: 2/10, Val loss: 0.0015, Elapsed time: 0:03:36, Estimated time left: 0:14:00
2025-02-09 17:14:05,938 - INFO - Trial: 4/100, Epoch: 3/10, Val loss: 0.0012, Elapsed time: 0:05:21, Estimated time left: 0:12:16
2025-02-09 17:15:51,427 - INFO - Trial: 4/100, Epoch: 4/10, Val loss: 0.0009, Elapsed time: 0:07:07, Estimated time left: 0:10:32
2025-02-09 17:17:39,079 - INFO - Trial: 4/100, Epoch: 5/10, Val loss: 0.0007, Elapsed time: 0:08:55, Estimated time left: 0:08:58
2025-02-09 17:19:24,339 - INFO - Trial: 4/100, Epoch: 6/10, Val loss: 0.0007, Elapsed time: 0:10:40, Estimated time left: 0:07:01
2025-02-09 17:21:09,733 - INFO - Trial: 4/100, Epoch: 7/10, Val loss: 0.0006, Elapsed time: 0:12:25, Estimated time left: 0:05:16
2025-02-09 17:22:55,221 - INFO - Trial: 4/100, Epoch: 8/10, Val loss: 0.0006, Elapsed time: 0:14:11, Estimated time left: 0:03:30
2025-02-09 17:24:40,675 - INFO - Trial: 4/100, Epoch: 9/10, Val loss: 0.0005, Elapsed time: 0:15:56, Estimated time left: 0:01:45
2025-02-09 17:26:25,952 - INFO - Trial: 4/100, Epoch: 10/10, Val loss: 0.0005, Elapsed time: 0:17:41, Estimated time left: 0:00:00
2025-02-09 17:26:25,954 - INFO - Trial 3 finished with value: 0.0004631672391851325 and parameters: {'hidden_layers': 6, 'n_units_l': 203, 'lr': 8.265186728007837e-05, 'batch_size': 141}. Best is trial 3 with value: 0.0004631672391851325.
2025-02-09 17:26:25,955 - INFO - Elapsed time: 5579.76 seconds
2025-02-09 17:26:25,955 - INFO - Estimated time left: 0.00 seconds
2025-02-09 17:35:02,651 - INFO - Trial: 5/100, Epoch: 1/10, Val loss: 0.1632, Elapsed time: 0:08:36, Estimated time left: 1:17:30
2025-02-09 17:42:50,747 - INFO - Trial: 5/100, Epoch: 2/10, Val loss: 0.1633, Elapsed time: 0:16:24, Estimated time left: 1:02:24
2025-02-09 17:50:39,413 - INFO - Trial: 5/100, Epoch: 3/10, Val loss: 0.1632, Elapsed time: 0:24:13, Estimated time left: 0:54:40
2025-02-09 17:58:25,212 - INFO - Trial: 5/100, Epoch: 4/10, Val loss: 0.1635, Elapsed time: 0:31:59, Estimated time left: 0:46:34
2025-02-09 18:06:13,628 - INFO - Trial: 5/100, Epoch: 5/10, Val loss: 0.1633, Elapsed time: 0:39:47, Estimated time left: 0:39:02
2025-02-09 18:14:03,981 - INFO - Trial: 5/100, Epoch: 6/10, Val loss: 0.1633, Elapsed time: 0:47:38, Estimated time left: 0:31:21
2025-02-09 18:21:59,603 - INFO - Trial: 5/100, Epoch: 7/10, Val loss: 0.1633, Elapsed time: 0:55:33, Estimated time left: 0:23:46
2025-02-09 18:34:19,040 - INFO - Trial: 5/100, Epoch: 8/10, Val loss: 0.1633, Elapsed time: 1:07:53, Estimated time left: 0:24:38
2025-02-09 18:46:45,819 - INFO - Trial: 5/100, Epoch: 9/10, Val loss: 0.1632, Elapsed time: 1:20:19, Estimated time left: 0:12:26
2025-02-09 18:59:12,609 - INFO - Trial: 5/100, Epoch: 10/10, Val loss: 0.1632, Elapsed time: 1:32:46, Estimated time left: 0:00:00
2025-02-09 18:59:12,610 - INFO - Trial 4 finished with value: 0.16322078765685358 and parameters: {'hidden_layers': 8, 'n_units_l': 285, 'lr': 0.002891984855948004, 'batch_size': 31}. Best is trial 3 with value: 0.0004631672391851325.
2025-02-09 18:59:12,611 - INFO - Elapsed time: 11146.42 seconds
2025-02-09 18:59:12,611 - INFO - Estimated time left: 0.00 seconds
2025-02-09 19:02:42,417 - INFO - Trial: 6/100, Epoch: 1/10, Val loss: 0.1641, Elapsed time: 0:03:29, Estimated time left: 0:31:28
2025-02-09 19:06:13,091 - INFO - Trial: 6/100, Epoch: 2/10, Val loss: 0.1632, Elapsed time: 0:07:00, Estimated time left: 0:28:05
2025-02-09 19:09:46,090 - INFO - Trial: 6/100, Epoch: 3/10, Val loss: 0.1635, Elapsed time: 0:10:33, Estimated time left: 0:24:50
2025-02-09 19:13:16,468 - INFO - Trial: 6/100, Epoch: 4/10, Val loss: 0.1634, Elapsed time: 0:14:03, Estimated time left: 0:21:02
2025-02-09 19:16:49,635 - INFO - Trial: 6/100, Epoch: 5/10, Val loss: 0.1634, Elapsed time: 0:17:37, Estimated time left: 0:17:45
2025-02-09 19:19:55,369 - INFO - Trial: 6/100, Epoch: 6/10, Val loss: 0.1647, Elapsed time: 0:20:42, Estimated time left: 0:12:22
2025-02-09 19:22:22,386 - INFO - Trial: 6/100, Epoch: 7/10, Val loss: 0.1668, Elapsed time: 0:23:09, Estimated time left: 0:07:21
2025-02-09 19:24:47,833 - INFO - Trial: 6/100, Epoch: 8/10, Val loss: 0.1634, Elapsed time: 0:25:35, Estimated time left: 0:04:50
2025-02-09 19:27:13,073 - INFO - Trial: 6/100, Epoch: 9/10, Val loss: 0.1641, Elapsed time: 0:28:00, Estimated time left: 0:02:25
2025-02-09 19:29:38,281 - INFO - Trial: 6/100, Epoch: 10/10, Val loss: 0.1637, Elapsed time: 0:30:25, Estimated time left: 0:00:00
2025-02-09 19:29:38,283 - INFO - Trial 5 finished with value: 0.16371063732353633 and parameters: {'hidden_layers': 2, 'n_units_l': 293, 'lr': 0.04307272919149161, 'batch_size': 82}. Best is trial 3 with value: 0.0004631672391851325.
2025-02-09 19:29:38,283 - INFO - Elapsed time: 12972.09 seconds
2025-02-09 19:29:38,284 - INFO - Estimated time left: 0.00 seconds
2025-02-09 19:31:39,853 - INFO - Trial: 7/100, Epoch: 1/10, Val loss: 0.1633, Elapsed time: 0:02:01, Estimated time left: 0:18:14
2025-02-09 19:33:21,996 - INFO - Trial: 7/100, Epoch: 2/10, Val loss: 0.1633, Elapsed time: 0:03:43, Estimated time left: 0:13:37
2025-02-09 19:35:07,802 - INFO - Trial: 7/100, Epoch: 3/10, Val loss: 0.1632, Elapsed time: 0:05:29, Estimated time left: 0:12:20
2025-02-09 19:36:54,684 - INFO - Trial: 7/100, Epoch: 4/10, Val loss: 0.1652, Elapsed time: 0:07:16, Estimated time left: 0:10:41
2025-02-09 19:38:40,899 - INFO - Trial: 7/100, Epoch: 5/10, Val loss: 0.1642, Elapsed time: 0:09:02, Estimated time left: 0:08:51
2025-02-09 19:40:26,989 - INFO - Trial: 7/100, Epoch: 6/10, Val loss: 0.1632, Elapsed time: 0:10:48, Estimated time left: 0:07:04
2025-02-09 19:42:13,132 - INFO - Trial: 7/100, Epoch: 7/10, Val loss: 0.1635, Elapsed time: 0:12:34, Estimated time left: 0:05:18
2025-02-09 19:44:00,003 - INFO - Trial: 7/100, Epoch: 8/10, Val loss: 0.1640, Elapsed time: 0:14:21, Estimated time left: 0:03:33
2025-02-09 19:45:46,134 - INFO - Trial: 7/100, Epoch: 9/10, Val loss: 0.1634, Elapsed time: 0:16:07, Estimated time left: 0:01:46
2025-02-09 19:47:32,262 - INFO - Trial: 7/100, Epoch: 10/10, Val loss: 0.1632, Elapsed time: 0:17:53, Estimated time left: 0:00:00
2025-02-09 19:47:32,264 - INFO - Trial 6 finished with value: 0.16322292957251955 and parameters: {'hidden_layers': 4, 'n_units_l': 270, 'lr': 0.031219707474755623, 'batch_size': 123}. Best is trial 3 with value: 0.0004631672391851325.
2025-02-09 19:47:32,265 - INFO - Elapsed time: 14046.07 seconds
2025-02-09 19:47:32,265 - INFO - Estimated time left: 0.00 seconds
2025-02-09 20:00:19,720 - INFO - Trial: 8/100, Epoch: 1/10, Val loss: 0.0610, Elapsed time: 0:12:47, Estimated time left: 1:55:07
2025-02-09 20:11:50,061 - INFO - Trial: 8/100, Epoch: 2/10, Val loss: 0.0020, Elapsed time: 0:24:17, Estimated time left: 1:32:02
2025-02-09 20:23:22,947 - INFO - Trial: 8/100, Epoch: 3/10, Val loss: 0.0009, Elapsed time: 0:35:50, Estimated time left: 1:20:50
2025-02-09 20:35:16,329 - INFO - Trial: 8/100, Epoch: 4/10, Val loss: 0.0007, Elapsed time: 0:47:44, Estimated time left: 1:11:20
2025-02-09 20:47:09,749 - INFO - Trial: 8/100, Epoch: 5/10, Val loss: 0.0007, Elapsed time: 0:59:37, Estimated time left: 0:59:27
2025-02-09 21:02:10,333 - INFO - Trial: 8/100, Epoch: 6/10, Val loss: 0.0007, Elapsed time: 1:14:38, Estimated time left: 1:00:02
2025-02-09 21:12:39,980 - INFO - Trial: 8/100, Epoch: 7/10, Val loss: 0.0008, Elapsed time: 1:25:07, Estimated time left: 0:31:28
2025-02-09 21:22:26,895 - INFO - Trial: 8/100, Epoch: 8/10, Val loss: 0.0006, Elapsed time: 1:34:54, Estimated time left: 0:19:33
2025-02-09 21:32:11,255 - INFO - Trial: 8/100, Epoch: 9/10, Val loss: 0.0005, Elapsed time: 1:44:38, Estimated time left: 0:09:44
2025-02-09 21:42:10,782 - INFO - Trial: 8/100, Epoch: 10/10, Val loss: 0.0006, Elapsed time: 1:54:38, Estimated time left: 0:00:00
2025-02-09 21:42:10,784 - INFO - Trial 7 finished with value: 0.0005533911307059295 and parameters: {'hidden_layers': 8, 'n_units_l': 332, 'lr': 0.0009123629222721436, 'batch_size': 21}. Best is trial 3 with value: 0.0004631672391851325.
2025-02-09 21:42:10,785 - INFO - Elapsed time: 20924.59 seconds
2025-02-09 21:42:10,785 - INFO - Estimated time left: 0.00 seconds
2025-02-09 21:45:03,594 - INFO - Trial: 9/100, Epoch: 1/10, Val loss: 0.0741, Elapsed time: 0:02:52, Estimated time left: 0:25:55
2025-02-09 21:47:49,310 - INFO - Trial: 9/100, Epoch: 2/10, Val loss: 0.0016, Elapsed time: 0:05:38, Estimated time left: 0:22:05
2025-02-09 21:50:32,587 - INFO - Trial: 9/100, Epoch: 3/10, Val loss: 0.0015, Elapsed time: 0:08:21, Estimated time left: 0:19:02
2025-02-09 21:53:18,062 - INFO - Trial: 9/100, Epoch: 4/10, Val loss: 0.0017, Elapsed time: 0:11:07, Estimated time left: 0:16:32
2025-02-09 21:56:01,337 - INFO - Trial: 9/100, Epoch: 5/10, Val loss: 0.0020, Elapsed time: 0:13:50, Estimated time left: 0:13:36
2025-02-09 21:58:46,487 - INFO - Trial: 9/100, Epoch: 6/10, Val loss: 0.0012, Elapsed time: 0:16:35, Estimated time left: 0:11:00
2025-02-09 22:01:31,755 - INFO - Trial: 9/100, Epoch: 7/10, Val loss: 0.0011, Elapsed time: 0:19:20, Estimated time left: 0:08:15
2025-02-09 22:04:15,594 - INFO - Trial: 9/100, Epoch: 8/10, Val loss: 0.0011, Elapsed time: 0:22:04, Estimated time left: 0:05:27
2025-02-09 22:07:01,026 - INFO - Trial: 9/100, Epoch: 9/10, Val loss: 0.0010, Elapsed time: 0:24:50, Estimated time left: 0:02:45
2025-02-09 22:09:44,658 - INFO - Trial: 9/100, Epoch: 10/10, Val loss: 0.0011, Elapsed time: 0:27:33, Estimated time left: 0:00:00
2025-02-09 22:09:44,660 - INFO - Trial 8 finished with value: 0.0010932674097594772 and parameters: {'hidden_layers': 4, 'n_units_l': 171, 'lr': 0.005413919231703156, 'batch_size': 60}. Best is trial 3 with value: 0.0004631672391851325.
2025-02-09 22:09:44,661 - INFO - Elapsed time: 22578.47 seconds
2025-02-09 22:09:44,661 - INFO - Estimated time left: 0.00 seconds
2025-02-09 22:10:49,489 - INFO - Trial: 10/100, Epoch: 1/10, Val loss: 0.0310, Elapsed time: 0:01:04, Estimated time left: 0:09:43
2025-02-09 22:11:50,394 - INFO - Trial: 10/100, Epoch: 2/10, Val loss: 0.0009, Elapsed time: 0:02:05, Estimated time left: 0:08:07
2025-02-09 22:12:51,621 - INFO - Trial: 10/100, Epoch: 3/10, Val loss: 0.0007, Elapsed time: 0:03:06, Estimated time left: 0:07:08
2025-02-09 22:13:52,789 - INFO - Trial: 10/100, Epoch: 4/10, Val loss: 0.0006, Elapsed time: 0:04:08, Estimated time left: 0:06:07
2025-02-09 22:14:57,182 - INFO - Trial: 10/100, Epoch: 5/10, Val loss: 0.0005, Elapsed time: 0:05:12, Estimated time left: 0:05:21
2025-02-09 22:15:58,553 - INFO - Trial: 10/100, Epoch: 6/10, Val loss: 0.0005, Elapsed time: 0:06:13, Estimated time left: 0:04:05
2025-02-09 22:16:59,825 - INFO - Trial: 10/100, Epoch: 7/10, Val loss: 0.0004, Elapsed time: 0:07:15, Estimated time left: 0:03:03
2025-02-09 22:18:01,108 - INFO - Trial: 10/100, Epoch: 8/10, Val loss: 0.0005, Elapsed time: 0:08:16, Estimated time left: 0:02:02
2025-02-09 22:19:02,844 - INFO - Trial: 10/100, Epoch: 9/10, Val loss: 0.0004, Elapsed time: 0:09:18, Estimated time left: 0:01:01
2025-02-09 22:20:03,878 - INFO - Trial: 10/100, Epoch: 10/10, Val loss: 0.0004, Elapsed time: 0:10:19, Estimated time left: 0:00:00
2025-02-09 22:20:03,879 - INFO - Trial 9 finished with value: 0.00039675724598152093 and parameters: {'hidden_layers': 3, 'n_units_l': 218, 'lr': 0.0002527096835680834, 'batch_size': 208}. Best is trial 9 with value: 0.00039675724598152093.
2025-02-09 22:20:03,880 - INFO - Elapsed time: 23197.69 seconds
2025-02-09 22:20:03,880 - INFO - Estimated time left: 0.00 seconds
2025-02-09 22:20:55,078 - INFO - Trial: 11/100, Epoch: 1/10, Val loss: 0.0659, Elapsed time: 0:00:51, Estimated time left: 0:07:40
2025-02-09 22:21:45,582 - INFO - Trial: 11/100, Epoch: 2/10, Val loss: 0.0236, Elapsed time: 0:01:41, Estimated time left: 0:06:44
2025-02-09 22:22:35,930 - INFO - Trial: 11/100, Epoch: 3/10, Val loss: 0.0202, Elapsed time: 0:02:32, Estimated time left: 0:05:52
2025-02-09 22:23:26,333 - INFO - Trial: 11/100, Epoch: 4/10, Val loss: 0.0190, Elapsed time: 0:03:22, Estimated time left: 0:05:02
2025-02-09 22:24:16,650 - INFO - Trial: 11/100, Epoch: 5/10, Val loss: 0.0187, Elapsed time: 0:04:12, Estimated time left: 0:04:11
2025-02-09 22:25:06,830 - INFO - Trial: 11/100, Epoch: 6/10, Val loss: 0.0183, Elapsed time: 0:05:02, Estimated time left: 0:03:20
2025-02-09 22:25:58,160 - INFO - Trial: 11/100, Epoch: 7/10, Val loss: 0.0181, Elapsed time: 0:05:54, Estimated time left: 0:02:33
2025-02-09 22:26:49,526 - INFO - Trial: 11/100, Epoch: 8/10, Val loss: 0.0181, Elapsed time: 0:06:45, Estimated time left: 0:01:42
2025-02-09 22:27:40,441 - INFO - Trial: 11/100, Epoch: 9/10, Val loss: 0.0179, Elapsed time: 0:07:36, Estimated time left: 0:00:50
2025-02-09 22:28:31,500 - INFO - Trial: 11/100, Epoch: 10/10, Val loss: 0.0179, Elapsed time: 0:08:27, Estimated time left: 0:00:00
2025-02-09 22:28:31,502 - INFO - Trial 10 finished with value: 0.017889544232826893 and parameters: {'hidden_layers': 1, 'n_units_l': 128, 'lr': 0.00020026422267542968, 'batch_size': 203}. Best is trial 9 with value: 0.00039675724598152093.
2025-02-09 22:28:31,503 - INFO - Elapsed time: 23705.31 seconds
2025-02-09 22:28:31,503 - INFO - Estimated time left: 0.00 seconds
2025-02-09 22:29:40,517 - INFO - Trial: 12/100, Epoch: 1/10, Val loss: 0.2112, Elapsed time: 0:01:09, Estimated time left: 0:10:21
2025-02-09 22:30:46,961 - INFO - Trial: 12/100, Epoch: 2/10, Val loss: 0.0021, Elapsed time: 0:02:15, Estimated time left: 0:08:51
2025-02-09 22:31:53,406 - INFO - Trial: 12/100, Epoch: 3/10, Val loss: 0.0014, Elapsed time: 0:03:21, Estimated time left: 0:07:45
2025-02-09 22:33:01,583 - INFO - Trial: 12/100, Epoch: 4/10, Val loss: 0.0013, Elapsed time: 0:04:30, Estimated time left: 0:06:49
2025-02-09 22:34:07,839 - INFO - Trial: 12/100, Epoch: 5/10, Val loss: 0.0010, Elapsed time: 0:05:36, Estimated time left: 0:05:31
2025-02-09 22:35:14,162 - INFO - Trial: 12/100, Epoch: 6/10, Val loss: 0.0009, Elapsed time: 0:06:42, Estimated time left: 0:04:25
2025-02-09 22:36:20,642 - INFO - Trial: 12/100, Epoch: 7/10, Val loss: 0.0009, Elapsed time: 0:07:49, Estimated time left: 0:03:19
2025-02-09 22:37:27,110 - INFO - Trial: 12/100, Epoch: 8/10, Val loss: 0.0008, Elapsed time: 0:08:55, Estimated time left: 0:02:12
2025-02-09 22:38:33,465 - INFO - Trial: 12/100, Epoch: 9/10, Val loss: 0.0008, Elapsed time: 0:10:01, Estimated time left: 0:01:06
2025-02-09 22:39:41,647 - INFO - Trial: 12/100, Epoch: 10/10, Val loss: 0.0007, Elapsed time: 0:11:10, Estimated time left: 0:00:00
2025-02-09 22:39:41,648 - INFO - Trial 11 finished with value: 0.0007124332406667498 and parameters: {'hidden_layers': 6, 'n_units_l': 200, 'lr': 4.9385370759388586e-05, 'batch_size': 241}. Best is trial 9 with value: 0.00039675724598152093.
2025-02-09 22:39:41,649 - INFO - Elapsed time: 24375.46 seconds
2025-02-09 22:39:41,649 - INFO - Estimated time left: 0.00 seconds
2025-02-09 22:41:08,897 - INFO - Trial: 13/100, Epoch: 1/10, Val loss: 0.1301, Elapsed time: 0:01:27, Estimated time left: 0:13:05
2025-02-09 22:42:32,187 - INFO - Trial: 13/100, Epoch: 2/10, Val loss: 0.0010, Elapsed time: 0:02:50, Estimated time left: 0:11:06
2025-02-09 22:43:55,427 - INFO - Trial: 13/100, Epoch: 3/10, Val loss: 0.0007, Elapsed time: 0:04:13, Estimated time left: 0:09:42
2025-02-09 22:45:18,401 - INFO - Trial: 13/100, Epoch: 4/10, Val loss: 0.0006, Elapsed time: 0:05:36, Estimated time left: 0:08:17
2025-02-09 22:46:43,828 - INFO - Trial: 13/100, Epoch: 5/10, Val loss: 0.0005, Elapsed time: 0:07:02, Estimated time left: 0:07:07
2025-02-09 22:48:06,749 - INFO - Trial: 13/100, Epoch: 6/10, Val loss: 0.0005, Elapsed time: 0:08:25, Estimated time left: 0:05:31
2025-02-09 22:49:29,657 - INFO - Trial: 13/100, Epoch: 7/10, Val loss: 0.0004, Elapsed time: 0:09:47, Estimated time left: 0:04:08
2025-02-09 22:50:52,657 - INFO - Trial: 13/100, Epoch: 8/10, Val loss: 0.0004, Elapsed time: 0:11:10, Estimated time left: 0:02:46
2025-02-09 22:52:15,858 - INFO - Trial: 13/100, Epoch: 9/10, Val loss: 0.0003, Elapsed time: 0:12:34, Estimated time left: 0:01:23
2025-02-09 22:53:41,069 - INFO - Trial: 13/100, Epoch: 10/10, Val loss: 0.0003, Elapsed time: 0:13:59, Estimated time left: 0:00:00
