2025-02-10 05:25:01,547 - INFO - Trial 25 finished with value: 0.0003800820299708911 and parameters: {'hidden_layers': 7, 'n_units_l': 229, 'lr': 0.00013435664404214416, 'batch_size': 192}. Best is trial 24 with value: 0.00026755512528401336.
2025-02-10 05:25:01,548 - INFO - Elapsed time: 48695.36 seconds
2025-02-10 05:25:01,548 - INFO - Estimated time left: 0.00 seconds
2025-02-10 05:27:31,720 - INFO - Trial: 27/100, Epoch: 1/10, Val loss: 0.1846, Elapsed time: 0:02:30, Estimated time left: 0:22:31
2025-02-10 05:29:52,864 - INFO - Trial: 27/100, Epoch: 2/10, Val loss: 0.0022, Elapsed time: 0:04:51, Estimated time left: 0:18:49
2025-02-10 05:32:14,513 - INFO - Trial: 27/100, Epoch: 3/10, Val loss: 0.0018, Elapsed time: 0:07:12, Estimated time left: 0:16:31
2025-02-10 05:34:37,017 - INFO - Trial: 27/100, Epoch: 4/10, Val loss: 0.0017, Elapsed time: 0:09:35, Estimated time left: 0:14:15
2025-02-10 05:36:58,891 - INFO - Trial: 27/100, Epoch: 5/10, Val loss: 0.0014, Elapsed time: 0:11:57, Estimated time left: 0:11:49
2025-02-10 05:39:20,308 - INFO - Trial: 27/100, Epoch: 6/10, Val loss: 0.0013, Elapsed time: 0:14:18, Estimated time left: 0:09:25
2025-02-10 05:41:41,555 - INFO - Trial: 27/100, Epoch: 7/10, Val loss: 0.0012, Elapsed time: 0:16:39, Estimated time left: 0:07:03
2025-02-10 05:44:02,399 - INFO - Trial: 27/100, Epoch: 8/10, Val loss: 0.0011, Elapsed time: 0:19:00, Estimated time left: 0:04:41
2025-02-10 05:46:23,447 - INFO - Trial: 27/100, Epoch: 9/10, Val loss: 0.0011, Elapsed time: 0:21:21, Estimated time left: 0:02:21
2025-02-10 05:48:45,530 - INFO - Trial: 27/100, Epoch: 10/10, Val loss: 0.0009, Elapsed time: 0:23:43, Estimated time left: 0:00:00
2025-02-10 05:48:45,532 - INFO - Trial 26 finished with value: 0.0009336466100084949 and parameters: {'hidden_layers': 5, 'n_units_l': 138, 'lr': 3.0424947163015596e-05, 'batch_size': 102}. Best is trial 24 with value: 0.00026755512528401336.
2025-02-10 05:48:45,533 - INFO - Elapsed time: 50119.34 seconds
2025-02-10 05:48:45,534 - INFO - Estimated time left: 0.00 seconds
2025-02-10 05:51:04,551 - INFO - Trial: 28/100, Epoch: 1/10, Val loss: 0.1632, Elapsed time: 0:02:19, Estimated time left: 0:20:51
2025-02-10 05:53:18,563 - INFO - Trial: 28/100, Epoch: 2/10, Val loss: 0.1636, Elapsed time: 0:04:33, Estimated time left: 0:17:52
2025-02-10 05:55:33,349 - INFO - Trial: 28/100, Epoch: 3/10, Val loss: 0.1635, Elapsed time: 0:06:47, Estimated time left: 0:15:43
2025-02-10 05:57:47,916 - INFO - Trial: 28/100, Epoch: 4/10, Val loss: 0.1633, Elapsed time: 0:09:02, Estimated time left: 0:13:27
2025-02-10 06:00:02,388 - INFO - Trial: 28/100, Epoch: 5/10, Val loss: 0.1633, Elapsed time: 0:11:16, Estimated time left: 0:11:12
2025-02-10 06:02:17,017 - INFO - Trial: 28/100, Epoch: 6/10, Val loss: 0.1635, Elapsed time: 0:13:31, Estimated time left: 0:08:58
2025-02-10 06:04:31,693 - INFO - Trial: 28/100, Epoch: 7/10, Val loss: 0.1636, Elapsed time: 0:15:46, Estimated time left: 0:06:44
2025-02-10 06:06:49,654 - INFO - Trial: 28/100, Epoch: 8/10, Val loss: 0.1640, Elapsed time: 0:18:04, Estimated time left: 0:04:35
2025-02-10 06:09:02,972 - INFO - Trial: 28/100, Epoch: 9/10, Val loss: 0.1633, Elapsed time: 0:20:17, Estimated time left: 0:02:13
2025-02-10 06:11:16,159 - INFO - Trial: 28/100, Epoch: 10/10, Val loss: 0.1632, Elapsed time: 0:22:30, Estimated time left: 0:00:00
2025-02-10 06:11:16,160 - INFO - Trial 27 finished with value: 0.16323594745236755 and parameters: {'hidden_layers': 6, 'n_units_l': 211, 'lr': 0.011496029345623798, 'batch_size': 132}. Best is trial 24 with value: 0.00026755512528401336.
2025-02-10 06:11:16,162 - INFO - Elapsed time: 51469.97 seconds
2025-02-10 06:11:16,162 - INFO - Estimated time left: 0.00 seconds
2025-02-10 06:16:25,727 - INFO - Trial: 29/100, Epoch: 1/10, Val loss: 0.0212, Elapsed time: 0:05:09, Estimated time left: 0:46:25
2025-02-10 06:21:16,474 - INFO - Trial: 29/100, Epoch: 2/10, Val loss: 0.0010, Elapsed time: 0:10:00, Estimated time left: 0:38:45
2025-02-10 06:26:03,540 - INFO - Trial: 29/100, Epoch: 3/10, Val loss: 0.0006, Elapsed time: 0:14:47, Estimated time left: 0:33:29
2025-02-10 06:30:53,891 - INFO - Trial: 29/100, Epoch: 4/10, Val loss: 0.0006, Elapsed time: 0:19:37, Estimated time left: 0:29:02
2025-02-10 06:35:44,034 - INFO - Trial: 29/100, Epoch: 5/10, Val loss: 0.0006, Elapsed time: 0:24:27, Estimated time left: 0:24:10
2025-02-10 06:40:30,772 - INFO - Trial: 29/100, Epoch: 6/10, Val loss: 0.0006, Elapsed time: 0:29:14, Estimated time left: 0:19:06
2025-02-10 06:45:20,563 - INFO - Trial: 29/100, Epoch: 7/10, Val loss: 0.0005, Elapsed time: 0:34:04, Estimated time left: 0:14:29
2025-02-10 06:50:10,125 - INFO - Trial: 29/100, Epoch: 8/10, Val loss: 0.0005, Elapsed time: 0:38:53, Estimated time left: 0:09:39
2025-02-10 06:54:56,418 - INFO - Trial: 29/100, Epoch: 9/10, Val loss: 0.0005, Elapsed time: 0:43:40, Estimated time left: 0:04:46
2025-02-10 06:58:52,954 - INFO - Trial: 29/100, Epoch: 10/10, Val loss: 0.0005, Elapsed time: 0:47:36, Estimated time left: 0:00:00
2025-02-10 06:58:52,956 - INFO - Trial 28 finished with value: 0.0004528221773191035 and parameters: {'hidden_layers': 4, 'n_units_l': 323, 'lr': 0.001527609651670533, 'batch_size': 50}. Best is trial 24 with value: 0.00026755512528401336.
2025-02-10 06:58:52,958 - INFO - Elapsed time: 54326.77 seconds
2025-02-10 06:58:52,958 - INFO - Estimated time left: 0.00 seconds
2025-02-10 07:00:31,025 - INFO - Trial: 30/100, Epoch: 1/10, Val loss: 0.0369, Elapsed time: 0:01:38, Estimated time left: 0:14:42
2025-02-10 07:02:02,777 - INFO - Trial: 30/100, Epoch: 2/10, Val loss: 0.0007, Elapsed time: 0:03:09, Estimated time left: 0:12:14
2025-02-10 07:03:34,612 - INFO - Trial: 30/100, Epoch: 3/10, Val loss: 0.0005, Elapsed time: 0:04:41, Estimated time left: 0:10:42
2025-02-10 07:05:06,359 - INFO - Trial: 30/100, Epoch: 4/10, Val loss: 0.0004, Elapsed time: 0:06:13, Estimated time left: 0:09:10
2025-02-10 07:06:38,740 - INFO - Trial: 30/100, Epoch: 5/10, Val loss: 0.0004, Elapsed time: 0:07:45, Estimated time left: 0:07:41
2025-02-10 07:08:15,589 - INFO - Trial: 30/100, Epoch: 6/10, Val loss: 0.0003, Elapsed time: 0:09:22, Estimated time left: 0:06:27
2025-02-10 07:09:50,391 - INFO - Trial: 30/100, Epoch: 7/10, Val loss: 0.0003, Elapsed time: 0:10:57, Estimated time left: 0:04:44
2025-02-10 07:11:43,521 - INFO - Trial: 30/100, Epoch: 8/10, Val loss: 0.0003, Elapsed time: 0:12:50, Estimated time left: 0:03:46
2025-02-10 07:13:36,290 - INFO - Trial: 30/100, Epoch: 9/10, Val loss: 0.0003, Elapsed time: 0:14:43, Estimated time left: 0:01:52
2025-02-10 07:16:13,165 - INFO - Trial: 30/100, Epoch: 10/10, Val loss: 0.0003, Elapsed time: 0:17:20, Estimated time left: 0:00:00
2025-02-10 07:16:13,166 - INFO - Trial 29 finished with value: 0.0002796843020825696 and parameters: {'hidden_layers': 8, 'n_units_l': 422, 'lr': 0.0005528073346470977, 'batch_size': 190}. Best is trial 24 with value: 0.00026755512528401336.
2025-02-10 07:16:13,168 - INFO - Elapsed time: 55366.98 seconds
2025-02-10 07:16:13,168 - INFO - Estimated time left: 0.00 seconds
2025-02-10 07:21:14,763 - INFO - Trial: 31/100, Epoch: 1/10, Val loss: 0.0688, Elapsed time: 0:05:01, Estimated time left: 0:45:14
2025-02-10 07:25:53,084 - INFO - Trial: 31/100, Epoch: 2/10, Val loss: 0.0009, Elapsed time: 0:09:39, Estimated time left: 0:37:06
2025-02-10 07:30:27,415 - INFO - Trial: 31/100, Epoch: 3/10, Val loss: 0.0006, Elapsed time: 0:14:14, Estimated time left: 0:32:00
2025-02-10 07:35:06,881 - INFO - Trial: 31/100, Epoch: 4/10, Val loss: 0.0005, Elapsed time: 0:18:53, Estimated time left: 0:27:56
2025-02-10 07:39:45,867 - INFO - Trial: 31/100, Epoch: 5/10, Val loss: 0.0004, Elapsed time: 0:23:32, Estimated time left: 0:23:14
2025-02-10 07:44:24,238 - INFO - Trial: 31/100, Epoch: 6/10, Val loss: 0.0004, Elapsed time: 0:28:11, Estimated time left: 0:18:33
2025-02-10 07:49:03,414 - INFO - Trial: 31/100, Epoch: 7/10, Val loss: 0.0003, Elapsed time: 0:32:50, Estimated time left: 0:13:57
2025-02-10 07:53:38,260 - INFO - Trial: 31/100, Epoch: 8/10, Val loss: 0.0003, Elapsed time: 0:37:25, Estimated time left: 0:09:09
2025-02-10 07:58:15,130 - INFO - Trial: 31/100, Epoch: 9/10, Val loss: 0.0003, Elapsed time: 0:42:01, Estimated time left: 0:04:36
2025-02-10 08:02:53,051 - INFO - Trial: 31/100, Epoch: 10/10, Val loss: 0.0002, Elapsed time: 0:46:39, Estimated time left: 0:00:00
2025-02-10 08:02:53,052 - INFO - Trial 30 finished with value: 0.0002407816538046952 and parameters: {'hidden_layers': 8, 'n_units_l': 434, 'lr': 0.00011835993869121946, 'batch_size': 105}. Best is trial 30 with value: 0.0002407816538046952.
2025-02-10 08:02:53,054 - INFO - Elapsed time: 58166.86 seconds
2025-02-10 08:02:53,054 - INFO - Estimated time left: 0.00 seconds
2025-02-10 08:07:43,060 - INFO - Trial: 32/100, Epoch: 1/10, Val loss: 0.0275, Elapsed time: 0:04:49, Estimated time left: 0:43:29
2025-02-10 08:12:09,765 - INFO - Trial: 32/100, Epoch: 2/10, Val loss: 0.0008, Elapsed time: 0:09:16, Estimated time left: 0:35:33
2025-02-10 08:16:37,740 - INFO - Trial: 32/100, Epoch: 3/10, Val loss: 0.0005, Elapsed time: 0:13:44, Estimated time left: 0:31:15
2025-02-10 08:20:58,275 - INFO - Trial: 32/100, Epoch: 4/10, Val loss: 0.0004, Elapsed time: 0:18:05, Estimated time left: 0:26:03
2025-02-10 08:25:25,163 - INFO - Trial: 32/100, Epoch: 5/10, Val loss: 0.0004, Elapsed time: 0:22:32, Estimated time left: 0:22:14
2025-02-10 08:29:52,840 - INFO - Trial: 32/100, Epoch: 6/10, Val loss: 0.0003, Elapsed time: 0:26:59, Estimated time left: 0:17:50
2025-02-10 08:34:19,820 - INFO - Trial: 32/100, Epoch: 7/10, Val loss: 0.0003, Elapsed time: 0:31:26, Estimated time left: 0:13:20
2025-02-10 08:38:47,428 - INFO - Trial: 32/100, Epoch: 8/10, Val loss: 0.0003, Elapsed time: 0:35:54, Estimated time left: 0:08:55
2025-02-10 08:43:14,405 - INFO - Trial: 32/100, Epoch: 9/10, Val loss: 0.0003, Elapsed time: 0:40:21, Estimated time left: 0:04:26
2025-02-10 08:47:36,364 - INFO - Trial: 32/100, Epoch: 10/10, Val loss: 0.0003, Elapsed time: 0:44:43, Estimated time left: 0:00:00
2025-02-10 08:47:36,366 - INFO - Trial 31 finished with value: 0.00027339177386505705 and parameters: {'hidden_layers': 8, 'n_units_l': 452, 'lr': 0.0004604578323802888, 'batch_size': 110}. Best is trial 30 with value: 0.0002407816538046952.
2025-02-10 08:47:36,368 - INFO - Elapsed time: 60850.18 seconds
2025-02-10 08:47:36,368 - INFO - Estimated time left: 0.00 seconds
2025-02-10 08:54:41,962 - INFO - Trial: 33/100, Epoch: 1/10, Val loss: 0.2608, Elapsed time: 0:07:05, Estimated time left: 1:03:50
2025-02-10 09:01:09,439 - INFO - Trial: 33/100, Epoch: 2/10, Val loss: 0.0011, Elapsed time: 0:13:33, Estimated time left: 0:51:39
2025-02-10 09:07:38,372 - INFO - Trial: 33/100, Epoch: 3/10, Val loss: 0.0007, Elapsed time: 0:20:01, Estimated time left: 0:45:22
2025-02-10 09:14:01,766 - INFO - Trial: 33/100, Epoch: 4/10, Val loss: 0.0005, Elapsed time: 0:26:25, Estimated time left: 0:38:20
2025-02-10 09:20:21,473 - INFO - Trial: 33/100, Epoch: 5/10, Val loss: 0.0005, Elapsed time: 0:32:45, Estimated time left: 0:31:38
2025-02-10 09:26:44,952 - INFO - Trial: 33/100, Epoch: 6/10, Val loss: 0.0004, Elapsed time: 0:39:08, Estimated time left: 0:25:33
2025-02-10 09:33:05,896 - INFO - Trial: 33/100, Epoch: 7/10, Val loss: 0.0003, Elapsed time: 0:45:29, Estimated time left: 0:19:02
2025-02-10 09:39:30,005 - INFO - Trial: 33/100, Epoch: 8/10, Val loss: 0.0004, Elapsed time: 0:51:53, Estimated time left: 0:12:48
2025-02-10 09:45:52,829 - INFO - Trial: 33/100, Epoch: 9/10, Val loss: 0.0003, Elapsed time: 0:58:16, Estimated time left: 0:06:22
2025-02-10 09:52:16,617 - INFO - Trial: 33/100, Epoch: 10/10, Val loss: 0.0002, Elapsed time: 1:04:40, Estimated time left: 0:00:00
2025-02-10 09:52:16,619 - INFO - Trial 32 finished with value: 0.0002363301394453565 and parameters: {'hidden_layers': 8, 'n_units_l': 464, 'lr': 3.7011390613191215e-05, 'batch_size': 71}. Best is trial 32 with value: 0.0002363301394453565.
2025-02-10 09:52:16,620 - INFO - Elapsed time: 64730.43 seconds
2025-02-10 09:52:16,621 - INFO - Estimated time left: 0.00 seconds
2025-02-10 09:59:20,526 - INFO - Trial: 34/100, Epoch: 1/10, Val loss: 0.2928, Elapsed time: 0:07:03, Estimated time left: 1:03:34
2025-02-10 10:05:43,283 - INFO - Trial: 34/100, Epoch: 2/10, Val loss: 0.0011, Elapsed time: 0:13:26, Estimated time left: 0:51:02
2025-02-10 10:12:05,824 - INFO - Trial: 34/100, Epoch: 3/10, Val loss: 0.0008, Elapsed time: 0:19:49, Estimated time left: 0:44:37
2025-02-10 10:17:41,445 - INFO - Trial: 34/100, Epoch: 4/10, Val loss: 0.0006, Elapsed time: 0:25:24, Estimated time left: 0:33:33
2025-02-10 10:24:05,669 - INFO - Trial: 34/100, Epoch: 5/10, Val loss: 0.0005, Elapsed time: 0:31:49, Estimated time left: 0:32:01
2025-02-10 10:30:28,335 - INFO - Trial: 34/100, Epoch: 6/10, Val loss: 0.0004, Elapsed time: 0:38:11, Estimated time left: 0:25:30
2025-02-10 10:36:49,906 - INFO - Trial: 34/100, Epoch: 7/10, Val loss: 0.0003, Elapsed time: 0:44:33, Estimated time left: 0:19:04
2025-02-10 10:42:10,412 - INFO - Trial: 34/100, Epoch: 8/10, Val loss: 0.0003, Elapsed time: 0:49:53, Estimated time left: 0:10:41
2025-02-10 10:46:29,884 - INFO - Trial: 34/100, Epoch: 9/10, Val loss: 0.0003, Elapsed time: 0:54:13, Estimated time left: 0:04:19
2025-02-10 10:50:49,841 - INFO - Trial: 34/100, Epoch: 10/10, Val loss: 0.0002, Elapsed time: 0:58:33, Estimated time left: 0:00:00
2025-02-10 10:50:49,843 - INFO - Trial 33 finished with value: 0.00023549912399688084 and parameters: {'hidden_layers': 8, 'n_units_l': 507, 'lr': 2.5114653568887934e-05, 'batch_size': 73}. Best is trial 33 with value: 0.00023549912399688084.
2025-02-10 10:50:49,844 - INFO - Elapsed time: 68243.65 seconds
2025-02-10 10:50:49,845 - INFO - Estimated time left: 0.00 seconds
2025-02-10 10:55:36,519 - INFO - Trial: 35/100, Epoch: 1/10, Val loss: 0.2895, Elapsed time: 0:04:46, Estimated time left: 0:42:59
2025-02-10 10:59:56,158 - INFO - Trial: 35/100, Epoch: 2/10, Val loss: 0.0012, Elapsed time: 0:09:06, Estimated time left: 0:34:37
2025-02-10 11:04:18,676 - INFO - Trial: 35/100, Epoch: 3/10, Val loss: 0.0007, Elapsed time: 0:13:28, Estimated time left: 0:30:37
2025-02-10 11:08:40,646 - INFO - Trial: 35/100, Epoch: 4/10, Val loss: 0.0005, Elapsed time: 0:17:50, Estimated time left: 0:26:11
2025-02-10 11:13:00,566 - INFO - Trial: 35/100, Epoch: 5/10, Val loss: 0.0005, Elapsed time: 0:22:10, Estimated time left: 0:21:39
2025-02-10 11:17:21,603 - INFO - Trial: 35/100, Epoch: 6/10, Val loss: 0.0004, Elapsed time: 0:26:31, Estimated time left: 0:17:24
2025-02-10 11:21:41,916 - INFO - Trial: 35/100, Epoch: 7/10, Val loss: 0.0003, Elapsed time: 0:30:52, Estimated time left: 0:13:00
2025-02-10 11:26:00,958 - INFO - Trial: 35/100, Epoch: 8/10, Val loss: 0.0003, Elapsed time: 0:35:11, Estimated time left: 0:08:38
2025-02-10 11:30:21,888 - INFO - Trial: 35/100, Epoch: 9/10, Val loss: 0.0002, Elapsed time: 0:39:32, Estimated time left: 0:04:20
2025-02-10 11:34:43,271 - INFO - Trial: 35/100, Epoch: 10/10, Val loss: 0.0002, Elapsed time: 0:43:53, Estimated time left: 0:00:00
2025-02-10 11:34:43,273 - INFO - Trial 34 finished with value: 0.0002271263525212831 and parameters: {'hidden_layers': 8, 'n_units_l': 510, 'lr': 2.6538107436156745e-05, 'batch_size': 73}. Best is trial 34 with value: 0.0002271263525212831.
2025-02-10 11:34:43,275 - INFO - Elapsed time: 70877.08 seconds
2025-02-10 11:34:43,275 - INFO - Estimated time left: 0.00 seconds
2025-02-10 11:39:23,954 - INFO - Trial: 36/100, Epoch: 1/10, Val loss: 0.2897, Elapsed time: 0:04:40, Estimated time left: 0:42:05
2025-02-10 11:43:42,570 - INFO - Trial: 36/100, Epoch: 2/10, Val loss: 0.0011, Elapsed time: 0:08:59, Estimated time left: 0:34:28
2025-02-10 11:48:02,590 - INFO - Trial: 36/100, Epoch: 3/10, Val loss: 0.0008, Elapsed time: 0:13:19, Estimated time left: 0:30:20
2025-02-10 11:52:22,560 - INFO - Trial: 36/100, Epoch: 4/10, Val loss: 0.0007, Elapsed time: 0:17:39, Estimated time left: 0:25:59
2025-02-10 11:56:48,694 - INFO - Trial: 36/100, Epoch: 5/10, Val loss: 0.0005, Elapsed time: 0:22:05, Estimated time left: 0:22:10
2025-02-10 12:01:11,167 - INFO - Trial: 36/100, Epoch: 6/10, Val loss: 0.0004, Elapsed time: 0:26:27, Estimated time left: 0:17:29
2025-02-10 12:05:34,166 - INFO - Trial: 36/100, Epoch: 7/10, Val loss: 0.0004, Elapsed time: 0:30:50, Estimated time left: 0:13:08
2025-02-10 12:09:56,485 - INFO - Trial: 36/100, Epoch: 8/10, Val loss: 0.0004, Elapsed time: 0:35:13, Estimated time left: 0:08:44
2025-02-10 12:14:18,310 - INFO - Trial: 36/100, Epoch: 9/10, Val loss: 0.0003, Elapsed time: 0:39:35, Estimated time left: 0:04:21
2025-02-10 12:18:40,572 - INFO - Trial: 36/100, Epoch: 10/10, Val loss: 0.0003, Elapsed time: 0:43:57, Estimated time left: 0:00:00
2025-02-10 12:18:40,574 - INFO - Trial 35 finished with value: 0.00028738333751007576 and parameters: {'hidden_layers': 8, 'n_units_l': 506, 'lr': 2.3512870920627474e-05, 'batch_size': 73}. Best is trial 34 with value: 0.0002271263525212831.
2025-02-10 12:18:40,576 - INFO - Elapsed time: 73514.38 seconds
2025-02-10 12:18:40,576 - INFO - Estimated time left: 0.00 seconds
2025-02-10 12:23:28,032 - INFO - Trial: 37/100, Epoch: 1/10, Val loss: 0.2228, Elapsed time: 0:04:47, Estimated time left: 0:43:06
2025-02-10 12:28:00,033 - INFO - Trial: 37/100, Epoch: 2/10, Val loss: 0.0013, Elapsed time: 0:09:19, Estimated time left: 0:36:15
2025-02-10 12:32:29,846 - INFO - Trial: 37/100, Epoch: 3/10, Val loss: 0.0010, Elapsed time: 0:13:49, Estimated time left: 0:31:28
2025-02-10 12:36:56,445 - INFO - Trial: 37/100, Epoch: 4/10, Val loss: 0.0008, Elapsed time: 0:18:15, Estimated time left: 0:26:39
2025-02-10 12:41:21,157 - INFO - Trial: 37/100, Epoch: 5/10, Val loss: 0.0007, Elapsed time: 0:22:40, Estimated time left: 0:22:03
2025-02-10 12:45:45,747 - INFO - Trial: 37/100, Epoch: 6/10, Val loss: 0.0007, Elapsed time: 0:27:05, Estimated time left: 0:17:38
2025-02-10 12:50:10,715 - INFO - Trial: 37/100, Epoch: 7/10, Val loss: 0.0006, Elapsed time: 0:31:30, Estimated time left: 0:13:14
2025-02-10 12:54:34,897 - INFO - Trial: 37/100, Epoch: 8/10, Val loss: 0.0005, Elapsed time: 0:35:54, Estimated time left: 0:08:48
2025-02-10 12:58:59,417 - INFO - Trial: 37/100, Epoch: 9/10, Val loss: 0.0005, Elapsed time: 0:40:18, Estimated time left: 0:04:24
2025-02-10 13:03:23,826 - INFO - Trial: 37/100, Epoch: 10/10, Val loss: 0.0004, Elapsed time: 0:44:43, Estimated time left: 0:00:00
2025-02-10 13:03:23,827 - INFO - Trial 36 finished with value: 0.0004077574928943886 and parameters: {'hidden_layers': 8, 'n_units_l': 376, 'lr': 2.039911336852349e-05, 'batch_size': 68}. Best is trial 34 with value: 0.0002271263525212831.
2025-02-10 13:03:23,829 - INFO - Elapsed time: 76197.64 seconds
2025-02-10 13:03:23,829 - INFO - Estimated time left: 0.00 seconds
2025-02-10 13:08:56,262 - INFO - Trial: 38/100, Epoch: 1/10, Val loss: 0.1708, Elapsed time: 0:05:32, Estimated time left: 0:49:51
2025-02-10 13:14:08,911 - INFO - Trial: 38/100, Epoch: 2/10, Val loss: 0.0010, Elapsed time: 0:10:45, Estimated time left: 0:41:41
2025-02-10 13:19:38,055 - INFO - Trial: 38/100, Epoch: 3/10, Val loss: 0.0006, Elapsed time: 0:16:14, Estimated time left: 0:38:24
2025-02-10 13:25:21,431 - INFO - Trial: 38/100, Epoch: 4/10, Val loss: 0.0005, Elapsed time: 0:21:57, Estimated time left: 0:34:20
2025-02-10 13:31:07,821 - INFO - Trial: 38/100, Epoch: 5/10, Val loss: 0.0004, Elapsed time: 0:27:43, Estimated time left: 0:28:51
2025-02-10 13:36:51,445 - INFO - Trial: 38/100, Epoch: 6/10, Val loss: 0.0003, Elapsed time: 0:33:27, Estimated time left: 0:22:54
2025-02-10 13:42:06,807 - INFO - Trial: 38/100, Epoch: 7/10, Val loss: 0.0003, Elapsed time: 0:38:42, Estimated time left: 0:15:46
2025-02-10 13:47:03,386 - INFO - Trial: 38/100, Epoch: 8/10, Val loss: 0.0002, Elapsed time: 0:43:39, Estimated time left: 0:09:53
2025-02-10 13:52:00,424 - INFO - Trial: 38/100, Epoch: 9/10, Val loss: 0.0002, Elapsed time: 0:48:36, Estimated time left: 0:04:57
2025-02-10 13:56:57,909 - INFO - Trial: 38/100, Epoch: 10/10, Val loss: 0.0002, Elapsed time: 0:53:34, Estimated time left: 0:00:00
2025-02-10 13:56:57,911 - INFO - Trial 37 finished with value: 0.00022053746730657086 and parameters: {'hidden_layers': 8, 'n_units_l': 447, 'lr': 4.739841148384938e-05, 'batch_size': 58}. Best is trial 37 with value: 0.00022053746730657086.
2025-02-10 13:56:57,913 - INFO - Elapsed time: 79411.72 seconds
2025-02-10 13:56:57,913 - INFO - Estimated time left: 0.00 seconds
2025-02-10 14:03:50,763 - INFO - Trial: 39/100, Epoch: 1/10, Val loss: 0.1685, Elapsed time: 0:06:52, Estimated time left: 1:01:55
2025-02-10 14:10:01,424 - INFO - Trial: 39/100, Epoch: 2/10, Val loss: 0.0009, Elapsed time: 0:13:03, Estimated time left: 0:49:25
2025-02-10 14:15:00,791 - INFO - Trial: 39/100, Epoch: 3/10, Val loss: 0.0005, Elapsed time: 0:18:02, Estimated time left: 0:34:55
2025-02-10 14:21:17,673 - INFO - Trial: 39/100, Epoch: 4/10, Val loss: 0.0005, Elapsed time: 0:24:19, Estimated time left: 0:37:41
2025-02-10 14:27:44,592 - INFO - Trial: 39/100, Epoch: 5/10, Val loss: 0.0003, Elapsed time: 0:30:46, Estimated time left: 0:32:14
2025-02-10 14:34:11,474 - INFO - Trial: 39/100, Epoch: 6/10, Val loss: 0.0003, Elapsed time: 0:37:13, Estimated time left: 0:25:47
2025-02-10 14:40:32,608 - INFO - Trial: 39/100, Epoch: 7/10, Val loss: 0.0003, Elapsed time: 0:43:34, Estimated time left: 0:19:03
2025-02-10 14:47:36,356 - INFO - Trial: 39/100, Epoch: 8/10, Val loss: 0.0002, Elapsed time: 0:50:38, Estimated time left: 0:14:07
2025-02-10 14:54:36,942 - INFO - Trial: 39/100, Epoch: 9/10, Val loss: 0.0002, Elapsed time: 0:57:39, Estimated time left: 0:07:00
2025-02-10 15:01:37,155 - INFO - Trial: 39/100, Epoch: 10/10, Val loss: 0.0002, Elapsed time: 1:04:39, Estimated time left: 0:00:00
