2025-02-10 15:01:37,157 - INFO - Trial 38 finished with value: 0.00019503775862250657 and parameters: {'hidden_layers': 7, 'n_units_l': 474, 'lr': 4.5572601655736974e-05, 'batch_size': 42}. Best is trial 38 with value: 0.00019503775862250657.
2025-02-10 15:01:37,159 - INFO - Elapsed time: 83290.97 seconds
2025-02-10 15:01:37,160 - INFO - Estimated time left: 0.00 seconds
2025-02-10 15:10:02,899 - INFO - Trial: 40/100, Epoch: 1/10, Val loss: 0.2770, Elapsed time: 0:08:25, Estimated time left: 1:15:51
2025-02-10 15:17:55,477 - INFO - Trial: 40/100, Epoch: 2/10, Val loss: 0.0013, Elapsed time: 0:16:18, Estimated time left: 1:03:00
2025-02-10 15:25:47,927 - INFO - Trial: 40/100, Epoch: 3/10, Val loss: 0.0011, Elapsed time: 0:24:10, Estimated time left: 0:55:07
2025-02-10 15:33:40,660 - INFO - Trial: 40/100, Epoch: 4/10, Val loss: 0.0010, Elapsed time: 0:32:03, Estimated time left: 0:47:16
2025-02-10 15:41:34,412 - INFO - Trial: 40/100, Epoch: 5/10, Val loss: 0.0008, Elapsed time: 0:39:57, Estimated time left: 0:39:28
2025-02-10 15:49:24,653 - INFO - Trial: 40/100, Epoch: 6/10, Val loss: 0.0007, Elapsed time: 0:47:47, Estimated time left: 0:31:20
2025-02-10 15:57:16,871 - INFO - Trial: 40/100, Epoch: 7/10, Val loss: 0.0007, Elapsed time: 0:55:39, Estimated time left: 0:23:36
2025-02-10 16:05:10,275 - INFO - Trial: 40/100, Epoch: 8/10, Val loss: 0.0006, Elapsed time: 1:03:33, Estimated time left: 0:15:46
2025-02-10 16:12:56,088 - INFO - Trial: 40/100, Epoch: 9/10, Val loss: 0.0006, Elapsed time: 1:11:18, Estimated time left: 0:07:45
2025-02-10 16:20:49,006 - INFO - Trial: 40/100, Epoch: 10/10, Val loss: 0.0005, Elapsed time: 1:19:11, Estimated time left: 0:00:00
2025-02-10 16:20:49,008 - INFO - Trial 39 finished with value: 0.0005363176810446567 and parameters: {'hidden_layers': 7, 'n_units_l': 391, 'lr': 1.0461374568425478e-05, 'batch_size': 36}. Best is trial 38 with value: 0.00019503775862250657.
2025-02-10 16:20:49,010 - INFO - Elapsed time: 88042.82 seconds
2025-02-10 16:20:49,010 - INFO - Estimated time left: 0.00 seconds
2025-02-10 16:26:05,481 - INFO - Trial: 41/100, Epoch: 1/10, Val loss: 0.1264, Elapsed time: 0:05:16, Estimated time left: 0:47:28
2025-02-10 16:30:34,290 - INFO - Trial: 41/100, Epoch: 2/10, Val loss: 0.0009, Elapsed time: 0:09:45, Estimated time left: 0:35:50
2025-02-10 16:36:57,886 - INFO - Trial: 41/100, Epoch: 3/10, Val loss: 0.0006, Elapsed time: 0:16:08, Estimated time left: 0:44:45
2025-02-10 16:44:11,590 - INFO - Trial: 41/100, Epoch: 4/10, Val loss: 0.0004, Elapsed time: 0:23:22, Estimated time left: 0:43:22
2025-02-10 16:51:24,993 - INFO - Trial: 41/100, Epoch: 5/10, Val loss: 0.0004, Elapsed time: 0:30:35, Estimated time left: 0:36:07
2025-02-10 16:58:39,401 - INFO - Trial: 41/100, Epoch: 6/10, Val loss: 0.0003, Elapsed time: 0:37:50, Estimated time left: 0:28:57
2025-02-10 17:05:52,454 - INFO - Trial: 41/100, Epoch: 7/10, Val loss: 0.0003, Elapsed time: 0:45:03, Estimated time left: 0:21:39
2025-02-10 17:13:05,143 - INFO - Trial: 41/100, Epoch: 8/10, Val loss: 0.0003, Elapsed time: 0:52:16, Estimated time left: 0:14:25
2025-02-10 17:20:18,691 - INFO - Trial: 41/100, Epoch: 9/10, Val loss: 0.0002, Elapsed time: 0:59:29, Estimated time left: 0:07:13
2025-02-10 17:27:32,061 - INFO - Trial: 41/100, Epoch: 10/10, Val loss: 0.0002, Elapsed time: 1:06:43, Estimated time left: 0:00:00
2025-02-10 17:27:32,063 - INFO - Trial 40 finished with value: 0.00022214432309023975 and parameters: {'hidden_layers': 8, 'n_units_l': 365, 'lr': 5.845282632958613e-05, 'batch_size': 55}. Best is trial 38 with value: 0.00019503775862250657.
2025-02-10 17:27:32,066 - INFO - Elapsed time: 92045.87 seconds
2025-02-10 17:27:32,066 - INFO - Estimated time left: 0.00 seconds
2025-02-10 17:34:42,686 - INFO - Trial: 42/100, Epoch: 1/10, Val loss: 0.1145, Elapsed time: 0:07:10, Estimated time left: 1:04:35
2025-02-10 17:40:17,504 - INFO - Trial: 42/100, Epoch: 2/10, Val loss: 0.0009, Elapsed time: 0:12:45, Estimated time left: 0:44:38
2025-02-10 17:45:49,722 - INFO - Trial: 42/100, Epoch: 3/10, Val loss: 0.0007, Elapsed time: 0:18:17, Estimated time left: 0:38:45
2025-02-10 17:51:05,950 - INFO - Trial: 42/100, Epoch: 4/10, Val loss: 0.0005, Elapsed time: 0:23:33, Estimated time left: 0:31:37
2025-02-10 17:56:18,710 - INFO - Trial: 42/100, Epoch: 5/10, Val loss: 0.0004, Elapsed time: 0:28:46, Estimated time left: 0:26:03
2025-02-10 18:01:31,231 - INFO - Trial: 42/100, Epoch: 6/10, Val loss: 0.0004, Elapsed time: 0:33:59, Estimated time left: 0:20:50
2025-02-10 18:06:43,439 - INFO - Trial: 42/100, Epoch: 7/10, Val loss: 0.0003, Elapsed time: 0:39:11, Estimated time left: 0:15:36
2025-02-10 18:11:55,315 - INFO - Trial: 42/100, Epoch: 8/10, Val loss: 0.0003, Elapsed time: 0:44:23, Estimated time left: 0:10:23
2025-02-10 18:17:09,626 - INFO - Trial: 42/100, Epoch: 9/10, Val loss: 0.0003, Elapsed time: 0:49:37, Estimated time left: 0:05:14
2025-02-10 18:22:22,609 - INFO - Trial: 42/100, Epoch: 10/10, Val loss: 0.0002, Elapsed time: 0:54:50, Estimated time left: 0:00:00
2025-02-10 18:22:22,611 - INFO - Trial 41 finished with value: 0.00023193602069286262 and parameters: {'hidden_layers': 8, 'n_units_l': 355, 'lr': 5.712598560001607e-05, 'batch_size': 53}. Best is trial 38 with value: 0.00019503775862250657.
2025-02-10 18:22:22,614 - INFO - Elapsed time: 95336.42 seconds
2025-02-10 18:22:22,614 - INFO - Estimated time left: 0.00 seconds
2025-02-10 18:27:39,748 - INFO - Trial: 43/100, Epoch: 1/10, Val loss: 0.1352, Elapsed time: 0:05:17, Estimated time left: 0:47:34
2025-02-10 18:32:42,229 - INFO - Trial: 43/100, Epoch: 2/10, Val loss: 0.0010, Elapsed time: 0:10:19, Estimated time left: 0:40:19
2025-02-10 18:37:44,317 - INFO - Trial: 43/100, Epoch: 3/10, Val loss: 0.0007, Elapsed time: 0:15:21, Estimated time left: 0:35:14
2025-02-10 18:43:03,467 - INFO - Trial: 43/100, Epoch: 4/10, Val loss: 0.0005, Elapsed time: 0:20:40, Estimated time left: 0:31:54
2025-02-10 18:48:33,969 - INFO - Trial: 43/100, Epoch: 5/10, Val loss: 0.0004, Elapsed time: 0:26:11, Estimated time left: 0:27:32
2025-02-10 18:54:01,947 - INFO - Trial: 43/100, Epoch: 6/10, Val loss: 0.0003, Elapsed time: 0:31:39, Estimated time left: 0:21:51
2025-02-10 18:59:28,738 - INFO - Trial: 43/100, Epoch: 7/10, Val loss: 0.0003, Elapsed time: 0:37:06, Estimated time left: 0:16:20
2025-02-10 19:04:55,909 - INFO - Trial: 43/100, Epoch: 8/10, Val loss: 0.0003, Elapsed time: 0:42:33, Estimated time left: 0:10:54
2025-02-10 19:10:24,220 - INFO - Trial: 43/100, Epoch: 9/10, Val loss: 0.0002, Elapsed time: 0:48:01, Estimated time left: 0:05:28
2025-02-10 19:15:50,790 - INFO - Trial: 43/100, Epoch: 10/10, Val loss: 0.0002, Elapsed time: 0:53:28, Estimated time left: 0:00:00
2025-02-10 19:15:50,792 - INFO - Trial 42 finished with value: 0.00022278384305669604 and parameters: {'hidden_layers': 8, 'n_units_l': 353, 'lr': 6.214527952937296e-05, 'batch_size': 55}. Best is trial 38 with value: 0.00019503775862250657.
2025-02-10 19:15:50,795 - INFO - Elapsed time: 98544.60 seconds
2025-02-10 19:15:50,795 - INFO - Estimated time left: 0.00 seconds
2025-02-10 19:26:24,237 - INFO - Trial: 44/100, Epoch: 1/10, Val loss: 0.0522, Elapsed time: 0:10:33, Estimated time left: 1:35:00
2025-02-10 19:36:21,028 - INFO - Trial: 44/100, Epoch: 2/10, Val loss: 0.0006, Elapsed time: 0:20:30, Estimated time left: 1:19:34
2025-02-10 19:46:18,559 - INFO - Trial: 44/100, Epoch: 3/10, Val loss: 0.0004, Elapsed time: 0:30:27, Estimated time left: 1:09:42
2025-02-10 19:56:15,392 - INFO - Trial: 44/100, Epoch: 4/10, Val loss: 0.0004, Elapsed time: 0:40:24, Estimated time left: 0:59:40
2025-02-10 20:06:13,091 - INFO - Trial: 44/100, Epoch: 5/10, Val loss: 0.0003, Elapsed time: 0:50:22, Estimated time left: 0:49:48
2025-02-10 20:16:09,435 - INFO - Trial: 44/100, Epoch: 6/10, Val loss: 0.0003, Elapsed time: 1:00:18, Estimated time left: 0:39:45
2025-02-10 20:26:02,174 - INFO - Trial: 44/100, Epoch: 7/10, Val loss: 0.0003, Elapsed time: 1:10:11, Estimated time left: 0:29:38
2025-02-10 20:35:41,988 - INFO - Trial: 44/100, Epoch: 8/10, Val loss: 0.0002, Elapsed time: 1:19:51, Estimated time left: 0:19:19
2025-02-10 20:45:21,127 - INFO - Trial: 44/100, Epoch: 9/10, Val loss: 0.0002, Elapsed time: 1:29:30, Estimated time left: 0:09:39
2025-02-10 20:55:00,037 - INFO - Trial: 44/100, Epoch: 10/10, Val loss: 0.0002, Elapsed time: 1:39:09, Estimated time left: 0:00:00
2025-02-10 20:55:00,039 - INFO - Trial 43 finished with value: 0.00019995786444785651 and parameters: {'hidden_layers': 7, 'n_units_l': 414, 'lr': 9.176651203868924e-05, 'batch_size': 28}. Best is trial 38 with value: 0.00019503775862250657.
2025-02-10 20:55:00,043 - INFO - Elapsed time: 104493.85 seconds
2025-02-10 20:55:00,043 - INFO - Estimated time left: 0.00 seconds
2025-02-10 21:05:47,489 - INFO - Trial: 45/100, Epoch: 1/10, Val loss: 0.0748, Elapsed time: 0:10:47, Estimated time left: 1:37:06
2025-02-10 21:16:38,335 - INFO - Trial: 45/100, Epoch: 2/10, Val loss: 0.0007, Elapsed time: 0:21:38, Estimated time left: 1:26:46
2025-02-10 21:27:32,442 - INFO - Trial: 45/100, Epoch: 3/10, Val loss: 0.0005, Elapsed time: 0:32:32, Estimated time left: 1:16:18
2025-02-10 21:38:26,850 - INFO - Trial: 45/100, Epoch: 4/10, Val loss: 0.0003, Elapsed time: 0:43:26, Estimated time left: 1:05:26
2025-02-10 21:47:09,382 - INFO - Trial: 45/100, Epoch: 5/10, Val loss: 0.0003, Elapsed time: 0:52:09, Estimated time left: 0:43:32
2025-02-10 21:59:14,128 - INFO - Trial: 45/100, Epoch: 6/10, Val loss: 0.0003, Elapsed time: 1:04:14, Estimated time left: 0:48:18
2025-02-10 22:13:29,190 - INFO - Trial: 45/100, Epoch: 7/10, Val loss: 0.0002, Elapsed time: 1:18:29, Estimated time left: 0:42:45
2025-02-10 22:27:44,073 - INFO - Trial: 45/100, Epoch: 8/10, Val loss: 0.0002, Elapsed time: 1:32:44, Estimated time left: 0:28:29
2025-02-10 22:41:58,127 - INFO - Trial: 45/100, Epoch: 9/10, Val loss: 0.0002, Elapsed time: 1:46:58, Estimated time left: 0:14:14
2025-02-10 22:55:22,019 - INFO - Trial: 45/100, Epoch: 10/10, Val loss: 0.0002, Elapsed time: 2:00:21, Estimated time left: 0:00:00
2025-02-10 22:55:22,020 - INFO - Trial 44 finished with value: 0.00021229143424642238 and parameters: {'hidden_layers': 7, 'n_units_l': 415, 'lr': 8.648320974390216e-05, 'batch_size': 27}. Best is trial 38 with value: 0.00019503775862250657.
2025-02-10 22:55:22,022 - INFO - Elapsed time: 111715.83 seconds
2025-02-10 22:55:22,022 - INFO - Estimated time left: 0.00 seconds
2025-02-10 23:07:02,561 - INFO - Trial: 46/100, Epoch: 1/10, Val loss: 0.0527, Elapsed time: 0:11:40, Estimated time left: 1:45:04
2025-02-10 23:15:05,464 - INFO - Trial: 46/100, Epoch: 2/10, Val loss: 0.0008, Elapsed time: 0:19:43, Estimated time left: 1:04:23
2025-02-10 23:23:02,637 - INFO - Trial: 46/100, Epoch: 3/10, Val loss: 0.0005, Elapsed time: 0:27:40, Estimated time left: 0:55:40
2025-02-10 23:30:56,337 - INFO - Trial: 46/100, Epoch: 4/10, Val loss: 0.0004, Elapsed time: 0:35:34, Estimated time left: 0:47:22
2025-02-10 23:39:00,899 - INFO - Trial: 46/100, Epoch: 5/10, Val loss: 0.0003, Elapsed time: 0:43:38, Estimated time left: 0:40:22
2025-02-10 23:47:47,984 - INFO - Trial: 46/100, Epoch: 6/10, Val loss: 0.0003, Elapsed time: 0:52:25, Estimated time left: 0:35:08
2025-02-10 23:56:28,761 - INFO - Trial: 46/100, Epoch: 7/10, Val loss: 0.0003, Elapsed time: 1:01:06, Estimated time left: 0:26:02
2025-02-11 00:05:06,725 - INFO - Trial: 46/100, Epoch: 8/10, Val loss: 0.0002, Elapsed time: 1:09:44, Estimated time left: 0:17:15
2025-02-11 00:13:41,718 - INFO - Trial: 46/100, Epoch: 9/10, Val loss: 0.0002, Elapsed time: 1:18:19, Estimated time left: 0:08:34
2025-02-11 00:22:15,890 - INFO - Trial: 46/100, Epoch: 10/10, Val loss: 0.0002, Elapsed time: 1:26:53, Estimated time left: 0:00:00
2025-02-11 00:22:15,892 - INFO - Trial 45 finished with value: 0.00020935184231368477 and parameters: {'hidden_layers': 7, 'n_units_l': 416, 'lr': 9.810927581695919e-05, 'batch_size': 32}. Best is trial 38 with value: 0.00019503775862250657.
2025-02-11 00:22:15,894 - INFO - Elapsed time: 116929.70 seconds
2025-02-11 00:22:15,894 - INFO - Estimated time left: 0.00 seconds
2025-02-11 00:33:00,109 - INFO - Trial: 47/100, Epoch: 1/10, Val loss: 0.0529, Elapsed time: 0:10:44, Estimated time left: 1:36:37
2025-02-11 00:43:07,097 - INFO - Trial: 47/100, Epoch: 2/10, Val loss: 0.0007, Elapsed time: 0:20:51, Estimated time left: 1:20:55
2025-02-11 00:53:14,326 - INFO - Trial: 47/100, Epoch: 3/10, Val loss: 0.0005, Elapsed time: 0:30:58, Estimated time left: 1:10:50
2025-02-11 01:03:21,803 - INFO - Trial: 47/100, Epoch: 4/10, Val loss: 0.0005, Elapsed time: 0:41:05, Estimated time left: 1:00:44
2025-02-11 01:13:36,099 - INFO - Trial: 47/100, Epoch: 5/10, Val loss: 0.0004, Elapsed time: 0:51:20, Estimated time left: 0:51:11
2025-02-11 01:23:59,936 - INFO - Trial: 47/100, Epoch: 6/10, Val loss: 0.0004, Elapsed time: 1:01:44, Estimated time left: 0:41:35
2025-02-11 01:34:25,296 - INFO - Trial: 47/100, Epoch: 7/10, Val loss: 0.0003, Elapsed time: 1:12:09, Estimated time left: 0:31:16
2025-02-11 01:44:50,728 - INFO - Trial: 47/100, Epoch: 8/10, Val loss: 0.0003, Elapsed time: 1:22:34, Estimated time left: 0:20:50
2025-02-11 01:55:15,091 - INFO - Trial: 47/100, Epoch: 9/10, Val loss: 0.0003, Elapsed time: 1:32:59, Estimated time left: 0:10:24
2025-02-11 02:05:34,332 - INFO - Trial: 47/100, Epoch: 10/10, Val loss: 0.0003, Elapsed time: 1:43:18, Estimated time left: 0:00:00
2025-02-11 02:05:34,333 - INFO - Trial 46 finished with value: 0.00025860722419165114 and parameters: {'hidden_layers': 7, 'n_units_l': 412, 'lr': 0.00010325850599711046, 'batch_size': 27}. Best is trial 38 with value: 0.00019503775862250657.
2025-02-11 02:05:34,335 - INFO - Elapsed time: 123128.14 seconds
2025-02-11 02:05:34,336 - INFO - Estimated time left: 0.00 seconds
2025-02-11 02:17:07,512 - INFO - Trial: 48/100, Epoch: 1/10, Val loss: 0.2486, Elapsed time: 0:11:33, Estimated time left: 1:43:58
2025-02-11 02:28:12,457 - INFO - Trial: 48/100, Epoch: 2/10, Val loss: 0.0011, Elapsed time: 0:22:38, Estimated time left: 1:28:39
2025-02-11 02:39:19,115 - INFO - Trial: 48/100, Epoch: 3/10, Val loss: 0.0008, Elapsed time: 0:33:44, Estimated time left: 1:17:46
2025-02-11 02:50:11,110 - INFO - Trial: 48/100, Epoch: 4/10, Val loss: 0.0007, Elapsed time: 0:44:36, Estimated time left: 1:05:11
2025-02-11 03:01:05,281 - INFO - Trial: 48/100, Epoch: 5/10, Val loss: 0.0005, Elapsed time: 0:55:30, Estimated time left: 0:54:30
2025-02-11 03:12:00,199 - INFO - Trial: 48/100, Epoch: 6/10, Val loss: 0.0004, Elapsed time: 1:06:25, Estimated time left: 0:43:39
2025-02-11 03:22:54,318 - INFO - Trial: 48/100, Epoch: 7/10, Val loss: 0.0003, Elapsed time: 1:17:19, Estimated time left: 0:32:42
2025-02-11 03:33:40,970 - INFO - Trial: 48/100, Epoch: 8/10, Val loss: 0.0003, Elapsed time: 1:28:06, Estimated time left: 0:21:33
2025-02-11 03:44:04,462 - INFO - Trial: 48/100, Epoch: 9/10, Val loss: 0.0003, Elapsed time: 1:38:30, Estimated time left: 0:10:23
2025-02-11 03:54:37,623 - INFO - Trial: 48/100, Epoch: 10/10, Val loss: 0.0003, Elapsed time: 1:49:03, Estimated time left: 0:00:00
2025-02-11 03:54:37,624 - INFO - Trial 47 finished with value: 0.0002789829459339343 and parameters: {'hidden_layers': 7, 'n_units_l': 471, 'lr': 1.6749401183836536e-05, 'batch_size': 26}. Best is trial 38 with value: 0.00019503775862250657.
2025-02-11 03:54:37,627 - INFO - Elapsed time: 129671.43 seconds
2025-02-11 03:54:37,627 - INFO - Estimated time left: 0.00 seconds
2025-02-11 03:58:38,057 - INFO - Trial: 49/100, Epoch: 1/10, Val loss: 0.0535, Elapsed time: 0:04:00, Estimated time left: 0:36:03
2025-02-11 04:02:29,400 - INFO - Trial: 49/100, Epoch: 2/10, Val loss: 0.0142, Elapsed time: 0:07:51, Estimated time left: 0:30:50
2025-02-11 04:06:21,735 - INFO - Trial: 49/100, Epoch: 3/10, Val loss: 0.0105, Elapsed time: 0:11:44, Estimated time left: 0:27:06
2025-02-11 04:10:13,680 - INFO - Trial: 49/100, Epoch: 4/10, Val loss: 0.0093, Elapsed time: 0:15:36, Estimated time left: 0:23:11
2025-02-11 04:14:05,732 - INFO - Trial: 49/100, Epoch: 5/10, Val loss: 0.0087, Elapsed time: 0:19:28, Estimated time left: 0:19:20
2025-02-11 04:17:59,059 - INFO - Trial: 49/100, Epoch: 6/10, Val loss: 0.0084, Elapsed time: 0:23:21, Estimated time left: 0:15:33
2025-02-11 04:21:51,438 - INFO - Trial: 49/100, Epoch: 7/10, Val loss: 0.0082, Elapsed time: 0:27:13, Estimated time left: 0:11:37
2025-02-11 04:25:42,438 - INFO - Trial: 49/100, Epoch: 8/10, Val loss: 0.0080, Elapsed time: 0:31:04, Estimated time left: 0:07:42
2025-02-11 04:29:32,243 - INFO - Trial: 49/100, Epoch: 9/10, Val loss: 0.0079, Elapsed time: 0:34:54, Estimated time left: 0:03:49
2025-02-11 04:33:18,991 - INFO - Trial: 49/100, Epoch: 10/10, Val loss: 0.0078, Elapsed time: 0:38:41, Estimated time left: 0:00:00
2025-02-11 04:33:18,992 - INFO - Trial 48 finished with value: 0.007794213060899083 and parameters: {'hidden_layers': 1, 'n_units_l': 315, 'lr': 3.667488730836227e-05, 'batch_size': 37}. Best is trial 38 with value: 0.00019503775862250657.
2025-02-11 04:33:18,995 - INFO - Elapsed time: 131992.80 seconds
2025-02-11 04:33:18,995 - INFO - Estimated time left: 0.00 seconds
2025-02-11 04:42:19,964 - INFO - Trial: 50/100, Epoch: 1/10, Val loss: 0.0101, Elapsed time: 0:09:00, Estimated time left: 1:21:08
2025-02-11 04:51:25,693 - INFO - Trial: 50/100, Epoch: 2/10, Val loss: 0.0007, Elapsed time: 0:18:06, Estimated time left: 1:12:45
2025-02-11 05:00:31,665 - INFO - Trial: 50/100, Epoch: 3/10, Val loss: 0.0006, Elapsed time: 0:27:12, Estimated time left: 1:03:41
2025-02-11 05:09:34,263 - INFO - Trial: 50/100, Epoch: 4/10, Val loss: 0.0005, Elapsed time: 0:36:15, Estimated time left: 0:54:15
2025-02-11 05:18:37,636 - INFO - Trial: 50/100, Epoch: 5/10, Val loss: 0.0005, Elapsed time: 0:45:18, Estimated time left: 0:45:16
2025-02-11 05:27:40,492 - INFO - Trial: 50/100, Epoch: 6/10, Val loss: 0.0004, Elapsed time: 0:54:21, Estimated time left: 0:36:11
2025-02-11 05:36:43,171 - INFO - Trial: 50/100, Epoch: 7/10, Val loss: 0.0004, Elapsed time: 1:03:24, Estimated time left: 0:27:08
2025-02-11 05:45:46,355 - INFO - Trial: 50/100, Epoch: 8/10, Val loss: 0.0004, Elapsed time: 1:12:27, Estimated time left: 0:18:06
2025-02-11 05:54:50,074 - INFO - Trial: 50/100, Epoch: 9/10, Val loss: 0.0004, Elapsed time: 1:21:31, Estimated time left: 0:09:03
2025-02-11 06:03:54,148 - INFO - Trial: 50/100, Epoch: 10/10, Val loss: 0.0003, Elapsed time: 1:30:35, Estimated time left: 0:00:00
2025-02-11 06:03:54,149 - INFO - Trial 49 finished with value: 0.00033176129784197545 and parameters: {'hidden_layers': 3, 'n_units_l': 402, 'lr': 0.0001621396260602387, 'batch_size': 22}. Best is trial 38 with value: 0.00019503775862250657.
2025-02-11 06:03:54,151 - INFO - Elapsed time: 137427.96 seconds
2025-02-11 06:03:54,152 - INFO - Estimated time left: 0.00 seconds
2025-02-11 06:08:08,174 - INFO - Trial: 51/100, Epoch: 1/10, Val loss: 0.0034, Elapsed time: 0:04:14, Estimated time left: 0:38:06
2025-02-11 06:12:21,569 - INFO - Trial: 51/100, Epoch: 2/10, Val loss: 0.0011, Elapsed time: 0:08:27, Estimated time left: 0:33:47
2025-02-11 06:16:30,388 - INFO - Trial: 51/100, Epoch: 3/10, Val loss: 0.0009, Elapsed time: 0:12:36, Estimated time left: 0:29:01
2025-02-11 06:20:45,993 - INFO - Trial: 51/100, Epoch: 4/10, Val loss: 0.0008, Elapsed time: 0:16:51, Estimated time left: 0:25:33
2025-02-11 06:25:03,493 - INFO - Trial: 51/100, Epoch: 5/10, Val loss: 0.0008, Elapsed time: 0:21:09, Estimated time left: 0:21:27
2025-02-11 06:29:21,582 - INFO - Trial: 51/100, Epoch: 6/10, Val loss: 0.0007, Elapsed time: 0:25:27, Estimated time left: 0:17:12
2025-02-11 06:33:41,841 - INFO - Trial: 51/100, Epoch: 7/10, Val loss: 0.0006, Elapsed time: 0:29:47, Estimated time left: 0:13:00
2025-02-11 06:37:59,176 - INFO - Trial: 51/100, Epoch: 8/10, Val loss: 0.0006, Elapsed time: 0:34:05, Estimated time left: 0:08:34
2025-02-11 06:42:16,752 - INFO - Trial: 51/100, Epoch: 9/10, Val loss: 0.0006, Elapsed time: 0:38:22, Estimated time left: 0:04:17
2025-02-11 06:46:38,117 - INFO - Trial: 51/100, Epoch: 10/10, Val loss: 0.0006, Elapsed time: 0:42:43, Estimated time left: 0:00:00
2025-02-11 06:46:38,119 - INFO - Trial 50 finished with value: 0.0005905161573456324 and parameters: {'hidden_layers': 2, 'n_units_l': 444, 'lr': 0.00030291109442198694, 'batch_size': 43}. Best is trial 38 with value: 0.00019503775862250657.
2025-02-11 06:46:38,121 - INFO - Elapsed time: 139991.93 seconds
2025-02-11 06:46:38,121 - INFO - Estimated time left: 0.00 seconds
2025-02-11 06:55:53,303 - INFO - Trial: 52/100, Epoch: 1/10, Val loss: 0.0695, Elapsed time: 0:09:15, Estimated time left: 1:23:16
2025-02-11 07:04:48,571 - INFO - Trial: 52/100, Epoch: 2/10, Val loss: 0.0007, Elapsed time: 0:18:10, Estimated time left: 1:11:22
2025-02-11 07:13:43,409 - INFO - Trial: 52/100, Epoch: 3/10, Val loss: 0.0006, Elapsed time: 0:27:05, Estimated time left: 1:02:23
2025-02-11 07:22:38,295 - INFO - Trial: 52/100, Epoch: 4/10, Val loss: 0.0004, Elapsed time: 0:36:00, Estimated time left: 0:53:29
2025-02-11 07:31:17,769 - INFO - Trial: 52/100, Epoch: 5/10, Val loss: 0.0003, Elapsed time: 0:44:39, Estimated time left: 0:43:17
2025-02-11 07:39:59,647 - INFO - Trial: 52/100, Epoch: 6/10, Val loss: 0.0003, Elapsed time: 0:53:21, Estimated time left: 0:34:47
2025-02-11 07:48:40,031 - INFO - Trial: 52/100, Epoch: 7/10, Val loss: 0.0004, Elapsed time: 1:02:01, Estimated time left: 0:26:01
2025-02-11 07:57:19,152 - INFO - Trial: 52/100, Epoch: 8/10, Val loss: 0.0002, Elapsed time: 1:10:41, Estimated time left: 0:17:18
2025-02-11 08:05:21,416 - INFO - Trial: 52/100, Epoch: 9/10, Val loss: 0.0002, Elapsed time: 1:18:43, Estimated time left: 0:08:02
2025-02-11 08:13:15,647 - INFO - Trial: 52/100, Epoch: 10/10, Val loss: 0.0002, Elapsed time: 1:26:37, Estimated time left: 0:00:00
