2025-03-14 01:23:02,827 - INFO - Trial 24 finished with value: 0.00014530025932715318 and parameters: {'hidden_layers': 4, 'n_units_l': 166, 'lr': 0.0002043781023228788, 'batch_size': 37}. Best is trial 11 with value: 0.0001407574790652263.
2025-03-14 01:23:02,828 - INFO - Elapsed time: 56142.76 seconds
2025-03-14 01:23:02,828 - INFO - Estimated time left: 0.00 seconds
2025-03-14 01:25:26,233 - INFO - Trial: 26/100, Epoch: 1/10, Val loss: 0.0009, Elapsed time: 0:02:23, Estimated time left: 0:21:30
2025-03-14 01:27:40,904 - INFO - Trial: 26/100, Epoch: 2/10, Val loss: 0.0001, Elapsed time: 0:04:38, Estimated time left: 0:17:57
2025-03-14 01:29:55,094 - INFO - Trial: 26/100, Epoch: 3/10, Val loss: 0.0001, Elapsed time: 0:06:52, Estimated time left: 0:15:39
2025-03-14 01:32:09,472 - INFO - Trial: 26/100, Epoch: 4/10, Val loss: 0.0001, Elapsed time: 0:09:06, Estimated time left: 0:13:26
2025-03-14 01:34:23,827 - INFO - Trial: 26/100, Epoch: 5/10, Val loss: 0.0001, Elapsed time: 0:11:20, Estimated time left: 0:11:11
2025-03-14 01:36:39,815 - INFO - Trial: 26/100, Epoch: 6/10, Val loss: 0.0001, Elapsed time: 0:13:36, Estimated time left: 0:09:03
2025-03-14 01:38:55,072 - INFO - Trial: 26/100, Epoch: 7/10, Val loss: 0.0001, Elapsed time: 0:15:52, Estimated time left: 0:06:45
2025-03-14 01:41:11,038 - INFO - Trial: 26/100, Epoch: 8/10, Val loss: 0.0001, Elapsed time: 0:18:08, Estimated time left: 0:04:31
2025-03-14 01:43:25,999 - INFO - Trial: 26/100, Epoch: 9/10, Val loss: 0.0001, Elapsed time: 0:20:23, Estimated time left: 0:02:14
2025-03-14 01:45:40,376 - INFO - Trial: 26/100, Epoch: 10/10, Val loss: 0.0001, Elapsed time: 0:22:37, Estimated time left: 0:00:00
2025-03-14 01:45:40,378 - INFO - Trial 25 finished with value: 0.00014186244777411047 and parameters: {'hidden_layers': 2, 'n_units_l': 139, 'lr': 5.1239062681186e-05, 'batch_size': 56}. Best is trial 11 with value: 0.0001407574790652263.
2025-03-14 01:45:40,379 - INFO - Elapsed time: 57500.31 seconds
2025-03-14 01:45:40,379 - INFO - Estimated time left: 0.00 seconds
2025-03-14 01:50:37,432 - INFO - Trial: 27/100, Epoch: 1/10, Val loss: 0.0053, Elapsed time: 0:04:57, Estimated time left: 0:44:33
2025-03-14 01:55:04,246 - INFO - Trial: 27/100, Epoch: 2/10, Val loss: 0.0001, Elapsed time: 0:09:23, Estimated time left: 0:35:34
2025-03-14 01:59:30,651 - INFO - Trial: 27/100, Epoch: 3/10, Val loss: 0.0001, Elapsed time: 0:13:50, Estimated time left: 0:31:04
2025-03-14 02:03:57,432 - INFO - Trial: 27/100, Epoch: 4/10, Val loss: 0.0001, Elapsed time: 0:18:17, Estimated time left: 0:26:40
2025-03-14 02:08:25,194 - INFO - Trial: 27/100, Epoch: 5/10, Val loss: 0.0001, Elapsed time: 0:22:44, Estimated time left: 0:22:18
2025-03-14 02:12:53,779 - INFO - Trial: 27/100, Epoch: 6/10, Val loss: 0.0001, Elapsed time: 0:27:13, Estimated time left: 0:17:54
2025-03-14 02:17:22,497 - INFO - Trial: 27/100, Epoch: 7/10, Val loss: 0.0001, Elapsed time: 0:31:42, Estimated time left: 0:13:26
2025-03-14 02:21:52,190 - INFO - Trial: 27/100, Epoch: 8/10, Val loss: 0.0001, Elapsed time: 0:36:11, Estimated time left: 0:08:59
2025-03-14 02:26:21,388 - INFO - Trial: 27/100, Epoch: 9/10, Val loss: 0.0001, Elapsed time: 0:40:40, Estimated time left: 0:04:29
2025-03-14 02:30:50,587 - INFO - Trial: 27/100, Epoch: 10/10, Val loss: 0.0001, Elapsed time: 0:45:10, Estimated time left: 0:00:00
2025-03-14 02:30:50,588 - INFO - Trial 26 finished with value: 0.00014030082704583557 and parameters: {'hidden_layers': 3, 'n_units_l': 286, 'lr': 1.9830849434414695e-05, 'batch_size': 28}. Best is trial 26 with value: 0.00014030082704583557.
2025-03-14 02:30:50,590 - INFO - Elapsed time: 60210.52 seconds
2025-03-14 02:30:50,590 - INFO - Estimated time left: 0.00 seconds
2025-03-14 02:38:57,609 - INFO - Trial: 28/100, Epoch: 1/10, Val loss: 0.0078, Elapsed time: 0:08:07, Estimated time left: 1:13:03
2025-03-14 02:46:28,513 - INFO - Trial: 28/100, Epoch: 2/10, Val loss: 0.0001, Elapsed time: 0:15:37, Estimated time left: 1:00:07
2025-03-14 02:53:57,316 - INFO - Trial: 28/100, Epoch: 3/10, Val loss: 0.0001, Elapsed time: 0:23:06, Estimated time left: 0:52:21
2025-03-14 03:01:27,030 - INFO - Trial: 28/100, Epoch: 4/10, Val loss: 0.0001, Elapsed time: 0:30:36, Estimated time left: 0:44:58
2025-03-14 03:08:58,310 - INFO - Trial: 28/100, Epoch: 5/10, Val loss: 0.0001, Elapsed time: 0:38:07, Estimated time left: 0:37:36
2025-03-14 03:16:28,857 - INFO - Trial: 28/100, Epoch: 6/10, Val loss: 0.0001, Elapsed time: 0:45:38, Estimated time left: 0:30:02
2025-03-14 03:23:58,745 - INFO - Trial: 28/100, Epoch: 7/10, Val loss: 0.0001, Elapsed time: 0:53:08, Estimated time left: 0:22:29
2025-03-14 03:31:27,990 - INFO - Trial: 28/100, Epoch: 8/10, Val loss: 0.0001, Elapsed time: 1:00:37, Estimated time left: 0:14:58
2025-03-14 03:38:58,500 - INFO - Trial: 28/100, Epoch: 9/10, Val loss: 0.0001, Elapsed time: 1:08:07, Estimated time left: 0:07:30
2025-03-14 03:46:32,760 - INFO - Trial: 28/100, Epoch: 10/10, Val loss: 0.0001, Elapsed time: 1:15:42, Estimated time left: 0:00:00
2025-03-14 03:46:32,762 - INFO - Trial 27 finished with value: 0.00014102459479266942 and parameters: {'hidden_layers': 3, 'n_units_l': 246, 'lr': 1.0032058555246785e-05, 'batch_size': 16}. Best is trial 26 with value: 0.00014030082704583557.
2025-03-14 03:46:32,764 - INFO - Elapsed time: 64752.70 seconds
2025-03-14 03:46:32,764 - INFO - Estimated time left: 0.00 seconds
2025-03-14 03:52:05,257 - INFO - Trial: 29/100, Epoch: 1/10, Val loss: 0.0005, Elapsed time: 0:05:32, Estimated time left: 0:49:52
2025-03-14 03:57:30,622 - INFO - Trial: 29/100, Epoch: 2/10, Val loss: 0.0001, Elapsed time: 0:10:57, Estimated time left: 0:43:22
2025-03-14 04:02:57,169 - INFO - Trial: 29/100, Epoch: 3/10, Val loss: 0.0001, Elapsed time: 0:16:24, Estimated time left: 0:38:05
2025-03-14 04:08:23,832 - INFO - Trial: 29/100, Epoch: 4/10, Val loss: 0.0001, Elapsed time: 0:21:51, Estimated time left: 0:32:39
2025-03-14 04:13:50,443 - INFO - Trial: 29/100, Epoch: 5/10, Val loss: 0.0001, Elapsed time: 0:27:17, Estimated time left: 0:27:13
2025-03-14 04:19:16,970 - INFO - Trial: 29/100, Epoch: 6/10, Val loss: 0.0001, Elapsed time: 0:32:44, Estimated time left: 0:21:46
2025-03-14 04:24:43,450 - INFO - Trial: 29/100, Epoch: 7/10, Val loss: 0.0001, Elapsed time: 0:38:10, Estimated time left: 0:16:19
2025-03-14 04:30:10,018 - INFO - Trial: 29/100, Epoch: 8/10, Val loss: 0.0001, Elapsed time: 0:43:37, Estimated time left: 0:10:53
2025-03-14 04:35:36,735 - INFO - Trial: 29/100, Epoch: 9/10, Val loss: 0.0001, Elapsed time: 0:49:03, Estimated time left: 0:05:26
2025-03-14 04:41:03,050 - INFO - Trial: 29/100, Epoch: 10/10, Val loss: 0.0001, Elapsed time: 0:54:30, Estimated time left: 0:00:00
2025-03-14 04:41:03,051 - INFO - Trial 28 finished with value: 0.00014190082990445465 and parameters: {'hidden_layers': 1, 'n_units_l': 247, 'lr': 1.887501899510044e-05, 'batch_size': 16}. Best is trial 26 with value: 0.00014030082704583557.
2025-03-14 04:41:03,053 - INFO - Elapsed time: 68022.99 seconds
2025-03-14 04:41:03,053 - INFO - Estimated time left: 0.00 seconds
2025-03-14 04:48:07,813 - INFO - Trial: 30/100, Epoch: 1/10, Val loss: 0.0006, Elapsed time: 0:07:04, Estimated time left: 1:03:42
2025-03-14 04:54:42,474 - INFO - Trial: 30/100, Epoch: 2/10, Val loss: 0.0002, Elapsed time: 0:13:39, Estimated time left: 0:52:37
2025-03-14 05:01:16,769 - INFO - Trial: 30/100, Epoch: 3/10, Val loss: 0.0001, Elapsed time: 0:20:13, Estimated time left: 0:46:00
2025-03-14 05:07:50,636 - INFO - Trial: 30/100, Epoch: 4/10, Val loss: 0.0001, Elapsed time: 0:26:47, Estimated time left: 0:39:23
2025-03-14 05:14:24,031 - INFO - Trial: 30/100, Epoch: 5/10, Val loss: 0.0001, Elapsed time: 0:33:20, Estimated time left: 0:32:46
2025-03-14 05:20:57,332 - INFO - Trial: 30/100, Epoch: 6/10, Val loss: 0.0001, Elapsed time: 0:39:54, Estimated time left: 0:26:13
2025-03-14 05:27:30,902 - INFO - Trial: 30/100, Epoch: 7/10, Val loss: 0.0001, Elapsed time: 0:46:27, Estimated time left: 0:19:40
2025-03-14 05:34:04,201 - INFO - Trial: 30/100, Epoch: 8/10, Val loss: 0.0001, Elapsed time: 0:53:01, Estimated time left: 0:13:06
2025-03-14 05:40:38,325 - INFO - Trial: 30/100, Epoch: 9/10, Val loss: 0.0001, Elapsed time: 0:59:35, Estimated time left: 0:06:34
2025-03-14 05:47:11,537 - INFO - Trial: 30/100, Epoch: 10/10, Val loss: 0.0002, Elapsed time: 1:06:08, Estimated time left: 0:00:00
2025-03-14 05:47:11,539 - INFO - Trial 29 finished with value: 0.00015173771329531348 and parameters: {'hidden_layers': 3, 'n_units_l': 297, 'lr': 9.65289844949513e-05, 'batch_size': 19}. Best is trial 26 with value: 0.00014030082704583557.
2025-03-14 05:47:11,540 - INFO - Elapsed time: 71991.47 seconds
2025-03-14 05:47:11,541 - INFO - Estimated time left: 0.00 seconds
2025-03-14 05:51:43,684 - INFO - Trial: 31/100, Epoch: 1/10, Val loss: 0.0005, Elapsed time: 0:04:32, Estimated time left: 0:40:49
2025-03-14 05:56:24,098 - INFO - Trial: 31/100, Epoch: 2/10, Val loss: 0.0001, Elapsed time: 0:09:12, Estimated time left: 0:37:23
2025-03-14 06:01:04,584 - INFO - Trial: 31/100, Epoch: 3/10, Val loss: 0.0001, Elapsed time: 0:13:53, Estimated time left: 0:32:43
2025-03-14 06:05:44,884 - INFO - Trial: 31/100, Epoch: 4/10, Val loss: 0.0001, Elapsed time: 0:18:33, Estimated time left: 0:28:01
2025-03-14 06:10:25,519 - INFO - Trial: 31/100, Epoch: 5/10, Val loss: 0.0001, Elapsed time: 0:23:13, Estimated time left: 0:23:23
2025-03-14 06:15:06,137 - INFO - Trial: 31/100, Epoch: 6/10, Val loss: 0.0001, Elapsed time: 0:27:54, Estimated time left: 0:18:42
2025-03-14 06:19:46,859 - INFO - Trial: 31/100, Epoch: 7/10, Val loss: 0.0001, Elapsed time: 0:32:35, Estimated time left: 0:14:02
2025-03-14 06:24:25,744 - INFO - Trial: 31/100, Epoch: 8/10, Val loss: 0.0001, Elapsed time: 0:37:14, Estimated time left: 0:09:17
2025-03-14 06:29:04,693 - INFO - Trial: 31/100, Epoch: 9/10, Val loss: 0.0001, Elapsed time: 0:41:53, Estimated time left: 0:04:38
2025-03-14 06:33:45,152 - INFO - Trial: 31/100, Epoch: 10/10, Val loss: 0.0001, Elapsed time: 0:46:33, Estimated time left: 0:00:00
2025-03-14 06:33:45,153 - INFO - Trial 30 finished with value: 0.0001452434883457481 and parameters: {'hidden_layers': 2, 'n_units_l': 224, 'lr': 0.00011206147406832665, 'batch_size': 25}. Best is trial 26 with value: 0.00014030082704583557.
2025-03-14 06:33:45,155 - INFO - Elapsed time: 74785.09 seconds
2025-03-14 06:33:45,155 - INFO - Estimated time left: 0.00 seconds
2025-03-14 06:39:15,030 - INFO - Trial: 32/100, Epoch: 1/10, Val loss: 0.0114, Elapsed time: 0:05:29, Estimated time left: 0:49:28
2025-03-14 06:44:11,835 - INFO - Trial: 32/100, Epoch: 2/10, Val loss: 0.0001, Elapsed time: 0:10:26, Estimated time left: 0:39:34
2025-03-14 06:49:08,398 - INFO - Trial: 32/100, Epoch: 3/10, Val loss: 0.0001, Elapsed time: 0:15:23, Estimated time left: 0:34:35
2025-03-14 06:54:04,762 - INFO - Trial: 32/100, Epoch: 4/10, Val loss: 0.0001, Elapsed time: 0:20:19, Estimated time left: 0:29:38
2025-03-14 06:59:01,641 - INFO - Trial: 32/100, Epoch: 5/10, Val loss: 0.0001, Elapsed time: 0:25:16, Estimated time left: 0:24:44
2025-03-14 07:03:58,640 - INFO - Trial: 32/100, Epoch: 6/10, Val loss: 0.0001, Elapsed time: 0:30:13, Estimated time left: 0:19:47
2025-03-14 07:08:55,765 - INFO - Trial: 32/100, Epoch: 7/10, Val loss: 0.0001, Elapsed time: 0:35:10, Estimated time left: 0:14:51
2025-03-14 07:13:52,551 - INFO - Trial: 32/100, Epoch: 8/10, Val loss: 0.0001, Elapsed time: 0:40:07, Estimated time left: 0:09:53
2025-03-14 07:18:49,020 - INFO - Trial: 32/100, Epoch: 9/10, Val loss: 0.0001, Elapsed time: 0:45:03, Estimated time left: 0:04:56
2025-03-14 07:23:44,902 - INFO - Trial: 32/100, Epoch: 10/10, Val loss: 0.0001, Elapsed time: 0:49:59, Estimated time left: 0:00:00
2025-03-14 07:23:44,903 - INFO - Trial 31 finished with value: 0.00014081581189135268 and parameters: {'hidden_layers': 3, 'n_units_l': 293, 'lr': 1.0443169586299388e-05, 'batch_size': 25}. Best is trial 26 with value: 0.00014030082704583557.
2025-03-14 07:23:44,904 - INFO - Elapsed time: 77784.84 seconds
2025-03-14 07:23:44,905 - INFO - Estimated time left: 0.00 seconds
2025-03-14 07:28:49,280 - INFO - Trial: 33/100, Epoch: 1/10, Val loss: 0.0065, Elapsed time: 0:05:04, Estimated time left: 0:45:39
2025-03-14 07:33:24,379 - INFO - Trial: 33/100, Epoch: 2/10, Val loss: 0.0001, Elapsed time: 0:09:39, Estimated time left: 0:36:40
2025-03-14 07:37:59,558 - INFO - Trial: 33/100, Epoch: 3/10, Val loss: 0.0001, Elapsed time: 0:14:14, Estimated time left: 0:32:06
2025-03-14 07:42:34,665 - INFO - Trial: 33/100, Epoch: 4/10, Val loss: 0.0001, Elapsed time: 0:18:49, Estimated time left: 0:27:30
2025-03-14 07:47:09,545 - INFO - Trial: 33/100, Epoch: 5/10, Val loss: 0.0001, Elapsed time: 0:23:24, Estimated time left: 0:22:54
2025-03-14 07:51:44,309 - INFO - Trial: 33/100, Epoch: 6/10, Val loss: 0.0001, Elapsed time: 0:27:59, Estimated time left: 0:18:19
2025-03-14 07:56:19,333 - INFO - Trial: 33/100, Epoch: 7/10, Val loss: 0.0001, Elapsed time: 0:32:34, Estimated time left: 0:13:45
2025-03-14 08:00:55,184 - INFO - Trial: 33/100, Epoch: 8/10, Val loss: 0.0001, Elapsed time: 0:37:10, Estimated time left: 0:09:11
2025-03-14 08:05:30,836 - INFO - Trial: 33/100, Epoch: 9/10, Val loss: 0.0001, Elapsed time: 0:41:45, Estimated time left: 0:04:35
2025-03-14 08:10:06,429 - INFO - Trial: 33/100, Epoch: 10/10, Val loss: 0.0001, Elapsed time: 0:46:21, Estimated time left: 0:00:00
2025-03-14 08:10:06,431 - INFO - Trial 32 finished with value: 0.00014018414389617775 and parameters: {'hidden_layers': 3, 'n_units_l': 305, 'lr': 1.78307912493205e-05, 'batch_size': 28}. Best is trial 32 with value: 0.00014018414389617775.
2025-03-14 08:10:06,433 - INFO - Elapsed time: 80566.37 seconds
2025-03-14 08:10:06,433 - INFO - Estimated time left: 0.00 seconds
2025-03-14 08:15:07,986 - INFO - Trial: 34/100, Epoch: 1/10, Val loss: 0.0060, Elapsed time: 0:05:01, Estimated time left: 0:45:13
2025-03-14 08:19:36,969 - INFO - Trial: 34/100, Epoch: 2/10, Val loss: 0.0001, Elapsed time: 0:09:30, Estimated time left: 0:35:51
2025-03-14 08:24:06,361 - INFO - Trial: 34/100, Epoch: 3/10, Val loss: 0.0001, Elapsed time: 0:13:59, Estimated time left: 0:31:25
2025-03-14 08:28:36,152 - INFO - Trial: 34/100, Epoch: 4/10, Val loss: 0.0001, Elapsed time: 0:18:29, Estimated time left: 0:26:58
2025-03-14 08:33:06,135 - INFO - Trial: 34/100, Epoch: 5/10, Val loss: 0.0001, Elapsed time: 0:22:59, Estimated time left: 0:22:29
2025-03-14 08:37:36,499 - INFO - Trial: 34/100, Epoch: 6/10, Val loss: 0.0001, Elapsed time: 0:27:30, Estimated time left: 0:18:01
2025-03-14 08:42:06,066 - INFO - Trial: 34/100, Epoch: 7/10, Val loss: 0.0001, Elapsed time: 0:31:59, Estimated time left: 0:13:28
2025-03-14 08:46:36,140 - INFO - Trial: 34/100, Epoch: 8/10, Val loss: 0.0001, Elapsed time: 0:36:29, Estimated time left: 0:09:00
2025-03-14 08:51:07,253 - INFO - Trial: 34/100, Epoch: 9/10, Val loss: 0.0001, Elapsed time: 0:41:00, Estimated time left: 0:04:31
2025-03-14 08:55:38,426 - INFO - Trial: 34/100, Epoch: 10/10, Val loss: 0.0001, Elapsed time: 0:45:31, Estimated time left: 0:00:00
2025-03-14 08:55:38,428 - INFO - Trial 33 finished with value: 0.00014095563080277965 and parameters: {'hidden_layers': 3, 'n_units_l': 291, 'lr': 1.9961439135469345e-05, 'batch_size': 28}. Best is trial 32 with value: 0.00014018414389617775.
2025-03-14 08:55:38,430 - INFO - Elapsed time: 83298.36 seconds
2025-03-14 08:55:38,430 - INFO - Estimated time left: 0.00 seconds
2025-03-14 09:01:07,463 - INFO - Trial: 35/100, Epoch: 1/10, Val loss: 0.0003, Elapsed time: 0:05:29, Estimated time left: 0:49:21
2025-03-14 09:06:42,551 - INFO - Trial: 35/100, Epoch: 2/10, Val loss: 0.0001, Elapsed time: 0:11:04, Estimated time left: 0:44:40
2025-03-14 09:12:18,458 - INFO - Trial: 35/100, Epoch: 3/10, Val loss: 0.0001, Elapsed time: 0:16:40, Estimated time left: 0:39:11
2025-03-14 09:17:54,796 - INFO - Trial: 35/100, Epoch: 4/10, Val loss: 0.0001, Elapsed time: 0:22:16, Estimated time left: 0:33:38
2025-03-14 09:23:29,891 - INFO - Trial: 35/100, Epoch: 5/10, Val loss: 0.0001, Elapsed time: 0:27:51, Estimated time left: 0:27:55
2025-03-14 09:29:06,303 - INFO - Trial: 35/100, Epoch: 6/10, Val loss: 0.0002, Elapsed time: 0:33:27, Estimated time left: 0:22:25
2025-03-14 09:34:42,857 - INFO - Trial: 35/100, Epoch: 7/10, Val loss: 0.0001, Elapsed time: 0:39:04, Estimated time left: 0:16:49
2025-03-14 09:40:19,174 - INFO - Trial: 35/100, Epoch: 8/10, Val loss: 0.0001, Elapsed time: 0:44:40, Estimated time left: 0:11:12
2025-03-14 09:45:55,266 - INFO - Trial: 35/100, Epoch: 9/10, Val loss: 0.0001, Elapsed time: 0:50:16, Estimated time left: 0:05:36
2025-03-14 09:51:30,950 - INFO - Trial: 35/100, Epoch: 10/10, Val loss: 0.0001, Elapsed time: 0:55:52, Estimated time left: 0:00:00
2025-03-14 09:51:30,951 - INFO - Trial 34 finished with value: 0.00014325377636695562 and parameters: {'hidden_layers': 2, 'n_units_l': 375, 'lr': 5.13471260934919e-05, 'batch_size': 21}. Best is trial 32 with value: 0.00014018414389617775.
2025-03-14 09:51:30,953 - INFO - Elapsed time: 86650.89 seconds
2025-03-14 09:51:30,953 - INFO - Estimated time left: 0.00 seconds
2025-03-14 09:56:45,052 - INFO - Trial: 36/100, Epoch: 1/10, Val loss: 0.0010, Elapsed time: 0:05:14, Estimated time left: 0:47:06
2025-03-14 10:01:41,370 - INFO - Trial: 36/100, Epoch: 2/10, Val loss: 0.0002, Elapsed time: 0:10:10, Estimated time left: 0:39:30
2025-03-14 10:06:37,241 - INFO - Trial: 36/100, Epoch: 3/10, Val loss: 0.0002, Elapsed time: 0:15:06, Estimated time left: 0:34:31
2025-03-14 10:11:32,814 - INFO - Trial: 36/100, Epoch: 4/10, Val loss: 0.0001, Elapsed time: 0:20:01, Estimated time left: 0:29:33
2025-03-14 10:16:28,193 - INFO - Trial: 36/100, Epoch: 5/10, Val loss: 0.0002, Elapsed time: 0:24:57, Estimated time left: 0:24:36
2025-03-14 10:21:23,421 - INFO - Trial: 36/100, Epoch: 6/10, Val loss: 0.0001, Elapsed time: 0:29:52, Estimated time left: 0:19:40
2025-03-14 10:26:19,424 - INFO - Trial: 36/100, Epoch: 7/10, Val loss: 0.0001, Elapsed time: 0:34:48, Estimated time left: 0:14:48
2025-03-14 10:31:14,831 - INFO - Trial: 36/100, Epoch: 8/10, Val loss: 0.0002, Elapsed time: 0:39:43, Estimated time left: 0:09:50
2025-03-14 10:36:09,826 - INFO - Trial: 36/100, Epoch: 9/10, Val loss: 0.0001, Elapsed time: 0:44:38, Estimated time left: 0:04:54
2025-03-14 10:41:04,938 - INFO - Trial: 36/100, Epoch: 10/10, Val loss: 0.0002, Elapsed time: 0:49:33, Estimated time left: 0:00:00
2025-03-14 10:41:04,940 - INFO - Trial 35 finished with value: 0.00015264189607975873 and parameters: {'hidden_layers': 4, 'n_units_l': 328, 'lr': 0.00017082979657139164, 'batch_size': 31}. Best is trial 32 with value: 0.00014018414389617775.
2025-03-14 10:41:04,941 - INFO - Elapsed time: 89624.87 seconds
2025-03-14 10:41:04,942 - INFO - Estimated time left: 0.00 seconds
2025-03-14 10:44:58,459 - INFO - Trial: 37/100, Epoch: 1/10, Val loss: 0.0037, Elapsed time: 0:03:53, Estimated time left: 0:35:01
2025-03-14 10:48:25,361 - INFO - Trial: 37/100, Epoch: 2/10, Val loss: 0.0001, Elapsed time: 0:07:20, Estimated time left: 0:27:35
2025-03-14 10:51:52,500 - INFO - Trial: 37/100, Epoch: 3/10, Val loss: 0.0001, Elapsed time: 0:10:47, Estimated time left: 0:24:09
2025-03-14 10:55:19,833 - INFO - Trial: 37/100, Epoch: 4/10, Val loss: 0.0001, Elapsed time: 0:14:14, Estimated time left: 0:20:43
2025-03-14 10:58:47,274 - INFO - Trial: 37/100, Epoch: 5/10, Val loss: 0.0001, Elapsed time: 0:17:42, Estimated time left: 0:17:17
2025-03-14 11:02:15,138 - INFO - Trial: 37/100, Epoch: 6/10, Val loss: 0.0001, Elapsed time: 0:21:10, Estimated time left: 0:13:51
2025-03-14 11:05:45,374 - INFO - Trial: 37/100, Epoch: 7/10, Val loss: 0.0001, Elapsed time: 0:24:40, Estimated time left: 0:10:30
2025-03-14 11:09:13,529 - INFO - Trial: 37/100, Epoch: 8/10, Val loss: 0.0001, Elapsed time: 0:28:08, Estimated time left: 0:06:56
2025-03-14 11:12:41,731 - INFO - Trial: 37/100, Epoch: 9/10, Val loss: 0.0001, Elapsed time: 0:31:36, Estimated time left: 0:03:28
2025-03-14 11:16:09,977 - INFO - Trial: 37/100, Epoch: 10/10, Val loss: 0.0001, Elapsed time: 0:35:05, Estimated time left: 0:00:00
2025-03-14 11:16:09,979 - INFO - Trial 36 finished with value: 0.00014553873903032835 and parameters: {'hidden_layers': 3, 'n_units_l': 276, 'lr': 2.169034341905274e-05, 'batch_size': 37}. Best is trial 32 with value: 0.00014018414389617775.
2025-03-14 11:16:09,981 - INFO - Elapsed time: 91729.91 seconds
2025-03-14 11:16:09,981 - INFO - Estimated time left: 0.00 seconds
2025-03-14 11:23:12,187 - INFO - Trial: 38/100, Epoch: 1/10, Val loss: 0.0032, Elapsed time: 0:07:02, Estimated time left: 1:03:19
2025-03-14 11:29:47,436 - INFO - Trial: 38/100, Epoch: 2/10, Val loss: 0.0002, Elapsed time: 0:13:37, Estimated time left: 0:52:41
2025-03-14 11:36:24,771 - INFO - Trial: 38/100, Epoch: 3/10, Val loss: 0.0002, Elapsed time: 0:20:14, Estimated time left: 0:46:21
2025-03-14 11:43:02,017 - INFO - Trial: 38/100, Epoch: 4/10, Val loss: 0.0001, Elapsed time: 0:26:52, Estimated time left: 0:39:43
2025-03-14 11:49:38,746 - INFO - Trial: 38/100, Epoch: 5/10, Val loss: 0.0002, Elapsed time: 0:33:28, Estimated time left: 0:33:03
2025-03-14 11:56:15,842 - INFO - Trial: 38/100, Epoch: 6/10, Val loss: 0.0002, Elapsed time: 0:40:05, Estimated time left: 0:26:28
2025-03-14 12:02:52,827 - INFO - Trial: 38/100, Epoch: 7/10, Val loss: 0.0001, Elapsed time: 0:46:42, Estimated time left: 0:19:50
2025-03-14 12:09:30,091 - INFO - Trial: 38/100, Epoch: 8/10, Val loss: 0.0001, Elapsed time: 0:53:20, Estimated time left: 0:13:14
2025-03-14 12:16:09,050 - INFO - Trial: 38/100, Epoch: 9/10, Val loss: 0.0001, Elapsed time: 0:59:59, Estimated time left: 0:06:38
2025-03-14 12:22:46,004 - INFO - Trial: 38/100, Epoch: 10/10, Val loss: 0.0001, Elapsed time: 1:06:36, Estimated time left: 0:00:00
