2025-03-14 12:22:46,006 - INFO - Trial 37 finished with value: 0.00014740240884209926 and parameters: {'hidden_layers': 6, 'n_units_l': 311, 'lr': 4.7492009879119914e-05, 'batch_size': 29}. Best is trial 32 with value: 0.00014018414389617775.
2025-03-14 12:22:46,008 - INFO - Elapsed time: 95725.94 seconds
2025-03-14 12:22:46,008 - INFO - Estimated time left: 0.00 seconds
2025-03-14 12:26:58,964 - INFO - Trial: 39/100, Epoch: 1/10, Val loss: 0.0004, Elapsed time: 0:04:12, Estimated time left: 0:37:56
2025-03-14 12:31:05,935 - INFO - Trial: 39/100, Epoch: 2/10, Val loss: 0.0002, Elapsed time: 0:08:19, Estimated time left: 0:32:55
2025-03-14 12:35:13,197 - INFO - Trial: 39/100, Epoch: 3/10, Val loss: 0.0002, Elapsed time: 0:12:27, Estimated time left: 0:28:50
2025-03-14 12:39:19,963 - INFO - Trial: 39/100, Epoch: 4/10, Val loss: 0.0001, Elapsed time: 0:16:33, Estimated time left: 0:24:40
2025-03-14 12:43:27,174 - INFO - Trial: 39/100, Epoch: 5/10, Val loss: 0.0001, Elapsed time: 0:20:41, Estimated time left: 0:20:36
2025-03-14 12:47:33,875 - INFO - Trial: 39/100, Epoch: 6/10, Val loss: 0.0001, Elapsed time: 0:24:47, Estimated time left: 0:16:26
2025-03-14 12:51:40,754 - INFO - Trial: 39/100, Epoch: 7/10, Val loss: 0.0001, Elapsed time: 0:28:54, Estimated time left: 0:12:20
2025-03-14 12:55:47,576 - INFO - Trial: 39/100, Epoch: 8/10, Val loss: 0.0001, Elapsed time: 0:33:01, Estimated time left: 0:08:13
2025-03-14 12:59:54,030 - INFO - Trial: 39/100, Epoch: 9/10, Val loss: 0.0001, Elapsed time: 0:37:08, Estimated time left: 0:04:06
2025-03-14 13:04:00,250 - INFO - Trial: 39/100, Epoch: 10/10, Val loss: 0.0002, Elapsed time: 0:41:14, Estimated time left: 0:00:00
2025-03-14 13:04:00,251 - INFO - Trial 38 finished with value: 0.00015027174505102052 and parameters: {'hidden_layers': 1, 'n_units_l': 410, 'lr': 0.0007837658003603419, 'batch_size': 22}. Best is trial 32 with value: 0.00014018414389617775.
2025-03-14 13:04:00,253 - INFO - Elapsed time: 98200.18 seconds
2025-03-14 13:04:00,253 - INFO - Estimated time left: 0.00 seconds
2025-03-14 13:07:18,987 - INFO - Trial: 40/100, Epoch: 1/10, Val loss: 0.0171, Elapsed time: 0:03:18, Estimated time left: 0:29:48
2025-03-14 13:10:27,963 - INFO - Trial: 40/100, Epoch: 2/10, Val loss: 0.0002, Elapsed time: 0:06:27, Estimated time left: 0:25:11
2025-03-14 13:13:37,929 - INFO - Trial: 40/100, Epoch: 3/10, Val loss: 0.0001, Elapsed time: 0:09:37, Estimated time left: 0:22:09
2025-03-14 13:16:47,272 - INFO - Trial: 40/100, Epoch: 4/10, Val loss: 0.0001, Elapsed time: 0:12:47, Estimated time left: 0:18:56
2025-03-14 13:19:56,453 - INFO - Trial: 40/100, Epoch: 5/10, Val loss: 0.0001, Elapsed time: 0:15:56, Estimated time left: 0:15:45
2025-03-14 13:23:05,559 - INFO - Trial: 40/100, Epoch: 6/10, Val loss: 0.0001, Elapsed time: 0:19:05, Estimated time left: 0:12:36
2025-03-14 13:26:14,923 - INFO - Trial: 40/100, Epoch: 7/10, Val loss: 0.0001, Elapsed time: 0:22:14, Estimated time left: 0:09:28
2025-03-14 13:29:24,572 - INFO - Trial: 40/100, Epoch: 8/10, Val loss: 0.0001, Elapsed time: 0:25:24, Estimated time left: 0:06:19
2025-03-14 13:32:34,372 - INFO - Trial: 40/100, Epoch: 9/10, Val loss: 0.0001, Elapsed time: 0:28:34, Estimated time left: 0:03:09
2025-03-14 13:35:44,984 - INFO - Trial: 40/100, Epoch: 10/10, Val loss: 0.0001, Elapsed time: 0:31:44, Estimated time left: 0:00:00
2025-03-14 13:35:44,986 - INFO - Trial 39 finished with value: 0.00014155474425770595 and parameters: {'hidden_layers': 4, 'n_units_l': 350, 'lr': 1.7335322753234857e-05, 'batch_size': 51}. Best is trial 32 with value: 0.00014018414389617775.
2025-03-14 13:35:44,988 - INFO - Elapsed time: 100104.92 seconds
2025-03-14 13:35:44,988 - INFO - Estimated time left: 0.00 seconds
2025-03-14 13:39:18,642 - INFO - Trial: 41/100, Epoch: 1/10, Val loss: 0.0005, Elapsed time: 0:03:33, Estimated time left: 0:32:02
2025-03-14 13:43:00,445 - INFO - Trial: 41/100, Epoch: 2/10, Val loss: 0.0002, Elapsed time: 0:07:15, Estimated time left: 0:29:34
2025-03-14 13:46:41,287 - INFO - Trial: 41/100, Epoch: 3/10, Val loss: 0.0001, Elapsed time: 0:10:56, Estimated time left: 0:25:45
2025-03-14 13:50:21,779 - INFO - Trial: 41/100, Epoch: 4/10, Val loss: 0.0001, Elapsed time: 0:14:36, Estimated time left: 0:22:02
2025-03-14 13:54:02,101 - INFO - Trial: 41/100, Epoch: 5/10, Val loss: 0.0001, Elapsed time: 0:18:17, Estimated time left: 0:18:21
2025-03-14 13:57:43,299 - INFO - Trial: 41/100, Epoch: 6/10, Val loss: 0.0002, Elapsed time: 0:21:58, Estimated time left: 0:14:44
2025-03-14 14:01:24,872 - INFO - Trial: 41/100, Epoch: 7/10, Val loss: 0.0001, Elapsed time: 0:25:39, Estimated time left: 0:11:04
2025-03-14 14:05:06,251 - INFO - Trial: 41/100, Epoch: 8/10, Val loss: 0.0001, Elapsed time: 0:29:21, Estimated time left: 0:07:22
2025-03-14 14:08:46,548 - INFO - Trial: 41/100, Epoch: 9/10, Val loss: 0.0001, Elapsed time: 0:33:01, Estimated time left: 0:03:40
2025-03-14 14:12:27,996 - INFO - Trial: 41/100, Epoch: 10/10, Val loss: 0.0001, Elapsed time: 0:36:42, Estimated time left: 0:00:00
2025-03-14 14:12:27,998 - INFO - Trial 40 finished with value: 0.0001492101175218437 and parameters: {'hidden_layers': 2, 'n_units_l': 211, 'lr': 0.00031067554305793966, 'batch_size': 33}. Best is trial 32 with value: 0.00014018414389617775.
2025-03-14 14:12:28,000 - INFO - Elapsed time: 102307.93 seconds
2025-03-14 14:12:28,000 - INFO - Estimated time left: 0.00 seconds
2025-03-14 14:17:39,140 - INFO - Trial: 42/100, Epoch: 1/10, Val loss: 0.0030, Elapsed time: 0:05:11, Estimated time left: 0:46:40
2025-03-14 14:22:18,708 - INFO - Trial: 42/100, Epoch: 2/10, Val loss: 0.0001, Elapsed time: 0:09:50, Estimated time left: 0:37:16
2025-03-14 14:26:58,744 - INFO - Trial: 42/100, Epoch: 3/10, Val loss: 0.0001, Elapsed time: 0:14:30, Estimated time left: 0:32:40
2025-03-14 14:31:39,140 - INFO - Trial: 42/100, Epoch: 4/10, Val loss: 0.0001, Elapsed time: 0:19:11, Estimated time left: 0:28:02
2025-03-14 14:36:19,526 - INFO - Trial: 42/100, Epoch: 5/10, Val loss: 0.0001, Elapsed time: 0:23:51, Estimated time left: 0:23:21
2025-03-14 14:40:59,640 - INFO - Trial: 42/100, Epoch: 6/10, Val loss: 0.0001, Elapsed time: 0:28:31, Estimated time left: 0:18:40
2025-03-14 14:45:41,794 - INFO - Trial: 42/100, Epoch: 7/10, Val loss: 0.0001, Elapsed time: 0:33:13, Estimated time left: 0:14:06
2025-03-14 14:50:22,277 - INFO - Trial: 42/100, Epoch: 8/10, Val loss: 0.0001, Elapsed time: 0:37:54, Estimated time left: 0:09:20
2025-03-14 14:55:03,806 - INFO - Trial: 42/100, Epoch: 9/10, Val loss: 0.0001, Elapsed time: 0:42:35, Estimated time left: 0:04:41
2025-03-14 14:59:44,405 - INFO - Trial: 42/100, Epoch: 10/10, Val loss: 0.0001, Elapsed time: 0:47:16, Estimated time left: 0:00:00
2025-03-14 14:59:44,406 - INFO - Trial 41 finished with value: 0.00014233467107094088 and parameters: {'hidden_layers': 3, 'n_units_l': 285, 'lr': 2.3816736660794316e-05, 'batch_size': 27}. Best is trial 32 with value: 0.00014018414389617775.
2025-03-14 14:59:44,409 - INFO - Elapsed time: 105144.34 seconds
2025-03-14 14:59:44,409 - INFO - Estimated time left: 0.00 seconds
2025-03-14 15:06:42,392 - INFO - Trial: 43/100, Epoch: 1/10, Val loss: 0.0052, Elapsed time: 0:06:57, Estimated time left: 1:02:41
2025-03-14 15:13:09,314 - INFO - Trial: 43/100, Epoch: 2/10, Val loss: 0.0001, Elapsed time: 0:13:24, Estimated time left: 0:51:35
2025-03-14 15:19:36,528 - INFO - Trial: 43/100, Epoch: 3/10, Val loss: 0.0001, Elapsed time: 0:19:52, Estimated time left: 0:45:10
2025-03-14 15:26:03,551 - INFO - Trial: 43/100, Epoch: 4/10, Val loss: 0.0001, Elapsed time: 0:26:19, Estimated time left: 0:38:42
2025-03-14 15:32:30,491 - INFO - Trial: 43/100, Epoch: 5/10, Val loss: 0.0001, Elapsed time: 0:32:46, Estimated time left: 0:32:14
2025-03-14 15:38:57,095 - INFO - Trial: 43/100, Epoch: 6/10, Val loss: 0.0001, Elapsed time: 0:39:12, Estimated time left: 0:25:46
2025-03-14 15:45:23,255 - INFO - Trial: 43/100, Epoch: 7/10, Val loss: 0.0001, Elapsed time: 0:45:38, Estimated time left: 0:19:18
2025-03-14 15:51:49,208 - INFO - Trial: 43/100, Epoch: 8/10, Val loss: 0.0001, Elapsed time: 0:52:04, Estimated time left: 0:12:51
2025-03-14 15:58:14,880 - INFO - Trial: 43/100, Epoch: 9/10, Val loss: 0.0001, Elapsed time: 0:58:30, Estimated time left: 0:06:25
2025-03-14 16:04:40,826 - INFO - Trial: 43/100, Epoch: 10/10, Val loss: 0.0001, Elapsed time: 1:04:56, Estimated time left: 0:00:00
2025-03-14 16:04:40,828 - INFO - Trial 42 finished with value: 0.00014094121569683616 and parameters: {'hidden_layers': 3, 'n_units_l': 261, 'lr': 1.4491049390352542e-05, 'batch_size': 19}. Best is trial 32 with value: 0.00014018414389617775.
2025-03-14 16:04:40,830 - INFO - Elapsed time: 109040.76 seconds
2025-03-14 16:04:40,830 - INFO - Estimated time left: 0.00 seconds
2025-03-14 16:11:34,721 - INFO - Trial: 44/100, Epoch: 1/10, Val loss: 0.0047, Elapsed time: 0:06:53, Estimated time left: 1:02:04
2025-03-14 16:17:55,702 - INFO - Trial: 44/100, Epoch: 2/10, Val loss: 0.0001, Elapsed time: 0:13:14, Estimated time left: 0:50:47
2025-03-14 16:24:17,391 - INFO - Trial: 44/100, Epoch: 3/10, Val loss: 0.0001, Elapsed time: 0:19:36, Estimated time left: 0:44:31
2025-03-14 16:30:40,098 - INFO - Trial: 44/100, Epoch: 4/10, Val loss: 0.0001, Elapsed time: 0:25:59, Estimated time left: 0:38:16
2025-03-14 16:37:02,527 - INFO - Trial: 44/100, Epoch: 5/10, Val loss: 0.0001, Elapsed time: 0:32:21, Estimated time left: 0:31:52
2025-03-14 16:43:24,235 - INFO - Trial: 44/100, Epoch: 6/10, Val loss: 0.0001, Elapsed time: 0:38:43, Estimated time left: 0:25:26
2025-03-14 16:49:52,581 - INFO - Trial: 44/100, Epoch: 7/10, Val loss: 0.0001, Elapsed time: 0:45:11, Estimated time left: 0:19:25
2025-03-14 16:56:13,595 - INFO - Trial: 44/100, Epoch: 8/10, Val loss: 0.0001, Elapsed time: 0:51:32, Estimated time left: 0:12:42
2025-03-14 17:02:34,488 - INFO - Trial: 44/100, Epoch: 9/10, Val loss: 0.0001, Elapsed time: 0:57:53, Estimated time left: 0:06:20
2025-03-14 17:08:55,374 - INFO - Trial: 44/100, Epoch: 10/10, Val loss: 0.0001, Elapsed time: 1:04:14, Estimated time left: 0:00:00
2025-03-14 17:08:55,375 - INFO - Trial 43 finished with value: 0.0001417244612450382 and parameters: {'hidden_layers': 3, 'n_units_l': 264, 'lr': 1.3846549543174356e-05, 'batch_size': 19}. Best is trial 32 with value: 0.00014018414389617775.
2025-03-14 17:08:55,377 - INFO - Elapsed time: 112895.31 seconds
2025-03-14 17:08:55,377 - INFO - Estimated time left: 0.00 seconds
2025-03-14 17:15:59,569 - INFO - Trial: 45/100, Epoch: 1/10, Val loss: 0.0090, Elapsed time: 0:07:04, Estimated time left: 1:03:37
2025-03-14 17:22:39,281 - INFO - Trial: 45/100, Epoch: 2/10, Val loss: 0.0001, Elapsed time: 0:13:43, Estimated time left: 0:53:17
2025-03-14 17:29:21,603 - INFO - Trial: 45/100, Epoch: 3/10, Val loss: 0.0001, Elapsed time: 0:20:26, Estimated time left: 0:46:56
2025-03-14 17:36:03,303 - INFO - Trial: 45/100, Epoch: 4/10, Val loss: 0.0001, Elapsed time: 0:27:07, Estimated time left: 0:40:10
2025-03-14 17:42:45,207 - INFO - Trial: 45/100, Epoch: 5/10, Val loss: 0.0001, Elapsed time: 0:33:49, Estimated time left: 0:33:29
2025-03-14 17:49:30,566 - INFO - Trial: 45/100, Epoch: 6/10, Val loss: 0.0001, Elapsed time: 0:40:35, Estimated time left: 0:27:01
2025-03-14 17:56:17,984 - INFO - Trial: 45/100, Epoch: 7/10, Val loss: 0.0001, Elapsed time: 0:47:22, Estimated time left: 0:20:22
2025-03-14 18:03:05,998 - INFO - Trial: 45/100, Epoch: 8/10, Val loss: 0.0001, Elapsed time: 0:54:10, Estimated time left: 0:13:36
2025-03-14 18:09:54,657 - INFO - Trial: 45/100, Epoch: 9/10, Val loss: 0.0001, Elapsed time: 1:00:59, Estimated time left: 0:06:48
2025-03-14 18:16:45,606 - INFO - Trial: 45/100, Epoch: 10/10, Val loss: 0.0001, Elapsed time: 1:07:50, Estimated time left: 0:00:00
2025-03-14 18:16:45,608 - INFO - Trial 44 finished with value: 0.00014196601370719 and parameters: {'hidden_layers': 4, 'n_units_l': 317, 'lr': 1.5998724336185712e-05, 'batch_size': 22}. Best is trial 32 with value: 0.00014018414389617775.
2025-03-14 18:16:45,610 - INFO - Elapsed time: 116965.54 seconds
2025-03-14 18:16:45,610 - INFO - Estimated time left: 0.00 seconds
2025-03-14 18:22:41,467 - INFO - Trial: 46/100, Epoch: 1/10, Val loss: 0.0004, Elapsed time: 0:05:55, Estimated time left: 0:53:22
2025-03-14 18:28:44,784 - INFO - Trial: 46/100, Epoch: 2/10, Val loss: 0.0001, Elapsed time: 0:11:59, Estimated time left: 0:48:26
2025-03-14 18:34:45,804 - INFO - Trial: 46/100, Epoch: 3/10, Val loss: 0.0001, Elapsed time: 0:18:00, Estimated time left: 0:42:07
2025-03-14 18:40:45,715 - INFO - Trial: 46/100, Epoch: 4/10, Val loss: 0.0002, Elapsed time: 0:24:00, Estimated time left: 0:35:59
2025-03-14 18:46:47,674 - INFO - Trial: 46/100, Epoch: 5/10, Val loss: 0.0001, Elapsed time: 0:30:02, Estimated time left: 0:30:09
2025-03-14 18:52:49,174 - INFO - Trial: 46/100, Epoch: 6/10, Val loss: 0.0001, Elapsed time: 0:36:03, Estimated time left: 0:24:05
2025-03-14 18:58:49,997 - INFO - Trial: 46/100, Epoch: 7/10, Val loss: 0.0001, Elapsed time: 0:42:04, Estimated time left: 0:18:02
2025-03-14 19:04:51,466 - INFO - Trial: 46/100, Epoch: 8/10, Val loss: 0.0001, Elapsed time: 0:48:05, Estimated time left: 0:12:02
2025-03-14 19:10:54,566 - INFO - Trial: 46/100, Epoch: 9/10, Val loss: 0.0001, Elapsed time: 0:54:08, Estimated time left: 0:06:03
2025-03-14 19:16:55,316 - INFO - Trial: 46/100, Epoch: 10/10, Val loss: 0.0001, Elapsed time: 1:00:09, Estimated time left: 0:00:00
2025-03-14 19:16:55,318 - INFO - Trial 45 finished with value: 0.00014312030555447365 and parameters: {'hidden_layers': 2, 'n_units_l': 244, 'lr': 7.825039634259335e-05, 'batch_size': 19}. Best is trial 32 with value: 0.00014018414389617775.
2025-03-14 19:16:55,320 - INFO - Elapsed time: 120575.25 seconds
2025-03-14 19:16:55,320 - INFO - Estimated time left: 0.00 seconds
2025-03-14 19:24:30,030 - INFO - Trial: 47/100, Epoch: 1/10, Val loss: 0.1450, Elapsed time: 0:07:34, Estimated time left: 1:08:12
2025-03-14 19:31:23,778 - INFO - Trial: 47/100, Epoch: 2/10, Val loss: 0.1474, Elapsed time: 0:14:28, Estimated time left: 0:55:09
2025-03-14 19:38:17,675 - INFO - Trial: 47/100, Epoch: 3/10, Val loss: 0.1487, Elapsed time: 0:21:22, Estimated time left: 0:48:17
2025-03-14 19:45:11,542 - INFO - Trial: 47/100, Epoch: 4/10, Val loss: 0.1455, Elapsed time: 0:28:16, Estimated time left: 0:41:23
2025-03-14 19:52:05,438 - INFO - Trial: 47/100, Epoch: 5/10, Val loss: 0.1458, Elapsed time: 0:35:10, Estimated time left: 0:34:29
2025-03-14 19:58:59,133 - INFO - Trial: 47/100, Epoch: 6/10, Val loss: 0.1460, Elapsed time: 0:42:03, Estimated time left: 0:27:34
2025-03-14 20:05:53,004 - INFO - Trial: 47/100, Epoch: 7/10, Val loss: 0.1492, Elapsed time: 0:48:57, Estimated time left: 0:20:41
2025-03-14 20:12:46,832 - INFO - Trial: 47/100, Epoch: 8/10, Val loss: 0.1468, Elapsed time: 0:55:51, Estimated time left: 0:13:47
2025-03-14 20:19:40,911 - INFO - Trial: 47/100, Epoch: 9/10, Val loss: 0.1451, Elapsed time: 1:02:45, Estimated time left: 0:06:54
2025-03-14 20:26:35,000 - INFO - Trial: 47/100, Epoch: 10/10, Val loss: 0.1451, Elapsed time: 1:09:39, Estimated time left: 0:00:00
2025-03-14 20:26:35,001 - INFO - Trial 46 finished with value: 0.145055974788488 and parameters: {'hidden_layers': 5, 'n_units_l': 256, 'lr': 0.03986934330831396, 'batch_size': 23}. Best is trial 32 with value: 0.00014018414389617775.
2025-03-14 20:26:35,004 - INFO - Elapsed time: 124754.94 seconds
2025-03-14 20:26:35,004 - INFO - Estimated time left: 0.00 seconds
2025-03-14 20:30:15,044 - INFO - Trial: 48/100, Epoch: 1/10, Val loss: 0.0138, Elapsed time: 0:03:40, Estimated time left: 0:33:00
2025-03-14 20:33:38,568 - INFO - Trial: 48/100, Epoch: 2/10, Val loss: 0.0004, Elapsed time: 0:07:03, Estimated time left: 0:27:08
2025-03-14 20:37:01,828 - INFO - Trial: 48/100, Epoch: 3/10, Val loss: 0.0002, Elapsed time: 0:10:26, Estimated time left: 0:23:42
2025-03-14 20:40:24,968 - INFO - Trial: 48/100, Epoch: 4/10, Val loss: 0.0002, Elapsed time: 0:13:49, Estimated time left: 0:20:18
2025-03-14 20:43:47,950 - INFO - Trial: 48/100, Epoch: 5/10, Val loss: 0.0004, Elapsed time: 0:17:12, Estimated time left: 0:16:54
2025-03-14 20:47:10,785 - INFO - Trial: 48/100, Epoch: 6/10, Val loss: 0.0002, Elapsed time: 0:20:35, Estimated time left: 0:13:31
2025-03-14 20:50:33,681 - INFO - Trial: 48/100, Epoch: 7/10, Val loss: 0.0002, Elapsed time: 0:23:58, Estimated time left: 0:10:08
2025-03-14 20:53:56,533 - INFO - Trial: 48/100, Epoch: 8/10, Val loss: 0.0002, Elapsed time: 0:27:21, Estimated time left: 0:06:45
2025-03-14 20:57:19,405 - INFO - Trial: 48/100, Epoch: 9/10, Val loss: 0.0003, Elapsed time: 0:30:44, Estimated time left: 0:03:22
2025-03-14 21:00:42,413 - INFO - Trial: 48/100, Epoch: 10/10, Val loss: 0.0002, Elapsed time: 0:34:07, Estimated time left: 0:00:00
2025-03-14 21:00:42,414 - INFO - Trial 47 finished with value: 0.00016663587833438793 and parameters: {'hidden_layers': 3, 'n_units_l': 331, 'lr': 0.006004972150327085, 'batch_size': 41}. Best is trial 32 with value: 0.00014018414389617775.
2025-03-14 21:00:42,417 - INFO - Elapsed time: 126802.35 seconds
2025-03-14 21:00:42,417 - INFO - Estimated time left: 0.00 seconds
2025-03-14 21:05:40,336 - INFO - Trial: 49/100, Epoch: 1/10, Val loss: 0.0051, Elapsed time: 0:04:57, Estimated time left: 0:44:41
2025-03-14 21:10:26,579 - INFO - Trial: 49/100, Epoch: 2/10, Val loss: 0.0002, Elapsed time: 0:09:44, Estimated time left: 0:38:09
2025-03-14 21:15:14,429 - INFO - Trial: 49/100, Epoch: 3/10, Val loss: 0.0001, Elapsed time: 0:14:31, Estimated time left: 0:33:34
2025-03-14 21:20:02,300 - INFO - Trial: 49/100, Epoch: 4/10, Val loss: 0.0001, Elapsed time: 0:19:19, Estimated time left: 0:28:47
2025-03-14 21:24:50,518 - INFO - Trial: 49/100, Epoch: 5/10, Val loss: 0.0001, Elapsed time: 0:24:08, Estimated time left: 0:24:01
2025-03-14 21:29:38,639 - INFO - Trial: 49/100, Epoch: 6/10, Val loss: 0.0001, Elapsed time: 0:28:56, Estimated time left: 0:19:12
2025-03-14 21:34:26,806 - INFO - Trial: 49/100, Epoch: 7/10, Val loss: 0.0001, Elapsed time: 0:33:44, Estimated time left: 0:14:24
2025-03-14 21:39:14,985 - INFO - Trial: 49/100, Epoch: 8/10, Val loss: 0.0001, Elapsed time: 0:38:32, Estimated time left: 0:09:36
2025-03-14 21:44:03,350 - INFO - Trial: 49/100, Epoch: 9/10, Val loss: 0.0001, Elapsed time: 0:43:20, Estimated time left: 0:04:48
2025-03-14 21:48:51,474 - INFO - Trial: 49/100, Epoch: 10/10, Val loss: 0.0001, Elapsed time: 0:48:09, Estimated time left: 0:00:00
2025-03-14 21:48:51,476 - INFO - Trial 48 finished with value: 0.0001438720992909266 and parameters: {'hidden_layers': 4, 'n_units_l': 363, 'lr': 3.0841562858575915e-05, 'batch_size': 34}. Best is trial 32 with value: 0.00014018414389617775.
2025-03-14 21:48:51,478 - INFO - Elapsed time: 129691.41 seconds
2025-03-14 21:48:51,478 - INFO - Estimated time left: 0.00 seconds
2025-03-14 21:55:56,748 - INFO - Trial: 50/100, Epoch: 1/10, Val loss: 0.0043, Elapsed time: 0:07:05, Estimated time left: 1:03:47
2025-03-14 22:02:28,184 - INFO - Trial: 50/100, Epoch: 2/10, Val loss: 0.0001, Elapsed time: 0:13:36, Estimated time left: 0:52:11
2025-03-14 22:09:00,638 - INFO - Trial: 50/100, Epoch: 3/10, Val loss: 0.0001, Elapsed time: 0:20:09, Estimated time left: 0:45:47
2025-03-14 22:15:33,682 - INFO - Trial: 50/100, Epoch: 4/10, Val loss: 0.0001, Elapsed time: 0:26:42, Estimated time left: 0:39:18
2025-03-14 22:22:06,097 - INFO - Trial: 50/100, Epoch: 5/10, Val loss: 0.0001, Elapsed time: 0:33:14, Estimated time left: 0:32:42
2025-03-14 22:28:37,860 - INFO - Trial: 50/100, Epoch: 6/10, Val loss: 0.0001, Elapsed time: 0:39:46, Estimated time left: 0:26:07
2025-03-14 22:35:09,619 - INFO - Trial: 50/100, Epoch: 7/10, Val loss: 0.0001, Elapsed time: 0:46:18, Estimated time left: 0:19:35
2025-03-14 22:41:41,905 - INFO - Trial: 50/100, Epoch: 8/10, Val loss: 0.0001, Elapsed time: 0:52:50, Estimated time left: 0:13:04
2025-03-14 22:48:13,913 - INFO - Trial: 50/100, Epoch: 9/10, Val loss: 0.0001, Elapsed time: 0:59:22, Estimated time left: 0:06:32
2025-03-14 22:54:45,966 - INFO - Trial: 50/100, Epoch: 10/10, Val loss: 0.0001, Elapsed time: 1:05:54, Estimated time left: 0:00:00
2025-03-14 22:54:45,967 - INFO - Trial 49 finished with value: 0.00014136997834226177 and parameters: {'hidden_layers': 3, 'n_units_l': 197, 'lr': 1.3907910715428181e-05, 'batch_size': 18}. Best is trial 32 with value: 0.00014018414389617775.
2025-03-14 22:54:45,970 - INFO - Elapsed time: 133645.90 seconds
2025-03-14 22:54:45,970 - INFO - Estimated time left: 0.00 seconds
2025-03-14 22:57:14,271 - INFO - Trial: 51/100, Epoch: 1/10, Val loss: 0.0004, Elapsed time: 0:02:28, Estimated time left: 0:22:14
2025-03-14 22:59:47,334 - INFO - Trial: 51/100, Epoch: 2/10, Val loss: 0.0001, Elapsed time: 0:05:01, Estimated time left: 0:20:24
2025-03-14 23:02:20,367 - INFO - Trial: 51/100, Epoch: 3/10, Val loss: 0.0001, Elapsed time: 0:07:34, Estimated time left: 0:17:51
2025-03-14 23:04:53,994 - INFO - Trial: 51/100, Epoch: 4/10, Val loss: 0.0001, Elapsed time: 0:10:08, Estimated time left: 0:15:21
2025-03-14 23:07:28,141 - INFO - Trial: 51/100, Epoch: 5/10, Val loss: 0.0002, Elapsed time: 0:12:42, Estimated time left: 0:12:50
2025-03-14 23:10:02,684 - INFO - Trial: 51/100, Epoch: 6/10, Val loss: 0.0001, Elapsed time: 0:15:16, Estimated time left: 0:10:18
2025-03-14 23:12:37,619 - INFO - Trial: 51/100, Epoch: 7/10, Val loss: 0.0001, Elapsed time: 0:17:51, Estimated time left: 0:07:44
2025-03-14 23:15:12,003 - INFO - Trial: 51/100, Epoch: 8/10, Val loss: 0.0001, Elapsed time: 0:20:26, Estimated time left: 0:05:08
2025-03-14 23:17:46,901 - INFO - Trial: 51/100, Epoch: 9/10, Val loss: 0.0001, Elapsed time: 0:23:00, Estimated time left: 0:02:34
2025-03-14 23:20:21,483 - INFO - Trial: 51/100, Epoch: 10/10, Val loss: 0.0001, Elapsed time: 0:25:35, Estimated time left: 0:00:00
