2025-03-15 21:42:49,862 - INFO - Trial 89 finished with value: 0.00014053227293090063 and parameters: {'hidden_layers': 1, 'n_units_l': 212, 'lr': 1.3683416145285568e-05, 'batch_size': 24}. Best is trial 32 with value: 0.00014018414389617775.
2025-03-15 21:42:49,866 - INFO - Elapsed time: 215729.80 seconds
2025-03-15 21:42:49,866 - INFO - Estimated time left: 0.00 seconds
2025-03-15 21:46:43,021 - INFO - Trial: 91/100, Epoch: 1/10, Val loss: 0.0012, Elapsed time: 0:03:53, Estimated time left: 0:34:58
2025-03-15 21:50:30,267 - INFO - Trial: 91/100, Epoch: 2/10, Val loss: 0.0001, Elapsed time: 0:07:40, Estimated time left: 0:30:17
2025-03-15 21:54:17,578 - INFO - Trial: 91/100, Epoch: 3/10, Val loss: 0.0001, Elapsed time: 0:11:27, Estimated time left: 0:26:31
2025-03-15 21:58:04,914 - INFO - Trial: 91/100, Epoch: 4/10, Val loss: 0.0001, Elapsed time: 0:15:15, Estimated time left: 0:22:44
2025-03-15 22:01:52,407 - INFO - Trial: 91/100, Epoch: 5/10, Val loss: 0.0001, Elapsed time: 0:19:02, Estimated time left: 0:18:57
2025-03-15 22:05:39,935 - INFO - Trial: 91/100, Epoch: 6/10, Val loss: 0.0001, Elapsed time: 0:22:50, Estimated time left: 0:15:10
2025-03-15 22:09:27,036 - INFO - Trial: 91/100, Epoch: 7/10, Val loss: 0.0001, Elapsed time: 0:26:37, Estimated time left: 0:11:21
2025-03-15 22:13:13,980 - INFO - Trial: 91/100, Epoch: 8/10, Val loss: 0.0001, Elapsed time: 0:30:24, Estimated time left: 0:07:33
2025-03-15 22:17:01,134 - INFO - Trial: 91/100, Epoch: 9/10, Val loss: 0.0001, Elapsed time: 0:34:11, Estimated time left: 0:03:47
2025-03-15 22:20:48,259 - INFO - Trial: 91/100, Epoch: 10/10, Val loss: 0.0001, Elapsed time: 0:37:58, Estimated time left: 0:00:00
2025-03-15 22:20:48,260 - INFO - Trial 90 finished with value: 0.000141185024891319 and parameters: {'hidden_layers': 1, 'n_units_l': 213, 'lr': 1.0041565951474449e-05, 'batch_size': 23}. Best is trial 32 with value: 0.00014018414389617775.
2025-03-15 22:20:48,264 - INFO - Elapsed time: 218008.19 seconds
2025-03-15 22:20:48,264 - INFO - Estimated time left: 0.00 seconds
2025-03-15 22:25:03,021 - INFO - Trial: 92/100, Epoch: 1/10, Val loss: 0.0007, Elapsed time: 0:04:14, Estimated time left: 0:38:12
2025-03-15 22:29:12,736 - INFO - Trial: 92/100, Epoch: 2/10, Val loss: 0.0001, Elapsed time: 0:08:24, Estimated time left: 0:33:17
2025-03-15 22:33:22,498 - INFO - Trial: 92/100, Epoch: 3/10, Val loss: 0.0001, Elapsed time: 0:12:34, Estimated time left: 0:29:08
2025-03-15 22:37:32,677 - INFO - Trial: 92/100, Epoch: 4/10, Val loss: 0.0001, Elapsed time: 0:16:44, Estimated time left: 0:25:01
2025-03-15 22:41:45,890 - INFO - Trial: 92/100, Epoch: 5/10, Val loss: 0.0001, Elapsed time: 0:20:57, Estimated time left: 0:21:06
2025-03-15 22:45:55,725 - INFO - Trial: 92/100, Epoch: 6/10, Val loss: 0.0001, Elapsed time: 0:25:07, Estimated time left: 0:16:39
2025-03-15 22:50:05,313 - INFO - Trial: 92/100, Epoch: 7/10, Val loss: 0.0001, Elapsed time: 0:29:17, Estimated time left: 0:12:28
2025-03-15 22:54:14,413 - INFO - Trial: 92/100, Epoch: 8/10, Val loss: 0.0001, Elapsed time: 0:33:26, Estimated time left: 0:08:18
2025-03-15 22:58:22,458 - INFO - Trial: 92/100, Epoch: 9/10, Val loss: 0.0001, Elapsed time: 0:37:34, Estimated time left: 0:04:08
2025-03-15 23:02:30,704 - INFO - Trial: 92/100, Epoch: 10/10, Val loss: 0.0001, Elapsed time: 0:41:42, Estimated time left: 0:00:00
2025-03-15 23:02:30,706 - INFO - Trial 91 finished with value: 0.0001406605932558552 and parameters: {'hidden_layers': 1, 'n_units_l': 198, 'lr': 1.4112651697848408e-05, 'batch_size': 21}. Best is trial 32 with value: 0.00014018414389617775.
2025-03-15 23:02:30,710 - INFO - Elapsed time: 220510.64 seconds
2025-03-15 23:02:30,710 - INFO - Estimated time left: 0.00 seconds
2025-03-15 23:06:57,149 - INFO - Trial: 93/100, Epoch: 1/10, Val loss: 0.0007, Elapsed time: 0:04:26, Estimated time left: 0:39:57
2025-03-15 23:11:17,401 - INFO - Trial: 93/100, Epoch: 2/10, Val loss: 0.0001, Elapsed time: 0:08:46, Estimated time left: 0:34:42
2025-03-15 23:15:37,270 - INFO - Trial: 93/100, Epoch: 3/10, Val loss: 0.0001, Elapsed time: 0:13:06, Estimated time left: 0:30:19
2025-03-15 23:19:57,081 - INFO - Trial: 93/100, Epoch: 4/10, Val loss: 0.0001, Elapsed time: 0:17:26, Estimated time left: 0:25:58
2025-03-15 23:24:16,795 - INFO - Trial: 93/100, Epoch: 5/10, Val loss: 0.0001, Elapsed time: 0:21:46, Estimated time left: 0:21:38
2025-03-15 23:28:36,858 - INFO - Trial: 93/100, Epoch: 6/10, Val loss: 0.0001, Elapsed time: 0:26:06, Estimated time left: 0:17:20
2025-03-15 23:32:57,005 - INFO - Trial: 93/100, Epoch: 7/10, Val loss: 0.0001, Elapsed time: 0:30:26, Estimated time left: 0:13:00
2025-03-15 23:37:16,894 - INFO - Trial: 93/100, Epoch: 8/10, Val loss: 0.0001, Elapsed time: 0:34:46, Estimated time left: 0:08:39
2025-03-15 23:41:36,883 - INFO - Trial: 93/100, Epoch: 9/10, Val loss: 0.0001, Elapsed time: 0:39:06, Estimated time left: 0:04:19
2025-03-15 23:45:56,856 - INFO - Trial: 93/100, Epoch: 10/10, Val loss: 0.0001, Elapsed time: 0:43:26, Estimated time left: 0:00:00
2025-03-15 23:45:56,858 - INFO - Trial 92 finished with value: 0.0001406365317622788 and parameters: {'hidden_layers': 1, 'n_units_l': 160, 'lr': 1.461605230061148e-05, 'batch_size': 20}. Best is trial 32 with value: 0.00014018414389617775.
2025-03-15 23:45:56,861 - INFO - Elapsed time: 223116.79 seconds
2025-03-15 23:45:56,862 - INFO - Estimated time left: 0.00 seconds
2025-03-15 23:50:11,126 - INFO - Trial: 94/100, Epoch: 1/10, Val loss: 0.0008, Elapsed time: 0:04:14, Estimated time left: 0:38:08
2025-03-15 23:54:20,340 - INFO - Trial: 94/100, Epoch: 2/10, Val loss: 0.0001, Elapsed time: 0:08:23, Estimated time left: 0:33:13
2025-03-15 23:58:30,108 - INFO - Trial: 94/100, Epoch: 3/10, Val loss: 0.0001, Elapsed time: 0:12:33, Estimated time left: 0:29:08
2025-03-16 00:02:40,431 - INFO - Trial: 94/100, Epoch: 4/10, Val loss: 0.0001, Elapsed time: 0:16:43, Estimated time left: 0:25:01
2025-03-16 00:06:50,289 - INFO - Trial: 94/100, Epoch: 5/10, Val loss: 0.0001, Elapsed time: 0:20:53, Estimated time left: 0:20:49
2025-03-16 00:11:00,184 - INFO - Trial: 94/100, Epoch: 6/10, Val loss: 0.0001, Elapsed time: 0:25:03, Estimated time left: 0:16:39
2025-03-16 00:15:10,232 - INFO - Trial: 94/100, Epoch: 7/10, Val loss: 0.0001, Elapsed time: 0:29:13, Estimated time left: 0:12:30
2025-03-16 00:19:20,298 - INFO - Trial: 94/100, Epoch: 8/10, Val loss: 0.0001, Elapsed time: 0:33:23, Estimated time left: 0:08:20
2025-03-16 00:23:30,883 - INFO - Trial: 94/100, Epoch: 9/10, Val loss: 0.0001, Elapsed time: 0:37:34, Estimated time left: 0:04:10
2025-03-16 00:27:41,092 - INFO - Trial: 94/100, Epoch: 10/10, Val loss: 0.0001, Elapsed time: 0:41:44, Estimated time left: 0:00:00
2025-03-16 00:27:41,094 - INFO - Trial 93 finished with value: 0.0001409003800958039 and parameters: {'hidden_layers': 1, 'n_units_l': 158, 'lr': 1.4840782295620905e-05, 'batch_size': 21}. Best is trial 32 with value: 0.00014018414389617775.
2025-03-16 00:27:41,098 - INFO - Elapsed time: 225621.03 seconds
2025-03-16 00:27:41,098 - INFO - Estimated time left: 0.00 seconds
2025-03-16 00:31:55,010 - INFO - Trial: 95/100, Epoch: 1/10, Val loss: 0.0009, Elapsed time: 0:04:13, Estimated time left: 0:38:05
2025-03-16 00:36:05,023 - INFO - Trial: 95/100, Epoch: 2/10, Val loss: 0.0001, Elapsed time: 0:08:23, Estimated time left: 0:33:20
2025-03-16 00:40:15,384 - INFO - Trial: 95/100, Epoch: 3/10, Val loss: 0.0001, Elapsed time: 0:12:34, Estimated time left: 0:29:12
2025-03-16 00:44:25,302 - INFO - Trial: 95/100, Epoch: 4/10, Val loss: 0.0001, Elapsed time: 0:16:44, Estimated time left: 0:24:59
2025-03-16 00:48:35,631 - INFO - Trial: 95/100, Epoch: 5/10, Val loss: 0.0001, Elapsed time: 0:20:54, Estimated time left: 0:20:51
2025-03-16 00:52:45,733 - INFO - Trial: 95/100, Epoch: 6/10, Val loss: 0.0001, Elapsed time: 0:25:04, Estimated time left: 0:16:40
2025-03-16 00:56:55,737 - INFO - Trial: 95/100, Epoch: 7/10, Val loss: 0.0001, Elapsed time: 0:29:14, Estimated time left: 0:12:30
2025-03-16 01:01:06,026 - INFO - Trial: 95/100, Epoch: 8/10, Val loss: 0.0001, Elapsed time: 0:33:24, Estimated time left: 0:08:20
2025-03-16 01:05:16,335 - INFO - Trial: 95/100, Epoch: 9/10, Val loss: 0.0001, Elapsed time: 0:37:35, Estimated time left: 0:04:10
2025-03-16 01:09:26,525 - INFO - Trial: 95/100, Epoch: 10/10, Val loss: 0.0001, Elapsed time: 0:41:45, Estimated time left: 0:00:00
2025-03-16 01:09:26,527 - INFO - Trial 94 finished with value: 0.00014137419945804287 and parameters: {'hidden_layers': 1, 'n_units_l': 169, 'lr': 1.2412688457285296e-05, 'batch_size': 21}. Best is trial 32 with value: 0.00014018414389617775.
2025-03-16 01:09:26,531 - INFO - Elapsed time: 228126.46 seconds
2025-03-16 01:09:26,531 - INFO - Estimated time left: 0.00 seconds
2025-03-16 01:13:20,181 - INFO - Trial: 96/100, Epoch: 1/10, Val loss: 0.0007, Elapsed time: 0:03:53, Estimated time left: 0:35:02
2025-03-16 01:17:10,154 - INFO - Trial: 96/100, Epoch: 2/10, Val loss: 0.0001, Elapsed time: 0:07:43, Estimated time left: 0:30:39
2025-03-16 01:20:59,880 - INFO - Trial: 96/100, Epoch: 3/10, Val loss: 0.0001, Elapsed time: 0:11:33, Estimated time left: 0:26:48
2025-03-16 01:24:49,633 - INFO - Trial: 96/100, Epoch: 4/10, Val loss: 0.0001, Elapsed time: 0:15:23, Estimated time left: 0:22:58
2025-03-16 01:28:39,094 - INFO - Trial: 96/100, Epoch: 5/10, Val loss: 0.0001, Elapsed time: 0:19:12, Estimated time left: 0:19:07
2025-03-16 01:32:28,935 - INFO - Trial: 96/100, Epoch: 6/10, Val loss: 0.0001, Elapsed time: 0:23:02, Estimated time left: 0:15:19
2025-03-16 01:36:18,873 - INFO - Trial: 96/100, Epoch: 7/10, Val loss: 0.0001, Elapsed time: 0:26:52, Estimated time left: 0:11:29
2025-03-16 01:40:08,462 - INFO - Trial: 96/100, Epoch: 8/10, Val loss: 0.0001, Elapsed time: 0:30:41, Estimated time left: 0:07:39
2025-03-16 01:43:58,061 - INFO - Trial: 96/100, Epoch: 9/10, Val loss: 0.0001, Elapsed time: 0:34:31, Estimated time left: 0:03:49
2025-03-16 01:47:47,736 - INFO - Trial: 96/100, Epoch: 10/10, Val loss: 0.0001, Elapsed time: 0:38:21, Estimated time left: 0:00:00
2025-03-16 01:47:47,738 - INFO - Trial 95 finished with value: 0.00014129757533339402 and parameters: {'hidden_layers': 1, 'n_units_l': 163, 'lr': 1.7705466345640294e-05, 'batch_size': 23}. Best is trial 32 with value: 0.00014018414389617775.
2025-03-16 01:47:47,742 - INFO - Elapsed time: 230427.67 seconds
2025-03-16 01:47:47,742 - INFO - Estimated time left: 0.00 seconds
2025-03-16 01:52:56,203 - INFO - Trial: 97/100, Epoch: 1/10, Val loss: 0.0007, Elapsed time: 0:05:08, Estimated time left: 0:46:16
2025-03-16 01:57:59,161 - INFO - Trial: 97/100, Epoch: 2/10, Val loss: 0.0001, Elapsed time: 0:10:11, Estimated time left: 0:40:23
2025-03-16 02:03:02,750 - INFO - Trial: 97/100, Epoch: 3/10, Val loss: 0.0001, Elapsed time: 0:15:14, Estimated time left: 0:35:25
2025-03-16 02:08:06,867 - INFO - Trial: 97/100, Epoch: 4/10, Val loss: 0.0001, Elapsed time: 0:20:19, Estimated time left: 0:30:24
2025-03-16 02:13:10,829 - INFO - Trial: 97/100, Epoch: 5/10, Val loss: 0.0001, Elapsed time: 0:25:23, Estimated time left: 0:25:19
2025-03-16 02:18:14,798 - INFO - Trial: 97/100, Epoch: 6/10, Val loss: 0.0001, Elapsed time: 0:30:27, Estimated time left: 0:20:15
2025-03-16 02:23:18,839 - INFO - Trial: 97/100, Epoch: 7/10, Val loss: 0.0001, Elapsed time: 0:35:31, Estimated time left: 0:15:12
2025-03-16 02:28:22,709 - INFO - Trial: 97/100, Epoch: 8/10, Val loss: 0.0001, Elapsed time: 0:40:34, Estimated time left: 0:10:07
2025-03-16 02:33:26,742 - INFO - Trial: 97/100, Epoch: 9/10, Val loss: 0.0001, Elapsed time: 0:45:38, Estimated time left: 0:05:04
2025-03-16 02:38:30,208 - INFO - Trial: 97/100, Epoch: 10/10, Val loss: 0.0001, Elapsed time: 0:50:42, Estimated time left: 0:00:00
2025-03-16 02:38:30,209 - INFO - Trial 96 finished with value: 0.00014112314217686075 and parameters: {'hidden_layers': 1, 'n_units_l': 150, 'lr': 1.499910351564694e-05, 'batch_size': 17}. Best is trial 32 with value: 0.00014018414389617775.
2025-03-16 02:38:30,213 - INFO - Elapsed time: 233470.14 seconds
2025-03-16 02:38:30,213 - INFO - Estimated time left: 0.00 seconds
2025-03-16 02:42:56,089 - INFO - Trial: 98/100, Epoch: 1/10, Val loss: 0.0007, Elapsed time: 0:04:25, Estimated time left: 0:39:52
2025-03-16 02:47:17,312 - INFO - Trial: 98/100, Epoch: 2/10, Val loss: 0.0001, Elapsed time: 0:08:47, Estimated time left: 0:34:49
2025-03-16 02:51:38,337 - INFO - Trial: 98/100, Epoch: 3/10, Val loss: 0.0001, Elapsed time: 0:13:08, Estimated time left: 0:30:27
2025-03-16 02:55:59,576 - INFO - Trial: 98/100, Epoch: 4/10, Val loss: 0.0001, Elapsed time: 0:17:29, Estimated time left: 0:26:07
2025-03-16 03:00:20,772 - INFO - Trial: 98/100, Epoch: 5/10, Val loss: 0.0001, Elapsed time: 0:21:50, Estimated time left: 0:21:45
2025-03-16 03:04:42,133 - INFO - Trial: 98/100, Epoch: 6/10, Val loss: 0.0001, Elapsed time: 0:26:11, Estimated time left: 0:17:25
2025-03-16 03:09:03,441 - INFO - Trial: 98/100, Epoch: 7/10, Val loss: 0.0001, Elapsed time: 0:30:33, Estimated time left: 0:13:03
2025-03-16 03:13:24,684 - INFO - Trial: 98/100, Epoch: 8/10, Val loss: 0.0001, Elapsed time: 0:34:54, Estimated time left: 0:08:42
2025-03-16 03:17:45,825 - INFO - Trial: 98/100, Epoch: 9/10, Val loss: 0.0001, Elapsed time: 0:39:15, Estimated time left: 0:04:21
2025-03-16 03:22:06,918 - INFO - Trial: 98/100, Epoch: 10/10, Val loss: 0.0001, Elapsed time: 0:43:36, Estimated time left: 0:00:00
2025-03-16 03:22:06,919 - INFO - Trial 97 finished with value: 0.0001417022598782621 and parameters: {'hidden_layers': 1, 'n_units_l': 209, 'lr': 1.2384777533299329e-05, 'batch_size': 20}. Best is trial 32 with value: 0.00014018414389617775.
2025-03-16 03:22:06,923 - INFO - Elapsed time: 236086.85 seconds
2025-03-16 03:22:06,923 - INFO - Estimated time left: 0.00 seconds
2025-03-16 03:25:52,685 - INFO - Trial: 99/100, Epoch: 1/10, Val loss: 0.0007, Elapsed time: 0:03:45, Estimated time left: 0:33:51
2025-03-16 03:29:33,018 - INFO - Trial: 99/100, Epoch: 2/10, Val loss: 0.0001, Elapsed time: 0:07:26, Estimated time left: 0:29:22
2025-03-16 03:33:14,247 - INFO - Trial: 99/100, Epoch: 3/10, Val loss: 0.0001, Elapsed time: 0:11:07, Estimated time left: 0:25:48
2025-03-16 03:36:55,684 - INFO - Trial: 99/100, Epoch: 4/10, Val loss: 0.0001, Elapsed time: 0:14:48, Estimated time left: 0:22:08
2025-03-16 03:40:36,679 - INFO - Trial: 99/100, Epoch: 5/10, Val loss: 0.0001, Elapsed time: 0:18:29, Estimated time left: 0:18:24
2025-03-16 03:44:18,224 - INFO - Trial: 99/100, Epoch: 6/10, Val loss: 0.0001, Elapsed time: 0:22:11, Estimated time left: 0:14:46
2025-03-16 03:47:59,952 - INFO - Trial: 99/100, Epoch: 7/10, Val loss: 0.0001, Elapsed time: 0:25:53, Estimated time left: 0:11:05
2025-03-16 03:51:41,284 - INFO - Trial: 99/100, Epoch: 8/10, Val loss: 0.0001, Elapsed time: 0:29:34, Estimated time left: 0:07:22
2025-03-16 03:55:22,994 - INFO - Trial: 99/100, Epoch: 9/10, Val loss: 0.0001, Elapsed time: 0:33:16, Estimated time left: 0:03:41
2025-03-16 03:59:04,268 - INFO - Trial: 99/100, Epoch: 10/10, Val loss: 0.0001, Elapsed time: 0:36:57, Estimated time left: 0:00:00
2025-03-16 03:59:04,269 - INFO - Trial 98 finished with value: 0.00014099505917647328 and parameters: {'hidden_layers': 1, 'n_units_l': 144, 'lr': 1.9418961157709984e-05, 'batch_size': 24}. Best is trial 32 with value: 0.00014018414389617775.
2025-03-16 03:59:04,273 - INFO - Elapsed time: 238304.20 seconds
2025-03-16 03:59:04,273 - INFO - Estimated time left: 0.00 seconds
2025-03-16 04:00:54,953 - INFO - Trial: 100/100, Epoch: 1/10, Val loss: 0.0005, Elapsed time: 0:01:50, Estimated time left: 0:16:36
2025-03-16 04:02:46,110 - INFO - Trial: 100/100, Epoch: 2/10, Val loss: 0.0002, Elapsed time: 0:03:41, Estimated time left: 0:14:49
2025-03-16 04:04:37,205 - INFO - Trial: 100/100, Epoch: 3/10, Val loss: 0.0002, Elapsed time: 0:05:32, Estimated time left: 0:12:57
2025-03-16 04:06:28,465 - INFO - Trial: 100/100, Epoch: 4/10, Val loss: 0.0002, Elapsed time: 0:07:24, Estimated time left: 0:11:07
2025-03-16 04:08:19,537 - INFO - Trial: 100/100, Epoch: 5/10, Val loss: 0.0001, Elapsed time: 0:09:15, Estimated time left: 0:09:15
2025-03-16 04:10:10,434 - INFO - Trial: 100/100, Epoch: 6/10, Val loss: 0.0002, Elapsed time: 0:11:06, Estimated time left: 0:07:23
2025-03-16 04:12:01,655 - INFO - Trial: 100/100, Epoch: 7/10, Val loss: 0.0002, Elapsed time: 0:12:57, Estimated time left: 0:05:33
2025-03-16 04:13:52,899 - INFO - Trial: 100/100, Epoch: 8/10, Val loss: 0.0002, Elapsed time: 0:14:48, Estimated time left: 0:03:42
2025-03-16 04:15:43,933 - INFO - Trial: 100/100, Epoch: 9/10, Val loss: 0.0001, Elapsed time: 0:16:39, Estimated time left: 0:01:51
2025-03-16 04:17:34,835 - INFO - Trial: 100/100, Epoch: 10/10, Val loss: 0.0002, Elapsed time: 0:18:30, Estimated time left: 0:00:00
2025-03-16 04:17:34,836 - INFO - Trial 99 finished with value: 0.0001509734645908923 and parameters: {'hidden_layers': 1, 'n_units_l': 236, 'lr': 0.0026295495344096412, 'batch_size': 56}. Best is trial 32 with value: 0.00014018414389617775.
2025-03-16 04:17:34,840 - INFO - Elapsed time: 239414.77 seconds
2025-03-16 04:17:34,840 - INFO - Estimated time left: 0.00 seconds
2025-03-16 04:17:34,841 - INFO - Total optimization time: 239414.77 seconds
2025-03-16 04:17:34,841 - INFO - Best trial:
2025-03-16 04:17:34,841 - INFO -   Value: 0.00014018414389617775
2025-03-16 04:17:34,841 - INFO -   Params:
2025-03-16 04:17:34,841 - INFO -     hidden_layers: 3
2025-03-16 04:17:34,842 - INFO -     n_units_l: 305
2025-03-16 04:17:34,842 - INFO -     lr: 1.78307912493205e-05
2025-03-16 04:17:34,842 - INFO -     batch_size: 28
2025-03-16 04:17:34,842 - INFO - Best trial number: 32
