2025-03-14 23:20:21,485 - INFO - Trial 50 finished with value: 0.00014656756978118947 and parameters: {'hidden_layers': 2, 'n_units_l': 305, 'lr': 4.2276162510290516e-05, 'batch_size': 51}. Best is trial 32 with value: 0.00014018414389617775.
2025-03-14 23:20:21,487 - INFO - Elapsed time: 135181.42 seconds
2025-03-14 23:20:21,487 - INFO - Estimated time left: 0.00 seconds
2025-03-14 23:25:27,307 - INFO - Trial: 52/100, Epoch: 1/10, Val loss: 0.0026, Elapsed time: 0:05:05, Estimated time left: 0:45:52
2025-03-14 23:30:01,656 - INFO - Trial: 52/100, Epoch: 2/10, Val loss: 0.0001, Elapsed time: 0:09:40, Estimated time left: 0:36:34
2025-03-14 23:34:36,444 - INFO - Trial: 52/100, Epoch: 3/10, Val loss: 0.0001, Elapsed time: 0:14:14, Estimated time left: 0:32:03
2025-03-14 23:39:12,201 - INFO - Trial: 52/100, Epoch: 4/10, Val loss: 0.0001, Elapsed time: 0:18:50, Estimated time left: 0:27:34
2025-03-14 23:43:48,067 - INFO - Trial: 52/100, Epoch: 5/10, Val loss: 0.0001, Elapsed time: 0:23:26, Estimated time left: 0:22:59
2025-03-14 23:48:23,538 - INFO - Trial: 52/100, Epoch: 6/10, Val loss: 0.0001, Elapsed time: 0:28:02, Estimated time left: 0:18:21
2025-03-14 23:52:59,639 - INFO - Trial: 52/100, Epoch: 7/10, Val loss: 0.0001, Elapsed time: 0:32:38, Estimated time left: 0:13:48
2025-03-14 23:57:37,348 - INFO - Trial: 52/100, Epoch: 8/10, Val loss: 0.0001, Elapsed time: 0:37:15, Estimated time left: 0:09:15
2025-03-15 00:02:15,506 - INFO - Trial: 52/100, Epoch: 9/10, Val loss: 0.0001, Elapsed time: 0:41:54, Estimated time left: 0:04:38
2025-03-15 00:06:53,841 - INFO - Trial: 52/100, Epoch: 10/10, Val loss: 0.0001, Elapsed time: 0:46:32, Estimated time left: 0:00:00
2025-03-15 00:06:53,842 - INFO - Trial 51 finished with value: 0.00014115935928673136 and parameters: {'hidden_layers': 3, 'n_units_l': 282, 'lr': 2.4808287353248964e-05, 'batch_size': 27}. Best is trial 32 with value: 0.00014018414389617775.
2025-03-15 00:06:53,845 - INFO - Elapsed time: 137973.78 seconds
2025-03-15 00:06:53,845 - INFO - Estimated time left: 0.00 seconds
2025-03-15 00:11:43,455 - INFO - Trial: 53/100, Epoch: 1/10, Val loss: 0.0140, Elapsed time: 0:04:49, Estimated time left: 0:43:26
2025-03-15 00:16:04,477 - INFO - Trial: 53/100, Epoch: 2/10, Val loss: 0.0002, Elapsed time: 0:09:10, Estimated time left: 0:34:48
2025-03-15 00:20:25,932 - INFO - Trial: 53/100, Epoch: 3/10, Val loss: 0.0001, Elapsed time: 0:13:32, Estimated time left: 0:30:30
2025-03-15 00:24:46,603 - INFO - Trial: 53/100, Epoch: 4/10, Val loss: 0.0001, Elapsed time: 0:17:52, Estimated time left: 0:26:04
2025-03-15 00:29:13,918 - INFO - Trial: 53/100, Epoch: 5/10, Val loss: 0.0001, Elapsed time: 0:22:20, Estimated time left: 0:22:16
2025-03-15 00:33:32,147 - INFO - Trial: 53/100, Epoch: 6/10, Val loss: 0.0001, Elapsed time: 0:26:38, Estimated time left: 0:17:12
2025-03-15 00:37:51,603 - INFO - Trial: 53/100, Epoch: 7/10, Val loss: 0.0001, Elapsed time: 0:30:57, Estimated time left: 0:12:58
2025-03-15 00:42:08,896 - INFO - Trial: 53/100, Epoch: 8/10, Val loss: 0.0001, Elapsed time: 0:35:15, Estimated time left: 0:08:34
2025-03-15 00:46:24,180 - INFO - Trial: 53/100, Epoch: 9/10, Val loss: 0.0001, Elapsed time: 0:39:30, Estimated time left: 0:04:15
2025-03-15 00:50:39,190 - INFO - Trial: 53/100, Epoch: 10/10, Val loss: 0.0001, Elapsed time: 0:43:45, Estimated time left: 0:00:00
2025-03-15 00:50:39,192 - INFO - Trial 52 finished with value: 0.000141408416412758 and parameters: {'hidden_layers': 3, 'n_units_l': 287, 'lr': 1.056627520041743e-05, 'batch_size': 29}. Best is trial 32 with value: 0.00014018414389617775.
2025-03-15 00:50:39,194 - INFO - Elapsed time: 140599.13 seconds
2025-03-15 00:50:39,194 - INFO - Estimated time left: 0.00 seconds
2025-03-15 00:56:44,982 - INFO - Trial: 54/100, Epoch: 1/10, Val loss: 0.0072, Elapsed time: 0:06:05, Estimated time left: 0:54:51
2025-03-15 01:02:42,145 - INFO - Trial: 54/100, Epoch: 2/10, Val loss: 0.0001, Elapsed time: 0:12:02, Estimated time left: 0:47:37
2025-03-15 01:08:40,393 - INFO - Trial: 54/100, Epoch: 3/10, Val loss: 0.0001, Elapsed time: 0:18:01, Estimated time left: 0:41:47
2025-03-15 01:14:38,317 - INFO - Trial: 54/100, Epoch: 4/10, Val loss: 0.0001, Elapsed time: 0:23:59, Estimated time left: 0:35:47
2025-03-15 01:20:36,363 - INFO - Trial: 54/100, Epoch: 5/10, Val loss: 0.0001, Elapsed time: 0:29:57, Estimated time left: 0:29:50
2025-03-15 01:26:37,290 - INFO - Trial: 54/100, Epoch: 6/10, Val loss: 0.0001, Elapsed time: 0:35:58, Estimated time left: 0:24:03
2025-03-15 01:32:40,583 - INFO - Trial: 54/100, Epoch: 7/10, Val loss: 0.0001, Elapsed time: 0:42:01, Estimated time left: 0:18:09
2025-03-15 01:38:44,360 - INFO - Trial: 54/100, Epoch: 8/10, Val loss: 0.0001, Elapsed time: 0:48:05, Estimated time left: 0:12:07
2025-03-15 01:44:47,964 - INFO - Trial: 54/100, Epoch: 9/10, Val loss: 0.0001, Elapsed time: 0:54:08, Estimated time left: 0:06:03
2025-03-15 01:50:51,468 - INFO - Trial: 54/100, Epoch: 10/10, Val loss: 0.0001, Elapsed time: 1:00:12, Estimated time left: 0:00:00
2025-03-15 01:50:51,469 - INFO - Trial 53 finished with value: 0.00014249355383769228 and parameters: {'hidden_layers': 4, 'n_units_l': 262, 'lr': 1.763129828226191e-05, 'batch_size': 24}. Best is trial 32 with value: 0.00014018414389617775.
2025-03-15 01:50:51,472 - INFO - Elapsed time: 144211.40 seconds
2025-03-15 01:50:51,472 - INFO - Estimated time left: 0.00 seconds
2025-03-15 01:52:09,514 - INFO - Trial: 55/100, Epoch: 1/10, Val loss: 0.0119, Elapsed time: 0:01:18, Estimated time left: 0:11:42
2025-03-15 01:53:21,906 - INFO - Trial: 55/100, Epoch: 2/10, Val loss: 0.0001, Elapsed time: 0:02:30, Estimated time left: 0:09:39
2025-03-15 01:54:34,510 - INFO - Trial: 55/100, Epoch: 3/10, Val loss: 0.0002, Elapsed time: 0:03:43, Estimated time left: 0:08:28
2025-03-15 01:55:47,119 - INFO - Trial: 55/100, Epoch: 4/10, Val loss: 0.0002, Elapsed time: 0:04:55, Estimated time left: 0:07:15
2025-03-15 01:56:59,784 - INFO - Trial: 55/100, Epoch: 5/10, Val loss: 0.0001, Elapsed time: 0:06:08, Estimated time left: 0:06:03
2025-03-15 01:58:12,414 - INFO - Trial: 55/100, Epoch: 6/10, Val loss: 0.0001, Elapsed time: 0:07:20, Estimated time left: 0:04:50
2025-03-15 01:59:25,133 - INFO - Trial: 55/100, Epoch: 7/10, Val loss: 0.0001, Elapsed time: 0:08:33, Estimated time left: 0:03:38
2025-03-15 02:00:37,784 - INFO - Trial: 55/100, Epoch: 8/10, Val loss: 0.0001, Elapsed time: 0:09:46, Estimated time left: 0:02:25
2025-03-15 02:01:50,363 - INFO - Trial: 55/100, Epoch: 9/10, Val loss: 0.0001, Elapsed time: 0:10:58, Estimated time left: 0:01:12
2025-03-15 02:03:02,857 - INFO - Trial: 55/100, Epoch: 10/10, Val loss: 0.0001, Elapsed time: 0:12:11, Estimated time left: 0:00:00
2025-03-15 02:03:02,858 - INFO - Trial 54 finished with value: 0.00014444387679130553 and parameters: {'hidden_layers': 3, 'n_units_l': 296, 'lr': 2.7298539293771927e-05, 'batch_size': 143}. Best is trial 32 with value: 0.00014018414389617775.
2025-03-15 02:03:02,861 - INFO - Elapsed time: 144942.79 seconds
2025-03-15 02:03:02,861 - INFO - Estimated time left: 0.00 seconds
2025-03-15 02:04:55,342 - INFO - Trial: 56/100, Epoch: 1/10, Val loss: 0.0030, Elapsed time: 0:01:52, Estimated time left: 0:16:52
2025-03-15 02:06:50,417 - INFO - Trial: 56/100, Epoch: 2/10, Val loss: 0.0002, Elapsed time: 0:03:47, Estimated time left: 0:15:20
2025-03-15 02:08:45,420 - INFO - Trial: 56/100, Epoch: 3/10, Val loss: 0.0001, Elapsed time: 0:05:42, Estimated time left: 0:13:25
2025-03-15 02:10:40,489 - INFO - Trial: 56/100, Epoch: 4/10, Val loss: 0.0001, Elapsed time: 0:07:37, Estimated time left: 0:11:30
2025-03-15 02:12:35,562 - INFO - Trial: 56/100, Epoch: 5/10, Val loss: 0.0001, Elapsed time: 0:09:32, Estimated time left: 0:09:35
2025-03-15 02:14:31,048 - INFO - Trial: 56/100, Epoch: 6/10, Val loss: 0.0001, Elapsed time: 0:11:28, Estimated time left: 0:07:41
2025-03-15 02:16:26,204 - INFO - Trial: 56/100, Epoch: 7/10, Val loss: 0.0001, Elapsed time: 0:13:23, Estimated time left: 0:05:45
2025-03-15 02:18:21,602 - INFO - Trial: 56/100, Epoch: 8/10, Val loss: 0.0001, Elapsed time: 0:15:18, Estimated time left: 0:03:50
2025-03-15 02:20:16,622 - INFO - Trial: 56/100, Epoch: 9/10, Val loss: 0.0001, Elapsed time: 0:17:13, Estimated time left: 0:01:55
2025-03-15 02:22:11,820 - INFO - Trial: 56/100, Epoch: 10/10, Val loss: 0.0001, Elapsed time: 0:19:08, Estimated time left: 0:00:00
2025-03-15 02:22:11,821 - INFO - Trial 55 finished with value: 0.0001411805329183023 and parameters: {'hidden_layers': 2, 'n_units_l': 231, 'lr': 1.5797284381081964e-05, 'batch_size': 70}. Best is trial 32 with value: 0.00014018414389617775.
2025-03-15 02:22:11,823 - INFO - Elapsed time: 146091.75 seconds
2025-03-15 02:22:11,824 - INFO - Estimated time left: 0.00 seconds
2025-03-15 02:25:37,348 - INFO - Trial: 57/100, Epoch: 1/10, Val loss: 0.0014, Elapsed time: 0:03:25, Estimated time left: 0:30:49
2025-03-15 02:28:59,407 - INFO - Trial: 57/100, Epoch: 2/10, Val loss: 0.0002, Elapsed time: 0:06:47, Estimated time left: 0:26:56
2025-03-15 02:32:21,293 - INFO - Trial: 57/100, Epoch: 3/10, Val loss: 0.0002, Elapsed time: 0:10:09, Estimated time left: 0:23:33
2025-03-15 02:35:43,454 - INFO - Trial: 57/100, Epoch: 4/10, Val loss: 0.0002, Elapsed time: 0:13:31, Estimated time left: 0:20:12
2025-03-15 02:39:05,488 - INFO - Trial: 57/100, Epoch: 5/10, Val loss: 0.0004, Elapsed time: 0:16:53, Estimated time left: 0:16:50
2025-03-15 02:42:27,503 - INFO - Trial: 57/100, Epoch: 6/10, Val loss: 0.0002, Elapsed time: 0:20:15, Estimated time left: 0:13:28
2025-03-15 02:45:49,757 - INFO - Trial: 57/100, Epoch: 7/10, Val loss: 0.0002, Elapsed time: 0:23:37, Estimated time left: 0:10:06
2025-03-15 02:49:11,701 - INFO - Trial: 57/100, Epoch: 8/10, Val loss: 0.0002, Elapsed time: 0:26:59, Estimated time left: 0:06:43
2025-03-15 02:52:33,689 - INFO - Trial: 57/100, Epoch: 9/10, Val loss: 0.0002, Elapsed time: 0:30:21, Estimated time left: 0:03:21
2025-03-15 02:55:55,673 - INFO - Trial: 57/100, Epoch: 10/10, Val loss: 0.0002, Elapsed time: 0:33:43, Estimated time left: 0:00:00
2025-03-15 02:55:55,675 - INFO - Trial 56 finished with value: 0.0001628091472495116 and parameters: {'hidden_layers': 1, 'n_units_l': 335, 'lr': 0.0027141544721515014, 'batch_size': 27}. Best is trial 32 with value: 0.00014018414389617775.
2025-03-15 02:55:55,677 - INFO - Elapsed time: 148115.61 seconds
2025-03-15 02:55:55,677 - INFO - Estimated time left: 0.00 seconds
2025-03-15 03:00:26,437 - INFO - Trial: 58/100, Epoch: 1/10, Val loss: 0.0015, Elapsed time: 0:04:30, Estimated time left: 0:40:36
2025-03-15 03:04:38,521 - INFO - Trial: 58/100, Epoch: 2/10, Val loss: 0.0002, Elapsed time: 0:08:42, Estimated time left: 0:33:36
2025-03-15 03:08:52,655 - INFO - Trial: 58/100, Epoch: 3/10, Val loss: 0.0001, Elapsed time: 0:12:56, Estimated time left: 0:29:38
2025-03-15 03:13:06,620 - INFO - Trial: 58/100, Epoch: 4/10, Val loss: 0.0001, Elapsed time: 0:17:10, Estimated time left: 0:25:23
2025-03-15 03:17:20,734 - INFO - Trial: 58/100, Epoch: 5/10, Val loss: 0.0001, Elapsed time: 0:21:25, Estimated time left: 0:21:10
2025-03-15 03:21:34,761 - INFO - Trial: 58/100, Epoch: 6/10, Val loss: 0.0001, Elapsed time: 0:25:39, Estimated time left: 0:16:56
2025-03-15 03:25:48,576 - INFO - Trial: 58/100, Epoch: 7/10, Val loss: 0.0001, Elapsed time: 0:29:52, Estimated time left: 0:12:41
2025-03-15 03:30:06,550 - INFO - Trial: 58/100, Epoch: 8/10, Val loss: 0.0001, Elapsed time: 0:34:10, Estimated time left: 0:08:35
2025-03-15 03:34:20,397 - INFO - Trial: 58/100, Epoch: 9/10, Val loss: 0.0001, Elapsed time: 0:38:24, Estimated time left: 0:04:13
2025-03-15 03:38:34,472 - INFO - Trial: 58/100, Epoch: 10/10, Val loss: 0.0001, Elapsed time: 0:42:38, Estimated time left: 0:00:00
2025-03-15 03:38:34,475 - INFO - Trial 57 finished with value: 0.00014280081387985072 and parameters: {'hidden_layers': 3, 'n_units_l': 271, 'lr': 6.369954838864411e-05, 'batch_size': 30}. Best is trial 32 with value: 0.00014018414389617775.
2025-03-15 03:38:34,478 - INFO - Elapsed time: 150674.41 seconds
2025-03-15 03:38:34,478 - INFO - Estimated time left: 0.00 seconds
2025-03-15 03:50:25,159 - INFO - Trial: 59/100, Epoch: 1/10, Val loss: 0.0022, Elapsed time: 0:11:50, Estimated time left: 1:46:36
2025-03-15 04:01:27,272 - INFO - Trial: 59/100, Epoch: 2/10, Val loss: 0.0002, Elapsed time: 0:22:52, Estimated time left: 1:28:16
2025-03-15 04:12:30,304 - INFO - Trial: 59/100, Epoch: 3/10, Val loss: 0.0002, Elapsed time: 0:33:55, Estimated time left: 1:17:21
2025-03-15 04:23:33,740 - INFO - Trial: 59/100, Epoch: 4/10, Val loss: 0.0002, Elapsed time: 0:44:59, Estimated time left: 1:06:20
2025-03-15 04:34:37,159 - INFO - Trial: 59/100, Epoch: 5/10, Val loss: 0.0001, Elapsed time: 0:56:02, Estimated time left: 0:55:17
2025-03-15 04:45:41,222 - INFO - Trial: 59/100, Epoch: 6/10, Val loss: 0.0001, Elapsed time: 1:07:06, Estimated time left: 0:44:16
2025-03-15 04:56:44,958 - INFO - Trial: 59/100, Epoch: 7/10, Val loss: 0.0002, Elapsed time: 1:18:10, Estimated time left: 0:33:11
2025-03-15 05:07:48,716 - INFO - Trial: 59/100, Epoch: 8/10, Val loss: 0.0001, Elapsed time: 1:29:14, Estimated time left: 0:22:07
2025-03-15 05:18:52,332 - INFO - Trial: 59/100, Epoch: 9/10, Val loss: 0.0001, Elapsed time: 1:40:17, Estimated time left: 0:11:03
2025-03-15 05:29:55,447 - INFO - Trial: 59/100, Epoch: 10/10, Val loss: 0.0001, Elapsed time: 1:51:20, Estimated time left: 0:00:00
2025-03-15 05:29:55,449 - INFO - Trial 58 finished with value: 0.00014917209152950117 and parameters: {'hidden_layers': 7, 'n_units_l': 293, 'lr': 3.5014476987293746e-05, 'batch_size': 18}. Best is trial 32 with value: 0.00014018414389617775.
2025-03-15 05:29:55,452 - INFO - Elapsed time: 157355.38 seconds
2025-03-15 05:29:55,452 - INFO - Estimated time left: 0.00 seconds
2025-03-15 05:32:05,705 - INFO - Trial: 60/100, Epoch: 1/10, Val loss: 0.0269, Elapsed time: 0:02:10, Estimated time left: 0:19:32
2025-03-15 05:34:10,956 - INFO - Trial: 60/100, Epoch: 2/10, Val loss: 0.0002, Elapsed time: 0:04:15, Estimated time left: 0:16:42
2025-03-15 05:36:16,591 - INFO - Trial: 60/100, Epoch: 3/10, Val loss: 0.0002, Elapsed time: 0:06:21, Estimated time left: 0:14:39
2025-03-15 05:38:22,381 - INFO - Trial: 60/100, Epoch: 4/10, Val loss: 0.0001, Elapsed time: 0:08:26, Estimated time left: 0:12:34
2025-03-15 05:40:28,045 - INFO - Trial: 60/100, Epoch: 5/10, Val loss: 0.0001, Elapsed time: 0:10:32, Estimated time left: 0:10:28
2025-03-15 05:42:33,868 - INFO - Trial: 60/100, Epoch: 6/10, Val loss: 0.0001, Elapsed time: 0:12:38, Estimated time left: 0:08:23
2025-03-15 05:44:39,634 - INFO - Trial: 60/100, Epoch: 7/10, Val loss: 0.0001, Elapsed time: 0:14:44, Estimated time left: 0:06:17
2025-03-15 05:46:45,352 - INFO - Trial: 60/100, Epoch: 8/10, Val loss: 0.0001, Elapsed time: 0:16:49, Estimated time left: 0:04:11
2025-03-15 05:48:50,835 - INFO - Trial: 60/100, Epoch: 9/10, Val loss: 0.0001, Elapsed time: 0:18:55, Estimated time left: 0:02:05
2025-03-15 05:50:56,275 - INFO - Trial: 60/100, Epoch: 10/10, Val loss: 0.0001, Elapsed time: 0:21:00, Estimated time left: 0:00:00
2025-03-15 05:50:56,277 - INFO - Trial 59 finished with value: 0.0001422382002338541 and parameters: {'hidden_layers': 4, 'n_units_l': 317, 'lr': 1.1783728807198899e-05, 'batch_size': 83}. Best is trial 32 with value: 0.00014018414389617775.
2025-03-15 05:50:56,280 - INFO - Elapsed time: 158616.21 seconds
2025-03-15 05:50:56,280 - INFO - Estimated time left: 0.00 seconds
2025-03-15 05:54:11,688 - INFO - Trial: 61/100, Epoch: 1/10, Val loss: 0.0010, Elapsed time: 0:03:15, Estimated time left: 0:29:18
2025-03-15 05:57:28,438 - INFO - Trial: 61/100, Epoch: 2/10, Val loss: 0.0001, Elapsed time: 0:06:32, Estimated time left: 0:26:13
2025-03-15 06:00:45,505 - INFO - Trial: 61/100, Epoch: 3/10, Val loss: 0.0001, Elapsed time: 0:09:49, Estimated time left: 0:22:59
2025-03-15 06:04:02,891 - INFO - Trial: 61/100, Epoch: 4/10, Val loss: 0.0001, Elapsed time: 0:13:06, Estimated time left: 0:19:44
2025-03-15 06:07:20,147 - INFO - Trial: 61/100, Epoch: 5/10, Val loss: 0.0001, Elapsed time: 0:16:23, Estimated time left: 0:16:26
2025-03-15 06:10:37,143 - INFO - Trial: 61/100, Epoch: 6/10, Val loss: 0.0001, Elapsed time: 0:19:40, Estimated time left: 0:13:07
2025-03-15 06:13:54,061 - INFO - Trial: 61/100, Epoch: 7/10, Val loss: 0.0001, Elapsed time: 0:22:57, Estimated time left: 0:09:50
2025-03-15 06:17:10,852 - INFO - Trial: 61/100, Epoch: 8/10, Val loss: 0.0001, Elapsed time: 0:26:14, Estimated time left: 0:06:33
2025-03-15 06:20:27,527 - INFO - Trial: 61/100, Epoch: 9/10, Val loss: 0.0001, Elapsed time: 0:29:31, Estimated time left: 0:03:16
2025-03-15 06:23:44,400 - INFO - Trial: 61/100, Epoch: 10/10, Val loss: 0.0001, Elapsed time: 0:32:48, Estimated time left: 0:00:00
2025-03-15 06:23:44,401 - INFO - Trial 60 finished with value: 0.00014093246055723658 and parameters: {'hidden_layers': 2, 'n_units_l': 241, 'lr': 2.2580821511176638e-05, 'batch_size': 36}. Best is trial 32 with value: 0.00014018414389617775.
2025-03-15 06:23:44,404 - INFO - Elapsed time: 160584.34 seconds
2025-03-15 06:23:44,404 - INFO - Estimated time left: 0.00 seconds
2025-03-15 06:26:56,731 - INFO - Trial: 62/100, Epoch: 1/10, Val loss: 0.0010, Elapsed time: 0:03:12, Estimated time left: 0:28:50
2025-03-15 06:30:12,416 - INFO - Trial: 62/100, Epoch: 2/10, Val loss: 0.0001, Elapsed time: 0:06:27, Estimated time left: 0:26:05
2025-03-15 06:33:27,807 - INFO - Trial: 62/100, Epoch: 3/10, Val loss: 0.0001, Elapsed time: 0:09:43, Estimated time left: 0:22:47
2025-03-15 06:36:43,762 - INFO - Trial: 62/100, Epoch: 4/10, Val loss: 0.0001, Elapsed time: 0:12:59, Estimated time left: 0:19:35
2025-03-15 06:39:59,462 - INFO - Trial: 62/100, Epoch: 5/10, Val loss: 0.0001, Elapsed time: 0:16:15, Estimated time left: 0:16:18
2025-03-15 06:43:15,280 - INFO - Trial: 62/100, Epoch: 6/10, Val loss: 0.0001, Elapsed time: 0:19:30, Estimated time left: 0:13:03
2025-03-15 06:46:31,102 - INFO - Trial: 62/100, Epoch: 7/10, Val loss: 0.0001, Elapsed time: 0:22:46, Estimated time left: 0:09:47
2025-03-15 06:49:46,396 - INFO - Trial: 62/100, Epoch: 8/10, Val loss: 0.0001, Elapsed time: 0:26:01, Estimated time left: 0:06:30
2025-03-15 06:53:01,530 - INFO - Trial: 62/100, Epoch: 9/10, Val loss: 0.0001, Elapsed time: 0:29:17, Estimated time left: 0:03:15
2025-03-15 06:56:17,419 - INFO - Trial: 62/100, Epoch: 10/10, Val loss: 0.0001, Elapsed time: 0:32:33, Estimated time left: 0:00:00
2025-03-15 06:56:17,420 - INFO - Trial 61 finished with value: 0.00014056866796431216 and parameters: {'hidden_layers': 2, 'n_units_l': 238, 'lr': 2.0310900579508208e-05, 'batch_size': 36}. Best is trial 32 with value: 0.00014018414389617775.
2025-03-15 06:56:17,423 - INFO - Elapsed time: 162537.35 seconds
2025-03-15 06:56:17,423 - INFO - Estimated time left: 0.00 seconds
2025-03-15 06:59:16,532 - INFO - Trial: 63/100, Epoch: 1/10, Val loss: 0.0006, Elapsed time: 0:02:59, Estimated time left: 0:26:51
2025-03-15 07:02:18,003 - INFO - Trial: 63/100, Epoch: 2/10, Val loss: 0.0001, Elapsed time: 0:06:00, Estimated time left: 0:24:11
2025-03-15 07:05:19,989 - INFO - Trial: 63/100, Epoch: 3/10, Val loss: 0.0001, Elapsed time: 0:09:02, Estimated time left: 0:21:13
2025-03-15 07:08:22,063 - INFO - Trial: 63/100, Epoch: 4/10, Val loss: 0.0001, Elapsed time: 0:12:04, Estimated time left: 0:18:12
2025-03-15 07:11:24,302 - INFO - Trial: 63/100, Epoch: 5/10, Val loss: 0.0001, Elapsed time: 0:15:06, Estimated time left: 0:15:11
2025-03-15 07:14:26,682 - INFO - Trial: 63/100, Epoch: 6/10, Val loss: 0.0001, Elapsed time: 0:18:09, Estimated time left: 0:12:09
2025-03-15 07:17:29,182 - INFO - Trial: 63/100, Epoch: 7/10, Val loss: 0.0001, Elapsed time: 0:21:11, Estimated time left: 0:09:07
2025-03-15 07:20:31,361 - INFO - Trial: 63/100, Epoch: 8/10, Val loss: 0.0001, Elapsed time: 0:24:13, Estimated time left: 0:06:04
2025-03-15 07:23:33,540 - INFO - Trial: 63/100, Epoch: 9/10, Val loss: 0.0001, Elapsed time: 0:27:16, Estimated time left: 0:03:02
2025-03-15 07:26:36,286 - INFO - Trial: 63/100, Epoch: 10/10, Val loss: 0.0001, Elapsed time: 0:30:18, Estimated time left: 0:00:00
2025-03-15 07:26:36,287 - INFO - Trial 62 finished with value: 0.00014109741646320707 and parameters: {'hidden_layers': 2, 'n_units_l': 237, 'lr': 3.921872523654106e-05, 'batch_size': 40}. Best is trial 32 with value: 0.00014018414389617775.
2025-03-15 07:26:36,290 - INFO - Elapsed time: 164356.22 seconds
2025-03-15 07:26:36,291 - INFO - Estimated time left: 0.00 seconds
2025-03-15 07:29:55,087 - INFO - Trial: 64/100, Epoch: 1/10, Val loss: 0.0037, Elapsed time: 0:03:18, Estimated time left: 0:29:49
2025-03-15 07:33:15,603 - INFO - Trial: 64/100, Epoch: 2/10, Val loss: 0.0002, Elapsed time: 0:06:39, Estimated time left: 0:26:44
2025-03-15 07:36:36,105 - INFO - Trial: 64/100, Epoch: 3/10, Val loss: 0.0001, Elapsed time: 0:09:59, Estimated time left: 0:23:23
2025-03-15 07:39:56,116 - INFO - Trial: 64/100, Epoch: 4/10, Val loss: 0.0001, Elapsed time: 0:13:19, Estimated time left: 0:20:00
2025-03-15 07:43:16,484 - INFO - Trial: 64/100, Epoch: 5/10, Val loss: 0.0001, Elapsed time: 0:16:40, Estimated time left: 0:16:41
2025-03-15 07:46:36,982 - INFO - Trial: 64/100, Epoch: 6/10, Val loss: 0.0001, Elapsed time: 0:20:00, Estimated time left: 0:13:21
2025-03-15 07:49:57,254 - INFO - Trial: 64/100, Epoch: 7/10, Val loss: 0.0001, Elapsed time: 0:23:20, Estimated time left: 0:10:00
2025-03-15 07:53:17,594 - INFO - Trial: 64/100, Epoch: 8/10, Val loss: 0.0001, Elapsed time: 0:26:41, Estimated time left: 0:06:40
2025-03-15 07:56:37,901 - INFO - Trial: 64/100, Epoch: 9/10, Val loss: 0.0001, Elapsed time: 0:30:01, Estimated time left: 0:03:20
2025-03-15 07:59:58,008 - INFO - Trial: 64/100, Epoch: 10/10, Val loss: 0.0001, Elapsed time: 0:33:21, Estimated time left: 0:00:00
