2025-03-15 13:49:12,771 - INFO - Trial 76 finished with value: 0.0001422380132240338 and parameters: {'hidden_layers': 3, 'n_units_l': 188, 'lr': 2.621012752089679e-05, 'batch_size': 50}. Best is trial 32 with value: 0.00014018414389617775.
2025-03-15 13:49:12,774 - INFO - Elapsed time: 187312.70 seconds
2025-03-15 13:49:12,774 - INFO - Estimated time left: 0.00 seconds
2025-03-15 13:51:16,418 - INFO - Trial: 78/100, Epoch: 1/10, Val loss: 0.0007, Elapsed time: 0:02:03, Estimated time left: 0:18:32
2025-03-15 13:53:24,227 - INFO - Trial: 78/100, Epoch: 2/10, Val loss: 0.0001, Elapsed time: 0:04:11, Estimated time left: 0:17:02
2025-03-15 13:55:32,486 - INFO - Trial: 78/100, Epoch: 3/10, Val loss: 0.0001, Elapsed time: 0:06:19, Estimated time left: 0:14:57
2025-03-15 13:57:40,828 - INFO - Trial: 78/100, Epoch: 4/10, Val loss: 0.0001, Elapsed time: 0:08:28, Estimated time left: 0:12:50
2025-03-15 13:59:49,032 - INFO - Trial: 78/100, Epoch: 5/10, Val loss: 0.0001, Elapsed time: 0:10:36, Estimated time left: 0:10:41
2025-03-15 14:01:57,603 - INFO - Trial: 78/100, Epoch: 6/10, Val loss: 0.0001, Elapsed time: 0:12:44, Estimated time left: 0:08:34
2025-03-15 14:04:05,927 - INFO - Trial: 78/100, Epoch: 7/10, Val loss: 0.0001, Elapsed time: 0:14:53, Estimated time left: 0:06:24
2025-03-15 14:06:14,761 - INFO - Trial: 78/100, Epoch: 8/10, Val loss: 0.0001, Elapsed time: 0:17:01, Estimated time left: 0:04:17
2025-03-15 14:08:23,384 - INFO - Trial: 78/100, Epoch: 9/10, Val loss: 0.0001, Elapsed time: 0:19:10, Estimated time left: 0:02:08
2025-03-15 14:10:31,581 - INFO - Trial: 78/100, Epoch: 10/10, Val loss: 0.0001, Elapsed time: 0:21:18, Estimated time left: 0:00:00
2025-03-15 14:10:31,583 - INFO - Trial 77 finished with value: 0.00014221811795060664 and parameters: {'hidden_layers': 2, 'n_units_l': 205, 'lr': 5.273326383178608e-05, 'batch_size': 61}. Best is trial 32 with value: 0.00014018414389617775.
2025-03-15 14:10:31,586 - INFO - Elapsed time: 188591.52 seconds
2025-03-15 14:10:31,586 - INFO - Estimated time left: 0.00 seconds
2025-03-15 14:15:52,956 - INFO - Trial: 79/100, Epoch: 1/10, Val loss: 0.0006, Elapsed time: 0:05:21, Estimated time left: 0:48:12
2025-03-15 14:20:55,307 - INFO - Trial: 79/100, Epoch: 2/10, Val loss: 0.0002, Elapsed time: 0:10:23, Estimated time left: 0:40:18
2025-03-15 14:25:57,773 - INFO - Trial: 79/100, Epoch: 3/10, Val loss: 0.0001, Elapsed time: 0:15:26, Estimated time left: 0:35:17
2025-03-15 14:31:00,195 - INFO - Trial: 79/100, Epoch: 4/10, Val loss: 0.0001, Elapsed time: 0:20:28, Estimated time left: 0:30:14
2025-03-15 14:36:02,611 - INFO - Trial: 79/100, Epoch: 5/10, Val loss: 0.0001, Elapsed time: 0:25:31, Estimated time left: 0:25:12
2025-03-15 14:41:05,072 - INFO - Trial: 79/100, Epoch: 6/10, Val loss: 0.0001, Elapsed time: 0:30:33, Estimated time left: 0:20:09
2025-03-15 14:46:07,455 - INFO - Trial: 79/100, Epoch: 7/10, Val loss: 0.0001, Elapsed time: 0:35:35, Estimated time left: 0:15:07
2025-03-15 14:51:09,769 - INFO - Trial: 79/100, Epoch: 8/10, Val loss: 0.0001, Elapsed time: 0:40:38, Estimated time left: 0:10:04
2025-03-15 14:56:12,133 - INFO - Trial: 79/100, Epoch: 9/10, Val loss: 0.0001, Elapsed time: 0:45:40, Estimated time left: 0:05:02
2025-03-15 15:01:14,315 - INFO - Trial: 79/100, Epoch: 10/10, Val loss: 0.0001, Elapsed time: 0:50:42, Estimated time left: 0:00:00
2025-03-15 15:01:14,317 - INFO - Trial 78 finished with value: 0.00014816662766933478 and parameters: {'hidden_layers': 3, 'n_units_l': 273, 'lr': 0.00013143055990303933, 'batch_size': 25}. Best is trial 32 with value: 0.00014018414389617775.
2025-03-15 15:01:14,320 - INFO - Elapsed time: 191634.25 seconds
2025-03-15 15:01:14,320 - INFO - Estimated time left: 0.00 seconds
2025-03-15 15:05:04,552 - INFO - Trial: 80/100, Epoch: 1/10, Val loss: 0.0028, Elapsed time: 0:03:50, Estimated time left: 0:34:31
2025-03-15 15:08:37,777 - INFO - Trial: 80/100, Epoch: 2/10, Val loss: 0.0001, Elapsed time: 0:07:23, Estimated time left: 0:28:25
2025-03-15 15:12:11,480 - INFO - Trial: 80/100, Epoch: 3/10, Val loss: 0.0001, Elapsed time: 0:10:57, Estimated time left: 0:24:55
2025-03-15 15:15:44,945 - INFO - Trial: 80/100, Epoch: 4/10, Val loss: 0.0001, Elapsed time: 0:14:30, Estimated time left: 0:21:20
2025-03-15 15:19:18,564 - INFO - Trial: 80/100, Epoch: 5/10, Val loss: 0.0001, Elapsed time: 0:18:04, Estimated time left: 0:17:48
2025-03-15 15:22:52,262 - INFO - Trial: 80/100, Epoch: 6/10, Val loss: 0.0001, Elapsed time: 0:21:37, Estimated time left: 0:14:14
2025-03-15 15:26:26,005 - INFO - Trial: 80/100, Epoch: 7/10, Val loss: 0.0001, Elapsed time: 0:25:11, Estimated time left: 0:10:41
2025-03-15 15:29:59,740 - INFO - Trial: 80/100, Epoch: 8/10, Val loss: 0.0001, Elapsed time: 0:28:45, Estimated time left: 0:07:07
2025-03-15 15:33:33,285 - INFO - Trial: 80/100, Epoch: 9/10, Val loss: 0.0001, Elapsed time: 0:32:18, Estimated time left: 0:03:33
2025-03-15 15:37:07,070 - INFO - Trial: 80/100, Epoch: 10/10, Val loss: 0.0001, Elapsed time: 0:35:52, Estimated time left: 0:00:00
2025-03-15 15:37:07,072 - INFO - Trial 79 finished with value: 0.00014263941244061325 and parameters: {'hidden_layers': 3, 'n_units_l': 171, 'lr': 2.1431972721258276e-05, 'batch_size': 34}. Best is trial 32 with value: 0.00014018414389617775.
2025-03-15 15:37:07,075 - INFO - Elapsed time: 193787.01 seconds
2025-03-15 15:37:07,075 - INFO - Estimated time left: 0.00 seconds
2025-03-15 15:41:55,595 - INFO - Trial: 81/100, Epoch: 1/10, Val loss: 0.0146, Elapsed time: 0:04:48, Estimated time left: 0:43:16
2025-03-15 15:46:22,585 - INFO - Trial: 81/100, Epoch: 2/10, Val loss: 0.0001, Elapsed time: 0:09:15, Estimated time left: 0:35:35
2025-03-15 15:50:51,280 - INFO - Trial: 81/100, Epoch: 3/10, Val loss: 0.0001, Elapsed time: 0:13:44, Estimated time left: 0:31:20
2025-03-15 15:55:18,796 - INFO - Trial: 81/100, Epoch: 4/10, Val loss: 0.0001, Elapsed time: 0:18:11, Estimated time left: 0:26:45
2025-03-15 15:59:46,308 - INFO - Trial: 81/100, Epoch: 5/10, Val loss: 0.0001, Elapsed time: 0:22:39, Estimated time left: 0:22:17
2025-03-15 16:04:13,901 - INFO - Trial: 81/100, Epoch: 6/10, Val loss: 0.0001, Elapsed time: 0:27:06, Estimated time left: 0:17:50
2025-03-15 16:08:41,776 - INFO - Trial: 81/100, Epoch: 7/10, Val loss: 0.0001, Elapsed time: 0:31:34, Estimated time left: 0:13:23
2025-03-15 16:13:09,656 - INFO - Trial: 81/100, Epoch: 8/10, Val loss: 0.0001, Elapsed time: 0:36:02, Estimated time left: 0:08:55
2025-03-15 16:17:37,419 - INFO - Trial: 81/100, Epoch: 9/10, Val loss: 0.0001, Elapsed time: 0:40:30, Estimated time left: 0:04:27
2025-03-15 16:22:05,701 - INFO - Trial: 81/100, Epoch: 10/10, Val loss: 0.0001, Elapsed time: 0:44:58, Estimated time left: 0:00:00
2025-03-15 16:22:05,703 - INFO - Trial 80 finished with value: 0.0001423858662867158 and parameters: {'hidden_layers': 6, 'n_units_l': 219, 'lr': 1.6150640400822574e-05, 'batch_size': 38}. Best is trial 32 with value: 0.00014018414389617775.
2025-03-15 16:22:05,706 - INFO - Elapsed time: 196485.64 seconds
2025-03-15 16:22:05,707 - INFO - Estimated time left: 0.00 seconds
2025-03-15 16:25:30,342 - INFO - Trial: 82/100, Epoch: 1/10, Val loss: 0.0006, Elapsed time: 0:03:24, Estimated time left: 0:30:41
2025-03-15 16:28:59,577 - INFO - Trial: 82/100, Epoch: 2/10, Val loss: 0.0001, Elapsed time: 0:06:53, Estimated time left: 0:27:53
2025-03-15 16:32:29,389 - INFO - Trial: 82/100, Epoch: 3/10, Val loss: 0.0001, Elapsed time: 0:10:23, Estimated time left: 0:24:28
2025-03-15 16:35:59,463 - INFO - Trial: 82/100, Epoch: 4/10, Val loss: 0.0001, Elapsed time: 0:13:53, Estimated time left: 0:21:00
2025-03-15 16:39:29,654 - INFO - Trial: 82/100, Epoch: 5/10, Val loss: 0.0001, Elapsed time: 0:17:23, Estimated time left: 0:17:30
2025-03-15 16:42:59,466 - INFO - Trial: 82/100, Epoch: 6/10, Val loss: 0.0001, Elapsed time: 0:20:53, Estimated time left: 0:13:59
2025-03-15 16:46:29,891 - INFO - Trial: 82/100, Epoch: 7/10, Val loss: 0.0001, Elapsed time: 0:24:24, Estimated time left: 0:10:31
2025-03-15 16:49:59,544 - INFO - Trial: 82/100, Epoch: 8/10, Val loss: 0.0001, Elapsed time: 0:27:53, Estimated time left: 0:06:59
2025-03-15 16:53:29,187 - INFO - Trial: 82/100, Epoch: 9/10, Val loss: 0.0001, Elapsed time: 0:31:23, Estimated time left: 0:03:29
2025-03-15 16:56:58,695 - INFO - Trial: 82/100, Epoch: 10/10, Val loss: 0.0001, Elapsed time: 0:34:52, Estimated time left: 0:00:00
2025-03-15 16:56:58,697 - INFO - Trial 81 finished with value: 0.0001408057913287154 and parameters: {'hidden_layers': 2, 'n_units_l': 202, 'lr': 3.586193391524275e-05, 'batch_size': 33}. Best is trial 32 with value: 0.00014018414389617775.
2025-03-15 16:56:58,700 - INFO - Elapsed time: 198578.63 seconds
2025-03-15 16:56:58,701 - INFO - Estimated time left: 0.00 seconds
2025-03-15 17:00:30,037 - INFO - Trial: 83/100, Epoch: 1/10, Val loss: 0.0008, Elapsed time: 0:03:31, Estimated time left: 0:31:41
2025-03-15 17:04:08,112 - INFO - Trial: 83/100, Epoch: 2/10, Val loss: 0.0001, Elapsed time: 0:07:09, Estimated time left: 0:29:04
2025-03-15 17:07:46,761 - INFO - Trial: 83/100, Epoch: 3/10, Val loss: 0.0001, Elapsed time: 0:10:48, Estimated time left: 0:25:30
2025-03-15 17:11:25,187 - INFO - Trial: 83/100, Epoch: 4/10, Val loss: 0.0001, Elapsed time: 0:14:26, Estimated time left: 0:21:50
2025-03-15 17:15:03,378 - INFO - Trial: 83/100, Epoch: 5/10, Val loss: 0.0001, Elapsed time: 0:18:04, Estimated time left: 0:18:10
2025-03-15 17:18:41,423 - INFO - Trial: 83/100, Epoch: 6/10, Val loss: 0.0001, Elapsed time: 0:21:42, Estimated time left: 0:14:32
2025-03-15 17:22:19,714 - INFO - Trial: 83/100, Epoch: 7/10, Val loss: 0.0001, Elapsed time: 0:25:21, Estimated time left: 0:10:54
2025-03-15 17:25:57,933 - INFO - Trial: 83/100, Epoch: 8/10, Val loss: 0.0001, Elapsed time: 0:28:59, Estimated time left: 0:07:16
2025-03-15 17:29:35,705 - INFO - Trial: 83/100, Epoch: 9/10, Val loss: 0.0001, Elapsed time: 0:32:36, Estimated time left: 0:03:37
2025-03-15 17:33:14,051 - INFO - Trial: 83/100, Epoch: 10/10, Val loss: 0.0001, Elapsed time: 0:36:15, Estimated time left: 0:00:00
2025-03-15 17:33:14,053 - INFO - Trial 82 finished with value: 0.0001416661330033465 and parameters: {'hidden_layers': 2, 'n_units_l': 150, 'lr': 4.2298012809649196e-05, 'batch_size': 31}. Best is trial 32 with value: 0.00014018414389617775.
2025-03-15 17:33:14,056 - INFO - Elapsed time: 200753.99 seconds
2025-03-15 17:33:14,057 - INFO - Estimated time left: 0.00 seconds
2025-03-15 17:36:43,430 - INFO - Trial: 84/100, Epoch: 1/10, Val loss: 0.0009, Elapsed time: 0:03:29, Estimated time left: 0:31:24
2025-03-15 17:40:08,575 - INFO - Trial: 84/100, Epoch: 2/10, Val loss: 0.0001, Elapsed time: 0:06:54, Estimated time left: 0:27:21
2025-03-15 17:43:33,869 - INFO - Trial: 84/100, Epoch: 3/10, Val loss: 0.0001, Elapsed time: 0:10:19, Estimated time left: 0:23:57
2025-03-15 17:47:00,100 - INFO - Trial: 84/100, Epoch: 4/10, Val loss: 0.0001, Elapsed time: 0:13:46, Estimated time left: 0:20:37
2025-03-15 17:50:25,661 - INFO - Trial: 84/100, Epoch: 5/10, Val loss: 0.0001, Elapsed time: 0:17:11, Estimated time left: 0:17:07
2025-03-15 17:53:51,051 - INFO - Trial: 84/100, Epoch: 6/10, Val loss: 0.0001, Elapsed time: 0:20:36, Estimated time left: 0:13:41
2025-03-15 17:57:16,440 - INFO - Trial: 84/100, Epoch: 7/10, Val loss: 0.0001, Elapsed time: 0:24:02, Estimated time left: 0:10:16
2025-03-15 18:00:42,302 - INFO - Trial: 84/100, Epoch: 8/10, Val loss: 0.0001, Elapsed time: 0:27:28, Estimated time left: 0:06:51
2025-03-15 18:04:07,985 - INFO - Trial: 84/100, Epoch: 9/10, Val loss: 0.0001, Elapsed time: 0:30:53, Estimated time left: 0:03:25
2025-03-15 18:07:33,612 - INFO - Trial: 84/100, Epoch: 10/10, Val loss: 0.0001, Elapsed time: 0:34:19, Estimated time left: 0:00:00
2025-03-15 18:07:33,614 - INFO - Trial 83 finished with value: 0.0001408762221213614 and parameters: {'hidden_layers': 1, 'n_units_l': 193, 'lr': 1.2589013544095246e-05, 'batch_size': 26}. Best is trial 32 with value: 0.00014018414389617775.
2025-03-15 18:07:33,618 - INFO - Elapsed time: 202813.55 seconds
2025-03-15 18:07:33,618 - INFO - Estimated time left: 0.00 seconds
2025-03-15 18:11:39,279 - INFO - Trial: 85/100, Epoch: 1/10, Val loss: 0.0005, Elapsed time: 0:04:05, Estimated time left: 0:36:50
2025-03-15 18:15:39,734 - INFO - Trial: 85/100, Epoch: 2/10, Val loss: 0.0001, Elapsed time: 0:08:06, Estimated time left: 0:32:03
2025-03-15 18:19:40,092 - INFO - Trial: 85/100, Epoch: 3/10, Val loss: 0.0001, Elapsed time: 0:12:06, Estimated time left: 0:28:02
2025-03-15 18:23:40,821 - INFO - Trial: 85/100, Epoch: 4/10, Val loss: 0.0001, Elapsed time: 0:16:07, Estimated time left: 0:24:04
2025-03-15 18:27:41,439 - INFO - Trial: 85/100, Epoch: 5/10, Val loss: 0.0001, Elapsed time: 0:20:07, Estimated time left: 0:20:03
2025-03-15 18:31:42,237 - INFO - Trial: 85/100, Epoch: 6/10, Val loss: 0.0001, Elapsed time: 0:24:08, Estimated time left: 0:16:03
2025-03-15 18:35:43,731 - INFO - Trial: 85/100, Epoch: 7/10, Val loss: 0.0001, Elapsed time: 0:28:10, Estimated time left: 0:12:04
2025-03-15 18:39:53,141 - INFO - Trial: 85/100, Epoch: 8/10, Val loss: 0.0001, Elapsed time: 0:32:19, Estimated time left: 0:08:18
2025-03-15 18:43:56,370 - INFO - Trial: 85/100, Epoch: 9/10, Val loss: 0.0001, Elapsed time: 0:36:22, Estimated time left: 0:04:03
2025-03-15 18:47:59,214 - INFO - Trial: 85/100, Epoch: 10/10, Val loss: 0.0001, Elapsed time: 0:40:25, Estimated time left: 0:00:00
2025-03-15 18:47:59,216 - INFO - Trial 84 finished with value: 0.00014206568508361197 and parameters: {'hidden_layers': 2, 'n_units_l': 307, 'lr': 2.675946652908063e-05, 'batch_size': 29}. Best is trial 32 with value: 0.00014018414389617775.
2025-03-15 18:47:59,220 - INFO - Elapsed time: 205239.15 seconds
2025-03-15 18:47:59,220 - INFO - Estimated time left: 0.00 seconds
2025-03-15 18:51:23,199 - INFO - Trial: 86/100, Epoch: 1/10, Val loss: 0.0005, Elapsed time: 0:03:23, Estimated time left: 0:30:35
2025-03-15 18:54:48,117 - INFO - Trial: 86/100, Epoch: 2/10, Val loss: 0.0001, Elapsed time: 0:06:48, Estimated time left: 0:27:19
2025-03-15 18:58:13,288 - INFO - Trial: 86/100, Epoch: 3/10, Val loss: 0.0001, Elapsed time: 0:10:14, Estimated time left: 0:23:56
2025-03-15 19:01:38,663 - INFO - Trial: 86/100, Epoch: 4/10, Val loss: 0.0001, Elapsed time: 0:13:39, Estimated time left: 0:20:32
2025-03-15 19:05:04,601 - INFO - Trial: 86/100, Epoch: 5/10, Val loss: 0.0001, Elapsed time: 0:17:05, Estimated time left: 0:17:09
2025-03-15 19:08:30,511 - INFO - Trial: 86/100, Epoch: 6/10, Val loss: 0.0001, Elapsed time: 0:20:31, Estimated time left: 0:13:43
2025-03-15 19:11:56,303 - INFO - Trial: 86/100, Epoch: 7/10, Val loss: 0.0001, Elapsed time: 0:23:57, Estimated time left: 0:10:17
2025-03-15 19:15:21,924 - INFO - Trial: 86/100, Epoch: 8/10, Val loss: 0.0001, Elapsed time: 0:27:22, Estimated time left: 0:06:51
2025-03-15 19:18:47,597 - INFO - Trial: 86/100, Epoch: 9/10, Val loss: 0.0001, Elapsed time: 0:30:48, Estimated time left: 0:03:25
2025-03-15 19:22:13,164 - INFO - Trial: 86/100, Epoch: 10/10, Val loss: 0.0001, Elapsed time: 0:34:13, Estimated time left: 0:00:00
2025-03-15 19:22:13,166 - INFO - Trial 85 finished with value: 0.00014368412118294924 and parameters: {'hidden_layers': 2, 'n_units_l': 251, 'lr': 3.26738967914407e-05, 'batch_size': 35}. Best is trial 32 with value: 0.00014018414389617775.
2025-03-15 19:22:13,169 - INFO - Elapsed time: 207293.10 seconds
2025-03-15 19:22:13,170 - INFO - Estimated time left: 0.00 seconds
2025-03-15 19:25:15,808 - INFO - Trial: 87/100, Epoch: 1/10, Val loss: 0.0062, Elapsed time: 0:03:02, Estimated time left: 0:27:23
2025-03-15 19:28:03,315 - INFO - Trial: 87/100, Epoch: 2/10, Val loss: 0.0001, Elapsed time: 0:05:50, Estimated time left: 0:22:20
2025-03-15 19:30:51,385 - INFO - Trial: 87/100, Epoch: 3/10, Val loss: 0.0001, Elapsed time: 0:08:38, Estimated time left: 0:19:36
2025-03-15 19:33:39,655 - INFO - Trial: 87/100, Epoch: 4/10, Val loss: 0.0001, Elapsed time: 0:11:26, Estimated time left: 0:16:49
2025-03-15 19:36:27,663 - INFO - Trial: 87/100, Epoch: 5/10, Val loss: 0.0001, Elapsed time: 0:14:14, Estimated time left: 0:14:00
2025-03-15 19:39:15,530 - INFO - Trial: 87/100, Epoch: 6/10, Val loss: 0.0001, Elapsed time: 0:17:02, Estimated time left: 0:11:11
2025-03-15 19:42:03,722 - INFO - Trial: 87/100, Epoch: 7/10, Val loss: 0.0001, Elapsed time: 0:19:50, Estimated time left: 0:08:24
2025-03-15 19:44:51,925 - INFO - Trial: 87/100, Epoch: 8/10, Val loss: 0.0001, Elapsed time: 0:22:38, Estimated time left: 0:05:36
2025-03-15 19:47:39,730 - INFO - Trial: 87/100, Epoch: 9/10, Val loss: 0.0001, Elapsed time: 0:25:26, Estimated time left: 0:02:47
2025-03-15 19:50:27,765 - INFO - Trial: 87/100, Epoch: 10/10, Val loss: 0.0001, Elapsed time: 0:28:14, Estimated time left: 0:00:00
2025-03-15 19:50:27,766 - INFO - Trial 86 finished with value: 0.00014146024257589418 and parameters: {'hidden_layers': 3, 'n_units_l': 184, 'lr': 1.846338279990997e-05, 'batch_size': 44}. Best is trial 32 with value: 0.00014018414389617775.
2025-03-15 19:50:27,770 - INFO - Elapsed time: 208987.70 seconds
2025-03-15 19:50:27,770 - INFO - Estimated time left: 0.00 seconds
2025-03-15 19:54:33,563 - INFO - Trial: 88/100, Epoch: 1/10, Val loss: 0.0009, Elapsed time: 0:04:05, Estimated time left: 0:36:52
2025-03-15 19:58:22,183 - INFO - Trial: 88/100, Epoch: 2/10, Val loss: 0.0002, Elapsed time: 0:07:54, Estimated time left: 0:30:28
2025-03-15 20:02:10,560 - INFO - Trial: 88/100, Epoch: 3/10, Val loss: 0.0002, Elapsed time: 0:11:42, Estimated time left: 0:26:38
2025-03-15 20:05:59,022 - INFO - Trial: 88/100, Epoch: 4/10, Val loss: 0.0001, Elapsed time: 0:15:31, Estimated time left: 0:22:50
2025-03-15 20:09:46,813 - INFO - Trial: 88/100, Epoch: 5/10, Val loss: 0.0002, Elapsed time: 0:19:19, Estimated time left: 0:18:58
2025-03-15 20:13:36,151 - INFO - Trial: 88/100, Epoch: 6/10, Val loss: 0.0002, Elapsed time: 0:23:08, Estimated time left: 0:15:17
2025-03-15 20:17:24,399 - INFO - Trial: 88/100, Epoch: 7/10, Val loss: 0.0001, Elapsed time: 0:26:56, Estimated time left: 0:11:24
2025-03-15 20:21:12,460 - INFO - Trial: 88/100, Epoch: 8/10, Val loss: 0.0002, Elapsed time: 0:30:44, Estimated time left: 0:07:36
2025-03-15 20:25:00,315 - INFO - Trial: 88/100, Epoch: 9/10, Val loss: 0.0002, Elapsed time: 0:34:32, Estimated time left: 0:03:47
2025-03-15 20:28:47,888 - INFO - Trial: 88/100, Epoch: 10/10, Val loss: 0.0002, Elapsed time: 0:38:20, Estimated time left: 0:00:00
2025-03-15 20:28:47,890 - INFO - Trial 87 finished with value: 0.00015058222333700868 and parameters: {'hidden_layers': 3, 'n_units_l': 226, 'lr': 0.0004463382867207462, 'batch_size': 33}. Best is trial 32 with value: 0.00014018414389617775.
2025-03-15 20:28:47,893 - INFO - Elapsed time: 211287.82 seconds
2025-03-15 20:28:47,894 - INFO - Estimated time left: 0.00 seconds
2025-03-15 20:32:34,385 - INFO - Trial: 89/100, Epoch: 1/10, Val loss: 0.0010, Elapsed time: 0:03:46, Estimated time left: 0:33:58
2025-03-15 20:36:16,658 - INFO - Trial: 89/100, Epoch: 2/10, Val loss: 0.0001, Elapsed time: 0:07:28, Estimated time left: 0:29:38
2025-03-15 20:39:58,337 - INFO - Trial: 89/100, Epoch: 3/10, Val loss: 0.0001, Elapsed time: 0:11:10, Estimated time left: 0:25:51
2025-03-15 20:43:40,312 - INFO - Trial: 89/100, Epoch: 4/10, Val loss: 0.0001, Elapsed time: 0:14:52, Estimated time left: 0:22:11
2025-03-15 20:47:22,471 - INFO - Trial: 89/100, Epoch: 5/10, Val loss: 0.0001, Elapsed time: 0:18:34, Estimated time left: 0:18:30
2025-03-15 20:51:03,934 - INFO - Trial: 89/100, Epoch: 6/10, Val loss: 0.0001, Elapsed time: 0:22:16, Estimated time left: 0:14:45
2025-03-15 20:54:45,391 - INFO - Trial: 89/100, Epoch: 7/10, Val loss: 0.0001, Elapsed time: 0:25:57, Estimated time left: 0:11:04
2025-03-15 20:58:27,115 - INFO - Trial: 89/100, Epoch: 8/10, Val loss: 0.0001, Elapsed time: 0:29:39, Estimated time left: 0:07:23
2025-03-15 21:02:08,849 - INFO - Trial: 89/100, Epoch: 9/10, Val loss: 0.0001, Elapsed time: 0:33:20, Estimated time left: 0:03:41
2025-03-15 21:05:50,623 - INFO - Trial: 89/100, Epoch: 10/10, Val loss: 0.0001, Elapsed time: 0:37:02, Estimated time left: 0:00:00
2025-03-15 21:05:50,625 - INFO - Trial 88 finished with value: 0.0001406903720951954 and parameters: {'hidden_layers': 1, 'n_units_l': 212, 'lr': 1.0369110318317935e-05, 'batch_size': 24}. Best is trial 32 with value: 0.00014018414389617775.
2025-03-15 21:05:50,629 - INFO - Elapsed time: 213510.56 seconds
2025-03-15 21:05:50,629 - INFO - Estimated time left: 0.00 seconds
2025-03-15 21:09:36,666 - INFO - Trial: 90/100, Epoch: 1/10, Val loss: 0.0008, Elapsed time: 0:03:46, Estimated time left: 0:33:54
2025-03-15 21:13:18,152 - INFO - Trial: 90/100, Epoch: 2/10, Val loss: 0.0001, Elapsed time: 0:07:27, Estimated time left: 0:29:31
2025-03-15 21:16:59,705 - INFO - Trial: 90/100, Epoch: 3/10, Val loss: 0.0001, Elapsed time: 0:11:09, Estimated time left: 0:25:50
2025-03-15 21:20:41,152 - INFO - Trial: 90/100, Epoch: 4/10, Val loss: 0.0001, Elapsed time: 0:14:50, Estimated time left: 0:22:08
2025-03-15 21:24:22,674 - INFO - Trial: 90/100, Epoch: 5/10, Val loss: 0.0001, Elapsed time: 0:18:32, Estimated time left: 0:18:27
2025-03-15 21:28:04,455 - INFO - Trial: 90/100, Epoch: 6/10, Val loss: 0.0001, Elapsed time: 0:22:13, Estimated time left: 0:14:47
2025-03-15 21:31:45,691 - INFO - Trial: 90/100, Epoch: 7/10, Val loss: 0.0001, Elapsed time: 0:25:55, Estimated time left: 0:11:03
2025-03-15 21:35:27,331 - INFO - Trial: 90/100, Epoch: 8/10, Val loss: 0.0001, Elapsed time: 0:29:36, Estimated time left: 0:07:23
2025-03-15 21:39:08,698 - INFO - Trial: 90/100, Epoch: 9/10, Val loss: 0.0001, Elapsed time: 0:33:18, Estimated time left: 0:03:41
2025-03-15 21:42:49,860 - INFO - Trial: 90/100, Epoch: 10/10, Val loss: 0.0001, Elapsed time: 0:36:59, Estimated time left: 0:00:00
