2025-03-13 09:47:11,620 - INFO - Is CUDA supported by this system?  True
2025-03-13 09:47:11,620 - INFO - Device: cuda
2025-03-13 09:47:19,174 - INFO -          X1        X2        X3        X4        X5        X6  ...   y_pred1   y_pred2   y_pred3   y_true1   y_true2   y_true3
2025-03-13 09:47:19,174 - INFO - 0  0.732306 -0.992647 -0.320013 -0.329058 -0.720854  1.000000  ...  0.347765  0.171499  2.044461  0.398771  0.005809  2.065116
2025-03-13 09:47:19,174 - INFO - 1 -0.205134 -0.052693 -1.000000  0.319864 -0.434506 -0.842401  ...  0.000074  0.729986  1.263952  0.000000  0.732248  1.264413
2025-03-13 09:47:19,174 - INFO - 2  0.256247 -0.114463 -1.000000 -0.299486 -0.040757 -0.767499  ...  0.666627  0.126739  0.955454  0.662106  0.118986  0.962054
2025-03-13 09:47:19,175 - INFO - 3 -0.452546 -0.982940 -0.831083 -0.431263  0.607103  0.327776  ... -0.000054  0.584681  1.497899  0.000000  0.587348  1.496357
2025-03-13 09:47:19,175 - INFO - 4  0.641540  0.635521 -0.251229 -1.000000 -0.738418 -0.910969  ...  0.345523  0.007594  1.650668  0.347786  0.004172  1.654885
2025-03-13 09:47:19,175 - INFO - 
2025-03-13 09:47:19,175 - INFO - [5 rows x 15 columns]
2025-03-13 09:47:19,175 - INFO - [ 0.73230565 -0.99264687 -0.32001287 -0.32905796 -0.72085387  1.
2025-03-13 09:47:19,176 - INFO -   0.95545655 -0.95514053 -0.01145177  0.34776479  0.17149897  2.04446077]
2025-03-13 09:47:19,176 - INFO - [0.39877117 0.00580946 2.06511593]
2025-03-13 09:47:20,066 - INFO - A new study created in memory with name: no-name-3a1ff545-2a53-481d-9861-89f75f1e43f0
2025-03-13 09:52:54,450 - INFO - Trial: 1/100, Epoch: 1/10, Val loss: 0.0013, Elapsed time: 0:05:33, Estimated time left: 0:50:03
2025-03-13 09:58:03,184 - INFO - Trial: 1/100, Epoch: 2/10, Val loss: 0.0002, Elapsed time: 0:10:42, Estimated time left: 0:41:09
2025-03-13 10:03:10,960 - INFO - Trial: 1/100, Epoch: 3/10, Val loss: 0.0002, Elapsed time: 0:15:50, Estimated time left: 0:35:54
2025-03-13 10:08:18,662 - INFO - Trial: 1/100, Epoch: 4/10, Val loss: 0.0001, Elapsed time: 0:20:57, Estimated time left: 0:30:46
2025-03-13 10:13:26,790 - INFO - Trial: 1/100, Epoch: 5/10, Val loss: 0.0001, Elapsed time: 0:26:06, Estimated time left: 0:25:40
2025-03-13 10:18:34,795 - INFO - Trial: 1/100, Epoch: 6/10, Val loss: 0.0001, Elapsed time: 0:31:14, Estimated time left: 0:20:32
2025-03-13 10:23:42,666 - INFO - Trial: 1/100, Epoch: 7/10, Val loss: 0.0001, Elapsed time: 0:36:21, Estimated time left: 0:15:23
2025-03-13 10:28:50,488 - INFO - Trial: 1/100, Epoch: 8/10, Val loss: 0.0001, Elapsed time: 0:41:29, Estimated time left: 0:10:15
2025-03-13 10:33:58,292 - INFO - Trial: 1/100, Epoch: 9/10, Val loss: 0.0001, Elapsed time: 0:46:37, Estimated time left: 0:05:07
2025-03-13 10:39:06,304 - INFO - Trial: 1/100, Epoch: 10/10, Val loss: 0.0001, Elapsed time: 0:51:45, Estimated time left: 0:00:00
2025-03-13 10:39:06,309 - INFO - Trial 0 finished with value: 0.00014372961782646145 and parameters: {'hidden_layers': 3, 'n_units_l': 218, 'lr': 0.00011369832312720989, 'batch_size': 24}. Best is trial 0 with value: 0.00014372961782646145.
2025-03-13 10:39:06,309 - INFO - Elapsed time: 3106.24 seconds
2025-03-13 10:39:06,309 - INFO - Estimated time left: 0.00 seconds
2025-03-13 10:45:35,873 - INFO - Trial: 2/100, Epoch: 1/10, Val loss: 0.0070, Elapsed time: 0:06:29, Estimated time left: 0:58:25
2025-03-13 10:51:24,080 - INFO - Trial: 2/100, Epoch: 2/10, Val loss: 0.0002, Elapsed time: 0:12:17, Estimated time left: 0:46:25
2025-03-13 10:57:11,592 - INFO - Trial: 2/100, Epoch: 3/10, Val loss: 0.0002, Elapsed time: 0:18:05, Estimated time left: 0:40:32
2025-03-13 11:02:59,367 - INFO - Trial: 2/100, Epoch: 4/10, Val loss: 0.0002, Elapsed time: 0:23:53, Estimated time left: 0:34:46
2025-03-13 11:08:48,540 - INFO - Trial: 2/100, Epoch: 5/10, Val loss: 0.0002, Elapsed time: 0:29:42, Estimated time left: 0:29:05
2025-03-13 11:14:36,700 - INFO - Trial: 2/100, Epoch: 6/10, Val loss: 0.0002, Elapsed time: 0:35:30, Estimated time left: 0:23:12
2025-03-13 11:20:24,568 - INFO - Trial: 2/100, Epoch: 7/10, Val loss: 0.0002, Elapsed time: 0:41:18, Estimated time left: 0:17:23
2025-03-13 11:26:12,182 - INFO - Trial: 2/100, Epoch: 8/10, Val loss: 0.0002, Elapsed time: 0:47:05, Estimated time left: 0:11:35
2025-03-13 11:31:59,976 - INFO - Trial: 2/100, Epoch: 9/10, Val loss: 0.0002, Elapsed time: 0:52:53, Estimated time left: 0:05:47
2025-03-13 11:37:47,863 - INFO - Trial: 2/100, Epoch: 10/10, Val loss: 0.0002, Elapsed time: 0:58:41, Estimated time left: 0:00:00
2025-03-13 11:37:47,865 - INFO - Trial 1 finished with value: 0.00015539039430415984 and parameters: {'hidden_layers': 7, 'n_units_l': 422, 'lr': 0.0007182278498940726, 'batch_size': 31}. Best is trial 0 with value: 0.00014372961782646145.
2025-03-13 11:37:47,865 - INFO - Elapsed time: 6627.80 seconds
2025-03-13 11:37:47,866 - INFO - Estimated time left: 0.00 seconds
2025-03-13 11:46:42,286 - INFO - Trial: 3/100, Epoch: 1/10, Val loss: 0.0068, Elapsed time: 0:08:54, Estimated time left: 1:20:09
2025-03-13 11:54:33,280 - INFO - Trial: 3/100, Epoch: 2/10, Val loss: 0.0002, Elapsed time: 0:16:45, Estimated time left: 1:02:47
2025-03-13 12:02:24,976 - INFO - Trial: 3/100, Epoch: 3/10, Val loss: 0.0002, Elapsed time: 0:24:37, Estimated time left: 0:55:01
2025-03-13 12:10:17,004 - INFO - Trial: 3/100, Epoch: 4/10, Val loss: 0.0002, Elapsed time: 0:32:29, Estimated time left: 0:47:12
2025-03-13 12:18:08,532 - INFO - Trial: 3/100, Epoch: 5/10, Val loss: 0.0002, Elapsed time: 0:40:20, Estimated time left: 0:39:17
2025-03-13 12:25:59,355 - INFO - Trial: 3/100, Epoch: 6/10, Val loss: 0.0002, Elapsed time: 0:48:11, Estimated time left: 0:31:23
2025-03-13 12:33:50,000 - INFO - Trial: 3/100, Epoch: 7/10, Val loss: 0.0002, Elapsed time: 0:56:02, Estimated time left: 0:23:31
2025-03-13 12:41:42,171 - INFO - Trial: 3/100, Epoch: 8/10, Val loss: 0.0002, Elapsed time: 1:03:54, Estimated time left: 0:15:44
2025-03-13 12:49:33,796 - INFO - Trial: 3/100, Epoch: 9/10, Val loss: 0.0001, Elapsed time: 1:11:45, Estimated time left: 0:07:51
2025-03-13 12:57:25,806 - INFO - Trial: 3/100, Epoch: 10/10, Val loss: 0.0002, Elapsed time: 1:19:37, Estimated time left: 0:00:00
2025-03-13 12:57:25,808 - INFO - Trial 2 finished with value: 0.00015966615918445477 and parameters: {'hidden_layers': 8, 'n_units_l': 150, 'lr': 0.00013977920564206537, 'batch_size': 22}. Best is trial 0 with value: 0.00014372961782646145.
2025-03-13 12:57:25,808 - INFO - Elapsed time: 11405.74 seconds
2025-03-13 12:57:25,808 - INFO - Estimated time left: 0.00 seconds
2025-03-13 13:00:52,966 - INFO - Trial: 4/100, Epoch: 1/10, Val loss: 0.0384, Elapsed time: 0:03:27, Estimated time left: 0:31:04
2025-03-13 13:04:09,069 - INFO - Trial: 4/100, Epoch: 2/10, Val loss: 0.0002, Elapsed time: 0:06:43, Estimated time left: 0:26:08
2025-03-13 13:07:24,975 - INFO - Trial: 4/100, Epoch: 3/10, Val loss: 0.0002, Elapsed time: 0:09:59, Estimated time left: 0:22:51
2025-03-13 13:10:40,822 - INFO - Trial: 4/100, Epoch: 4/10, Val loss: 0.0002, Elapsed time: 0:13:15, Estimated time left: 0:19:35
2025-03-13 13:13:56,955 - INFO - Trial: 4/100, Epoch: 5/10, Val loss: 0.0002, Elapsed time: 0:16:31, Estimated time left: 0:16:20
2025-03-13 13:17:13,059 - INFO - Trial: 4/100, Epoch: 6/10, Val loss: 0.0002, Elapsed time: 0:19:47, Estimated time left: 0:13:04
2025-03-13 13:20:29,896 - INFO - Trial: 4/100, Epoch: 7/10, Val loss: 0.0002, Elapsed time: 0:23:04, Estimated time left: 0:09:50
2025-03-13 13:23:45,960 - INFO - Trial: 4/100, Epoch: 8/10, Val loss: 0.0002, Elapsed time: 0:26:20, Estimated time left: 0:06:32
2025-03-13 13:27:01,990 - INFO - Trial: 4/100, Epoch: 9/10, Val loss: 0.0002, Elapsed time: 0:29:36, Estimated time left: 0:03:16
2025-03-13 13:30:18,023 - INFO - Trial: 4/100, Epoch: 10/10, Val loss: 0.0002, Elapsed time: 0:32:52, Estimated time left: 0:00:00
2025-03-13 13:30:18,025 - INFO - Trial 3 finished with value: 0.00021100188452425673 and parameters: {'hidden_layers': 4, 'n_units_l': 341, 'lr': 0.006185682954621651, 'batch_size': 51}. Best is trial 0 with value: 0.00014372961782646145.
2025-03-13 13:30:18,025 - INFO - Elapsed time: 13377.96 seconds
2025-03-13 13:30:18,026 - INFO - Estimated time left: 0.00 seconds
2025-03-13 13:33:20,853 - INFO - Trial: 5/100, Epoch: 1/10, Val loss: 0.0011, Elapsed time: 0:03:02, Estimated time left: 0:27:25
2025-03-13 13:36:19,183 - INFO - Trial: 5/100, Epoch: 2/10, Val loss: 0.0002, Elapsed time: 0:06:01, Estimated time left: 0:23:46
2025-03-13 13:39:15,963 - INFO - Trial: 5/100, Epoch: 3/10, Val loss: 0.0002, Elapsed time: 0:08:57, Estimated time left: 0:20:37
2025-03-13 13:42:13,835 - INFO - Trial: 5/100, Epoch: 4/10, Val loss: 0.0002, Elapsed time: 0:11:55, Estimated time left: 0:17:47
2025-03-13 13:45:10,492 - INFO - Trial: 5/100, Epoch: 5/10, Val loss: 0.0002, Elapsed time: 0:14:52, Estimated time left: 0:14:43
2025-03-13 13:48:06,898 - INFO - Trial: 5/100, Epoch: 6/10, Val loss: 0.0002, Elapsed time: 0:17:48, Estimated time left: 0:11:45
2025-03-13 13:51:03,695 - INFO - Trial: 5/100, Epoch: 7/10, Val loss: 0.0002, Elapsed time: 0:20:45, Estimated time left: 0:08:50
2025-03-13 13:54:00,576 - INFO - Trial: 5/100, Epoch: 8/10, Val loss: 0.0002, Elapsed time: 0:23:42, Estimated time left: 0:05:53
2025-03-13 13:56:57,447 - INFO - Trial: 5/100, Epoch: 9/10, Val loss: 0.0002, Elapsed time: 0:26:39, Estimated time left: 0:02:56
2025-03-13 13:59:54,169 - INFO - Trial: 5/100, Epoch: 10/10, Val loss: 0.0002, Elapsed time: 0:29:36, Estimated time left: 0:00:00
2025-03-13 13:59:54,170 - INFO - Trial 4 finished with value: 0.00015675873795413764 and parameters: {'hidden_layers': 1, 'n_units_l': 446, 'lr': 0.005727489304200709, 'batch_size': 32}. Best is trial 0 with value: 0.00014372961782646145.
2025-03-13 13:59:54,171 - INFO - Elapsed time: 15154.10 seconds
2025-03-13 13:59:54,171 - INFO - Estimated time left: 0.00 seconds
2025-03-13 14:10:28,396 - INFO - Trial: 6/100, Epoch: 1/10, Val loss: 0.1190, Elapsed time: 0:10:34, Estimated time left: 1:35:07
2025-03-13 14:19:27,832 - INFO - Trial: 6/100, Epoch: 2/10, Val loss: 0.0112, Elapsed time: 0:19:33, Estimated time left: 1:11:55
2025-03-13 14:28:28,213 - INFO - Trial: 6/100, Epoch: 3/10, Val loss: 0.0099, Elapsed time: 0:28:34, Estimated time left: 1:03:02
2025-03-13 14:37:27,649 - INFO - Trial: 6/100, Epoch: 4/10, Val loss: 0.0395, Elapsed time: 0:37:33, Estimated time left: 0:53:56
2025-03-13 14:46:26,902 - INFO - Trial: 6/100, Epoch: 5/10, Val loss: 0.0113, Elapsed time: 0:46:32, Estimated time left: 0:44:56
2025-03-13 14:55:25,995 - INFO - Trial: 6/100, Epoch: 6/10, Val loss: 0.0113, Elapsed time: 0:55:31, Estimated time left: 0:35:56
2025-03-13 15:04:25,453 - INFO - Trial: 6/100, Epoch: 7/10, Val loss: 0.0393, Elapsed time: 1:04:31, Estimated time left: 0:26:58
2025-03-13 15:13:25,040 - INFO - Trial: 6/100, Epoch: 8/10, Val loss: 0.0114, Elapsed time: 1:13:30, Estimated time left: 0:17:59
2025-03-13 15:22:24,380 - INFO - Trial: 6/100, Epoch: 9/10, Val loss: 0.0115, Elapsed time: 1:22:30, Estimated time left: 0:08:59
2025-03-13 15:31:23,857 - INFO - Trial: 6/100, Epoch: 10/10, Val loss: 0.0138, Elapsed time: 1:31:29, Estimated time left: 0:00:00
2025-03-13 15:31:23,859 - INFO - Trial 5 finished with value: 0.013842991274577204 and parameters: {'hidden_layers': 8, 'n_units_l': 189, 'lr': 0.0020055011868982454, 'batch_size': 20}. Best is trial 0 with value: 0.00014372961782646145.
2025-03-13 15:31:23,860 - INFO - Elapsed time: 20643.79 seconds
2025-03-13 15:31:23,860 - INFO - Estimated time left: 0.00 seconds
2025-03-13 15:33:06,353 - INFO - Trial: 7/100, Epoch: 1/10, Val loss: 0.1449, Elapsed time: 0:01:42, Estimated time left: 0:15:22
2025-03-13 15:34:41,378 - INFO - Trial: 7/100, Epoch: 2/10, Val loss: 0.1456, Elapsed time: 0:03:17, Estimated time left: 0:12:40
2025-03-13 15:36:16,377 - INFO - Trial: 7/100, Epoch: 3/10, Val loss: 0.1451, Elapsed time: 0:04:52, Estimated time left: 0:11:04
2025-03-13 15:37:51,649 - INFO - Trial: 7/100, Epoch: 4/10, Val loss: 0.1465, Elapsed time: 0:06:27, Estimated time left: 0:09:31
2025-03-13 15:39:26,803 - INFO - Trial: 7/100, Epoch: 5/10, Val loss: 0.1452, Elapsed time: 0:08:02, Estimated time left: 0:07:55
2025-03-13 15:41:02,032 - INFO - Trial: 7/100, Epoch: 6/10, Val loss: 0.1450, Elapsed time: 0:09:38, Estimated time left: 0:06:20
2025-03-13 15:42:37,208 - INFO - Trial: 7/100, Epoch: 7/10, Val loss: 0.1452, Elapsed time: 0:11:13, Estimated time left: 0:04:45
2025-03-13 15:44:12,446 - INFO - Trial: 7/100, Epoch: 8/10, Val loss: 0.1449, Elapsed time: 0:12:48, Estimated time left: 0:03:10
2025-03-13 15:45:47,552 - INFO - Trial: 7/100, Epoch: 9/10, Val loss: 0.1449, Elapsed time: 0:14:23, Estimated time left: 0:01:35
2025-03-13 15:47:22,739 - INFO - Trial: 7/100, Epoch: 10/10, Val loss: 0.1448, Elapsed time: 0:15:58, Estimated time left: 0:00:00
2025-03-13 15:47:22,740 - INFO - Trial 6 finished with value: 0.1448252870986038 and parameters: {'hidden_layers': 7, 'n_units_l': 196, 'lr': 0.020736407400937976, 'batch_size': 135}. Best is trial 0 with value: 0.00014372961782646145.
2025-03-13 15:47:22,741 - INFO - Elapsed time: 21602.67 seconds
2025-03-13 15:47:22,741 - INFO - Estimated time left: 0.00 seconds
2025-03-13 15:52:15,581 - INFO - Trial: 8/100, Epoch: 1/10, Val loss: 0.0085, Elapsed time: 0:04:52, Estimated time left: 0:43:55
2025-03-13 15:56:44,594 - INFO - Trial: 8/100, Epoch: 2/10, Val loss: 0.0001, Elapsed time: 0:09:21, Estimated time left: 0:35:52
2025-03-13 16:01:13,998 - INFO - Trial: 8/100, Epoch: 3/10, Val loss: 0.0001, Elapsed time: 0:13:51, Estimated time left: 0:31:25
2025-03-13 16:05:42,645 - INFO - Trial: 8/100, Epoch: 4/10, Val loss: 0.0001, Elapsed time: 0:18:19, Estimated time left: 0:26:51
2025-03-13 16:10:09,290 - INFO - Trial: 8/100, Epoch: 5/10, Val loss: 0.0001, Elapsed time: 0:22:46, Estimated time left: 0:22:13
2025-03-13 16:14:37,673 - INFO - Trial: 8/100, Epoch: 6/10, Val loss: 0.0001, Elapsed time: 0:27:14, Estimated time left: 0:17:53
2025-03-13 16:19:05,548 - INFO - Trial: 8/100, Epoch: 7/10, Val loss: 0.0001, Elapsed time: 0:31:42, Estimated time left: 0:13:23
2025-03-13 16:23:35,303 - INFO - Trial: 8/100, Epoch: 8/10, Val loss: 0.0001, Elapsed time: 0:36:12, Estimated time left: 0:08:59
2025-03-13 16:28:04,768 - INFO - Trial: 8/100, Epoch: 9/10, Val loss: 0.0001, Elapsed time: 0:40:42, Estimated time left: 0:04:29
2025-03-13 16:32:34,265 - INFO - Trial: 8/100, Epoch: 10/10, Val loss: 0.0001, Elapsed time: 0:45:11, Estimated time left: 0:00:00
2025-03-13 16:32:34,267 - INFO - Trial 7 finished with value: 0.00014108776591566338 and parameters: {'hidden_layers': 3, 'n_units_l': 139, 'lr': 1.0405086132773886e-05, 'batch_size': 26}. Best is trial 7 with value: 0.00014108776591566338.
2025-03-13 16:32:34,268 - INFO - Elapsed time: 24314.20 seconds
2025-03-13 16:32:34,268 - INFO - Estimated time left: 0.00 seconds
2025-03-13 16:33:54,095 - INFO - Trial: 9/100, Epoch: 1/10, Val loss: 0.1069, Elapsed time: 0:01:19, Estimated time left: 0:11:58
2025-03-13 16:35:10,868 - INFO - Trial: 9/100, Epoch: 2/10, Val loss: 0.1451, Elapsed time: 0:02:36, Estimated time left: 0:10:14
2025-03-13 16:36:27,489 - INFO - Trial: 9/100, Epoch: 3/10, Val loss: 0.1448, Elapsed time: 0:03:53, Estimated time left: 0:08:56
2025-03-13 16:37:44,209 - INFO - Trial: 9/100, Epoch: 4/10, Val loss: 0.1449, Elapsed time: 0:05:09, Estimated time left: 0:07:40
2025-03-13 16:39:00,795 - INFO - Trial: 9/100, Epoch: 5/10, Val loss: 0.1449, Elapsed time: 0:06:26, Estimated time left: 0:06:22
2025-03-13 16:40:17,585 - INFO - Trial: 9/100, Epoch: 6/10, Val loss: 0.1451, Elapsed time: 0:07:43, Estimated time left: 0:05:07
2025-03-13 16:41:34,187 - INFO - Trial: 9/100, Epoch: 7/10, Val loss: 0.1449, Elapsed time: 0:08:59, Estimated time left: 0:03:49
2025-03-13 16:42:50,995 - INFO - Trial: 9/100, Epoch: 8/10, Val loss: 0.1448, Elapsed time: 0:10:16, Estimated time left: 0:02:33
2025-03-13 16:44:07,721 - INFO - Trial: 9/100, Epoch: 9/10, Val loss: 0.1450, Elapsed time: 0:11:33, Estimated time left: 0:01:16
2025-03-13 16:45:24,477 - INFO - Trial: 9/100, Epoch: 10/10, Val loss: 0.1448, Elapsed time: 0:12:50, Estimated time left: 0:00:00
2025-03-13 16:45:24,479 - INFO - Trial 8 finished with value: 0.14479723515737888 and parameters: {'hidden_layers': 6, 'n_units_l': 178, 'lr': 0.010586739382116734, 'batch_size': 176}. Best is trial 7 with value: 0.00014108776591566338.
2025-03-13 16:45:24,479 - INFO - Elapsed time: 25084.41 seconds
2025-03-13 16:45:24,480 - INFO - Estimated time left: 0.00 seconds
2025-03-13 16:53:25,035 - INFO - Trial: 10/100, Epoch: 1/10, Val loss: 0.0274, Elapsed time: 0:08:00, Estimated time left: 1:12:04
2025-03-13 16:59:11,859 - INFO - Trial: 10/100, Epoch: 2/10, Val loss: 0.0002, Elapsed time: 0:13:47, Estimated time left: 0:46:14
2025-03-13 17:05:00,501 - INFO - Trial: 10/100, Epoch: 3/10, Val loss: 0.0002, Elapsed time: 0:19:36, Estimated time left: 0:40:40
2025-03-13 17:10:49,849 - INFO - Trial: 10/100, Epoch: 4/10, Val loss: 0.0001, Elapsed time: 0:25:25, Estimated time left: 0:34:56
2025-03-13 17:16:38,497 - INFO - Trial: 10/100, Epoch: 5/10, Val loss: 0.0002, Elapsed time: 0:31:14, Estimated time left: 0:29:03
2025-03-13 17:22:27,824 - INFO - Trial: 10/100, Epoch: 6/10, Val loss: 0.0001, Elapsed time: 0:37:03, Estimated time left: 0:23:17
2025-03-13 17:28:17,777 - INFO - Trial: 10/100, Epoch: 7/10, Val loss: 0.0001, Elapsed time: 0:42:53, Estimated time left: 0:17:29
2025-03-13 17:34:06,290 - INFO - Trial: 10/100, Epoch: 8/10, Val loss: 0.0001, Elapsed time: 0:48:41, Estimated time left: 0:11:37
2025-03-13 17:39:57,252 - INFO - Trial: 10/100, Epoch: 9/10, Val loss: 0.0001, Elapsed time: 0:54:32, Estimated time left: 0:05:50
2025-03-13 17:45:46,847 - INFO - Trial: 10/100, Epoch: 10/10, Val loss: 0.0001, Elapsed time: 1:00:22, Estimated time left: 0:00:00
2025-03-13 17:45:46,849 - INFO - Trial 9 finished with value: 0.0001433157278445562 and parameters: {'hidden_layers': 8, 'n_units_l': 325, 'lr': 1.555897355057325e-05, 'batch_size': 33}. Best is trial 7 with value: 0.00014108776591566338.
2025-03-13 17:45:46,850 - INFO - Elapsed time: 28706.78 seconds
2025-03-13 17:45:46,850 - INFO - Estimated time left: 0.00 seconds
2025-03-13 17:47:20,855 - INFO - Trial: 11/100, Epoch: 1/10, Val loss: 0.0418, Elapsed time: 0:01:33, Estimated time left: 0:14:05
2025-03-13 17:48:54,774 - INFO - Trial: 11/100, Epoch: 2/10, Val loss: 0.0007, Elapsed time: 0:03:07, Estimated time left: 0:12:31
2025-03-13 17:50:28,698 - INFO - Trial: 11/100, Epoch: 3/10, Val loss: 0.0010, Elapsed time: 0:04:41, Estimated time left: 0:10:57
2025-03-13 17:52:02,634 - INFO - Trial: 11/100, Epoch: 4/10, Val loss: 0.0047, Elapsed time: 0:06:15, Estimated time left: 0:09:23
2025-03-13 17:53:36,632 - INFO - Trial: 11/100, Epoch: 5/10, Val loss: 0.0004, Elapsed time: 0:07:49, Estimated time left: 0:07:49
2025-03-13 17:55:10,530 - INFO - Trial: 11/100, Epoch: 6/10, Val loss: 0.0009, Elapsed time: 0:09:23, Estimated time left: 0:06:15
2025-03-13 17:56:44,509 - INFO - Trial: 11/100, Epoch: 7/10, Val loss: 0.0007, Elapsed time: 0:10:57, Estimated time left: 0:04:41
2025-03-13 17:58:18,443 - INFO - Trial: 11/100, Epoch: 8/10, Val loss: 0.0009, Elapsed time: 0:12:31, Estimated time left: 0:03:07
2025-03-13 17:59:52,442 - INFO - Trial: 11/100, Epoch: 9/10, Val loss: 0.0007, Elapsed time: 0:14:05, Estimated time left: 0:01:33
2025-03-13 18:01:26,304 - INFO - Trial: 11/100, Epoch: 10/10, Val loss: 0.0013, Elapsed time: 0:15:39, Estimated time left: 0:00:00
2025-03-13 18:01:26,306 - INFO - Trial 10 finished with value: 0.0013305858378488515 and parameters: {'hidden_layers': 1, 'n_units_l': 130, 'lr': 0.09154107435876674, 'batch_size': 71}. Best is trial 7 with value: 0.00014108776591566338.
2025-03-13 18:01:26,306 - INFO - Elapsed time: 29646.24 seconds
2025-03-13 18:01:26,307 - INFO - Estimated time left: 0.00 seconds
2025-03-13 18:04:18,768 - INFO - Trial: 12/100, Epoch: 1/10, Val loss: 0.0142, Elapsed time: 0:02:52, Estimated time left: 0:25:52
2025-03-13 18:06:57,419 - INFO - Trial: 12/100, Epoch: 2/10, Val loss: 0.0002, Elapsed time: 0:05:31, Estimated time left: 0:21:09
2025-03-13 18:09:36,444 - INFO - Trial: 12/100, Epoch: 3/10, Val loss: 0.0001, Elapsed time: 0:08:10, Estimated time left: 0:18:33
2025-03-13 18:12:16,796 - INFO - Trial: 12/100, Epoch: 4/10, Val loss: 0.0001, Elapsed time: 0:10:50, Estimated time left: 0:16:02
2025-03-13 18:14:55,515 - INFO - Trial: 12/100, Epoch: 5/10, Val loss: 0.0001, Elapsed time: 0:13:29, Estimated time left: 0:13:13
2025-03-13 18:17:34,147 - INFO - Trial: 12/100, Epoch: 6/10, Val loss: 0.0001, Elapsed time: 0:16:07, Estimated time left: 0:10:34
2025-03-13 18:20:12,651 - INFO - Trial: 12/100, Epoch: 7/10, Val loss: 0.0001, Elapsed time: 0:18:46, Estimated time left: 0:07:55
2025-03-13 18:22:51,159 - INFO - Trial: 12/100, Epoch: 8/10, Val loss: 0.0001, Elapsed time: 0:21:24, Estimated time left: 0:05:17
2025-03-13 18:25:29,553 - INFO - Trial: 12/100, Epoch: 9/10, Val loss: 0.0001, Elapsed time: 0:24:03, Estimated time left: 0:02:38
2025-03-13 18:28:08,279 - INFO - Trial: 12/100, Epoch: 10/10, Val loss: 0.0001, Elapsed time: 0:26:41, Estimated time left: 0:00:00
