2025-03-13 18:28:08,280 - INFO - Trial 11 finished with value: 0.0001407574790652263 and parameters: {'hidden_layers': 3, 'n_units_l': 289, 'lr': 1.362945420944685e-05, 'batch_size': 51}. Best is trial 11 with value: 0.0001407574790652263.
2025-03-13 18:28:08,281 - INFO - Elapsed time: 31248.21 seconds
2025-03-13 18:28:08,281 - INFO - Estimated time left: 0.00 seconds
2025-03-13 18:30:24,980 - INFO - Trial: 13/100, Epoch: 1/10, Val loss: 0.0218, Elapsed time: 0:02:16, Estimated time left: 0:20:30
2025-03-13 18:32:29,977 - INFO - Trial: 13/100, Epoch: 2/10, Val loss: 0.0002, Elapsed time: 0:04:21, Estimated time left: 0:16:39
2025-03-13 18:34:34,923 - INFO - Trial: 13/100, Epoch: 3/10, Val loss: 0.0002, Elapsed time: 0:06:26, Estimated time left: 0:14:34
2025-03-13 18:36:40,688 - INFO - Trial: 13/100, Epoch: 4/10, Val loss: 0.0001, Elapsed time: 0:08:32, Estimated time left: 0:12:34
2025-03-13 18:38:46,014 - INFO - Trial: 13/100, Epoch: 5/10, Val loss: 0.0001, Elapsed time: 0:10:37, Estimated time left: 0:10:26
2025-03-13 18:40:50,885 - INFO - Trial: 13/100, Epoch: 6/10, Val loss: 0.0001, Elapsed time: 0:12:42, Estimated time left: 0:08:19
2025-03-13 18:42:55,728 - INFO - Trial: 13/100, Epoch: 7/10, Val loss: 0.0001, Elapsed time: 0:14:47, Estimated time left: 0:06:14
2025-03-13 18:45:00,409 - INFO - Trial: 13/100, Epoch: 8/10, Val loss: 0.0001, Elapsed time: 0:16:52, Estimated time left: 0:04:09
2025-03-13 18:47:05,433 - INFO - Trial: 13/100, Epoch: 9/10, Val loss: 0.0001, Elapsed time: 0:18:57, Estimated time left: 0:02:05
2025-03-13 18:49:10,611 - INFO - Trial: 13/100, Epoch: 10/10, Val loss: 0.0001, Elapsed time: 0:21:02, Estimated time left: 0:00:00
2025-03-13 18:49:10,612 - INFO - Trial 12 finished with value: 0.0001418998809866545 and parameters: {'hidden_layers': 3, 'n_units_l': 271, 'lr': 1.0049496645777817e-05, 'batch_size': 70}. Best is trial 11 with value: 0.0001407574790652263.
2025-03-13 18:49:10,613 - INFO - Elapsed time: 32510.55 seconds
2025-03-13 18:49:10,613 - INFO - Estimated time left: 0.00 seconds
2025-03-13 18:52:21,110 - INFO - Trial: 14/100, Epoch: 1/10, Val loss: 0.0022, Elapsed time: 0:03:10, Estimated time left: 0:28:34
2025-03-13 18:55:14,709 - INFO - Trial: 14/100, Epoch: 2/10, Val loss: 0.0001, Elapsed time: 0:06:04, Estimated time left: 0:23:08
2025-03-13 18:58:09,469 - INFO - Trial: 14/100, Epoch: 3/10, Val loss: 0.0001, Elapsed time: 0:08:58, Estimated time left: 0:20:23
2025-03-13 19:01:04,188 - INFO - Trial: 14/100, Epoch: 4/10, Val loss: 0.0001, Elapsed time: 0:11:53, Estimated time left: 0:17:28
2025-03-13 19:03:59,627 - INFO - Trial: 14/100, Epoch: 5/10, Val loss: 0.0001, Elapsed time: 0:14:49, Estimated time left: 0:14:37
2025-03-13 19:06:55,615 - INFO - Trial: 14/100, Epoch: 6/10, Val loss: 0.0001, Elapsed time: 0:17:44, Estimated time left: 0:11:43
2025-03-13 19:09:51,175 - INFO - Trial: 14/100, Epoch: 7/10, Val loss: 0.0001, Elapsed time: 0:20:40, Estimated time left: 0:08:46
2025-03-13 19:12:47,776 - INFO - Trial: 14/100, Epoch: 8/10, Val loss: 0.0001, Elapsed time: 0:23:37, Estimated time left: 0:05:53
2025-03-13 19:15:43,933 - INFO - Trial: 14/100, Epoch: 9/10, Val loss: 0.0001, Elapsed time: 0:26:33, Estimated time left: 0:02:56
2025-03-13 19:18:39,865 - INFO - Trial: 14/100, Epoch: 10/10, Val loss: 0.0001, Elapsed time: 0:29:29, Estimated time left: 0:00:00
2025-03-13 19:18:39,866 - INFO - Trial 13 finished with value: 0.00014353685008273694 and parameters: {'hidden_layers': 3, 'n_units_l': 269, 'lr': 3.723326317442462e-05, 'batch_size': 46}. Best is trial 11 with value: 0.0001407574790652263.
2025-03-13 19:18:39,867 - INFO - Elapsed time: 34279.80 seconds
2025-03-13 19:18:39,867 - INFO - Estimated time left: 0.00 seconds
2025-03-13 19:20:45,310 - INFO - Trial: 15/100, Epoch: 1/10, Val loss: 0.0029, Elapsed time: 0:02:05, Estimated time left: 0:18:48
2025-03-13 19:22:46,273 - INFO - Trial: 15/100, Epoch: 2/10, Val loss: 0.0001, Elapsed time: 0:04:06, Estimated time left: 0:16:07
2025-03-13 19:24:47,898 - INFO - Trial: 15/100, Epoch: 3/10, Val loss: 0.0002, Elapsed time: 0:06:08, Estimated time left: 0:14:11
2025-03-13 19:26:49,787 - INFO - Trial: 15/100, Epoch: 4/10, Val loss: 0.0001, Elapsed time: 0:08:09, Estimated time left: 0:12:11
2025-03-13 19:28:51,668 - INFO - Trial: 15/100, Epoch: 5/10, Val loss: 0.0001, Elapsed time: 0:10:11, Estimated time left: 0:10:09
2025-03-13 19:30:53,470 - INFO - Trial: 15/100, Epoch: 6/10, Val loss: 0.0001, Elapsed time: 0:12:13, Estimated time left: 0:08:07
2025-03-13 19:32:55,247 - INFO - Trial: 15/100, Epoch: 7/10, Val loss: 0.0001, Elapsed time: 0:14:15, Estimated time left: 0:06:05
2025-03-13 19:34:57,130 - INFO - Trial: 15/100, Epoch: 8/10, Val loss: 0.0001, Elapsed time: 0:16:17, Estimated time left: 0:04:03
2025-03-13 19:36:58,898 - INFO - Trial: 15/100, Epoch: 9/10, Val loss: 0.0001, Elapsed time: 0:18:19, Estimated time left: 0:02:01
2025-03-13 19:39:00,785 - INFO - Trial: 15/100, Epoch: 10/10, Val loss: 0.0001, Elapsed time: 0:20:20, Estimated time left: 0:00:00
2025-03-13 19:39:00,786 - INFO - Trial 14 finished with value: 0.00014738803368790493 and parameters: {'hidden_layers': 5, 'n_units_l': 353, 'lr': 7.577652284971476e-05, 'batch_size': 103}. Best is trial 11 with value: 0.0001407574790652263.
2025-03-13 19:39:00,788 - INFO - Elapsed time: 35500.72 seconds
2025-03-13 19:39:00,788 - INFO - Estimated time left: 0.00 seconds
2025-03-13 19:46:07,121 - INFO - Trial: 16/100, Epoch: 1/10, Val loss: 0.0005, Elapsed time: 0:07:06, Estimated time left: 1:03:56
2025-03-13 19:53:14,685 - INFO - Trial: 16/100, Epoch: 2/10, Val loss: 0.0002, Elapsed time: 0:14:13, Estimated time left: 0:57:00
2025-03-13 20:00:25,591 - INFO - Trial: 16/100, Epoch: 3/10, Val loss: 0.0002, Elapsed time: 0:21:24, Estimated time left: 0:50:16
2025-03-13 20:07:35,873 - INFO - Trial: 16/100, Epoch: 4/10, Val loss: 0.0002, Elapsed time: 0:28:35, Estimated time left: 0:43:01
2025-03-13 20:14:44,805 - INFO - Trial: 16/100, Epoch: 5/10, Val loss: 0.0002, Elapsed time: 0:35:44, Estimated time left: 0:35:44
2025-03-13 20:21:54,882 - INFO - Trial: 16/100, Epoch: 6/10, Val loss: 0.0002, Elapsed time: 0:42:54, Estimated time left: 0:28:40
2025-03-13 20:29:03,015 - INFO - Trial: 16/100, Epoch: 7/10, Val loss: 0.0002, Elapsed time: 0:50:02, Estimated time left: 0:21:24
2025-03-13 20:36:12,686 - INFO - Trial: 16/100, Epoch: 8/10, Val loss: 0.0002, Elapsed time: 0:57:11, Estimated time left: 0:14:19
2025-03-13 20:43:22,589 - INFO - Trial: 16/100, Epoch: 9/10, Val loss: 0.0001, Elapsed time: 1:04:21, Estimated time left: 0:07:09
2025-03-13 20:50:29,631 - INFO - Trial: 16/100, Epoch: 10/10, Val loss: 0.0001, Elapsed time: 1:11:28, Estimated time left: 0:00:00
2025-03-13 20:50:29,633 - INFO - Trial 15 finished with value: 0.00014836958198268674 and parameters: {'hidden_layers': 2, 'n_units_l': 234, 'lr': 0.00039799614989999006, 'batch_size': 16}. Best is trial 11 with value: 0.0001407574790652263.
2025-03-13 20:50:29,634 - INFO - Elapsed time: 39789.57 seconds
2025-03-13 20:50:29,634 - INFO - Estimated time left: 0.00 seconds
2025-03-13 20:53:46,266 - INFO - Trial: 17/100, Epoch: 1/10, Val loss: 0.0035, Elapsed time: 0:03:16, Estimated time left: 0:29:29
2025-03-13 20:56:54,195 - INFO - Trial: 17/100, Epoch: 2/10, Val loss: 0.0001, Elapsed time: 0:06:24, Estimated time left: 0:25:03
2025-03-13 21:00:02,723 - INFO - Trial: 17/100, Epoch: 3/10, Val loss: 0.0001, Elapsed time: 0:09:33, Estimated time left: 0:21:59
2025-03-13 21:03:10,469 - INFO - Trial: 17/100, Epoch: 4/10, Val loss: 0.0001, Elapsed time: 0:12:40, Estimated time left: 0:18:46
2025-03-13 21:06:18,805 - INFO - Trial: 17/100, Epoch: 5/10, Val loss: 0.0001, Elapsed time: 0:15:49, Estimated time left: 0:15:41
2025-03-13 21:09:27,482 - INFO - Trial: 17/100, Epoch: 6/10, Val loss: 0.0001, Elapsed time: 0:18:57, Estimated time left: 0:12:34
2025-03-13 21:12:35,871 - INFO - Trial: 17/100, Epoch: 7/10, Val loss: 0.0001, Elapsed time: 0:22:06, Estimated time left: 0:09:25
2025-03-13 21:15:44,382 - INFO - Trial: 17/100, Epoch: 8/10, Val loss: 0.0001, Elapsed time: 0:25:14, Estimated time left: 0:06:17
2025-03-13 21:18:52,645 - INFO - Trial: 17/100, Epoch: 9/10, Val loss: 0.0001, Elapsed time: 0:28:23, Estimated time left: 0:03:08
2025-03-13 21:22:00,983 - INFO - Trial: 17/100, Epoch: 10/10, Val loss: 0.0001, Elapsed time: 0:31:31, Estimated time left: 0:00:00
2025-03-13 21:22:00,984 - INFO - Trial 16 finished with value: 0.00014174444144982636 and parameters: {'hidden_layers': 4, 'n_units_l': 160, 'lr': 2.9673450927660875e-05, 'batch_size': 45}. Best is trial 11 with value: 0.0001407574790652263.
2025-03-13 21:22:00,985 - INFO - Elapsed time: 41680.92 seconds
2025-03-13 21:22:00,986 - INFO - Estimated time left: 0.00 seconds
2025-03-13 21:23:29,845 - INFO - Trial: 18/100, Epoch: 1/10, Val loss: 0.0004, Elapsed time: 0:01:28, Estimated time left: 0:13:19
2025-03-13 21:25:03,043 - INFO - Trial: 18/100, Epoch: 2/10, Val loss: 0.0002, Elapsed time: 0:03:02, Estimated time left: 0:12:25
2025-03-13 21:26:36,131 - INFO - Trial: 18/100, Epoch: 3/10, Val loss: 0.0001, Elapsed time: 0:04:35, Estimated time left: 0:10:51
2025-03-13 21:28:09,524 - INFO - Trial: 18/100, Epoch: 4/10, Val loss: 0.0002, Elapsed time: 0:06:08, Estimated time left: 0:09:20
2025-03-13 21:29:43,328 - INFO - Trial: 18/100, Epoch: 5/10, Val loss: 0.0001, Elapsed time: 0:07:42, Estimated time left: 0:07:49
2025-03-13 21:31:15,969 - INFO - Trial: 18/100, Epoch: 6/10, Val loss: 0.0001, Elapsed time: 0:09:14, Estimated time left: 0:06:10
2025-03-13 21:32:48,627 - INFO - Trial: 18/100, Epoch: 7/10, Val loss: 0.0002, Elapsed time: 0:10:47, Estimated time left: 0:04:37
2025-03-13 21:34:22,233 - INFO - Trial: 18/100, Epoch: 8/10, Val loss: 0.0001, Elapsed time: 0:12:21, Estimated time left: 0:03:07
2025-03-13 21:35:56,029 - INFO - Trial: 18/100, Epoch: 9/10, Val loss: 0.0001, Elapsed time: 0:13:55, Estimated time left: 0:01:33
2025-03-13 21:37:29,605 - INFO - Trial: 18/100, Epoch: 10/10, Val loss: 0.0001, Elapsed time: 0:15:28, Estimated time left: 0:00:00
2025-03-13 21:37:29,606 - INFO - Trial 17 finished with value: 0.0001445735017453871 and parameters: {'hidden_layers': 2, 'n_units_l': 300, 'lr': 0.00032334044622790974, 'batch_size': 100}. Best is trial 11 with value: 0.0001407574790652263.
2025-03-13 21:37:29,607 - INFO - Elapsed time: 42609.54 seconds
2025-03-13 21:37:29,607 - INFO - Estimated time left: 0.00 seconds
2025-03-13 21:41:43,529 - INFO - Trial: 19/100, Epoch: 1/10, Val loss: 0.0055, Elapsed time: 0:04:13, Estimated time left: 0:38:05
2025-03-13 21:45:35,842 - INFO - Trial: 19/100, Epoch: 2/10, Val loss: 0.0001, Elapsed time: 0:08:06, Estimated time left: 0:30:58
2025-03-13 21:49:28,028 - INFO - Trial: 19/100, Epoch: 3/10, Val loss: 0.0001, Elapsed time: 0:11:58, Estimated time left: 0:27:05
2025-03-13 21:53:20,377 - INFO - Trial: 19/100, Epoch: 4/10, Val loss: 0.0001, Elapsed time: 0:15:50, Estimated time left: 0:23:14
2025-03-13 21:57:12,626 - INFO - Trial: 19/100, Epoch: 5/10, Val loss: 0.0001, Elapsed time: 0:19:43, Estimated time left: 0:19:21
2025-03-13 22:01:06,238 - INFO - Trial: 19/100, Epoch: 6/10, Val loss: 0.0001, Elapsed time: 0:23:36, Estimated time left: 0:15:34
2025-03-13 22:04:58,485 - INFO - Trial: 19/100, Epoch: 7/10, Val loss: 0.0001, Elapsed time: 0:27:28, Estimated time left: 0:11:36
2025-03-13 22:08:50,760 - INFO - Trial: 19/100, Epoch: 8/10, Val loss: 0.0001, Elapsed time: 0:31:21, Estimated time left: 0:07:44
2025-03-13 22:12:43,202 - INFO - Trial: 19/100, Epoch: 9/10, Val loss: 0.0002, Elapsed time: 0:35:13, Estimated time left: 0:03:52
2025-03-13 22:16:35,453 - INFO - Trial: 19/100, Epoch: 10/10, Val loss: 0.0002, Elapsed time: 0:39:05, Estimated time left: 0:00:00
2025-03-13 22:16:35,454 - INFO - Trial 18 finished with value: 0.00016132737614242508 and parameters: {'hidden_layers': 5, 'n_units_l': 131, 'lr': 3.4663892306043314e-05, 'batch_size': 38}. Best is trial 11 with value: 0.0001407574790652263.
2025-03-13 22:16:35,456 - INFO - Elapsed time: 44955.39 seconds
2025-03-13 22:16:35,456 - INFO - Estimated time left: 0.00 seconds
2025-03-13 22:17:36,607 - INFO - Trial: 20/100, Epoch: 1/10, Val loss: 0.0086, Elapsed time: 0:01:01, Estimated time left: 0:09:10
2025-03-13 22:18:35,722 - INFO - Trial: 20/100, Epoch: 2/10, Val loss: 0.0002, Elapsed time: 0:02:00, Estimated time left: 0:07:52
2025-03-13 22:19:34,758 - INFO - Trial: 20/100, Epoch: 3/10, Val loss: 0.0002, Elapsed time: 0:02:59, Estimated time left: 0:06:53
2025-03-13 22:20:33,962 - INFO - Trial: 20/100, Epoch: 4/10, Val loss: 0.0002, Elapsed time: 0:03:58, Estimated time left: 0:05:55
2025-03-13 22:21:33,092 - INFO - Trial: 20/100, Epoch: 5/10, Val loss: 0.0001, Elapsed time: 0:04:57, Estimated time left: 0:04:55
2025-03-13 22:22:32,149 - INFO - Trial: 20/100, Epoch: 6/10, Val loss: 0.0001, Elapsed time: 0:05:56, Estimated time left: 0:03:56
2025-03-13 22:23:31,337 - INFO - Trial: 20/100, Epoch: 7/10, Val loss: 0.0001, Elapsed time: 0:06:55, Estimated time left: 0:02:57
2025-03-13 22:24:30,632 - INFO - Trial: 20/100, Epoch: 8/10, Val loss: 0.0001, Elapsed time: 0:07:55, Estimated time left: 0:01:58
2025-03-13 22:25:29,822 - INFO - Trial: 20/100, Epoch: 9/10, Val loss: 0.0001, Elapsed time: 0:08:54, Estimated time left: 0:00:59
2025-03-13 22:26:28,931 - INFO - Trial: 20/100, Epoch: 10/10, Val loss: 0.0001, Elapsed time: 0:09:53, Estimated time left: 0:00:00
2025-03-13 22:26:28,932 - INFO - Trial 19 finished with value: 0.00014562319653555478 and parameters: {'hidden_layers': 2, 'n_units_l': 501, 'lr': 1.1751851025963003e-05, 'batch_size': 227}. Best is trial 11 with value: 0.0001407574790652263.
2025-03-13 22:26:28,933 - INFO - Elapsed time: 45548.87 seconds
2025-03-13 22:26:28,933 - INFO - Estimated time left: 0.00 seconds
2025-03-13 22:29:34,483 - INFO - Trial: 21/100, Epoch: 1/10, Val loss: 0.0028, Elapsed time: 0:03:05, Estimated time left: 0:27:49
2025-03-13 22:32:32,901 - INFO - Trial: 21/100, Epoch: 2/10, Val loss: 0.0002, Elapsed time: 0:06:03, Estimated time left: 0:23:47
2025-03-13 22:35:31,180 - INFO - Trial: 21/100, Epoch: 3/10, Val loss: 0.0002, Elapsed time: 0:09:02, Estimated time left: 0:20:47
2025-03-13 22:38:29,278 - INFO - Trial: 21/100, Epoch: 4/10, Val loss: 0.0002, Elapsed time: 0:12:00, Estimated time left: 0:17:48
2025-03-13 22:41:27,538 - INFO - Trial: 21/100, Epoch: 5/10, Val loss: 0.0002, Elapsed time: 0:14:58, Estimated time left: 0:14:51
2025-03-13 22:44:25,782 - INFO - Trial: 21/100, Epoch: 6/10, Val loss: 0.0002, Elapsed time: 0:17:56, Estimated time left: 0:11:52
2025-03-13 22:47:23,981 - INFO - Trial: 21/100, Epoch: 7/10, Val loss: 0.0002, Elapsed time: 0:20:55, Estimated time left: 0:08:54
2025-03-13 22:50:22,067 - INFO - Trial: 21/100, Epoch: 8/10, Val loss: 0.0002, Elapsed time: 0:23:53, Estimated time left: 0:05:56
2025-03-13 22:53:20,153 - INFO - Trial: 21/100, Epoch: 9/10, Val loss: 0.0002, Elapsed time: 0:26:51, Estimated time left: 0:02:58
2025-03-13 22:56:18,205 - INFO - Trial: 21/100, Epoch: 10/10, Val loss: 0.0001, Elapsed time: 0:29:49, Estimated time left: 0:00:00
2025-03-13 22:56:18,207 - INFO - Trial 20 finished with value: 0.00014798045373858344 and parameters: {'hidden_layers': 4, 'n_units_l': 386, 'lr': 0.0017219114732855056, 'batch_size': 59}. Best is trial 11 with value: 0.0001407574790652263.
2025-03-13 22:56:18,208 - INFO - Elapsed time: 47338.14 seconds
2025-03-13 22:56:18,208 - INFO - Estimated time left: 0.00 seconds
2025-03-13 22:59:44,001 - INFO - Trial: 22/100, Epoch: 1/10, Val loss: 0.0039, Elapsed time: 0:03:25, Estimated time left: 0:30:52
2025-03-13 23:02:58,732 - INFO - Trial: 22/100, Epoch: 2/10, Val loss: 0.0001, Elapsed time: 0:06:40, Estimated time left: 0:25:57
2025-03-13 23:06:14,886 - INFO - Trial: 22/100, Epoch: 3/10, Val loss: 0.0001, Elapsed time: 0:09:56, Estimated time left: 0:22:53
2025-03-13 23:09:31,160 - INFO - Trial: 22/100, Epoch: 4/10, Val loss: 0.0001, Elapsed time: 0:13:12, Estimated time left: 0:19:37
2025-03-13 23:12:47,358 - INFO - Trial: 22/100, Epoch: 5/10, Val loss: 0.0001, Elapsed time: 0:16:29, Estimated time left: 0:16:20
2025-03-13 23:16:03,593 - INFO - Trial: 22/100, Epoch: 6/10, Val loss: 0.0001, Elapsed time: 0:19:45, Estimated time left: 0:13:04
2025-03-13 23:19:19,931 - INFO - Trial: 22/100, Epoch: 7/10, Val loss: 0.0001, Elapsed time: 0:23:01, Estimated time left: 0:09:49
2025-03-13 23:22:36,324 - INFO - Trial: 22/100, Epoch: 8/10, Val loss: 0.0001, Elapsed time: 0:26:18, Estimated time left: 0:06:32
2025-03-13 23:25:52,529 - INFO - Trial: 22/100, Epoch: 9/10, Val loss: 0.0001, Elapsed time: 0:29:34, Estimated time left: 0:03:16
2025-03-13 23:29:09,069 - INFO - Trial: 22/100, Epoch: 10/10, Val loss: 0.0001, Elapsed time: 0:32:50, Estimated time left: 0:00:00
2025-03-13 23:29:09,070 - INFO - Trial 21 finished with value: 0.00014163454060809957 and parameters: {'hidden_layers': 4, 'n_units_l': 162, 'lr': 3.219904856824137e-05, 'batch_size': 43}. Best is trial 11 with value: 0.0001407574790652263.
2025-03-13 23:29:09,072 - INFO - Elapsed time: 49309.01 seconds
2025-03-13 23:29:09,072 - INFO - Estimated time left: 0.00 seconds
2025-03-13 23:30:54,951 - INFO - Trial: 23/100, Epoch: 1/10, Val loss: 0.0016, Elapsed time: 0:01:45, Estimated time left: 0:15:52
2025-03-13 23:32:35,097 - INFO - Trial: 23/100, Epoch: 2/10, Val loss: 0.0001, Elapsed time: 0:03:26, Estimated time left: 0:13:21
2025-03-13 23:34:15,162 - INFO - Trial: 23/100, Epoch: 3/10, Val loss: 0.0001, Elapsed time: 0:05:06, Estimated time left: 0:11:40
2025-03-13 23:35:56,283 - INFO - Trial: 23/100, Epoch: 4/10, Val loss: 0.0001, Elapsed time: 0:06:47, Estimated time left: 0:10:06
2025-03-13 23:37:36,654 - INFO - Trial: 23/100, Epoch: 5/10, Val loss: 0.0001, Elapsed time: 0:08:27, Estimated time left: 0:08:21
2025-03-13 23:39:18,039 - INFO - Trial: 23/100, Epoch: 6/10, Val loss: 0.0001, Elapsed time: 0:10:08, Estimated time left: 0:06:45
2025-03-13 23:40:59,536 - INFO - Trial: 23/100, Epoch: 7/10, Val loss: 0.0001, Elapsed time: 0:11:50, Estimated time left: 0:05:04
2025-03-13 23:42:41,004 - INFO - Trial: 23/100, Epoch: 8/10, Val loss: 0.0001, Elapsed time: 0:13:31, Estimated time left: 0:03:22
2025-03-13 23:44:22,364 - INFO - Trial: 23/100, Epoch: 9/10, Val loss: 0.0001, Elapsed time: 0:15:13, Estimated time left: 0:01:41
2025-03-13 23:46:03,787 - INFO - Trial: 23/100, Epoch: 10/10, Val loss: 0.0001, Elapsed time: 0:16:54, Estimated time left: 0:00:00
2025-03-13 23:46:03,789 - INFO - Trial 22 finished with value: 0.0001425579797552041 and parameters: {'hidden_layers': 3, 'n_units_l': 153, 'lr': 6.323023508227407e-05, 'batch_size': 87}. Best is trial 11 with value: 0.0001407574790652263.
2025-03-13 23:46:03,790 - INFO - Elapsed time: 50323.72 seconds
2025-03-13 23:46:03,790 - INFO - Estimated time left: 0.00 seconds
2025-03-13 23:52:29,667 - INFO - Trial: 24/100, Epoch: 1/10, Val loss: 0.0051, Elapsed time: 0:06:25, Estimated time left: 0:57:52
2025-03-13 23:58:19,693 - INFO - Trial: 24/100, Epoch: 2/10, Val loss: 0.0001, Elapsed time: 0:12:15, Estimated time left: 0:46:40
2025-03-14 00:04:09,931 - INFO - Trial: 24/100, Epoch: 3/10, Val loss: 0.0001, Elapsed time: 0:18:06, Estimated time left: 0:40:51
2025-03-14 00:10:00,180 - INFO - Trial: 24/100, Epoch: 4/10, Val loss: 0.0001, Elapsed time: 0:23:56, Estimated time left: 0:35:01
2025-03-14 00:15:50,774 - INFO - Trial: 24/100, Epoch: 5/10, Val loss: 0.0001, Elapsed time: 0:29:46, Estimated time left: 0:29:12
2025-03-14 00:21:41,169 - INFO - Trial: 24/100, Epoch: 6/10, Val loss: 0.0001, Elapsed time: 0:35:37, Estimated time left: 0:23:21
2025-03-14 00:27:31,390 - INFO - Trial: 24/100, Epoch: 7/10, Val loss: 0.0001, Elapsed time: 0:41:27, Estimated time left: 0:17:30
2025-03-14 00:33:21,550 - INFO - Trial: 24/100, Epoch: 8/10, Val loss: 0.0001, Elapsed time: 0:47:17, Estimated time left: 0:11:40
2025-03-14 00:39:12,108 - INFO - Trial: 24/100, Epoch: 9/10, Val loss: 0.0001, Elapsed time: 0:53:08, Estimated time left: 0:05:50
2025-03-14 00:45:02,422 - INFO - Trial: 24/100, Epoch: 10/10, Val loss: 0.0001, Elapsed time: 0:58:58, Estimated time left: 0:00:00
2025-03-14 00:45:02,424 - INFO - Trial 23 finished with value: 0.0001430354744856723 and parameters: {'hidden_layers': 5, 'n_units_l': 212, 'lr': 2.2286141523822554e-05, 'batch_size': 25}. Best is trial 11 with value: 0.0001407574790652263.
2025-03-14 00:45:02,425 - INFO - Elapsed time: 53862.36 seconds
2025-03-14 00:45:02,425 - INFO - Estimated time left: 0.00 seconds
2025-03-14 00:48:56,136 - INFO - Trial: 25/100, Epoch: 1/10, Val loss: 0.0010, Elapsed time: 0:03:53, Estimated time left: 0:35:03
2025-03-14 00:52:43,341 - INFO - Trial: 25/100, Epoch: 2/10, Val loss: 0.0002, Elapsed time: 0:07:40, Estimated time left: 0:30:17
2025-03-14 00:56:30,786 - INFO - Trial: 25/100, Epoch: 3/10, Val loss: 0.0002, Elapsed time: 0:11:28, Estimated time left: 0:26:32
2025-03-14 01:00:18,393 - INFO - Trial: 25/100, Epoch: 4/10, Val loss: 0.0002, Elapsed time: 0:15:15, Estimated time left: 0:22:45
2025-03-14 01:04:05,888 - INFO - Trial: 25/100, Epoch: 5/10, Val loss: 0.0002, Elapsed time: 0:19:03, Estimated time left: 0:18:57
2025-03-14 01:07:53,847 - INFO - Trial: 25/100, Epoch: 6/10, Val loss: 0.0001, Elapsed time: 0:22:51, Estimated time left: 0:15:11
2025-03-14 01:11:41,026 - INFO - Trial: 25/100, Epoch: 7/10, Val loss: 0.0001, Elapsed time: 0:26:38, Estimated time left: 0:11:21
2025-03-14 01:15:28,236 - INFO - Trial: 25/100, Epoch: 8/10, Val loss: 0.0001, Elapsed time: 0:30:25, Estimated time left: 0:07:34
2025-03-14 01:19:15,627 - INFO - Trial: 25/100, Epoch: 9/10, Val loss: 0.0002, Elapsed time: 0:34:13, Estimated time left: 0:03:47
2025-03-14 01:23:02,825 - INFO - Trial: 25/100, Epoch: 10/10, Val loss: 0.0001, Elapsed time: 0:38:00, Estimated time left: 0:00:00
