2025-03-15 07:59:58,009 - INFO - Trial 63 finished with value: 0.00014029599743589318 and parameters: {'hidden_layers': 2, 'n_units_l': 219, 'lr': 1.0071568740700162e-05, 'batch_size': 35}. Best is trial 32 with value: 0.00014018414389617775.
2025-03-15 07:59:58,012 - INFO - Elapsed time: 166357.94 seconds
2025-03-15 07:59:58,013 - INFO - Estimated time left: 0.00 seconds
2025-03-15 08:02:36,595 - INFO - Trial: 65/100, Epoch: 1/10, Val loss: 0.0014, Elapsed time: 0:02:38, Estimated time left: 0:23:47
2025-03-15 08:05:11,369 - INFO - Trial: 65/100, Epoch: 2/10, Val loss: 0.0002, Elapsed time: 0:05:13, Estimated time left: 0:20:38
2025-03-15 08:07:46,003 - INFO - Trial: 65/100, Epoch: 3/10, Val loss: 0.0001, Elapsed time: 0:07:47, Estimated time left: 0:18:02
2025-03-15 08:10:19,809 - INFO - Trial: 65/100, Epoch: 4/10, Val loss: 0.0001, Elapsed time: 0:10:21, Estimated time left: 0:15:22
2025-03-15 08:12:53,998 - INFO - Trial: 65/100, Epoch: 5/10, Val loss: 0.0001, Elapsed time: 0:12:55, Estimated time left: 0:12:50
2025-03-15 08:15:28,258 - INFO - Trial: 65/100, Epoch: 6/10, Val loss: 0.0001, Elapsed time: 0:15:30, Estimated time left: 0:10:17
2025-03-15 08:18:02,573 - INFO - Trial: 65/100, Epoch: 7/10, Val loss: 0.0001, Elapsed time: 0:18:04, Estimated time left: 0:07:42
2025-03-15 08:20:36,638 - INFO - Trial: 65/100, Epoch: 8/10, Val loss: 0.0001, Elapsed time: 0:20:38, Estimated time left: 0:05:08
2025-03-15 08:23:10,909 - INFO - Trial: 65/100, Epoch: 9/10, Val loss: 0.0001, Elapsed time: 0:23:12, Estimated time left: 0:02:34
2025-03-15 08:25:45,280 - INFO - Trial: 65/100, Epoch: 10/10, Val loss: 0.0001, Elapsed time: 0:25:47, Estimated time left: 0:00:00
2025-03-15 08:25:45,281 - INFO - Trial 64 finished with value: 0.0001410282271517192 and parameters: {'hidden_layers': 1, 'n_units_l': 201, 'lr': 1.0041190380565465e-05, 'batch_size': 36}. Best is trial 32 with value: 0.00014018414389617775.
2025-03-15 08:25:45,284 - INFO - Elapsed time: 167905.21 seconds
2025-03-15 08:25:45,284 - INFO - Estimated time left: 0.00 seconds
2025-03-15 08:28:22,701 - INFO - Trial: 66/100, Epoch: 1/10, Val loss: 0.0012, Elapsed time: 0:02:37, Estimated time left: 0:23:36
2025-03-15 08:30:50,220 - INFO - Trial: 66/100, Epoch: 2/10, Val loss: 0.0001, Elapsed time: 0:05:04, Estimated time left: 0:19:40
2025-03-15 08:33:17,561 - INFO - Trial: 66/100, Epoch: 3/10, Val loss: 0.0001, Elapsed time: 0:07:32, Estimated time left: 0:17:11
2025-03-15 08:35:45,269 - INFO - Trial: 66/100, Epoch: 4/10, Val loss: 0.0001, Elapsed time: 0:09:59, Estimated time left: 0:14:46
2025-03-15 08:38:12,802 - INFO - Trial: 66/100, Epoch: 5/10, Val loss: 0.0001, Elapsed time: 0:12:27, Estimated time left: 0:12:17
2025-03-15 08:40:40,322 - INFO - Trial: 66/100, Epoch: 6/10, Val loss: 0.0001, Elapsed time: 0:14:55, Estimated time left: 0:09:50
2025-03-15 08:43:07,692 - INFO - Trial: 66/100, Epoch: 7/10, Val loss: 0.0001, Elapsed time: 0:17:22, Estimated time left: 0:07:22
2025-03-15 08:45:35,278 - INFO - Trial: 66/100, Epoch: 8/10, Val loss: 0.0001, Elapsed time: 0:19:49, Estimated time left: 0:04:55
2025-03-15 08:48:02,685 - INFO - Trial: 66/100, Epoch: 9/10, Val loss: 0.0001, Elapsed time: 0:22:17, Estimated time left: 0:02:27
2025-03-15 08:50:29,969 - INFO - Trial: 66/100, Epoch: 10/10, Val loss: 0.0001, Elapsed time: 0:24:44, Estimated time left: 0:00:00
2025-03-15 08:50:29,970 - INFO - Trial 65 finished with value: 0.000140671385013502 and parameters: {'hidden_layers': 2, 'n_units_l': 180, 'lr': 2.716881370880883e-05, 'batch_size': 49}. Best is trial 32 with value: 0.00014018414389617775.
2025-03-15 08:50:29,974 - INFO - Elapsed time: 169389.90 seconds
2025-03-15 08:50:29,974 - INFO - Estimated time left: 0.00 seconds
2025-03-15 08:52:35,080 - INFO - Trial: 67/100, Epoch: 1/10, Val loss: 0.0005, Elapsed time: 0:02:05, Estimated time left: 0:18:45
2025-03-15 08:54:40,392 - INFO - Trial: 67/100, Epoch: 2/10, Val loss: 0.0001, Elapsed time: 0:04:10, Estimated time left: 0:16:42
2025-03-15 08:56:45,598 - INFO - Trial: 67/100, Epoch: 3/10, Val loss: 0.0001, Elapsed time: 0:06:15, Estimated time left: 0:14:36
2025-03-15 08:58:50,889 - INFO - Trial: 67/100, Epoch: 4/10, Val loss: 0.0001, Elapsed time: 0:08:20, Estimated time left: 0:12:31
2025-03-15 09:00:56,252 - INFO - Trial: 67/100, Epoch: 5/10, Val loss: 0.0001, Elapsed time: 0:10:26, Estimated time left: 0:10:26
2025-03-15 09:03:01,274 - INFO - Trial: 67/100, Epoch: 6/10, Val loss: 0.0001, Elapsed time: 0:12:31, Estimated time left: 0:08:20
2025-03-15 09:05:06,829 - INFO - Trial: 67/100, Epoch: 7/10, Val loss: 0.0001, Elapsed time: 0:14:36, Estimated time left: 0:06:16
2025-03-15 09:07:12,277 - INFO - Trial: 67/100, Epoch: 8/10, Val loss: 0.0001, Elapsed time: 0:16:42, Estimated time left: 0:04:10
2025-03-15 09:09:17,517 - INFO - Trial: 67/100, Epoch: 9/10, Val loss: 0.0001, Elapsed time: 0:18:47, Estimated time left: 0:02:05
2025-03-15 09:11:22,691 - INFO - Trial: 67/100, Epoch: 10/10, Val loss: 0.0001, Elapsed time: 0:20:52, Estimated time left: 0:00:00
2025-03-15 09:11:22,693 - INFO - Trial 66 finished with value: 0.00014145754006335295 and parameters: {'hidden_layers': 1, 'n_units_l': 191, 'lr': 2.8978754669076992e-05, 'batch_size': 47}. Best is trial 32 with value: 0.00014018414389617775.
2025-03-15 09:11:22,696 - INFO - Elapsed time: 170642.63 seconds
2025-03-15 09:11:22,696 - INFO - Estimated time left: 0.00 seconds
2025-03-15 09:13:47,239 - INFO - Trial: 68/100, Epoch: 1/10, Val loss: 0.0040, Elapsed time: 0:02:24, Estimated time left: 0:21:40
2025-03-15 09:16:02,337 - INFO - Trial: 68/100, Epoch: 2/10, Val loss: 0.0002, Elapsed time: 0:04:39, Estimated time left: 0:18:00
2025-03-15 09:18:16,890 - INFO - Trial: 68/100, Epoch: 3/10, Val loss: 0.0001, Elapsed time: 0:06:54, Estimated time left: 0:15:41
2025-03-15 09:20:31,410 - INFO - Trial: 68/100, Epoch: 4/10, Val loss: 0.0001, Elapsed time: 0:09:08, Estimated time left: 0:13:27
2025-03-15 09:22:45,928 - INFO - Trial: 68/100, Epoch: 5/10, Val loss: 0.0001, Elapsed time: 0:11:23, Estimated time left: 0:11:12
2025-03-15 09:25:00,510 - INFO - Trial: 68/100, Epoch: 6/10, Val loss: 0.0001, Elapsed time: 0:13:37, Estimated time left: 0:08:58
2025-03-15 09:27:15,139 - INFO - Trial: 68/100, Epoch: 7/10, Val loss: 0.0001, Elapsed time: 0:15:52, Estimated time left: 0:06:43
2025-03-15 09:29:29,874 - INFO - Trial: 68/100, Epoch: 8/10, Val loss: 0.0001, Elapsed time: 0:18:07, Estimated time left: 0:04:29
2025-03-15 09:31:44,786 - INFO - Trial: 68/100, Epoch: 9/10, Val loss: 0.0001, Elapsed time: 0:20:22, Estimated time left: 0:02:14
2025-03-15 09:33:59,451 - INFO - Trial: 68/100, Epoch: 10/10, Val loss: 0.0001, Elapsed time: 0:22:36, Estimated time left: 0:00:00
2025-03-15 09:33:59,452 - INFO - Trial 67 finished with value: 0.00014273642231540335 and parameters: {'hidden_layers': 2, 'n_units_l': 177, 'lr': 1.3252733554717432e-05, 'batch_size': 55}. Best is trial 32 with value: 0.00014018414389617775.
2025-03-15 09:33:59,455 - INFO - Elapsed time: 171999.39 seconds
2025-03-15 09:33:59,455 - INFO - Estimated time left: 0.00 seconds
2025-03-15 09:36:33,762 - INFO - Trial: 69/100, Epoch: 1/10, Val loss: 0.0005, Elapsed time: 0:02:34, Estimated time left: 0:23:08
2025-03-15 09:39:11,304 - INFO - Trial: 69/100, Epoch: 2/10, Val loss: 0.0001, Elapsed time: 0:05:11, Estimated time left: 0:21:00
2025-03-15 09:41:49,393 - INFO - Trial: 69/100, Epoch: 3/10, Val loss: 0.0001, Elapsed time: 0:07:49, Estimated time left: 0:18:26
2025-03-15 09:44:27,522 - INFO - Trial: 69/100, Epoch: 4/10, Val loss: 0.0001, Elapsed time: 0:10:28, Estimated time left: 0:15:48
2025-03-15 09:47:05,897 - INFO - Trial: 69/100, Epoch: 5/10, Val loss: 0.0001, Elapsed time: 0:13:06, Estimated time left: 0:13:11
2025-03-15 09:49:44,681 - INFO - Trial: 69/100, Epoch: 6/10, Val loss: 0.0001, Elapsed time: 0:15:45, Estimated time left: 0:10:35
2025-03-15 09:52:23,099 - INFO - Trial: 69/100, Epoch: 7/10, Val loss: 0.0001, Elapsed time: 0:18:23, Estimated time left: 0:07:55
2025-03-15 09:55:01,394 - INFO - Trial: 69/100, Epoch: 8/10, Val loss: 0.0001, Elapsed time: 0:21:01, Estimated time left: 0:05:16
2025-03-15 09:57:39,884 - INFO - Trial: 69/100, Epoch: 9/10, Val loss: 0.0001, Elapsed time: 0:23:40, Estimated time left: 0:02:38
2025-03-15 10:00:18,386 - INFO - Trial: 69/100, Epoch: 10/10, Val loss: 0.0001, Elapsed time: 0:26:18, Estimated time left: 0:00:00
2025-03-15 10:00:18,388 - INFO - Trial 68 finished with value: 0.00014221341817088743 and parameters: {'hidden_layers': 2, 'n_units_l': 221, 'lr': 5.952532459974003e-05, 'batch_size': 47}. Best is trial 32 with value: 0.00014018414389617775.
2025-03-15 10:00:18,391 - INFO - Elapsed time: 173578.32 seconds
2025-03-15 10:00:18,391 - INFO - Estimated time left: 0.00 seconds
2025-03-15 10:01:57,213 - INFO - Trial: 70/100, Epoch: 1/10, Val loss: 0.0008, Elapsed time: 0:01:38, Estimated time left: 0:14:49
2025-03-15 10:03:35,659 - INFO - Trial: 70/100, Epoch: 2/10, Val loss: 0.0001, Elapsed time: 0:03:17, Estimated time left: 0:13:07
2025-03-15 10:05:14,359 - INFO - Trial: 70/100, Epoch: 3/10, Val loss: 0.0001, Elapsed time: 0:04:55, Estimated time left: 0:11:30
2025-03-15 10:06:52,657 - INFO - Trial: 70/100, Epoch: 4/10, Val loss: 0.0001, Elapsed time: 0:06:34, Estimated time left: 0:09:49
2025-03-15 10:08:30,784 - INFO - Trial: 70/100, Epoch: 5/10, Val loss: 0.0001, Elapsed time: 0:08:12, Estimated time left: 0:08:10
2025-03-15 10:10:09,413 - INFO - Trial: 70/100, Epoch: 6/10, Val loss: 0.0001, Elapsed time: 0:09:51, Estimated time left: 0:06:34
2025-03-15 10:11:47,647 - INFO - Trial: 70/100, Epoch: 7/10, Val loss: 0.0001, Elapsed time: 0:11:29, Estimated time left: 0:04:54
2025-03-15 10:13:25,644 - INFO - Trial: 70/100, Epoch: 8/10, Val loss: 0.0001, Elapsed time: 0:13:07, Estimated time left: 0:03:15
2025-03-15 10:15:03,732 - INFO - Trial: 70/100, Epoch: 9/10, Val loss: 0.0001, Elapsed time: 0:14:45, Estimated time left: 0:01:38
2025-03-15 10:16:41,918 - INFO - Trial: 70/100, Epoch: 10/10, Val loss: 0.0001, Elapsed time: 0:16:23, Estimated time left: 0:00:00
2025-03-15 10:16:41,919 - INFO - Trial 69 finished with value: 0.000141408657193965 and parameters: {'hidden_layers': 1, 'n_units_l': 254, 'lr': 1.9911114563934585e-05, 'batch_size': 65}. Best is trial 32 with value: 0.00014018414389617775.
2025-03-15 10:16:41,923 - INFO - Elapsed time: 174561.85 seconds
2025-03-15 10:16:41,923 - INFO - Estimated time left: 0.00 seconds
2025-03-15 10:19:45,061 - INFO - Trial: 71/100, Epoch: 1/10, Val loss: 0.0202, Elapsed time: 0:03:03, Estimated time left: 0:27:28
2025-03-15 10:22:35,643 - INFO - Trial: 71/100, Epoch: 2/10, Val loss: 0.0002, Elapsed time: 0:05:53, Estimated time left: 0:22:44
2025-03-15 10:25:26,149 - INFO - Trial: 71/100, Epoch: 3/10, Val loss: 0.0002, Elapsed time: 0:08:44, Estimated time left: 0:19:53
2025-03-15 10:28:16,853 - INFO - Trial: 71/100, Epoch: 4/10, Val loss: 0.0002, Elapsed time: 0:11:34, Estimated time left: 0:17:04
2025-03-15 10:31:07,588 - INFO - Trial: 71/100, Epoch: 5/10, Val loss: 0.0002, Elapsed time: 0:14:25, Estimated time left: 0:14:13
2025-03-15 10:33:57,849 - INFO - Trial: 71/100, Epoch: 6/10, Val loss: 0.0003, Elapsed time: 0:17:15, Estimated time left: 0:11:21
2025-03-15 10:36:48,596 - INFO - Trial: 71/100, Epoch: 7/10, Val loss: 0.0003, Elapsed time: 0:20:06, Estimated time left: 0:08:32
2025-03-15 10:39:39,063 - INFO - Trial: 71/100, Epoch: 8/10, Val loss: 0.0002, Elapsed time: 0:22:57, Estimated time left: 0:05:40
2025-03-15 10:42:29,742 - INFO - Trial: 71/100, Epoch: 9/10, Val loss: 0.0003, Elapsed time: 0:25:47, Estimated time left: 0:02:50
2025-03-15 10:45:20,229 - INFO - Trial: 71/100, Epoch: 10/10, Val loss: 0.0002, Elapsed time: 0:28:38, Estimated time left: 0:00:00
2025-03-15 10:45:20,230 - INFO - Trial 70 finished with value: 0.00017934726316007712 and parameters: {'hidden_layers': 2, 'n_units_l': 183, 'lr': 0.013179602194296395, 'batch_size': 42}. Best is trial 32 with value: 0.00014018414389617775.
2025-03-15 10:45:20,233 - INFO - Elapsed time: 176280.16 seconds
2025-03-15 10:45:20,233 - INFO - Estimated time left: 0.00 seconds
2025-03-15 10:48:46,184 - INFO - Trial: 72/100, Epoch: 1/10, Val loss: 0.0009, Elapsed time: 0:03:25, Estimated time left: 0:30:53
2025-03-15 10:52:15,837 - INFO - Trial: 72/100, Epoch: 2/10, Val loss: 0.0001, Elapsed time: 0:06:55, Estimated time left: 0:27:57
2025-03-15 10:55:45,425 - INFO - Trial: 72/100, Epoch: 3/10, Val loss: 0.0001, Elapsed time: 0:10:25, Estimated time left: 0:24:27
2025-03-15 10:59:15,261 - INFO - Trial: 72/100, Epoch: 4/10, Val loss: 0.0001, Elapsed time: 0:13:55, Estimated time left: 0:20:59
2025-03-15 11:02:45,451 - INFO - Trial: 72/100, Epoch: 5/10, Val loss: 0.0001, Elapsed time: 0:17:25, Estimated time left: 0:17:30
2025-03-15 11:06:15,866 - INFO - Trial: 72/100, Epoch: 6/10, Val loss: 0.0001, Elapsed time: 0:20:55, Estimated time left: 0:14:01
2025-03-15 11:09:45,809 - INFO - Trial: 72/100, Epoch: 7/10, Val loss: 0.0001, Elapsed time: 0:24:25, Estimated time left: 0:10:29
2025-03-15 11:13:15,933 - INFO - Trial: 72/100, Epoch: 8/10, Val loss: 0.0001, Elapsed time: 0:27:55, Estimated time left: 0:07:00
2025-03-15 11:16:46,043 - INFO - Trial: 72/100, Epoch: 9/10, Val loss: 0.0001, Elapsed time: 0:31:25, Estimated time left: 0:03:30
2025-03-15 11:20:16,008 - INFO - Trial: 72/100, Epoch: 10/10, Val loss: 0.0001, Elapsed time: 0:34:55, Estimated time left: 0:00:00
2025-03-15 11:20:16,009 - INFO - Trial 71 finished with value: 0.00014077598457212375 and parameters: {'hidden_layers': 2, 'n_units_l': 203, 'lr': 2.3098075539819393e-05, 'batch_size': 33}. Best is trial 32 with value: 0.00014018414389617775.
2025-03-15 11:20:16,012 - INFO - Elapsed time: 178375.94 seconds
2025-03-15 11:20:16,013 - INFO - Estimated time left: 0.00 seconds
2025-03-15 11:23:41,972 - INFO - Trial: 73/100, Epoch: 1/10, Val loss: 0.0007, Elapsed time: 0:03:25, Estimated time left: 0:30:53
2025-03-15 11:27:14,071 - INFO - Trial: 73/100, Epoch: 2/10, Val loss: 0.0001, Elapsed time: 0:06:58, Estimated time left: 0:28:16
2025-03-15 11:30:45,085 - INFO - Trial: 73/100, Epoch: 3/10, Val loss: 0.0001, Elapsed time: 0:10:29, Estimated time left: 0:24:37
2025-03-15 11:34:16,168 - INFO - Trial: 73/100, Epoch: 4/10, Val loss: 0.0001, Elapsed time: 0:14:00, Estimated time left: 0:21:06
2025-03-15 11:37:47,087 - INFO - Trial: 73/100, Epoch: 5/10, Val loss: 0.0001, Elapsed time: 0:17:31, Estimated time left: 0:17:34
2025-03-15 11:41:17,783 - INFO - Trial: 73/100, Epoch: 6/10, Val loss: 0.0001, Elapsed time: 0:21:01, Estimated time left: 0:14:02
2025-03-15 11:44:48,825 - INFO - Trial: 73/100, Epoch: 7/10, Val loss: 0.0001, Elapsed time: 0:24:32, Estimated time left: 0:10:33
2025-03-15 11:48:19,264 - INFO - Trial: 73/100, Epoch: 8/10, Val loss: 0.0001, Elapsed time: 0:28:03, Estimated time left: 0:07:00
2025-03-15 11:51:50,330 - INFO - Trial: 73/100, Epoch: 9/10, Val loss: 0.0001, Elapsed time: 0:31:34, Estimated time left: 0:03:31
2025-03-15 11:55:20,879 - INFO - Trial: 73/100, Epoch: 10/10, Val loss: 0.0001, Elapsed time: 0:35:04, Estimated time left: 0:00:00
2025-03-15 11:55:20,881 - INFO - Trial 72 finished with value: 0.00014088065709481437 and parameters: {'hidden_layers': 2, 'n_units_l': 204, 'lr': 3.621043544280996e-05, 'batch_size': 33}. Best is trial 32 with value: 0.00014018414389617775.
2025-03-15 11:55:20,884 - INFO - Elapsed time: 180480.81 seconds
2025-03-15 11:55:20,884 - INFO - Estimated time left: 0.00 seconds
2025-03-15 11:59:01,954 - INFO - Trial: 74/100, Epoch: 1/10, Val loss: 0.0005, Elapsed time: 0:03:41, Estimated time left: 0:33:09
2025-03-15 12:02:47,190 - INFO - Trial: 74/100, Epoch: 2/10, Val loss: 0.0001, Elapsed time: 0:07:26, Estimated time left: 0:30:01
2025-03-15 12:06:31,470 - INFO - Trial: 74/100, Epoch: 3/10, Val loss: 0.0001, Elapsed time: 0:11:10, Estimated time left: 0:26:09
2025-03-15 12:10:17,125 - INFO - Trial: 74/100, Epoch: 4/10, Val loss: 0.0001, Elapsed time: 0:14:56, Estimated time left: 0:22:33
2025-03-15 12:14:23,868 - INFO - Trial: 74/100, Epoch: 5/10, Val loss: 0.0001, Elapsed time: 0:19:02, Estimated time left: 0:20:33
2025-03-15 12:18:08,453 - INFO - Trial: 74/100, Epoch: 6/10, Val loss: 0.0001, Elapsed time: 0:22:47, Estimated time left: 0:14:58
2025-03-15 12:21:53,399 - INFO - Trial: 74/100, Epoch: 7/10, Val loss: 0.0001, Elapsed time: 0:26:32, Estimated time left: 0:11:14
2025-03-15 12:25:38,227 - INFO - Trial: 74/100, Epoch: 8/10, Val loss: 0.0001, Elapsed time: 0:30:17, Estimated time left: 0:07:29
2025-03-15 12:29:22,552 - INFO - Trial: 74/100, Epoch: 9/10, Val loss: 0.0001, Elapsed time: 0:34:01, Estimated time left: 0:03:44
2025-03-15 12:33:07,229 - INFO - Trial: 74/100, Epoch: 10/10, Val loss: 0.0001, Elapsed time: 0:37:46, Estimated time left: 0:00:00
2025-03-15 12:33:07,230 - INFO - Trial 73 finished with value: 0.00014304236101421764 and parameters: {'hidden_layers': 2, 'n_units_l': 213, 'lr': 9.18502991106428e-05, 'batch_size': 31}. Best is trial 32 with value: 0.00014018414389617775.
2025-03-15 12:33:07,233 - INFO - Elapsed time: 182747.16 seconds
2025-03-15 12:33:07,233 - INFO - Estimated time left: 0.00 seconds
2025-03-15 12:35:17,653 - INFO - Trial: 75/100, Epoch: 1/10, Val loss: 0.0012, Elapsed time: 0:02:10, Estimated time left: 0:19:33
2025-03-15 12:37:27,088 - INFO - Trial: 75/100, Epoch: 2/10, Val loss: 0.0001, Elapsed time: 0:04:19, Estimated time left: 0:17:15
2025-03-15 12:39:36,556 - INFO - Trial: 75/100, Epoch: 3/10, Val loss: 0.0001, Elapsed time: 0:06:29, Estimated time left: 0:15:06
2025-03-15 12:41:46,740 - INFO - Trial: 75/100, Epoch: 4/10, Val loss: 0.0001, Elapsed time: 0:08:39, Estimated time left: 0:13:01
2025-03-15 12:43:56,242 - INFO - Trial: 75/100, Epoch: 5/10, Val loss: 0.0001, Elapsed time: 0:10:48, Estimated time left: 0:10:47
2025-03-15 12:46:06,448 - INFO - Trial: 75/100, Epoch: 6/10, Val loss: 0.0001, Elapsed time: 0:12:59, Estimated time left: 0:08:40
2025-03-15 12:48:15,991 - INFO - Trial: 75/100, Epoch: 7/10, Val loss: 0.0001, Elapsed time: 0:15:08, Estimated time left: 0:06:28
2025-03-15 12:50:25,733 - INFO - Trial: 75/100, Epoch: 8/10, Val loss: 0.0001, Elapsed time: 0:17:18, Estimated time left: 0:04:19
2025-03-15 12:52:35,570 - INFO - Trial: 75/100, Epoch: 9/10, Val loss: 0.0001, Elapsed time: 0:19:28, Estimated time left: 0:02:09
2025-03-15 12:54:45,401 - INFO - Trial: 75/100, Epoch: 10/10, Val loss: 0.0001, Elapsed time: 0:21:38, Estimated time left: 0:00:00
2025-03-15 12:54:45,402 - INFO - Trial 74 finished with value: 0.00014131129433755336 and parameters: {'hidden_layers': 1, 'n_units_l': 229, 'lr': 1.282767532379854e-05, 'batch_size': 45}. Best is trial 32 with value: 0.00014018414389617775.
2025-03-15 12:54:45,405 - INFO - Elapsed time: 184045.34 seconds
2025-03-15 12:54:45,405 - INFO - Estimated time left: 0.00 seconds
2025-03-15 12:57:35,111 - INFO - Trial: 76/100, Epoch: 1/10, Val loss: 0.0015, Elapsed time: 0:02:49, Estimated time left: 0:25:27
2025-03-15 13:00:29,505 - INFO - Trial: 76/100, Epoch: 2/10, Val loss: 0.0001, Elapsed time: 0:05:44, Estimated time left: 0:23:15
2025-03-15 13:03:23,656 - INFO - Trial: 76/100, Epoch: 3/10, Val loss: 0.0001, Elapsed time: 0:08:38, Estimated time left: 0:20:19
2025-03-15 13:06:18,396 - INFO - Trial: 76/100, Epoch: 4/10, Val loss: 0.0001, Elapsed time: 0:11:32, Estimated time left: 0:17:28
2025-03-15 13:09:12,486 - INFO - Trial: 76/100, Epoch: 5/10, Val loss: 0.0001, Elapsed time: 0:14:27, Estimated time left: 0:14:30
2025-03-15 13:12:06,725 - INFO - Trial: 76/100, Epoch: 6/10, Val loss: 0.0001, Elapsed time: 0:17:21, Estimated time left: 0:11:36
2025-03-15 13:15:01,513 - INFO - Trial: 76/100, Epoch: 7/10, Val loss: 0.0001, Elapsed time: 0:20:16, Estimated time left: 0:08:44
2025-03-15 13:17:55,616 - INFO - Trial: 76/100, Epoch: 8/10, Val loss: 0.0001, Elapsed time: 0:23:10, Estimated time left: 0:05:48
2025-03-15 13:20:49,682 - INFO - Trial: 76/100, Epoch: 9/10, Val loss: 0.0001, Elapsed time: 0:26:04, Estimated time left: 0:02:54
2025-03-15 13:23:43,463 - INFO - Trial: 76/100, Epoch: 10/10, Val loss: 0.0001, Elapsed time: 0:28:58, Estimated time left: 0:00:00
2025-03-15 13:23:43,464 - INFO - Trial 75 finished with value: 0.00014186277006470214 and parameters: {'hidden_layers': 2, 'n_units_l': 176, 'lr': 1.8173072074671213e-05, 'batch_size': 40}. Best is trial 32 with value: 0.00014018414389617775.
2025-03-15 13:23:43,468 - INFO - Elapsed time: 185783.40 seconds
2025-03-15 13:23:43,468 - INFO - Estimated time left: 0.00 seconds
2025-03-15 13:26:27,750 - INFO - Trial: 77/100, Epoch: 1/10, Val loss: 0.0026, Elapsed time: 0:02:44, Estimated time left: 0:24:38
2025-03-15 13:28:58,848 - INFO - Trial: 77/100, Epoch: 2/10, Val loss: 0.0001, Elapsed time: 0:05:15, Estimated time left: 0:20:08
2025-03-15 13:31:30,741 - INFO - Trial: 77/100, Epoch: 3/10, Val loss: 0.0001, Elapsed time: 0:07:47, Estimated time left: 0:17:43
2025-03-15 13:34:02,254 - INFO - Trial: 77/100, Epoch: 4/10, Val loss: 0.0001, Elapsed time: 0:10:18, Estimated time left: 0:15:09
2025-03-15 13:36:34,350 - INFO - Trial: 77/100, Epoch: 5/10, Val loss: 0.0001, Elapsed time: 0:12:50, Estimated time left: 0:12:40
2025-03-15 13:39:05,845 - INFO - Trial: 77/100, Epoch: 6/10, Val loss: 0.0001, Elapsed time: 0:15:22, Estimated time left: 0:10:05
2025-03-15 13:41:37,539 - INFO - Trial: 77/100, Epoch: 7/10, Val loss: 0.0001, Elapsed time: 0:17:54, Estimated time left: 0:07:35
2025-03-15 13:44:09,226 - INFO - Trial: 77/100, Epoch: 8/10, Val loss: 0.0001, Elapsed time: 0:20:25, Estimated time left: 0:05:03
2025-03-15 13:46:41,283 - INFO - Trial: 77/100, Epoch: 9/10, Val loss: 0.0001, Elapsed time: 0:22:57, Estimated time left: 0:02:32
2025-03-15 13:49:12,769 - INFO - Trial: 77/100, Epoch: 10/10, Val loss: 0.0001, Elapsed time: 0:25:29, Estimated time left: 0:00:00
