2025-01-23 10:14:13,850 - INFO - Trial 25 finished with value: 0.002608653159318273 and parameters: {'hidden_layers': 7, 'n_units_l': 113, 'lr': 2.735320161307563e-05, 'batch_size': 56}. Best is trial 14 with value: 0.0007135949661039349.
2025-01-23 10:14:13,855 - INFO - Elapsed time: 7283.67 seconds
2025-01-23 10:14:13,855 - INFO - Estimated time left: 0.00 seconds
2025-01-23 10:14:34,870 - INFO - Trial: 27/100, Epoch: 1/10, Val loss: 0.0296, Elapsed time: 0:00:20, Estimated time left: 0:03:08
2025-01-23 10:14:54,590 - INFO - Trial: 27/100, Epoch: 2/10, Val loss: 0.0032, Elapsed time: 0:00:40, Estimated time left: 0:02:37
2025-01-23 10:15:14,392 - INFO - Trial: 27/100, Epoch: 3/10, Val loss: 0.0025, Elapsed time: 0:01:00, Estimated time left: 0:02:18
2025-01-23 10:15:34,184 - INFO - Trial: 27/100, Epoch: 4/10, Val loss: 0.0020, Elapsed time: 0:01:20, Estimated time left: 0:01:58
2025-01-23 10:15:53,917 - INFO - Trial: 27/100, Epoch: 5/10, Val loss: 0.0017, Elapsed time: 0:01:40, Estimated time left: 0:01:38
2025-01-23 10:16:13,643 - INFO - Trial: 27/100, Epoch: 6/10, Val loss: 0.0015, Elapsed time: 0:01:59, Estimated time left: 0:01:18
2025-01-23 10:16:33,353 - INFO - Trial: 27/100, Epoch: 7/10, Val loss: 0.0013, Elapsed time: 0:02:19, Estimated time left: 0:00:59
2025-01-23 10:16:53,122 - INFO - Trial: 27/100, Epoch: 8/10, Val loss: 0.0012, Elapsed time: 0:02:39, Estimated time left: 0:00:39
2025-01-23 10:17:12,908 - INFO - Trial: 27/100, Epoch: 9/10, Val loss: 0.0012, Elapsed time: 0:02:59, Estimated time left: 0:00:19
2025-01-23 10:17:33,161 - INFO - Trial: 27/100, Epoch: 10/10, Val loss: 0.0010, Elapsed time: 0:03:19, Estimated time left: 0:00:00
2025-01-23 10:17:33,164 - INFO - Trial 26 finished with value: 0.0009611890475363187 and parameters: {'hidden_layers': 8, 'n_units_l': 191, 'lr': 0.0016321664079399615, 'batch_size': 77}. Best is trial 14 with value: 0.0007135949661039349.
2025-01-23 10:17:33,169 - INFO - Elapsed time: 7482.98 seconds
2025-01-23 10:17:33,169 - INFO - Estimated time left: 0.00 seconds
2025-01-23 10:18:08,044 - INFO - Trial: 28/100, Epoch: 1/10, Val loss: 0.0224, Elapsed time: 0:00:34, Estimated time left: 0:05:13
2025-01-23 10:18:44,045 - INFO - Trial: 28/100, Epoch: 2/10, Val loss: 0.0052, Elapsed time: 0:01:10, Estimated time left: 0:04:48
2025-01-23 10:19:19,667 - INFO - Trial: 28/100, Epoch: 3/10, Val loss: 0.0042, Elapsed time: 0:01:46, Estimated time left: 0:04:09
2025-01-23 10:19:55,480 - INFO - Trial: 28/100, Epoch: 4/10, Val loss: 0.0050, Elapsed time: 0:02:22, Estimated time left: 0:03:34
2025-01-23 10:20:31,337 - INFO - Trial: 28/100, Epoch: 5/10, Val loss: 0.0047, Elapsed time: 0:02:58, Estimated time left: 0:02:59
2025-01-23 10:21:07,174 - INFO - Trial: 28/100, Epoch: 6/10, Val loss: 0.0043, Elapsed time: 0:03:33, Estimated time left: 0:02:23
2025-01-23 10:21:42,966 - INFO - Trial: 28/100, Epoch: 7/10, Val loss: 0.0044, Elapsed time: 0:04:09, Estimated time left: 0:01:47
2025-01-23 10:22:18,740 - INFO - Trial: 28/100, Epoch: 8/10, Val loss: 0.0048, Elapsed time: 0:04:45, Estimated time left: 0:01:11
2025-01-23 10:22:54,447 - INFO - Trial: 28/100, Epoch: 9/10, Val loss: 0.0044, Elapsed time: 0:05:21, Estimated time left: 0:00:35
2025-01-23 10:23:30,159 - INFO - Trial: 28/100, Epoch: 10/10, Val loss: 0.0038, Elapsed time: 0:05:56, Estimated time left: 0:00:00
2025-01-23 10:23:30,162 - INFO - Trial 27 finished with value: 0.0037615040670802755 and parameters: {'hidden_layers': 2, 'n_units_l': 120, 'lr': 0.00807168794535779, 'batch_size': 22}. Best is trial 14 with value: 0.0007135949661039349.
2025-01-23 10:23:30,167 - INFO - Elapsed time: 7839.98 seconds
2025-01-23 10:23:30,167 - INFO - Estimated time left: 0.00 seconds
2025-01-23 10:24:10,829 - INFO - Trial: 29/100, Epoch: 1/10, Val loss: 0.0173, Elapsed time: 0:00:40, Estimated time left: 0:06:05
2025-01-23 10:24:48,694 - INFO - Trial: 29/100, Epoch: 2/10, Val loss: 0.0027, Elapsed time: 0:01:18, Estimated time left: 0:05:02
2025-01-23 10:25:26,314 - INFO - Trial: 29/100, Epoch: 3/10, Val loss: 0.0020, Elapsed time: 0:01:56, Estimated time left: 0:04:23
2025-01-23 10:26:04,078 - INFO - Trial: 29/100, Epoch: 4/10, Val loss: 0.0016, Elapsed time: 0:02:33, Estimated time left: 0:03:46
2025-01-23 10:26:41,976 - INFO - Trial: 29/100, Epoch: 5/10, Val loss: 0.0013, Elapsed time: 0:03:11, Estimated time left: 0:03:09
2025-01-23 10:27:19,872 - INFO - Trial: 29/100, Epoch: 6/10, Val loss: 0.0011, Elapsed time: 0:03:49, Estimated time left: 0:02:31
2025-01-23 10:27:57,711 - INFO - Trial: 29/100, Epoch: 7/10, Val loss: 0.0009, Elapsed time: 0:04:27, Estimated time left: 0:01:53
2025-01-23 10:28:35,554 - INFO - Trial: 29/100, Epoch: 8/10, Val loss: 0.0009, Elapsed time: 0:05:05, Estimated time left: 0:01:15
2025-01-23 10:29:13,415 - INFO - Trial: 29/100, Epoch: 9/10, Val loss: 0.0009, Elapsed time: 0:05:43, Estimated time left: 0:00:37
2025-01-23 10:29:51,314 - INFO - Trial: 29/100, Epoch: 10/10, Val loss: 0.0007, Elapsed time: 0:06:21, Estimated time left: 0:00:00
2025-01-23 10:29:51,316 - INFO - Trial 28 finished with value: 0.0007494574366359113 and parameters: {'hidden_layers': 5, 'n_units_l': 245, 'lr': 0.0005761395451393992, 'batch_size': 30}. Best is trial 14 with value: 0.0007135949661039349.
2025-01-23 10:29:51,321 - INFO - Elapsed time: 8221.13 seconds
2025-01-23 10:29:51,321 - INFO - Estimated time left: 0.00 seconds
2025-01-23 10:30:21,993 - INFO - Trial: 30/100, Epoch: 1/10, Val loss: 0.0623, Elapsed time: 0:00:30, Estimated time left: 0:04:35
2025-01-23 10:30:51,602 - INFO - Trial: 30/100, Epoch: 2/10, Val loss: 0.0073, Elapsed time: 0:01:00, Estimated time left: 0:03:56
2025-01-23 10:31:21,170 - INFO - Trial: 30/100, Epoch: 3/10, Val loss: 0.0060, Elapsed time: 0:01:29, Estimated time left: 0:03:26
2025-01-23 10:31:50,709 - INFO - Trial: 30/100, Epoch: 4/10, Val loss: 0.0050, Elapsed time: 0:01:59, Estimated time left: 0:02:57
2025-01-23 10:32:20,421 - INFO - Trial: 30/100, Epoch: 5/10, Val loss: 0.0042, Elapsed time: 0:02:29, Estimated time left: 0:02:28
2025-01-23 10:32:49,908 - INFO - Trial: 30/100, Epoch: 6/10, Val loss: 0.0039, Elapsed time: 0:02:58, Estimated time left: 0:01:57
2025-01-23 10:33:19,403 - INFO - Trial: 30/100, Epoch: 7/10, Val loss: 0.0037, Elapsed time: 0:03:28, Estimated time left: 0:01:28
2025-01-23 10:33:48,939 - INFO - Trial: 30/100, Epoch: 8/10, Val loss: 0.0037, Elapsed time: 0:03:57, Estimated time left: 0:00:59
2025-01-23 10:34:18,480 - INFO - Trial: 30/100, Epoch: 9/10, Val loss: 0.0036, Elapsed time: 0:04:27, Estimated time left: 0:00:29
2025-01-23 10:34:48,026 - INFO - Trial: 30/100, Epoch: 10/10, Val loss: 0.0035, Elapsed time: 0:04:56, Estimated time left: 0:00:00
2025-01-23 10:34:48,028 - INFO - Trial 29 finished with value: 0.0034584418813636214 and parameters: {'hidden_layers': 4, 'n_units_l': 20, 'lr': 0.00013630622104355918, 'batch_size': 31}. Best is trial 14 with value: 0.0007135949661039349.
2025-01-23 10:34:48,033 - INFO - Elapsed time: 8517.85 seconds
2025-01-23 10:34:48,034 - INFO - Estimated time left: 0.00 seconds
2025-01-23 10:35:19,250 - INFO - Trial: 31/100, Epoch: 1/10, Val loss: 0.1452, Elapsed time: 0:00:31, Estimated time left: 0:04:40
2025-01-23 10:35:47,532 - INFO - Trial: 31/100, Epoch: 2/10, Val loss: 0.1365, Elapsed time: 0:00:59, Estimated time left: 0:03:46
2025-01-23 10:36:15,836 - INFO - Trial: 31/100, Epoch: 3/10, Val loss: 0.1365, Elapsed time: 0:01:27, Estimated time left: 0:03:18
2025-01-23 10:36:44,109 - INFO - Trial: 31/100, Epoch: 4/10, Val loss: 0.1365, Elapsed time: 0:01:56, Estimated time left: 0:02:49
2025-01-23 10:37:12,370 - INFO - Trial: 31/100, Epoch: 5/10, Val loss: 0.1365, Elapsed time: 0:02:24, Estimated time left: 0:02:21
2025-01-23 10:37:40,618 - INFO - Trial: 31/100, Epoch: 6/10, Val loss: 0.1365, Elapsed time: 0:02:52, Estimated time left: 0:01:52
2025-01-23 10:38:08,943 - INFO - Trial: 31/100, Epoch: 7/10, Val loss: 0.1365, Elapsed time: 0:03:20, Estimated time left: 0:01:24
2025-01-23 10:38:37,307 - INFO - Trial: 31/100, Epoch: 8/10, Val loss: 0.1365, Elapsed time: 0:03:49, Estimated time left: 0:00:56
2025-01-23 10:39:05,615 - INFO - Trial: 31/100, Epoch: 9/10, Val loss: 0.1365, Elapsed time: 0:04:17, Estimated time left: 0:00:28
2025-01-23 10:39:33,935 - INFO - Trial: 31/100, Epoch: 10/10, Val loss: 0.1365, Elapsed time: 0:04:45, Estimated time left: 0:00:00
2025-01-23 10:39:33,938 - INFO - Trial 30 finished with value: 0.13650062599824486 and parameters: {'hidden_layers': 7, 'n_units_l': 4, 'lr': 3.067964961050795e-05, 'batch_size': 42}. Best is trial 14 with value: 0.0007135949661039349.
2025-01-23 10:39:33,943 - INFO - Elapsed time: 8803.76 seconds
2025-01-23 10:39:33,943 - INFO - Estimated time left: 0.00 seconds
2025-01-23 10:40:42,280 - INFO - Trial: 32/100, Epoch: 1/10, Val loss: 0.0169, Elapsed time: 0:01:08, Estimated time left: 0:10:14
2025-01-23 10:41:46,084 - INFO - Trial: 32/100, Epoch: 2/10, Val loss: 0.0026, Elapsed time: 0:02:12, Estimated time left: 0:08:30
2025-01-23 10:42:50,039 - INFO - Trial: 32/100, Epoch: 3/10, Val loss: 0.0020, Elapsed time: 0:03:16, Estimated time left: 0:07:27
2025-01-23 10:43:53,996 - INFO - Trial: 32/100, Epoch: 4/10, Val loss: 0.0016, Elapsed time: 0:04:20, Estimated time left: 0:06:23
2025-01-23 10:44:58,200 - INFO - Trial: 32/100, Epoch: 5/10, Val loss: 0.0013, Elapsed time: 0:05:24, Estimated time left: 0:05:21
2025-01-23 10:46:02,763 - INFO - Trial: 32/100, Epoch: 6/10, Val loss: 0.0011, Elapsed time: 0:06:28, Estimated time left: 0:04:18
2025-01-23 10:47:06,635 - INFO - Trial: 32/100, Epoch: 7/10, Val loss: 0.0010, Elapsed time: 0:07:32, Estimated time left: 0:03:11
2025-01-23 10:48:11,022 - INFO - Trial: 32/100, Epoch: 8/10, Val loss: 0.0009, Elapsed time: 0:08:37, Estimated time left: 0:02:08
2025-01-23 10:49:15,229 - INFO - Trial: 32/100, Epoch: 9/10, Val loss: 0.0009, Elapsed time: 0:09:41, Estimated time left: 0:01:04
2025-01-23 10:50:19,101 - INFO - Trial: 32/100, Epoch: 10/10, Val loss: 0.0008, Elapsed time: 0:10:45, Estimated time left: 0:00:00
2025-01-23 10:50:19,103 - INFO - Trial 31 finished with value: 0.0008209619020725024 and parameters: {'hidden_layers': 5, 'n_units_l': 256, 'lr': 0.00046641330955801854, 'batch_size': 17}. Best is trial 14 with value: 0.0007135949661039349.
2025-01-23 10:50:19,108 - INFO - Elapsed time: 9448.92 seconds
2025-01-23 10:50:19,109 - INFO - Estimated time left: 0.00 seconds
2025-01-23 10:51:01,424 - INFO - Trial: 33/100, Epoch: 1/10, Val loss: 0.0202, Elapsed time: 0:00:42, Estimated time left: 0:06:20
2025-01-23 10:51:40,418 - INFO - Trial: 33/100, Epoch: 2/10, Val loss: 0.0027, Elapsed time: 0:01:21, Estimated time left: 0:05:11
2025-01-23 10:52:19,134 - INFO - Trial: 33/100, Epoch: 3/10, Val loss: 0.0021, Elapsed time: 0:02:00, Estimated time left: 0:04:31
2025-01-23 10:52:57,819 - INFO - Trial: 33/100, Epoch: 4/10, Val loss: 0.0018, Elapsed time: 0:02:38, Estimated time left: 0:03:52
2025-01-23 10:53:36,754 - INFO - Trial: 33/100, Epoch: 5/10, Val loss: 0.0014, Elapsed time: 0:03:17, Estimated time left: 0:03:14
2025-01-23 10:54:15,808 - INFO - Trial: 33/100, Epoch: 6/10, Val loss: 0.0012, Elapsed time: 0:03:56, Estimated time left: 0:02:36
2025-01-23 10:54:54,807 - INFO - Trial: 33/100, Epoch: 7/10, Val loss: 0.0011, Elapsed time: 0:04:35, Estimated time left: 0:01:56
2025-01-23 10:55:33,902 - INFO - Trial: 33/100, Epoch: 8/10, Val loss: 0.0011, Elapsed time: 0:05:14, Estimated time left: 0:01:18
2025-01-23 10:56:13,059 - INFO - Trial: 33/100, Epoch: 9/10, Val loss: 0.0010, Elapsed time: 0:05:53, Estimated time left: 0:00:39
2025-01-23 10:56:52,012 - INFO - Trial: 33/100, Epoch: 10/10, Val loss: 0.0009, Elapsed time: 0:06:32, Estimated time left: 0:00:00
2025-01-23 10:56:52,015 - INFO - Trial 32 finished with value: 0.0008647978522618187 and parameters: {'hidden_layers': 5, 'n_units_l': 182, 'lr': 0.0005180640446754875, 'batch_size': 27}. Best is trial 14 with value: 0.0007135949661039349.
2025-01-23 10:56:52,020 - INFO - Elapsed time: 9841.83 seconds
2025-01-23 10:56:52,021 - INFO - Estimated time left: 0.00 seconds
2025-01-23 10:57:32,338 - INFO - Trial: 34/100, Epoch: 1/10, Val loss: 0.0319, Elapsed time: 0:00:40, Estimated time left: 0:06:02
2025-01-23 10:58:09,462 - INFO - Trial: 34/100, Epoch: 2/10, Val loss: 0.0030, Elapsed time: 0:01:17, Estimated time left: 0:04:56
2025-01-23 10:58:46,501 - INFO - Trial: 34/100, Epoch: 3/10, Val loss: 0.0025, Elapsed time: 0:01:54, Estimated time left: 0:04:19
2025-01-23 10:59:23,585 - INFO - Trial: 34/100, Epoch: 4/10, Val loss: 0.0023, Elapsed time: 0:02:31, Estimated time left: 0:03:42
2025-01-23 11:00:00,825 - INFO - Trial: 34/100, Epoch: 5/10, Val loss: 0.0022, Elapsed time: 0:03:08, Estimated time left: 0:03:06
2025-01-23 11:00:38,031 - INFO - Trial: 34/100, Epoch: 6/10, Val loss: 0.0020, Elapsed time: 0:03:45, Estimated time left: 0:02:28
2025-01-23 11:01:15,254 - INFO - Trial: 34/100, Epoch: 7/10, Val loss: 0.0020, Elapsed time: 0:04:23, Estimated time left: 0:01:51
2025-01-23 11:01:52,436 - INFO - Trial: 34/100, Epoch: 8/10, Val loss: 0.0019, Elapsed time: 0:05:00, Estimated time left: 0:01:14
2025-01-23 11:02:30,167 - INFO - Trial: 34/100, Epoch: 9/10, Val loss: 0.0018, Elapsed time: 0:05:38, Estimated time left: 0:00:37
2025-01-23 11:03:07,437 - INFO - Trial: 34/100, Epoch: 10/10, Val loss: 0.0017, Elapsed time: 0:06:15, Estimated time left: 0:00:00
2025-01-23 11:03:07,439 - INFO - Trial 33 finished with value: 0.00171852039152159 and parameters: {'hidden_layers': 5, 'n_units_l': 168, 'lr': 0.00010061887804417142, 'batch_size': 28}. Best is trial 14 with value: 0.0007135949661039349.
2025-01-23 11:03:07,445 - INFO - Elapsed time: 10217.26 seconds
2025-01-23 11:03:07,445 - INFO - Estimated time left: 0.00 seconds
2025-01-23 11:03:53,474 - INFO - Trial: 35/100, Epoch: 1/10, Val loss: 0.0255, Elapsed time: 0:00:46, Estimated time left: 0:06:54
2025-01-23 11:04:38,777 - INFO - Trial: 35/100, Epoch: 2/10, Val loss: 0.0031, Elapsed time: 0:01:31, Estimated time left: 0:06:02
2025-01-23 11:05:24,022 - INFO - Trial: 35/100, Epoch: 3/10, Val loss: 0.0027, Elapsed time: 0:02:16, Estimated time left: 0:05:16
2025-01-23 11:06:09,322 - INFO - Trial: 35/100, Epoch: 4/10, Val loss: 0.0026, Elapsed time: 0:03:01, Estimated time left: 0:04:31
2025-01-23 11:06:54,579 - INFO - Trial: 35/100, Epoch: 5/10, Val loss: 0.0021, Elapsed time: 0:03:47, Estimated time left: 0:03:46
2025-01-23 11:07:39,862 - INFO - Trial: 35/100, Epoch: 6/10, Val loss: 0.0019, Elapsed time: 0:04:32, Estimated time left: 0:03:01
2025-01-23 11:08:25,148 - INFO - Trial: 35/100, Epoch: 7/10, Val loss: 0.0019, Elapsed time: 0:05:17, Estimated time left: 0:02:15
2025-01-23 11:09:10,404 - INFO - Trial: 35/100, Epoch: 8/10, Val loss: 0.0018, Elapsed time: 0:06:02, Estimated time left: 0:01:30
2025-01-23 11:09:55,663 - INFO - Trial: 35/100, Epoch: 9/10, Val loss: 0.0018, Elapsed time: 0:06:48, Estimated time left: 0:00:45
2025-01-23 11:10:40,979 - INFO - Trial: 35/100, Epoch: 10/10, Val loss: 0.0016, Elapsed time: 0:07:33, Estimated time left: 0:00:00
2025-01-23 11:10:40,981 - INFO - Trial 34 finished with value: 0.001561581726159784 and parameters: {'hidden_layers': 4, 'n_units_l': 85, 'lr': 0.001661755394935096, 'batch_size': 20}. Best is trial 14 with value: 0.0007135949661039349.
2025-01-23 11:10:40,987 - INFO - Elapsed time: 10670.80 seconds
2025-01-23 11:10:40,987 - INFO - Estimated time left: 0.00 seconds
2025-01-23 11:11:16,251 - INFO - Trial: 36/100, Epoch: 1/10, Val loss: 0.0248, Elapsed time: 0:00:35, Estimated time left: 0:05:17
2025-01-23 11:11:49,503 - INFO - Trial: 36/100, Epoch: 2/10, Val loss: 0.0027, Elapsed time: 0:01:08, Estimated time left: 0:04:26
2025-01-23 11:12:22,639 - INFO - Trial: 36/100, Epoch: 3/10, Val loss: 0.0025, Elapsed time: 0:01:41, Estimated time left: 0:03:51
2025-01-23 11:12:55,714 - INFO - Trial: 36/100, Epoch: 4/10, Val loss: 0.0023, Elapsed time: 0:02:14, Estimated time left: 0:03:18
2025-01-23 11:13:28,858 - INFO - Trial: 36/100, Epoch: 5/10, Val loss: 0.0021, Elapsed time: 0:02:47, Estimated time left: 0:02:45
2025-01-23 11:14:02,073 - INFO - Trial: 36/100, Epoch: 6/10, Val loss: 0.0019, Elapsed time: 0:03:21, Estimated time left: 0:02:12
2025-01-23 11:14:35,299 - INFO - Trial: 36/100, Epoch: 7/10, Val loss: 0.0018, Elapsed time: 0:03:54, Estimated time left: 0:01:39
2025-01-23 11:15:08,488 - INFO - Trial: 36/100, Epoch: 8/10, Val loss: 0.0016, Elapsed time: 0:04:27, Estimated time left: 0:01:06
2025-01-23 11:15:41,726 - INFO - Trial: 36/100, Epoch: 9/10, Val loss: 0.0015, Elapsed time: 0:05:00, Estimated time left: 0:00:33
2025-01-23 11:16:14,910 - INFO - Trial: 36/100, Epoch: 10/10, Val loss: 0.0014, Elapsed time: 0:05:33, Estimated time left: 0:00:00
2025-01-23 11:16:14,912 - INFO - Trial 35 finished with value: 0.0014343477591812386 and parameters: {'hidden_layers': 6, 'n_units_l': 129, 'lr': 0.0002235731109610726, 'batch_size': 34}. Best is trial 14 with value: 0.0007135949661039349.
2025-01-23 11:16:14,918 - INFO - Elapsed time: 11004.73 seconds
2025-01-23 11:16:14,919 - INFO - Estimated time left: 0.00 seconds
2025-01-23 11:16:59,675 - INFO - Trial: 37/100, Epoch: 1/10, Val loss: 0.0384, Elapsed time: 0:00:44, Estimated time left: 0:06:42
2025-01-23 11:17:40,927 - INFO - Trial: 37/100, Epoch: 2/10, Val loss: 0.0036, Elapsed time: 0:01:25, Estimated time left: 0:05:30
2025-01-23 11:18:21,416 - INFO - Trial: 37/100, Epoch: 3/10, Val loss: 0.0032, Elapsed time: 0:02:06, Estimated time left: 0:04:43
2025-01-23 11:19:02,388 - INFO - Trial: 37/100, Epoch: 4/10, Val loss: 0.0030, Elapsed time: 0:02:47, Estimated time left: 0:04:05
2025-01-23 11:19:42,879 - INFO - Trial: 37/100, Epoch: 5/10, Val loss: 0.0034, Elapsed time: 0:03:27, Estimated time left: 0:03:22
2025-01-23 11:20:23,404 - INFO - Trial: 37/100, Epoch: 6/10, Val loss: 0.0030, Elapsed time: 0:04:08, Estimated time left: 0:02:42
2025-01-23 11:21:03,927 - INFO - Trial: 37/100, Epoch: 7/10, Val loss: 0.0027, Elapsed time: 0:04:48, Estimated time left: 0:02:01
2025-01-23 11:21:44,408 - INFO - Trial: 37/100, Epoch: 8/10, Val loss: 0.0038, Elapsed time: 0:05:29, Estimated time left: 0:01:20
2025-01-23 11:22:24,893 - INFO - Trial: 37/100, Epoch: 9/10, Val loss: 0.0027, Elapsed time: 0:06:09, Estimated time left: 0:00:40
2025-01-23 11:23:05,455 - INFO - Trial: 37/100, Epoch: 10/10, Val loss: 0.0025, Elapsed time: 0:06:50, Estimated time left: 0:00:00
2025-01-23 11:23:05,457 - INFO - Trial 36 finished with value: 0.0024724021076793774 and parameters: {'hidden_layers': 5, 'n_units_l': 56, 'lr': 0.0030865157853289093, 'batch_size': 24}. Best is trial 14 with value: 0.0007135949661039349.
2025-01-23 11:23:05,464 - INFO - Elapsed time: 11415.28 seconds
2025-01-23 11:23:05,464 - INFO - Estimated time left: 0.00 seconds
2025-01-23 11:24:07,817 - INFO - Trial: 38/100, Epoch: 1/10, Val loss: 0.0386, Elapsed time: 0:01:02, Estimated time left: 0:09:20
2025-01-23 11:25:06,315 - INFO - Trial: 38/100, Epoch: 2/10, Val loss: 0.0029, Elapsed time: 0:02:00, Estimated time left: 0:07:47
2025-01-23 11:26:04,731 - INFO - Trial: 38/100, Epoch: 3/10, Val loss: 0.0025, Elapsed time: 0:02:59, Estimated time left: 0:06:48
2025-01-23 11:27:03,448 - INFO - Trial: 38/100, Epoch: 4/10, Val loss: 0.0023, Elapsed time: 0:03:57, Estimated time left: 0:05:52
2025-01-23 11:28:02,110 - INFO - Trial: 38/100, Epoch: 5/10, Val loss: 0.0022, Elapsed time: 0:04:56, Estimated time left: 0:04:53
2025-01-23 11:29:00,750 - INFO - Trial: 38/100, Epoch: 6/10, Val loss: 0.0021, Elapsed time: 0:05:55, Estimated time left: 0:03:54
2025-01-23 11:29:59,435 - INFO - Trial: 38/100, Epoch: 7/10, Val loss: 0.0019, Elapsed time: 0:06:53, Estimated time left: 0:02:56
2025-01-23 11:30:58,108 - INFO - Trial: 38/100, Epoch: 8/10, Val loss: 0.0019, Elapsed time: 0:07:52, Estimated time left: 0:01:57
2025-01-23 11:31:56,730 - INFO - Trial: 38/100, Epoch: 9/10, Val loss: 0.0018, Elapsed time: 0:08:51, Estimated time left: 0:00:58
2025-01-23 11:32:55,871 - INFO - Trial: 38/100, Epoch: 10/10, Val loss: 0.0017, Elapsed time: 0:09:50, Estimated time left: 0:00:00
2025-01-23 11:32:55,873 - INFO - Trial 37 finished with value: 0.0016818602391505206 and parameters: {'hidden_layers': 6, 'n_units_l': 206, 'lr': 5.065053799327416e-05, 'batch_size': 19}. Best is trial 14 with value: 0.0007135949661039349.
2025-01-23 11:32:55,880 - INFO - Elapsed time: 12005.69 seconds
2025-01-23 11:32:55,880 - INFO - Estimated time left: 0.00 seconds
2025-01-23 11:33:25,221 - INFO - Trial: 39/100, Epoch: 1/10, Val loss: 0.0091, Elapsed time: 0:00:29, Estimated time left: 0:04:23
2025-01-23 11:33:55,364 - INFO - Trial: 39/100, Epoch: 2/10, Val loss: 0.0027, Elapsed time: 0:00:59, Estimated time left: 0:04:01
2025-01-23 11:34:25,718 - INFO - Trial: 39/100, Epoch: 3/10, Val loss: 0.0023, Elapsed time: 0:01:29, Estimated time left: 0:03:32
2025-01-23 11:34:56,273 - INFO - Trial: 39/100, Epoch: 4/10, Val loss: 0.0022, Elapsed time: 0:02:00, Estimated time left: 0:03:03
2025-01-23 11:35:26,736 - INFO - Trial: 39/100, Epoch: 5/10, Val loss: 0.0021, Elapsed time: 0:02:30, Estimated time left: 0:02:32
2025-01-23 11:35:57,259 - INFO - Trial: 39/100, Epoch: 6/10, Val loss: 0.0021, Elapsed time: 0:03:01, Estimated time left: 0:02:02
2025-01-23 11:36:27,823 - INFO - Trial: 39/100, Epoch: 7/10, Val loss: 0.0020, Elapsed time: 0:03:31, Estimated time left: 0:01:31
2025-01-23 11:36:58,257 - INFO - Trial: 39/100, Epoch: 8/10, Val loss: 0.0020, Elapsed time: 0:04:02, Estimated time left: 0:01:00
2025-01-23 11:37:28,854 - INFO - Trial: 39/100, Epoch: 9/10, Val loss: 0.0019, Elapsed time: 0:04:32, Estimated time left: 0:00:30
2025-01-23 11:37:59,533 - INFO - Trial: 39/100, Epoch: 10/10, Val loss: 0.0019, Elapsed time: 0:05:03, Estimated time left: 0:00:00
