2025-01-23 09:16:47,058 - INFO - Trial 12 finished with value: 0.13667091017782687 and parameters: {'hidden_layers': 8, 'n_units_l': 148, 'lr': 0.015359831538865326, 'batch_size': 16}. Best is trial 8 with value: 0.0008666118113365763.
2025-01-23 09:16:47,061 - INFO - Elapsed time: 3836.88 seconds
2025-01-23 09:16:47,061 - INFO - Estimated time left: 0.00 seconds
2025-01-23 09:16:59,907 - INFO - Trial: 14/100, Epoch: 1/10, Val loss: 0.1365, Elapsed time: 0:00:12, Estimated time left: 0:01:55
2025-01-23 09:17:12,618 - INFO - Trial: 14/100, Epoch: 2/10, Val loss: 0.1365, Elapsed time: 0:00:25, Estimated time left: 0:01:41
2025-01-23 09:17:24,804 - INFO - Trial: 14/100, Epoch: 3/10, Val loss: 0.1365, Elapsed time: 0:00:37, Estimated time left: 0:01:25
2025-01-23 09:17:37,014 - INFO - Trial: 14/100, Epoch: 4/10, Val loss: 0.1365, Elapsed time: 0:00:49, Estimated time left: 0:01:13
2025-01-23 09:17:49,250 - INFO - Trial: 14/100, Epoch: 5/10, Val loss: 0.1365, Elapsed time: 0:01:02, Estimated time left: 0:01:01
2025-01-23 09:18:01,464 - INFO - Trial: 14/100, Epoch: 6/10, Val loss: 0.1365, Elapsed time: 0:01:14, Estimated time left: 0:00:48
2025-01-23 09:18:13,717 - INFO - Trial: 14/100, Epoch: 7/10, Val loss: 0.1365, Elapsed time: 0:01:26, Estimated time left: 0:00:36
2025-01-23 09:18:25,915 - INFO - Trial: 14/100, Epoch: 8/10, Val loss: 0.1365, Elapsed time: 0:01:38, Estimated time left: 0:00:24
2025-01-23 09:18:38,141 - INFO - Trial: 14/100, Epoch: 9/10, Val loss: 0.1365, Elapsed time: 0:01:51, Estimated time left: 0:00:12
2025-01-23 09:18:50,490 - INFO - Trial: 14/100, Epoch: 10/10, Val loss: 0.1365, Elapsed time: 0:02:03, Estimated time left: 0:00:00
2025-01-23 09:18:50,492 - INFO - Trial 13 finished with value: 0.1365109188319112 and parameters: {'hidden_layers': 5, 'n_units_l': 4, 'lr': 0.0003309178358030941, 'batch_size': 103}. Best is trial 8 with value: 0.0008666118113365763.
2025-01-23 09:18:50,495 - INFO - Elapsed time: 3960.31 seconds
2025-01-23 09:18:50,495 - INFO - Estimated time left: 0.00 seconds
2025-01-23 09:19:21,472 - INFO - Trial: 15/100, Epoch: 1/10, Val loss: 0.0331, Elapsed time: 0:00:30, Estimated time left: 0:04:38
2025-01-23 09:19:50,861 - INFO - Trial: 15/100, Epoch: 2/10, Val loss: 0.0026, Elapsed time: 0:01:00, Estimated time left: 0:03:55
2025-01-23 09:20:20,226 - INFO - Trial: 15/100, Epoch: 3/10, Val loss: 0.0026, Elapsed time: 0:01:29, Estimated time left: 0:03:25
2025-01-23 09:20:49,562 - INFO - Trial: 15/100, Epoch: 4/10, Val loss: 0.0022, Elapsed time: 0:01:59, Estimated time left: 0:02:56
2025-01-23 09:21:18,876 - INFO - Trial: 15/100, Epoch: 5/10, Val loss: 0.0021, Elapsed time: 0:02:28, Estimated time left: 0:02:26
2025-01-23 09:21:48,143 - INFO - Trial: 15/100, Epoch: 6/10, Val loss: 0.0017, Elapsed time: 0:02:57, Estimated time left: 0:01:57
2025-01-23 09:22:17,429 - INFO - Trial: 15/100, Epoch: 7/10, Val loss: 0.0016, Elapsed time: 0:03:26, Estimated time left: 0:01:27
2025-01-23 09:22:46,804 - INFO - Trial: 15/100, Epoch: 8/10, Val loss: 0.0010, Elapsed time: 0:03:56, Estimated time left: 0:00:58
2025-01-23 09:23:16,181 - INFO - Trial: 15/100, Epoch: 9/10, Val loss: 0.0010, Elapsed time: 0:04:25, Estimated time left: 0:00:29
2025-01-23 09:23:45,537 - INFO - Trial: 15/100, Epoch: 10/10, Val loss: 0.0007, Elapsed time: 0:04:55, Estimated time left: 0:00:00
2025-01-23 09:23:45,539 - INFO - Trial 14 finished with value: 0.0007135949661039349 and parameters: {'hidden_layers': 8, 'n_units_l': 238, 'lr': 0.00027459094398262575, 'batch_size': 51}. Best is trial 14 with value: 0.0007135949661039349.
2025-01-23 09:23:45,542 - INFO - Elapsed time: 4255.36 seconds
2025-01-23 09:23:45,542 - INFO - Estimated time left: 0.00 seconds
2025-01-23 09:24:14,334 - INFO - Trial: 16/100, Epoch: 1/10, Val loss: 0.0625, Elapsed time: 0:00:28, Estimated time left: 0:04:18
2025-01-23 09:24:40,605 - INFO - Trial: 16/100, Epoch: 2/10, Val loss: 0.0049, Elapsed time: 0:00:55, Estimated time left: 0:03:30
2025-01-23 09:25:06,993 - INFO - Trial: 16/100, Epoch: 3/10, Val loss: 0.0028, Elapsed time: 0:01:21, Estimated time left: 0:03:04
2025-01-23 09:25:33,215 - INFO - Trial: 16/100, Epoch: 4/10, Val loss: 0.0026, Elapsed time: 0:01:47, Estimated time left: 0:02:37
2025-01-23 09:25:59,510 - INFO - Trial: 16/100, Epoch: 5/10, Val loss: 0.0025, Elapsed time: 0:02:13, Estimated time left: 0:02:11
2025-01-23 09:26:25,732 - INFO - Trial: 16/100, Epoch: 6/10, Val loss: 0.0022, Elapsed time: 0:02:40, Estimated time left: 0:01:44
2025-01-23 09:26:51,979 - INFO - Trial: 16/100, Epoch: 7/10, Val loss: 0.0021, Elapsed time: 0:03:06, Estimated time left: 0:01:18
2025-01-23 09:27:18,263 - INFO - Trial: 16/100, Epoch: 8/10, Val loss: 0.0020, Elapsed time: 0:03:32, Estimated time left: 0:00:52
2025-01-23 09:27:44,573 - INFO - Trial: 16/100, Epoch: 9/10, Val loss: 0.0019, Elapsed time: 0:03:59, Estimated time left: 0:00:26
2025-01-23 09:28:10,851 - INFO - Trial: 16/100, Epoch: 10/10, Val loss: 0.0020, Elapsed time: 0:04:25, Estimated time left: 0:00:00
2025-01-23 09:28:10,853 - INFO - Trial 15 finished with value: 0.0020378746446804144 and parameters: {'hidden_layers': 8, 'n_units_l': 97, 'lr': 0.0002466711268155868, 'batch_size': 50}. Best is trial 14 with value: 0.0007135949661039349.
2025-01-23 09:28:10,857 - INFO - Elapsed time: 4520.67 seconds
2025-01-23 09:28:10,857 - INFO - Estimated time left: 0.00 seconds
2025-01-23 09:28:31,672 - INFO - Trial: 17/100, Epoch: 1/10, Val loss: 0.1373, Elapsed time: 0:00:20, Estimated time left: 0:03:07
2025-01-23 09:28:51,018 - INFO - Trial: 17/100, Epoch: 2/10, Val loss: 0.0434, Elapsed time: 0:00:40, Estimated time left: 0:02:34
2025-01-23 09:29:10,340 - INFO - Trial: 17/100, Epoch: 3/10, Val loss: 0.0214, Elapsed time: 0:00:59, Estimated time left: 0:02:15
2025-01-23 09:29:29,683 - INFO - Trial: 17/100, Epoch: 4/10, Val loss: 0.0115, Elapsed time: 0:01:18, Estimated time left: 0:01:56
2025-01-23 09:29:49,015 - INFO - Trial: 17/100, Epoch: 5/10, Val loss: 0.0091, Elapsed time: 0:01:38, Estimated time left: 0:01:36
2025-01-23 09:30:08,317 - INFO - Trial: 17/100, Epoch: 6/10, Val loss: 0.0082, Elapsed time: 0:01:57, Estimated time left: 0:01:17
2025-01-23 09:30:27,601 - INFO - Trial: 17/100, Epoch: 7/10, Val loss: 0.0076, Elapsed time: 0:02:16, Estimated time left: 0:00:57
2025-01-23 09:30:46,961 - INFO - Trial: 17/100, Epoch: 8/10, Val loss: 0.0072, Elapsed time: 0:02:36, Estimated time left: 0:00:38
2025-01-23 09:31:06,282 - INFO - Trial: 17/100, Epoch: 9/10, Val loss: 0.0069, Elapsed time: 0:02:55, Estimated time left: 0:00:19
2025-01-23 09:31:25,619 - INFO - Trial: 17/100, Epoch: 10/10, Val loss: 0.0067, Elapsed time: 0:03:14, Estimated time left: 0:00:00
2025-01-23 09:31:25,621 - INFO - Trial 16 finished with value: 0.006707134656300941 and parameters: {'hidden_layers': 7, 'n_units_l': 39, 'lr': 1.265557246747326e-05, 'batch_size': 66}. Best is trial 14 with value: 0.0007135949661039349.
2025-01-23 09:31:25,624 - INFO - Elapsed time: 4715.44 seconds
2025-01-23 09:31:25,624 - INFO - Estimated time left: 0.00 seconds
2025-01-23 09:31:52,926 - INFO - Trial: 18/100, Epoch: 1/10, Val loss: 0.0929, Elapsed time: 0:00:27, Estimated time left: 0:04:05
2025-01-23 09:32:18,997 - INFO - Trial: 18/100, Epoch: 2/10, Val loss: 0.0061, Elapsed time: 0:00:53, Estimated time left: 0:03:28
2025-01-23 09:32:44,613 - INFO - Trial: 18/100, Epoch: 3/10, Val loss: 0.0052, Elapsed time: 0:01:18, Estimated time left: 0:02:59
2025-01-23 09:33:10,113 - INFO - Trial: 18/100, Epoch: 4/10, Val loss: 0.0042, Elapsed time: 0:01:44, Estimated time left: 0:02:32
2025-01-23 09:33:35,519 - INFO - Trial: 18/100, Epoch: 5/10, Val loss: 0.0037, Elapsed time: 0:02:09, Estimated time left: 0:02:07
2025-01-23 09:34:01,113 - INFO - Trial: 18/100, Epoch: 6/10, Val loss: 0.0034, Elapsed time: 0:02:35, Estimated time left: 0:01:42
2025-01-23 09:34:26,549 - INFO - Trial: 18/100, Epoch: 7/10, Val loss: 0.0032, Elapsed time: 0:03:00, Estimated time left: 0:01:16
2025-01-23 09:34:52,070 - INFO - Trial: 18/100, Epoch: 8/10, Val loss: 0.0030, Elapsed time: 0:03:26, Estimated time left: 0:00:51
2025-01-23 09:35:17,616 - INFO - Trial: 18/100, Epoch: 9/10, Val loss: 0.0030, Elapsed time: 0:03:51, Estimated time left: 0:00:25
2025-01-23 09:35:43,295 - INFO - Trial: 18/100, Epoch: 10/10, Val loss: 0.0028, Elapsed time: 0:04:17, Estimated time left: 0:00:00
2025-01-23 09:35:43,297 - INFO - Trial 17 finished with value: 0.0028253068948061455 and parameters: {'hidden_layers': 7, 'n_units_l': 143, 'lr': 1.354983310689946e-05, 'batch_size': 49}. Best is trial 14 with value: 0.0007135949661039349.
2025-01-23 09:35:43,300 - INFO - Elapsed time: 4973.12 seconds
2025-01-23 09:35:43,301 - INFO - Estimated time left: 0.00 seconds
2025-01-23 09:35:57,490 - INFO - Trial: 19/100, Epoch: 1/10, Val loss: 0.1377, Elapsed time: 0:00:14, Estimated time left: 0:02:07
2025-01-23 09:36:10,643 - INFO - Trial: 19/100, Epoch: 2/10, Val loss: 0.1370, Elapsed time: 0:00:27, Estimated time left: 0:01:45
2025-01-23 09:36:23,784 - INFO - Trial: 19/100, Epoch: 3/10, Val loss: 0.1369, Elapsed time: 0:00:40, Estimated time left: 0:01:31
2025-01-23 09:36:36,953 - INFO - Trial: 19/100, Epoch: 4/10, Val loss: 0.1366, Elapsed time: 0:00:53, Estimated time left: 0:01:19
2025-01-23 09:36:50,085 - INFO - Trial: 19/100, Epoch: 5/10, Val loss: 0.1367, Elapsed time: 0:01:06, Estimated time left: 0:01:05
2025-01-23 09:37:03,235 - INFO - Trial: 19/100, Epoch: 6/10, Val loss: 0.1366, Elapsed time: 0:01:19, Estimated time left: 0:00:52
2025-01-23 09:37:16,370 - INFO - Trial: 19/100, Epoch: 7/10, Val loss: 0.1368, Elapsed time: 0:01:33, Estimated time left: 0:00:39
2025-01-23 09:37:29,544 - INFO - Trial: 19/100, Epoch: 8/10, Val loss: 0.1369, Elapsed time: 0:01:46, Estimated time left: 0:00:26
2025-01-23 09:37:42,694 - INFO - Trial: 19/100, Epoch: 9/10, Val loss: 0.1366, Elapsed time: 0:01:59, Estimated time left: 0:00:13
2025-01-23 09:37:55,843 - INFO - Trial: 19/100, Epoch: 10/10, Val loss: 0.1367, Elapsed time: 0:02:12, Estimated time left: 0:00:00
2025-01-23 09:37:55,846 - INFO - Trial 18 finished with value: 0.13671724417789735 and parameters: {'hidden_layers': 7, 'n_units_l': 38, 'lr': 0.019969291638356777, 'batch_size': 107}. Best is trial 14 with value: 0.0007135949661039349.
2025-01-23 09:37:55,849 - INFO - Elapsed time: 5105.67 seconds
2025-01-23 09:37:55,849 - INFO - Estimated time left: 0.00 seconds
2025-01-23 09:38:25,890 - INFO - Trial: 20/100, Epoch: 1/10, Val loss: 0.0621, Elapsed time: 0:00:30, Estimated time left: 0:04:30
2025-01-23 09:38:53,380 - INFO - Trial: 20/100, Epoch: 2/10, Val loss: 0.0031, Elapsed time: 0:00:57, Estimated time left: 0:03:39
2025-01-23 09:39:20,859 - INFO - Trial: 20/100, Epoch: 3/10, Val loss: 0.0025, Elapsed time: 0:01:24, Estimated time left: 0:03:12
2025-01-23 09:39:48,293 - INFO - Trial: 20/100, Epoch: 4/10, Val loss: 0.0024, Elapsed time: 0:01:52, Estimated time left: 0:02:44
2025-01-23 09:40:15,655 - INFO - Trial: 20/100, Epoch: 5/10, Val loss: 0.0022, Elapsed time: 0:02:19, Estimated time left: 0:02:16
2025-01-23 09:40:43,034 - INFO - Trial: 20/100, Epoch: 6/10, Val loss: 0.0021, Elapsed time: 0:02:47, Estimated time left: 0:01:49
2025-01-23 09:41:10,500 - INFO - Trial: 20/100, Epoch: 7/10, Val loss: 0.0020, Elapsed time: 0:03:14, Estimated time left: 0:01:22
2025-01-23 09:41:37,951 - INFO - Trial: 20/100, Epoch: 8/10, Val loss: 0.0020, Elapsed time: 0:03:42, Estimated time left: 0:00:54
2025-01-23 09:42:05,426 - INFO - Trial: 20/100, Epoch: 9/10, Val loss: 0.0017, Elapsed time: 0:04:09, Estimated time left: 0:00:27
2025-01-23 09:42:32,926 - INFO - Trial: 20/100, Epoch: 10/10, Val loss: 0.0016, Elapsed time: 0:04:37, Estimated time left: 0:00:00
2025-01-23 09:42:32,929 - INFO - Trial 19 finished with value: 0.0015915655610871085 and parameters: {'hidden_layers': 8, 'n_units_l': 152, 'lr': 0.00017839494243509745, 'batch_size': 48}. Best is trial 14 with value: 0.0007135949661039349.
2025-01-23 09:42:32,932 - INFO - Elapsed time: 5382.75 seconds
2025-01-23 09:42:32,933 - INFO - Estimated time left: 0.00 seconds
2025-01-23 09:42:43,335 - INFO - Trial: 21/100, Epoch: 1/10, Val loss: 0.0145, Elapsed time: 0:00:10, Estimated time left: 0:01:33
2025-01-23 09:42:53,685 - INFO - Trial: 21/100, Epoch: 2/10, Val loss: 0.0039, Elapsed time: 0:00:20, Estimated time left: 0:01:22
2025-01-23 09:43:04,049 - INFO - Trial: 21/100, Epoch: 3/10, Val loss: 0.0039, Elapsed time: 0:00:31, Estimated time left: 0:01:12
2025-01-23 09:43:14,391 - INFO - Trial: 21/100, Epoch: 4/10, Val loss: 0.0039, Elapsed time: 0:00:41, Estimated time left: 0:01:02
2025-01-23 09:43:24,725 - INFO - Trial: 21/100, Epoch: 5/10, Val loss: 0.0039, Elapsed time: 0:00:51, Estimated time left: 0:00:51
2025-01-23 09:43:35,059 - INFO - Trial: 21/100, Epoch: 6/10, Val loss: 0.0037, Elapsed time: 0:01:02, Estimated time left: 0:00:41
2025-01-23 09:43:45,425 - INFO - Trial: 21/100, Epoch: 7/10, Val loss: 0.0038, Elapsed time: 0:01:12, Estimated time left: 0:00:31
2025-01-23 09:43:55,769 - INFO - Trial: 21/100, Epoch: 8/10, Val loss: 0.0041, Elapsed time: 0:01:22, Estimated time left: 0:00:20
2025-01-23 09:44:06,097 - INFO - Trial: 21/100, Epoch: 9/10, Val loss: 0.0037, Elapsed time: 0:01:33, Estimated time left: 0:00:10
2025-01-23 09:44:16,479 - INFO - Trial: 21/100, Epoch: 10/10, Val loss: 0.0041, Elapsed time: 0:01:43, Estimated time left: 0:00:00
2025-01-23 09:44:16,482 - INFO - Trial 20 finished with value: 0.004075636408390996 and parameters: {'hidden_layers': 1, 'n_units_l': 57, 'lr': 0.0026387464129931136, 'batch_size': 82}. Best is trial 14 with value: 0.0007135949661039349.
2025-01-23 09:44:16,486 - INFO - Elapsed time: 5486.30 seconds
2025-01-23 09:44:16,486 - INFO - Estimated time left: 0.00 seconds
2025-01-23 09:45:30,504 - INFO - Trial: 22/100, Epoch: 1/10, Val loss: 0.0207, Elapsed time: 0:01:13, Estimated time left: 0:11:05
2025-01-23 09:46:39,045 - INFO - Trial: 22/100, Epoch: 2/10, Val loss: 0.0027, Elapsed time: 0:02:22, Estimated time left: 0:09:08
2025-01-23 09:47:48,502 - INFO - Trial: 22/100, Epoch: 3/10, Val loss: 0.0021, Elapsed time: 0:03:31, Estimated time left: 0:08:06
2025-01-23 09:48:57,764 - INFO - Trial: 22/100, Epoch: 4/10, Val loss: 0.0019, Elapsed time: 0:04:41, Estimated time left: 0:06:55
2025-01-23 09:50:06,952 - INFO - Trial: 22/100, Epoch: 5/10, Val loss: 0.0014, Elapsed time: 0:05:50, Estimated time left: 0:05:45
2025-01-23 09:51:16,127 - INFO - Trial: 22/100, Epoch: 6/10, Val loss: 0.0012, Elapsed time: 0:06:59, Estimated time left: 0:04:36
2025-01-23 09:52:25,169 - INFO - Trial: 22/100, Epoch: 7/10, Val loss: 0.0012, Elapsed time: 0:08:08, Estimated time left: 0:03:27
2025-01-23 09:53:34,111 - INFO - Trial: 22/100, Epoch: 8/10, Val loss: 0.0012, Elapsed time: 0:09:17, Estimated time left: 0:02:17
2025-01-23 09:54:43,079 - INFO - Trial: 22/100, Epoch: 9/10, Val loss: 0.0009, Elapsed time: 0:10:26, Estimated time left: 0:01:08
2025-01-23 09:55:52,105 - INFO - Trial: 22/100, Epoch: 10/10, Val loss: 0.0009, Elapsed time: 0:11:35, Estimated time left: 0:00:00
2025-01-23 09:55:52,107 - INFO - Trial 21 finished with value: 0.0009230276423133909 and parameters: {'hidden_layers': 5, 'n_units_l': 245, 'lr': 0.0006438593018862158, 'batch_size': 16}. Best is trial 14 with value: 0.0007135949661039349.
2025-01-23 09:55:52,111 - INFO - Elapsed time: 6181.93 seconds
2025-01-23 09:55:52,111 - INFO - Estimated time left: 0.00 seconds
2025-01-23 09:56:35,234 - INFO - Trial: 23/100, Epoch: 1/10, Val loss: 0.0175, Elapsed time: 0:00:43, Estimated time left: 0:06:27
2025-01-23 09:57:17,550 - INFO - Trial: 23/100, Epoch: 2/10, Val loss: 0.0025, Elapsed time: 0:01:25, Estimated time left: 0:05:38
2025-01-23 09:57:59,561 - INFO - Trial: 23/100, Epoch: 3/10, Val loss: 0.0022, Elapsed time: 0:02:07, Estimated time left: 0:04:54
2025-01-23 09:58:41,847 - INFO - Trial: 23/100, Epoch: 4/10, Val loss: 0.0017, Elapsed time: 0:02:49, Estimated time left: 0:04:13
2025-01-23 09:59:24,172 - INFO - Trial: 23/100, Epoch: 5/10, Val loss: 0.0015, Elapsed time: 0:03:32, Estimated time left: 0:03:31
2025-01-23 10:00:06,663 - INFO - Trial: 23/100, Epoch: 6/10, Val loss: 0.0012, Elapsed time: 0:04:14, Estimated time left: 0:02:49
2025-01-23 10:00:49,047 - INFO - Trial: 23/100, Epoch: 7/10, Val loss: 0.0010, Elapsed time: 0:04:56, Estimated time left: 0:02:07
2025-01-23 10:01:31,415 - INFO - Trial: 23/100, Epoch: 8/10, Val loss: 0.0010, Elapsed time: 0:05:39, Estimated time left: 0:01:24
2025-01-23 10:02:13,823 - INFO - Trial: 23/100, Epoch: 9/10, Val loss: 0.0009, Elapsed time: 0:06:21, Estimated time left: 0:00:42
2025-01-23 10:02:56,158 - INFO - Trial: 23/100, Epoch: 10/10, Val loss: 0.0009, Elapsed time: 0:07:04, Estimated time left: 0:00:00
2025-01-23 10:02:56,160 - INFO - Trial 22 finished with value: 0.0009487766002696241 and parameters: {'hidden_layers': 4, 'n_units_l': 185, 'lr': 0.000379298076964035, 'batch_size': 23}. Best is trial 14 with value: 0.0007135949661039349.
2025-01-23 10:02:56,165 - INFO - Elapsed time: 6605.98 seconds
2025-01-23 10:02:56,165 - INFO - Estimated time left: 0.00 seconds
2025-01-23 10:03:33,778 - INFO - Trial: 24/100, Epoch: 1/10, Val loss: 0.0357, Elapsed time: 0:00:37, Estimated time left: 0:05:38
2025-01-23 10:04:07,823 - INFO - Trial: 24/100, Epoch: 2/10, Val loss: 0.0032, Elapsed time: 0:01:11, Estimated time left: 0:04:32
2025-01-23 10:04:41,819 - INFO - Trial: 24/100, Epoch: 3/10, Val loss: 0.0025, Elapsed time: 0:01:45, Estimated time left: 0:03:57
2025-01-23 10:05:15,873 - INFO - Trial: 24/100, Epoch: 4/10, Val loss: 0.0023, Elapsed time: 0:02:19, Estimated time left: 0:03:24
2025-01-23 10:05:49,786 - INFO - Trial: 24/100, Epoch: 5/10, Val loss: 0.0020, Elapsed time: 0:02:53, Estimated time left: 0:02:49
2025-01-23 10:06:23,772 - INFO - Trial: 24/100, Epoch: 6/10, Val loss: 0.0018, Elapsed time: 0:03:27, Estimated time left: 0:02:15
2025-01-23 10:06:57,688 - INFO - Trial: 24/100, Epoch: 7/10, Val loss: 0.0015, Elapsed time: 0:04:01, Estimated time left: 0:01:41
2025-01-23 10:07:31,653 - INFO - Trial: 24/100, Epoch: 8/10, Val loss: 0.0014, Elapsed time: 0:04:35, Estimated time left: 0:01:07
2025-01-23 10:08:05,554 - INFO - Trial: 24/100, Epoch: 9/10, Val loss: 0.0013, Elapsed time: 0:05:09, Estimated time left: 0:00:33
2025-01-23 10:08:39,481 - INFO - Trial: 24/100, Epoch: 10/10, Val loss: 0.0012, Elapsed time: 0:05:43, Estimated time left: 0:00:00
2025-01-23 10:08:39,483 - INFO - Trial 23 finished with value: 0.0011541646923125246 and parameters: {'hidden_layers': 7, 'n_units_l': 103, 'lr': 0.000788750073916582, 'batch_size': 35}. Best is trial 14 with value: 0.0007135949661039349.
2025-01-23 10:08:39,488 - INFO - Elapsed time: 6949.30 seconds
2025-01-23 10:08:39,488 - INFO - Estimated time left: 0.00 seconds
2025-01-23 10:08:50,398 - INFO - Trial: 25/100, Epoch: 1/10, Val loss: 0.0244, Elapsed time: 0:00:10, Estimated time left: 0:01:37
2025-01-23 10:09:01,143 - INFO - Trial: 25/100, Epoch: 2/10, Val loss: 0.0034, Elapsed time: 0:00:21, Estimated time left: 0:01:25
2025-01-23 10:09:11,830 - INFO - Trial: 25/100, Epoch: 3/10, Val loss: 0.0026, Elapsed time: 0:00:32, Estimated time left: 0:01:14
2025-01-23 10:09:22,570 - INFO - Trial: 25/100, Epoch: 4/10, Val loss: 0.0024, Elapsed time: 0:00:43, Estimated time left: 0:01:04
2025-01-23 10:09:33,273 - INFO - Trial: 25/100, Epoch: 5/10, Val loss: 0.0023, Elapsed time: 0:00:53, Estimated time left: 0:00:53
2025-01-23 10:09:43,997 - INFO - Trial: 25/100, Epoch: 6/10, Val loss: 0.0022, Elapsed time: 0:01:04, Estimated time left: 0:00:42
2025-01-23 10:09:54,724 - INFO - Trial: 25/100, Epoch: 7/10, Val loss: 0.0022, Elapsed time: 0:01:15, Estimated time left: 0:00:32
2025-01-23 10:10:05,464 - INFO - Trial: 25/100, Epoch: 8/10, Val loss: 0.0020, Elapsed time: 0:01:25, Estimated time left: 0:00:21
2025-01-23 10:10:16,171 - INFO - Trial: 25/100, Epoch: 9/10, Val loss: 0.0020, Elapsed time: 0:01:36, Estimated time left: 0:00:10
2025-01-23 10:10:26,889 - INFO - Trial: 25/100, Epoch: 10/10, Val loss: 0.0019, Elapsed time: 0:01:47, Estimated time left: 0:00:00
2025-01-23 10:10:26,892 - INFO - Trial 24 finished with value: 0.0018554241987564554 and parameters: {'hidden_layers': 4, 'n_units_l': 197, 'lr': 0.0001423788986327009, 'batch_size': 129}. Best is trial 14 with value: 0.0007135949661039349.
2025-01-23 10:10:26,896 - INFO - Elapsed time: 7056.71 seconds
2025-01-23 10:10:26,896 - INFO - Estimated time left: 0.00 seconds
2025-01-23 10:10:51,012 - INFO - Trial: 26/100, Epoch: 1/10, Val loss: 0.0799, Elapsed time: 0:00:24, Estimated time left: 0:03:36
2025-01-23 10:11:13,608 - INFO - Trial: 26/100, Epoch: 2/10, Val loss: 0.0059, Elapsed time: 0:00:46, Estimated time left: 0:03:00
2025-01-23 10:11:36,193 - INFO - Trial: 26/100, Epoch: 3/10, Val loss: 0.0051, Elapsed time: 0:01:09, Estimated time left: 0:02:38
2025-01-23 10:11:58,690 - INFO - Trial: 26/100, Epoch: 4/10, Val loss: 0.0039, Elapsed time: 0:01:31, Estimated time left: 0:02:14
2025-01-23 10:12:21,219 - INFO - Trial: 26/100, Epoch: 5/10, Val loss: 0.0034, Elapsed time: 0:01:54, Estimated time left: 0:01:52
2025-01-23 10:12:43,746 - INFO - Trial: 26/100, Epoch: 6/10, Val loss: 0.0031, Elapsed time: 0:02:16, Estimated time left: 0:01:30
2025-01-23 10:13:06,196 - INFO - Trial: 26/100, Epoch: 7/10, Val loss: 0.0029, Elapsed time: 0:02:39, Estimated time left: 0:01:07
2025-01-23 10:13:28,737 - INFO - Trial: 26/100, Epoch: 8/10, Val loss: 0.0028, Elapsed time: 0:03:01, Estimated time left: 0:00:45
2025-01-23 10:13:51,278 - INFO - Trial: 26/100, Epoch: 9/10, Val loss: 0.0027, Elapsed time: 0:03:24, Estimated time left: 0:00:22
2025-01-23 10:14:13,848 - INFO - Trial: 26/100, Epoch: 10/10, Val loss: 0.0026, Elapsed time: 0:03:46, Estimated time left: 0:00:00
