2025-01-23 12:25:34,256 - INFO - Trial 51 finished with value: 0.0009378749383924553 and parameters: {'hidden_layers': 5, 'n_units_l': 180, 'lr': 0.0005152263111921568, 'batch_size': 26}. Best is trial 14 with value: 0.0007135949661039349.
2025-01-23 12:25:34,265 - INFO - Elapsed time: 15164.08 seconds
2025-01-23 12:25:34,265 - INFO - Estimated time left: 0.00 seconds
2025-01-23 12:26:37,932 - INFO - Trial: 53/100, Epoch: 1/10, Val loss: 0.0230, Elapsed time: 0:01:03, Estimated time left: 0:09:32
2025-01-23 12:27:36,343 - INFO - Trial: 53/100, Epoch: 2/10, Val loss: 0.0029, Elapsed time: 0:02:02, Estimated time left: 0:07:47
2025-01-23 12:28:34,955 - INFO - Trial: 53/100, Epoch: 3/10, Val loss: 0.0021, Elapsed time: 0:03:00, Estimated time left: 0:06:50
2025-01-23 12:29:33,659 - INFO - Trial: 53/100, Epoch: 4/10, Val loss: 0.0019, Elapsed time: 0:03:59, Estimated time left: 0:05:52
2025-01-23 12:30:32,304 - INFO - Trial: 53/100, Epoch: 5/10, Val loss: 0.0014, Elapsed time: 0:04:58, Estimated time left: 0:04:53
2025-01-23 12:31:30,939 - INFO - Trial: 53/100, Epoch: 6/10, Val loss: 0.0013, Elapsed time: 0:05:56, Estimated time left: 0:03:54
2025-01-23 12:32:29,573 - INFO - Trial: 53/100, Epoch: 7/10, Val loss: 0.0011, Elapsed time: 0:06:55, Estimated time left: 0:02:55
2025-01-23 12:33:28,722 - INFO - Trial: 53/100, Epoch: 8/10, Val loss: 0.0011, Elapsed time: 0:07:54, Estimated time left: 0:01:58
2025-01-23 12:34:27,433 - INFO - Trial: 53/100, Epoch: 9/10, Val loss: 0.0010, Elapsed time: 0:08:53, Estimated time left: 0:00:58
2025-01-23 12:35:26,022 - INFO - Trial: 53/100, Epoch: 10/10, Val loss: 0.0010, Elapsed time: 0:09:51, Estimated time left: 0:00:00
2025-01-23 12:35:26,024 - INFO - Trial 52 finished with value: 0.000978369344418574 and parameters: {'hidden_layers': 5, 'n_units_l': 213, 'lr': 0.0008964399203463352, 'batch_size': 18}. Best is trial 14 with value: 0.0007135949661039349.
2025-01-23 12:35:26,033 - INFO - Elapsed time: 15755.84 seconds
2025-01-23 12:35:26,034 - INFO - Estimated time left: 0.00 seconds
2025-01-23 12:35:54,203 - INFO - Trial: 54/100, Epoch: 1/10, Val loss: 0.0215, Elapsed time: 0:00:28, Estimated time left: 0:04:13
2025-01-23 12:36:20,598 - INFO - Trial: 54/100, Epoch: 2/10, Val loss: 0.0031, Elapsed time: 0:00:54, Estimated time left: 0:03:31
2025-01-23 12:36:46,937 - INFO - Trial: 54/100, Epoch: 3/10, Val loss: 0.0030, Elapsed time: 0:01:20, Estimated time left: 0:03:04
2025-01-23 12:37:13,244 - INFO - Trial: 54/100, Epoch: 4/10, Val loss: 0.0022, Elapsed time: 0:01:47, Estimated time left: 0:02:37
2025-01-23 12:37:39,577 - INFO - Trial: 54/100, Epoch: 5/10, Val loss: 0.0018, Elapsed time: 0:02:13, Estimated time left: 0:02:11
2025-01-23 12:38:05,915 - INFO - Trial: 54/100, Epoch: 6/10, Val loss: 0.0017, Elapsed time: 0:02:39, Estimated time left: 0:01:45
2025-01-23 12:38:32,304 - INFO - Trial: 54/100, Epoch: 7/10, Val loss: 0.0014, Elapsed time: 0:03:06, Estimated time left: 0:01:19
2025-01-23 12:38:58,855 - INFO - Trial: 54/100, Epoch: 8/10, Val loss: 0.0014, Elapsed time: 0:03:32, Estimated time left: 0:00:53
2025-01-23 12:39:25,355 - INFO - Trial: 54/100, Epoch: 9/10, Val loss: 0.0014, Elapsed time: 0:03:59, Estimated time left: 0:00:26
2025-01-23 12:39:51,790 - INFO - Trial: 54/100, Epoch: 10/10, Val loss: 0.0013, Elapsed time: 0:04:25, Estimated time left: 0:00:00
2025-01-23 12:39:51,792 - INFO - Trial 53 finished with value: 0.0012663675571654158 and parameters: {'hidden_layers': 6, 'n_units_l': 141, 'lr': 0.0021596514268483365, 'batch_size': 44}. Best is trial 14 with value: 0.0007135949661039349.
2025-01-23 12:39:51,802 - INFO - Elapsed time: 16021.61 seconds
2025-01-23 12:39:51,802 - INFO - Estimated time left: 0.00 seconds
2025-01-23 12:40:13,925 - INFO - Trial: 55/100, Epoch: 1/10, Val loss: 0.0157, Elapsed time: 0:00:22, Estimated time left: 0:03:18
2025-01-23 12:40:35,505 - INFO - Trial: 55/100, Epoch: 2/10, Val loss: 0.0026, Elapsed time: 0:00:43, Estimated time left: 0:02:52
2025-01-23 12:40:57,124 - INFO - Trial: 55/100, Epoch: 3/10, Val loss: 0.0022, Elapsed time: 0:01:05, Estimated time left: 0:02:31
2025-01-23 12:41:18,692 - INFO - Trial: 55/100, Epoch: 4/10, Val loss: 0.0019, Elapsed time: 0:01:26, Estimated time left: 0:02:09
2025-01-23 12:41:40,247 - INFO - Trial: 55/100, Epoch: 5/10, Val loss: 0.0016, Elapsed time: 0:01:48, Estimated time left: 0:01:47
2025-01-23 12:42:01,814 - INFO - Trial: 55/100, Epoch: 6/10, Val loss: 0.0013, Elapsed time: 0:02:09, Estimated time left: 0:01:26
2025-01-23 12:42:23,452 - INFO - Trial: 55/100, Epoch: 7/10, Val loss: 0.0009, Elapsed time: 0:02:31, Estimated time left: 0:01:04
2025-01-23 12:42:45,096 - INFO - Trial: 55/100, Epoch: 8/10, Val loss: 0.0008, Elapsed time: 0:02:53, Estimated time left: 0:00:43
2025-01-23 12:43:06,740 - INFO - Trial: 55/100, Epoch: 9/10, Val loss: 0.0006, Elapsed time: 0:03:14, Estimated time left: 0:00:21
2025-01-23 12:43:28,401 - INFO - Trial: 55/100, Epoch: 10/10, Val loss: 0.0006, Elapsed time: 0:03:36, Estimated time left: 0:00:00
2025-01-23 12:43:28,403 - INFO - Trial 54 finished with value: 0.0005633131703157664 and parameters: {'hidden_layers': 4, 'n_units_l': 252, 'lr': 0.0002817908135587758, 'batch_size': 53}. Best is trial 54 with value: 0.0005633131703157664.
2025-01-23 12:43:28,413 - INFO - Elapsed time: 16238.22 seconds
2025-01-23 12:43:28,413 - INFO - Estimated time left: 0.00 seconds
2025-01-23 12:43:49,211 - INFO - Trial: 56/100, Epoch: 1/10, Val loss: 0.0144, Elapsed time: 0:00:20, Estimated time left: 0:03:06
2025-01-23 12:44:09,750 - INFO - Trial: 56/100, Epoch: 2/10, Val loss: 0.0027, Elapsed time: 0:00:41, Estimated time left: 0:02:44
2025-01-23 12:44:30,171 - INFO - Trial: 56/100, Epoch: 3/10, Val loss: 0.0024, Elapsed time: 0:01:01, Estimated time left: 0:02:22
2025-01-23 12:44:50,920 - INFO - Trial: 56/100, Epoch: 4/10, Val loss: 0.0022, Elapsed time: 0:01:22, Estimated time left: 0:02:04
2025-01-23 12:45:11,406 - INFO - Trial: 56/100, Epoch: 5/10, Val loss: 0.0020, Elapsed time: 0:01:42, Estimated time left: 0:01:42
2025-01-23 12:45:31,879 - INFO - Trial: 56/100, Epoch: 6/10, Val loss: 0.0017, Elapsed time: 0:02:03, Estimated time left: 0:01:21
2025-01-23 12:45:52,317 - INFO - Trial: 56/100, Epoch: 7/10, Val loss: 0.0015, Elapsed time: 0:02:23, Estimated time left: 0:01:01
2025-01-23 12:46:12,868 - INFO - Trial: 56/100, Epoch: 8/10, Val loss: 0.0011, Elapsed time: 0:02:44, Estimated time left: 0:00:41
2025-01-23 12:46:33,433 - INFO - Trial: 56/100, Epoch: 9/10, Val loss: 0.0009, Elapsed time: 0:03:04, Estimated time left: 0:00:20
2025-01-23 12:46:53,972 - INFO - Trial: 56/100, Epoch: 10/10, Val loss: 0.0007, Elapsed time: 0:03:25, Estimated time left: 0:00:00
2025-01-23 12:46:53,974 - INFO - Trial 55 finished with value: 0.0007328592271489646 and parameters: {'hidden_layers': 4, 'n_units_l': 256, 'lr': 0.00019952066529630667, 'batch_size': 57}. Best is trial 54 with value: 0.0005633131703157664.
2025-01-23 12:46:53,984 - INFO - Elapsed time: 16443.79 seconds
2025-01-23 12:46:53,984 - INFO - Estimated time left: 0.00 seconds
2025-01-23 12:47:13,785 - INFO - Trial: 57/100, Epoch: 1/10, Val loss: 0.0121, Elapsed time: 0:00:19, Estimated time left: 0:02:57
2025-01-23 12:47:32,107 - INFO - Trial: 57/100, Epoch: 2/10, Val loss: 0.0027, Elapsed time: 0:00:38, Estimated time left: 0:02:26
2025-01-23 12:47:50,952 - INFO - Trial: 57/100, Epoch: 3/10, Val loss: 0.0024, Elapsed time: 0:00:56, Estimated time left: 0:02:11
2025-01-23 12:48:09,176 - INFO - Trial: 57/100, Epoch: 4/10, Val loss: 0.0022, Elapsed time: 0:01:15, Estimated time left: 0:01:49
2025-01-23 12:48:27,610 - INFO - Trial: 57/100, Epoch: 5/10, Val loss: 0.0020, Elapsed time: 0:01:33, Estimated time left: 0:01:32
2025-01-23 12:48:45,917 - INFO - Trial: 57/100, Epoch: 6/10, Val loss: 0.0018, Elapsed time: 0:01:51, Estimated time left: 0:01:13
2025-01-23 12:49:04,244 - INFO - Trial: 57/100, Epoch: 7/10, Val loss: 0.0017, Elapsed time: 0:02:10, Estimated time left: 0:00:54
2025-01-23 12:49:22,554 - INFO - Trial: 57/100, Epoch: 8/10, Val loss: 0.0015, Elapsed time: 0:02:28, Estimated time left: 0:00:36
2025-01-23 12:49:40,861 - INFO - Trial: 57/100, Epoch: 9/10, Val loss: 0.0014, Elapsed time: 0:02:46, Estimated time left: 0:00:18
2025-01-23 12:49:59,175 - INFO - Trial: 57/100, Epoch: 10/10, Val loss: 0.0013, Elapsed time: 0:03:05, Estimated time left: 0:00:00
2025-01-23 12:49:59,178 - INFO - Trial 56 finished with value: 0.001334792012480147 and parameters: {'hidden_layers': 3, 'n_units_l': 214, 'lr': 0.00022893335303678347, 'batch_size': 54}. Best is trial 54 with value: 0.0005633131703157664.
2025-01-23 12:49:59,187 - INFO - Elapsed time: 16629.00 seconds
2025-01-23 12:49:59,187 - INFO - Estimated time left: 0.00 seconds
2025-01-23 12:50:15,671 - INFO - Trial: 58/100, Epoch: 1/10, Val loss: 0.0217, Elapsed time: 0:00:16, Estimated time left: 0:02:28
2025-01-23 12:50:31,514 - INFO - Trial: 58/100, Epoch: 2/10, Val loss: 0.0038, Elapsed time: 0:00:32, Estimated time left: 0:02:06
2025-01-23 12:50:47,291 - INFO - Trial: 58/100, Epoch: 3/10, Val loss: 0.0030, Elapsed time: 0:00:48, Estimated time left: 0:01:50
2025-01-23 12:51:03,088 - INFO - Trial: 58/100, Epoch: 4/10, Val loss: 0.0027, Elapsed time: 0:01:03, Estimated time left: 0:01:34
2025-01-23 12:51:18,893 - INFO - Trial: 58/100, Epoch: 5/10, Val loss: 0.0025, Elapsed time: 0:01:19, Estimated time left: 0:01:19
2025-01-23 12:51:34,672 - INFO - Trial: 58/100, Epoch: 6/10, Val loss: 0.0024, Elapsed time: 0:01:35, Estimated time left: 0:01:03
2025-01-23 12:51:50,457 - INFO - Trial: 58/100, Epoch: 7/10, Val loss: 0.0023, Elapsed time: 0:01:51, Estimated time left: 0:00:47
2025-01-23 12:52:06,269 - INFO - Trial: 58/100, Epoch: 8/10, Val loss: 0.0023, Elapsed time: 0:02:07, Estimated time left: 0:00:31
2025-01-23 12:52:22,067 - INFO - Trial: 58/100, Epoch: 9/10, Val loss: 0.0022, Elapsed time: 0:02:22, Estimated time left: 0:00:15
2025-01-23 12:52:37,848 - INFO - Trial: 58/100, Epoch: 10/10, Val loss: 0.0021, Elapsed time: 0:02:38, Estimated time left: 0:00:00
2025-01-23 12:52:37,850 - INFO - Trial 57 finished with value: 0.002104547198064033 and parameters: {'hidden_layers': 4, 'n_units_l': 156, 'lr': 6.0951762966693066e-05, 'batch_size': 71}. Best is trial 54 with value: 0.0005633131703157664.
2025-01-23 12:52:37,859 - INFO - Elapsed time: 16787.67 seconds
2025-01-23 12:52:37,860 - INFO - Estimated time left: 0.00 seconds
2025-01-23 12:52:51,212 - INFO - Trial: 59/100, Epoch: 1/10, Val loss: 0.0221, Elapsed time: 0:00:13, Estimated time left: 0:01:59
2025-01-23 12:53:04,156 - INFO - Trial: 59/100, Epoch: 2/10, Val loss: 0.0035, Elapsed time: 0:00:26, Estimated time left: 0:01:43
2025-01-23 12:53:17,109 - INFO - Trial: 59/100, Epoch: 3/10, Val loss: 0.0029, Elapsed time: 0:00:39, Estimated time left: 0:01:30
2025-01-23 12:53:30,128 - INFO - Trial: 59/100, Epoch: 4/10, Val loss: 0.0028, Elapsed time: 0:00:52, Estimated time left: 0:01:18
2025-01-23 12:53:43,062 - INFO - Trial: 59/100, Epoch: 5/10, Val loss: 0.0024, Elapsed time: 0:01:05, Estimated time left: 0:01:04
2025-01-23 12:53:55,985 - INFO - Trial: 59/100, Epoch: 6/10, Val loss: 0.0023, Elapsed time: 0:01:18, Estimated time left: 0:00:51
2025-01-23 12:54:08,972 - INFO - Trial: 59/100, Epoch: 7/10, Val loss: 0.0022, Elapsed time: 0:01:31, Estimated time left: 0:00:38
2025-01-23 12:54:21,888 - INFO - Trial: 59/100, Epoch: 8/10, Val loss: 0.0023, Elapsed time: 0:01:44, Estimated time left: 0:00:25
2025-01-23 12:54:34,804 - INFO - Trial: 59/100, Epoch: 9/10, Val loss: 0.0021, Elapsed time: 0:01:56, Estimated time left: 0:00:12
2025-01-23 12:54:47,705 - INFO - Trial: 59/100, Epoch: 10/10, Val loss: 0.0021, Elapsed time: 0:02:09, Estimated time left: 0:00:00
2025-01-23 12:54:47,707 - INFO - Trial 58 finished with value: 0.0020863668180372027 and parameters: {'hidden_layers': 4, 'n_units_l': 115, 'lr': 0.00015621747018675848, 'batch_size': 93}. Best is trial 54 with value: 0.0005633131703157664.
2025-01-23 12:54:47,717 - INFO - Elapsed time: 16917.53 seconds
2025-01-23 12:54:47,717 - INFO - Estimated time left: 0.00 seconds
2025-01-23 12:55:11,067 - INFO - Trial: 60/100, Epoch: 1/10, Val loss: 0.0168, Elapsed time: 0:00:23, Estimated time left: 0:03:29
2025-01-23 12:55:33,797 - INFO - Trial: 60/100, Epoch: 2/10, Val loss: 0.0025, Elapsed time: 0:00:46, Estimated time left: 0:03:01
2025-01-23 12:55:56,437 - INFO - Trial: 60/100, Epoch: 3/10, Val loss: 0.0022, Elapsed time: 0:01:08, Estimated time left: 0:02:38
2025-01-23 12:56:19,141 - INFO - Trial: 60/100, Epoch: 4/10, Val loss: 0.0020, Elapsed time: 0:01:31, Estimated time left: 0:02:16
2025-01-23 12:56:41,820 - INFO - Trial: 60/100, Epoch: 5/10, Val loss: 0.0017, Elapsed time: 0:01:54, Estimated time left: 0:01:53
2025-01-23 12:57:04,520 - INFO - Trial: 60/100, Epoch: 6/10, Val loss: 0.0014, Elapsed time: 0:02:16, Estimated time left: 0:01:30
2025-01-23 12:57:27,248 - INFO - Trial: 60/100, Epoch: 7/10, Val loss: 0.0011, Elapsed time: 0:02:39, Estimated time left: 0:01:08
2025-01-23 12:57:50,161 - INFO - Trial: 60/100, Epoch: 8/10, Val loss: 0.0009, Elapsed time: 0:03:02, Estimated time left: 0:00:45
2025-01-23 12:58:12,903 - INFO - Trial: 60/100, Epoch: 9/10, Val loss: 0.0008, Elapsed time: 0:03:25, Estimated time left: 0:00:22
2025-01-23 12:58:35,696 - INFO - Trial: 60/100, Epoch: 10/10, Val loss: 0.0007, Elapsed time: 0:03:47, Estimated time left: 0:00:00
2025-01-23 12:58:35,698 - INFO - Trial 59 finished with value: 0.0006866337541713927 and parameters: {'hidden_layers': 4, 'n_units_l': 226, 'lr': 0.000301502587145761, 'batch_size': 49}. Best is trial 54 with value: 0.0005633131703157664.
2025-01-23 12:58:35,708 - INFO - Elapsed time: 17145.52 seconds
2025-01-23 12:58:35,708 - INFO - Estimated time left: 0.00 seconds
2025-01-23 12:58:55,338 - INFO - Trial: 61/100, Epoch: 1/10, Val loss: 0.0406, Elapsed time: 0:00:19, Estimated time left: 0:02:56
2025-01-23 12:59:13,768 - INFO - Trial: 61/100, Epoch: 2/10, Val loss: 0.0041, Elapsed time: 0:00:38, Estimated time left: 0:02:27
2025-01-23 12:59:32,170 - INFO - Trial: 61/100, Epoch: 3/10, Val loss: 0.0036, Elapsed time: 0:00:56, Estimated time left: 0:02:08
2025-01-23 12:59:50,515 - INFO - Trial: 61/100, Epoch: 4/10, Val loss: 0.0034, Elapsed time: 0:01:14, Estimated time left: 0:01:50
2025-01-23 13:00:08,917 - INFO - Trial: 61/100, Epoch: 5/10, Val loss: 0.0033, Elapsed time: 0:01:33, Estimated time left: 0:01:32
2025-01-23 13:00:27,276 - INFO - Trial: 61/100, Epoch: 6/10, Val loss: 0.0032, Elapsed time: 0:01:51, Estimated time left: 0:01:13
2025-01-23 13:00:45,729 - INFO - Trial: 61/100, Epoch: 7/10, Val loss: 0.0032, Elapsed time: 0:02:09, Estimated time left: 0:00:55
2025-01-23 13:01:04,123 - INFO - Trial: 61/100, Epoch: 8/10, Val loss: 0.0031, Elapsed time: 0:02:28, Estimated time left: 0:00:36
2025-01-23 13:01:22,537 - INFO - Trial: 61/100, Epoch: 9/10, Val loss: 0.0030, Elapsed time: 0:02:46, Estimated time left: 0:00:18
2025-01-23 13:01:40,918 - INFO - Trial: 61/100, Epoch: 10/10, Val loss: 0.0030, Elapsed time: 0:03:05, Estimated time left: 0:00:00
2025-01-23 13:01:40,920 - INFO - Trial 60 finished with value: 0.002986807680731235 and parameters: {'hidden_layers': 3, 'n_units_l': 30, 'lr': 0.00027260018742516297, 'batch_size': 49}. Best is trial 54 with value: 0.0005633131703157664.
2025-01-23 13:01:40,931 - INFO - Elapsed time: 17330.74 seconds
2025-01-23 13:01:40,931 - INFO - Estimated time left: 0.00 seconds
2025-01-23 13:02:00,801 - INFO - Trial: 62/100, Epoch: 1/10, Val loss: 0.0183, Elapsed time: 0:00:19, Estimated time left: 0:02:58
2025-01-23 13:02:20,266 - INFO - Trial: 62/100, Epoch: 2/10, Val loss: 0.0029, Elapsed time: 0:00:39, Estimated time left: 0:02:35
2025-01-23 13:02:39,758 - INFO - Trial: 62/100, Epoch: 3/10, Val loss: 0.0025, Elapsed time: 0:00:58, Estimated time left: 0:02:16
2025-01-23 13:02:59,735 - INFO - Trial: 62/100, Epoch: 4/10, Val loss: 0.0022, Elapsed time: 0:01:18, Estimated time left: 0:01:59
2025-01-23 13:03:19,281 - INFO - Trial: 62/100, Epoch: 5/10, Val loss: 0.0020, Elapsed time: 0:01:38, Estimated time left: 0:01:37
2025-01-23 13:03:38,807 - INFO - Trial: 62/100, Epoch: 6/10, Val loss: 0.0019, Elapsed time: 0:01:57, Estimated time left: 0:01:18
2025-01-23 13:03:58,345 - INFO - Trial: 62/100, Epoch: 7/10, Val loss: 0.0018, Elapsed time: 0:02:17, Estimated time left: 0:00:58
2025-01-23 13:04:17,901 - INFO - Trial: 62/100, Epoch: 8/10, Val loss: 0.0018, Elapsed time: 0:02:36, Estimated time left: 0:00:39
2025-01-23 13:04:37,475 - INFO - Trial: 62/100, Epoch: 9/10, Val loss: 0.0016, Elapsed time: 0:02:56, Estimated time left: 0:00:19
2025-01-23 13:04:57,090 - INFO - Trial: 62/100, Epoch: 10/10, Val loss: 0.0015, Elapsed time: 0:03:16, Estimated time left: 0:00:00
2025-01-23 13:04:57,092 - INFO - Trial 61 finished with value: 0.001470053120369262 and parameters: {'hidden_layers': 4, 'n_units_l': 211, 'lr': 0.00017734775568303588, 'batch_size': 59}. Best is trial 54 with value: 0.0005633131703157664.
2025-01-23 13:04:57,103 - INFO - Elapsed time: 17526.91 seconds
2025-01-23 13:04:57,103 - INFO - Estimated time left: 0.00 seconds
2025-01-23 13:05:14,496 - INFO - Trial: 63/100, Epoch: 1/10, Val loss: 0.0197, Elapsed time: 0:00:17, Estimated time left: 0:02:36
2025-01-23 13:05:31,317 - INFO - Trial: 63/100, Epoch: 2/10, Val loss: 0.0028, Elapsed time: 0:00:34, Estimated time left: 0:02:14
2025-01-23 13:05:48,076 - INFO - Trial: 63/100, Epoch: 3/10, Val loss: 0.0022, Elapsed time: 0:00:50, Estimated time left: 0:01:57
2025-01-23 13:06:04,832 - INFO - Trial: 63/100, Epoch: 4/10, Val loss: 0.0019, Elapsed time: 0:01:07, Estimated time left: 0:01:40
2025-01-23 13:06:21,585 - INFO - Trial: 63/100, Epoch: 5/10, Val loss: 0.0015, Elapsed time: 0:01:24, Estimated time left: 0:01:23
2025-01-23 13:06:38,300 - INFO - Trial: 63/100, Epoch: 6/10, Val loss: 0.0013, Elapsed time: 0:01:41, Estimated time left: 0:01:06
2025-01-23 13:06:55,054 - INFO - Trial: 63/100, Epoch: 7/10, Val loss: 0.0012, Elapsed time: 0:01:57, Estimated time left: 0:00:50
2025-01-23 13:07:11,765 - INFO - Trial: 63/100, Epoch: 8/10, Val loss: 0.0011, Elapsed time: 0:02:14, Estimated time left: 0:00:33
2025-01-23 13:07:28,508 - INFO - Trial: 63/100, Epoch: 9/10, Val loss: 0.0010, Elapsed time: 0:02:31, Estimated time left: 0:00:16
2025-01-23 13:07:45,295 - INFO - Trial: 63/100, Epoch: 10/10, Val loss: 0.0009, Elapsed time: 0:02:48, Estimated time left: 0:00:00
2025-01-23 13:07:45,297 - INFO - Trial 62 finished with value: 0.000909941643104527 and parameters: {'hidden_layers': 4, 'n_units_l': 173, 'lr': 0.0007348675627451998, 'batch_size': 68}. Best is trial 54 with value: 0.0005633131703157664.
2025-01-23 13:07:45,307 - INFO - Elapsed time: 17695.12 seconds
2025-01-23 13:07:45,308 - INFO - Estimated time left: 0.00 seconds
2025-01-23 13:08:05,699 - INFO - Trial: 64/100, Epoch: 1/10, Val loss: 0.0118, Elapsed time: 0:00:20, Estimated time left: 0:03:03
2025-01-23 13:08:24,575 - INFO - Trial: 64/100, Epoch: 2/10, Val loss: 0.0029, Elapsed time: 0:00:39, Estimated time left: 0:02:31
2025-01-23 13:08:43,411 - INFO - Trial: 64/100, Epoch: 3/10, Val loss: 0.0025, Elapsed time: 0:00:58, Estimated time left: 0:02:11
2025-01-23 13:09:02,238 - INFO - Trial: 64/100, Epoch: 4/10, Val loss: 0.0023, Elapsed time: 0:01:16, Estimated time left: 0:01:52
2025-01-23 13:09:21,078 - INFO - Trial: 64/100, Epoch: 5/10, Val loss: 0.0022, Elapsed time: 0:01:35, Estimated time left: 0:01:34
2025-01-23 13:09:39,876 - INFO - Trial: 64/100, Epoch: 6/10, Val loss: 0.0022, Elapsed time: 0:01:54, Estimated time left: 0:01:15
2025-01-23 13:09:58,642 - INFO - Trial: 64/100, Epoch: 7/10, Val loss: 0.0020, Elapsed time: 0:02:13, Estimated time left: 0:00:56
2025-01-23 13:10:17,454 - INFO - Trial: 64/100, Epoch: 8/10, Val loss: 0.0020, Elapsed time: 0:02:32, Estimated time left: 0:00:37
2025-01-23 13:10:36,258 - INFO - Trial: 64/100, Epoch: 9/10, Val loss: 0.0020, Elapsed time: 0:02:50, Estimated time left: 0:00:18
2025-01-23 13:10:55,082 - INFO - Trial: 64/100, Epoch: 10/10, Val loss: 0.0018, Elapsed time: 0:03:09, Estimated time left: 0:00:00
2025-01-23 13:10:55,084 - INFO - Trial 63 finished with value: 0.0018245358890621856 and parameters: {'hidden_layers': 3, 'n_units_l': 233, 'lr': 0.00011039611039669095, 'batch_size': 53}. Best is trial 54 with value: 0.0005633131703157664.
2025-01-23 13:10:55,094 - INFO - Elapsed time: 17884.90 seconds
2025-01-23 13:10:55,095 - INFO - Estimated time left: 0.00 seconds
2025-01-23 13:11:19,022 - INFO - Trial: 65/100, Epoch: 1/10, Val loss: 0.0200, Elapsed time: 0:00:23, Estimated time left: 0:03:35
2025-01-23 13:11:41,853 - INFO - Trial: 65/100, Epoch: 2/10, Val loss: 0.0025, Elapsed time: 0:00:46, Estimated time left: 0:03:02
2025-01-23 13:12:04,636 - INFO - Trial: 65/100, Epoch: 3/10, Val loss: 0.0022, Elapsed time: 0:01:09, Estimated time left: 0:02:39
2025-01-23 13:12:27,489 - INFO - Trial: 65/100, Epoch: 4/10, Val loss: 0.0019, Elapsed time: 0:01:32, Estimated time left: 0:02:17
2025-01-23 13:12:50,319 - INFO - Trial: 65/100, Epoch: 5/10, Val loss: 0.0016, Elapsed time: 0:01:55, Estimated time left: 0:01:54
2025-01-23 13:13:13,210 - INFO - Trial: 65/100, Epoch: 6/10, Val loss: 0.0014, Elapsed time: 0:02:18, Estimated time left: 0:01:31
2025-01-23 13:13:36,130 - INFO - Trial: 65/100, Epoch: 7/10, Val loss: 0.0012, Elapsed time: 0:02:41, Estimated time left: 0:01:08
2025-01-23 13:13:59,024 - INFO - Trial: 65/100, Epoch: 8/10, Val loss: 0.0011, Elapsed time: 0:03:03, Estimated time left: 0:00:45
2025-01-23 13:14:21,932 - INFO - Trial: 65/100, Epoch: 9/10, Val loss: 0.0011, Elapsed time: 0:03:26, Estimated time left: 0:00:22
2025-01-23 13:14:44,836 - INFO - Trial: 65/100, Epoch: 10/10, Val loss: 0.0009, Elapsed time: 0:03:49, Estimated time left: 0:00:00
