2025-01-29 12:37:49,445 - INFO - Trial 8 finished with value: 0.13803288176874773 and parameters: {'hidden_layers': 8, 'n_units_l': 4, 'lr': 0.09058678288737958, 'batch_size': 30}. Best is trial 4 with value: 0.0019046196023343052.
2025-01-29 12:37:49,446 - INFO - Elapsed time: 3639.58 seconds
2025-01-29 12:37:49,446 - INFO - Estimated time left: 0.00 seconds
2025-01-29 12:37:55,628 - INFO - Trial: 10/100, Epoch: 1/15, Val loss: 0.0242, Elapsed time: 0:00:06, Estimated time left: 0:01:26
2025-01-29 12:38:01,465 - INFO - Trial: 10/100, Epoch: 2/15, Val loss: 0.0033, Elapsed time: 0:00:12, Estimated time left: 0:01:15
2025-01-29 12:38:07,498 - INFO - Trial: 10/100, Epoch: 3/15, Val loss: 0.0031, Elapsed time: 0:00:18, Estimated time left: 0:01:12
2025-01-29 12:38:13,319 - INFO - Trial: 10/100, Epoch: 4/15, Val loss: 0.0031, Elapsed time: 0:00:23, Estimated time left: 0:01:04
2025-01-29 12:38:19,145 - INFO - Trial: 10/100, Epoch: 5/15, Val loss: 0.0027, Elapsed time: 0:00:29, Estimated time left: 0:00:58
2025-01-29 12:38:24,979 - INFO - Trial: 10/100, Epoch: 6/15, Val loss: 0.0027, Elapsed time: 0:00:35, Estimated time left: 0:00:52
2025-01-29 12:38:30,756 - INFO - Trial: 10/100, Epoch: 7/15, Val loss: 0.0026, Elapsed time: 0:00:41, Estimated time left: 0:00:46
2025-01-29 12:38:36,561 - INFO - Trial: 10/100, Epoch: 8/15, Val loss: 0.0022, Elapsed time: 0:00:47, Estimated time left: 0:00:40
2025-01-29 12:38:42,558 - INFO - Trial: 10/100, Epoch: 9/15, Val loss: 0.0021, Elapsed time: 0:00:53, Estimated time left: 0:00:35
2025-01-29 12:38:48,365 - INFO - Trial: 10/100, Epoch: 10/15, Val loss: 0.0019, Elapsed time: 0:00:58, Estimated time left: 0:00:29
2025-01-29 12:38:54,160 - INFO - Trial: 10/100, Epoch: 11/15, Val loss: 0.0018, Elapsed time: 0:01:04, Estimated time left: 0:00:23
2025-01-29 12:38:59,942 - INFO - Trial: 10/100, Epoch: 12/15, Val loss: 0.0019, Elapsed time: 0:01:10, Estimated time left: 0:00:17
2025-01-29 12:39:05,726 - INFO - Trial: 10/100, Epoch: 13/15, Val loss: 0.0017, Elapsed time: 0:01:16, Estimated time left: 0:00:11
2025-01-29 12:39:11,531 - INFO - Trial: 10/100, Epoch: 14/15, Val loss: 0.0017, Elapsed time: 0:01:22, Estimated time left: 0:00:05
2025-01-29 12:39:17,411 - INFO - Trial: 10/100, Epoch: 15/15, Val loss: 0.0016, Elapsed time: 0:01:27, Estimated time left: 0:00:00
2025-01-29 12:39:17,412 - INFO - Trial 9 finished with value: 0.0016373127940460107 and parameters: {'hidden_layers': 5, 'n_units_l': 97, 'lr': 0.009651748154071037, 'batch_size': 250}. Best is trial 9 with value: 0.0016373127940460107.
2025-01-29 12:39:17,413 - INFO - Elapsed time: 3727.55 seconds
2025-01-29 12:39:17,413 - INFO - Estimated time left: 0.00 seconds
2025-01-29 12:39:22,029 - INFO - Trial: 11/100, Epoch: 1/15, Val loss: 0.0071, Elapsed time: 0:00:04, Estimated time left: 0:01:04
2025-01-29 12:39:26,588 - INFO - Trial: 11/100, Epoch: 2/15, Val loss: 0.0033, Elapsed time: 0:00:09, Estimated time left: 0:00:59
2025-01-29 12:39:31,168 - INFO - Trial: 11/100, Epoch: 3/15, Val loss: 0.0032, Elapsed time: 0:00:13, Estimated time left: 0:00:54
2025-01-29 12:39:35,720 - INFO - Trial: 11/100, Epoch: 4/15, Val loss: 0.0032, Elapsed time: 0:00:18, Estimated time left: 0:00:50
2025-01-29 12:39:40,255 - INFO - Trial: 11/100, Epoch: 5/15, Val loss: 0.0033, Elapsed time: 0:00:22, Estimated time left: 0:00:45
2025-01-29 12:39:44,789 - INFO - Trial: 11/100, Epoch: 6/15, Val loss: 0.0031, Elapsed time: 0:00:27, Estimated time left: 0:00:40
2025-01-29 12:39:49,325 - INFO - Trial: 11/100, Epoch: 7/15, Val loss: 0.0032, Elapsed time: 0:00:31, Estimated time left: 0:00:36
2025-01-29 12:39:53,866 - INFO - Trial: 11/100, Epoch: 8/15, Val loss: 0.0032, Elapsed time: 0:00:36, Estimated time left: 0:00:31
2025-01-29 12:39:58,583 - INFO - Trial: 11/100, Epoch: 9/15, Val loss: 0.0031, Elapsed time: 0:00:41, Estimated time left: 0:00:28
2025-01-29 12:40:03,141 - INFO - Trial: 11/100, Epoch: 10/15, Val loss: 0.0031, Elapsed time: 0:00:45, Estimated time left: 0:00:22
2025-01-29 12:40:07,697 - INFO - Trial: 11/100, Epoch: 11/15, Val loss: 0.0031, Elapsed time: 0:00:50, Estimated time left: 0:00:18
2025-01-29 12:40:12,223 - INFO - Trial: 11/100, Epoch: 12/15, Val loss: 0.0031, Elapsed time: 0:00:54, Estimated time left: 0:00:13
2025-01-29 12:40:16,755 - INFO - Trial: 11/100, Epoch: 13/15, Val loss: 0.0031, Elapsed time: 0:00:59, Estimated time left: 0:00:09
2025-01-29 12:40:21,329 - INFO - Trial: 11/100, Epoch: 14/15, Val loss: 0.0031, Elapsed time: 0:01:03, Estimated time left: 0:00:04
2025-01-29 12:40:25,880 - INFO - Trial: 11/100, Epoch: 15/15, Val loss: 0.0031, Elapsed time: 0:01:08, Estimated time left: 0:00:00
2025-01-29 12:40:25,882 - INFO - Trial 10 finished with value: 0.0031340574574615083 and parameters: {'hidden_layers': 1, 'n_units_l': 181, 'lr': 0.0013343563423856572, 'batch_size': 249}. Best is trial 9 with value: 0.0016373127940460107.
2025-01-29 12:40:25,883 - INFO - Elapsed time: 3796.02 seconds
2025-01-29 12:40:25,883 - INFO - Estimated time left: 0.00 seconds
2025-01-29 12:40:39,656 - INFO - Trial: 12/100, Epoch: 1/15, Val loss: 0.1436, Elapsed time: 0:00:13, Estimated time left: 0:03:12
2025-01-29 12:40:52,202 - INFO - Trial: 12/100, Epoch: 2/15, Val loss: 0.0433, Elapsed time: 0:00:26, Estimated time left: 0:02:43
2025-01-29 12:41:04,718 - INFO - Trial: 12/100, Epoch: 3/15, Val loss: 0.0216, Elapsed time: 0:00:38, Estimated time left: 0:02:30
2025-01-29 12:41:17,569 - INFO - Trial: 12/100, Epoch: 4/15, Val loss: 0.0101, Elapsed time: 0:00:51, Estimated time left: 0:02:21
2025-01-29 12:41:30,119 - INFO - Trial: 12/100, Epoch: 5/15, Val loss: 0.0079, Elapsed time: 0:01:04, Estimated time left: 0:02:05
2025-01-29 12:41:42,627 - INFO - Trial: 12/100, Epoch: 6/15, Val loss: 0.0071, Elapsed time: 0:01:16, Estimated time left: 0:01:52
2025-01-29 12:41:55,429 - INFO - Trial: 12/100, Epoch: 7/15, Val loss: 0.0066, Elapsed time: 0:01:29, Estimated time left: 0:01:42
2025-01-29 12:42:08,018 - INFO - Trial: 12/100, Epoch: 8/15, Val loss: 0.0062, Elapsed time: 0:01:42, Estimated time left: 0:01:28
2025-01-29 12:42:20,530 - INFO - Trial: 12/100, Epoch: 9/15, Val loss: 0.0059, Elapsed time: 0:01:54, Estimated time left: 0:01:15
2025-01-29 12:42:33,336 - INFO - Trial: 12/100, Epoch: 10/15, Val loss: 0.0056, Elapsed time: 0:02:07, Estimated time left: 0:01:04
2025-01-29 12:42:45,881 - INFO - Trial: 12/100, Epoch: 11/15, Val loss: 0.0054, Elapsed time: 0:02:19, Estimated time left: 0:00:50
2025-01-29 12:42:58,406 - INFO - Trial: 12/100, Epoch: 12/15, Val loss: 0.0051, Elapsed time: 0:02:32, Estimated time left: 0:00:37
2025-01-29 12:43:11,258 - INFO - Trial: 12/100, Epoch: 13/15, Val loss: 0.0049, Elapsed time: 0:02:45, Estimated time left: 0:00:25
2025-01-29 12:43:23,755 - INFO - Trial: 12/100, Epoch: 14/15, Val loss: 0.0047, Elapsed time: 0:02:57, Estimated time left: 0:00:12
2025-01-29 12:43:36,229 - INFO - Trial: 12/100, Epoch: 15/15, Val loss: 0.0046, Elapsed time: 0:03:10, Estimated time left: 0:00:00
2025-01-29 12:43:36,231 - INFO - Trial 11 finished with value: 0.004603537998235936 and parameters: {'hidden_layers': 6, 'n_units_l': 63, 'lr': 1.009514419788348e-05, 'batch_size': 91}. Best is trial 9 with value: 0.0016373127940460107.
2025-01-29 12:43:36,232 - INFO - Elapsed time: 3986.37 seconds
2025-01-29 12:43:36,232 - INFO - Estimated time left: 0.00 seconds
2025-01-29 12:44:15,238 - INFO - Trial: 13/100, Epoch: 1/15, Val loss: 0.0304, Elapsed time: 0:00:38, Estimated time left: 0:09:05
2025-01-29 12:44:51,015 - INFO - Trial: 13/100, Epoch: 2/15, Val loss: 0.0032, Elapsed time: 0:01:14, Estimated time left: 0:07:45
2025-01-29 12:45:26,762 - INFO - Trial: 13/100, Epoch: 3/15, Val loss: 0.0029, Elapsed time: 0:01:50, Estimated time left: 0:07:08
2025-01-29 12:46:02,520 - INFO - Trial: 13/100, Epoch: 4/15, Val loss: 0.0025, Elapsed time: 0:02:26, Estimated time left: 0:06:33
2025-01-29 12:46:38,291 - INFO - Trial: 13/100, Epoch: 5/15, Val loss: 0.0026, Elapsed time: 0:03:02, Estimated time left: 0:05:57
2025-01-29 12:47:14,498 - INFO - Trial: 13/100, Epoch: 6/15, Val loss: 0.0021, Elapsed time: 0:03:38, Estimated time left: 0:05:25
2025-01-29 12:47:51,023 - INFO - Trial: 13/100, Epoch: 7/15, Val loss: 0.0021, Elapsed time: 0:04:14, Estimated time left: 0:04:52
2025-01-29 12:48:26,739 - INFO - Trial: 13/100, Epoch: 8/15, Val loss: 0.0020, Elapsed time: 0:04:50, Estimated time left: 0:04:10
2025-01-29 12:49:02,400 - INFO - Trial: 13/100, Epoch: 9/15, Val loss: 0.0016, Elapsed time: 0:05:26, Estimated time left: 0:03:33
2025-01-29 12:49:38,337 - INFO - Trial: 13/100, Epoch: 10/15, Val loss: 0.0016, Elapsed time: 0:06:02, Estimated time left: 0:02:59
2025-01-29 12:50:14,149 - INFO - Trial: 13/100, Epoch: 11/15, Val loss: 0.0014, Elapsed time: 0:06:37, Estimated time left: 0:02:23
2025-01-29 12:50:50,060 - INFO - Trial: 13/100, Epoch: 12/15, Val loss: 0.0014, Elapsed time: 0:07:13, Estimated time left: 0:01:47
2025-01-29 12:51:25,920 - INFO - Trial: 13/100, Epoch: 13/15, Val loss: 0.0014, Elapsed time: 0:07:49, Estimated time left: 0:01:11
2025-01-29 12:52:01,404 - INFO - Trial: 13/100, Epoch: 14/15, Val loss: 0.0012, Elapsed time: 0:08:25, Estimated time left: 0:00:35
2025-01-29 12:52:37,208 - INFO - Trial: 13/100, Epoch: 15/15, Val loss: 0.0013, Elapsed time: 0:09:00, Estimated time left: 0:00:00
2025-01-29 12:52:37,209 - INFO - Trial 12 finished with value: 0.001295103568429962 and parameters: {'hidden_layers': 6, 'n_units_l': 79, 'lr': 0.0012761005686256668, 'batch_size': 28}. Best is trial 12 with value: 0.001295103568429962.
2025-01-29 12:52:37,210 - INFO - Elapsed time: 4527.35 seconds
2025-01-29 12:52:37,210 - INFO - Estimated time left: 0.00 seconds
2025-01-29 12:52:52,006 - INFO - Trial: 14/100, Epoch: 1/15, Val loss: 0.0327, Elapsed time: 0:00:14, Estimated time left: 0:03:26
2025-01-29 12:53:05,447 - INFO - Trial: 14/100, Epoch: 2/15, Val loss: 0.0032, Elapsed time: 0:00:28, Estimated time left: 0:02:54
2025-01-29 12:53:18,906 - INFO - Trial: 14/100, Epoch: 3/15, Val loss: 0.0026, Elapsed time: 0:00:41, Estimated time left: 0:02:41
2025-01-29 12:53:32,677 - INFO - Trial: 14/100, Epoch: 4/15, Val loss: 0.0021, Elapsed time: 0:00:55, Estimated time left: 0:02:31
2025-01-29 12:53:46,115 - INFO - Trial: 14/100, Epoch: 5/15, Val loss: 0.0018, Elapsed time: 0:01:08, Estimated time left: 0:02:14
2025-01-29 12:53:59,553 - INFO - Trial: 14/100, Epoch: 6/15, Val loss: 0.0015, Elapsed time: 0:01:22, Estimated time left: 0:02:00
2025-01-29 12:54:13,042 - INFO - Trial: 14/100, Epoch: 7/15, Val loss: 0.0013, Elapsed time: 0:01:35, Estimated time left: 0:01:47
2025-01-29 12:54:26,613 - INFO - Trial: 14/100, Epoch: 8/15, Val loss: 0.0013, Elapsed time: 0:01:49, Estimated time left: 0:01:34
2025-01-29 12:54:40,031 - INFO - Trial: 14/100, Epoch: 9/15, Val loss: 0.0012, Elapsed time: 0:02:02, Estimated time left: 0:01:20
2025-01-29 12:54:53,410 - INFO - Trial: 14/100, Epoch: 10/15, Val loss: 0.0012, Elapsed time: 0:02:16, Estimated time left: 0:01:06
2025-01-29 12:55:07,194 - INFO - Trial: 14/100, Epoch: 11/15, Val loss: 0.0012, Elapsed time: 0:02:29, Estimated time left: 0:00:55
2025-01-29 12:55:20,605 - INFO - Trial: 14/100, Epoch: 12/15, Val loss: 0.0011, Elapsed time: 0:02:43, Estimated time left: 0:00:40
2025-01-29 12:55:34,070 - INFO - Trial: 14/100, Epoch: 13/15, Val loss: 0.0010, Elapsed time: 0:02:56, Estimated time left: 0:00:26
2025-01-29 12:55:47,822 - INFO - Trial: 14/100, Epoch: 14/15, Val loss: 0.0010, Elapsed time: 0:03:10, Estimated time left: 0:00:13
2025-01-29 12:56:01,206 - INFO - Trial: 14/100, Epoch: 15/15, Val loss: 0.0009, Elapsed time: 0:03:23, Estimated time left: 0:00:00
2025-01-29 12:56:01,208 - INFO - Trial 13 finished with value: 0.0008833829113039853 and parameters: {'hidden_layers': 6, 'n_units_l': 111, 'lr': 0.001818250178588121, 'batch_size': 84}. Best is trial 13 with value: 0.0008833829113039853.
2025-01-29 12:56:01,209 - INFO - Elapsed time: 4731.35 seconds
2025-01-29 12:56:01,209 - INFO - Estimated time left: 0.00 seconds
2025-01-29 12:56:18,931 - INFO - Trial: 15/100, Epoch: 1/15, Val loss: 0.0234, Elapsed time: 0:00:17, Estimated time left: 0:04:07
2025-01-29 12:56:35,619 - INFO - Trial: 15/100, Epoch: 2/15, Val loss: 0.0029, Elapsed time: 0:00:34, Estimated time left: 0:03:36
2025-01-29 12:56:51,848 - INFO - Trial: 15/100, Epoch: 3/15, Val loss: 0.0023, Elapsed time: 0:00:50, Estimated time left: 0:03:14
2025-01-29 12:57:08,200 - INFO - Trial: 15/100, Epoch: 4/15, Val loss: 0.0019, Elapsed time: 0:01:06, Estimated time left: 0:02:59
2025-01-29 12:57:24,555 - INFO - Trial: 15/100, Epoch: 5/15, Val loss: 0.0016, Elapsed time: 0:01:23, Estimated time left: 0:02:43
2025-01-29 12:57:40,726 - INFO - Trial: 15/100, Epoch: 6/15, Val loss: 0.0013, Elapsed time: 0:01:39, Estimated time left: 0:02:25
2025-01-29 12:57:57,210 - INFO - Trial: 15/100, Epoch: 7/15, Val loss: 0.0013, Elapsed time: 0:01:55, Estimated time left: 0:02:11
2025-01-29 12:58:13,541 - INFO - Trial: 15/100, Epoch: 8/15, Val loss: 0.0013, Elapsed time: 0:02:12, Estimated time left: 0:01:54
2025-01-29 12:58:29,835 - INFO - Trial: 15/100, Epoch: 9/15, Val loss: 0.0009, Elapsed time: 0:02:28, Estimated time left: 0:01:37
2025-01-29 12:58:46,180 - INFO - Trial: 15/100, Epoch: 10/15, Val loss: 0.0011, Elapsed time: 0:02:44, Estimated time left: 0:01:21
2025-01-29 12:59:02,967 - INFO - Trial: 15/100, Epoch: 11/15, Val loss: 0.0009, Elapsed time: 0:03:01, Estimated time left: 0:01:07
2025-01-29 12:59:19,206 - INFO - Trial: 15/100, Epoch: 12/15, Val loss: 0.0008, Elapsed time: 0:03:17, Estimated time left: 0:00:48
2025-01-29 12:59:35,463 - INFO - Trial: 15/100, Epoch: 13/15, Val loss: 0.0008, Elapsed time: 0:03:34, Estimated time left: 0:00:32
2025-01-29 12:59:51,700 - INFO - Trial: 15/100, Epoch: 14/15, Val loss: 0.0008, Elapsed time: 0:03:50, Estimated time left: 0:00:16
2025-01-29 13:00:08,442 - INFO - Trial: 15/100, Epoch: 15/15, Val loss: 0.0007, Elapsed time: 0:04:07, Estimated time left: 0:00:00
2025-01-29 13:00:08,444 - INFO - Trial 14 finished with value: 0.0006808035506825827 and parameters: {'hidden_layers': 7, 'n_units_l': 235, 'lr': 0.0009337840048366992, 'batch_size': 76}. Best is trial 14 with value: 0.0006808035506825827.
2025-01-29 13:00:08,445 - INFO - Elapsed time: 4978.58 seconds
2025-01-29 13:00:08,445 - INFO - Estimated time left: 0.00 seconds
2025-01-29 13:00:27,757 - INFO - Trial: 16/100, Epoch: 1/15, Val loss: 0.0228, Elapsed time: 0:00:19, Estimated time left: 0:04:30
2025-01-29 13:00:45,798 - INFO - Trial: 16/100, Epoch: 2/15, Val loss: 0.0028, Elapsed time: 0:00:37, Estimated time left: 0:03:54
2025-01-29 13:01:04,395 - INFO - Trial: 16/100, Epoch: 3/15, Val loss: 0.0025, Elapsed time: 0:00:55, Estimated time left: 0:03:43
2025-01-29 13:01:22,509 - INFO - Trial: 16/100, Epoch: 4/15, Val loss: 0.0020, Elapsed time: 0:01:14, Estimated time left: 0:03:19
2025-01-29 13:01:40,553 - INFO - Trial: 16/100, Epoch: 5/15, Val loss: 0.0016, Elapsed time: 0:01:32, Estimated time left: 0:03:00
2025-01-29 13:01:58,888 - INFO - Trial: 16/100, Epoch: 6/15, Val loss: 0.0014, Elapsed time: 0:01:50, Estimated time left: 0:02:45
2025-01-29 13:02:17,050 - INFO - Trial: 16/100, Epoch: 7/15, Val loss: 0.0013, Elapsed time: 0:02:08, Estimated time left: 0:02:25
2025-01-29 13:02:35,063 - INFO - Trial: 16/100, Epoch: 8/15, Val loss: 0.0010, Elapsed time: 0:02:26, Estimated time left: 0:02:06
2025-01-29 13:02:53,076 - INFO - Trial: 16/100, Epoch: 9/15, Val loss: 0.0010, Elapsed time: 0:02:44, Estimated time left: 0:01:48
2025-01-29 13:03:11,662 - INFO - Trial: 16/100, Epoch: 10/15, Val loss: 0.0009, Elapsed time: 0:03:03, Estimated time left: 0:01:32
2025-01-29 13:03:29,710 - INFO - Trial: 16/100, Epoch: 11/15, Val loss: 0.0009, Elapsed time: 0:03:21, Estimated time left: 0:01:12
2025-01-29 13:03:47,739 - INFO - Trial: 16/100, Epoch: 12/15, Val loss: 0.0008, Elapsed time: 0:03:39, Estimated time left: 0:00:54
2025-01-29 13:04:06,279 - INFO - Trial: 16/100, Epoch: 13/15, Val loss: 0.0008, Elapsed time: 0:03:57, Estimated time left: 0:00:37
2025-01-29 13:04:24,318 - INFO - Trial: 16/100, Epoch: 14/15, Val loss: 0.0006, Elapsed time: 0:04:15, Estimated time left: 0:00:18
2025-01-29 13:04:42,370 - INFO - Trial: 16/100, Epoch: 15/15, Val loss: 0.0007, Elapsed time: 0:04:33, Estimated time left: 0:00:00
2025-01-29 13:04:42,372 - INFO - Trial 15 finished with value: 0.0006541592877291918 and parameters: {'hidden_layers': 8, 'n_units_l': 251, 'lr': 0.0006545119590649064, 'batch_size': 73}. Best is trial 15 with value: 0.0006541592877291918.
2025-01-29 13:04:42,373 - INFO - Elapsed time: 5252.51 seconds
2025-01-29 13:04:42,373 - INFO - Estimated time left: 0.00 seconds
2025-01-29 13:05:05,766 - INFO - Trial: 17/100, Epoch: 1/15, Val loss: 0.0239, Elapsed time: 0:00:23, Estimated time left: 0:05:27
2025-01-29 13:05:27,008 - INFO - Trial: 17/100, Epoch: 2/15, Val loss: 0.0028, Elapsed time: 0:00:44, Estimated time left: 0:04:36
2025-01-29 13:05:48,189 - INFO - Trial: 17/100, Epoch: 3/15, Val loss: 0.0024, Elapsed time: 0:01:05, Estimated time left: 0:04:14
2025-01-29 13:06:09,872 - INFO - Trial: 17/100, Epoch: 4/15, Val loss: 0.0021, Elapsed time: 0:01:27, Estimated time left: 0:03:58
2025-01-29 13:06:31,093 - INFO - Trial: 17/100, Epoch: 5/15, Val loss: 0.0018, Elapsed time: 0:01:48, Estimated time left: 0:03:32
2025-01-29 13:06:52,263 - INFO - Trial: 17/100, Epoch: 6/15, Val loss: 0.0015, Elapsed time: 0:02:09, Estimated time left: 0:03:10
2025-01-29 13:07:13,876 - INFO - Trial: 17/100, Epoch: 7/15, Val loss: 0.0013, Elapsed time: 0:02:31, Estimated time left: 0:02:52
2025-01-29 13:07:35,022 - INFO - Trial: 17/100, Epoch: 8/15, Val loss: 0.0011, Elapsed time: 0:02:52, Estimated time left: 0:02:28
2025-01-29 13:07:56,223 - INFO - Trial: 17/100, Epoch: 9/15, Val loss: 0.0010, Elapsed time: 0:03:13, Estimated time left: 0:02:07
2025-01-29 13:08:17,859 - INFO - Trial: 17/100, Epoch: 10/15, Val loss: 0.0010, Elapsed time: 0:03:35, Estimated time left: 0:01:48
2025-01-29 13:08:39,045 - INFO - Trial: 17/100, Epoch: 11/15, Val loss: 0.0008, Elapsed time: 0:03:56, Estimated time left: 0:01:24
2025-01-29 13:09:00,450 - INFO - Trial: 17/100, Epoch: 12/15, Val loss: 0.0008, Elapsed time: 0:04:18, Estimated time left: 0:01:04
2025-01-29 13:09:21,725 - INFO - Trial: 17/100, Epoch: 13/15, Val loss: 0.0007, Elapsed time: 0:04:39, Estimated time left: 0:00:42
2025-01-29 13:09:42,928 - INFO - Trial: 17/100, Epoch: 14/15, Val loss: 0.0007, Elapsed time: 0:05:00, Estimated time left: 0:00:21
2025-01-29 13:10:04,570 - INFO - Trial: 17/100, Epoch: 15/15, Val loss: 0.0006, Elapsed time: 0:05:22, Estimated time left: 0:00:00
2025-01-29 13:10:04,572 - INFO - Trial 16 finished with value: 0.0006078339743242661 and parameters: {'hidden_layers': 8, 'n_units_l': 234, 'lr': 0.0004252509521607678, 'batch_size': 61}. Best is trial 16 with value: 0.0006078339743242661.
2025-01-29 13:10:04,573 - INFO - Elapsed time: 5574.71 seconds
2025-01-29 13:10:04,573 - INFO - Estimated time left: 0.00 seconds
2025-01-29 13:10:28,600 - INFO - Trial: 18/100, Epoch: 1/15, Val loss: 0.0517, Elapsed time: 0:00:24, Estimated time left: 0:05:36
2025-01-29 13:10:50,562 - INFO - Trial: 18/100, Epoch: 2/15, Val loss: 0.0065, Elapsed time: 0:00:45, Estimated time left: 0:04:45
2025-01-29 13:11:13,039 - INFO - Trial: 18/100, Epoch: 3/15, Val loss: 0.0060, Elapsed time: 0:01:08, Estimated time left: 0:04:29
2025-01-29 13:11:35,042 - INFO - Trial: 18/100, Epoch: 4/15, Val loss: 0.0046, Elapsed time: 0:01:30, Estimated time left: 0:04:02
2025-01-29 13:11:57,460 - INFO - Trial: 18/100, Epoch: 5/15, Val loss: 0.0038, Elapsed time: 0:01:52, Estimated time left: 0:03:44
2025-01-29 13:12:19,548 - INFO - Trial: 18/100, Epoch: 6/15, Val loss: 0.0039, Elapsed time: 0:02:14, Estimated time left: 0:03:18
2025-01-29 13:12:41,528 - INFO - Trial: 18/100, Epoch: 7/15, Val loss: 0.0035, Elapsed time: 0:02:36, Estimated time left: 0:02:55
2025-01-29 13:13:04,021 - INFO - Trial: 18/100, Epoch: 8/15, Val loss: 0.0033, Elapsed time: 0:02:59, Estimated time left: 0:02:37
2025-01-29 13:13:26,129 - INFO - Trial: 18/100, Epoch: 9/15, Val loss: 0.0032, Elapsed time: 0:03:21, Estimated time left: 0:02:12
2025-01-29 13:13:48,171 - INFO - Trial: 18/100, Epoch: 10/15, Val loss: 0.0031, Elapsed time: 0:03:43, Estimated time left: 0:01:50
2025-01-29 13:14:10,626 - INFO - Trial: 18/100, Epoch: 11/15, Val loss: 0.0030, Elapsed time: 0:04:06, Estimated time left: 0:01:29
2025-01-29 13:14:32,507 - INFO - Trial: 18/100, Epoch: 12/15, Val loss: 0.0029, Elapsed time: 0:04:27, Estimated time left: 0:01:05
2025-01-29 13:14:54,882 - INFO - Trial: 18/100, Epoch: 13/15, Val loss: 0.0032, Elapsed time: 0:04:50, Estimated time left: 0:00:44
2025-01-29 13:15:16,746 - INFO - Trial: 18/100, Epoch: 14/15, Val loss: 0.0031, Elapsed time: 0:05:12, Estimated time left: 0:00:21
2025-01-29 13:15:38,665 - INFO - Trial: 18/100, Epoch: 15/15, Val loss: 0.0027, Elapsed time: 0:05:34, Estimated time left: 0:00:00
