2025-01-29 18:26:57,415 - INFO - Trial 89 finished with value: 0.0015315682702286427 and parameters: {'hidden_layers': 3, 'n_units_l': 255, 'lr': 0.00018557999534734212, 'batch_size': 98}. Best is trial 87 with value: 0.0004780363610306027.
2025-01-29 18:26:57,418 - INFO - Elapsed time: 24587.55 seconds
2025-01-29 18:26:57,418 - INFO - Estimated time left: 0.00 seconds
2025-01-29 18:27:08,205 - INFO - Trial: 91/100, Epoch: 1/15, Val loss: 0.0201, Elapsed time: 0:00:10, Estimated time left: 0:02:30
2025-01-29 18:27:18,564 - INFO - Trial: 91/100, Epoch: 2/15, Val loss: 0.0029, Elapsed time: 0:00:21, Estimated time left: 0:02:14
2025-01-29 18:27:29,141 - INFO - Trial: 91/100, Epoch: 3/15, Val loss: 0.0024, Elapsed time: 0:00:31, Estimated time left: 0:02:06
2025-01-29 18:27:39,590 - INFO - Trial: 91/100, Epoch: 4/15, Val loss: 0.0023, Elapsed time: 0:00:42, Estimated time left: 0:01:54
2025-01-29 18:27:50,105 - INFO - Trial: 91/100, Epoch: 5/15, Val loss: 0.0021, Elapsed time: 0:00:52, Estimated time left: 0:01:45
2025-01-29 18:28:00,588 - INFO - Trial: 91/100, Epoch: 6/15, Val loss: 0.0020, Elapsed time: 0:01:03, Estimated time left: 0:01:34
2025-01-29 18:28:11,095 - INFO - Trial: 91/100, Epoch: 7/15, Val loss: 0.0018, Elapsed time: 0:01:13, Estimated time left: 0:01:24
2025-01-29 18:28:21,539 - INFO - Trial: 91/100, Epoch: 8/15, Val loss: 0.0018, Elapsed time: 0:01:24, Estimated time left: 0:01:13
2025-01-29 18:28:32,027 - INFO - Trial: 91/100, Epoch: 9/15, Val loss: 0.0017, Elapsed time: 0:01:34, Estimated time left: 0:01:02
2025-01-29 18:28:42,513 - INFO - Trial: 91/100, Epoch: 10/15, Val loss: 0.0015, Elapsed time: 0:01:45, Estimated time left: 0:00:52
2025-01-29 18:28:52,977 - INFO - Trial: 91/100, Epoch: 11/15, Val loss: 0.0014, Elapsed time: 0:01:55, Estimated time left: 0:00:41
2025-01-29 18:29:03,395 - INFO - Trial: 91/100, Epoch: 12/15, Val loss: 0.0012, Elapsed time: 0:02:05, Estimated time left: 0:00:31
2025-01-29 18:29:13,880 - INFO - Trial: 91/100, Epoch: 13/15, Val loss: 0.0010, Elapsed time: 0:02:16, Estimated time left: 0:00:20
2025-01-29 18:29:24,366 - INFO - Trial: 91/100, Epoch: 14/15, Val loss: 0.0009, Elapsed time: 0:02:26, Estimated time left: 0:00:10
2025-01-29 18:29:34,784 - INFO - Trial: 91/100, Epoch: 15/15, Val loss: 0.0008, Elapsed time: 0:02:37, Estimated time left: 0:00:00
2025-01-29 18:29:34,785 - INFO - Trial 90 finished with value: 0.0008227485537299847 and parameters: {'hidden_layers': 4, 'n_units_l': 191, 'lr': 0.0003060042024717591, 'batch_size': 132}. Best is trial 87 with value: 0.0004780363610306027.
2025-01-29 18:29:34,789 - INFO - Elapsed time: 24744.92 seconds
2025-01-29 18:29:34,789 - INFO - Estimated time left: 0.00 seconds
2025-01-29 18:29:47,255 - INFO - Trial: 92/100, Epoch: 1/15, Val loss: 0.0187, Elapsed time: 0:00:12, Estimated time left: 0:02:54
2025-01-29 18:29:58,900 - INFO - Trial: 92/100, Epoch: 2/15, Val loss: 0.0027, Elapsed time: 0:00:24, Estimated time left: 0:02:31
2025-01-29 18:30:11,154 - INFO - Trial: 92/100, Epoch: 3/15, Val loss: 0.0024, Elapsed time: 0:00:36, Estimated time left: 0:02:27
2025-01-29 18:30:22,919 - INFO - Trial: 92/100, Epoch: 4/15, Val loss: 0.0022, Elapsed time: 0:00:48, Estimated time left: 0:02:09
2025-01-29 18:30:34,632 - INFO - Trial: 92/100, Epoch: 5/15, Val loss: 0.0021, Elapsed time: 0:00:59, Estimated time left: 0:01:57
2025-01-29 18:30:46,567 - INFO - Trial: 92/100, Epoch: 6/15, Val loss: 0.0019, Elapsed time: 0:01:11, Estimated time left: 0:01:47
2025-01-29 18:30:58,595 - INFO - Trial: 92/100, Epoch: 7/15, Val loss: 0.0016, Elapsed time: 0:01:23, Estimated time left: 0:01:36
2025-01-29 18:31:10,299 - INFO - Trial: 92/100, Epoch: 8/15, Val loss: 0.0014, Elapsed time: 0:01:35, Estimated time left: 0:01:21
2025-01-29 18:31:22,003 - INFO - Trial: 92/100, Epoch: 9/15, Val loss: 0.0011, Elapsed time: 0:01:47, Estimated time left: 0:01:10
2025-01-29 18:31:34,025 - INFO - Trial: 92/100, Epoch: 10/15, Val loss: 0.0008, Elapsed time: 0:01:59, Estimated time left: 0:01:00
2025-01-29 18:31:45,743 - INFO - Trial: 92/100, Epoch: 11/15, Val loss: 0.0007, Elapsed time: 0:02:10, Estimated time left: 0:00:46
2025-01-29 18:31:57,440 - INFO - Trial: 92/100, Epoch: 12/15, Val loss: 0.0008, Elapsed time: 0:02:22, Estimated time left: 0:00:35
2025-01-29 18:32:09,482 - INFO - Trial: 92/100, Epoch: 13/15, Val loss: 0.0007, Elapsed time: 0:02:34, Estimated time left: 0:00:24
2025-01-29 18:32:21,279 - INFO - Trial: 92/100, Epoch: 14/15, Val loss: 0.0006, Elapsed time: 0:02:46, Estimated time left: 0:00:11
2025-01-29 18:32:32,978 - INFO - Trial: 92/100, Epoch: 15/15, Val loss: 0.0005, Elapsed time: 0:02:58, Estimated time left: 0:00:00
2025-01-29 18:32:32,980 - INFO - Trial 91 finished with value: 0.0004779661104053623 and parameters: {'hidden_layers': 4, 'n_units_l': 229, 'lr': 0.0003797722861024129, 'batch_size': 115}. Best is trial 91 with value: 0.0004779661104053623.
2025-01-29 18:32:32,983 - INFO - Elapsed time: 24923.12 seconds
2025-01-29 18:32:32,984 - INFO - Estimated time left: 0.00 seconds
2025-01-29 18:32:45,772 - INFO - Trial: 93/100, Epoch: 1/15, Val loss: 0.0190, Elapsed time: 0:00:12, Estimated time left: 0:02:58
2025-01-29 18:32:58,399 - INFO - Trial: 93/100, Epoch: 2/15, Val loss: 0.0029, Elapsed time: 0:00:25, Estimated time left: 0:02:44
2025-01-29 18:33:10,798 - INFO - Trial: 93/100, Epoch: 3/15, Val loss: 0.0024, Elapsed time: 0:00:37, Estimated time left: 0:02:28
2025-01-29 18:33:23,161 - INFO - Trial: 93/100, Epoch: 4/15, Val loss: 0.0022, Elapsed time: 0:00:50, Estimated time left: 0:02:15
2025-01-29 18:33:35,825 - INFO - Trial: 93/100, Epoch: 5/15, Val loss: 0.0019, Elapsed time: 0:01:02, Estimated time left: 0:02:06
2025-01-29 18:33:48,312 - INFO - Trial: 93/100, Epoch: 6/15, Val loss: 0.0019, Elapsed time: 0:01:15, Estimated time left: 0:01:52
2025-01-29 18:34:00,585 - INFO - Trial: 93/100, Epoch: 7/15, Val loss: 0.0015, Elapsed time: 0:01:27, Estimated time left: 0:01:38
2025-01-29 18:34:13,009 - INFO - Trial: 93/100, Epoch: 8/15, Val loss: 0.0012, Elapsed time: 0:01:40, Estimated time left: 0:01:26
2025-01-29 18:34:26,093 - INFO - Trial: 93/100, Epoch: 9/15, Val loss: 0.0009, Elapsed time: 0:01:53, Estimated time left: 0:01:18
2025-01-29 18:34:39,178 - INFO - Trial: 93/100, Epoch: 10/15, Val loss: 0.0008, Elapsed time: 0:02:06, Estimated time left: 0:01:05
2025-01-29 18:34:52,287 - INFO - Trial: 93/100, Epoch: 11/15, Val loss: 0.0007, Elapsed time: 0:02:19, Estimated time left: 0:00:52
2025-01-29 18:35:05,328 - INFO - Trial: 93/100, Epoch: 12/15, Val loss: 0.0006, Elapsed time: 0:02:32, Estimated time left: 0:00:39
2025-01-29 18:35:17,881 - INFO - Trial: 93/100, Epoch: 13/15, Val loss: 0.0006, Elapsed time: 0:02:44, Estimated time left: 0:00:25
2025-01-29 18:35:30,848 - INFO - Trial: 93/100, Epoch: 14/15, Val loss: 0.0006, Elapsed time: 0:02:57, Estimated time left: 0:00:12
2025-01-29 18:35:44,018 - INFO - Trial: 93/100, Epoch: 15/15, Val loss: 0.0005, Elapsed time: 0:03:11, Estimated time left: 0:00:00
2025-01-29 18:35:44,019 - INFO - Trial 92 finished with value: 0.0005160427913670806 and parameters: {'hidden_layers': 5, 'n_units_l': 256, 'lr': 0.0003798451813395474, 'batch_size': 121}. Best is trial 91 with value: 0.0004779661104053623.
2025-01-29 18:35:44,023 - INFO - Elapsed time: 25114.16 seconds
2025-01-29 18:35:44,023 - INFO - Estimated time left: 0.00 seconds
2025-01-29 18:35:58,119 - INFO - Trial: 94/100, Epoch: 1/15, Val loss: 0.0235, Elapsed time: 0:00:14, Estimated time left: 0:03:17
2025-01-29 18:36:11,847 - INFO - Trial: 94/100, Epoch: 2/15, Val loss: 0.0028, Elapsed time: 0:00:27, Estimated time left: 0:02:58
2025-01-29 18:36:24,687 - INFO - Trial: 94/100, Epoch: 3/15, Val loss: 0.0024, Elapsed time: 0:00:40, Estimated time left: 0:02:34
2025-01-29 18:36:38,445 - INFO - Trial: 94/100, Epoch: 4/15, Val loss: 0.0023, Elapsed time: 0:00:54, Estimated time left: 0:02:31
2025-01-29 18:36:52,161 - INFO - Trial: 94/100, Epoch: 5/15, Val loss: 0.0021, Elapsed time: 0:01:08, Estimated time left: 0:02:17
2025-01-29 18:37:05,941 - INFO - Trial: 94/100, Epoch: 6/15, Val loss: 0.0020, Elapsed time: 0:01:21, Estimated time left: 0:02:04
2025-01-29 18:37:19,741 - INFO - Trial: 94/100, Epoch: 7/15, Val loss: 0.0018, Elapsed time: 0:01:35, Estimated time left: 0:01:50
2025-01-29 18:37:32,694 - INFO - Trial: 94/100, Epoch: 8/15, Val loss: 0.0017, Elapsed time: 0:01:48, Estimated time left: 0:01:30
2025-01-29 18:37:46,452 - INFO - Trial: 94/100, Epoch: 9/15, Val loss: 0.0015, Elapsed time: 0:02:02, Estimated time left: 0:01:22
2025-01-29 18:38:00,193 - INFO - Trial: 94/100, Epoch: 10/15, Val loss: 0.0013, Elapsed time: 0:02:16, Estimated time left: 0:01:08
2025-01-29 18:38:13,915 - INFO - Trial: 94/100, Epoch: 11/15, Val loss: 0.0011, Elapsed time: 0:02:29, Estimated time left: 0:00:54
2025-01-29 18:38:26,968 - INFO - Trial: 94/100, Epoch: 12/15, Val loss: 0.0009, Elapsed time: 0:02:42, Estimated time left: 0:00:39
2025-01-29 18:38:40,389 - INFO - Trial: 94/100, Epoch: 13/15, Val loss: 0.0007, Elapsed time: 0:02:56, Estimated time left: 0:00:26
2025-01-29 18:38:54,225 - INFO - Trial: 94/100, Epoch: 14/15, Val loss: 0.0008, Elapsed time: 0:03:10, Estimated time left: 0:00:13
2025-01-29 18:39:07,970 - INFO - Trial: 94/100, Epoch: 15/15, Val loss: 0.0006, Elapsed time: 0:03:23, Estimated time left: 0:00:00
2025-01-29 18:39:07,971 - INFO - Trial 93 finished with value: 0.00062846409962961 and parameters: {'hidden_layers': 5, 'n_units_l': 214, 'lr': 0.00023813877984640118, 'batch_size': 112}. Best is trial 91 with value: 0.0004779661104053623.
2025-01-29 18:39:07,975 - INFO - Elapsed time: 25318.11 seconds
2025-01-29 18:39:07,975 - INFO - Estimated time left: 0.00 seconds
2025-01-29 18:39:20,867 - INFO - Trial: 95/100, Epoch: 1/15, Val loss: 0.0154, Elapsed time: 0:00:12, Estimated time left: 0:03:00
2025-01-29 18:39:33,070 - INFO - Trial: 95/100, Epoch: 2/15, Val loss: 0.0027, Elapsed time: 0:00:25, Estimated time left: 0:02:38
2025-01-29 18:39:45,551 - INFO - Trial: 95/100, Epoch: 3/15, Val loss: 0.0024, Elapsed time: 0:00:37, Estimated time left: 0:02:29
2025-01-29 18:39:58,056 - INFO - Trial: 95/100, Epoch: 4/15, Val loss: 0.0023, Elapsed time: 0:00:50, Estimated time left: 0:02:17
2025-01-29 18:40:10,570 - INFO - Trial: 95/100, Epoch: 5/15, Val loss: 0.0021, Elapsed time: 0:01:02, Estimated time left: 0:02:05
2025-01-29 18:40:23,120 - INFO - Trial: 95/100, Epoch: 6/15, Val loss: 0.0018, Elapsed time: 0:01:15, Estimated time left: 0:01:52
2025-01-29 18:40:35,415 - INFO - Trial: 95/100, Epoch: 7/15, Val loss: 0.0018, Elapsed time: 0:01:27, Estimated time left: 0:01:38
2025-01-29 18:40:47,899 - INFO - Trial: 95/100, Epoch: 8/15, Val loss: 0.0014, Elapsed time: 0:01:39, Estimated time left: 0:01:27
2025-01-29 18:41:00,391 - INFO - Trial: 95/100, Epoch: 9/15, Val loss: 0.0013, Elapsed time: 0:01:52, Estimated time left: 0:01:14
2025-01-29 18:41:12,887 - INFO - Trial: 95/100, Epoch: 10/15, Val loss: 0.0011, Elapsed time: 0:02:04, Estimated time left: 0:01:02
2025-01-29 18:41:25,374 - INFO - Trial: 95/100, Epoch: 11/15, Val loss: 0.0010, Elapsed time: 0:02:17, Estimated time left: 0:00:49
2025-01-29 18:41:37,599 - INFO - Trial: 95/100, Epoch: 12/15, Val loss: 0.0009, Elapsed time: 0:02:29, Estimated time left: 0:00:36
2025-01-29 18:41:50,082 - INFO - Trial: 95/100, Epoch: 13/15, Val loss: 0.0008, Elapsed time: 0:02:42, Estimated time left: 0:00:24
2025-01-29 18:42:02,586 - INFO - Trial: 95/100, Epoch: 14/15, Val loss: 0.0007, Elapsed time: 0:02:54, Estimated time left: 0:00:12
2025-01-29 18:42:15,103 - INFO - Trial: 95/100, Epoch: 15/15, Val loss: 0.0006, Elapsed time: 0:03:07, Estimated time left: 0:00:00
2025-01-29 18:42:15,105 - INFO - Trial 94 finished with value: 0.0006373712779098296 and parameters: {'hidden_layers': 4, 'n_units_l': 233, 'lr': 0.00035224209227439354, 'batch_size': 116}. Best is trial 91 with value: 0.0004779661104053623.
2025-01-29 18:42:15,108 - INFO - Elapsed time: 25505.24 seconds
2025-01-29 18:42:15,109 - INFO - Estimated time left: 0.00 seconds
2025-01-29 18:42:29,025 - INFO - Trial: 96/100, Epoch: 1/15, Val loss: 0.0658, Elapsed time: 0:00:13, Estimated time left: 0:03:14
2025-01-29 18:42:41,810 - INFO - Trial: 96/100, Epoch: 2/15, Val loss: 0.0078, Elapsed time: 0:00:26, Estimated time left: 0:02:46
2025-01-29 18:42:54,830 - INFO - Trial: 96/100, Epoch: 3/15, Val loss: 0.0068, Elapsed time: 0:00:39, Estimated time left: 0:02:36
2025-01-29 18:43:07,846 - INFO - Trial: 96/100, Epoch: 4/15, Val loss: 0.0064, Elapsed time: 0:00:52, Estimated time left: 0:02:23
2025-01-29 18:43:20,951 - INFO - Trial: 96/100, Epoch: 5/15, Val loss: 0.0064, Elapsed time: 0:01:05, Estimated time left: 0:02:11
2025-01-29 18:43:33,906 - INFO - Trial: 96/100, Epoch: 6/15, Val loss: 0.0061, Elapsed time: 0:01:18, Estimated time left: 0:01:56
2025-01-29 18:43:46,756 - INFO - Trial: 96/100, Epoch: 7/15, Val loss: 0.0057, Elapsed time: 0:01:31, Estimated time left: 0:01:42
2025-01-29 18:43:59,792 - INFO - Trial: 96/100, Epoch: 8/15, Val loss: 0.0056, Elapsed time: 0:01:44, Estimated time left: 0:01:31
2025-01-29 18:44:12,745 - INFO - Trial: 96/100, Epoch: 9/15, Val loss: 0.0054, Elapsed time: 0:01:57, Estimated time left: 0:01:17
2025-01-29 18:44:25,789 - INFO - Trial: 96/100, Epoch: 10/15, Val loss: 0.0053, Elapsed time: 0:02:10, Estimated time left: 0:01:05
2025-01-29 18:44:38,589 - INFO - Trial: 96/100, Epoch: 11/15, Val loss: 0.0053, Elapsed time: 0:02:23, Estimated time left: 0:00:51
2025-01-29 18:44:51,545 - INFO - Trial: 96/100, Epoch: 12/15, Val loss: 0.0053, Elapsed time: 0:02:36, Estimated time left: 0:00:38
2025-01-29 18:45:04,525 - INFO - Trial: 96/100, Epoch: 13/15, Val loss: 0.0052, Elapsed time: 0:02:49, Estimated time left: 0:00:25
2025-01-29 18:45:17,526 - INFO - Trial: 96/100, Epoch: 14/15, Val loss: 0.0049, Elapsed time: 0:03:02, Estimated time left: 0:00:13
2025-01-29 18:45:30,564 - INFO - Trial: 96/100, Epoch: 15/15, Val loss: 0.0050, Elapsed time: 0:03:15, Estimated time left: 0:00:00
2025-01-29 18:45:30,565 - INFO - Trial 95 finished with value: 0.004964744597640652 and parameters: {'hidden_layers': 3, 'n_units_l': 12, 'lr': 0.0004288479289269617, 'batch_size': 88}. Best is trial 91 with value: 0.0004779661104053623.
2025-01-29 18:45:30,569 - INFO - Elapsed time: 25700.70 seconds
2025-01-29 18:45:30,570 - INFO - Estimated time left: 0.00 seconds
2025-01-29 18:45:40,619 - INFO - Trial: 97/100, Epoch: 1/15, Val loss: 0.0289, Elapsed time: 0:00:10, Estimated time left: 0:02:20
2025-01-29 18:45:50,160 - INFO - Trial: 97/100, Epoch: 2/15, Val loss: 0.0039, Elapsed time: 0:00:19, Estimated time left: 0:02:04
2025-01-29 18:45:59,575 - INFO - Trial: 97/100, Epoch: 3/15, Val loss: 0.0030, Elapsed time: 0:00:28, Estimated time left: 0:01:52
2025-01-29 18:46:09,112 - INFO - Trial: 97/100, Epoch: 4/15, Val loss: 0.0026, Elapsed time: 0:00:38, Estimated time left: 0:01:44
2025-01-29 18:46:18,612 - INFO - Trial: 97/100, Epoch: 5/15, Val loss: 0.0024, Elapsed time: 0:00:48, Estimated time left: 0:01:34
2025-01-29 18:46:28,173 - INFO - Trial: 97/100, Epoch: 6/15, Val loss: 0.0023, Elapsed time: 0:00:57, Estimated time left: 0:01:26
2025-01-29 18:46:37,919 - INFO - Trial: 97/100, Epoch: 7/15, Val loss: 0.0022, Elapsed time: 0:01:07, Estimated time left: 0:01:17
2025-01-29 18:46:47,438 - INFO - Trial: 97/100, Epoch: 8/15, Val loss: 0.0022, Elapsed time: 0:01:16, Estimated time left: 0:01:06
2025-01-29 18:46:56,986 - INFO - Trial: 97/100, Epoch: 9/15, Val loss: 0.0021, Elapsed time: 0:01:26, Estimated time left: 0:00:57
2025-01-29 18:47:06,481 - INFO - Trial: 97/100, Epoch: 10/15, Val loss: 0.0021, Elapsed time: 0:01:35, Estimated time left: 0:00:47
2025-01-29 18:47:16,010 - INFO - Trial: 97/100, Epoch: 11/15, Val loss: 0.0020, Elapsed time: 0:01:45, Estimated time left: 0:00:38
2025-01-29 18:47:25,554 - INFO - Trial: 97/100, Epoch: 12/15, Val loss: 0.0020, Elapsed time: 0:01:54, Estimated time left: 0:00:28
2025-01-29 18:47:35,389 - INFO - Trial: 97/100, Epoch: 13/15, Val loss: 0.0019, Elapsed time: 0:02:04, Estimated time left: 0:00:19
2025-01-29 18:47:44,886 - INFO - Trial: 97/100, Epoch: 14/15, Val loss: 0.0018, Elapsed time: 0:02:14, Estimated time left: 0:00:09
2025-01-29 18:47:54,339 - INFO - Trial: 97/100, Epoch: 15/15, Val loss: 0.0018, Elapsed time: 0:02:23, Estimated time left: 0:00:00
2025-01-29 18:47:54,340 - INFO - Trial 96 finished with value: 0.001814715683045559 and parameters: {'hidden_layers': 4, 'n_units_l': 148, 'lr': 0.0001519217107538634, 'batch_size': 146}. Best is trial 91 with value: 0.0004779661104053623.
2025-01-29 18:47:54,344 - INFO - Elapsed time: 25844.48 seconds
2025-01-29 18:47:54,344 - INFO - Estimated time left: 0.00 seconds
2025-01-29 18:48:06,526 - INFO - Trial: 98/100, Epoch: 1/15, Val loss: 0.0268, Elapsed time: 0:00:12, Estimated time left: 0:02:50
2025-01-29 18:48:18,312 - INFO - Trial: 98/100, Epoch: 2/15, Val loss: 0.0030, Elapsed time: 0:00:23, Estimated time left: 0:02:33
2025-01-29 18:48:29,915 - INFO - Trial: 98/100, Epoch: 3/15, Val loss: 0.0025, Elapsed time: 0:00:35, Estimated time left: 0:02:19
2025-01-29 18:48:41,504 - INFO - Trial: 98/100, Epoch: 4/15, Val loss: 0.0024, Elapsed time: 0:00:47, Estimated time left: 0:02:07
2025-01-29 18:48:53,228 - INFO - Trial: 98/100, Epoch: 5/15, Val loss: 0.0022, Elapsed time: 0:00:58, Estimated time left: 0:01:57
2025-01-29 18:49:04,967 - INFO - Trial: 98/100, Epoch: 6/15, Val loss: 0.0020, Elapsed time: 0:01:10, Estimated time left: 0:01:45
2025-01-29 18:49:16,693 - INFO - Trial: 98/100, Epoch: 7/15, Val loss: 0.0019, Elapsed time: 0:01:22, Estimated time left: 0:01:33
2025-01-29 18:49:28,436 - INFO - Trial: 98/100, Epoch: 8/15, Val loss: 0.0018, Elapsed time: 0:01:34, Estimated time left: 0:01:22
2025-01-29 18:49:39,968 - INFO - Trial: 98/100, Epoch: 9/15, Val loss: 0.0017, Elapsed time: 0:01:45, Estimated time left: 0:01:09
2025-01-29 18:49:52,355 - INFO - Trial: 98/100, Epoch: 10/15, Val loss: 0.0014, Elapsed time: 0:01:57, Estimated time left: 0:01:01
2025-01-29 18:50:04,705 - INFO - Trial: 98/100, Epoch: 11/15, Val loss: 0.0012, Elapsed time: 0:02:10, Estimated time left: 0:00:49
2025-01-29 18:50:16,713 - INFO - Trial: 98/100, Epoch: 12/15, Val loss: 0.0009, Elapsed time: 0:02:22, Estimated time left: 0:00:36
2025-01-29 18:50:29,030 - INFO - Trial: 98/100, Epoch: 13/15, Val loss: 0.0008, Elapsed time: 0:02:34, Estimated time left: 0:00:24
2025-01-29 18:50:41,333 - INFO - Trial: 98/100, Epoch: 14/15, Val loss: 0.0007, Elapsed time: 0:02:46, Estimated time left: 0:00:12
2025-01-29 18:50:53,260 - INFO - Trial: 98/100, Epoch: 15/15, Val loss: 0.0006, Elapsed time: 0:02:58, Estimated time left: 0:00:00
2025-01-29 18:50:53,261 - INFO - Trial 97 finished with value: 0.0005750705383496154 and parameters: {'hidden_layers': 5, 'n_units_l': 199, 'lr': 0.0002708048426177905, 'batch_size': 131}. Best is trial 91 with value: 0.0004779661104053623.
2025-01-29 18:50:53,265 - INFO - Elapsed time: 26023.40 seconds
2025-01-29 18:50:53,265 - INFO - Estimated time left: 0.00 seconds
2025-01-29 18:51:05,856 - INFO - Trial: 99/100, Epoch: 1/15, Val loss: 0.0197, Elapsed time: 0:00:12, Estimated time left: 0:02:56
2025-01-29 18:51:18,002 - INFO - Trial: 99/100, Epoch: 2/15, Val loss: 0.0032, Elapsed time: 0:00:24, Estimated time left: 0:02:37
2025-01-29 18:51:29,821 - INFO - Trial: 99/100, Epoch: 3/15, Val loss: 0.0027, Elapsed time: 0:00:36, Estimated time left: 0:02:21
2025-01-29 18:51:41,877 - INFO - Trial: 99/100, Epoch: 4/15, Val loss: 0.0024, Elapsed time: 0:00:48, Estimated time left: 0:02:12
2025-01-29 18:51:53,959 - INFO - Trial: 99/100, Epoch: 5/15, Val loss: 0.0023, Elapsed time: 0:01:00, Estimated time left: 0:02:00
2025-01-29 18:52:05,793 - INFO - Trial: 99/100, Epoch: 6/15, Val loss: 0.0021, Elapsed time: 0:01:12, Estimated time left: 0:01:46
2025-01-29 18:52:17,807 - INFO - Trial: 99/100, Epoch: 7/15, Val loss: 0.0020, Elapsed time: 0:01:24, Estimated time left: 0:01:36
2025-01-29 18:52:29,871 - INFO - Trial: 99/100, Epoch: 8/15, Val loss: 0.0020, Elapsed time: 0:01:36, Estimated time left: 0:01:24
2025-01-29 18:52:41,661 - INFO - Trial: 99/100, Epoch: 9/15, Val loss: 0.0020, Elapsed time: 0:01:48, Estimated time left: 0:01:10
2025-01-29 18:52:53,705 - INFO - Trial: 99/100, Epoch: 10/15, Val loss: 0.0018, Elapsed time: 0:02:00, Estimated time left: 0:01:00
2025-01-29 18:53:05,757 - INFO - Trial: 99/100, Epoch: 11/15, Val loss: 0.0018, Elapsed time: 0:02:12, Estimated time left: 0:00:48
2025-01-29 18:53:17,531 - INFO - Trial: 99/100, Epoch: 12/15, Val loss: 0.0017, Elapsed time: 0:02:24, Estimated time left: 0:00:35
2025-01-29 18:53:29,602 - INFO - Trial: 99/100, Epoch: 13/15, Val loss: 0.0017, Elapsed time: 0:02:36, Estimated time left: 0:00:24
2025-01-29 18:53:41,596 - INFO - Trial: 99/100, Epoch: 14/15, Val loss: 0.0016, Elapsed time: 0:02:48, Estimated time left: 0:00:11
2025-01-29 18:53:53,431 - INFO - Trial: 99/100, Epoch: 15/15, Val loss: 0.0016, Elapsed time: 0:03:00, Estimated time left: 0:00:00
