2025-01-29 16:31:49,878 - INFO - Trial 53 finished with value: 0.000754144011042516 and parameters: {'hidden_layers': 7, 'n_units_l': 212, 'lr': 0.0005113983128921329, 'batch_size': 55}. Best is trial 42 with value: 0.0004824209566414633.
2025-01-29 16:31:49,881 - INFO - Elapsed time: 17680.02 seconds
2025-01-29 16:31:49,881 - INFO - Estimated time left: 0.00 seconds
2025-01-29 16:32:09,316 - INFO - Trial: 55/100, Epoch: 1/15, Val loss: 0.0539, Elapsed time: 0:00:19, Estimated time left: 0:04:31
2025-01-29 16:32:27,999 - INFO - Trial: 55/100, Epoch: 2/15, Val loss: 0.0047, Elapsed time: 0:00:38, Estimated time left: 0:04:02
2025-01-29 16:32:46,228 - INFO - Trial: 55/100, Epoch: 3/15, Val loss: 0.0026, Elapsed time: 0:00:56, Estimated time left: 0:03:38
2025-01-29 16:33:04,951 - INFO - Trial: 55/100, Epoch: 4/15, Val loss: 0.0024, Elapsed time: 0:01:15, Estimated time left: 0:03:25
2025-01-29 16:33:23,187 - INFO - Trial: 55/100, Epoch: 5/15, Val loss: 0.0022, Elapsed time: 0:01:33, Estimated time left: 0:03:02
2025-01-29 16:33:41,808 - INFO - Trial: 55/100, Epoch: 6/15, Val loss: 0.0022, Elapsed time: 0:01:51, Estimated time left: 0:02:47
2025-01-29 16:33:59,853 - INFO - Trial: 55/100, Epoch: 7/15, Val loss: 0.0021, Elapsed time: 0:02:09, Estimated time left: 0:02:24
2025-01-29 16:34:17,856 - INFO - Trial: 55/100, Epoch: 8/15, Val loss: 0.0018, Elapsed time: 0:02:27, Estimated time left: 0:02:06
2025-01-29 16:34:35,519 - INFO - Trial: 55/100, Epoch: 9/15, Val loss: 0.0017, Elapsed time: 0:02:45, Estimated time left: 0:01:45
2025-01-29 16:34:52,987 - INFO - Trial: 55/100, Epoch: 10/15, Val loss: 0.0017, Elapsed time: 0:03:03, Estimated time left: 0:01:27
2025-01-29 16:35:10,439 - INFO - Trial: 55/100, Epoch: 11/15, Val loss: 0.0016, Elapsed time: 0:03:20, Estimated time left: 0:01:09
2025-01-29 16:35:27,832 - INFO - Trial: 55/100, Epoch: 12/15, Val loss: 0.0014, Elapsed time: 0:03:37, Estimated time left: 0:00:52
2025-01-29 16:35:45,483 - INFO - Trial: 55/100, Epoch: 13/15, Val loss: 0.0013, Elapsed time: 0:03:55, Estimated time left: 0:00:35
2025-01-29 16:36:03,402 - INFO - Trial: 55/100, Epoch: 14/15, Val loss: 0.0011, Elapsed time: 0:04:13, Estimated time left: 0:00:17
2025-01-29 16:36:20,999 - INFO - Trial: 55/100, Epoch: 15/15, Val loss: 0.0011, Elapsed time: 0:04:31, Estimated time left: 0:00:00
2025-01-29 16:36:21,001 - INFO - Trial 54 finished with value: 0.001071061165868194 and parameters: {'hidden_layers': 8, 'n_units_l': 166, 'lr': 0.00020405807438933707, 'batch_size': 88}. Best is trial 42 with value: 0.0004824209566414633.
2025-01-29 16:36:21,003 - INFO - Elapsed time: 17951.14 seconds
2025-01-29 16:36:21,003 - INFO - Estimated time left: 0.00 seconds
2025-01-29 16:36:41,609 - INFO - Trial: 56/100, Epoch: 1/15, Val loss: 0.0318, Elapsed time: 0:00:20, Estimated time left: 0:04:48
2025-01-29 16:37:01,633 - INFO - Trial: 56/100, Epoch: 2/15, Val loss: 0.0031, Elapsed time: 0:00:40, Estimated time left: 0:04:20
2025-01-29 16:37:21,606 - INFO - Trial: 56/100, Epoch: 3/15, Val loss: 0.0026, Elapsed time: 0:01:00, Estimated time left: 0:03:59
2025-01-29 16:37:41,531 - INFO - Trial: 56/100, Epoch: 4/15, Val loss: 0.0023, Elapsed time: 0:01:20, Estimated time left: 0:03:39
2025-01-29 16:38:01,437 - INFO - Trial: 56/100, Epoch: 5/15, Val loss: 0.0021, Elapsed time: 0:01:40, Estimated time left: 0:03:19
2025-01-29 16:38:21,390 - INFO - Trial: 56/100, Epoch: 6/15, Val loss: 0.0019, Elapsed time: 0:02:00, Estimated time left: 0:02:59
2025-01-29 16:38:41,276 - INFO - Trial: 56/100, Epoch: 7/15, Val loss: 0.0019, Elapsed time: 0:02:20, Estimated time left: 0:02:39
2025-01-29 16:39:01,209 - INFO - Trial: 56/100, Epoch: 8/15, Val loss: 0.0017, Elapsed time: 0:02:40, Estimated time left: 0:02:19
2025-01-29 16:39:20,978 - INFO - Trial: 56/100, Epoch: 9/15, Val loss: 0.0015, Elapsed time: 0:02:59, Estimated time left: 0:01:58
2025-01-29 16:39:41,010 - INFO - Trial: 56/100, Epoch: 10/15, Val loss: 0.0015, Elapsed time: 0:03:19, Estimated time left: 0:01:40
2025-01-29 16:40:00,990 - INFO - Trial: 56/100, Epoch: 11/15, Val loss: 0.0012, Elapsed time: 0:03:39, Estimated time left: 0:01:19
2025-01-29 16:40:20,887 - INFO - Trial: 56/100, Epoch: 12/15, Val loss: 0.0011, Elapsed time: 0:03:59, Estimated time left: 0:00:59
2025-01-29 16:40:40,856 - INFO - Trial: 56/100, Epoch: 13/15, Val loss: 0.0010, Elapsed time: 0:04:19, Estimated time left: 0:00:39
2025-01-29 16:41:00,709 - INFO - Trial: 56/100, Epoch: 14/15, Val loss: 0.0010, Elapsed time: 0:04:39, Estimated time left: 0:00:19
2025-01-29 16:41:20,622 - INFO - Trial: 56/100, Epoch: 15/15, Val loss: 0.0012, Elapsed time: 0:04:59, Estimated time left: 0:00:00
2025-01-29 16:41:20,624 - INFO - Trial 55 finished with value: 0.0011534565662582772 and parameters: {'hidden_layers': 6, 'n_units_l': 117, 'lr': 0.00034384220710978475, 'batch_size': 68}. Best is trial 42 with value: 0.0004824209566414633.
2025-01-29 16:41:20,626 - INFO - Elapsed time: 18250.76 seconds
2025-01-29 16:41:20,626 - INFO - Estimated time left: 0.00 seconds
2025-01-29 16:41:37,102 - INFO - Trial: 57/100, Epoch: 1/15, Val loss: 0.0738, Elapsed time: 0:00:16, Estimated time left: 0:03:50
2025-01-29 16:41:52,027 - INFO - Trial: 57/100, Epoch: 2/15, Val loss: 0.0051, Elapsed time: 0:00:31, Estimated time left: 0:03:14
2025-01-29 16:42:07,465 - INFO - Trial: 57/100, Epoch: 3/15, Val loss: 0.0030, Elapsed time: 0:00:46, Estimated time left: 0:03:05
2025-01-29 16:42:22,693 - INFO - Trial: 57/100, Epoch: 4/15, Val loss: 0.0026, Elapsed time: 0:01:02, Estimated time left: 0:02:47
2025-01-29 16:42:37,728 - INFO - Trial: 57/100, Epoch: 5/15, Val loss: 0.0025, Elapsed time: 0:01:17, Estimated time left: 0:02:30
2025-01-29 16:42:53,096 - INFO - Trial: 57/100, Epoch: 6/15, Val loss: 0.0024, Elapsed time: 0:01:32, Estimated time left: 0:02:18
2025-01-29 16:43:07,946 - INFO - Trial: 57/100, Epoch: 7/15, Val loss: 0.0023, Elapsed time: 0:01:47, Estimated time left: 0:01:58
2025-01-29 16:43:23,314 - INFO - Trial: 57/100, Epoch: 8/15, Val loss: 0.0022, Elapsed time: 0:02:02, Estimated time left: 0:01:47
2025-01-29 16:43:38,673 - INFO - Trial: 57/100, Epoch: 9/15, Val loss: 0.0021, Elapsed time: 0:02:18, Estimated time left: 0:01:32
2025-01-29 16:43:53,541 - INFO - Trial: 57/100, Epoch: 10/15, Val loss: 0.0021, Elapsed time: 0:02:32, Estimated time left: 0:01:14
2025-01-29 16:44:08,809 - INFO - Trial: 57/100, Epoch: 11/15, Val loss: 0.0021, Elapsed time: 0:02:48, Estimated time left: 0:01:01
2025-01-29 16:44:23,762 - INFO - Trial: 57/100, Epoch: 12/15, Val loss: 0.0023, Elapsed time: 0:03:03, Estimated time left: 0:00:44
2025-01-29 16:44:39,123 - INFO - Trial: 57/100, Epoch: 13/15, Val loss: 0.0020, Elapsed time: 0:03:18, Estimated time left: 0:00:30
2025-01-29 16:44:54,524 - INFO - Trial: 57/100, Epoch: 14/15, Val loss: 0.0019, Elapsed time: 0:03:33, Estimated time left: 0:00:15
2025-01-29 16:45:09,491 - INFO - Trial: 57/100, Epoch: 15/15, Val loss: 0.0018, Elapsed time: 0:03:48, Estimated time left: 0:00:00
2025-01-29 16:45:09,493 - INFO - Trial 56 finished with value: 0.0018106559304535677 and parameters: {'hidden_layers': 7, 'n_units_l': 145, 'lr': 0.00011313213530808802, 'batch_size': 102}. Best is trial 42 with value: 0.0004824209566414633.
2025-01-29 16:45:09,495 - INFO - Elapsed time: 18479.63 seconds
2025-01-29 16:45:09,495 - INFO - Estimated time left: 0.00 seconds
2025-01-29 16:45:38,128 - INFO - Trial: 58/100, Epoch: 1/15, Val loss: 0.1367, Elapsed time: 0:00:28, Estimated time left: 0:06:40
2025-01-29 16:46:04,505 - INFO - Trial: 58/100, Epoch: 2/15, Val loss: 0.1369, Elapsed time: 0:00:54, Estimated time left: 0:05:42
2025-01-29 16:46:30,896 - INFO - Trial: 58/100, Epoch: 3/15, Val loss: 0.1365, Elapsed time: 0:01:21, Estimated time left: 0:05:16
2025-01-29 16:46:57,198 - INFO - Trial: 58/100, Epoch: 4/15, Val loss: 0.1370, Elapsed time: 0:01:47, Estimated time left: 0:04:49
2025-01-29 16:47:23,457 - INFO - Trial: 58/100, Epoch: 5/15, Val loss: 0.1367, Elapsed time: 0:02:13, Estimated time left: 0:04:22
2025-01-29 16:47:50,104 - INFO - Trial: 58/100, Epoch: 6/15, Val loss: 0.1369, Elapsed time: 0:02:40, Estimated time left: 0:03:59
2025-01-29 16:48:16,432 - INFO - Trial: 58/100, Epoch: 7/15, Val loss: 0.1366, Elapsed time: 0:03:06, Estimated time left: 0:03:30
2025-01-29 16:48:42,702 - INFO - Trial: 58/100, Epoch: 8/15, Val loss: 0.1373, Elapsed time: 0:03:33, Estimated time left: 0:03:03
2025-01-29 16:49:08,999 - INFO - Trial: 58/100, Epoch: 9/15, Val loss: 0.1366, Elapsed time: 0:03:59, Estimated time left: 0:02:37
2025-01-29 16:49:35,053 - INFO - Trial: 58/100, Epoch: 10/15, Val loss: 0.1368, Elapsed time: 0:04:25, Estimated time left: 0:02:10
2025-01-29 16:50:01,194 - INFO - Trial: 58/100, Epoch: 11/15, Val loss: 0.1368, Elapsed time: 0:04:51, Estimated time left: 0:01:44
2025-01-29 16:50:27,161 - INFO - Trial: 58/100, Epoch: 12/15, Val loss: 0.1365, Elapsed time: 0:05:17, Estimated time left: 0:01:17
2025-01-29 16:50:53,154 - INFO - Trial: 58/100, Epoch: 13/15, Val loss: 0.1366, Elapsed time: 0:05:43, Estimated time left: 0:00:51
2025-01-29 16:51:19,235 - INFO - Trial: 58/100, Epoch: 14/15, Val loss: 0.1365, Elapsed time: 0:06:09, Estimated time left: 0:00:26
2025-01-29 16:51:45,402 - INFO - Trial: 58/100, Epoch: 15/15, Val loss: 0.1365, Elapsed time: 0:06:35, Estimated time left: 0:00:00
2025-01-29 16:51:45,403 - INFO - Trial 57 finished with value: 0.13650970603907253 and parameters: {'hidden_layers': 8, 'n_units_l': 256, 'lr': 0.010401694307784915, 'batch_size': 61}. Best is trial 42 with value: 0.0004824209566414633.
2025-01-29 16:51:45,405 - INFO - Elapsed time: 18875.54 seconds
2025-01-29 16:51:45,406 - INFO - Estimated time left: 0.00 seconds
2025-01-29 16:52:08,660 - INFO - Trial: 59/100, Epoch: 1/15, Val loss: 0.6650, Elapsed time: 0:00:23, Estimated time left: 0:05:25
2025-01-29 16:52:29,709 - INFO - Trial: 59/100, Epoch: 2/15, Val loss: 0.1365, Elapsed time: 0:00:44, Estimated time left: 0:04:33
2025-01-29 16:52:50,787 - INFO - Trial: 59/100, Epoch: 3/15, Val loss: 0.1372, Elapsed time: 0:01:05, Estimated time left: 0:04:12
2025-01-29 16:53:11,806 - INFO - Trial: 59/100, Epoch: 4/15, Val loss: 0.1368, Elapsed time: 0:01:26, Estimated time left: 0:03:51
2025-01-29 16:53:32,786 - INFO - Trial: 59/100, Epoch: 5/15, Val loss: 0.1383, Elapsed time: 0:01:47, Estimated time left: 0:03:29
2025-01-29 16:53:53,849 - INFO - Trial: 59/100, Epoch: 6/15, Val loss: 0.1368, Elapsed time: 0:02:08, Estimated time left: 0:03:09
2025-01-29 16:54:14,867 - INFO - Trial: 59/100, Epoch: 7/15, Val loss: 0.1382, Elapsed time: 0:02:29, Estimated time left: 0:02:48
2025-01-29 16:54:36,331 - INFO - Trial: 59/100, Epoch: 8/15, Val loss: 0.1365, Elapsed time: 0:02:50, Estimated time left: 0:02:30
2025-01-29 16:54:58,819 - INFO - Trial: 59/100, Epoch: 9/15, Val loss: 0.1385, Elapsed time: 0:03:13, Estimated time left: 0:02:14
2025-01-29 16:55:21,264 - INFO - Trial: 59/100, Epoch: 10/15, Val loss: 0.1377, Elapsed time: 0:03:35, Estimated time left: 0:01:52
2025-01-29 16:55:43,241 - INFO - Trial: 59/100, Epoch: 11/15, Val loss: 0.1370, Elapsed time: 0:03:57, Estimated time left: 0:01:27
2025-01-29 16:56:04,757 - INFO - Trial: 59/100, Epoch: 12/15, Val loss: 0.1367, Elapsed time: 0:04:19, Estimated time left: 0:01:04
2025-01-29 16:56:26,306 - INFO - Trial: 59/100, Epoch: 13/15, Val loss: 0.1367, Elapsed time: 0:04:40, Estimated time left: 0:00:43
2025-01-29 16:56:48,083 - INFO - Trial: 59/100, Epoch: 14/15, Val loss: 0.1365, Elapsed time: 0:05:02, Estimated time left: 0:00:21
2025-01-29 16:57:09,623 - INFO - Trial: 59/100, Epoch: 15/15, Val loss: 0.1367, Elapsed time: 0:05:24, Estimated time left: 0:00:00
2025-01-29 16:57:09,625 - INFO - Trial 58 finished with value: 0.13673014838765138 and parameters: {'hidden_layers': 8, 'n_units_l': 178, 'lr': 0.05654006422763687, 'batch_size': 73}. Best is trial 42 with value: 0.0004824209566414633.
2025-01-29 16:57:09,627 - INFO - Elapsed time: 19199.76 seconds
2025-01-29 16:57:09,627 - INFO - Estimated time left: 0.00 seconds
2025-01-29 16:57:24,957 - INFO - Trial: 60/100, Epoch: 1/15, Val loss: 0.0236, Elapsed time: 0:00:15, Estimated time left: 0:03:34
2025-01-29 16:57:39,008 - INFO - Trial: 60/100, Epoch: 2/15, Val loss: 0.0030, Elapsed time: 0:00:29, Estimated time left: 0:03:02
2025-01-29 16:57:53,156 - INFO - Trial: 60/100, Epoch: 3/15, Val loss: 0.0026, Elapsed time: 0:00:43, Estimated time left: 0:02:49
2025-01-29 16:58:07,428 - INFO - Trial: 60/100, Epoch: 4/15, Val loss: 0.0023, Elapsed time: 0:00:57, Estimated time left: 0:02:36
2025-01-29 16:58:21,754 - INFO - Trial: 60/100, Epoch: 5/15, Val loss: 0.0020, Elapsed time: 0:01:12, Estimated time left: 0:02:23
2025-01-29 16:58:36,061 - INFO - Trial: 60/100, Epoch: 6/15, Val loss: 0.0017, Elapsed time: 0:01:26, Estimated time left: 0:02:08
2025-01-29 16:58:49,997 - INFO - Trial: 60/100, Epoch: 7/15, Val loss: 0.0014, Elapsed time: 0:01:40, Estimated time left: 0:01:51
2025-01-29 16:59:04,141 - INFO - Trial: 60/100, Epoch: 8/15, Val loss: 0.0012, Elapsed time: 0:01:54, Estimated time left: 0:01:39
2025-01-29 16:59:18,338 - INFO - Trial: 60/100, Epoch: 9/15, Val loss: 0.0009, Elapsed time: 0:02:08, Estimated time left: 0:01:25
2025-01-29 16:59:32,455 - INFO - Trial: 60/100, Epoch: 10/15, Val loss: 0.0009, Elapsed time: 0:02:22, Estimated time left: 0:01:10
2025-01-29 16:59:46,257 - INFO - Trial: 60/100, Epoch: 11/15, Val loss: 0.0008, Elapsed time: 0:02:36, Estimated time left: 0:00:55
2025-01-29 17:00:00,387 - INFO - Trial: 60/100, Epoch: 12/15, Val loss: 0.0007, Elapsed time: 0:02:50, Estimated time left: 0:00:42
2025-01-29 17:00:14,542 - INFO - Trial: 60/100, Epoch: 13/15, Val loss: 0.0006, Elapsed time: 0:03:04, Estimated time left: 0:00:28
2025-01-29 17:00:28,638 - INFO - Trial: 60/100, Epoch: 14/15, Val loss: 0.0007, Elapsed time: 0:03:18, Estimated time left: 0:00:14
2025-01-29 17:00:42,693 - INFO - Trial: 60/100, Epoch: 15/15, Val loss: 0.0006, Elapsed time: 0:03:33, Estimated time left: 0:00:00
2025-01-29 17:00:42,695 - INFO - Trial 59 finished with value: 0.000647996519904414 and parameters: {'hidden_layers': 7, 'n_units_l': 208, 'lr': 0.0005829070125149854, 'batch_size': 120}. Best is trial 42 with value: 0.0004824209566414633.
2025-01-29 17:00:42,697 - INFO - Elapsed time: 19412.83 seconds
2025-01-29 17:00:42,698 - INFO - Estimated time left: 0.00 seconds
2025-01-29 17:00:53,013 - INFO - Trial: 61/100, Epoch: 1/15, Val loss: 0.0246, Elapsed time: 0:00:10, Estimated time left: 0:02:24
2025-01-29 17:01:02,764 - INFO - Trial: 61/100, Epoch: 2/15, Val loss: 0.0036, Elapsed time: 0:00:20, Estimated time left: 0:02:06
2025-01-29 17:01:12,540 - INFO - Trial: 61/100, Epoch: 3/15, Val loss: 0.0028, Elapsed time: 0:00:29, Estimated time left: 0:01:57
2025-01-29 17:01:22,294 - INFO - Trial: 61/100, Epoch: 4/15, Val loss: 0.0025, Elapsed time: 0:00:39, Estimated time left: 0:01:47
2025-01-29 17:01:32,049 - INFO - Trial: 61/100, Epoch: 5/15, Val loss: 0.0025, Elapsed time: 0:00:49, Estimated time left: 0:01:37
2025-01-29 17:01:41,876 - INFO - Trial: 61/100, Epoch: 6/15, Val loss: 0.0023, Elapsed time: 0:00:59, Estimated time left: 0:01:28
2025-01-29 17:01:51,654 - INFO - Trial: 61/100, Epoch: 7/15, Val loss: 0.0022, Elapsed time: 0:01:08, Estimated time left: 0:01:18
2025-01-29 17:02:01,421 - INFO - Trial: 61/100, Epoch: 8/15, Val loss: 0.0022, Elapsed time: 0:01:18, Estimated time left: 0:01:08
2025-01-29 17:02:11,186 - INFO - Trial: 61/100, Epoch: 9/15, Val loss: 0.0020, Elapsed time: 0:01:28, Estimated time left: 0:00:58
2025-01-29 17:02:20,992 - INFO - Trial: 61/100, Epoch: 10/15, Val loss: 0.0019, Elapsed time: 0:01:38, Estimated time left: 0:00:49
2025-01-29 17:02:30,824 - INFO - Trial: 61/100, Epoch: 11/15, Val loss: 0.0019, Elapsed time: 0:01:48, Estimated time left: 0:00:39
2025-01-29 17:02:40,644 - INFO - Trial: 61/100, Epoch: 12/15, Val loss: 0.0019, Elapsed time: 0:01:57, Estimated time left: 0:00:29
2025-01-29 17:02:50,433 - INFO - Trial: 61/100, Epoch: 13/15, Val loss: 0.0017, Elapsed time: 0:02:07, Estimated time left: 0:00:19
2025-01-29 17:03:00,226 - INFO - Trial: 61/100, Epoch: 14/15, Val loss: 0.0017, Elapsed time: 0:02:17, Estimated time left: 0:00:09
2025-01-29 17:03:09,982 - INFO - Trial: 61/100, Epoch: 15/15, Val loss: 0.0017, Elapsed time: 0:02:27, Estimated time left: 0:00:00
2025-01-29 17:03:09,984 - INFO - Trial 60 finished with value: 0.0016762671983979553 and parameters: {'hidden_layers': 5, 'n_units_l': 99, 'lr': 0.00033965914700066606, 'batch_size': 150}. Best is trial 42 with value: 0.0004824209566414633.
2025-01-29 17:03:09,986 - INFO - Elapsed time: 19560.12 seconds
2025-01-29 17:03:09,987 - INFO - Estimated time left: 0.00 seconds
2025-01-29 17:03:23,860 - INFO - Trial: 62/100, Epoch: 1/15, Val loss: 0.0201, Elapsed time: 0:00:13, Estimated time left: 0:03:14
2025-01-29 17:03:36,715 - INFO - Trial: 62/100, Epoch: 2/15, Val loss: 0.0030, Elapsed time: 0:00:26, Estimated time left: 0:02:47
2025-01-29 17:03:49,795 - INFO - Trial: 62/100, Epoch: 3/15, Val loss: 0.0028, Elapsed time: 0:00:39, Estimated time left: 0:02:36
2025-01-29 17:04:02,871 - INFO - Trial: 62/100, Epoch: 4/15, Val loss: 0.0020, Elapsed time: 0:00:52, Estimated time left: 0:02:23
2025-01-29 17:04:15,919 - INFO - Trial: 62/100, Epoch: 5/15, Val loss: 0.0015, Elapsed time: 0:01:05, Estimated time left: 0:02:10
2025-01-29 17:04:28,986 - INFO - Trial: 62/100, Epoch: 6/15, Val loss: 0.0014, Elapsed time: 0:01:18, Estimated time left: 0:01:57
2025-01-29 17:04:41,891 - INFO - Trial: 62/100, Epoch: 7/15, Val loss: 0.0011, Elapsed time: 0:01:31, Estimated time left: 0:01:43
2025-01-29 17:04:54,930 - INFO - Trial: 62/100, Epoch: 8/15, Val loss: 0.0011, Elapsed time: 0:01:44, Estimated time left: 0:01:31
2025-01-29 17:05:07,973 - INFO - Trial: 62/100, Epoch: 9/15, Val loss: 0.0010, Elapsed time: 0:01:57, Estimated time left: 0:01:18
2025-01-29 17:05:21,019 - INFO - Trial: 62/100, Epoch: 10/15, Val loss: 0.0011, Elapsed time: 0:02:11, Estimated time left: 0:01:05
2025-01-29 17:05:33,818 - INFO - Trial: 62/100, Epoch: 11/15, Val loss: 0.0009, Elapsed time: 0:02:23, Estimated time left: 0:00:51
2025-01-29 17:05:46,734 - INFO - Trial: 62/100, Epoch: 12/15, Val loss: 0.0008, Elapsed time: 0:02:36, Estimated time left: 0:00:38
2025-01-29 17:05:59,735 - INFO - Trial: 62/100, Epoch: 13/15, Val loss: 0.0007, Elapsed time: 0:02:49, Estimated time left: 0:00:25
2025-01-29 17:06:12,786 - INFO - Trial: 62/100, Epoch: 14/15, Val loss: 0.0007, Elapsed time: 0:03:02, Estimated time left: 0:00:13
2025-01-29 17:06:25,785 - INFO - Trial: 62/100, Epoch: 15/15, Val loss: 0.0008, Elapsed time: 0:03:15, Estimated time left: 0:00:00
2025-01-29 17:06:25,786 - INFO - Trial 61 finished with value: 0.0007664477578860556 and parameters: {'hidden_layers': 6, 'n_units_l': 220, 'lr': 0.0012149571603869965, 'batch_size': 124}. Best is trial 42 with value: 0.0004824209566414633.
2025-01-29 17:06:25,789 - INFO - Elapsed time: 19755.92 seconds
2025-01-29 17:06:25,789 - INFO - Estimated time left: 0.00 seconds
2025-01-29 17:06:43,608 - INFO - Trial: 63/100, Epoch: 1/15, Val loss: 0.0280, Elapsed time: 0:00:17, Estimated time left: 0:04:09
2025-01-29 17:07:00,503 - INFO - Trial: 63/100, Epoch: 2/15, Val loss: 0.0028, Elapsed time: 0:00:34, Estimated time left: 0:03:39
2025-01-29 17:07:17,376 - INFO - Trial: 63/100, Epoch: 3/15, Val loss: 0.0024, Elapsed time: 0:00:51, Estimated time left: 0:03:22
2025-01-29 17:07:34,308 - INFO - Trial: 63/100, Epoch: 4/15, Val loss: 0.0021, Elapsed time: 0:01:08, Estimated time left: 0:03:06
2025-01-29 17:07:51,074 - INFO - Trial: 63/100, Epoch: 5/15, Val loss: 0.0017, Elapsed time: 0:01:25, Estimated time left: 0:02:47
2025-01-29 17:08:07,948 - INFO - Trial: 63/100, Epoch: 6/15, Val loss: 0.0015, Elapsed time: 0:01:42, Estimated time left: 0:02:31
2025-01-29 17:08:24,797 - INFO - Trial: 63/100, Epoch: 7/15, Val loss: 0.0012, Elapsed time: 0:01:58, Estimated time left: 0:02:14
2025-01-29 17:08:41,545 - INFO - Trial: 63/100, Epoch: 8/15, Val loss: 0.0010, Elapsed time: 0:02:15, Estimated time left: 0:01:57
2025-01-29 17:08:58,326 - INFO - Trial: 63/100, Epoch: 9/15, Val loss: 0.0010, Elapsed time: 0:02:32, Estimated time left: 0:01:40
2025-01-29 17:09:15,137 - INFO - Trial: 63/100, Epoch: 10/15, Val loss: 0.0010, Elapsed time: 0:02:49, Estimated time left: 0:01:24
2025-01-29 17:09:32,004 - INFO - Trial: 63/100, Epoch: 11/15, Val loss: 0.0008, Elapsed time: 0:03:06, Estimated time left: 0:01:07
2025-01-29 17:09:48,444 - INFO - Trial: 63/100, Epoch: 12/15, Val loss: 0.0008, Elapsed time: 0:03:22, Estimated time left: 0:00:49
2025-01-29 17:10:04,906 - INFO - Trial: 63/100, Epoch: 13/15, Val loss: 0.0007, Elapsed time: 0:03:39, Estimated time left: 0:00:32
2025-01-29 17:10:21,393 - INFO - Trial: 63/100, Epoch: 14/15, Val loss: 0.0007, Elapsed time: 0:03:55, Estimated time left: 0:00:16
2025-01-29 17:10:37,851 - INFO - Trial: 63/100, Epoch: 15/15, Val loss: 0.0008, Elapsed time: 0:04:12, Estimated time left: 0:00:00
