2025-01-29 17:10:37,852 - INFO - Trial 62 finished with value: 0.0007629990454427969 and parameters: {'hidden_layers': 7, 'n_units_l': 200, 'lr': 0.0006142610204981191, 'batch_size': 95}. Best is trial 42 with value: 0.0004824209566414633.
2025-01-29 17:10:37,855 - INFO - Elapsed time: 20007.99 seconds
2025-01-29 17:10:37,855 - INFO - Estimated time left: 0.00 seconds
2025-01-29 17:10:48,103 - INFO - Trial: 64/100, Epoch: 1/15, Val loss: 0.0282, Elapsed time: 0:00:10, Estimated time left: 0:02:23
2025-01-29 17:10:57,994 - INFO - Trial: 64/100, Epoch: 2/15, Val loss: 0.0029, Elapsed time: 0:00:20, Estimated time left: 0:02:08
2025-01-29 17:11:07,909 - INFO - Trial: 64/100, Epoch: 3/15, Val loss: 0.0026, Elapsed time: 0:00:30, Estimated time left: 0:01:58
2025-01-29 17:11:17,925 - INFO - Trial: 64/100, Epoch: 4/15, Val loss: 0.0025, Elapsed time: 0:00:40, Estimated time left: 0:01:50
2025-01-29 17:11:27,864 - INFO - Trial: 64/100, Epoch: 5/15, Val loss: 0.0020, Elapsed time: 0:00:49, Estimated time left: 0:01:39
2025-01-29 17:11:37,913 - INFO - Trial: 64/100, Epoch: 6/15, Val loss: 0.0017, Elapsed time: 0:01:00, Estimated time left: 0:01:30
2025-01-29 17:11:47,928 - INFO - Trial: 64/100, Epoch: 7/15, Val loss: 0.0013, Elapsed time: 0:01:10, Estimated time left: 0:01:20
2025-01-29 17:11:57,947 - INFO - Trial: 64/100, Epoch: 8/15, Val loss: 0.0012, Elapsed time: 0:01:20, Estimated time left: 0:01:10
2025-01-29 17:12:07,916 - INFO - Trial: 64/100, Epoch: 9/15, Val loss: 0.0009, Elapsed time: 0:01:30, Estimated time left: 0:00:59
2025-01-29 17:12:17,862 - INFO - Trial: 64/100, Epoch: 10/15, Val loss: 0.0008, Elapsed time: 0:01:39, Estimated time left: 0:00:49
2025-01-29 17:12:27,765 - INFO - Trial: 64/100, Epoch: 11/15, Val loss: 0.0009, Elapsed time: 0:01:49, Estimated time left: 0:00:39
2025-01-29 17:12:37,746 - INFO - Trial: 64/100, Epoch: 12/15, Val loss: 0.0006, Elapsed time: 0:01:59, Estimated time left: 0:00:29
2025-01-29 17:12:47,694 - INFO - Trial: 64/100, Epoch: 13/15, Val loss: 0.0006, Elapsed time: 0:02:09, Estimated time left: 0:00:19
2025-01-29 17:12:57,760 - INFO - Trial: 64/100, Epoch: 14/15, Val loss: 0.0005, Elapsed time: 0:02:19, Estimated time left: 0:00:10
2025-01-29 17:13:07,707 - INFO - Trial: 64/100, Epoch: 15/15, Val loss: 0.0006, Elapsed time: 0:02:29, Estimated time left: 0:00:00
2025-01-29 17:13:07,708 - INFO - Trial 63 finished with value: 0.0006485367572844721 and parameters: {'hidden_layers': 7, 'n_units_l': 231, 'lr': 0.0008086115966065253, 'batch_size': 194}. Best is trial 42 with value: 0.0004824209566414633.
2025-01-29 17:13:07,711 - INFO - Elapsed time: 20157.85 seconds
2025-01-29 17:13:07,711 - INFO - Estimated time left: 0.00 seconds
2025-01-29 17:13:17,621 - INFO - Trial: 65/100, Epoch: 1/15, Val loss: 0.0482, Elapsed time: 0:00:09, Estimated time left: 0:02:18
2025-01-29 17:13:27,112 - INFO - Trial: 65/100, Epoch: 2/15, Val loss: 0.0046, Elapsed time: 0:00:19, Estimated time left: 0:02:03
2025-01-29 17:13:36,531 - INFO - Trial: 65/100, Epoch: 3/15, Val loss: 0.0028, Elapsed time: 0:00:28, Estimated time left: 0:01:53
2025-01-29 17:13:46,034 - INFO - Trial: 65/100, Epoch: 4/15, Val loss: 0.0025, Elapsed time: 0:00:38, Estimated time left: 0:01:44
2025-01-29 17:13:55,475 - INFO - Trial: 65/100, Epoch: 5/15, Val loss: 0.0022, Elapsed time: 0:00:47, Estimated time left: 0:01:34
2025-01-29 17:14:04,996 - INFO - Trial: 65/100, Epoch: 6/15, Val loss: 0.0021, Elapsed time: 0:00:57, Estimated time left: 0:01:25
2025-01-29 17:14:14,469 - INFO - Trial: 65/100, Epoch: 7/15, Val loss: 0.0021, Elapsed time: 0:01:06, Estimated time left: 0:01:15
2025-01-29 17:14:23,891 - INFO - Trial: 65/100, Epoch: 8/15, Val loss: 0.0019, Elapsed time: 0:01:16, Estimated time left: 0:01:05
2025-01-29 17:14:33,374 - INFO - Trial: 65/100, Epoch: 9/15, Val loss: 0.0017, Elapsed time: 0:01:25, Estimated time left: 0:00:56
2025-01-29 17:14:42,814 - INFO - Trial: 65/100, Epoch: 10/15, Val loss: 0.0016, Elapsed time: 0:01:35, Estimated time left: 0:00:47
2025-01-29 17:14:52,144 - INFO - Trial: 65/100, Epoch: 11/15, Val loss: 0.0015, Elapsed time: 0:01:44, Estimated time left: 0:00:37
2025-01-29 17:15:01,588 - INFO - Trial: 65/100, Epoch: 12/15, Val loss: 0.0012, Elapsed time: 0:01:53, Estimated time left: 0:00:28
2025-01-29 17:15:11,019 - INFO - Trial: 65/100, Epoch: 13/15, Val loss: 0.0010, Elapsed time: 0:02:03, Estimated time left: 0:00:18
2025-01-29 17:15:20,462 - INFO - Trial: 65/100, Epoch: 14/15, Val loss: 0.0009, Elapsed time: 0:02:12, Estimated time left: 0:00:09
2025-01-29 17:15:29,898 - INFO - Trial: 65/100, Epoch: 15/15, Val loss: 0.0008, Elapsed time: 0:02:22, Estimated time left: 0:00:00
2025-01-29 17:15:29,899 - INFO - Trial 64 finished with value: 0.0007775863501412886 and parameters: {'hidden_layers': 8, 'n_units_l': 186, 'lr': 0.00042805146790397965, 'batch_size': 206}. Best is trial 42 with value: 0.0004824209566414633.
2025-01-29 17:15:29,902 - INFO - Elapsed time: 20300.04 seconds
2025-01-29 17:15:29,902 - INFO - Estimated time left: 0.00 seconds
2025-01-29 17:15:40,060 - INFO - Trial: 66/100, Epoch: 1/15, Val loss: 0.0550, Elapsed time: 0:00:10, Estimated time left: 0:02:22
2025-01-29 17:15:49,661 - INFO - Trial: 66/100, Epoch: 2/15, Val loss: 0.0051, Elapsed time: 0:00:19, Estimated time left: 0:02:04
2025-01-29 17:15:58,742 - INFO - Trial: 66/100, Epoch: 3/15, Val loss: 0.0035, Elapsed time: 0:00:28, Estimated time left: 0:01:48
2025-01-29 17:16:08,362 - INFO - Trial: 66/100, Epoch: 4/15, Val loss: 0.0031, Elapsed time: 0:00:38, Estimated time left: 0:01:45
2025-01-29 17:16:17,977 - INFO - Trial: 66/100, Epoch: 5/15, Val loss: 0.0029, Elapsed time: 0:00:48, Estimated time left: 0:01:36
2025-01-29 17:16:27,592 - INFO - Trial: 66/100, Epoch: 6/15, Val loss: 0.0026, Elapsed time: 0:00:57, Estimated time left: 0:01:26
2025-01-29 17:16:37,226 - INFO - Trial: 66/100, Epoch: 7/15, Val loss: 0.0027, Elapsed time: 0:01:07, Estimated time left: 0:01:17
2025-01-29 17:16:46,792 - INFO - Trial: 66/100, Epoch: 8/15, Val loss: 0.0026, Elapsed time: 0:01:16, Estimated time left: 0:01:06
2025-01-29 17:16:56,468 - INFO - Trial: 66/100, Epoch: 9/15, Val loss: 0.0025, Elapsed time: 0:01:26, Estimated time left: 0:00:58
2025-01-29 17:17:05,834 - INFO - Trial: 66/100, Epoch: 10/15, Val loss: 0.0026, Elapsed time: 0:01:35, Estimated time left: 0:00:46
2025-01-29 17:17:15,290 - INFO - Trial: 66/100, Epoch: 11/15, Val loss: 0.0023, Elapsed time: 0:01:45, Estimated time left: 0:00:37
2025-01-29 17:17:24,848 - INFO - Trial: 66/100, Epoch: 12/15, Val loss: 0.0023, Elapsed time: 0:01:54, Estimated time left: 0:00:28
2025-01-29 17:17:34,476 - INFO - Trial: 66/100, Epoch: 13/15, Val loss: 0.0024, Elapsed time: 0:02:04, Estimated time left: 0:00:19
2025-01-29 17:17:44,084 - INFO - Trial: 66/100, Epoch: 14/15, Val loss: 0.0023, Elapsed time: 0:02:14, Estimated time left: 0:00:09
2025-01-29 17:17:53,673 - INFO - Trial: 66/100, Epoch: 15/15, Val loss: 0.0022, Elapsed time: 0:02:23, Estimated time left: 0:00:00
2025-01-29 17:17:53,674 - INFO - Trial 65 finished with value: 0.0022188287941654295 and parameters: {'hidden_layers': 7, 'n_units_l': 38, 'lr': 0.002423445333311885, 'batch_size': 182}. Best is trial 42 with value: 0.0004824209566414633.
2025-01-29 17:17:53,677 - INFO - Elapsed time: 20443.81 seconds
2025-01-29 17:17:53,677 - INFO - Estimated time left: 0.00 seconds
2025-01-29 17:18:03,170 - INFO - Trial: 67/100, Epoch: 1/15, Val loss: 0.0343, Elapsed time: 0:00:09, Estimated time left: 0:02:12
2025-01-29 17:18:12,307 - INFO - Trial: 67/100, Epoch: 2/15, Val loss: 0.0029, Elapsed time: 0:00:18, Estimated time left: 0:01:58
2025-01-29 17:18:21,351 - INFO - Trial: 67/100, Epoch: 3/15, Val loss: 0.0027, Elapsed time: 0:00:27, Estimated time left: 0:01:48
2025-01-29 17:18:30,444 - INFO - Trial: 67/100, Epoch: 4/15, Val loss: 0.0024, Elapsed time: 0:00:36, Estimated time left: 0:01:40
2025-01-29 17:18:39,563 - INFO - Trial: 67/100, Epoch: 5/15, Val loss: 0.0023, Elapsed time: 0:00:45, Estimated time left: 0:01:31
2025-01-29 17:18:48,646 - INFO - Trial: 67/100, Epoch: 6/15, Val loss: 0.0020, Elapsed time: 0:00:54, Estimated time left: 0:01:21
2025-01-29 17:18:57,733 - INFO - Trial: 67/100, Epoch: 7/15, Val loss: 0.0018, Elapsed time: 0:01:04, Estimated time left: 0:01:12
2025-01-29 17:19:06,825 - INFO - Trial: 67/100, Epoch: 8/15, Val loss: 0.0017, Elapsed time: 0:01:13, Estimated time left: 0:01:03
2025-01-29 17:19:15,947 - INFO - Trial: 67/100, Epoch: 9/15, Val loss: 0.0010, Elapsed time: 0:01:22, Estimated time left: 0:00:54
2025-01-29 17:19:25,039 - INFO - Trial: 67/100, Epoch: 10/15, Val loss: 0.0008, Elapsed time: 0:01:31, Estimated time left: 0:00:45
2025-01-29 17:19:34,134 - INFO - Trial: 67/100, Epoch: 11/15, Val loss: 0.0007, Elapsed time: 0:01:40, Estimated time left: 0:00:36
2025-01-29 17:19:43,166 - INFO - Trial: 67/100, Epoch: 12/15, Val loss: 0.0006, Elapsed time: 0:01:49, Estimated time left: 0:00:27
2025-01-29 17:19:52,174 - INFO - Trial: 67/100, Epoch: 13/15, Val loss: 0.0006, Elapsed time: 0:01:58, Estimated time left: 0:00:18
2025-01-29 17:20:01,222 - INFO - Trial: 67/100, Epoch: 14/15, Val loss: 0.0007, Elapsed time: 0:02:07, Estimated time left: 0:00:09
2025-01-29 17:20:10,267 - INFO - Trial: 67/100, Epoch: 15/15, Val loss: 0.0006, Elapsed time: 0:02:16, Estimated time left: 0:00:00
2025-01-29 17:20:10,268 - INFO - Trial 66 finished with value: 0.0005813245461509702 and parameters: {'hidden_layers': 8, 'n_units_l': 256, 'lr': 0.0008102927612594513, 'batch_size': 230}. Best is trial 42 with value: 0.0004824209566414633.
2025-01-29 17:20:10,271 - INFO - Elapsed time: 20580.41 seconds
2025-01-29 17:20:10,271 - INFO - Estimated time left: 0.00 seconds
2025-01-29 17:20:19,406 - INFO - Trial: 68/100, Epoch: 1/15, Val loss: 0.0256, Elapsed time: 0:00:09, Estimated time left: 0:02:07
2025-01-29 17:20:27,995 - INFO - Trial: 68/100, Epoch: 2/15, Val loss: 0.0036, Elapsed time: 0:00:17, Estimated time left: 0:01:51
2025-01-29 17:20:36,581 - INFO - Trial: 68/100, Epoch: 3/15, Val loss: 0.0028, Elapsed time: 0:00:26, Estimated time left: 0:01:43
2025-01-29 17:20:45,168 - INFO - Trial: 68/100, Epoch: 4/15, Val loss: 0.0026, Elapsed time: 0:00:34, Estimated time left: 0:01:34
2025-01-29 17:20:53,815 - INFO - Trial: 68/100, Epoch: 5/15, Val loss: 0.0024, Elapsed time: 0:00:43, Estimated time left: 0:01:26
2025-01-29 17:21:02,456 - INFO - Trial: 68/100, Epoch: 6/15, Val loss: 0.0022, Elapsed time: 0:00:52, Estimated time left: 0:01:17
2025-01-29 17:21:11,037 - INFO - Trial: 68/100, Epoch: 7/15, Val loss: 0.0019, Elapsed time: 0:01:00, Estimated time left: 0:01:08
2025-01-29 17:21:19,626 - INFO - Trial: 68/100, Epoch: 8/15, Val loss: 0.0018, Elapsed time: 0:01:09, Estimated time left: 0:01:00
2025-01-29 17:21:28,268 - INFO - Trial: 68/100, Epoch: 9/15, Val loss: 0.0015, Elapsed time: 0:01:17, Estimated time left: 0:00:51
2025-01-29 17:21:36,879 - INFO - Trial: 68/100, Epoch: 10/15, Val loss: 0.0013, Elapsed time: 0:01:26, Estimated time left: 0:00:43
2025-01-29 17:21:45,457 - INFO - Trial: 68/100, Epoch: 11/15, Val loss: 0.0014, Elapsed time: 0:01:35, Estimated time left: 0:00:34
2025-01-29 17:21:54,020 - INFO - Trial: 68/100, Epoch: 12/15, Val loss: 0.0012, Elapsed time: 0:01:43, Estimated time left: 0:00:25
2025-01-29 17:22:02,644 - INFO - Trial: 68/100, Epoch: 13/15, Val loss: 0.0011, Elapsed time: 0:01:52, Estimated time left: 0:00:17
2025-01-29 17:22:11,223 - INFO - Trial: 68/100, Epoch: 14/15, Val loss: 0.0011, Elapsed time: 0:02:00, Estimated time left: 0:00:08
2025-01-29 17:22:19,819 - INFO - Trial: 68/100, Epoch: 15/15, Val loss: 0.0010, Elapsed time: 0:02:09, Estimated time left: 0:00:00
2025-01-29 17:22:19,821 - INFO - Trial 67 finished with value: 0.0009945246676102265 and parameters: {'hidden_layers': 7, 'n_units_l': 121, 'lr': 0.001515410072991875, 'batch_size': 217}. Best is trial 42 with value: 0.0004824209566414633.
2025-01-29 17:22:19,824 - INFO - Elapsed time: 20709.96 seconds
2025-01-29 17:22:19,824 - INFO - Estimated time left: 0.00 seconds
2025-01-29 17:22:27,752 - INFO - Trial: 69/100, Epoch: 1/15, Val loss: 0.0530, Elapsed time: 0:00:07, Estimated time left: 0:01:50
2025-01-29 17:22:35,463 - INFO - Trial: 69/100, Epoch: 2/15, Val loss: 0.0047, Elapsed time: 0:00:15, Estimated time left: 0:01:40
2025-01-29 17:22:43,208 - INFO - Trial: 69/100, Epoch: 3/15, Val loss: 0.0029, Elapsed time: 0:00:23, Estimated time left: 0:01:32
2025-01-29 17:22:50,933 - INFO - Trial: 69/100, Epoch: 4/15, Val loss: 0.0025, Elapsed time: 0:00:31, Estimated time left: 0:01:24
2025-01-29 17:22:58,604 - INFO - Trial: 69/100, Epoch: 5/15, Val loss: 0.0023, Elapsed time: 0:00:38, Estimated time left: 0:01:16
2025-01-29 17:23:06,300 - INFO - Trial: 69/100, Epoch: 6/15, Val loss: 0.0022, Elapsed time: 0:00:46, Estimated time left: 0:01:09
2025-01-29 17:23:13,673 - INFO - Trial: 69/100, Epoch: 7/15, Val loss: 0.0022, Elapsed time: 0:00:53, Estimated time left: 0:00:58
2025-01-29 17:23:21,415 - INFO - Trial: 69/100, Epoch: 8/15, Val loss: 0.0021, Elapsed time: 0:01:01, Estimated time left: 0:00:54
2025-01-29 17:23:29,150 - INFO - Trial: 69/100, Epoch: 9/15, Val loss: 0.0020, Elapsed time: 0:01:09, Estimated time left: 0:00:46
2025-01-29 17:23:36,835 - INFO - Trial: 69/100, Epoch: 10/15, Val loss: 0.0019, Elapsed time: 0:01:16, Estimated time left: 0:00:38
2025-01-29 17:23:44,568 - INFO - Trial: 69/100, Epoch: 11/15, Val loss: 0.0018, Elapsed time: 0:01:24, Estimated time left: 0:00:30
2025-01-29 17:23:52,245 - INFO - Trial: 69/100, Epoch: 12/15, Val loss: 0.0019, Elapsed time: 0:01:32, Estimated time left: 0:00:23
2025-01-29 17:23:59,890 - INFO - Trial: 69/100, Epoch: 13/15, Val loss: 0.0017, Elapsed time: 0:01:40, Estimated time left: 0:00:15
2025-01-29 17:24:07,507 - INFO - Trial: 69/100, Epoch: 14/15, Val loss: 0.0016, Elapsed time: 0:01:47, Estimated time left: 0:00:07
2025-01-29 17:24:15,191 - INFO - Trial: 69/100, Epoch: 15/15, Val loss: 0.0016, Elapsed time: 0:01:55, Estimated time left: 0:00:00
2025-01-29 17:24:15,192 - INFO - Trial 68 finished with value: 0.0015856927158893086 and parameters: {'hidden_layers': 6, 'n_units_l': 222, 'lr': 0.00017809272972821603, 'batch_size': 250}. Best is trial 42 with value: 0.0004824209566414633.
2025-01-29 17:24:15,195 - INFO - Elapsed time: 20825.33 seconds
2025-01-29 17:24:15,195 - INFO - Estimated time left: 0.00 seconds
2025-01-29 17:24:25,660 - INFO - Trial: 70/100, Epoch: 1/15, Val loss: 0.0381, Elapsed time: 0:00:10, Estimated time left: 0:02:26
2025-01-29 17:24:35,701 - INFO - Trial: 70/100, Epoch: 2/15, Val loss: 0.0048, Elapsed time: 0:00:20, Estimated time left: 0:02:10
2025-01-29 17:24:45,718 - INFO - Trial: 70/100, Epoch: 3/15, Val loss: 0.0031, Elapsed time: 0:00:30, Estimated time left: 0:02:00
2025-01-29 17:24:55,792 - INFO - Trial: 70/100, Epoch: 4/15, Val loss: 0.0027, Elapsed time: 0:00:40, Estimated time left: 0:01:50
2025-01-29 17:25:05,850 - INFO - Trial: 70/100, Epoch: 5/15, Val loss: 0.0024, Elapsed time: 0:00:50, Estimated time left: 0:01:40
2025-01-29 17:25:15,924 - INFO - Trial: 70/100, Epoch: 6/15, Val loss: 0.0022, Elapsed time: 0:01:00, Estimated time left: 0:01:30
2025-01-29 17:25:25,996 - INFO - Trial: 70/100, Epoch: 7/15, Val loss: 0.0020, Elapsed time: 0:01:10, Estimated time left: 0:01:20
2025-01-29 17:25:35,809 - INFO - Trial: 70/100, Epoch: 8/15, Val loss: 0.0020, Elapsed time: 0:01:20, Estimated time left: 0:01:08
2025-01-29 17:25:45,814 - INFO - Trial: 70/100, Epoch: 9/15, Val loss: 0.0015, Elapsed time: 0:01:30, Estimated time left: 0:01:00
2025-01-29 17:25:55,833 - INFO - Trial: 70/100, Epoch: 10/15, Val loss: 0.0019, Elapsed time: 0:01:40, Estimated time left: 0:00:50
2025-01-29 17:26:05,843 - INFO - Trial: 70/100, Epoch: 11/15, Val loss: 0.0015, Elapsed time: 0:01:50, Estimated time left: 0:00:40
2025-01-29 17:26:15,895 - INFO - Trial: 70/100, Epoch: 12/15, Val loss: 0.0014, Elapsed time: 0:02:00, Estimated time left: 0:00:30
2025-01-29 17:26:25,963 - INFO - Trial: 70/100, Epoch: 13/15, Val loss: 0.0011, Elapsed time: 0:02:10, Estimated time left: 0:00:20
2025-01-29 17:26:35,945 - INFO - Trial: 70/100, Epoch: 14/15, Val loss: 0.0011, Elapsed time: 0:02:20, Estimated time left: 0:00:09
2025-01-29 17:26:45,760 - INFO - Trial: 70/100, Epoch: 15/15, Val loss: 0.0011, Elapsed time: 0:02:30, Estimated time left: 0:00:00
2025-01-29 17:26:45,761 - INFO - Trial 69 finished with value: 0.0011045021127918126 and parameters: {'hidden_layers': 8, 'n_units_l': 142, 'lr': 0.0008202708804210598, 'batch_size': 187}. Best is trial 42 with value: 0.0004824209566414633.
2025-01-29 17:26:45,764 - INFO - Elapsed time: 20975.90 seconds
2025-01-29 17:26:45,764 - INFO - Estimated time left: 0.00 seconds
2025-01-29 17:26:55,084 - INFO - Trial: 71/100, Epoch: 1/15, Val loss: 0.0554, Elapsed time: 0:00:09, Estimated time left: 0:02:10
2025-01-29 17:27:04,025 - INFO - Trial: 71/100, Epoch: 2/15, Val loss: 0.0049, Elapsed time: 0:00:18, Estimated time left: 0:01:56
2025-01-29 17:27:12,955 - INFO - Trial: 71/100, Epoch: 3/15, Val loss: 0.0029, Elapsed time: 0:00:27, Estimated time left: 0:01:47
2025-01-29 17:27:21,865 - INFO - Trial: 71/100, Epoch: 4/15, Val loss: 0.0026, Elapsed time: 0:00:36, Estimated time left: 0:01:38
2025-01-29 17:27:30,812 - INFO - Trial: 71/100, Epoch: 5/15, Val loss: 0.0024, Elapsed time: 0:00:45, Estimated time left: 0:01:29
2025-01-29 17:27:39,708 - INFO - Trial: 71/100, Epoch: 6/15, Val loss: 0.0022, Elapsed time: 0:00:53, Estimated time left: 0:01:20
2025-01-29 17:27:48,673 - INFO - Trial: 71/100, Epoch: 7/15, Val loss: 0.0021, Elapsed time: 0:01:02, Estimated time left: 0:01:11
2025-01-29 17:27:57,711 - INFO - Trial: 71/100, Epoch: 8/15, Val loss: 0.0020, Elapsed time: 0:01:11, Estimated time left: 0:01:03
2025-01-29 17:28:06,425 - INFO - Trial: 71/100, Epoch: 9/15, Val loss: 0.0018, Elapsed time: 0:01:20, Estimated time left: 0:00:52
2025-01-29 17:28:15,054 - INFO - Trial: 71/100, Epoch: 10/15, Val loss: 0.0018, Elapsed time: 0:01:29, Estimated time left: 0:00:43
2025-01-29 17:28:23,772 - INFO - Trial: 71/100, Epoch: 11/15, Val loss: 0.0017, Elapsed time: 0:01:37, Estimated time left: 0:00:34
2025-01-29 17:28:32,414 - INFO - Trial: 71/100, Epoch: 12/15, Val loss: 0.0017, Elapsed time: 0:01:46, Estimated time left: 0:00:25
2025-01-29 17:28:41,201 - INFO - Trial: 71/100, Epoch: 13/15, Val loss: 0.0015, Elapsed time: 0:01:55, Estimated time left: 0:00:17
2025-01-29 17:28:49,983 - INFO - Trial: 71/100, Epoch: 14/15, Val loss: 0.0013, Elapsed time: 0:02:04, Estimated time left: 0:00:08
2025-01-29 17:28:58,642 - INFO - Trial: 71/100, Epoch: 15/15, Val loss: 0.0012, Elapsed time: 0:02:12, Estimated time left: 0:00:00
2025-01-29 17:28:58,644 - INFO - Trial 70 finished with value: 0.0012202827403278303 and parameters: {'hidden_layers': 8, 'n_units_l': 184, 'lr': 0.0002909565023959955, 'batch_size': 223}. Best is trial 42 with value: 0.0004824209566414633.
2025-01-29 17:28:58,646 - INFO - Elapsed time: 21108.78 seconds
2025-01-29 17:28:58,647 - INFO - Estimated time left: 0.00 seconds
2025-01-29 17:29:10,034 - INFO - Trial: 72/100, Epoch: 1/15, Val loss: 0.0364, Elapsed time: 0:00:11, Estimated time left: 0:02:39
2025-01-29 17:29:20,826 - INFO - Trial: 72/100, Epoch: 2/15, Val loss: 0.0030, Elapsed time: 0:00:22, Estimated time left: 0:02:20
2025-01-29 17:29:31,597 - INFO - Trial: 72/100, Epoch: 3/15, Val loss: 0.0025, Elapsed time: 0:00:32, Estimated time left: 0:02:09
2025-01-29 17:29:42,418 - INFO - Trial: 72/100, Epoch: 4/15, Val loss: 0.0023, Elapsed time: 0:00:43, Estimated time left: 0:01:59
2025-01-29 17:29:53,297 - INFO - Trial: 72/100, Epoch: 5/15, Val loss: 0.0021, Elapsed time: 0:00:54, Estimated time left: 0:01:48
2025-01-29 17:30:04,065 - INFO - Trial: 72/100, Epoch: 6/15, Val loss: 0.0019, Elapsed time: 0:01:05, Estimated time left: 0:01:36
2025-01-29 17:30:14,883 - INFO - Trial: 72/100, Epoch: 7/15, Val loss: 0.0018, Elapsed time: 0:01:16, Estimated time left: 0:01:26
2025-01-29 17:30:25,637 - INFO - Trial: 72/100, Epoch: 8/15, Val loss: 0.0013, Elapsed time: 0:01:26, Estimated time left: 0:01:15
2025-01-29 17:30:36,438 - INFO - Trial: 72/100, Epoch: 9/15, Val loss: 0.0009, Elapsed time: 0:01:37, Estimated time left: 0:01:04
2025-01-29 17:30:47,232 - INFO - Trial: 72/100, Epoch: 10/15, Val loss: 0.0008, Elapsed time: 0:01:48, Estimated time left: 0:00:53
2025-01-29 17:30:58,288 - INFO - Trial: 72/100, Epoch: 11/15, Val loss: 0.0006, Elapsed time: 0:01:59, Estimated time left: 0:00:44
2025-01-29 17:31:09,026 - INFO - Trial: 72/100, Epoch: 12/15, Val loss: 0.0006, Elapsed time: 0:02:10, Estimated time left: 0:00:32
2025-01-29 17:31:19,851 - INFO - Trial: 72/100, Epoch: 13/15, Val loss: 0.0007, Elapsed time: 0:02:21, Estimated time left: 0:00:21
2025-01-29 17:31:30,552 - INFO - Trial: 72/100, Epoch: 14/15, Val loss: 0.0006, Elapsed time: 0:02:31, Estimated time left: 0:00:10
2025-01-29 17:31:41,388 - INFO - Trial: 72/100, Epoch: 15/15, Val loss: 0.0005, Elapsed time: 0:02:42, Estimated time left: 0:00:00
