2025-01-29 15:36:12,711 - INFO - Trial 44 finished with value: 0.0008210988386278452 and parameters: {'hidden_layers': 8, 'n_units_l': 152, 'lr': 0.00045583439118519823, 'batch_size': 84}. Best is trial 42 with value: 0.0004824209566414633.
2025-01-29 15:36:12,713 - INFO - Elapsed time: 14342.85 seconds
2025-01-29 15:36:12,713 - INFO - Estimated time left: 0.00 seconds
2025-01-29 15:36:26,560 - INFO - Trial: 46/100, Epoch: 1/15, Val loss: 0.0741, Elapsed time: 0:00:13, Estimated time left: 0:03:13
2025-01-29 15:36:39,539 - INFO - Trial: 46/100, Epoch: 2/15, Val loss: 0.0052, Elapsed time: 0:00:26, Estimated time left: 0:02:48
2025-01-29 15:36:52,500 - INFO - Trial: 46/100, Epoch: 3/15, Val loss: 0.0049, Elapsed time: 0:00:39, Estimated time left: 0:02:35
2025-01-29 15:37:05,299 - INFO - Trial: 46/100, Epoch: 4/15, Val loss: 0.0030, Elapsed time: 0:00:52, Estimated time left: 0:02:20
2025-01-29 15:37:18,228 - INFO - Trial: 46/100, Epoch: 5/15, Val loss: 0.0026, Elapsed time: 0:01:05, Estimated time left: 0:02:09
2025-01-29 15:37:31,375 - INFO - Trial: 46/100, Epoch: 6/15, Val loss: 0.0024, Elapsed time: 0:01:18, Estimated time left: 0:01:58
2025-01-29 15:37:44,036 - INFO - Trial: 46/100, Epoch: 7/15, Val loss: 0.0023, Elapsed time: 0:01:31, Estimated time left: 0:01:41
2025-01-29 15:37:57,029 - INFO - Trial: 46/100, Epoch: 8/15, Val loss: 0.0022, Elapsed time: 0:01:44, Estimated time left: 0:01:30
2025-01-29 15:38:10,041 - INFO - Trial: 46/100, Epoch: 9/15, Val loss: 0.0022, Elapsed time: 0:01:57, Estimated time left: 0:01:18
2025-01-29 15:38:22,609 - INFO - Trial: 46/100, Epoch: 10/15, Val loss: 0.0022, Elapsed time: 0:02:09, Estimated time left: 0:01:02
2025-01-29 15:38:35,541 - INFO - Trial: 46/100, Epoch: 11/15, Val loss: 0.0021, Elapsed time: 0:02:22, Estimated time left: 0:00:51
2025-01-29 15:38:48,538 - INFO - Trial: 46/100, Epoch: 12/15, Val loss: 0.0020, Elapsed time: 0:02:35, Estimated time left: 0:00:38
2025-01-29 15:39:01,094 - INFO - Trial: 46/100, Epoch: 13/15, Val loss: 0.0020, Elapsed time: 0:02:48, Estimated time left: 0:00:25
2025-01-29 15:39:13,987 - INFO - Trial: 46/100, Epoch: 14/15, Val loss: 0.0020, Elapsed time: 0:03:01, Estimated time left: 0:00:12
2025-01-29 15:39:26,889 - INFO - Trial: 46/100, Epoch: 15/15, Val loss: 0.0020, Elapsed time: 0:03:14, Estimated time left: 0:00:00
2025-01-29 15:39:26,891 - INFO - Trial 45 finished with value: 0.001957808289994888 and parameters: {'hidden_layers': 8, 'n_units_l': 111, 'lr': 0.0001446906728125192, 'batch_size': 128}. Best is trial 42 with value: 0.0004824209566414633.
2025-01-29 15:39:26,893 - INFO - Elapsed time: 14537.03 seconds
2025-01-29 15:39:26,893 - INFO - Estimated time left: 0.00 seconds
2025-01-29 15:39:40,918 - INFO - Trial: 47/100, Epoch: 1/15, Val loss: 0.0064, Elapsed time: 0:00:14, Estimated time left: 0:03:16
2025-01-29 15:39:54,335 - INFO - Trial: 47/100, Epoch: 2/15, Val loss: 0.0033, Elapsed time: 0:00:27, Estimated time left: 0:02:54
2025-01-29 15:40:08,106 - INFO - Trial: 47/100, Epoch: 3/15, Val loss: 0.0032, Elapsed time: 0:00:41, Estimated time left: 0:02:45
2025-01-29 15:40:21,674 - INFO - Trial: 47/100, Epoch: 4/15, Val loss: 0.0032, Elapsed time: 0:00:54, Estimated time left: 0:02:29
2025-01-29 15:40:35,074 - INFO - Trial: 47/100, Epoch: 5/15, Val loss: 0.0031, Elapsed time: 0:01:08, Estimated time left: 0:02:14
2025-01-29 15:40:48,823 - INFO - Trial: 47/100, Epoch: 6/15, Val loss: 0.0031, Elapsed time: 0:01:21, Estimated time left: 0:02:03
2025-01-29 15:41:02,222 - INFO - Trial: 47/100, Epoch: 7/15, Val loss: 0.0031, Elapsed time: 0:01:35, Estimated time left: 0:01:47
2025-01-29 15:41:15,652 - INFO - Trial: 47/100, Epoch: 8/15, Val loss: 0.0030, Elapsed time: 0:01:48, Estimated time left: 0:01:34
2025-01-29 15:41:29,402 - INFO - Trial: 47/100, Epoch: 9/15, Val loss: 0.0031, Elapsed time: 0:02:02, Estimated time left: 0:01:22
2025-01-29 15:41:42,855 - INFO - Trial: 47/100, Epoch: 10/15, Val loss: 0.0030, Elapsed time: 0:02:15, Estimated time left: 0:01:07
2025-01-29 15:41:56,297 - INFO - Trial: 47/100, Epoch: 11/15, Val loss: 0.0031, Elapsed time: 0:02:29, Estimated time left: 0:00:53
2025-01-29 15:42:10,106 - INFO - Trial: 47/100, Epoch: 12/15, Val loss: 0.0030, Elapsed time: 0:02:43, Estimated time left: 0:00:41
2025-01-29 15:42:23,513 - INFO - Trial: 47/100, Epoch: 13/15, Val loss: 0.0030, Elapsed time: 0:02:56, Estimated time left: 0:00:26
2025-01-29 15:42:37,357 - INFO - Trial: 47/100, Epoch: 14/15, Val loss: 0.0030, Elapsed time: 0:03:10, Estimated time left: 0:00:13
2025-01-29 15:42:50,846 - INFO - Trial: 47/100, Epoch: 15/15, Val loss: 0.0030, Elapsed time: 0:03:23, Estimated time left: 0:00:00
2025-01-29 15:42:50,847 - INFO - Trial 46 finished with value: 0.0030143687177347847 and parameters: {'hidden_layers': 1, 'n_units_l': 210, 'lr': 0.00028728068358272054, 'batch_size': 62}. Best is trial 42 with value: 0.0004824209566414633.
2025-01-29 15:42:50,849 - INFO - Elapsed time: 14740.99 seconds
2025-01-29 15:42:50,849 - INFO - Estimated time left: 0.00 seconds
2025-01-29 15:43:01,751 - INFO - Trial: 48/100, Epoch: 1/15, Val loss: 0.1096, Elapsed time: 0:00:10, Estimated time left: 0:02:32
2025-01-29 15:43:12,665 - INFO - Trial: 48/100, Epoch: 2/15, Val loss: 0.0246, Elapsed time: 0:00:21, Estimated time left: 0:02:21
2025-01-29 15:43:23,437 - INFO - Trial: 48/100, Epoch: 3/15, Val loss: 0.0238, Elapsed time: 0:00:32, Estimated time left: 0:02:09
2025-01-29 15:43:34,232 - INFO - Trial: 48/100, Epoch: 4/15, Val loss: 0.0235, Elapsed time: 0:00:43, Estimated time left: 0:01:58
2025-01-29 15:43:45,079 - INFO - Trial: 48/100, Epoch: 5/15, Val loss: 0.0233, Elapsed time: 0:00:54, Estimated time left: 0:01:48
2025-01-29 15:43:55,669 - INFO - Trial: 48/100, Epoch: 6/15, Val loss: 0.0232, Elapsed time: 0:01:04, Estimated time left: 0:01:35
2025-01-29 15:44:06,139 - INFO - Trial: 48/100, Epoch: 7/15, Val loss: 0.0231, Elapsed time: 0:01:15, Estimated time left: 0:01:23
2025-01-29 15:44:16,662 - INFO - Trial: 48/100, Epoch: 8/15, Val loss: 0.0230, Elapsed time: 0:01:25, Estimated time left: 0:01:13
2025-01-29 15:44:27,294 - INFO - Trial: 48/100, Epoch: 9/15, Val loss: 0.0229, Elapsed time: 0:01:36, Estimated time left: 0:01:03
2025-01-29 15:44:37,929 - INFO - Trial: 48/100, Epoch: 10/15, Val loss: 0.0230, Elapsed time: 0:01:47, Estimated time left: 0:00:53
2025-01-29 15:44:48,663 - INFO - Trial: 48/100, Epoch: 11/15, Val loss: 0.0229, Elapsed time: 0:01:57, Estimated time left: 0:00:42
2025-01-29 15:44:59,307 - INFO - Trial: 48/100, Epoch: 12/15, Val loss: 0.0227, Elapsed time: 0:02:08, Estimated time left: 0:00:31
2025-01-29 15:45:09,984 - INFO - Trial: 48/100, Epoch: 13/15, Val loss: 0.0227, Elapsed time: 0:02:19, Estimated time left: 0:00:21
2025-01-29 15:45:20,666 - INFO - Trial: 48/100, Epoch: 14/15, Val loss: 0.0228, Elapsed time: 0:02:29, Estimated time left: 0:00:10
2025-01-29 15:45:31,225 - INFO - Trial: 48/100, Epoch: 15/15, Val loss: 0.0226, Elapsed time: 0:02:40, Estimated time left: 0:00:00
2025-01-29 15:45:31,227 - INFO - Trial 47 finished with value: 0.022640409689445636 and parameters: {'hidden_layers': 2, 'n_units_l': 6, 'lr': 0.0005408629718057803, 'batch_size': 94}. Best is trial 42 with value: 0.0004824209566414633.
2025-01-29 15:45:31,229 - INFO - Elapsed time: 14901.37 seconds
2025-01-29 15:45:31,229 - INFO - Estimated time left: 0.00 seconds
2025-01-29 15:45:51,637 - INFO - Trial: 49/100, Epoch: 1/15, Val loss: 0.0295, Elapsed time: 0:00:20, Estimated time left: 0:04:45
2025-01-29 15:46:10,380 - INFO - Trial: 49/100, Epoch: 2/15, Val loss: 0.0036, Elapsed time: 0:00:39, Estimated time left: 0:04:03
2025-01-29 15:46:28,992 - INFO - Trial: 49/100, Epoch: 3/15, Val loss: 0.0032, Elapsed time: 0:00:57, Estimated time left: 0:03:43
2025-01-29 15:46:47,626 - INFO - Trial: 49/100, Epoch: 4/15, Val loss: 0.0030, Elapsed time: 0:01:16, Estimated time left: 0:03:24
2025-01-29 15:47:06,282 - INFO - Trial: 49/100, Epoch: 5/15, Val loss: 0.0027, Elapsed time: 0:01:35, Estimated time left: 0:03:06
2025-01-29 15:47:24,878 - INFO - Trial: 49/100, Epoch: 6/15, Val loss: 0.0027, Elapsed time: 0:01:53, Estimated time left: 0:02:47
2025-01-29 15:47:43,456 - INFO - Trial: 49/100, Epoch: 7/15, Val loss: 0.0025, Elapsed time: 0:02:12, Estimated time left: 0:02:28
2025-01-29 15:48:02,109 - INFO - Trial: 49/100, Epoch: 8/15, Val loss: 0.0026, Elapsed time: 0:02:30, Estimated time left: 0:02:10
2025-01-29 15:48:20,723 - INFO - Trial: 49/100, Epoch: 9/15, Val loss: 0.0025, Elapsed time: 0:02:49, Estimated time left: 0:01:51
2025-01-29 15:48:39,385 - INFO - Trial: 49/100, Epoch: 10/15, Val loss: 0.0023, Elapsed time: 0:03:08, Estimated time left: 0:01:33
2025-01-29 15:48:58,053 - INFO - Trial: 49/100, Epoch: 11/15, Val loss: 0.0023, Elapsed time: 0:03:26, Estimated time left: 0:01:14
2025-01-29 15:49:16,382 - INFO - Trial: 49/100, Epoch: 12/15, Val loss: 0.0022, Elapsed time: 0:03:45, Estimated time left: 0:00:54
2025-01-29 15:49:34,865 - INFO - Trial: 49/100, Epoch: 13/15, Val loss: 0.0023, Elapsed time: 0:04:03, Estimated time left: 0:00:36
2025-01-29 15:49:53,646 - INFO - Trial: 49/100, Epoch: 14/15, Val loss: 0.0027, Elapsed time: 0:04:22, Estimated time left: 0:00:18
2025-01-29 15:50:12,491 - INFO - Trial: 49/100, Epoch: 15/15, Val loss: 0.0021, Elapsed time: 0:04:41, Estimated time left: 0:00:00
2025-01-29 15:50:12,493 - INFO - Trial 48 finished with value: 0.002143497585863962 and parameters: {'hidden_layers': 6, 'n_units_l': 63, 'lr': 0.004416854988375891, 'batch_size': 71}. Best is trial 42 with value: 0.0004824209566414633.
2025-01-29 15:50:12,495 - INFO - Elapsed time: 15182.63 seconds
2025-01-29 15:50:12,495 - INFO - Estimated time left: 0.00 seconds
2025-01-29 15:50:46,741 - INFO - Trial: 50/100, Epoch: 1/15, Val loss: 0.0248, Elapsed time: 0:00:34, Estimated time left: 0:07:59
2025-01-29 15:51:18,741 - INFO - Trial: 50/100, Epoch: 2/15, Val loss: 0.0028, Elapsed time: 0:01:06, Estimated time left: 0:06:55
2025-01-29 15:51:50,695 - INFO - Trial: 50/100, Epoch: 3/15, Val loss: 0.0024, Elapsed time: 0:01:38, Estimated time left: 0:06:23
2025-01-29 15:52:23,193 - INFO - Trial: 50/100, Epoch: 4/15, Val loss: 0.0021, Elapsed time: 0:02:10, Estimated time left: 0:05:57
2025-01-29 15:52:55,123 - INFO - Trial: 50/100, Epoch: 5/15, Val loss: 0.0017, Elapsed time: 0:02:42, Estimated time left: 0:05:19
2025-01-29 15:53:26,947 - INFO - Trial: 50/100, Epoch: 6/15, Val loss: 0.0016, Elapsed time: 0:03:14, Estimated time left: 0:04:46
2025-01-29 15:53:58,950 - INFO - Trial: 50/100, Epoch: 7/15, Val loss: 0.0016, Elapsed time: 0:03:46, Estimated time left: 0:04:16
2025-01-29 15:54:30,970 - INFO - Trial: 50/100, Epoch: 8/15, Val loss: 0.0013, Elapsed time: 0:04:18, Estimated time left: 0:03:44
2025-01-29 15:55:03,058 - INFO - Trial: 50/100, Epoch: 9/15, Val loss: 0.0014, Elapsed time: 0:04:50, Estimated time left: 0:03:12
2025-01-29 15:55:35,101 - INFO - Trial: 50/100, Epoch: 10/15, Val loss: 0.0009, Elapsed time: 0:05:22, Estimated time left: 0:02:40
2025-01-29 15:56:07,086 - INFO - Trial: 50/100, Epoch: 11/15, Val loss: 0.0010, Elapsed time: 0:05:54, Estimated time left: 0:02:07
2025-01-29 15:56:39,216 - INFO - Trial: 50/100, Epoch: 12/15, Val loss: 0.0009, Elapsed time: 0:06:26, Estimated time left: 0:01:36
2025-01-29 15:57:11,508 - INFO - Trial: 50/100, Epoch: 13/15, Val loss: 0.0008, Elapsed time: 0:06:58, Estimated time left: 0:01:04
2025-01-29 15:57:43,678 - INFO - Trial: 50/100, Epoch: 14/15, Val loss: 0.0008, Elapsed time: 0:07:31, Estimated time left: 0:00:32
2025-01-29 15:58:15,618 - INFO - Trial: 50/100, Epoch: 15/15, Val loss: 0.0008, Elapsed time: 0:08:03, Estimated time left: 0:00:00
2025-01-29 15:58:15,620 - INFO - Trial 49 finished with value: 0.0007911607293279181 and parameters: {'hidden_layers': 8, 'n_units_l': 170, 'lr': 0.0010635680302728096, 'batch_size': 46}. Best is trial 42 with value: 0.0004824209566414633.
2025-01-29 15:58:15,622 - INFO - Elapsed time: 15665.76 seconds
2025-01-29 15:58:15,622 - INFO - Estimated time left: 0.00 seconds
2025-01-29 15:59:27,408 - INFO - Trial: 51/100, Epoch: 1/15, Val loss: 0.0400, Elapsed time: 0:01:11, Estimated time left: 0:16:44
2025-01-29 16:00:34,506 - INFO - Trial: 51/100, Epoch: 2/15, Val loss: 0.0040, Elapsed time: 0:02:18, Estimated time left: 0:14:32
2025-01-29 16:01:40,578 - INFO - Trial: 51/100, Epoch: 3/15, Val loss: 0.0030, Elapsed time: 0:03:24, Estimated time left: 0:13:12
2025-01-29 16:02:46,745 - INFO - Trial: 51/100, Epoch: 4/15, Val loss: 0.0027, Elapsed time: 0:04:31, Estimated time left: 0:12:07
2025-01-29 16:03:52,848 - INFO - Trial: 51/100, Epoch: 5/15, Val loss: 0.0024, Elapsed time: 0:05:37, Estimated time left: 0:11:01
2025-01-29 16:04:58,898 - INFO - Trial: 51/100, Epoch: 6/15, Val loss: 0.0020, Elapsed time: 0:06:43, Estimated time left: 0:09:54
2025-01-29 16:06:04,955 - INFO - Trial: 51/100, Epoch: 7/15, Val loss: 0.0024, Elapsed time: 0:07:49, Estimated time left: 0:08:48
2025-01-29 16:07:11,193 - INFO - Trial: 51/100, Epoch: 8/15, Val loss: 0.0020, Elapsed time: 0:08:55, Estimated time left: 0:07:43
2025-01-29 16:08:17,343 - INFO - Trial: 51/100, Epoch: 9/15, Val loss: 0.0019, Elapsed time: 0:10:01, Estimated time left: 0:06:36
2025-01-29 16:09:23,055 - INFO - Trial: 51/100, Epoch: 10/15, Val loss: 0.0019, Elapsed time: 0:11:07, Estimated time left: 0:05:28
2025-01-29 16:10:30,279 - INFO - Trial: 51/100, Epoch: 11/15, Val loss: 0.0017, Elapsed time: 0:12:14, Estimated time left: 0:04:28
2025-01-29 16:11:36,436 - INFO - Trial: 51/100, Epoch: 12/15, Val loss: 0.0016, Elapsed time: 0:13:20, Estimated time left: 0:03:18
2025-01-29 16:12:42,392 - INFO - Trial: 51/100, Epoch: 13/15, Val loss: 0.0016, Elapsed time: 0:14:26, Estimated time left: 0:02:11
2025-01-29 16:13:48,512 - INFO - Trial: 51/100, Epoch: 14/15, Val loss: 0.0015, Elapsed time: 0:15:32, Estimated time left: 0:01:06
2025-01-29 16:14:54,571 - INFO - Trial: 51/100, Epoch: 15/15, Val loss: 0.0017, Elapsed time: 0:16:38, Estimated time left: 0:00:00
2025-01-29 16:14:54,573 - INFO - Trial 50 finished with value: 0.0016864726677909983 and parameters: {'hidden_layers': 7, 'n_units_l': 80, 'lr': 0.0019274771643818924, 'batch_size': 19}. Best is trial 42 with value: 0.0004824209566414633.
2025-01-29 16:14:54,575 - INFO - Elapsed time: 16664.71 seconds
2025-01-29 16:14:54,575 - INFO - Estimated time left: 0.00 seconds
2025-01-29 16:15:16,223 - INFO - Trial: 52/100, Epoch: 1/15, Val loss: 0.0263, Elapsed time: 0:00:21, Estimated time left: 0:05:02
2025-01-29 16:15:36,610 - INFO - Trial: 52/100, Epoch: 2/15, Val loss: 0.0036, Elapsed time: 0:00:42, Estimated time left: 0:04:25
2025-01-29 16:15:56,772 - INFO - Trial: 52/100, Epoch: 3/15, Val loss: 0.0029, Elapsed time: 0:01:02, Estimated time left: 0:04:01
2025-01-29 16:16:17,064 - INFO - Trial: 52/100, Epoch: 4/15, Val loss: 0.0022, Elapsed time: 0:01:22, Estimated time left: 0:03:43
2025-01-29 16:16:37,171 - INFO - Trial: 52/100, Epoch: 5/15, Val loss: 0.0019, Elapsed time: 0:01:42, Estimated time left: 0:03:21
2025-01-29 16:16:57,422 - INFO - Trial: 52/100, Epoch: 6/15, Val loss: 0.0017, Elapsed time: 0:02:02, Estimated time left: 0:03:02
2025-01-29 16:17:17,463 - INFO - Trial: 52/100, Epoch: 7/15, Val loss: 0.0013, Elapsed time: 0:02:22, Estimated time left: 0:02:40
2025-01-29 16:17:37,608 - INFO - Trial: 52/100, Epoch: 8/15, Val loss: 0.0010, Elapsed time: 0:02:43, Estimated time left: 0:02:21
2025-01-29 16:17:57,679 - INFO - Trial: 52/100, Epoch: 9/15, Val loss: 0.0010, Elapsed time: 0:03:03, Estimated time left: 0:02:00
2025-01-29 16:18:17,919 - INFO - Trial: 52/100, Epoch: 10/15, Val loss: 0.0010, Elapsed time: 0:03:23, Estimated time left: 0:01:41
2025-01-29 16:18:38,053 - INFO - Trial: 52/100, Epoch: 11/15, Val loss: 0.0009, Elapsed time: 0:03:43, Estimated time left: 0:01:20
2025-01-29 16:18:58,431 - INFO - Trial: 52/100, Epoch: 12/15, Val loss: 0.0010, Elapsed time: 0:04:03, Estimated time left: 0:01:01
2025-01-29 16:19:18,602 - INFO - Trial: 52/100, Epoch: 13/15, Val loss: 0.0008, Elapsed time: 0:04:24, Estimated time left: 0:00:40
2025-01-29 16:19:39,263 - INFO - Trial: 52/100, Epoch: 14/15, Val loss: 0.0007, Elapsed time: 0:04:44, Estimated time left: 0:00:20
2025-01-29 16:19:59,551 - INFO - Trial: 52/100, Epoch: 15/15, Val loss: 0.0008, Elapsed time: 0:05:04, Estimated time left: 0:00:00
2025-01-29 16:19:59,553 - INFO - Trial 51 finished with value: 0.0008415279128458962 and parameters: {'hidden_layers': 8, 'n_units_l': 250, 'lr': 0.0012962164087073668, 'batch_size': 82}. Best is trial 42 with value: 0.0004824209566414633.
2025-01-29 16:19:59,555 - INFO - Elapsed time: 16969.69 seconds
2025-01-29 16:19:59,555 - INFO - Estimated time left: 0.00 seconds
2025-01-29 16:20:21,755 - INFO - Trial: 53/100, Epoch: 1/15, Val loss: 0.0229, Elapsed time: 0:00:22, Estimated time left: 0:05:10
2025-01-29 16:20:42,989 - INFO - Trial: 53/100, Epoch: 2/15, Val loss: 0.0027, Elapsed time: 0:00:43, Estimated time left: 0:04:36
2025-01-29 16:21:04,082 - INFO - Trial: 53/100, Epoch: 3/15, Val loss: 0.0023, Elapsed time: 0:01:04, Estimated time left: 0:04:13
2025-01-29 16:21:25,174 - INFO - Trial: 53/100, Epoch: 4/15, Val loss: 0.0019, Elapsed time: 0:01:25, Estimated time left: 0:03:52
2025-01-29 16:21:46,155 - INFO - Trial: 53/100, Epoch: 5/15, Val loss: 0.0016, Elapsed time: 0:01:46, Estimated time left: 0:03:29
2025-01-29 16:22:07,216 - INFO - Trial: 53/100, Epoch: 6/15, Val loss: 0.0013, Elapsed time: 0:02:07, Estimated time left: 0:03:09
2025-01-29 16:22:28,151 - INFO - Trial: 53/100, Epoch: 7/15, Val loss: 0.0010, Elapsed time: 0:02:28, Estimated time left: 0:02:47
2025-01-29 16:22:49,367 - INFO - Trial: 53/100, Epoch: 8/15, Val loss: 0.0010, Elapsed time: 0:02:49, Estimated time left: 0:02:28
2025-01-29 16:23:08,803 - INFO - Trial: 53/100, Epoch: 9/15, Val loss: 0.0008, Elapsed time: 0:03:09, Estimated time left: 0:01:56
2025-01-29 16:23:25,361 - INFO - Trial: 53/100, Epoch: 10/15, Val loss: 0.0008, Elapsed time: 0:03:25, Estimated time left: 0:01:22
2025-01-29 16:23:44,261 - INFO - Trial: 53/100, Epoch: 11/15, Val loss: 0.0007, Elapsed time: 0:03:44, Estimated time left: 0:01:15
2025-01-29 16:24:05,198 - INFO - Trial: 53/100, Epoch: 12/15, Val loss: 0.0008, Elapsed time: 0:04:05, Estimated time left: 0:01:02
2025-01-29 16:24:25,892 - INFO - Trial: 53/100, Epoch: 13/15, Val loss: 0.0008, Elapsed time: 0:04:26, Estimated time left: 0:00:41
2025-01-29 16:24:46,841 - INFO - Trial: 53/100, Epoch: 14/15, Val loss: 0.0007, Elapsed time: 0:04:47, Estimated time left: 0:00:20
2025-01-29 16:25:08,144 - INFO - Trial: 53/100, Epoch: 15/15, Val loss: 0.0006, Elapsed time: 0:05:08, Estimated time left: 0:00:00
2025-01-29 16:25:08,145 - INFO - Trial 52 finished with value: 0.0005648025083913247 and parameters: {'hidden_layers': 7, 'n_units_l': 251, 'lr': 0.0005636138510881264, 'batch_size': 75}. Best is trial 42 with value: 0.0004824209566414633.
2025-01-29 16:25:08,147 - INFO - Elapsed time: 17278.28 seconds
2025-01-29 16:25:08,148 - INFO - Estimated time left: 0.00 seconds
2025-01-29 16:25:37,086 - INFO - Trial: 54/100, Epoch: 1/15, Val loss: 0.0187, Elapsed time: 0:00:28, Estimated time left: 0:06:44
2025-01-29 16:26:03,693 - INFO - Trial: 54/100, Epoch: 2/15, Val loss: 0.0028, Elapsed time: 0:00:55, Estimated time left: 0:05:45
2025-01-29 16:26:30,515 - INFO - Trial: 54/100, Epoch: 3/15, Val loss: 0.0023, Elapsed time: 0:01:22, Estimated time left: 0:05:21
2025-01-29 16:26:57,073 - INFO - Trial: 54/100, Epoch: 4/15, Val loss: 0.0020, Elapsed time: 0:01:48, Estimated time left: 0:04:52
2025-01-29 16:27:23,585 - INFO - Trial: 54/100, Epoch: 5/15, Val loss: 0.0016, Elapsed time: 0:02:15, Estimated time left: 0:04:25
2025-01-29 16:27:50,269 - INFO - Trial: 54/100, Epoch: 6/15, Val loss: 0.0014, Elapsed time: 0:02:42, Estimated time left: 0:04:00
2025-01-29 16:28:16,766 - INFO - Trial: 54/100, Epoch: 7/15, Val loss: 0.0012, Elapsed time: 0:03:08, Estimated time left: 0:03:31
2025-01-29 16:28:43,480 - INFO - Trial: 54/100, Epoch: 8/15, Val loss: 0.0010, Elapsed time: 0:03:35, Estimated time left: 0:03:06
2025-01-29 16:29:10,094 - INFO - Trial: 54/100, Epoch: 9/15, Val loss: 0.0010, Elapsed time: 0:04:01, Estimated time left: 0:02:39
2025-01-29 16:29:36,634 - INFO - Trial: 54/100, Epoch: 10/15, Val loss: 0.0009, Elapsed time: 0:04:28, Estimated time left: 0:02:12
2025-01-29 16:30:03,181 - INFO - Trial: 54/100, Epoch: 11/15, Val loss: 0.0008, Elapsed time: 0:04:55, Estimated time left: 0:01:46
2025-01-29 16:30:29,883 - INFO - Trial: 54/100, Epoch: 12/15, Val loss: 0.0008, Elapsed time: 0:05:21, Estimated time left: 0:01:20
2025-01-29 16:30:56,475 - INFO - Trial: 54/100, Epoch: 13/15, Val loss: 0.0007, Elapsed time: 0:05:48, Estimated time left: 0:00:53
2025-01-29 16:31:23,201 - INFO - Trial: 54/100, Epoch: 14/15, Val loss: 0.0007, Elapsed time: 0:06:15, Estimated time left: 0:00:26
2025-01-29 16:31:49,877 - INFO - Trial: 54/100, Epoch: 15/15, Val loss: 0.0008, Elapsed time: 0:06:41, Estimated time left: 0:00:00
