2025-01-23 13:54:08,659 - INFO - Trial 77 finished with value: 0.000723797298029142 and parameters: {'hidden_layers': 4, 'n_units_l': 251, 'lr': 0.0003906714494328781, 'batch_size': 48}. Best is trial 54 with value: 0.0005633131703157664.
2025-01-23 13:54:08,672 - INFO - Elapsed time: 20478.48 seconds
2025-01-23 13:54:08,672 - INFO - Estimated time left: 0.00 seconds
2025-01-23 13:54:30,480 - INFO - Trial: 79/100, Epoch: 1/10, Val loss: 0.0866, Elapsed time: 0:00:21, Estimated time left: 0:03:16
2025-01-23 13:54:52,412 - INFO - Trial: 79/100, Epoch: 2/10, Val loss: 0.0293, Elapsed time: 0:00:43, Estimated time left: 0:02:55
2025-01-23 13:55:14,288 - INFO - Trial: 79/100, Epoch: 3/10, Val loss: 0.0281, Elapsed time: 0:01:05, Estimated time left: 0:02:33
2025-01-23 13:55:36,144 - INFO - Trial: 79/100, Epoch: 4/10, Val loss: 0.0229, Elapsed time: 0:01:27, Estimated time left: 0:02:11
2025-01-23 13:55:58,014 - INFO - Trial: 79/100, Epoch: 5/10, Val loss: 0.0221, Elapsed time: 0:01:49, Estimated time left: 0:01:49
2025-01-23 13:56:19,888 - INFO - Trial: 79/100, Epoch: 6/10, Val loss: 0.0220, Elapsed time: 0:02:11, Estimated time left: 0:01:27
2025-01-23 13:56:41,716 - INFO - Trial: 79/100, Epoch: 7/10, Val loss: 0.0217, Elapsed time: 0:02:33, Estimated time left: 0:01:05
2025-01-23 13:57:03,561 - INFO - Trial: 79/100, Epoch: 8/10, Val loss: 0.0216, Elapsed time: 0:02:54, Estimated time left: 0:00:43
2025-01-23 13:57:25,476 - INFO - Trial: 79/100, Epoch: 9/10, Val loss: 0.0212, Elapsed time: 0:03:16, Estimated time left: 0:00:21
2025-01-23 13:57:47,317 - INFO - Trial: 79/100, Epoch: 10/10, Val loss: 0.0223, Elapsed time: 0:03:38, Estimated time left: 0:00:00
2025-01-23 13:57:47,320 - INFO - Trial 78 finished with value: 0.02225528600629195 and parameters: {'hidden_layers': 4, 'n_units_l': 7, 'lr': 0.0008439369320481088, 'batch_size': 47}. Best is trial 54 with value: 0.0005633131703157664.
2025-01-23 13:57:47,333 - INFO - Elapsed time: 20697.14 seconds
2025-01-23 13:57:47,333 - INFO - Estimated time left: 0.00 seconds
2025-01-23 13:58:19,648 - INFO - Trial: 80/100, Epoch: 1/10, Val loss: 0.0189, Elapsed time: 0:00:32, Estimated time left: 0:04:50
2025-01-23 13:58:49,432 - INFO - Trial: 80/100, Epoch: 2/10, Val loss: 0.0026, Elapsed time: 0:01:02, Estimated time left: 0:03:58
2025-01-23 13:59:19,082 - INFO - Trial: 80/100, Epoch: 3/10, Val loss: 0.0023, Elapsed time: 0:01:31, Estimated time left: 0:03:27
2025-01-23 13:59:48,614 - INFO - Trial: 80/100, Epoch: 4/10, Val loss: 0.0017, Elapsed time: 0:02:01, Estimated time left: 0:02:57
2025-01-23 14:00:18,213 - INFO - Trial: 80/100, Epoch: 5/10, Val loss: 0.0014, Elapsed time: 0:02:30, Estimated time left: 0:02:27
2025-01-23 14:00:48,023 - INFO - Trial: 80/100, Epoch: 6/10, Val loss: 0.0011, Elapsed time: 0:03:00, Estimated time left: 0:01:59
2025-01-23 14:01:17,770 - INFO - Trial: 80/100, Epoch: 7/10, Val loss: 0.0012, Elapsed time: 0:03:30, Estimated time left: 0:01:29
2025-01-23 14:01:47,511 - INFO - Trial: 80/100, Epoch: 8/10, Val loss: 0.0010, Elapsed time: 0:04:00, Estimated time left: 0:00:59
2025-01-23 14:02:17,280 - INFO - Trial: 80/100, Epoch: 9/10, Val loss: 0.0009, Elapsed time: 0:04:29, Estimated time left: 0:00:29
2025-01-23 14:02:47,011 - INFO - Trial: 80/100, Epoch: 10/10, Val loss: 0.0010, Elapsed time: 0:04:59, Estimated time left: 0:00:00
2025-01-23 14:02:47,013 - INFO - Trial 79 finished with value: 0.0010214324577286346 and parameters: {'hidden_layers': 5, 'n_units_l': 196, 'lr': 0.0006387151059692043, 'batch_size': 37}. Best is trial 54 with value: 0.0005633131703157664.
2025-01-23 14:02:47,026 - INFO - Elapsed time: 20996.83 seconds
2025-01-23 14:02:47,026 - INFO - Estimated time left: 0.00 seconds
2025-01-23 14:03:20,566 - INFO - Trial: 81/100, Epoch: 1/10, Val loss: 0.0423, Elapsed time: 0:00:33, Estimated time left: 0:05:01
2025-01-23 14:03:50,679 - INFO - Trial: 81/100, Epoch: 2/10, Val loss: 0.0032, Elapsed time: 0:01:03, Estimated time left: 0:04:00
2025-01-23 14:04:20,781 - INFO - Trial: 81/100, Epoch: 3/10, Val loss: 0.0025, Elapsed time: 0:01:33, Estimated time left: 0:03:30
2025-01-23 14:04:50,832 - INFO - Trial: 81/100, Epoch: 4/10, Val loss: 0.0023, Elapsed time: 0:02:03, Estimated time left: 0:03:00
2025-01-23 14:05:20,890 - INFO - Trial: 81/100, Epoch: 5/10, Val loss: 0.0021, Elapsed time: 0:02:33, Estimated time left: 0:02:30
2025-01-23 14:05:50,939 - INFO - Trial: 81/100, Epoch: 6/10, Val loss: 0.0020, Elapsed time: 0:03:03, Estimated time left: 0:02:00
2025-01-23 14:06:21,152 - INFO - Trial: 81/100, Epoch: 7/10, Val loss: 0.0017, Elapsed time: 0:03:34, Estimated time left: 0:01:30
2025-01-23 14:06:51,357 - INFO - Trial: 81/100, Epoch: 8/10, Val loss: 0.0018, Elapsed time: 0:04:04, Estimated time left: 0:01:00
2025-01-23 14:07:21,540 - INFO - Trial: 81/100, Epoch: 9/10, Val loss: 0.0016, Elapsed time: 0:04:34, Estimated time left: 0:00:30
2025-01-23 14:07:52,363 - INFO - Trial: 81/100, Epoch: 10/10, Val loss: 0.0014, Elapsed time: 0:05:05, Estimated time left: 0:00:00
2025-01-23 14:07:52,365 - INFO - Trial 80 finished with value: 0.0014230569076510338 and parameters: {'hidden_layers': 8, 'n_units_l': 140, 'lr': 0.00023599902416605786, 'batch_size': 43}. Best is trial 54 with value: 0.0005633131703157664.
2025-01-23 14:07:52,378 - INFO - Elapsed time: 21302.18 seconds
2025-01-23 14:07:52,379 - INFO - Estimated time left: 0.00 seconds
2025-01-23 14:08:15,376 - INFO - Trial: 82/100, Epoch: 1/10, Val loss: 0.0145, Elapsed time: 0:00:22, Estimated time left: 0:03:26
2025-01-23 14:08:37,871 - INFO - Trial: 82/100, Epoch: 2/10, Val loss: 0.0025, Elapsed time: 0:00:45, Estimated time left: 0:02:59
2025-01-23 14:08:59,679 - INFO - Trial: 82/100, Epoch: 3/10, Val loss: 0.0020, Elapsed time: 0:01:07, Estimated time left: 0:02:32
2025-01-23 14:09:21,814 - INFO - Trial: 82/100, Epoch: 4/10, Val loss: 0.0017, Elapsed time: 0:01:29, Estimated time left: 0:02:12
2025-01-23 14:09:43,869 - INFO - Trial: 82/100, Epoch: 5/10, Val loss: 0.0014, Elapsed time: 0:01:51, Estimated time left: 0:01:50
2025-01-23 14:10:05,994 - INFO - Trial: 82/100, Epoch: 6/10, Val loss: 0.0011, Elapsed time: 0:02:13, Estimated time left: 0:01:28
2025-01-23 14:10:28,401 - INFO - Trial: 82/100, Epoch: 7/10, Val loss: 0.0008, Elapsed time: 0:02:35, Estimated time left: 0:01:07
2025-01-23 14:10:50,932 - INFO - Trial: 82/100, Epoch: 8/10, Val loss: 0.0007, Elapsed time: 0:02:58, Estimated time left: 0:00:45
2025-01-23 14:11:13,071 - INFO - Trial: 82/100, Epoch: 9/10, Val loss: 0.0006, Elapsed time: 0:03:20, Estimated time left: 0:00:22
2025-01-23 14:11:35,518 - INFO - Trial: 82/100, Epoch: 10/10, Val loss: 0.0006, Elapsed time: 0:03:43, Estimated time left: 0:00:00
2025-01-23 14:11:35,521 - INFO - Trial 81 finished with value: 0.0006364204766777714 and parameters: {'hidden_layers': 4, 'n_units_l': 255, 'lr': 0.0003862388059859516, 'batch_size': 52}. Best is trial 54 with value: 0.0005633131703157664.
2025-01-23 14:11:35,534 - INFO - Elapsed time: 21525.34 seconds
2025-01-23 14:11:35,535 - INFO - Estimated time left: 0.00 seconds
2025-01-23 14:11:58,475 - INFO - Trial: 83/100, Epoch: 1/10, Val loss: 0.0176, Elapsed time: 0:00:22, Estimated time left: 0:03:26
2025-01-23 14:12:20,557 - INFO - Trial: 83/100, Epoch: 2/10, Val loss: 0.0026, Elapsed time: 0:00:44, Estimated time left: 0:02:56
2025-01-23 14:12:42,737 - INFO - Trial: 83/100, Epoch: 3/10, Val loss: 0.0022, Elapsed time: 0:01:07, Estimated time left: 0:02:35
2025-01-23 14:13:04,702 - INFO - Trial: 83/100, Epoch: 4/10, Val loss: 0.0018, Elapsed time: 0:01:29, Estimated time left: 0:02:11
2025-01-23 14:13:27,319 - INFO - Trial: 83/100, Epoch: 5/10, Val loss: 0.0013, Elapsed time: 0:01:51, Estimated time left: 0:01:53
2025-01-23 14:13:49,142 - INFO - Trial: 83/100, Epoch: 6/10, Val loss: 0.0012, Elapsed time: 0:02:13, Estimated time left: 0:01:27
2025-01-23 14:14:11,101 - INFO - Trial: 83/100, Epoch: 7/10, Val loss: 0.0010, Elapsed time: 0:02:35, Estimated time left: 0:01:05
2025-01-23 14:14:33,075 - INFO - Trial: 83/100, Epoch: 8/10, Val loss: 0.0010, Elapsed time: 0:02:57, Estimated time left: 0:00:43
2025-01-23 14:14:55,084 - INFO - Trial: 83/100, Epoch: 9/10, Val loss: 0.0009, Elapsed time: 0:03:19, Estimated time left: 0:00:22
2025-01-23 14:15:17,554 - INFO - Trial: 83/100, Epoch: 10/10, Val loss: 0.0008, Elapsed time: 0:03:41, Estimated time left: 0:00:00
2025-01-23 14:15:17,556 - INFO - Trial 82 finished with value: 0.0008115046082075432 and parameters: {'hidden_layers': 4, 'n_units_l': 227, 'lr': 0.0004508567724573138, 'batch_size': 51}. Best is trial 54 with value: 0.0005633131703157664.
2025-01-23 14:15:17,570 - INFO - Elapsed time: 21747.38 seconds
2025-01-23 14:15:17,570 - INFO - Estimated time left: 0.00 seconds
2025-01-23 14:15:41,640 - INFO - Trial: 84/100, Epoch: 1/10, Val loss: 0.0199, Elapsed time: 0:00:24, Estimated time left: 0:03:36
2025-01-23 14:16:04,524 - INFO - Trial: 84/100, Epoch: 2/10, Val loss: 0.0027, Elapsed time: 0:00:46, Estimated time left: 0:03:03
2025-01-23 14:16:27,454 - INFO - Trial: 84/100, Epoch: 3/10, Val loss: 0.0023, Elapsed time: 0:01:09, Estimated time left: 0:02:40
2025-01-23 14:16:50,496 - INFO - Trial: 84/100, Epoch: 4/10, Val loss: 0.0020, Elapsed time: 0:01:32, Estimated time left: 0:02:18
2025-01-23 14:17:13,554 - INFO - Trial: 84/100, Epoch: 5/10, Val loss: 0.0018, Elapsed time: 0:01:55, Estimated time left: 0:01:55
2025-01-23 14:17:36,596 - INFO - Trial: 84/100, Epoch: 6/10, Val loss: 0.0015, Elapsed time: 0:02:19, Estimated time left: 0:01:32
2025-01-23 14:17:59,704 - INFO - Trial: 84/100, Epoch: 7/10, Val loss: 0.0013, Elapsed time: 0:02:42, Estimated time left: 0:01:09
2025-01-23 14:18:22,994 - INFO - Trial: 84/100, Epoch: 8/10, Val loss: 0.0013, Elapsed time: 0:03:05, Estimated time left: 0:00:46
2025-01-23 14:18:46,283 - INFO - Trial: 84/100, Epoch: 9/10, Val loss: 0.0011, Elapsed time: 0:03:28, Estimated time left: 0:00:23
2025-01-23 14:19:09,484 - INFO - Trial: 84/100, Epoch: 10/10, Val loss: 0.0010, Elapsed time: 0:03:51, Estimated time left: 0:00:00
2025-01-23 14:19:09,487 - INFO - Trial 83 finished with value: 0.001049363450931703 and parameters: {'hidden_layers': 4, 'n_units_l': 177, 'lr': 0.0004129737250698204, 'batch_size': 46}. Best is trial 54 with value: 0.0005633131703157664.
2025-01-23 14:19:09,501 - INFO - Elapsed time: 21979.31 seconds
2025-01-23 14:19:09,501 - INFO - Estimated time left: 0.00 seconds
2025-01-23 14:19:31,403 - INFO - Trial: 85/100, Epoch: 1/10, Val loss: 0.0148, Elapsed time: 0:00:21, Estimated time left: 0:03:16
2025-01-23 14:19:52,582 - INFO - Trial: 85/100, Epoch: 2/10, Val loss: 0.0027, Elapsed time: 0:00:43, Estimated time left: 0:02:49
2025-01-23 14:20:13,775 - INFO - Trial: 85/100, Epoch: 3/10, Val loss: 0.0024, Elapsed time: 0:01:04, Estimated time left: 0:02:28
2025-01-23 14:20:34,949 - INFO - Trial: 85/100, Epoch: 4/10, Val loss: 0.0021, Elapsed time: 0:01:25, Estimated time left: 0:02:07
2025-01-23 14:20:56,088 - INFO - Trial: 85/100, Epoch: 5/10, Val loss: 0.0019, Elapsed time: 0:01:46, Estimated time left: 0:01:45
2025-01-23 14:21:17,217 - INFO - Trial: 85/100, Epoch: 6/10, Val loss: 0.0016, Elapsed time: 0:02:07, Estimated time left: 0:01:24
2025-01-23 14:21:38,322 - INFO - Trial: 85/100, Epoch: 7/10, Val loss: 0.0013, Elapsed time: 0:02:28, Estimated time left: 0:01:03
2025-01-23 14:21:59,533 - INFO - Trial: 85/100, Epoch: 8/10, Val loss: 0.0011, Elapsed time: 0:02:50, Estimated time left: 0:00:42
2025-01-23 14:22:20,810 - INFO - Trial: 85/100, Epoch: 9/10, Val loss: 0.0009, Elapsed time: 0:03:11, Estimated time left: 0:00:21
2025-01-23 14:22:42,058 - INFO - Trial: 85/100, Epoch: 10/10, Val loss: 0.0008, Elapsed time: 0:03:32, Estimated time left: 0:00:00
2025-01-23 14:22:42,060 - INFO - Trial 84 finished with value: 0.0008220966443237241 and parameters: {'hidden_layers': 5, 'n_units_l': 235, 'lr': 0.0002594137443174444, 'batch_size': 58}. Best is trial 54 with value: 0.0005633131703157664.
2025-01-23 14:22:42,074 - INFO - Elapsed time: 22191.88 seconds
2025-01-23 14:22:42,074 - INFO - Estimated time left: 0.00 seconds
2025-01-23 14:23:14,306 - INFO - Trial: 86/100, Epoch: 1/10, Val loss: 0.0175, Elapsed time: 0:00:32, Estimated time left: 0:04:49
2025-01-23 14:23:45,365 - INFO - Trial: 86/100, Epoch: 2/10, Val loss: 0.0026, Elapsed time: 0:01:03, Estimated time left: 0:04:08
2025-01-23 14:24:16,153 - INFO - Trial: 86/100, Epoch: 3/10, Val loss: 0.0021, Elapsed time: 0:01:34, Estimated time left: 0:03:35
2025-01-23 14:24:47,125 - INFO - Trial: 86/100, Epoch: 4/10, Val loss: 0.0014, Elapsed time: 0:02:05, Estimated time left: 0:03:05
2025-01-23 14:25:17,688 - INFO - Trial: 86/100, Epoch: 5/10, Val loss: 0.0013, Elapsed time: 0:02:35, Estimated time left: 0:02:32
2025-01-23 14:25:48,822 - INFO - Trial: 86/100, Epoch: 6/10, Val loss: 0.0011, Elapsed time: 0:03:06, Estimated time left: 0:02:04
2025-01-23 14:26:19,979 - INFO - Trial: 86/100, Epoch: 7/10, Val loss: 0.0010, Elapsed time: 0:03:37, Estimated time left: 0:01:33
2025-01-23 14:26:51,117 - INFO - Trial: 86/100, Epoch: 8/10, Val loss: 0.0009, Elapsed time: 0:04:09, Estimated time left: 0:01:02
2025-01-23 14:27:22,226 - INFO - Trial: 86/100, Epoch: 9/10, Val loss: 0.0009, Elapsed time: 0:04:40, Estimated time left: 0:00:31
2025-01-23 14:27:53,326 - INFO - Trial: 86/100, Epoch: 10/10, Val loss: 0.0009, Elapsed time: 0:05:11, Estimated time left: 0:00:00
2025-01-23 14:27:53,328 - INFO - Trial 85 finished with value: 0.000852299336975734 and parameters: {'hidden_layers': 4, 'n_units_l': 256, 'lr': 0.0007046666046173022, 'batch_size': 35}. Best is trial 54 with value: 0.0005633131703157664.
2025-01-23 14:27:53,343 - INFO - Elapsed time: 22503.15 seconds
2025-01-23 14:27:53,343 - INFO - Estimated time left: 0.00 seconds
2025-01-23 14:28:14,027 - INFO - Trial: 87/100, Epoch: 1/10, Val loss: 0.0137, Elapsed time: 0:00:20, Estimated time left: 0:03:05
2025-01-23 14:28:33,063 - INFO - Trial: 87/100, Epoch: 2/10, Val loss: 0.0028, Elapsed time: 0:00:39, Estimated time left: 0:02:32
2025-01-23 14:28:52,273 - INFO - Trial: 87/100, Epoch: 3/10, Val loss: 0.0021, Elapsed time: 0:00:58, Estimated time left: 0:02:14
2025-01-23 14:29:11,426 - INFO - Trial: 87/100, Epoch: 4/10, Val loss: 0.0017, Elapsed time: 0:01:18, Estimated time left: 0:01:54
2025-01-23 14:29:30,658 - INFO - Trial: 87/100, Epoch: 5/10, Val loss: 0.0014, Elapsed time: 0:01:37, Estimated time left: 0:01:36
2025-01-23 14:29:49,864 - INFO - Trial: 87/100, Epoch: 6/10, Val loss: 0.0014, Elapsed time: 0:01:56, Estimated time left: 0:01:16
2025-01-23 14:30:09,108 - INFO - Trial: 87/100, Epoch: 7/10, Val loss: 0.0011, Elapsed time: 0:02:15, Estimated time left: 0:00:57
2025-01-23 14:30:28,415 - INFO - Trial: 87/100, Epoch: 8/10, Val loss: 0.0012, Elapsed time: 0:02:35, Estimated time left: 0:00:38
2025-01-23 14:30:47,807 - INFO - Trial: 87/100, Epoch: 9/10, Val loss: 0.0011, Elapsed time: 0:02:54, Estimated time left: 0:00:19
2025-01-23 14:31:07,122 - INFO - Trial: 87/100, Epoch: 10/10, Val loss: 0.0012, Elapsed time: 0:03:13, Estimated time left: 0:00:00
2025-01-23 14:31:07,124 - INFO - Trial 86 finished with value: 0.001163335115797169 and parameters: {'hidden_layers': 3, 'n_units_l': 204, 'lr': 0.0013900465435810966, 'batch_size': 52}. Best is trial 54 with value: 0.0005633131703157664.
2025-01-23 14:31:07,138 - INFO - Elapsed time: 22696.94 seconds
2025-01-23 14:31:07,139 - INFO - Estimated time left: 0.00 seconds
2025-01-23 14:31:29,137 - INFO - Trial: 88/100, Epoch: 1/10, Val loss: 0.0517, Elapsed time: 0:00:21, Estimated time left: 0:03:17
2025-01-23 14:31:49,848 - INFO - Trial: 88/100, Epoch: 2/10, Val loss: 0.0032, Elapsed time: 0:00:42, Estimated time left: 0:02:45
2025-01-23 14:32:10,437 - INFO - Trial: 88/100, Epoch: 3/10, Val loss: 0.0024, Elapsed time: 0:01:03, Estimated time left: 0:02:24
2025-01-23 14:32:30,998 - INFO - Trial: 88/100, Epoch: 4/10, Val loss: 0.0023, Elapsed time: 0:01:23, Estimated time left: 0:02:03
2025-01-23 14:32:51,501 - INFO - Trial: 88/100, Epoch: 5/10, Val loss: 0.0022, Elapsed time: 0:01:44, Estimated time left: 0:01:42
2025-01-23 14:33:12,675 - INFO - Trial: 88/100, Epoch: 6/10, Val loss: 0.0020, Elapsed time: 0:02:05, Estimated time left: 0:01:24
2025-01-23 14:33:33,482 - INFO - Trial: 88/100, Epoch: 7/10, Val loss: 0.0019, Elapsed time: 0:02:26, Estimated time left: 0:01:02
2025-01-23 14:33:54,134 - INFO - Trial: 88/100, Epoch: 8/10, Val loss: 0.0018, Elapsed time: 0:02:46, Estimated time left: 0:00:41
2025-01-23 14:34:14,578 - INFO - Trial: 88/100, Epoch: 9/10, Val loss: 0.0017, Elapsed time: 0:03:07, Estimated time left: 0:00:20
2025-01-23 14:34:35,106 - INFO - Trial: 88/100, Epoch: 10/10, Val loss: 0.0016, Elapsed time: 0:03:27, Estimated time left: 0:00:00
2025-01-23 14:34:35,108 - INFO - Trial 87 finished with value: 0.001572513638212224 and parameters: {'hidden_layers': 7, 'n_units_l': 167, 'lr': 0.00018044882094526773, 'batch_size': 65}. Best is trial 54 with value: 0.0005633131703157664.
2025-01-23 14:34:35,122 - INFO - Elapsed time: 22904.93 seconds
2025-01-23 14:34:35,123 - INFO - Estimated time left: 0.00 seconds
2025-01-23 14:34:57,803 - INFO - Trial: 89/100, Epoch: 1/10, Val loss: 0.0188, Elapsed time: 0:00:22, Estimated time left: 0:03:23
2025-01-23 14:35:19,597 - INFO - Trial: 89/100, Epoch: 2/10, Val loss: 0.0027, Elapsed time: 0:00:44, Estimated time left: 0:02:54
2025-01-23 14:35:41,479 - INFO - Trial: 89/100, Epoch: 3/10, Val loss: 0.0021, Elapsed time: 0:01:06, Estimated time left: 0:02:33
2025-01-23 14:36:03,223 - INFO - Trial: 89/100, Epoch: 4/10, Val loss: 0.0016, Elapsed time: 0:01:28, Estimated time left: 0:02:10
2025-01-23 14:36:24,919 - INFO - Trial: 89/100, Epoch: 5/10, Val loss: 0.0013, Elapsed time: 0:01:49, Estimated time left: 0:01:48
2025-01-23 14:36:46,633 - INFO - Trial: 89/100, Epoch: 6/10, Val loss: 0.0011, Elapsed time: 0:02:11, Estimated time left: 0:01:26
2025-01-23 14:37:08,428 - INFO - Trial: 89/100, Epoch: 7/10, Val loss: 0.0011, Elapsed time: 0:02:33, Estimated time left: 0:01:05
2025-01-23 14:37:30,225 - INFO - Trial: 89/100, Epoch: 8/10, Val loss: 0.0010, Elapsed time: 0:02:55, Estimated time left: 0:00:43
2025-01-23 14:37:52,084 - INFO - Trial: 89/100, Epoch: 9/10, Val loss: 0.0008, Elapsed time: 0:03:16, Estimated time left: 0:00:21
2025-01-23 14:38:13,781 - INFO - Trial: 89/100, Epoch: 10/10, Val loss: 0.0010, Elapsed time: 0:03:38, Estimated time left: 0:00:00
2025-01-23 14:38:13,783 - INFO - Trial 88 finished with value: 0.0009619131005137861 and parameters: {'hidden_layers': 5, 'n_units_l': 227, 'lr': 0.0005665264929467145, 'batch_size': 56}. Best is trial 54 with value: 0.0005633131703157664.
2025-01-23 14:38:13,797 - INFO - Elapsed time: 23123.60 seconds
2025-01-23 14:38:13,798 - INFO - Estimated time left: 0.00 seconds
2025-01-23 14:38:46,154 - INFO - Trial: 90/100, Epoch: 1/10, Val loss: 0.0241, Elapsed time: 0:00:32, Estimated time left: 0:04:50
2025-01-23 14:39:17,799 - INFO - Trial: 90/100, Epoch: 2/10, Val loss: 0.0031, Elapsed time: 0:01:03, Estimated time left: 0:04:13
2025-01-23 14:39:49,461 - INFO - Trial: 90/100, Epoch: 3/10, Val loss: 0.0027, Elapsed time: 0:01:35, Estimated time left: 0:03:41
2025-01-23 14:40:21,104 - INFO - Trial: 90/100, Epoch: 4/10, Val loss: 0.0024, Elapsed time: 0:02:07, Estimated time left: 0:03:09
2025-01-23 14:40:52,901 - INFO - Trial: 90/100, Epoch: 5/10, Val loss: 0.0024, Elapsed time: 0:02:39, Estimated time left: 0:02:38
2025-01-23 14:41:24,714 - INFO - Trial: 90/100, Epoch: 6/10, Val loss: 0.0023, Elapsed time: 0:03:10, Estimated time left: 0:02:07
2025-01-23 14:41:56,583 - INFO - Trial: 90/100, Epoch: 7/10, Val loss: 0.0023, Elapsed time: 0:03:42, Estimated time left: 0:01:35
2025-01-23 14:42:28,546 - INFO - Trial: 90/100, Epoch: 8/10, Val loss: 0.0021, Elapsed time: 0:04:14, Estimated time left: 0:01:03
2025-01-23 14:43:00,098 - INFO - Trial: 90/100, Epoch: 9/10, Val loss: 0.0020, Elapsed time: 0:04:46, Estimated time left: 0:00:31
2025-01-23 14:43:31,759 - INFO - Trial: 90/100, Epoch: 10/10, Val loss: 0.0020, Elapsed time: 0:05:17, Estimated time left: 0:00:00
2025-01-23 14:43:31,761 - INFO - Trial 89 finished with value: 0.001986803250533546 and parameters: {'hidden_layers': 4, 'n_units_l': 108, 'lr': 0.00010965183777101848, 'batch_size': 30}. Best is trial 54 with value: 0.0005633131703157664.
2025-01-23 14:43:31,776 - INFO - Elapsed time: 23441.58 seconds
2025-01-23 14:43:31,776 - INFO - Estimated time left: 0.00 seconds
2025-01-23 14:43:53,807 - INFO - Trial: 91/100, Epoch: 1/10, Val loss: 0.0348, Elapsed time: 0:00:22, Estimated time left: 0:03:18
2025-01-23 14:44:14,895 - INFO - Trial: 91/100, Epoch: 2/10, Val loss: 0.0030, Elapsed time: 0:00:43, Estimated time left: 0:02:48
2025-01-23 14:44:36,066 - INFO - Trial: 91/100, Epoch: 3/10, Val loss: 0.0026, Elapsed time: 0:01:04, Estimated time left: 0:02:28
2025-01-23 14:44:57,057 - INFO - Trial: 91/100, Epoch: 4/10, Val loss: 0.0025, Elapsed time: 0:01:25, Estimated time left: 0:02:05
2025-01-23 14:45:18,080 - INFO - Trial: 91/100, Epoch: 5/10, Val loss: 0.0021, Elapsed time: 0:01:46, Estimated time left: 0:01:45
2025-01-23 14:45:39,156 - INFO - Trial: 91/100, Epoch: 6/10, Val loss: 0.0021, Elapsed time: 0:02:07, Estimated time left: 0:01:24
2025-01-23 14:46:00,153 - INFO - Trial: 91/100, Epoch: 7/10, Val loss: 0.0019, Elapsed time: 0:02:28, Estimated time left: 0:01:02
2025-01-23 14:46:21,154 - INFO - Trial: 91/100, Epoch: 8/10, Val loss: 0.0018, Elapsed time: 0:02:49, Estimated time left: 0:00:42
2025-01-23 14:46:42,296 - INFO - Trial: 91/100, Epoch: 9/10, Val loss: 0.0017, Elapsed time: 0:03:10, Estimated time left: 0:00:21
2025-01-23 14:47:03,449 - INFO - Trial: 91/100, Epoch: 10/10, Val loss: 0.0017, Elapsed time: 0:03:31, Estimated time left: 0:00:00
