2025-01-23 14:47:03,451 - INFO - Trial 90 finished with value: 0.0017195839876033615 and parameters: {'hidden_layers': 6, 'n_units_l': 192, 'lr': 0.000152126977126397, 'batch_size': 61}. Best is trial 54 with value: 0.0005633131703157664.
2025-01-23 14:47:03,466 - INFO - Elapsed time: 23653.27 seconds
2025-01-23 14:47:03,466 - INFO - Estimated time left: 0.00 seconds
2025-01-23 14:47:21,504 - INFO - Trial: 92/100, Epoch: 1/10, Val loss: 0.0123, Elapsed time: 0:00:18, Estimated time left: 0:02:42
2025-01-23 14:47:39,194 - INFO - Trial: 92/100, Epoch: 2/10, Val loss: 0.0027, Elapsed time: 0:00:35, Estimated time left: 0:02:21
2025-01-23 14:47:56,827 - INFO - Trial: 92/100, Epoch: 3/10, Val loss: 0.0023, Elapsed time: 0:00:53, Estimated time left: 0:02:03
2025-01-23 14:48:14,844 - INFO - Trial: 92/100, Epoch: 4/10, Val loss: 0.0020, Elapsed time: 0:01:11, Estimated time left: 0:01:48
2025-01-23 14:48:32,670 - INFO - Trial: 92/100, Epoch: 5/10, Val loss: 0.0016, Elapsed time: 0:01:29, Estimated time left: 0:01:29
2025-01-23 14:48:50,380 - INFO - Trial: 92/100, Epoch: 6/10, Val loss: 0.0014, Elapsed time: 0:01:46, Estimated time left: 0:01:10
2025-01-23 14:49:08,169 - INFO - Trial: 92/100, Epoch: 7/10, Val loss: 0.0010, Elapsed time: 0:02:04, Estimated time left: 0:00:53
2025-01-23 14:49:25,652 - INFO - Trial: 92/100, Epoch: 8/10, Val loss: 0.0008, Elapsed time: 0:02:22, Estimated time left: 0:00:34
2025-01-23 14:49:43,327 - INFO - Trial: 92/100, Epoch: 9/10, Val loss: 0.0007, Elapsed time: 0:02:39, Estimated time left: 0:00:17
2025-01-23 14:50:01,053 - INFO - Trial: 92/100, Epoch: 10/10, Val loss: 0.0006, Elapsed time: 0:02:57, Estimated time left: 0:00:00
2025-01-23 14:50:01,056 - INFO - Trial 91 finished with value: 0.0006163396968020544 and parameters: {'hidden_layers': 4, 'n_units_l': 256, 'lr': 0.00032799060142546434, 'batch_size': 69}. Best is trial 54 with value: 0.0005633131703157664.
2025-01-23 14:50:01,071 - INFO - Elapsed time: 23830.87 seconds
2025-01-23 14:50:01,071 - INFO - Estimated time left: 0.00 seconds
2025-01-23 14:50:18,771 - INFO - Trial: 93/100, Epoch: 1/10, Val loss: 0.0167, Elapsed time: 0:00:17, Estimated time left: 0:02:39
2025-01-23 14:50:36,210 - INFO - Trial: 93/100, Epoch: 2/10, Val loss: 0.0028, Elapsed time: 0:00:35, Estimated time left: 0:02:19
2025-01-23 14:50:53,540 - INFO - Trial: 93/100, Epoch: 3/10, Val loss: 0.0023, Elapsed time: 0:00:52, Estimated time left: 0:02:01
2025-01-23 14:51:10,894 - INFO - Trial: 93/100, Epoch: 4/10, Val loss: 0.0021, Elapsed time: 0:01:09, Estimated time left: 0:01:44
2025-01-23 14:51:28,156 - INFO - Trial: 93/100, Epoch: 5/10, Val loss: 0.0018, Elapsed time: 0:01:27, Estimated time left: 0:01:26
2025-01-23 14:51:45,511 - INFO - Trial: 93/100, Epoch: 6/10, Val loss: 0.0015, Elapsed time: 0:01:44, Estimated time left: 0:01:09
2025-01-23 14:52:02,819 - INFO - Trial: 93/100, Epoch: 7/10, Val loss: 0.0014, Elapsed time: 0:02:01, Estimated time left: 0:00:51
2025-01-23 14:52:19,895 - INFO - Trial: 93/100, Epoch: 8/10, Val loss: 0.0012, Elapsed time: 0:02:18, Estimated time left: 0:00:34
2025-01-23 14:52:37,362 - INFO - Trial: 93/100, Epoch: 9/10, Val loss: 0.0010, Elapsed time: 0:02:36, Estimated time left: 0:00:17
2025-01-23 14:52:54,644 - INFO - Trial: 93/100, Epoch: 10/10, Val loss: 0.0009, Elapsed time: 0:02:53, Estimated time left: 0:00:00
2025-01-23 14:52:54,646 - INFO - Trial 92 finished with value: 0.0009299545254004348 and parameters: {'hidden_layers': 4, 'n_units_l': 212, 'lr': 0.0003721333037178814, 'batch_size': 69}. Best is trial 54 with value: 0.0005633131703157664.
2025-01-23 14:52:54,662 - INFO - Elapsed time: 24004.47 seconds
2025-01-23 14:52:54,662 - INFO - Estimated time left: 0.00 seconds
2025-01-23 14:53:18,838 - INFO - Trial: 94/100, Epoch: 1/10, Val loss: 0.0183, Elapsed time: 0:00:24, Estimated time left: 0:03:37
2025-01-23 14:53:42,282 - INFO - Trial: 94/100, Epoch: 2/10, Val loss: 0.0026, Elapsed time: 0:00:47, Estimated time left: 0:03:07
2025-01-23 14:54:05,524 - INFO - Trial: 94/100, Epoch: 3/10, Val loss: 0.0023, Elapsed time: 0:01:10, Estimated time left: 0:02:42
2025-01-23 14:54:28,898 - INFO - Trial: 94/100, Epoch: 4/10, Val loss: 0.0022, Elapsed time: 0:01:34, Estimated time left: 0:02:20
2025-01-23 14:54:52,355 - INFO - Trial: 94/100, Epoch: 5/10, Val loss: 0.0019, Elapsed time: 0:01:57, Estimated time left: 0:01:57
2025-01-23 14:55:15,770 - INFO - Trial: 94/100, Epoch: 6/10, Val loss: 0.0019, Elapsed time: 0:02:21, Estimated time left: 0:01:33
2025-01-23 14:55:39,266 - INFO - Trial: 94/100, Epoch: 7/10, Val loss: 0.0016, Elapsed time: 0:02:44, Estimated time left: 0:01:10
2025-01-23 14:56:02,804 - INFO - Trial: 94/100, Epoch: 8/10, Val loss: 0.0012, Elapsed time: 0:03:08, Estimated time left: 0:00:47
2025-01-23 14:56:26,319 - INFO - Trial: 94/100, Epoch: 9/10, Val loss: 0.0010, Elapsed time: 0:03:31, Estimated time left: 0:00:23
2025-01-23 14:56:49,853 - INFO - Trial: 94/100, Epoch: 10/10, Val loss: 0.0008, Elapsed time: 0:03:55, Estimated time left: 0:00:00
2025-01-23 14:56:49,856 - INFO - Trial 93 finished with value: 0.0008425189999639166 and parameters: {'hidden_layers': 4, 'n_units_l': 236, 'lr': 0.00020006374145274984, 'batch_size': 48}. Best is trial 54 with value: 0.0005633131703157664.
2025-01-23 14:56:49,871 - INFO - Elapsed time: 24239.67 seconds
2025-01-23 14:56:49,871 - INFO - Estimated time left: 0.00 seconds
2025-01-23 14:57:12,277 - INFO - Trial: 95/100, Epoch: 1/10, Val loss: 0.0168, Elapsed time: 0:00:22, Estimated time left: 0:03:21
2025-01-23 14:57:33,994 - INFO - Trial: 95/100, Epoch: 2/10, Val loss: 0.0026, Elapsed time: 0:00:44, Estimated time left: 0:02:53
2025-01-23 14:57:55,667 - INFO - Trial: 95/100, Epoch: 3/10, Val loss: 0.0022, Elapsed time: 0:01:05, Estimated time left: 0:02:31
2025-01-23 14:58:17,493 - INFO - Trial: 95/100, Epoch: 4/10, Val loss: 0.0020, Elapsed time: 0:01:27, Estimated time left: 0:02:10
2025-01-23 14:58:39,230 - INFO - Trial: 95/100, Epoch: 5/10, Val loss: 0.0016, Elapsed time: 0:01:49, Estimated time left: 0:01:48
2025-01-23 14:59:00,775 - INFO - Trial: 95/100, Epoch: 6/10, Val loss: 0.0014, Elapsed time: 0:02:10, Estimated time left: 0:01:26
2025-01-23 14:59:22,399 - INFO - Trial: 95/100, Epoch: 7/10, Val loss: 0.0012, Elapsed time: 0:02:32, Estimated time left: 0:01:04
2025-01-23 14:59:44,062 - INFO - Trial: 95/100, Epoch: 8/10, Val loss: 0.0010, Elapsed time: 0:02:54, Estimated time left: 0:00:43
2025-01-23 15:00:05,780 - INFO - Trial: 95/100, Epoch: 9/10, Val loss: 0.0010, Elapsed time: 0:03:15, Estimated time left: 0:00:21
2025-01-23 15:00:27,503 - INFO - Trial: 95/100, Epoch: 10/10, Val loss: 0.0008, Elapsed time: 0:03:37, Estimated time left: 0:00:00
2025-01-23 15:00:27,505 - INFO - Trial 94 finished with value: 0.0007882687727060044 and parameters: {'hidden_layers': 5, 'n_units_l': 211, 'lr': 0.0003111701522740962, 'batch_size': 55}. Best is trial 54 with value: 0.0005633131703157664.
2025-01-23 15:00:27,521 - INFO - Elapsed time: 24457.33 seconds
2025-01-23 15:00:27,521 - INFO - Estimated time left: 0.00 seconds
2025-01-23 15:00:46,161 - INFO - Trial: 96/100, Epoch: 1/10, Val loss: 0.0171, Elapsed time: 0:00:18, Estimated time left: 0:02:47
2025-01-23 15:01:04,311 - INFO - Trial: 96/100, Epoch: 2/10, Val loss: 0.0026, Elapsed time: 0:00:36, Estimated time left: 0:02:25
2025-01-23 15:01:22,347 - INFO - Trial: 96/100, Epoch: 3/10, Val loss: 0.0022, Elapsed time: 0:00:54, Estimated time left: 0:02:06
