2025-01-23 11:37:59,535 - INFO - Trial 38 finished with value: 0.0019144102473548773 and parameters: {'hidden_layers': 2, 'n_units_l': 162, 'lr': 0.00039363685641107834, 'batch_size': 27}. Best is trial 14 with value: 0.0007135949661039349.
2025-01-23 11:37:59,542 - INFO - Elapsed time: 12309.35 seconds
2025-01-23 11:37:59,542 - INFO - Estimated time left: 0.00 seconds
2025-01-23 11:38:20,905 - INFO - Trial: 40/100, Epoch: 1/10, Val loss: 0.0921, Elapsed time: 0:00:21, Estimated time left: 0:03:12
2025-01-23 11:38:40,762 - INFO - Trial: 40/100, Epoch: 2/10, Val loss: 0.0223, Elapsed time: 0:00:41, Estimated time left: 0:02:38
2025-01-23 11:39:00,676 - INFO - Trial: 40/100, Epoch: 3/10, Val loss: 0.0213, Elapsed time: 0:01:01, Estimated time left: 0:02:19
2025-01-23 11:39:20,557 - INFO - Trial: 40/100, Epoch: 4/10, Val loss: 0.0209, Elapsed time: 0:01:20, Estimated time left: 0:01:59
2025-01-23 11:39:40,472 - INFO - Trial: 40/100, Epoch: 5/10, Val loss: 0.0214, Elapsed time: 0:01:40, Estimated time left: 0:01:39
2025-01-23 11:40:00,423 - INFO - Trial: 40/100, Epoch: 6/10, Val loss: 0.0206, Elapsed time: 0:02:00, Estimated time left: 0:01:19
2025-01-23 11:40:20,383 - INFO - Trial: 40/100, Epoch: 7/10, Val loss: 0.0207, Elapsed time: 0:02:20, Estimated time left: 0:00:59
2025-01-23 11:40:40,318 - INFO - Trial: 40/100, Epoch: 8/10, Val loss: 0.0205, Elapsed time: 0:02:40, Estimated time left: 0:00:39
2025-01-23 11:41:00,300 - INFO - Trial: 40/100, Epoch: 9/10, Val loss: 0.0206, Elapsed time: 0:03:00, Estimated time left: 0:00:19
2025-01-23 11:41:20,240 - INFO - Trial: 40/100, Epoch: 10/10, Val loss: 0.0206, Elapsed time: 0:03:20, Estimated time left: 0:00:00
2025-01-23 11:41:20,242 - INFO - Trial 39 finished with value: 0.02057163054561935 and parameters: {'hidden_layers': 3, 'n_units_l': 6, 'lr': 0.0012224713760126031, 'batch_size': 44}. Best is trial 14 with value: 0.0007135949661039349.
2025-01-23 11:41:20,249 - INFO - Elapsed time: 12510.06 seconds
2025-01-23 11:41:20,249 - INFO - Estimated time left: 0.00 seconds
2025-01-23 11:41:51,452 - INFO - Trial: 41/100, Epoch: 1/10, Val loss: 0.0303, Elapsed time: 0:00:31, Estimated time left: 0:04:40
2025-01-23 11:42:20,932 - INFO - Trial: 41/100, Epoch: 2/10, Val loss: 0.0030, Elapsed time: 0:01:00, Estimated time left: 0:03:55
2025-01-23 11:42:50,335 - INFO - Trial: 41/100, Epoch: 3/10, Val loss: 0.0027, Elapsed time: 0:01:30, Estimated time left: 0:03:25
2025-01-23 11:43:19,714 - INFO - Trial: 41/100, Epoch: 4/10, Val loss: 0.0025, Elapsed time: 0:01:59, Estimated time left: 0:02:56
2025-01-23 11:43:49,103 - INFO - Trial: 41/100, Epoch: 5/10, Val loss: 0.0022, Elapsed time: 0:02:28, Estimated time left: 0:02:26
2025-01-23 11:44:18,535 - INFO - Trial: 41/100, Epoch: 6/10, Val loss: 0.0022, Elapsed time: 0:02:58, Estimated time left: 0:01:57
2025-01-23 11:44:48,203 - INFO - Trial: 41/100, Epoch: 7/10, Val loss: 0.0021, Elapsed time: 0:03:27, Estimated time left: 0:01:29
2025-01-23 11:45:17,622 - INFO - Trial: 41/100, Epoch: 8/10, Val loss: 0.0018, Elapsed time: 0:03:57, Estimated time left: 0:00:58
2025-01-23 11:45:47,078 - INFO - Trial: 41/100, Epoch: 9/10, Val loss: 0.0018, Elapsed time: 0:04:26, Estimated time left: 0:00:29
2025-01-23 11:46:16,487 - INFO - Trial: 41/100, Epoch: 10/10, Val loss: 0.0016, Elapsed time: 0:04:56, Estimated time left: 0:00:00
2025-01-23 11:46:16,489 - INFO - Trial 40 finished with value: 0.0016211001320781348 and parameters: {'hidden_layers': 6, 'n_units_l': 80, 'lr': 0.0006332426978397739, 'batch_size': 38}. Best is trial 14 with value: 0.0007135949661039349.
2025-01-23 11:46:16,496 - INFO - Elapsed time: 12806.31 seconds
2025-01-23 11:46:16,496 - INFO - Estimated time left: 0.00 seconds
2025-01-23 11:46:37,551 - INFO - Trial: 42/100, Epoch: 1/10, Val loss: 0.0168, Elapsed time: 0:00:21, Estimated time left: 0:03:09
2025-01-23 11:46:57,823 - INFO - Trial: 42/100, Epoch: 2/10, Val loss: 0.0026, Elapsed time: 0:00:41, Estimated time left: 0:02:42
2025-01-23 11:47:18,055 - INFO - Trial: 42/100, Epoch: 3/10, Val loss: 0.0021, Elapsed time: 0:01:01, Estimated time left: 0:02:21
2025-01-23 11:47:38,577 - INFO - Trial: 42/100, Epoch: 4/10, Val loss: 0.0017, Elapsed time: 0:01:22, Estimated time left: 0:02:03
2025-01-23 11:47:58,679 - INFO - Trial: 42/100, Epoch: 5/10, Val loss: 0.0014, Elapsed time: 0:01:42, Estimated time left: 0:01:40
2025-01-23 11:48:18,818 - INFO - Trial: 42/100, Epoch: 6/10, Val loss: 0.0012, Elapsed time: 0:02:02, Estimated time left: 0:01:20
2025-01-23 11:48:39,092 - INFO - Trial: 42/100, Epoch: 7/10, Val loss: 0.0010, Elapsed time: 0:02:22, Estimated time left: 0:01:00
2025-01-23 11:48:59,324 - INFO - Trial: 42/100, Epoch: 8/10, Val loss: 0.0009, Elapsed time: 0:02:42, Estimated time left: 0:00:40
2025-01-23 11:49:19,570 - INFO - Trial: 42/100, Epoch: 9/10, Val loss: 0.0011, Elapsed time: 0:03:03, Estimated time left: 0:00:20
2025-01-23 11:49:39,886 - INFO - Trial: 42/100, Epoch: 10/10, Val loss: 0.0008, Elapsed time: 0:03:23, Estimated time left: 0:00:00
2025-01-23 11:49:39,888 - INFO - Trial 41 finished with value: 0.0007928417099740671 and parameters: {'hidden_layers': 5, 'n_units_l': 255, 'lr': 0.0005234735269988327, 'batch_size': 62}. Best is trial 14 with value: 0.0007135949661039349.
2025-01-23 11:49:39,895 - INFO - Elapsed time: 13009.71 seconds
2025-01-23 11:49:39,896 - INFO - Estimated time left: 0.00 seconds
2025-01-23 11:50:16,885 - INFO - Trial: 43/100, Epoch: 1/10, Val loss: 0.0197, Elapsed time: 0:00:36, Estimated time left: 0:05:32
2025-01-23 11:50:51,265 - INFO - Trial: 43/100, Epoch: 2/10, Val loss: 0.0026, Elapsed time: 0:01:11, Estimated time left: 0:04:35
2025-01-23 11:51:25,393 - INFO - Trial: 43/100, Epoch: 3/10, Val loss: 0.0022, Elapsed time: 0:01:45, Estimated time left: 0:03:58
2025-01-23 11:51:59,461 - INFO - Trial: 43/100, Epoch: 4/10, Val loss: 0.0017, Elapsed time: 0:02:19, Estimated time left: 0:03:24
2025-01-23 11:52:33,822 - INFO - Trial: 43/100, Epoch: 5/10, Val loss: 0.0016, Elapsed time: 0:02:53, Estimated time left: 0:02:51
2025-01-23 11:53:08,097 - INFO - Trial: 43/100, Epoch: 6/10, Val loss: 0.0013, Elapsed time: 0:03:28, Estimated time left: 0:02:17
2025-01-23 11:53:42,497 - INFO - Trial: 43/100, Epoch: 7/10, Val loss: 0.0011, Elapsed time: 0:04:02, Estimated time left: 0:01:43
2025-01-23 11:54:16,864 - INFO - Trial: 43/100, Epoch: 8/10, Val loss: 0.0011, Elapsed time: 0:04:36, Estimated time left: 0:01:08
2025-01-23 11:54:51,134 - INFO - Trial: 43/100, Epoch: 9/10, Val loss: 0.0009, Elapsed time: 0:05:11, Estimated time left: 0:00:34
2025-01-23 11:55:25,523 - INFO - Trial: 43/100, Epoch: 10/10, Val loss: 0.0009, Elapsed time: 0:05:45, Estimated time left: 0:00:00
2025-01-23 11:55:25,526 - INFO - Trial 42 finished with value: 0.0009421496768854559 and parameters: {'hidden_layers': 5, 'n_units_l': 212, 'lr': 0.0005009709400978137, 'batch_size': 32}. Best is trial 14 with value: 0.0007135949661039349.
2025-01-23 11:55:25,533 - INFO - Elapsed time: 13355.35 seconds
2025-01-23 11:55:25,533 - INFO - Estimated time left: 0.00 seconds
2025-01-23 11:55:46,049 - INFO - Trial: 44/100, Epoch: 1/10, Val loss: 0.0156, Elapsed time: 0:00:20, Estimated time left: 0:03:04
2025-01-23 11:56:05,935 - INFO - Trial: 44/100, Epoch: 2/10, Val loss: 0.0027, Elapsed time: 0:00:40, Estimated time left: 0:02:39
2025-01-23 11:56:25,930 - INFO - Trial: 44/100, Epoch: 3/10, Val loss: 0.0023, Elapsed time: 0:01:00, Estimated time left: 0:02:19
2025-01-23 11:56:45,967 - INFO - Trial: 44/100, Epoch: 4/10, Val loss: 0.0020, Elapsed time: 0:01:20, Estimated time left: 0:02:00
2025-01-23 11:57:06,033 - INFO - Trial: 44/100, Epoch: 5/10, Val loss: 0.0018, Elapsed time: 0:01:40, Estimated time left: 0:01:40
2025-01-23 11:57:26,141 - INFO - Trial: 44/100, Epoch: 6/10, Val loss: 0.0018, Elapsed time: 0:02:00, Estimated time left: 0:01:20
2025-01-23 11:57:46,189 - INFO - Trial: 44/100, Epoch: 7/10, Val loss: 0.0014, Elapsed time: 0:02:20, Estimated time left: 0:01:00
2025-01-23 11:58:06,253 - INFO - Trial: 44/100, Epoch: 8/10, Val loss: 0.0011, Elapsed time: 0:02:40, Estimated time left: 0:00:40
2025-01-23 11:58:26,359 - INFO - Trial: 44/100, Epoch: 9/10, Val loss: 0.0009, Elapsed time: 0:03:00, Estimated time left: 0:00:20
2025-01-23 11:58:46,483 - INFO - Trial: 44/100, Epoch: 10/10, Val loss: 0.0008, Elapsed time: 0:03:20, Estimated time left: 0:00:00
2025-01-23 11:58:46,485 - INFO - Trial 43 finished with value: 0.0007588670698021525 and parameters: {'hidden_layers': 4, 'n_units_l': 239, 'lr': 0.00022999579974287846, 'batch_size': 58}. Best is trial 14 with value: 0.0007135949661039349.
2025-01-23 11:58:46,493 - INFO - Elapsed time: 13556.31 seconds
2025-01-23 11:58:46,493 - INFO - Estimated time left: 0.00 seconds
2025-01-23 11:59:05,859 - INFO - Trial: 45/100, Epoch: 1/10, Val loss: 0.0235, Elapsed time: 0:00:19, Estimated time left: 0:02:54
2025-01-23 11:59:24,843 - INFO - Trial: 45/100, Epoch: 2/10, Val loss: 0.0028, Elapsed time: 0:00:38, Estimated time left: 0:02:31
2025-01-23 11:59:43,780 - INFO - Trial: 45/100, Epoch: 3/10, Val loss: 0.0026, Elapsed time: 0:00:57, Estimated time left: 0:02:12
2025-01-23 12:00:02,733 - INFO - Trial: 45/100, Epoch: 4/10, Val loss: 0.0023, Elapsed time: 0:01:16, Estimated time left: 0:01:53
2025-01-23 12:00:21,707 - INFO - Trial: 45/100, Epoch: 5/10, Val loss: 0.0021, Elapsed time: 0:01:35, Estimated time left: 0:01:34
2025-01-23 12:00:40,717 - INFO - Trial: 45/100, Epoch: 6/10, Val loss: 0.0020, Elapsed time: 0:01:54, Estimated time left: 0:01:16
2025-01-23 12:00:59,693 - INFO - Trial: 45/100, Epoch: 7/10, Val loss: 0.0020, Elapsed time: 0:02:13, Estimated time left: 0:00:56
2025-01-23 12:01:18,631 - INFO - Trial: 45/100, Epoch: 8/10, Val loss: 0.0019, Elapsed time: 0:02:32, Estimated time left: 0:00:37
2025-01-23 12:01:37,626 - INFO - Trial: 45/100, Epoch: 9/10, Val loss: 0.0018, Elapsed time: 0:02:51, Estimated time left: 0:00:18
2025-01-23 12:01:56,614 - INFO - Trial: 45/100, Epoch: 10/10, Val loss: 0.0017, Elapsed time: 0:03:10, Estimated time left: 0:00:00
2025-01-23 12:01:56,617 - INFO - Trial 44 finished with value: 0.0017098749872881363 and parameters: {'hidden_layers': 4, 'n_units_l': 250, 'lr': 9.311165439017429e-05, 'batch_size': 62}. Best is trial 14 with value: 0.0007135949661039349.
2025-01-23 12:01:56,624 - INFO - Elapsed time: 13746.44 seconds
2025-01-23 12:01:56,625 - INFO - Estimated time left: 0.00 seconds
2025-01-23 12:02:16,207 - INFO - Trial: 46/100, Epoch: 1/10, Val loss: 0.0108, Elapsed time: 0:00:19, Estimated time left: 0:02:56
2025-01-23 12:02:34,293 - INFO - Trial: 46/100, Epoch: 2/10, Val loss: 0.0027, Elapsed time: 0:00:37, Estimated time left: 0:02:24
2025-01-23 12:02:52,573 - INFO - Trial: 46/100, Epoch: 3/10, Val loss: 0.0023, Elapsed time: 0:00:55, Estimated time left: 0:02:07
2025-01-23 12:03:10,594 - INFO - Trial: 46/100, Epoch: 4/10, Val loss: 0.0021, Elapsed time: 0:01:13, Estimated time left: 0:01:48
2025-01-23 12:03:28,613 - INFO - Trial: 46/100, Epoch: 5/10, Val loss: 0.0020, Elapsed time: 0:01:31, Estimated time left: 0:01:30
2025-01-23 12:03:46,657 - INFO - Trial: 46/100, Epoch: 6/10, Val loss: 0.0018, Elapsed time: 0:01:50, Estimated time left: 0:01:12
2025-01-23 12:04:04,874 - INFO - Trial: 46/100, Epoch: 7/10, Val loss: 0.0017, Elapsed time: 0:02:08, Estimated time left: 0:00:54
2025-01-23 12:04:22,996 - INFO - Trial: 46/100, Epoch: 8/10, Val loss: 0.0016, Elapsed time: 0:02:26, Estimated time left: 0:00:36
2025-01-23 12:04:41,126 - INFO - Trial: 46/100, Epoch: 9/10, Val loss: 0.0015, Elapsed time: 0:02:44, Estimated time left: 0:00:18
2025-01-23 12:04:59,304 - INFO - Trial: 46/100, Epoch: 10/10, Val loss: 0.0013, Elapsed time: 0:03:02, Estimated time left: 0:00:00
2025-01-23 12:04:59,306 - INFO - Trial 45 finished with value: 0.0013285522446810222 and parameters: {'hidden_layers': 3, 'n_units_l': 216, 'lr': 0.0002249624183404863, 'batch_size': 55}. Best is trial 14 with value: 0.0007135949661039349.
2025-01-23 12:04:59,314 - INFO - Elapsed time: 13929.13 seconds
2025-01-23 12:04:59,314 - INFO - Estimated time left: 0.00 seconds
2025-01-23 12:05:15,537 - INFO - Trial: 47/100, Epoch: 1/10, Val loss: 0.0175, Elapsed time: 0:00:16, Estimated time left: 0:02:25
2025-01-23 12:05:31,243 - INFO - Trial: 47/100, Epoch: 2/10, Val loss: 0.0028, Elapsed time: 0:00:31, Estimated time left: 0:02:05
2025-01-23 12:05:46,909 - INFO - Trial: 47/100, Epoch: 3/10, Val loss: 0.0024, Elapsed time: 0:00:47, Estimated time left: 0:01:49
2025-01-23 12:06:02,595 - INFO - Trial: 47/100, Epoch: 4/10, Val loss: 0.0020, Elapsed time: 0:01:03, Estimated time left: 0:01:34
2025-01-23 12:06:18,333 - INFO - Trial: 47/100, Epoch: 5/10, Val loss: 0.0017, Elapsed time: 0:01:18, Estimated time left: 0:01:18
2025-01-23 12:06:34,007 - INFO - Trial: 47/100, Epoch: 6/10, Val loss: 0.0015, Elapsed time: 0:01:34, Estimated time left: 0:01:02
2025-01-23 12:06:49,682 - INFO - Trial: 47/100, Epoch: 7/10, Val loss: 0.0014, Elapsed time: 0:01:50, Estimated time left: 0:00:47
2025-01-23 12:07:05,373 - INFO - Trial: 47/100, Epoch: 8/10, Val loss: 0.0012, Elapsed time: 0:02:06, Estimated time left: 0:00:31
2025-01-23 12:07:21,071 - INFO - Trial: 47/100, Epoch: 9/10, Val loss: 0.0012, Elapsed time: 0:02:21, Estimated time left: 0:00:15
2025-01-23 12:07:36,751 - INFO - Trial: 47/100, Epoch: 10/10, Val loss: 0.0011, Elapsed time: 0:02:37, Estimated time left: 0:00:00
2025-01-23 12:07:36,753 - INFO - Trial 46 finished with value: 0.0011180927679641675 and parameters: {'hidden_layers': 4, 'n_units_l': 134, 'lr': 0.0010172730897646171, 'batch_size': 72}. Best is trial 14 with value: 0.0007135949661039349.
2025-01-23 12:07:36,761 - INFO - Elapsed time: 14086.57 seconds
2025-01-23 12:07:36,761 - INFO - Estimated time left: 0.00 seconds
2025-01-23 12:07:51,791 - INFO - Trial: 48/100, Epoch: 1/10, Val loss: 0.0836, Elapsed time: 0:00:15, Estimated time left: 0:02:15
2025-01-23 12:08:06,203 - INFO - Trial: 48/100, Epoch: 2/10, Val loss: 0.0090, Elapsed time: 0:00:29, Estimated time left: 0:01:55
2025-01-23 12:08:20,609 - INFO - Trial: 48/100, Epoch: 3/10, Val loss: 0.0067, Elapsed time: 0:00:43, Estimated time left: 0:01:40
2025-01-23 12:08:34,999 - INFO - Trial: 48/100, Epoch: 4/10, Val loss: 0.0052, Elapsed time: 0:00:58, Estimated time left: 0:01:26
2025-01-23 12:08:49,401 - INFO - Trial: 48/100, Epoch: 5/10, Val loss: 0.0044, Elapsed time: 0:01:12, Estimated time left: 0:01:11
2025-01-23 12:09:03,878 - INFO - Trial: 48/100, Epoch: 6/10, Val loss: 0.0040, Elapsed time: 0:01:27, Estimated time left: 0:00:57
2025-01-23 12:09:18,270 - INFO - Trial: 48/100, Epoch: 7/10, Val loss: 0.0039, Elapsed time: 0:01:41, Estimated time left: 0:00:43
2025-01-23 12:09:32,637 - INFO - Trial: 48/100, Epoch: 8/10, Val loss: 0.0039, Elapsed time: 0:01:55, Estimated time left: 0:00:28
2025-01-23 12:09:47,052 - INFO - Trial: 48/100, Epoch: 9/10, Val loss: 0.0036, Elapsed time: 0:02:10, Estimated time left: 0:00:14
2025-01-23 12:10:01,465 - INFO - Trial: 48/100, Epoch: 10/10, Val loss: 0.0036, Elapsed time: 0:02:24, Estimated time left: 0:00:00
2025-01-23 12:10:01,467 - INFO - Trial 47 finished with value: 0.0035915811295308396 and parameters: {'hidden_layers': 6, 'n_units_l': 17, 'lr': 0.0003008108106086743, 'batch_size': 91}. Best is trial 14 with value: 0.0007135949661039349.
2025-01-23 12:10:01,475 - INFO - Elapsed time: 14231.29 seconds
2025-01-23 12:10:01,476 - INFO - Estimated time left: 0.00 seconds
2025-01-23 12:10:09,556 - INFO - Trial: 49/100, Epoch: 1/10, Val loss: 0.0126, Elapsed time: 0:00:08, Estimated time left: 0:01:12
2025-01-23 12:10:18,028 - INFO - Trial: 49/100, Epoch: 2/10, Val loss: 0.0037, Elapsed time: 0:00:16, Estimated time left: 0:01:07
2025-01-23 12:10:26,571 - INFO - Trial: 49/100, Epoch: 3/10, Val loss: 0.0033, Elapsed time: 0:00:25, Estimated time left: 0:00:59
2025-01-23 12:10:35,072 - INFO - Trial: 49/100, Epoch: 4/10, Val loss: 0.0031, Elapsed time: 0:00:33, Estimated time left: 0:00:51
2025-01-23 12:10:43,537 - INFO - Trial: 49/100, Epoch: 5/10, Val loss: 0.0029, Elapsed time: 0:00:42, Estimated time left: 0:00:42
2025-01-23 12:10:52,028 - INFO - Trial: 49/100, Epoch: 6/10, Val loss: 0.0027, Elapsed time: 0:00:50, Estimated time left: 0:00:33
2025-01-23 12:11:00,541 - INFO - Trial: 49/100, Epoch: 7/10, Val loss: 0.0025, Elapsed time: 0:00:59, Estimated time left: 0:00:25
2025-01-23 12:11:09,005 - INFO - Trial: 49/100, Epoch: 8/10, Val loss: 0.0024, Elapsed time: 0:01:07, Estimated time left: 0:00:16
2025-01-23 12:11:17,447 - INFO - Trial: 49/100, Epoch: 9/10, Val loss: 0.0024, Elapsed time: 0:01:15, Estimated time left: 0:00:08
2025-01-23 12:11:25,912 - INFO - Trial: 49/100, Epoch: 10/10, Val loss: 0.0024, Elapsed time: 0:01:24, Estimated time left: 0:00:00
2025-01-23 12:11:25,914 - INFO - Trial 48 finished with value: 0.002372816653539564 and parameters: {'hidden_layers': 2, 'n_units_l': 252, 'lr': 0.00013773771691484924, 'batch_size': 194}. Best is trial 14 with value: 0.0007135949661039349.
2025-01-23 12:11:25,922 - INFO - Elapsed time: 14315.73 seconds
2025-01-23 12:11:25,923 - INFO - Estimated time left: 0.00 seconds
2025-01-23 12:11:57,349 - INFO - Trial: 50/100, Epoch: 1/10, Val loss: 0.0311, Elapsed time: 0:00:31, Estimated time left: 0:04:42
2025-01-23 12:12:25,932 - INFO - Trial: 50/100, Epoch: 2/10, Val loss: 0.0035, Elapsed time: 0:00:59, Estimated time left: 0:03:48
2025-01-23 12:12:54,368 - INFO - Trial: 50/100, Epoch: 3/10, Val loss: 0.0035, Elapsed time: 0:01:28, Estimated time left: 0:03:19
2025-01-23 12:13:22,856 - INFO - Trial: 50/100, Epoch: 4/10, Val loss: 0.0029, Elapsed time: 0:01:56, Estimated time left: 0:02:50
2025-01-23 12:13:51,403 - INFO - Trial: 50/100, Epoch: 5/10, Val loss: 0.0027, Elapsed time: 0:02:25, Estimated time left: 0:02:22
2025-01-23 12:14:20,022 - INFO - Trial: 50/100, Epoch: 6/10, Val loss: 0.0024, Elapsed time: 0:02:54, Estimated time left: 0:01:54
2025-01-23 12:14:48,587 - INFO - Trial: 50/100, Epoch: 7/10, Val loss: 0.0027, Elapsed time: 0:03:22, Estimated time left: 0:01:25
2025-01-23 12:15:17,177 - INFO - Trial: 50/100, Epoch: 8/10, Val loss: 0.0026, Elapsed time: 0:03:51, Estimated time left: 0:00:57
2025-01-23 12:15:45,919 - INFO - Trial: 50/100, Epoch: 9/10, Val loss: 0.0023, Elapsed time: 0:04:19, Estimated time left: 0:00:28
2025-01-23 12:16:14,478 - INFO - Trial: 50/100, Epoch: 10/10, Val loss: 0.0024, Elapsed time: 0:04:48, Estimated time left: 0:00:00
2025-01-23 12:16:14,481 - INFO - Trial 49 finished with value: 0.002419739591324345 and parameters: {'hidden_layers': 5, 'n_units_l': 163, 'lr': 0.005021361409277616, 'batch_size': 38}. Best is trial 14 with value: 0.0007135949661039349.
2025-01-23 12:16:14,489 - INFO - Elapsed time: 14604.30 seconds
2025-01-23 12:16:14,489 - INFO - Estimated time left: 0.00 seconds
2025-01-23 12:16:31,154 - INFO - Trial: 51/100, Epoch: 1/10, Val loss: 0.0261, Elapsed time: 0:00:16, Estimated time left: 0:02:29
2025-01-23 12:16:46,538 - INFO - Trial: 51/100, Epoch: 2/10, Val loss: 0.0043, Elapsed time: 0:00:32, Estimated time left: 0:02:03
2025-01-23 12:17:01,921 - INFO - Trial: 51/100, Epoch: 3/10, Val loss: 0.0035, Elapsed time: 0:00:47, Estimated time left: 0:01:47
2025-01-23 12:17:17,297 - INFO - Trial: 51/100, Epoch: 4/10, Val loss: 0.0031, Elapsed time: 0:01:02, Estimated time left: 0:01:32
2025-01-23 12:17:32,726 - INFO - Trial: 51/100, Epoch: 5/10, Val loss: 0.0029, Elapsed time: 0:01:18, Estimated time left: 0:01:17
2025-01-23 12:17:48,727 - INFO - Trial: 51/100, Epoch: 6/10, Val loss: 0.0027, Elapsed time: 0:01:34, Estimated time left: 0:01:04
2025-01-23 12:18:04,070 - INFO - Trial: 51/100, Epoch: 7/10, Val loss: 0.0026, Elapsed time: 0:01:49, Estimated time left: 0:00:46
2025-01-23 12:18:19,439 - INFO - Trial: 51/100, Epoch: 8/10, Val loss: 0.0025, Elapsed time: 0:02:04, Estimated time left: 0:00:30
2025-01-23 12:18:35,100 - INFO - Trial: 51/100, Epoch: 9/10, Val loss: 0.0025, Elapsed time: 0:02:20, Estimated time left: 0:00:15
2025-01-23 12:18:50,504 - INFO - Trial: 51/100, Epoch: 10/10, Val loss: 0.0024, Elapsed time: 0:02:35, Estimated time left: 0:00:00
2025-01-23 12:18:50,506 - INFO - Trial 50 finished with value: 0.0024045120936403283 and parameters: {'hidden_layers': 3, 'n_units_l': 97, 'lr': 8.05155478076109e-05, 'batch_size': 62}. Best is trial 14 with value: 0.0007135949661039349.
2025-01-23 12:18:50,515 - INFO - Elapsed time: 14760.33 seconds
2025-01-23 12:18:50,515 - INFO - Estimated time left: 0.00 seconds
2025-01-23 12:19:34,140 - INFO - Trial: 52/100, Epoch: 1/10, Val loss: 0.0254, Elapsed time: 0:00:43, Estimated time left: 0:06:32
2025-01-23 12:20:14,191 - INFO - Trial: 52/100, Epoch: 2/10, Val loss: 0.0027, Elapsed time: 0:01:23, Estimated time left: 0:05:20
2025-01-23 12:20:54,075 - INFO - Trial: 52/100, Epoch: 3/10, Val loss: 0.0022, Elapsed time: 0:02:03, Estimated time left: 0:04:39
2025-01-23 12:21:34,010 - INFO - Trial: 52/100, Epoch: 4/10, Val loss: 0.0018, Elapsed time: 0:02:43, Estimated time left: 0:03:59
2025-01-23 12:22:14,081 - INFO - Trial: 52/100, Epoch: 5/10, Val loss: 0.0014, Elapsed time: 0:03:23, Estimated time left: 0:03:20
2025-01-23 12:22:54,076 - INFO - Trial: 52/100, Epoch: 6/10, Val loss: 0.0013, Elapsed time: 0:04:03, Estimated time left: 0:02:39
2025-01-23 12:23:34,048 - INFO - Trial: 52/100, Epoch: 7/10, Val loss: 0.0011, Elapsed time: 0:04:43, Estimated time left: 0:01:59
2025-01-23 12:24:14,090 - INFO - Trial: 52/100, Epoch: 8/10, Val loss: 0.0011, Elapsed time: 0:05:23, Estimated time left: 0:01:20
2025-01-23 12:24:54,201 - INFO - Trial: 52/100, Epoch: 9/10, Val loss: 0.0010, Elapsed time: 0:06:03, Estimated time left: 0:00:40
2025-01-23 12:25:34,254 - INFO - Trial: 52/100, Epoch: 10/10, Val loss: 0.0009, Elapsed time: 0:06:43, Estimated time left: 0:00:00
