2025-01-29 18:53:53,433 - INFO - Trial 98 finished with value: 0.001619974359935842 and parameters: {'hidden_layers': 4, 'n_units_l': 175, 'lr': 0.00018954058681819249, 'batch_size': 120}. Best is trial 91 with value: 0.0004779661104053623.
2025-01-29 18:53:53,437 - INFO - Elapsed time: 26203.57 seconds
2025-01-29 18:53:53,437 - INFO - Estimated time left: 0.00 seconds
2025-01-29 18:54:07,159 - INFO - Trial: 100/100, Epoch: 1/15, Val loss: 0.0100, Elapsed time: 0:00:13, Estimated time left: 0:03:11
2025-01-29 18:54:20,010 - INFO - Trial: 100/100, Epoch: 2/15, Val loss: 0.0028, Elapsed time: 0:00:26, Estimated time left: 0:02:47
2025-01-29 18:54:32,787 - INFO - Trial: 100/100, Epoch: 3/15, Val loss: 0.0024, Elapsed time: 0:00:39, Estimated time left: 0:02:33
2025-01-29 18:54:45,732 - INFO - Trial: 100/100, Epoch: 4/15, Val loss: 0.0021, Elapsed time: 0:00:52, Estimated time left: 0:02:22
2025-01-29 18:54:58,579 - INFO - Trial: 100/100, Epoch: 5/15, Val loss: 0.0019, Elapsed time: 0:01:05, Estimated time left: 0:02:08
2025-01-29 18:55:11,428 - INFO - Trial: 100/100, Epoch: 6/15, Val loss: 0.0019, Elapsed time: 0:01:17, Estimated time left: 0:01:55
2025-01-29 18:55:24,304 - INFO - Trial: 100/100, Epoch: 7/15, Val loss: 0.0018, Elapsed time: 0:01:30, Estimated time left: 0:01:43
2025-01-29 18:55:36,880 - INFO - Trial: 100/100, Epoch: 8/15, Val loss: 0.0016, Elapsed time: 0:01:43, Estimated time left: 0:01:28
2025-01-29 18:55:49,754 - INFO - Trial: 100/100, Epoch: 9/15, Val loss: 0.0014, Elapsed time: 0:01:56, Estimated time left: 0:01:17
2025-01-29 18:56:02,620 - INFO - Trial: 100/100, Epoch: 10/15, Val loss: 0.0013, Elapsed time: 0:02:09, Estimated time left: 0:01:04
2025-01-29 18:56:15,443 - INFO - Trial: 100/100, Epoch: 11/15, Val loss: 0.0013, Elapsed time: 0:02:21, Estimated time left: 0:00:51
2025-01-29 18:56:28,375 - INFO - Trial: 100/100, Epoch: 12/15, Val loss: 0.0011, Elapsed time: 0:02:34, Estimated time left: 0:00:38
2025-01-29 18:56:41,387 - INFO - Trial: 100/100, Epoch: 13/15, Val loss: 0.0010, Elapsed time: 0:02:47, Estimated time left: 0:00:26
2025-01-29 18:56:54,269 - INFO - Trial: 100/100, Epoch: 14/15, Val loss: 0.0010, Elapsed time: 0:03:00, Estimated time left: 0:00:12
2025-01-29 18:57:07,186 - INFO - Trial: 100/100, Epoch: 15/15, Val loss: 0.0009, Elapsed time: 0:03:13, Estimated time left: 0:00:00
2025-01-29 18:57:07,187 - INFO - Trial 99 finished with value: 0.0009316520763445554 and parameters: {'hidden_layers': 3, 'n_units_l': 230, 'lr': 0.00036044386975681155, 'batch_size': 103}. Best is trial 91 with value: 0.0004779661104053623.
2025-01-29 18:57:07,191 - INFO - Elapsed time: 26397.33 seconds
2025-01-29 18:57:07,191 - INFO - Estimated time left: 0.00 seconds
2025-01-29 18:57:07,192 - INFO - Total optimization time: 26397.33 seconds
2025-01-29 18:57:07,192 - INFO - Best trial:
2025-01-29 18:57:07,192 - INFO -   Value: 0.0004779661104053623
2025-01-29 18:57:07,192 - INFO -   Params:
2025-01-29 18:57:07,193 - INFO -     hidden_layers: 4
2025-01-29 18:57:07,193 - INFO -     n_units_l: 229
2025-01-29 18:57:07,193 - INFO -     lr: 0.0003797722861024129
2025-01-29 18:57:07,193 - INFO -     batch_size: 115
2025-01-29 18:57:07,193 - INFO - Best trial number: 91
