2025-01-23 13:14:44,838 - INFO - Trial 64 finished with value: 0.0009307353088094381 and parameters: {'hidden_layers': 4, 'n_units_l': 194, 'lr': 0.0004067009255845224, 'batch_size': 46}. Best is trial 54 with value: 0.0005633131703157664.
2025-01-23 13:14:44,849 - INFO - Elapsed time: 18114.66 seconds
2025-01-23 13:14:44,849 - INFO - Estimated time left: 0.00 seconds
2025-01-23 13:15:00,930 - INFO - Trial: 66/100, Epoch: 1/10, Val loss: 0.0148, Elapsed time: 0:00:16, Estimated time left: 0:02:24
2025-01-23 13:15:16,654 - INFO - Trial: 66/100, Epoch: 2/10, Val loss: 0.0025, Elapsed time: 0:00:31, Estimated time left: 0:02:05
2025-01-23 13:15:32,407 - INFO - Trial: 66/100, Epoch: 3/10, Val loss: 0.0024, Elapsed time: 0:00:47, Estimated time left: 0:01:50
2025-01-23 13:15:48,100 - INFO - Trial: 66/100, Epoch: 4/10, Val loss: 0.0020, Elapsed time: 0:01:03, Estimated time left: 0:01:34
2025-01-23 13:16:03,853 - INFO - Trial: 66/100, Epoch: 5/10, Val loss: 0.0018, Elapsed time: 0:01:18, Estimated time left: 0:01:18
2025-01-23 13:16:19,575 - INFO - Trial: 66/100, Epoch: 6/10, Val loss: 0.0015, Elapsed time: 0:01:34, Estimated time left: 0:01:02
2025-01-23 13:16:35,272 - INFO - Trial: 66/100, Epoch: 7/10, Val loss: 0.0011, Elapsed time: 0:01:50, Estimated time left: 0:00:47
2025-01-23 13:16:51,023 - INFO - Trial: 66/100, Epoch: 8/10, Val loss: 0.0009, Elapsed time: 0:02:06, Estimated time left: 0:00:31
2025-01-23 13:17:06,717 - INFO - Trial: 66/100, Epoch: 9/10, Val loss: 0.0007, Elapsed time: 0:02:21, Estimated time left: 0:00:15
2025-01-23 13:17:22,446 - INFO - Trial: 66/100, Epoch: 10/10, Val loss: 0.0008, Elapsed time: 0:02:37, Estimated time left: 0:00:00
2025-01-23 13:17:22,448 - INFO - Trial 65 finished with value: 0.0007778383222874254 and parameters: {'hidden_layers': 4, 'n_units_l': 256, 'lr': 0.0003382904855706283, 'batch_size': 80}. Best is trial 54 with value: 0.0005633131703157664.
2025-01-23 13:17:22,459 - INFO - Elapsed time: 18272.27 seconds
2025-01-23 13:17:22,459 - INFO - Estimated time left: 0.00 seconds
2025-01-23 13:17:34,811 - INFO - Trial: 67/100, Epoch: 1/10, Val loss: 0.0187, Elapsed time: 0:00:12, Estimated time left: 0:01:50
2025-01-23 13:17:46,872 - INFO - Trial: 67/100, Epoch: 2/10, Val loss: 0.0030, Elapsed time: 0:00:24, Estimated time left: 0:01:36
2025-01-23 13:17:59,278 - INFO - Trial: 67/100, Epoch: 3/10, Val loss: 0.0025, Elapsed time: 0:00:36, Estimated time left: 0:01:26
2025-01-23 13:18:11,307 - INFO - Trial: 67/100, Epoch: 4/10, Val loss: 0.0023, Elapsed time: 0:00:48, Estimated time left: 0:01:12
2025-01-23 13:18:23,309 - INFO - Trial: 67/100, Epoch: 5/10, Val loss: 0.0021, Elapsed time: 0:01:00, Estimated time left: 0:01:00
2025-01-23 13:18:35,514 - INFO - Trial: 67/100, Epoch: 6/10, Val loss: 0.0020, Elapsed time: 0:01:13, Estimated time left: 0:00:48
2025-01-23 13:18:47,607 - INFO - Trial: 67/100, Epoch: 7/10, Val loss: 0.0018, Elapsed time: 0:01:25, Estimated time left: 0:00:36
2025-01-23 13:18:59,679 - INFO - Trial: 67/100, Epoch: 8/10, Val loss: 0.0019, Elapsed time: 0:01:37, Estimated time left: 0:00:24
2025-01-23 13:19:11,739 - INFO - Trial: 67/100, Epoch: 9/10, Val loss: 0.0016, Elapsed time: 0:01:49, Estimated time left: 0:00:12
2025-01-23 13:19:23,783 - INFO - Trial: 67/100, Epoch: 10/10, Val loss: 0.0016, Elapsed time: 0:02:01, Estimated time left: 0:00:00
2025-01-23 13:19:23,785 - INFO - Trial 66 finished with value: 0.0015801539553470074 and parameters: {'hidden_layers': 4, 'n_units_l': 146, 'lr': 0.0003100628224396919, 'batch_size': 105}. Best is trial 54 with value: 0.0005633131703157664.
2025-01-23 13:19:23,796 - INFO - Elapsed time: 18393.61 seconds
2025-01-23 13:19:23,796 - INFO - Estimated time left: 0.00 seconds
2025-01-23 13:19:40,031 - INFO - Trial: 68/100, Epoch: 1/10, Val loss: 0.0189, Elapsed time: 0:00:16, Estimated time left: 0:02:25
2025-01-23 13:19:55,897 - INFO - Trial: 68/100, Epoch: 2/10, Val loss: 0.0028, Elapsed time: 0:00:32, Estimated time left: 0:02:06
2025-01-23 13:20:11,780 - INFO - Trial: 68/100, Epoch: 3/10, Val loss: 0.0025, Elapsed time: 0:00:47, Estimated time left: 0:01:51
2025-01-23 13:20:27,610 - INFO - Trial: 68/100, Epoch: 4/10, Val loss: 0.0023, Elapsed time: 0:01:03, Estimated time left: 0:01:34
2025-01-23 13:20:43,487 - INFO - Trial: 68/100, Epoch: 5/10, Val loss: 0.0021, Elapsed time: 0:01:19, Estimated time left: 0:01:19
2025-01-23 13:20:59,364 - INFO - Trial: 68/100, Epoch: 6/10, Val loss: 0.0019, Elapsed time: 0:01:35, Estimated time left: 0:01:03
2025-01-23 13:21:15,195 - INFO - Trial: 68/100, Epoch: 7/10, Val loss: 0.0018, Elapsed time: 0:01:51, Estimated time left: 0:00:47
2025-01-23 13:21:31,085 - INFO - Trial: 68/100, Epoch: 8/10, Val loss: 0.0018, Elapsed time: 0:02:07, Estimated time left: 0:00:31
2025-01-23 13:21:46,949 - INFO - Trial: 68/100, Epoch: 9/10, Val loss: 0.0015, Elapsed time: 0:02:23, Estimated time left: 0:00:15
2025-01-23 13:22:02,786 - INFO - Trial: 68/100, Epoch: 10/10, Val loss: 0.0013, Elapsed time: 0:02:38, Estimated time left: 0:00:00
2025-01-23 13:22:02,789 - INFO - Trial 67 finished with value: 0.0013151924887676422 and parameters: {'hidden_layers': 4, 'n_units_l': 231, 'lr': 0.00019762068525312095, 'batch_size': 78}. Best is trial 54 with value: 0.0005633131703157664.
2025-01-23 13:22:02,800 - INFO - Elapsed time: 18552.61 seconds
2025-01-23 13:22:02,800 - INFO - Estimated time left: 0.00 seconds
2025-01-23 13:22:13,853 - INFO - Trial: 69/100, Epoch: 1/10, Val loss: 0.0675, Elapsed time: 0:00:11, Estimated time left: 0:01:39
2025-01-23 13:22:24,359 - INFO - Trial: 69/100, Epoch: 2/10, Val loss: 0.0071, Elapsed time: 0:00:21, Estimated time left: 0:01:24
2025-01-23 13:22:34,878 - INFO - Trial: 69/100, Epoch: 3/10, Val loss: 0.0073, Elapsed time: 0:00:32, Estimated time left: 0:01:13
2025-01-23 13:22:45,389 - INFO - Trial: 69/100, Epoch: 4/10, Val loss: 0.0270, Elapsed time: 0:00:42, Estimated time left: 0:01:03
2025-01-23 13:22:55,901 - INFO - Trial: 69/100, Epoch: 5/10, Val loss: 0.0295, Elapsed time: 0:00:53, Estimated time left: 0:00:52
2025-01-23 13:23:06,392 - INFO - Trial: 69/100, Epoch: 6/10, Val loss: 0.0282, Elapsed time: 0:01:03, Estimated time left: 0:00:41
2025-01-23 13:23:16,875 - INFO - Trial: 69/100, Epoch: 7/10, Val loss: 0.0269, Elapsed time: 0:01:14, Estimated time left: 0:00:31
2025-01-23 13:23:27,308 - INFO - Trial: 69/100, Epoch: 8/10, Val loss: 0.0269, Elapsed time: 0:01:24, Estimated time left: 0:00:20
2025-01-23 13:23:37,737 - INFO - Trial: 69/100, Epoch: 9/10, Val loss: 0.0267, Elapsed time: 0:01:34, Estimated time left: 0:00:10
2025-01-23 13:23:48,205 - INFO - Trial: 69/100, Epoch: 10/10, Val loss: 0.0264, Elapsed time: 0:01:45, Estimated time left: 0:00:00
2025-01-23 13:23:48,207 - INFO - Trial 68 finished with value: 0.026386669344145817 and parameters: {'hidden_layers': 2, 'n_units_l': 190, 'lr': 0.08073539450070646, 'batch_size': 119}. Best is trial 54 with value: 0.0005633131703157664.
2025-01-23 13:23:48,218 - INFO - Elapsed time: 18658.03 seconds
2025-01-23 13:23:48,218 - INFO - Estimated time left: 0.00 seconds
2025-01-23 13:24:11,548 - INFO - Trial: 70/100, Epoch: 1/10, Val loss: 0.0212, Elapsed time: 0:00:23, Estimated time left: 0:03:29
2025-01-23 13:24:33,368 - INFO - Trial: 70/100, Epoch: 2/10, Val loss: 0.0039, Elapsed time: 0:00:45, Estimated time left: 0:02:54
2025-01-23 13:24:55,149 - INFO - Trial: 70/100, Epoch: 3/10, Val loss: 0.0033, Elapsed time: 0:01:06, Estimated time left: 0:02:32
2025-01-23 13:25:16,980 - INFO - Trial: 70/100, Epoch: 4/10, Val loss: 0.0030, Elapsed time: 0:01:28, Estimated time left: 0:02:10
2025-01-23 13:25:38,909 - INFO - Trial: 70/100, Epoch: 5/10, Val loss: 0.0028, Elapsed time: 0:01:50, Estimated time left: 0:01:49
2025-01-23 13:26:00,695 - INFO - Trial: 70/100, Epoch: 6/10, Val loss: 0.0026, Elapsed time: 0:02:12, Estimated time left: 0:01:27
2025-01-23 13:26:22,608 - INFO - Trial: 70/100, Epoch: 7/10, Val loss: 0.0025, Elapsed time: 0:02:34, Estimated time left: 0:01:05
2025-01-23 13:26:44,397 - INFO - Trial: 70/100, Epoch: 8/10, Val loss: 0.0026, Elapsed time: 0:02:56, Estimated time left: 0:00:43
2025-01-23 13:27:06,156 - INFO - Trial: 70/100, Epoch: 9/10, Val loss: 0.0024, Elapsed time: 0:03:17, Estimated time left: 0:00:21
2025-01-23 13:27:27,910 - INFO - Trial: 70/100, Epoch: 10/10, Val loss: 0.0024, Elapsed time: 0:03:39, Estimated time left: 0:00:00
2025-01-23 13:27:27,912 - INFO - Trial 69 finished with value: 0.002405600816127844 and parameters: {'hidden_layers': 3, 'n_units_l': 60, 'lr': 0.0001230195620625673, 'batch_size': 40}. Best is trial 54 with value: 0.0005633131703157664.
2025-01-23 13:27:27,924 - INFO - Elapsed time: 18877.73 seconds
2025-01-23 13:27:27,924 - INFO - Estimated time left: 0.00 seconds
2025-01-23 13:27:49,141 - INFO - Trial: 71/100, Epoch: 1/10, Val loss: 0.0661, Elapsed time: 0:00:21, Estimated time left: 0:03:10
2025-01-23 13:28:09,487 - INFO - Trial: 71/100, Epoch: 2/10, Val loss: 0.0049, Elapsed time: 0:00:41, Estimated time left: 0:02:42
2025-01-23 13:28:29,811 - INFO - Trial: 71/100, Epoch: 3/10, Val loss: 0.0038, Elapsed time: 0:01:01, Estimated time left: 0:02:22
2025-01-23 13:28:50,071 - INFO - Trial: 71/100, Epoch: 4/10, Val loss: 0.0035, Elapsed time: 0:01:22, Estimated time left: 0:02:01
2025-01-23 13:29:10,382 - INFO - Trial: 71/100, Epoch: 5/10, Val loss: 0.0033, Elapsed time: 0:01:42, Estimated time left: 0:01:41
2025-01-23 13:29:30,727 - INFO - Trial: 71/100, Epoch: 6/10, Val loss: 0.0031, Elapsed time: 0:02:02, Estimated time left: 0:01:21
2025-01-23 13:29:51,033 - INFO - Trial: 71/100, Epoch: 7/10, Val loss: 0.0030, Elapsed time: 0:02:23, Estimated time left: 0:01:00
2025-01-23 13:30:11,452 - INFO - Trial: 71/100, Epoch: 8/10, Val loss: 0.0029, Elapsed time: 0:02:43, Estimated time left: 0:00:40
2025-01-23 13:30:31,837 - INFO - Trial: 71/100, Epoch: 9/10, Val loss: 0.0028, Elapsed time: 0:03:03, Estimated time left: 0:00:20
2025-01-23 13:30:52,225 - INFO - Trial: 71/100, Epoch: 10/10, Val loss: 0.0027, Elapsed time: 0:03:24, Estimated time left: 0:00:00
2025-01-23 13:30:52,227 - INFO - Trial 70 finished with value: 0.002716023793842022 and parameters: {'hidden_layers': 4, 'n_units_l': 124, 'lr': 2.9397480304667454e-05, 'batch_size': 51}. Best is trial 54 with value: 0.0005633131703157664.
2025-01-23 13:30:52,239 - INFO - Elapsed time: 19082.05 seconds
2025-01-23 13:30:52,239 - INFO - Estimated time left: 0.00 seconds
2025-01-23 13:31:13,853 - INFO - Trial: 72/100, Epoch: 1/10, Val loss: 0.0190, Elapsed time: 0:00:21, Estimated time left: 0:03:14
2025-01-23 13:31:34,731 - INFO - Trial: 72/100, Epoch: 2/10, Val loss: 0.0027, Elapsed time: 0:00:42, Estimated time left: 0:02:47
2025-01-23 13:31:55,611 - INFO - Trial: 72/100, Epoch: 3/10, Val loss: 0.0023, Elapsed time: 0:01:03, Estimated time left: 0:02:26
2025-01-23 13:32:16,398 - INFO - Trial: 72/100, Epoch: 4/10, Val loss: 0.0020, Elapsed time: 0:01:24, Estimated time left: 0:02:04
2025-01-23 13:32:37,160 - INFO - Trial: 72/100, Epoch: 5/10, Val loss: 0.0015, Elapsed time: 0:01:44, Estimated time left: 0:01:43
2025-01-23 13:32:58,282 - INFO - Trial: 72/100, Epoch: 6/10, Val loss: 0.0011, Elapsed time: 0:02:06, Estimated time left: 0:01:24
2025-01-23 13:33:19,045 - INFO - Trial: 72/100, Epoch: 7/10, Val loss: 0.0009, Elapsed time: 0:02:26, Estimated time left: 0:01:02
2025-01-23 13:33:39,854 - INFO - Trial: 72/100, Epoch: 8/10, Val loss: 0.0008, Elapsed time: 0:02:47, Estimated time left: 0:00:41
2025-01-23 13:34:00,774 - INFO - Trial: 72/100, Epoch: 9/10, Val loss: 0.0006, Elapsed time: 0:03:08, Estimated time left: 0:00:20
2025-01-23 13:34:21,711 - INFO - Trial: 72/100, Epoch: 10/10, Val loss: 0.0006, Elapsed time: 0:03:29, Estimated time left: 0:00:00
2025-01-23 13:34:21,714 - INFO - Trial 71 finished with value: 0.0005926653541553118 and parameters: {'hidden_layers': 5, 'n_units_l': 252, 'lr': 0.00034406201459339774, 'batch_size': 59}. Best is trial 54 with value: 0.0005633131703157664.
2025-01-23 13:34:21,726 - INFO - Elapsed time: 19291.53 seconds
2025-01-23 13:34:21,726 - INFO - Estimated time left: 0.00 seconds
2025-01-23 13:34:42,276 - INFO - Trial: 73/100, Epoch: 1/10, Val loss: 0.0148, Elapsed time: 0:00:20, Estimated time left: 0:03:04
2025-01-23 13:35:02,458 - INFO - Trial: 73/100, Epoch: 2/10, Val loss: 0.0026, Elapsed time: 0:00:40, Estimated time left: 0:02:41
2025-01-23 13:35:22,504 - INFO - Trial: 73/100, Epoch: 3/10, Val loss: 0.0023, Elapsed time: 0:01:00, Estimated time left: 0:02:20
2025-01-23 13:35:42,628 - INFO - Trial: 73/100, Epoch: 4/10, Val loss: 0.0019, Elapsed time: 0:01:20, Estimated time left: 0:02:00
2025-01-23 13:36:02,681 - INFO - Trial: 73/100, Epoch: 5/10, Val loss: 0.0017, Elapsed time: 0:01:40, Estimated time left: 0:01:40
2025-01-23 13:36:22,749 - INFO - Trial: 73/100, Epoch: 6/10, Val loss: 0.0015, Elapsed time: 0:02:00, Estimated time left: 0:01:20
2025-01-23 13:36:43,037 - INFO - Trial: 73/100, Epoch: 7/10, Val loss: 0.0012, Elapsed time: 0:02:21, Estimated time left: 0:01:00
2025-01-23 13:37:03,344 - INFO - Trial: 73/100, Epoch: 8/10, Val loss: 0.0010, Elapsed time: 0:02:41, Estimated time left: 0:00:40
2025-01-23 13:37:23,765 - INFO - Trial: 73/100, Epoch: 9/10, Val loss: 0.0010, Elapsed time: 0:03:02, Estimated time left: 0:00:20
2025-01-23 13:37:44,127 - INFO - Trial: 73/100, Epoch: 10/10, Val loss: 0.0009, Elapsed time: 0:03:22, Estimated time left: 0:00:00
2025-01-23 13:37:44,129 - INFO - Trial 72 finished with value: 0.0008778848293730044 and parameters: {'hidden_layers': 4, 'n_units_l': 231, 'lr': 0.0003508470606677082, 'batch_size': 58}. Best is trial 54 with value: 0.0005633131703157664.
2025-01-23 13:37:44,141 - INFO - Elapsed time: 19493.95 seconds
2025-01-23 13:37:44,141 - INFO - Estimated time left: 0.00 seconds
2025-01-23 13:38:01,361 - INFO - Trial: 74/100, Epoch: 1/10, Val loss: 0.0255, Elapsed time: 0:00:17, Estimated time left: 0:02:34
2025-01-23 13:38:17,941 - INFO - Trial: 74/100, Epoch: 2/10, Val loss: 0.0029, Elapsed time: 0:00:33, Estimated time left: 0:02:12
2025-01-23 13:38:34,540 - INFO - Trial: 74/100, Epoch: 3/10, Val loss: 0.0023, Elapsed time: 0:00:50, Estimated time left: 0:01:56
2025-01-23 13:38:51,060 - INFO - Trial: 74/100, Epoch: 4/10, Val loss: 0.0018, Elapsed time: 0:01:06, Estimated time left: 0:01:39
2025-01-23 13:39:07,611 - INFO - Trial: 74/100, Epoch: 5/10, Val loss: 0.0016, Elapsed time: 0:01:23, Estimated time left: 0:01:22
2025-01-23 13:39:24,147 - INFO - Trial: 74/100, Epoch: 6/10, Val loss: 0.0014, Elapsed time: 0:01:39, Estimated time left: 0:01:06
2025-01-23 13:39:40,701 - INFO - Trial: 74/100, Epoch: 7/10, Val loss: 0.0012, Elapsed time: 0:01:56, Estimated time left: 0:00:49
2025-01-23 13:39:57,220 - INFO - Trial: 74/100, Epoch: 8/10, Val loss: 0.0011, Elapsed time: 0:02:13, Estimated time left: 0:00:33
2025-01-23 13:40:13,778 - INFO - Trial: 74/100, Epoch: 9/10, Val loss: 0.0011, Elapsed time: 0:02:29, Estimated time left: 0:00:16
2025-01-23 13:40:30,345 - INFO - Trial: 74/100, Epoch: 10/10, Val loss: 0.0012, Elapsed time: 0:02:46, Estimated time left: 0:00:00
2025-01-23 13:40:30,347 - INFO - Trial 73 finished with value: 0.001245432250939114 and parameters: {'hidden_layers': 5, 'n_units_l': 176, 'lr': 0.0011891653134916366, 'batch_size': 74}. Best is trial 54 with value: 0.0005633131703157664.
2025-01-23 13:40:30,359 - INFO - Elapsed time: 19660.17 seconds
2025-01-23 13:40:30,359 - INFO - Estimated time left: 0.00 seconds
2025-01-23 13:40:48,192 - INFO - Trial: 75/100, Epoch: 1/10, Val loss: 0.0195, Elapsed time: 0:00:17, Estimated time left: 0:02:40
2025-01-23 13:41:05,848 - INFO - Trial: 75/100, Epoch: 2/10, Val loss: 0.0026, Elapsed time: 0:00:35, Estimated time left: 0:02:21
2025-01-23 13:41:23,476 - INFO - Trial: 75/100, Epoch: 3/10, Val loss: 0.0023, Elapsed time: 0:00:53, Estimated time left: 0:02:03
2025-01-23 13:41:41,091 - INFO - Trial: 75/100, Epoch: 4/10, Val loss: 0.0021, Elapsed time: 0:01:10, Estimated time left: 0:01:45
2025-01-23 13:41:58,719 - INFO - Trial: 75/100, Epoch: 5/10, Val loss: 0.0018, Elapsed time: 0:01:28, Estimated time left: 0:01:28
2025-01-23 13:42:16,370 - INFO - Trial: 75/100, Epoch: 6/10, Val loss: 0.0017, Elapsed time: 0:01:45, Estimated time left: 0:01:10
2025-01-23 13:42:34,072 - INFO - Trial: 75/100, Epoch: 7/10, Val loss: 0.0014, Elapsed time: 0:02:03, Estimated time left: 0:00:53
2025-01-23 13:42:51,716 - INFO - Trial: 75/100, Epoch: 8/10, Val loss: 0.0012, Elapsed time: 0:02:21, Estimated time left: 0:00:35
2025-01-23 13:43:09,399 - INFO - Trial: 75/100, Epoch: 9/10, Val loss: 0.0011, Elapsed time: 0:02:39, Estimated time left: 0:00:17
2025-01-23 13:43:27,111 - INFO - Trial: 75/100, Epoch: 10/10, Val loss: 0.0010, Elapsed time: 0:02:56, Estimated time left: 0:00:00
2025-01-23 13:43:27,113 - INFO - Trial 74 finished with value: 0.000993736311795631 and parameters: {'hidden_layers': 4, 'n_units_l': 197, 'lr': 0.0002898070654878288, 'batch_size': 66}. Best is trial 54 with value: 0.0005633131703157664.
2025-01-23 13:43:27,125 - INFO - Elapsed time: 19836.93 seconds
2025-01-23 13:43:27,125 - INFO - Estimated time left: 0.00 seconds
2025-01-23 13:43:41,418 - INFO - Trial: 76/100, Epoch: 1/10, Val loss: 0.0138, Elapsed time: 0:00:14, Estimated time left: 0:02:08
2025-01-23 13:43:54,733 - INFO - Trial: 76/100, Epoch: 2/10, Val loss: 0.0030, Elapsed time: 0:00:27, Estimated time left: 0:01:46
2025-01-23 13:44:08,118 - INFO - Trial: 76/100, Epoch: 3/10, Val loss: 0.0025, Elapsed time: 0:00:40, Estimated time left: 0:01:33
2025-01-23 13:44:21,430 - INFO - Trial: 76/100, Epoch: 4/10, Val loss: 0.0024, Elapsed time: 0:00:54, Estimated time left: 0:01:19
2025-01-23 13:44:34,916 - INFO - Trial: 76/100, Epoch: 5/10, Val loss: 0.0022, Elapsed time: 0:01:07, Estimated time left: 0:01:07
2025-01-23 13:44:48,185 - INFO - Trial: 76/100, Epoch: 6/10, Val loss: 0.0021, Elapsed time: 0:01:21, Estimated time left: 0:00:53
2025-01-23 13:45:01,465 - INFO - Trial: 76/100, Epoch: 7/10, Val loss: 0.0020, Elapsed time: 0:01:34, Estimated time left: 0:00:39
2025-01-23 13:45:14,747 - INFO - Trial: 76/100, Epoch: 8/10, Val loss: 0.0020, Elapsed time: 0:01:47, Estimated time left: 0:00:26
2025-01-23 13:45:28,012 - INFO - Trial: 76/100, Epoch: 9/10, Val loss: 0.0018, Elapsed time: 0:02:00, Estimated time left: 0:00:13
2025-01-23 13:45:41,317 - INFO - Trial: 76/100, Epoch: 10/10, Val loss: 0.0018, Elapsed time: 0:02:14, Estimated time left: 0:00:00
2025-01-23 13:45:41,320 - INFO - Trial 75 finished with value: 0.0018329495116443189 and parameters: {'hidden_layers': 3, 'n_units_l': 225, 'lr': 0.0001769187408172613, 'batch_size': 85}. Best is trial 54 with value: 0.0005633131703157664.
2025-01-23 13:45:41,332 - INFO - Elapsed time: 19971.14 seconds
2025-01-23 13:45:41,332 - INFO - Estimated time left: 0.00 seconds
2025-01-23 13:46:09,940 - INFO - Trial: 77/100, Epoch: 1/10, Val loss: 0.0332, Elapsed time: 0:00:28, Estimated time left: 0:04:17
2025-01-23 13:46:36,315 - INFO - Trial: 77/100, Epoch: 2/10, Val loss: 0.0033, Elapsed time: 0:00:54, Estimated time left: 0:03:30
2025-01-23 13:47:02,820 - INFO - Trial: 77/100, Epoch: 3/10, Val loss: 0.0027, Elapsed time: 0:01:21, Estimated time left: 0:03:05
2025-01-23 13:47:29,146 - INFO - Trial: 77/100, Epoch: 4/10, Val loss: 0.0024, Elapsed time: 0:01:47, Estimated time left: 0:02:37
2025-01-23 13:47:55,755 - INFO - Trial: 77/100, Epoch: 5/10, Val loss: 0.0024, Elapsed time: 0:02:14, Estimated time left: 0:02:13
2025-01-23 13:48:22,179 - INFO - Trial: 77/100, Epoch: 6/10, Val loss: 0.0022, Elapsed time: 0:02:40, Estimated time left: 0:01:45
2025-01-23 13:48:48,889 - INFO - Trial: 77/100, Epoch: 7/10, Val loss: 0.0022, Elapsed time: 0:03:07, Estimated time left: 0:01:20
2025-01-23 13:49:15,457 - INFO - Trial: 77/100, Epoch: 8/10, Val loss: 0.0021, Elapsed time: 0:03:34, Estimated time left: 0:00:53
2025-01-23 13:49:42,037 - INFO - Trial: 77/100, Epoch: 9/10, Val loss: 0.0020, Elapsed time: 0:04:00, Estimated time left: 0:00:26
2025-01-23 13:50:08,593 - INFO - Trial: 77/100, Epoch: 10/10, Val loss: 0.0020, Elapsed time: 0:04:27, Estimated time left: 0:00:00
2025-01-23 13:50:08,595 - INFO - Trial 76 finished with value: 0.0020045058211791435 and parameters: {'hidden_layers': 5, 'n_units_l': 159, 'lr': 6.759372102147209e-05, 'batch_size': 41}. Best is trial 54 with value: 0.0005633131703157664.
2025-01-23 13:50:08,608 - INFO - Elapsed time: 20238.41 seconds
2025-01-23 13:50:08,608 - INFO - Estimated time left: 0.00 seconds
2025-01-23 13:50:33,208 - INFO - Trial: 78/100, Epoch: 1/10, Val loss: 0.0150, Elapsed time: 0:00:24, Estimated time left: 0:03:41
2025-01-23 13:50:57,137 - INFO - Trial: 78/100, Epoch: 2/10, Val loss: 0.0026, Elapsed time: 0:00:48, Estimated time left: 0:03:11
2025-01-23 13:51:21,000 - INFO - Trial: 78/100, Epoch: 3/10, Val loss: 0.0021, Elapsed time: 0:01:12, Estimated time left: 0:02:47
2025-01-23 13:51:44,864 - INFO - Trial: 78/100, Epoch: 4/10, Val loss: 0.0017, Elapsed time: 0:01:36, Estimated time left: 0:02:23
2025-01-23 13:52:08,764 - INFO - Trial: 78/100, Epoch: 5/10, Val loss: 0.0013, Elapsed time: 0:02:00, Estimated time left: 0:01:59
2025-01-23 13:52:32,616 - INFO - Trial: 78/100, Epoch: 6/10, Val loss: 0.0011, Elapsed time: 0:02:23, Estimated time left: 0:01:35
2025-01-23 13:52:56,623 - INFO - Trial: 78/100, Epoch: 7/10, Val loss: 0.0010, Elapsed time: 0:02:47, Estimated time left: 0:01:12
2025-01-23 13:53:20,590 - INFO - Trial: 78/100, Epoch: 8/10, Val loss: 0.0009, Elapsed time: 0:03:11, Estimated time left: 0:00:47
2025-01-23 13:53:44,594 - INFO - Trial: 78/100, Epoch: 9/10, Val loss: 0.0009, Elapsed time: 0:03:35, Estimated time left: 0:00:24
2025-01-23 13:54:08,656 - INFO - Trial: 78/100, Epoch: 10/10, Val loss: 0.0007, Elapsed time: 0:04:00, Estimated time left: 0:00:00
