2025-01-29 13:15:38,667 - INFO - Trial 17 finished with value: 0.0027268515403012306 and parameters: {'hidden_layers': 8, 'n_units_l': 30, 'lr': 0.0004968282704083175, 'batch_size': 55}. Best is trial 16 with value: 0.0006078339743242661.
2025-01-29 13:15:38,668 - INFO - Elapsed time: 5908.81 seconds
2025-01-29 13:15:38,668 - INFO - Estimated time left: 0.00 seconds
2025-01-29 13:16:14,842 - INFO - Trial: 19/100, Epoch: 1/15, Val loss: 0.0838, Elapsed time: 0:00:36, Estimated time left: 0:08:26
2025-01-29 13:16:48,100 - INFO - Trial: 19/100, Epoch: 2/15, Val loss: 0.0050, Elapsed time: 0:01:09, Estimated time left: 0:07:12
2025-01-29 13:17:21,199 - INFO - Trial: 19/100, Epoch: 3/15, Val loss: 0.0029, Elapsed time: 0:01:42, Estimated time left: 0:06:37
2025-01-29 13:17:54,399 - INFO - Trial: 19/100, Epoch: 4/15, Val loss: 0.0025, Elapsed time: 0:02:15, Estimated time left: 0:06:05
2025-01-29 13:18:27,476 - INFO - Trial: 19/100, Epoch: 5/15, Val loss: 0.0024, Elapsed time: 0:02:48, Estimated time left: 0:05:30
2025-01-29 13:19:00,580 - INFO - Trial: 19/100, Epoch: 6/15, Val loss: 0.0022, Elapsed time: 0:03:21, Estimated time left: 0:04:57
2025-01-29 13:19:33,721 - INFO - Trial: 19/100, Epoch: 7/15, Val loss: 0.0024, Elapsed time: 0:03:55, Estimated time left: 0:04:25
2025-01-29 13:20:06,928 - INFO - Trial: 19/100, Epoch: 8/15, Val loss: 0.0021, Elapsed time: 0:04:28, Estimated time left: 0:03:52
2025-01-29 13:20:40,088 - INFO - Trial: 19/100, Epoch: 9/15, Val loss: 0.0019, Elapsed time: 0:05:01, Estimated time left: 0:03:18
2025-01-29 13:21:13,216 - INFO - Trial: 19/100, Epoch: 10/15, Val loss: 0.0019, Elapsed time: 0:05:34, Estimated time left: 0:02:45
2025-01-29 13:21:46,392 - INFO - Trial: 19/100, Epoch: 11/15, Val loss: 0.0020, Elapsed time: 0:06:07, Estimated time left: 0:02:12
2025-01-29 13:22:19,511 - INFO - Trial: 19/100, Epoch: 12/15, Val loss: 0.0018, Elapsed time: 0:06:40, Estimated time left: 0:01:39
2025-01-29 13:22:52,906 - INFO - Trial: 19/100, Epoch: 13/15, Val loss: 0.0019, Elapsed time: 0:07:14, Estimated time left: 0:01:06
2025-01-29 13:23:26,014 - INFO - Trial: 19/100, Epoch: 14/15, Val loss: 0.0018, Elapsed time: 0:07:47, Estimated time left: 0:00:33
2025-01-29 13:23:59,133 - INFO - Trial: 19/100, Epoch: 15/15, Val loss: 0.0017, Elapsed time: 0:08:20, Estimated time left: 0:00:00
2025-01-29 13:23:59,134 - INFO - Trial 18 finished with value: 0.0016994907813275687 and parameters: {'hidden_layers': 8, 'n_units_l': 253, 'lr': 3.241826500625083e-05, 'batch_size': 38}. Best is trial 16 with value: 0.0006078339743242661.
2025-01-29 13:23:59,136 - INFO - Elapsed time: 6409.27 seconds
2025-01-29 13:23:59,136 - INFO - Estimated time left: 0.00 seconds
2025-01-29 13:24:08,432 - INFO - Trial: 20/100, Epoch: 1/15, Val loss: 0.0482, Elapsed time: 0:00:09, Estimated time left: 0:02:09
2025-01-29 13:24:17,069 - INFO - Trial: 20/100, Epoch: 2/15, Val loss: 0.0047, Elapsed time: 0:00:17, Estimated time left: 0:01:52
2025-01-29 13:24:25,732 - INFO - Trial: 20/100, Epoch: 3/15, Val loss: 0.0026, Elapsed time: 0:00:26, Estimated time left: 0:01:43
2025-01-29 13:24:34,377 - INFO - Trial: 20/100, Epoch: 4/15, Val loss: 0.0024, Elapsed time: 0:00:35, Estimated time left: 0:01:35
2025-01-29 13:24:43,067 - INFO - Trial: 20/100, Epoch: 5/15, Val loss: 0.0022, Elapsed time: 0:00:43, Estimated time left: 0:01:26
2025-01-29 13:24:51,679 - INFO - Trial: 20/100, Epoch: 6/15, Val loss: 0.0021, Elapsed time: 0:00:52, Estimated time left: 0:01:17
2025-01-29 13:25:00,301 - INFO - Trial: 20/100, Epoch: 7/15, Val loss: 0.0021, Elapsed time: 0:01:01, Estimated time left: 0:01:08
2025-01-29 13:25:08,982 - INFO - Trial: 20/100, Epoch: 8/15, Val loss: 0.0020, Elapsed time: 0:01:09, Estimated time left: 0:01:00
2025-01-29 13:25:17,633 - INFO - Trial: 20/100, Epoch: 9/15, Val loss: 0.0018, Elapsed time: 0:01:18, Estimated time left: 0:00:51
2025-01-29 13:25:26,273 - INFO - Trial: 20/100, Epoch: 10/15, Val loss: 0.0016, Elapsed time: 0:01:27, Estimated time left: 0:00:43
2025-01-29 13:25:34,975 - INFO - Trial: 20/100, Epoch: 11/15, Val loss: 0.0015, Elapsed time: 0:01:35, Estimated time left: 0:00:34
2025-01-29 13:25:43,630 - INFO - Trial: 20/100, Epoch: 12/15, Val loss: 0.0014, Elapsed time: 0:01:44, Estimated time left: 0:00:25
2025-01-29 13:25:52,137 - INFO - Trial: 20/100, Epoch: 13/15, Val loss: 0.0013, Elapsed time: 0:01:52, Estimated time left: 0:00:17
2025-01-29 13:26:00,776 - INFO - Trial: 20/100, Epoch: 14/15, Val loss: 0.0012, Elapsed time: 0:02:01, Estimated time left: 0:00:08
2025-01-29 13:26:09,406 - INFO - Trial: 20/100, Epoch: 15/15, Val loss: 0.0010, Elapsed time: 0:02:10, Estimated time left: 0:00:00
2025-01-29 13:26:09,407 - INFO - Trial 19 finished with value: 0.00104857754139585 and parameters: {'hidden_layers': 7, 'n_units_l': 131, 'lr': 0.0003758502385724846, 'batch_size': 159}. Best is trial 16 with value: 0.0006078339743242661.
2025-01-29 13:26:09,408 - INFO - Elapsed time: 6539.55 seconds
2025-01-29 13:26:09,409 - INFO - Estimated time left: 0.00 seconds
2025-01-29 13:26:30,096 - INFO - Trial: 21/100, Epoch: 1/15, Val loss: 0.0343, Elapsed time: 0:00:20, Estimated time left: 0:04:49
2025-01-29 13:26:52,161 - INFO - Trial: 21/100, Epoch: 2/15, Val loss: 0.0039, Elapsed time: 0:00:42, Estimated time left: 0:04:46
2025-01-29 13:27:14,040 - INFO - Trial: 21/100, Epoch: 3/15, Val loss: 0.0033, Elapsed time: 0:01:04, Estimated time left: 0:04:22
2025-01-29 13:27:35,982 - INFO - Trial: 21/100, Epoch: 4/15, Val loss: 0.0029, Elapsed time: 0:01:26, Estimated time left: 0:04:01
2025-01-29 13:27:57,957 - INFO - Trial: 21/100, Epoch: 5/15, Val loss: 0.0033, Elapsed time: 0:01:48, Estimated time left: 0:03:39
2025-01-29 13:28:19,283 - INFO - Trial: 21/100, Epoch: 6/15, Val loss: 0.0028, Elapsed time: 0:02:09, Estimated time left: 0:03:11
2025-01-29 13:28:40,220 - INFO - Trial: 21/100, Epoch: 7/15, Val loss: 0.0027, Elapsed time: 0:02:30, Estimated time left: 0:02:47
2025-01-29 13:29:01,162 - INFO - Trial: 21/100, Epoch: 8/15, Val loss: 0.0026, Elapsed time: 0:02:51, Estimated time left: 0:02:26
2025-01-29 13:29:22,782 - INFO - Trial: 21/100, Epoch: 9/15, Val loss: 0.0026, Elapsed time: 0:03:13, Estimated time left: 0:02:09
2025-01-29 13:29:44,285 - INFO - Trial: 21/100, Epoch: 10/15, Val loss: 0.0028, Elapsed time: 0:03:34, Estimated time left: 0:01:47
2025-01-29 13:30:06,209 - INFO - Trial: 21/100, Epoch: 11/15, Val loss: 0.0023, Elapsed time: 0:03:56, Estimated time left: 0:01:27
2025-01-29 13:30:27,731 - INFO - Trial: 21/100, Epoch: 12/15, Val loss: 0.0025, Elapsed time: 0:04:18, Estimated time left: 0:01:04
2025-01-29 13:30:49,249 - INFO - Trial: 21/100, Epoch: 13/15, Val loss: 0.0023, Elapsed time: 0:04:39, Estimated time left: 0:00:43
2025-01-29 13:31:10,814 - INFO - Trial: 21/100, Epoch: 14/15, Val loss: 0.0022, Elapsed time: 0:05:01, Estimated time left: 0:00:21
2025-01-29 13:31:32,251 - INFO - Trial: 21/100, Epoch: 15/15, Val loss: 0.0022, Elapsed time: 0:05:22, Estimated time left: 0:00:00
2025-01-29 13:31:32,253 - INFO - Trial 20 finished with value: 0.00221141519327216 and parameters: {'hidden_layers': 7, 'n_units_l': 46, 'lr': 0.0036133054228632625, 'batch_size': 64}. Best is trial 16 with value: 0.0006078339743242661.
2025-01-29 13:31:32,254 - INFO - Elapsed time: 6862.39 seconds
2025-01-29 13:31:32,254 - INFO - Estimated time left: 0.00 seconds
2025-01-29 13:31:57,431 - INFO - Trial: 22/100, Epoch: 1/15, Val loss: 0.0211, Elapsed time: 0:00:25, Estimated time left: 0:05:52
2025-01-29 13:32:20,780 - INFO - Trial: 22/100, Epoch: 2/15, Val loss: 0.0028, Elapsed time: 0:00:48, Estimated time left: 0:05:03
2025-01-29 13:32:44,358 - INFO - Trial: 22/100, Epoch: 3/15, Val loss: 0.0023, Elapsed time: 0:01:12, Estimated time left: 0:04:42
2025-01-29 13:33:07,627 - INFO - Trial: 22/100, Epoch: 4/15, Val loss: 0.0021, Elapsed time: 0:01:35, Estimated time left: 0:04:15
2025-01-29 13:33:31,048 - INFO - Trial: 22/100, Epoch: 5/15, Val loss: 0.0018, Elapsed time: 0:01:58, Estimated time left: 0:03:54
2025-01-29 13:33:54,393 - INFO - Trial: 22/100, Epoch: 6/15, Val loss: 0.0013, Elapsed time: 0:02:22, Estimated time left: 0:03:30
2025-01-29 13:34:17,620 - INFO - Trial: 22/100, Epoch: 7/15, Val loss: 0.0010, Elapsed time: 0:02:45, Estimated time left: 0:03:05
2025-01-29 13:34:40,964 - INFO - Trial: 22/100, Epoch: 8/15, Val loss: 0.0008, Elapsed time: 0:03:08, Estimated time left: 0:02:43
2025-01-29 13:35:04,514 - INFO - Trial: 22/100, Epoch: 9/15, Val loss: 0.0007, Elapsed time: 0:03:32, Estimated time left: 0:02:21
2025-01-29 13:35:27,899 - INFO - Trial: 22/100, Epoch: 10/15, Val loss: 0.0006, Elapsed time: 0:03:55, Estimated time left: 0:01:56
2025-01-29 13:35:51,461 - INFO - Trial: 22/100, Epoch: 11/15, Val loss: 0.0006, Elapsed time: 0:04:19, Estimated time left: 0:01:34
2025-01-29 13:36:14,721 - INFO - Trial: 22/100, Epoch: 12/15, Val loss: 0.0005, Elapsed time: 0:04:42, Estimated time left: 0:01:09
2025-01-29 13:36:38,281 - INFO - Trial: 22/100, Epoch: 13/15, Val loss: 0.0006, Elapsed time: 0:05:06, Estimated time left: 0:00:47
2025-01-29 13:37:01,903 - INFO - Trial: 22/100, Epoch: 14/15, Val loss: 0.0005, Elapsed time: 0:05:29, Estimated time left: 0:00:23
2025-01-29 13:37:25,190 - INFO - Trial: 22/100, Epoch: 15/15, Val loss: 0.0005, Elapsed time: 0:05:52, Estimated time left: 0:00:00
2025-01-29 13:37:25,191 - INFO - Trial 21 finished with value: 0.0005159653919716573 and parameters: {'hidden_layers': 8, 'n_units_l': 253, 'lr': 0.0004585448816138177, 'batch_size': 71}. Best is trial 21 with value: 0.0005159653919716573.
2025-01-29 13:37:25,193 - INFO - Elapsed time: 7215.33 seconds
2025-01-29 13:37:25,193 - INFO - Estimated time left: 0.00 seconds
2025-01-29 13:37:50,223 - INFO - Trial: 23/100, Epoch: 1/15, Val loss: 0.0320, Elapsed time: 0:00:25, Estimated time left: 0:05:50
2025-01-29 13:38:13,910 - INFO - Trial: 23/100, Epoch: 2/15, Val loss: 0.0028, Elapsed time: 0:00:48, Estimated time left: 0:05:07
2025-01-29 13:38:37,702 - INFO - Trial: 23/100, Epoch: 3/15, Val loss: 0.0027, Elapsed time: 0:01:12, Estimated time left: 0:04:45
2025-01-29 13:39:01,762 - INFO - Trial: 23/100, Epoch: 4/15, Val loss: 0.0022, Elapsed time: 0:01:36, Estimated time left: 0:04:24
2025-01-29 13:39:25,400 - INFO - Trial: 23/100, Epoch: 5/15, Val loss: 0.0020, Elapsed time: 0:02:00, Estimated time left: 0:03:56
2025-01-29 13:39:49,054 - INFO - Trial: 23/100, Epoch: 6/15, Val loss: 0.0018, Elapsed time: 0:02:23, Estimated time left: 0:03:32
2025-01-29 13:40:12,684 - INFO - Trial: 23/100, Epoch: 7/15, Val loss: 0.0016, Elapsed time: 0:02:47, Estimated time left: 0:03:09
2025-01-29 13:40:36,342 - INFO - Trial: 23/100, Epoch: 8/15, Val loss: 0.0014, Elapsed time: 0:03:11, Estimated time left: 0:02:45
2025-01-29 13:40:59,972 - INFO - Trial: 23/100, Epoch: 9/15, Val loss: 0.0012, Elapsed time: 0:03:34, Estimated time left: 0:02:21
2025-01-29 13:41:23,725 - INFO - Trial: 23/100, Epoch: 10/15, Val loss: 0.0011, Elapsed time: 0:03:58, Estimated time left: 0:01:58
2025-01-29 13:41:47,419 - INFO - Trial: 23/100, Epoch: 11/15, Val loss: 0.0009, Elapsed time: 0:04:22, Estimated time left: 0:01:34
2025-01-29 13:42:11,109 - INFO - Trial: 23/100, Epoch: 12/15, Val loss: 0.0008, Elapsed time: 0:04:45, Estimated time left: 0:01:11
2025-01-29 13:42:34,904 - INFO - Trial: 23/100, Epoch: 13/15, Val loss: 0.0008, Elapsed time: 0:05:09, Estimated time left: 0:00:47
2025-01-29 13:42:58,429 - INFO - Trial: 23/100, Epoch: 14/15, Val loss: 0.0007, Elapsed time: 0:05:33, Estimated time left: 0:00:23
2025-01-29 13:43:22,175 - INFO - Trial: 23/100, Epoch: 15/15, Val loss: 0.0007, Elapsed time: 0:05:56, Estimated time left: 0:00:00
2025-01-29 13:43:22,176 - INFO - Trial 22 finished with value: 0.0006975747938095419 and parameters: {'hidden_layers': 8, 'n_units_l': 158, 'lr': 0.0004293382888327329, 'batch_size': 65}. Best is trial 21 with value: 0.0005159653919716573.
2025-01-29 13:43:22,177 - INFO - Elapsed time: 7572.32 seconds
2025-01-29 13:43:22,178 - INFO - Estimated time left: 0.00 seconds
2025-01-29 13:43:41,972 - INFO - Trial: 24/100, Epoch: 1/15, Val loss: 0.0378, Elapsed time: 0:00:19, Estimated time left: 0:04:36
2025-01-29 13:44:00,728 - INFO - Trial: 24/100, Epoch: 2/15, Val loss: 0.0034, Elapsed time: 0:00:38, Estimated time left: 0:04:03
2025-01-29 13:44:19,391 - INFO - Trial: 24/100, Epoch: 3/15, Val loss: 0.0032, Elapsed time: 0:00:57, Estimated time left: 0:03:43
2025-01-29 13:44:38,264 - INFO - Trial: 24/100, Epoch: 4/15, Val loss: 0.0026, Elapsed time: 0:01:16, Estimated time left: 0:03:27
2025-01-29 13:44:56,812 - INFO - Trial: 24/100, Epoch: 5/15, Val loss: 0.0020, Elapsed time: 0:01:34, Estimated time left: 0:03:05
2025-01-29 13:45:15,583 - INFO - Trial: 24/100, Epoch: 6/15, Val loss: 0.0017, Elapsed time: 0:01:53, Estimated time left: 0:02:48
2025-01-29 13:45:34,166 - INFO - Trial: 24/100, Epoch: 7/15, Val loss: 0.0018, Elapsed time: 0:02:11, Estimated time left: 0:02:28
2025-01-29 13:45:52,760 - INFO - Trial: 24/100, Epoch: 8/15, Val loss: 0.0015, Elapsed time: 0:02:30, Estimated time left: 0:02:10
2025-01-29 13:46:11,402 - INFO - Trial: 24/100, Epoch: 9/15, Val loss: 0.0013, Elapsed time: 0:02:49, Estimated time left: 0:01:51
2025-01-29 13:46:29,897 - INFO - Trial: 24/100, Epoch: 10/15, Val loss: 0.0011, Elapsed time: 0:03:07, Estimated time left: 0:01:32
2025-01-29 13:46:48,476 - INFO - Trial: 24/100, Epoch: 11/15, Val loss: 0.0012, Elapsed time: 0:03:26, Estimated time left: 0:01:14
2025-01-29 13:47:07,124 - INFO - Trial: 24/100, Epoch: 12/15, Val loss: 0.0014, Elapsed time: 0:03:44, Estimated time left: 0:00:55
2025-01-29 13:47:25,834 - INFO - Trial: 24/100, Epoch: 13/15, Val loss: 0.0013, Elapsed time: 0:04:03, Estimated time left: 0:00:37
2025-01-29 13:47:44,510 - INFO - Trial: 24/100, Epoch: 14/15, Val loss: 0.0013, Elapsed time: 0:04:22, Estimated time left: 0:00:18
2025-01-29 13:48:03,135 - INFO - Trial: 24/100, Epoch: 15/15, Val loss: 0.0012, Elapsed time: 0:04:40, Estimated time left: 0:00:00
2025-01-29 13:48:03,137 - INFO - Trial 23 finished with value: 0.0012002535114912177 and parameters: {'hidden_layers': 8, 'n_units_l': 249, 'lr': 0.0030807447424407008, 'batch_size': 93}. Best is trial 21 with value: 0.0005159653919716573.
2025-01-29 13:48:03,138 - INFO - Elapsed time: 7853.28 seconds
2025-01-29 13:48:03,138 - INFO - Estimated time left: 0.00 seconds
2025-01-29 13:48:17,909 - INFO - Trial: 25/100, Epoch: 1/15, Val loss: 0.0438, Elapsed time: 0:00:14, Estimated time left: 0:03:26
2025-01-29 13:48:32,109 - INFO - Trial: 25/100, Epoch: 2/15, Val loss: 0.0048, Elapsed time: 0:00:28, Estimated time left: 0:03:04
2025-01-29 13:48:46,359 - INFO - Trial: 25/100, Epoch: 3/15, Val loss: 0.0027, Elapsed time: 0:00:43, Estimated time left: 0:02:50
2025-01-29 13:49:00,557 - INFO - Trial: 25/100, Epoch: 4/15, Val loss: 0.0024, Elapsed time: 0:00:57, Estimated time left: 0:02:36
2025-01-29 13:49:14,779 - INFO - Trial: 25/100, Epoch: 5/15, Val loss: 0.0023, Elapsed time: 0:01:11, Estimated time left: 0:02:22
2025-01-29 13:49:28,822 - INFO - Trial: 25/100, Epoch: 6/15, Val loss: 0.0022, Elapsed time: 0:01:25, Estimated time left: 0:02:06
2025-01-29 13:49:43,061 - INFO - Trial: 25/100, Epoch: 7/15, Val loss: 0.0022, Elapsed time: 0:01:39, Estimated time left: 0:01:53
2025-01-29 13:49:57,134 - INFO - Trial: 25/100, Epoch: 8/15, Val loss: 0.0020, Elapsed time: 0:01:53, Estimated time left: 0:01:38
2025-01-29 13:50:11,362 - INFO - Trial: 25/100, Epoch: 9/15, Val loss: 0.0019, Elapsed time: 0:02:08, Estimated time left: 0:01:25
2025-01-29 13:50:25,633 - INFO - Trial: 25/100, Epoch: 10/15, Val loss: 0.0018, Elapsed time: 0:02:22, Estimated time left: 0:01:11
2025-01-29 13:50:39,761 - INFO - Trial: 25/100, Epoch: 11/15, Val loss: 0.0018, Elapsed time: 0:02:36, Estimated time left: 0:00:56
2025-01-29 13:50:54,041 - INFO - Trial: 25/100, Epoch: 12/15, Val loss: 0.0017, Elapsed time: 0:02:50, Estimated time left: 0:00:42
2025-01-29 13:51:08,138 - INFO - Trial: 25/100, Epoch: 13/15, Val loss: 0.0017, Elapsed time: 0:03:04, Estimated time left: 0:00:28
2025-01-29 13:51:22,386 - INFO - Trial: 25/100, Epoch: 14/15, Val loss: 0.0015, Elapsed time: 0:03:19, Estimated time left: 0:00:14
2025-01-29 13:51:36,692 - INFO - Trial: 25/100, Epoch: 15/15, Val loss: 0.0014, Elapsed time: 0:03:33, Estimated time left: 0:00:00
2025-01-29 13:51:36,693 - INFO - Trial 24 finished with value: 0.0014175742040697713 and parameters: {'hidden_layers': 7, 'n_units_l': 134, 'lr': 0.000236560668800417, 'batch_size': 109}. Best is trial 21 with value: 0.0005159653919716573.
2025-01-29 13:51:36,694 - INFO - Elapsed time: 8066.83 seconds
2025-01-29 13:51:36,694 - INFO - Estimated time left: 0.00 seconds
2025-01-29 13:51:59,826 - INFO - Trial: 26/100, Epoch: 1/15, Val loss: 0.0618, Elapsed time: 0:00:23, Estimated time left: 0:05:23
2025-01-29 13:52:22,330 - INFO - Trial: 26/100, Epoch: 2/15, Val loss: 0.0106, Elapsed time: 0:00:45, Estimated time left: 0:04:52
2025-01-29 13:52:44,068 - INFO - Trial: 26/100, Epoch: 3/15, Val loss: 0.0099, Elapsed time: 0:01:07, Estimated time left: 0:04:20
2025-01-29 13:53:05,795 - INFO - Trial: 26/100, Epoch: 4/15, Val loss: 0.0092, Elapsed time: 0:01:29, Estimated time left: 0:03:59
2025-01-29 13:53:27,390 - INFO - Trial: 26/100, Epoch: 5/15, Val loss: 0.0100, Elapsed time: 0:01:50, Estimated time left: 0:03:35
2025-01-29 13:53:48,948 - INFO - Trial: 26/100, Epoch: 6/15, Val loss: 0.0086, Elapsed time: 0:02:12, Estimated time left: 0:03:14
2025-01-29 13:54:10,594 - INFO - Trial: 26/100, Epoch: 7/15, Val loss: 0.0090, Elapsed time: 0:02:33, Estimated time left: 0:02:53
2025-01-29 13:54:32,218 - INFO - Trial: 26/100, Epoch: 8/15, Val loss: 0.0084, Elapsed time: 0:02:55, Estimated time left: 0:02:31
2025-01-29 13:54:53,995 - INFO - Trial: 26/100, Epoch: 9/15, Val loss: 0.0085, Elapsed time: 0:03:17, Estimated time left: 0:02:10
2025-01-29 13:55:15,759 - INFO - Trial: 26/100, Epoch: 10/15, Val loss: 0.0084, Elapsed time: 0:03:39, Estimated time left: 0:01:48
2025-01-29 13:55:37,566 - INFO - Trial: 26/100, Epoch: 11/15, Val loss: 0.0082, Elapsed time: 0:04:00, Estimated time left: 0:01:27
2025-01-29 13:55:59,277 - INFO - Trial: 26/100, Epoch: 12/15, Val loss: 0.0082, Elapsed time: 0:04:22, Estimated time left: 0:01:05
2025-01-29 13:56:21,384 - INFO - Trial: 26/100, Epoch: 13/15, Val loss: 0.0086, Elapsed time: 0:04:44, Estimated time left: 0:00:44
2025-01-29 13:56:43,160 - INFO - Trial: 26/100, Epoch: 14/15, Val loss: 0.0082, Elapsed time: 0:05:06, Estimated time left: 0:00:21
2025-01-29 13:57:04,835 - INFO - Trial: 26/100, Epoch: 15/15, Val loss: 0.0081, Elapsed time: 0:05:28, Estimated time left: 0:00:00
2025-01-29 13:57:04,836 - INFO - Trial 25 finished with value: 0.008095337374817173 and parameters: {'hidden_layers': 6, 'n_units_l': 19, 'lr': 0.0007264197540659852, 'batch_size': 59}. Best is trial 21 with value: 0.0005159653919716573.
2025-01-29 13:57:04,837 - INFO - Elapsed time: 8394.97 seconds
2025-01-29 13:57:04,837 - INFO - Estimated time left: 0.00 seconds
2025-01-29 13:57:46,858 - INFO - Trial: 27/100, Epoch: 1/15, Val loss: 0.0808, Elapsed time: 0:00:42, Estimated time left: 0:09:48
2025-01-29 13:58:25,374 - INFO - Trial: 27/100, Epoch: 2/15, Val loss: 0.0039, Elapsed time: 0:01:20, Estimated time left: 0:08:20
2025-01-29 13:59:03,898 - INFO - Trial: 27/100, Epoch: 3/15, Val loss: 0.0027, Elapsed time: 0:01:59, Estimated time left: 0:07:42
2025-01-29 13:59:43,007 - INFO - Trial: 27/100, Epoch: 4/15, Val loss: 0.0025, Elapsed time: 0:02:38, Estimated time left: 0:07:10
2025-01-29 14:00:21,580 - INFO - Trial: 27/100, Epoch: 5/15, Val loss: 0.0023, Elapsed time: 0:03:16, Estimated time left: 0:06:25
2025-01-29 14:01:00,188 - INFO - Trial: 27/100, Epoch: 6/15, Val loss: 0.0022, Elapsed time: 0:03:55, Estimated time left: 0:05:47
2025-01-29 14:01:38,818 - INFO - Trial: 27/100, Epoch: 7/15, Val loss: 0.0021, Elapsed time: 0:04:33, Estimated time left: 0:05:09
2025-01-29 14:02:18,266 - INFO - Trial: 27/100, Epoch: 8/15, Val loss: 0.0020, Elapsed time: 0:05:13, Estimated time left: 0:04:36
2025-01-29 14:02:57,126 - INFO - Trial: 27/100, Epoch: 9/15, Val loss: 0.0019, Elapsed time: 0:05:52, Estimated time left: 0:03:53
2025-01-29 14:03:35,847 - INFO - Trial: 27/100, Epoch: 10/15, Val loss: 0.0019, Elapsed time: 0:06:30, Estimated time left: 0:03:13
2025-01-29 14:04:15,265 - INFO - Trial: 27/100, Epoch: 11/15, Val loss: 0.0017, Elapsed time: 0:07:10, Estimated time left: 0:02:37
2025-01-29 14:04:56,839 - INFO - Trial: 27/100, Epoch: 12/15, Val loss: 0.0017, Elapsed time: 0:07:51, Estimated time left: 0:02:04
2025-01-29 14:05:38,014 - INFO - Trial: 27/100, Epoch: 13/15, Val loss: 0.0016, Elapsed time: 0:08:33, Estimated time left: 0:01:22
2025-01-29 14:06:19,145 - INFO - Trial: 27/100, Epoch: 14/15, Val loss: 0.0016, Elapsed time: 0:09:14, Estimated time left: 0:00:41
2025-01-29 14:07:00,317 - INFO - Trial: 27/100, Epoch: 15/15, Val loss: 0.0014, Elapsed time: 0:09:55, Estimated time left: 0:00:00
