2025-01-29 11:37:09,259 - INFO - Is CUDA supported by this system?  True
2025-01-29 11:37:09,259 - INFO - Device: cuda
2025-01-29 11:37:09,861 - INFO - A new study created in memory with name: no-name-72d25c9d-43f7-42ae-8951-064a6bae78d8
2025-01-29 11:37:19,010 - INFO - Trial: 1/100, Epoch: 1/15, Val loss: 0.1170, Elapsed time: 0:00:08, Estimated time left: 0:01:59
2025-01-29 11:37:27,021 - INFO - Trial: 1/100, Epoch: 2/15, Val loss: 0.0340, Elapsed time: 0:00:16, Estimated time left: 0:01:44
2025-01-29 11:37:34,986 - INFO - Trial: 1/100, Epoch: 3/15, Val loss: 0.0140, Elapsed time: 0:00:24, Estimated time left: 0:01:35
2025-01-29 11:37:42,885 - INFO - Trial: 1/100, Epoch: 4/15, Val loss: 0.0090, Elapsed time: 0:00:32, Estimated time left: 0:01:26
2025-01-29 11:37:50,835 - INFO - Trial: 1/100, Epoch: 5/15, Val loss: 0.0076, Elapsed time: 0:00:40, Estimated time left: 0:01:19
2025-01-29 11:37:58,761 - INFO - Trial: 1/100, Epoch: 6/15, Val loss: 0.0069, Elapsed time: 0:00:48, Estimated time left: 0:01:11
2025-01-29 11:38:06,734 - INFO - Trial: 1/100, Epoch: 7/15, Val loss: 0.0063, Elapsed time: 0:00:56, Estimated time left: 0:01:03
2025-01-29 11:38:14,567 - INFO - Trial: 1/100, Epoch: 8/15, Val loss: 0.0060, Elapsed time: 0:01:04, Estimated time left: 0:00:54
2025-01-29 11:38:22,585 - INFO - Trial: 1/100, Epoch: 9/15, Val loss: 0.0057, Elapsed time: 0:01:12, Estimated time left: 0:00:48
2025-01-29 11:38:30,474 - INFO - Trial: 1/100, Epoch: 10/15, Val loss: 0.0054, Elapsed time: 0:01:19, Estimated time left: 0:00:39
2025-01-29 11:38:38,520 - INFO - Trial: 1/100, Epoch: 11/15, Val loss: 0.0052, Elapsed time: 0:01:28, Estimated time left: 0:00:32
2025-01-29 11:38:46,533 - INFO - Trial: 1/100, Epoch: 12/15, Val loss: 0.0050, Elapsed time: 0:01:36, Estimated time left: 0:00:24
2025-01-29 11:38:54,507 - INFO - Trial: 1/100, Epoch: 13/15, Val loss: 0.0049, Elapsed time: 0:01:44, Estimated time left: 0:00:15
2025-01-29 11:39:02,572 - INFO - Trial: 1/100, Epoch: 14/15, Val loss: 0.0048, Elapsed time: 0:01:52, Estimated time left: 0:00:08
2025-01-29 11:39:10,468 - INFO - Trial: 1/100, Epoch: 15/15, Val loss: 0.0047, Elapsed time: 0:01:59, Estimated time left: 0:00:00
2025-01-29 11:39:10,470 - INFO - Trial 0 finished with value: 0.004674255609653934 and parameters: {'hidden_layers': 3, 'n_units_l': 23, 'lr': 4.280318625880536e-05, 'batch_size': 117}. Best is trial 0 with value: 0.004674255609653934.
2025-01-29 11:39:10,470 - INFO - Elapsed time: 120.61 seconds
2025-01-29 11:39:10,471 - INFO - Estimated time left: 0.00 seconds
2025-01-29 11:39:39,281 - INFO - Trial: 2/100, Epoch: 1/15, Val loss: 0.1367, Elapsed time: 0:00:28, Estimated time left: 0:06:43
2025-01-29 11:40:05,578 - INFO - Trial: 2/100, Epoch: 2/15, Val loss: 0.1366, Elapsed time: 0:00:55, Estimated time left: 0:05:41
2025-01-29 11:40:31,754 - INFO - Trial: 2/100, Epoch: 3/15, Val loss: 0.1368, Elapsed time: 0:01:21, Estimated time left: 0:05:14
2025-01-29 11:40:57,869 - INFO - Trial: 2/100, Epoch: 4/15, Val loss: 0.1366, Elapsed time: 0:01:47, Estimated time left: 0:04:47
2025-01-29 11:41:24,001 - INFO - Trial: 2/100, Epoch: 5/15, Val loss: 0.1368, Elapsed time: 0:02:13, Estimated time left: 0:04:21
2025-01-29 11:41:50,131 - INFO - Trial: 2/100, Epoch: 6/15, Val loss: 0.1367, Elapsed time: 0:02:39, Estimated time left: 0:03:55
2025-01-29 11:42:16,312 - INFO - Trial: 2/100, Epoch: 7/15, Val loss: 0.1367, Elapsed time: 0:03:05, Estimated time left: 0:03:29
2025-01-29 11:42:42,362 - INFO - Trial: 2/100, Epoch: 8/15, Val loss: 0.1366, Elapsed time: 0:03:31, Estimated time left: 0:03:02
2025-01-29 11:43:08,273 - INFO - Trial: 2/100, Epoch: 9/15, Val loss: 0.1368, Elapsed time: 0:03:57, Estimated time left: 0:02:35
2025-01-29 11:43:34,884 - INFO - Trial: 2/100, Epoch: 10/15, Val loss: 0.1365, Elapsed time: 0:04:24, Estimated time left: 0:02:13
2025-01-29 11:44:01,037 - INFO - Trial: 2/100, Epoch: 11/15, Val loss: 0.1365, Elapsed time: 0:04:50, Estimated time left: 0:01:44
2025-01-29 11:44:27,181 - INFO - Trial: 2/100, Epoch: 12/15, Val loss: 0.1367, Elapsed time: 0:05:16, Estimated time left: 0:01:18
2025-01-29 11:44:53,378 - INFO - Trial: 2/100, Epoch: 13/15, Val loss: 0.1366, Elapsed time: 0:05:42, Estimated time left: 0:00:52
2025-01-29 11:45:25,643 - INFO - Trial: 2/100, Epoch: 14/15, Val loss: 0.1366, Elapsed time: 0:06:15, Estimated time left: 0:00:32
2025-01-29 11:45:58,306 - INFO - Trial: 2/100, Epoch: 15/15, Val loss: 0.1365, Elapsed time: 0:06:47, Estimated time left: 0:00:00
2025-01-29 11:45:58,308 - INFO - Trial 1 finished with value: 0.13652851632760193 and parameters: {'hidden_layers': 7, 'n_units_l': 173, 'lr': 0.006530184729557262, 'batch_size': 43}. Best is trial 0 with value: 0.004674255609653934.
2025-01-29 11:45:58,309 - INFO - Elapsed time: 528.45 seconds
2025-01-29 11:45:58,309 - INFO - Estimated time left: 0.00 seconds
2025-01-29 11:46:05,721 - INFO - Trial: 3/100, Epoch: 1/15, Val loss: 0.1381, Elapsed time: 0:00:07, Estimated time left: 0:01:43
2025-01-29 11:46:12,801 - INFO - Trial: 3/100, Epoch: 2/15, Val loss: 0.0471, Elapsed time: 0:00:14, Estimated time left: 0:01:32
2025-01-29 11:46:20,045 - INFO - Trial: 3/100, Epoch: 3/15, Val loss: 0.0364, Elapsed time: 0:00:21, Estimated time left: 0:01:26
2025-01-29 11:46:27,096 - INFO - Trial: 3/100, Epoch: 4/15, Val loss: 0.0306, Elapsed time: 0:00:28, Estimated time left: 0:01:17
2025-01-29 11:46:34,247 - INFO - Trial: 3/100, Epoch: 5/15, Val loss: 0.0207, Elapsed time: 0:00:35, Estimated time left: 0:01:11
2025-01-29 11:46:41,345 - INFO - Trial: 3/100, Epoch: 6/15, Val loss: 0.0169, Elapsed time: 0:00:43, Estimated time left: 0:01:03
2025-01-29 11:46:48,402 - INFO - Trial: 3/100, Epoch: 7/15, Val loss: 0.0153, Elapsed time: 0:00:50, Estimated time left: 0:00:56
2025-01-29 11:46:55,620 - INFO - Trial: 3/100, Epoch: 8/15, Val loss: 0.0144, Elapsed time: 0:00:57, Estimated time left: 0:00:50
2025-01-29 11:47:02,695 - INFO - Trial: 3/100, Epoch: 9/15, Val loss: 0.0137, Elapsed time: 0:01:04, Estimated time left: 0:00:42
2025-01-29 11:47:09,787 - INFO - Trial: 3/100, Epoch: 10/15, Val loss: 0.0134, Elapsed time: 0:01:11, Estimated time left: 0:00:35
2025-01-29 11:47:16,978 - INFO - Trial: 3/100, Epoch: 11/15, Val loss: 0.0131, Elapsed time: 0:01:18, Estimated time left: 0:00:28
2025-01-29 11:47:24,058 - INFO - Trial: 3/100, Epoch: 12/15, Val loss: 0.0129, Elapsed time: 0:01:25, Estimated time left: 0:00:21
2025-01-29 11:47:31,181 - INFO - Trial: 3/100, Epoch: 13/15, Val loss: 0.0127, Elapsed time: 0:01:32, Estimated time left: 0:00:14
2025-01-29 11:47:38,282 - INFO - Trial: 3/100, Epoch: 14/15, Val loss: 0.0127, Elapsed time: 0:01:39, Estimated time left: 0:00:07
2025-01-29 11:47:45,463 - INFO - Trial: 3/100, Epoch: 15/15, Val loss: 0.0125, Elapsed time: 0:01:47, Estimated time left: 0:00:00
2025-01-29 11:47:45,464 - INFO - Trial 2 finished with value: 0.012548127086880438 and parameters: {'hidden_layers': 5, 'n_units_l': 9, 'lr': 0.00018599750737158778, 'batch_size': 231}. Best is trial 0 with value: 0.004674255609653934.
2025-01-29 11:47:45,465 - INFO - Elapsed time: 635.60 seconds
2025-01-29 11:47:45,465 - INFO - Estimated time left: 0.00 seconds
2025-01-29 11:48:45,571 - INFO - Trial: 4/100, Epoch: 1/15, Val loss: 0.1389, Elapsed time: 0:01:00, Estimated time left: 0:14:01
2025-01-29 11:49:42,095 - INFO - Trial: 4/100, Epoch: 2/15, Val loss: 0.1372, Elapsed time: 0:01:56, Estimated time left: 0:12:14
2025-01-29 11:50:38,463 - INFO - Trial: 4/100, Epoch: 3/15, Val loss: 0.1377, Elapsed time: 0:02:52, Estimated time left: 0:11:16
2025-01-29 11:51:39,900 - INFO - Trial: 4/100, Epoch: 4/15, Val loss: 0.1390, Elapsed time: 0:03:54, Estimated time left: 0:11:15
2025-01-29 11:52:40,452 - INFO - Trial: 4/100, Epoch: 5/15, Val loss: 0.1375, Elapsed time: 0:04:54, Estimated time left: 0:10:05
2025-01-29 11:53:40,962 - INFO - Trial: 4/100, Epoch: 6/15, Val loss: 0.1369, Elapsed time: 0:05:55, Estimated time left: 0:09:04
2025-01-29 11:54:41,316 - INFO - Trial: 4/100, Epoch: 7/15, Val loss: 0.1402, Elapsed time: 0:06:55, Estimated time left: 0:08:02
2025-01-29 11:55:41,432 - INFO - Trial: 4/100, Epoch: 8/15, Val loss: 0.1372, Elapsed time: 0:07:55, Estimated time left: 0:07:00
2025-01-29 11:56:41,538 - INFO - Trial: 4/100, Epoch: 9/15, Val loss: 0.1387, Elapsed time: 0:08:56, Estimated time left: 0:06:00
2025-01-29 11:57:41,486 - INFO - Trial: 4/100, Epoch: 10/15, Val loss: 0.1372, Elapsed time: 0:09:56, Estimated time left: 0:04:59
2025-01-29 11:58:39,218 - INFO - Trial: 4/100, Epoch: 11/15, Val loss: 0.1373, Elapsed time: 0:10:53, Estimated time left: 0:03:50
2025-01-29 11:59:33,670 - INFO - Trial: 4/100, Epoch: 12/15, Val loss: 0.1365, Elapsed time: 0:11:48, Estimated time left: 0:02:43
2025-01-29 12:00:28,184 - INFO - Trial: 4/100, Epoch: 13/15, Val loss: 0.1374, Elapsed time: 0:12:42, Estimated time left: 0:01:49
2025-01-29 12:01:14,144 - INFO - Trial: 4/100, Epoch: 14/15, Val loss: 0.1375, Elapsed time: 0:13:28, Estimated time left: 0:00:45
2025-01-29 12:01:58,662 - INFO - Trial: 4/100, Epoch: 15/15, Val loss: 0.1365, Elapsed time: 0:14:13, Estimated time left: 0:00:00
2025-01-29 12:01:58,664 - INFO - Trial 3 finished with value: 0.13653519310235976 and parameters: {'hidden_layers': 3, 'n_units_l': 5, 'lr': 0.021485615541881508, 'batch_size': 16}. Best is trial 0 with value: 0.004674255609653934.
2025-01-29 12:01:58,665 - INFO - Elapsed time: 1488.80 seconds
2025-01-29 12:01:58,665 - INFO - Estimated time left: 0.00 seconds
2025-01-29 12:02:40,445 - INFO - Trial: 5/100, Epoch: 1/15, Val loss: 0.0346, Elapsed time: 0:00:41, Estimated time left: 0:09:44
2025-01-29 12:03:18,991 - INFO - Trial: 5/100, Epoch: 2/15, Val loss: 0.0035, Elapsed time: 0:01:20, Estimated time left: 0:08:21
2025-01-29 12:03:57,774 - INFO - Trial: 5/100, Epoch: 3/15, Val loss: 0.0030, Elapsed time: 0:01:59, Estimated time left: 0:07:45
2025-01-29 12:04:36,867 - INFO - Trial: 5/100, Epoch: 4/15, Val loss: 0.0026, Elapsed time: 0:02:38, Estimated time left: 0:07:10
2025-01-29 12:05:16,059 - INFO - Trial: 5/100, Epoch: 5/15, Val loss: 0.0024, Elapsed time: 0:03:17, Estimated time left: 0:06:31
2025-01-29 12:05:55,056 - INFO - Trial: 5/100, Epoch: 6/15, Val loss: 0.0025, Elapsed time: 0:03:56, Estimated time left: 0:05:50
2025-01-29 12:06:34,064 - INFO - Trial: 5/100, Epoch: 7/15, Val loss: 0.0022, Elapsed time: 0:04:35, Estimated time left: 0:05:12
2025-01-29 12:07:13,326 - INFO - Trial: 5/100, Epoch: 8/15, Val loss: 0.0023, Elapsed time: 0:05:14, Estimated time left: 0:04:34
2025-01-29 12:07:52,527 - INFO - Trial: 5/100, Epoch: 9/15, Val loss: 0.0021, Elapsed time: 0:05:53, Estimated time left: 0:03:55
2025-01-29 12:08:31,704 - INFO - Trial: 5/100, Epoch: 10/15, Val loss: 0.0021, Elapsed time: 0:06:33, Estimated time left: 0:03:15
2025-01-29 12:09:10,689 - INFO - Trial: 5/100, Epoch: 11/15, Val loss: 0.0021, Elapsed time: 0:07:12, Estimated time left: 0:02:35
2025-01-29 12:09:49,582 - INFO - Trial: 5/100, Epoch: 12/15, Val loss: 0.0021, Elapsed time: 0:07:50, Estimated time left: 0:01:56
2025-01-29 12:10:28,740 - INFO - Trial: 5/100, Epoch: 13/15, Val loss: 0.0020, Elapsed time: 0:08:30, Estimated time left: 0:01:18
2025-01-29 12:11:07,907 - INFO - Trial: 5/100, Epoch: 14/15, Val loss: 0.0020, Elapsed time: 0:09:09, Estimated time left: 0:00:39
2025-01-29 12:11:47,042 - INFO - Trial: 5/100, Epoch: 15/15, Val loss: 0.0019, Elapsed time: 0:09:48, Estimated time left: 0:00:00
2025-01-29 12:11:47,044 - INFO - Trial 4 finished with value: 0.0019046196023343052 and parameters: {'hidden_layers': 5, 'n_units_l': 64, 'lr': 0.00014139789125016452, 'batch_size': 23}. Best is trial 4 with value: 0.0019046196023343052.
2025-01-29 12:11:47,045 - INFO - Elapsed time: 2077.18 seconds
2025-01-29 12:11:47,045 - INFO - Estimated time left: 0.00 seconds
2025-01-29 12:11:55,256 - INFO - Trial: 6/100, Epoch: 1/15, Val loss: 0.0461, Elapsed time: 0:00:08, Estimated time left: 0:01:54
2025-01-29 12:12:03,181 - INFO - Trial: 6/100, Epoch: 2/15, Val loss: 0.0059, Elapsed time: 0:00:16, Estimated time left: 0:01:43
2025-01-29 12:12:11,034 - INFO - Trial: 6/100, Epoch: 3/15, Val loss: 0.0042, Elapsed time: 0:00:23, Estimated time left: 0:01:34
2025-01-29 12:12:18,883 - INFO - Trial: 6/100, Epoch: 4/15, Val loss: 0.0038, Elapsed time: 0:00:31, Estimated time left: 0:01:26
2025-01-29 12:12:26,994 - INFO - Trial: 6/100, Epoch: 5/15, Val loss: 0.0034, Elapsed time: 0:00:39, Estimated time left: 0:01:21
2025-01-29 12:12:34,856 - INFO - Trial: 6/100, Epoch: 6/15, Val loss: 0.0031, Elapsed time: 0:00:47, Estimated time left: 0:01:10
2025-01-29 12:12:42,717 - INFO - Trial: 6/100, Epoch: 7/15, Val loss: 0.0030, Elapsed time: 0:00:55, Estimated time left: 0:01:02
2025-01-29 12:12:50,606 - INFO - Trial: 6/100, Epoch: 8/15, Val loss: 0.0028, Elapsed time: 0:01:03, Estimated time left: 0:00:55
2025-01-29 12:12:58,438 - INFO - Trial: 6/100, Epoch: 9/15, Val loss: 0.0028, Elapsed time: 0:01:11, Estimated time left: 0:00:46
2025-01-29 12:13:06,285 - INFO - Trial: 6/100, Epoch: 10/15, Val loss: 0.0026, Elapsed time: 0:01:19, Estimated time left: 0:00:39
2025-01-29 12:13:14,441 - INFO - Trial: 6/100, Epoch: 11/15, Val loss: 0.0025, Elapsed time: 0:01:27, Estimated time left: 0:00:32
2025-01-29 12:13:22,305 - INFO - Trial: 6/100, Epoch: 12/15, Val loss: 0.0025, Elapsed time: 0:01:35, Estimated time left: 0:00:23
2025-01-29 12:13:30,152 - INFO - Trial: 6/100, Epoch: 13/15, Val loss: 0.0024, Elapsed time: 0:01:43, Estimated time left: 0:00:15
2025-01-29 12:13:38,070 - INFO - Trial: 6/100, Epoch: 14/15, Val loss: 0.0024, Elapsed time: 0:01:51, Estimated time left: 0:00:07
2025-01-29 12:13:46,002 - INFO - Trial: 6/100, Epoch: 15/15, Val loss: 0.0023, Elapsed time: 0:01:58, Estimated time left: 0:00:00
2025-01-29 12:13:46,003 - INFO - Trial 5 finished with value: 0.002340544782225685 and parameters: {'hidden_layers': 4, 'n_units_l': 80, 'lr': 9.220394922893944e-05, 'batch_size': 138}. Best is trial 4 with value: 0.0019046196023343052.
2025-01-29 12:13:46,004 - INFO - Elapsed time: 2196.14 seconds
2025-01-29 12:13:46,004 - INFO - Estimated time left: 0.00 seconds
2025-01-29 12:14:06,096 - INFO - Trial: 7/100, Epoch: 1/15, Val loss: 0.0861, Elapsed time: 0:00:20, Estimated time left: 0:04:41
2025-01-29 12:14:24,555 - INFO - Trial: 7/100, Epoch: 2/15, Val loss: 0.0173, Elapsed time: 0:00:38, Estimated time left: 0:03:59
2025-01-29 12:14:42,977 - INFO - Trial: 7/100, Epoch: 3/15, Val loss: 0.0175, Elapsed time: 0:00:56, Estimated time left: 0:03:41
2025-01-29 12:15:01,571 - INFO - Trial: 7/100, Epoch: 4/15, Val loss: 0.0168, Elapsed time: 0:01:15, Estimated time left: 0:03:24
2025-01-29 12:15:19,874 - INFO - Trial: 7/100, Epoch: 5/15, Val loss: 0.0139, Elapsed time: 0:01:33, Estimated time left: 0:03:03
2025-01-29 12:15:38,528 - INFO - Trial: 7/100, Epoch: 6/15, Val loss: 0.0131, Elapsed time: 0:01:52, Estimated time left: 0:02:47
2025-01-29 12:15:57,690 - INFO - Trial: 7/100, Epoch: 7/15, Val loss: 0.0148, Elapsed time: 0:02:11, Estimated time left: 0:02:33
2025-01-29 12:16:16,825 - INFO - Trial: 7/100, Epoch: 8/15, Val loss: 0.0153, Elapsed time: 0:02:30, Estimated time left: 0:02:13
2025-01-29 12:16:35,979 - INFO - Trial: 7/100, Epoch: 9/15, Val loss: 0.0139, Elapsed time: 0:02:49, Estimated time left: 0:01:54
2025-01-29 12:16:55,142 - INFO - Trial: 7/100, Epoch: 10/15, Val loss: 0.0131, Elapsed time: 0:03:09, Estimated time left: 0:01:35
2025-01-29 12:17:14,242 - INFO - Trial: 7/100, Epoch: 11/15, Val loss: 0.0142, Elapsed time: 0:03:28, Estimated time left: 0:01:16
2025-01-29 12:17:33,402 - INFO - Trial: 7/100, Epoch: 12/15, Val loss: 0.0146, Elapsed time: 0:03:47, Estimated time left: 0:00:57
2025-01-29 12:17:52,548 - INFO - Trial: 7/100, Epoch: 13/15, Val loss: 0.0173, Elapsed time: 0:04:06, Estimated time left: 0:00:38
2025-01-29 12:18:11,739 - INFO - Trial: 7/100, Epoch: 14/15, Val loss: 0.0136, Elapsed time: 0:04:25, Estimated time left: 0:00:19
2025-01-29 12:18:30,915 - INFO - Trial: 7/100, Epoch: 15/15, Val loss: 0.0134, Elapsed time: 0:04:44, Estimated time left: 0:00:00
2025-01-29 12:18:30,917 - INFO - Trial 6 finished with value: 0.013444292678581748 and parameters: {'hidden_layers': 4, 'n_units_l': 9, 'lr': 0.012816034097502519, 'batch_size': 48}. Best is trial 4 with value: 0.0019046196023343052.
2025-01-29 12:18:30,918 - INFO - Elapsed time: 2481.06 seconds
2025-01-29 12:18:30,918 - INFO - Estimated time left: 0.00 seconds
2025-01-29 12:19:11,322 - INFO - Trial: 8/100, Epoch: 1/15, Val loss: 0.1280, Elapsed time: 0:00:40, Estimated time left: 0:09:25
2025-01-29 12:19:50,246 - INFO - Trial: 8/100, Epoch: 2/15, Val loss: 0.0157, Elapsed time: 0:01:19, Estimated time left: 0:08:26
2025-01-29 12:20:27,206 - INFO - Trial: 8/100, Epoch: 3/15, Val loss: 0.0168, Elapsed time: 0:01:56, Estimated time left: 0:07:23
2025-01-29 12:21:03,856 - INFO - Trial: 8/100, Epoch: 4/15, Val loss: 0.0157, Elapsed time: 0:02:32, Estimated time left: 0:06:43
2025-01-29 12:21:40,468 - INFO - Trial: 8/100, Epoch: 5/15, Val loss: 0.0159, Elapsed time: 0:03:09, Estimated time left: 0:06:06
2025-01-29 12:22:17,074 - INFO - Trial: 8/100, Epoch: 6/15, Val loss: 0.0163, Elapsed time: 0:03:46, Estimated time left: 0:05:29
2025-01-29 12:22:53,697 - INFO - Trial: 8/100, Epoch: 7/15, Val loss: 0.0181, Elapsed time: 0:04:22, Estimated time left: 0:04:52
2025-01-29 12:23:30,550 - INFO - Trial: 8/100, Epoch: 8/15, Val loss: 0.0161, Elapsed time: 0:04:59, Estimated time left: 0:04:17
2025-01-29 12:24:07,519 - INFO - Trial: 8/100, Epoch: 9/15, Val loss: 0.0163, Elapsed time: 0:05:36, Estimated time left: 0:03:41
2025-01-29 12:24:44,533 - INFO - Trial: 8/100, Epoch: 10/15, Val loss: 0.0181, Elapsed time: 0:06:13, Estimated time left: 0:03:05
2025-01-29 12:25:22,671 - INFO - Trial: 8/100, Epoch: 11/15, Val loss: 0.0137, Elapsed time: 0:06:51, Estimated time left: 0:02:32
2025-01-29 12:26:01,012 - INFO - Trial: 8/100, Epoch: 12/15, Val loss: 0.0155, Elapsed time: 0:07:30, Estimated time left: 0:01:55
2025-01-29 12:26:39,559 - INFO - Trial: 8/100, Epoch: 13/15, Val loss: 0.0141, Elapsed time: 0:08:08, Estimated time left: 0:01:17
2025-01-29 12:27:18,735 - INFO - Trial: 8/100, Epoch: 14/15, Val loss: 0.0145, Elapsed time: 0:08:47, Estimated time left: 0:00:39
2025-01-29 12:27:57,826 - INFO - Trial: 8/100, Epoch: 15/15, Val loss: 0.0142, Elapsed time: 0:09:26, Estimated time left: 0:00:00
2025-01-29 12:27:57,828 - INFO - Trial 7 finished with value: 0.014182719363783966 and parameters: {'hidden_layers': 2, 'n_units_l': 33, 'lr': 0.026584258550352, 'batch_size': 17}. Best is trial 4 with value: 0.0019046196023343052.
2025-01-29 12:27:57,829 - INFO - Elapsed time: 3047.97 seconds
2025-01-29 12:27:57,829 - INFO - Estimated time left: 0.00 seconds
2025-01-29 12:28:40,662 - INFO - Trial: 9/100, Epoch: 1/15, Val loss: 0.1389, Elapsed time: 0:00:42, Estimated time left: 0:09:59
2025-01-29 12:29:19,810 - INFO - Trial: 9/100, Epoch: 2/15, Val loss: 0.1377, Elapsed time: 0:01:21, Estimated time left: 0:08:28
2025-01-29 12:29:59,046 - INFO - Trial: 9/100, Epoch: 3/15, Val loss: 0.1380, Elapsed time: 0:02:01, Estimated time left: 0:07:50
2025-01-29 12:30:38,354 - INFO - Trial: 9/100, Epoch: 4/15, Val loss: 0.1388, Elapsed time: 0:02:40, Estimated time left: 0:07:12
2025-01-29 12:31:17,618 - INFO - Trial: 9/100, Epoch: 5/15, Val loss: 0.1379, Elapsed time: 0:03:19, Estimated time left: 0:06:32
2025-01-29 12:31:56,864 - INFO - Trial: 9/100, Epoch: 6/15, Val loss: 0.1374, Elapsed time: 0:03:59, Estimated time left: 0:05:53
2025-01-29 12:32:36,121 - INFO - Trial: 9/100, Epoch: 7/15, Val loss: 0.1369, Elapsed time: 0:04:38, Estimated time left: 0:05:14
2025-01-29 12:33:15,382 - INFO - Trial: 9/100, Epoch: 8/15, Val loss: 0.1433, Elapsed time: 0:05:17, Estimated time left: 0:04:34
2025-01-29 12:33:54,699 - INFO - Trial: 9/100, Epoch: 9/15, Val loss: 0.1373, Elapsed time: 0:05:56, Estimated time left: 0:03:55
2025-01-29 12:34:33,992 - INFO - Trial: 9/100, Epoch: 10/15, Val loss: 0.1426, Elapsed time: 0:06:36, Estimated time left: 0:03:16
2025-01-29 12:35:12,897 - INFO - Trial: 9/100, Epoch: 11/15, Val loss: 0.1379, Elapsed time: 0:07:15, Estimated time left: 0:02:35
2025-01-29 12:35:51,930 - INFO - Trial: 9/100, Epoch: 12/15, Val loss: 0.1378, Elapsed time: 0:07:54, Estimated time left: 0:01:57
2025-01-29 12:36:31,188 - INFO - Trial: 9/100, Epoch: 13/15, Val loss: 0.1380, Elapsed time: 0:08:33, Estimated time left: 0:01:18
2025-01-29 12:37:10,508 - INFO - Trial: 9/100, Epoch: 14/15, Val loss: 0.1381, Elapsed time: 0:09:12, Estimated time left: 0:00:39
2025-01-29 12:37:49,444 - INFO - Trial: 9/100, Epoch: 15/15, Val loss: 0.1380, Elapsed time: 0:09:51, Estimated time left: 0:00:00
