2025-01-29 17:56:14,951 - INFO - Trial 80 finished with value: 0.0017832546281986803 and parameters: {'hidden_layers': 8, 'n_units_l': 126, 'lr': 0.00027435682882897145, 'batch_size': 204}. Best is trial 42 with value: 0.0004824209566414633.
2025-01-29 17:56:14,954 - INFO - Elapsed time: 22745.09 seconds
2025-01-29 17:56:14,955 - INFO - Estimated time left: 0.00 seconds
2025-01-29 17:56:26,587 - INFO - Trial: 82/100, Epoch: 1/15, Val loss: 0.0365, Elapsed time: 0:00:11, Estimated time left: 0:02:42
2025-01-29 17:56:37,531 - INFO - Trial: 82/100, Epoch: 2/15, Val loss: 0.0031, Elapsed time: 0:00:22, Estimated time left: 0:02:22
2025-01-29 17:56:48,297 - INFO - Trial: 82/100, Epoch: 3/15, Val loss: 0.0025, Elapsed time: 0:00:33, Estimated time left: 0:02:09
2025-01-29 17:56:59,192 - INFO - Trial: 82/100, Epoch: 4/15, Val loss: 0.0026, Elapsed time: 0:00:44, Estimated time left: 0:01:59
2025-01-29 17:57:10,220 - INFO - Trial: 82/100, Epoch: 5/15, Val loss: 0.0022, Elapsed time: 0:00:55, Estimated time left: 0:01:50
2025-01-29 17:57:20,917 - INFO - Trial: 82/100, Epoch: 6/15, Val loss: 0.0019, Elapsed time: 0:01:05, Estimated time left: 0:01:36
2025-01-29 17:57:31,818 - INFO - Trial: 82/100, Epoch: 7/15, Val loss: 0.0018, Elapsed time: 0:01:16, Estimated time left: 0:01:27
2025-01-29 17:57:42,745 - INFO - Trial: 82/100, Epoch: 8/15, Val loss: 0.0015, Elapsed time: 0:01:27, Estimated time left: 0:01:16
2025-01-29 17:57:53,645 - INFO - Trial: 82/100, Epoch: 9/15, Val loss: 0.0012, Elapsed time: 0:01:38, Estimated time left: 0:01:05
2025-01-29 17:58:04,487 - INFO - Trial: 82/100, Epoch: 10/15, Val loss: 0.0011, Elapsed time: 0:01:49, Estimated time left: 0:00:54
2025-01-29 17:58:15,358 - INFO - Trial: 82/100, Epoch: 11/15, Val loss: 0.0009, Elapsed time: 0:02:00, Estimated time left: 0:00:43
2025-01-29 17:58:26,289 - INFO - Trial: 82/100, Epoch: 12/15, Val loss: 0.0008, Elapsed time: 0:02:11, Estimated time left: 0:00:32
2025-01-29 17:58:36,915 - INFO - Trial: 82/100, Epoch: 13/15, Val loss: 0.0009, Elapsed time: 0:02:21, Estimated time left: 0:00:21
2025-01-29 17:58:47,870 - INFO - Trial: 82/100, Epoch: 14/15, Val loss: 0.0008, Elapsed time: 0:02:32, Estimated time left: 0:00:10
2025-01-29 17:58:58,734 - INFO - Trial: 82/100, Epoch: 15/15, Val loss: 0.0007, Elapsed time: 0:02:43, Estimated time left: 0:00:00
2025-01-29 17:58:58,735 - INFO - Trial 81 finished with value: 0.000731078607058073 and parameters: {'hidden_layers': 8, 'n_units_l': 208, 'lr': 0.0005884605762419267, 'batch_size': 171}. Best is trial 42 with value: 0.0004824209566414633.
2025-01-29 17:58:58,739 - INFO - Elapsed time: 22908.87 seconds
2025-01-29 17:58:58,739 - INFO - Estimated time left: 0.00 seconds
2025-01-29 17:59:13,052 - INFO - Trial: 83/100, Epoch: 1/15, Val loss: 0.0333, Elapsed time: 0:00:14, Estimated time left: 0:03:20
2025-01-29 17:59:27,240 - INFO - Trial: 83/100, Epoch: 2/15, Val loss: 0.0034, Elapsed time: 0:00:28, Estimated time left: 0:03:04
2025-01-29 17:59:41,419 - INFO - Trial: 83/100, Epoch: 3/15, Val loss: 0.0026, Elapsed time: 0:00:42, Estimated time left: 0:02:50
2025-01-29 17:59:55,553 - INFO - Trial: 83/100, Epoch: 4/15, Val loss: 0.0025, Elapsed time: 0:00:56, Estimated time left: 0:02:35
2025-01-29 18:00:09,687 - INFO - Trial: 83/100, Epoch: 5/15, Val loss: 0.0021, Elapsed time: 0:01:10, Estimated time left: 0:02:21
2025-01-29 18:00:23,523 - INFO - Trial: 83/100, Epoch: 6/15, Val loss: 0.0021, Elapsed time: 0:01:24, Estimated time left: 0:02:04
2025-01-29 18:00:37,567 - INFO - Trial: 83/100, Epoch: 7/15, Val loss: 0.0020, Elapsed time: 0:01:38, Estimated time left: 0:01:52
2025-01-29 18:00:51,580 - INFO - Trial: 83/100, Epoch: 8/15, Val loss: 0.0016, Elapsed time: 0:01:52, Estimated time left: 0:01:38
2025-01-29 18:01:05,590 - INFO - Trial: 83/100, Epoch: 9/15, Val loss: 0.0013, Elapsed time: 0:02:06, Estimated time left: 0:01:24
2025-01-29 18:01:19,594 - INFO - Trial: 83/100, Epoch: 10/15, Val loss: 0.0011, Elapsed time: 0:02:20, Estimated time left: 0:01:10
2025-01-29 18:01:33,601 - INFO - Trial: 83/100, Epoch: 11/15, Val loss: 0.0009, Elapsed time: 0:02:34, Estimated time left: 0:00:56
2025-01-29 18:01:47,590 - INFO - Trial: 83/100, Epoch: 12/15, Val loss: 0.0009, Elapsed time: 0:02:48, Estimated time left: 0:00:41
2025-01-29 18:02:01,665 - INFO - Trial: 83/100, Epoch: 13/15, Val loss: 0.0008, Elapsed time: 0:03:02, Estimated time left: 0:00:28
2025-01-29 18:02:15,596 - INFO - Trial: 83/100, Epoch: 14/15, Val loss: 0.0008, Elapsed time: 0:03:16, Estimated time left: 0:00:13
2025-01-29 18:02:29,646 - INFO - Trial: 83/100, Epoch: 15/15, Val loss: 0.0006, Elapsed time: 0:03:30, Estimated time left: 0:00:00
2025-01-29 18:02:29,648 - INFO - Trial 82 finished with value: 0.0005538122970450679 and parameters: {'hidden_layers': 7, 'n_units_l': 226, 'lr': 0.0003638760568005024, 'batch_size': 123}. Best is trial 42 with value: 0.0004824209566414633.
2025-01-29 18:02:29,651 - INFO - Elapsed time: 23119.79 seconds
2025-01-29 18:02:29,651 - INFO - Estimated time left: 0.00 seconds
2025-01-29 18:02:46,967 - INFO - Trial: 84/100, Epoch: 1/15, Val loss: 0.0308, Elapsed time: 0:00:17, Estimated time left: 0:04:02
2025-01-29 18:03:03,645 - INFO - Trial: 84/100, Epoch: 2/15, Val loss: 0.0028, Elapsed time: 0:00:33, Estimated time left: 0:03:36
2025-01-29 18:03:20,554 - INFO - Trial: 84/100, Epoch: 3/15, Val loss: 0.0023, Elapsed time: 0:00:50, Estimated time left: 0:03:22
2025-01-29 18:03:37,247 - INFO - Trial: 84/100, Epoch: 4/15, Val loss: 0.0022, Elapsed time: 0:01:07, Estimated time left: 0:03:03
2025-01-29 18:03:54,110 - INFO - Trial: 84/100, Epoch: 5/15, Val loss: 0.0022, Elapsed time: 0:01:24, Estimated time left: 0:02:48
2025-01-29 18:04:10,610 - INFO - Trial: 84/100, Epoch: 6/15, Val loss: 0.0018, Elapsed time: 0:01:40, Estimated time left: 0:02:28
2025-01-29 18:04:27,426 - INFO - Trial: 84/100, Epoch: 7/15, Val loss: 0.0016, Elapsed time: 0:01:57, Estimated time left: 0:02:14
2025-01-29 18:04:44,051 - INFO - Trial: 84/100, Epoch: 8/15, Val loss: 0.0013, Elapsed time: 0:02:14, Estimated time left: 0:01:56
2025-01-29 18:05:00,843 - INFO - Trial: 84/100, Epoch: 9/15, Val loss: 0.0010, Elapsed time: 0:02:31, Estimated time left: 0:01:40
2025-01-29 18:05:17,391 - INFO - Trial: 84/100, Epoch: 10/15, Val loss: 0.0008, Elapsed time: 0:02:47, Estimated time left: 0:01:22
2025-01-29 18:05:34,121 - INFO - Trial: 84/100, Epoch: 11/15, Val loss: 0.0008, Elapsed time: 0:03:04, Estimated time left: 0:01:06
2025-01-29 18:05:50,410 - INFO - Trial: 84/100, Epoch: 12/15, Val loss: 0.0007, Elapsed time: 0:03:20, Estimated time left: 0:00:48
2025-01-29 18:06:07,167 - INFO - Trial: 84/100, Epoch: 13/15, Val loss: 0.0006, Elapsed time: 0:03:37, Estimated time left: 0:00:33
2025-01-29 18:06:23,756 - INFO - Trial: 84/100, Epoch: 14/15, Val loss: 0.0006, Elapsed time: 0:03:54, Estimated time left: 0:00:16
2025-01-29 18:06:40,503 - INFO - Trial: 84/100, Epoch: 15/15, Val loss: 0.0006, Elapsed time: 0:04:10, Estimated time left: 0:00:00
2025-01-29 18:06:40,504 - INFO - Trial 83 finished with value: 0.0005515009224381093 and parameters: {'hidden_layers': 8, 'n_units_l': 254, 'lr': 0.00039203234997300636, 'batch_size': 109}. Best is trial 42 with value: 0.0004824209566414633.
2025-01-29 18:06:40,508 - INFO - Elapsed time: 23370.64 seconds
2025-01-29 18:06:40,508 - INFO - Estimated time left: 0.00 seconds
2025-01-29 18:06:57,473 - INFO - Trial: 85/100, Epoch: 1/15, Val loss: 0.0355, Elapsed time: 0:00:16, Estimated time left: 0:03:57
2025-01-29 18:07:13,286 - INFO - Trial: 85/100, Epoch: 2/15, Val loss: 0.0030, Elapsed time: 0:00:32, Estimated time left: 0:03:25
2025-01-29 18:07:29,589 - INFO - Trial: 85/100, Epoch: 3/15, Val loss: 0.0030, Elapsed time: 0:00:49, Estimated time left: 0:03:15
2025-01-29 18:07:45,385 - INFO - Trial: 85/100, Epoch: 4/15, Val loss: 0.0024, Elapsed time: 0:01:04, Estimated time left: 0:02:53
2025-01-29 18:08:01,546 - INFO - Trial: 85/100, Epoch: 5/15, Val loss: 0.0022, Elapsed time: 0:01:21, Estimated time left: 0:02:41
2025-01-29 18:08:17,085 - INFO - Trial: 85/100, Epoch: 6/15, Val loss: 0.0019, Elapsed time: 0:01:36, Estimated time left: 0:02:19
2025-01-29 18:08:32,943 - INFO - Trial: 85/100, Epoch: 7/15, Val loss: 0.0018, Elapsed time: 0:01:52, Estimated time left: 0:02:06
2025-01-29 18:08:48,809 - INFO - Trial: 85/100, Epoch: 8/15, Val loss: 0.0015, Elapsed time: 0:02:08, Estimated time left: 0:01:51
2025-01-29 18:09:04,440 - INFO - Trial: 85/100, Epoch: 9/15, Val loss: 0.0011, Elapsed time: 0:02:23, Estimated time left: 0:01:33
2025-01-29 18:09:20,536 - INFO - Trial: 85/100, Epoch: 10/15, Val loss: 0.0009, Elapsed time: 0:02:40, Estimated time left: 0:01:20
2025-01-29 18:09:36,131 - INFO - Trial: 85/100, Epoch: 11/15, Val loss: 0.0008, Elapsed time: 0:02:55, Estimated time left: 0:01:02
2025-01-29 18:09:52,197 - INFO - Trial: 85/100, Epoch: 12/15, Val loss: 0.0006, Elapsed time: 0:03:11, Estimated time left: 0:00:48
2025-01-29 18:10:07,716 - INFO - Trial: 85/100, Epoch: 13/15, Val loss: 0.0008, Elapsed time: 0:03:27, Estimated time left: 0:00:31
2025-01-29 18:10:23,804 - INFO - Trial: 85/100, Epoch: 14/15, Val loss: 0.0006, Elapsed time: 0:03:43, Estimated time left: 0:00:16
2025-01-29 18:10:39,448 - INFO - Trial: 85/100, Epoch: 15/15, Val loss: 0.0006, Elapsed time: 0:03:58, Estimated time left: 0:00:00
2025-01-29 18:10:39,449 - INFO - Trial 84 finished with value: 0.0005890903927354237 and parameters: {'hidden_layers': 8, 'n_units_l': 231, 'lr': 0.000381362974283659, 'batch_size': 113}. Best is trial 42 with value: 0.0004824209566414633.
2025-01-29 18:10:39,454 - INFO - Elapsed time: 23609.59 seconds
2025-01-29 18:10:39,455 - INFO - Estimated time left: 0.00 seconds
2025-01-29 18:10:52,869 - INFO - Trial: 86/100, Epoch: 1/15, Val loss: 0.0137, Elapsed time: 0:00:13, Estimated time left: 0:03:07
2025-01-29 18:11:05,960 - INFO - Trial: 86/100, Epoch: 2/15, Val loss: 0.0028, Elapsed time: 0:00:26, Estimated time left: 0:02:50
2025-01-29 18:11:18,697 - INFO - Trial: 86/100, Epoch: 3/15, Val loss: 0.0024, Elapsed time: 0:00:39, Estimated time left: 0:02:32
2025-01-29 18:11:31,778 - INFO - Trial: 86/100, Epoch: 4/15, Val loss: 0.0021, Elapsed time: 0:00:52, Estimated time left: 0:02:23
2025-01-29 18:11:44,743 - INFO - Trial: 86/100, Epoch: 5/15, Val loss: 0.0019, Elapsed time: 0:01:05, Estimated time left: 0:02:09
2025-01-29 18:11:57,805 - INFO - Trial: 86/100, Epoch: 6/15, Val loss: 0.0017, Elapsed time: 0:01:18, Estimated time left: 0:01:57
2025-01-29 18:12:10,923 - INFO - Trial: 86/100, Epoch: 7/15, Val loss: 0.0013, Elapsed time: 0:01:31, Estimated time left: 0:01:44
2025-01-29 18:12:23,725 - INFO - Trial: 86/100, Epoch: 8/15, Val loss: 0.0009, Elapsed time: 0:01:44, Estimated time left: 0:01:29
2025-01-29 18:12:36,899 - INFO - Trial: 86/100, Epoch: 9/15, Val loss: 0.0008, Elapsed time: 0:01:57, Estimated time left: 0:01:19
2025-01-29 18:12:50,019 - INFO - Trial: 86/100, Epoch: 10/15, Val loss: 0.0007, Elapsed time: 0:02:10, Estimated time left: 0:01:05
2025-01-29 18:13:02,918 - INFO - Trial: 86/100, Epoch: 11/15, Val loss: 0.0006, Elapsed time: 0:02:23, Estimated time left: 0:00:51
2025-01-29 18:13:16,105 - INFO - Trial: 86/100, Epoch: 12/15, Val loss: 0.0006, Elapsed time: 0:02:36, Estimated time left: 0:00:39
2025-01-29 18:13:28,798 - INFO - Trial: 86/100, Epoch: 13/15, Val loss: 0.0005, Elapsed time: 0:02:49, Estimated time left: 0:00:25
2025-01-29 18:13:41,955 - INFO - Trial: 86/100, Epoch: 14/15, Val loss: 0.0005, Elapsed time: 0:03:02, Estimated time left: 0:00:13
2025-01-29 18:13:55,184 - INFO - Trial: 86/100, Epoch: 15/15, Val loss: 0.0005, Elapsed time: 0:03:15, Estimated time left: 0:00:00
2025-01-29 18:13:55,185 - INFO - Trial 85 finished with value: 0.0004935132366213348 and parameters: {'hidden_layers': 4, 'n_units_l': 253, 'lr': 0.00036641370001746885, 'batch_size': 111}. Best is trial 42 with value: 0.0004824209566414633.
2025-01-29 18:13:55,188 - INFO - Elapsed time: 23805.32 seconds
2025-01-29 18:13:55,189 - INFO - Estimated time left: 0.00 seconds
2025-01-29 18:14:08,123 - INFO - Trial: 87/100, Epoch: 1/15, Val loss: 0.0231, Elapsed time: 0:00:12, Estimated time left: 0:03:00
2025-01-29 18:14:20,894 - INFO - Trial: 87/100, Epoch: 2/15, Val loss: 0.0035, Elapsed time: 0:00:25, Estimated time left: 0:02:46
2025-01-29 18:14:33,174 - INFO - Trial: 87/100, Epoch: 3/15, Val loss: 0.0027, Elapsed time: 0:00:37, Estimated time left: 0:02:27
2025-01-29 18:14:45,899 - INFO - Trial: 87/100, Epoch: 4/15, Val loss: 0.0024, Elapsed time: 0:00:50, Estimated time left: 0:02:19
2025-01-29 18:14:58,595 - INFO - Trial: 87/100, Epoch: 5/15, Val loss: 0.0024, Elapsed time: 0:01:03, Estimated time left: 0:02:06
2025-01-29 18:15:10,825 - INFO - Trial: 87/100, Epoch: 6/15, Val loss: 0.0022, Elapsed time: 0:01:15, Estimated time left: 0:01:50
2025-01-29 18:15:23,569 - INFO - Trial: 87/100, Epoch: 7/15, Val loss: 0.0022, Elapsed time: 0:01:28, Estimated time left: 0:01:41
2025-01-29 18:15:35,908 - INFO - Trial: 87/100, Epoch: 8/15, Val loss: 0.0021, Elapsed time: 0:01:40, Estimated time left: 0:01:26
2025-01-29 18:15:48,665 - INFO - Trial: 87/100, Epoch: 9/15, Val loss: 0.0020, Elapsed time: 0:01:53, Estimated time left: 0:01:16
2025-01-29 18:16:01,355 - INFO - Trial: 87/100, Epoch: 10/15, Val loss: 0.0019, Elapsed time: 0:02:06, Estimated time left: 0:01:03
2025-01-29 18:16:13,564 - INFO - Trial: 87/100, Epoch: 11/15, Val loss: 0.0019, Elapsed time: 0:02:18, Estimated time left: 0:00:48
2025-01-29 18:16:26,284 - INFO - Trial: 87/100, Epoch: 12/15, Val loss: 0.0019, Elapsed time: 0:02:31, Estimated time left: 0:00:38
2025-01-29 18:16:38,894 - INFO - Trial: 87/100, Epoch: 13/15, Val loss: 0.0018, Elapsed time: 0:02:43, Estimated time left: 0:00:25
2025-01-29 18:16:51,135 - INFO - Trial: 87/100, Epoch: 14/15, Val loss: 0.0018, Elapsed time: 0:02:55, Estimated time left: 0:00:12
2025-01-29 18:17:03,715 - INFO - Trial: 87/100, Epoch: 15/15, Val loss: 0.0017, Elapsed time: 0:03:08, Estimated time left: 0:00:00
2025-01-29 18:17:03,716 - INFO - Trial 86 finished with value: 0.0017414261990594795 and parameters: {'hidden_layers': 4, 'n_units_l': 159, 'lr': 0.0001329390401108519, 'batch_size': 106}. Best is trial 42 with value: 0.0004824209566414633.
2025-01-29 18:17:03,720 - INFO - Elapsed time: 23993.86 seconds
2025-01-29 18:17:03,720 - INFO - Estimated time left: 0.00 seconds
2025-01-29 18:17:16,552 - INFO - Trial: 88/100, Epoch: 1/15, Val loss: 0.0180, Elapsed time: 0:00:12, Estimated time left: 0:02:59
2025-01-29 18:17:29,089 - INFO - Trial: 88/100, Epoch: 2/15, Val loss: 0.0027, Elapsed time: 0:00:25, Estimated time left: 0:02:42
2025-01-29 18:17:40,889 - INFO - Trial: 88/100, Epoch: 3/15, Val loss: 0.0024, Elapsed time: 0:00:37, Estimated time left: 0:02:21
2025-01-29 18:17:53,061 - INFO - Trial: 88/100, Epoch: 4/15, Val loss: 0.0022, Elapsed time: 0:00:49, Estimated time left: 0:02:13
2025-01-29 18:18:05,282 - INFO - Trial: 88/100, Epoch: 5/15, Val loss: 0.0019, Elapsed time: 0:01:01, Estimated time left: 0:02:02
2025-01-29 18:18:17,520 - INFO - Trial: 88/100, Epoch: 6/15, Val loss: 0.0018, Elapsed time: 0:01:13, Estimated time left: 0:01:50
2025-01-29 18:18:29,432 - INFO - Trial: 88/100, Epoch: 7/15, Val loss: 0.0014, Elapsed time: 0:01:25, Estimated time left: 0:01:35
2025-01-29 18:18:41,586 - INFO - Trial: 88/100, Epoch: 8/15, Val loss: 0.0011, Elapsed time: 0:01:37, Estimated time left: 0:01:25
2025-01-29 18:18:53,806 - INFO - Trial: 88/100, Epoch: 9/15, Val loss: 0.0008, Elapsed time: 0:01:50, Estimated time left: 0:01:13
2025-01-29 18:19:06,002 - INFO - Trial: 88/100, Epoch: 10/15, Val loss: 0.0007, Elapsed time: 0:02:02, Estimated time left: 0:01:00
2025-01-29 18:19:18,213 - INFO - Trial: 88/100, Epoch: 11/15, Val loss: 0.0006, Elapsed time: 0:02:14, Estimated time left: 0:00:48
2025-01-29 18:19:29,973 - INFO - Trial: 88/100, Epoch: 12/15, Val loss: 0.0006, Elapsed time: 0:02:26, Estimated time left: 0:00:35
2025-01-29 18:19:42,191 - INFO - Trial: 88/100, Epoch: 13/15, Val loss: 0.0005, Elapsed time: 0:02:38, Estimated time left: 0:00:24
2025-01-29 18:19:54,398 - INFO - Trial: 88/100, Epoch: 14/15, Val loss: 0.0005, Elapsed time: 0:02:50, Estimated time left: 0:00:12
2025-01-29 18:20:06,639 - INFO - Trial: 88/100, Epoch: 15/15, Val loss: 0.0005, Elapsed time: 0:03:02, Estimated time left: 0:00:00
2025-01-29 18:20:06,641 - INFO - Trial 87 finished with value: 0.0004780363610306027 and parameters: {'hidden_layers': 4, 'n_units_l': 254, 'lr': 0.0003683655264417387, 'batch_size': 115}. Best is trial 87 with value: 0.0004780363610306027.
2025-01-29 18:20:06,644 - INFO - Elapsed time: 24176.78 seconds
2025-01-29 18:20:06,644 - INFO - Estimated time left: 0.00 seconds
2025-01-29 18:20:21,681 - INFO - Trial: 89/100, Epoch: 1/15, Val loss: 0.0253, Elapsed time: 0:00:15, Estimated time left: 0:03:30
2025-01-29 18:20:36,090 - INFO - Trial: 89/100, Epoch: 2/15, Val loss: 0.0037, Elapsed time: 0:00:29, Estimated time left: 0:03:07
2025-01-29 18:20:50,577 - INFO - Trial: 89/100, Epoch: 3/15, Val loss: 0.0029, Elapsed time: 0:00:43, Estimated time left: 0:02:53
2025-01-29 18:21:05,021 - INFO - Trial: 89/100, Epoch: 4/15, Val loss: 0.0026, Elapsed time: 0:00:58, Estimated time left: 0:02:38
2025-01-29 18:21:19,484 - INFO - Trial: 89/100, Epoch: 5/15, Val loss: 0.0025, Elapsed time: 0:01:12, Estimated time left: 0:02:24
2025-01-29 18:21:33,997 - INFO - Trial: 89/100, Epoch: 6/15, Val loss: 0.0023, Elapsed time: 0:01:27, Estimated time left: 0:02:10
2025-01-29 18:21:48,405 - INFO - Trial: 89/100, Epoch: 7/15, Val loss: 0.0022, Elapsed time: 0:01:41, Estimated time left: 0:01:55
2025-01-29 18:22:02,863 - INFO - Trial: 89/100, Epoch: 8/15, Val loss: 0.0022, Elapsed time: 0:01:56, Estimated time left: 0:01:41
2025-01-29 18:22:17,326 - INFO - Trial: 89/100, Epoch: 9/15, Val loss: 0.0021, Elapsed time: 0:02:10, Estimated time left: 0:01:26
2025-01-29 18:22:31,829 - INFO - Trial: 89/100, Epoch: 10/15, Val loss: 0.0021, Elapsed time: 0:02:25, Estimated time left: 0:01:12
2025-01-29 18:22:46,330 - INFO - Trial: 89/100, Epoch: 11/15, Val loss: 0.0021, Elapsed time: 0:02:39, Estimated time left: 0:00:58
2025-01-29 18:23:00,819 - INFO - Trial: 89/100, Epoch: 12/15, Val loss: 0.0020, Elapsed time: 0:02:54, Estimated time left: 0:00:43
2025-01-29 18:23:15,308 - INFO - Trial: 89/100, Epoch: 13/15, Val loss: 0.0019, Elapsed time: 0:03:08, Estimated time left: 0:00:28
2025-01-29 18:23:29,850 - INFO - Trial: 89/100, Epoch: 14/15, Val loss: 0.0019, Elapsed time: 0:03:23, Estimated time left: 0:00:14
2025-01-29 18:23:44,424 - INFO - Trial: 89/100, Epoch: 15/15, Val loss: 0.0019, Elapsed time: 0:03:37, Estimated time left: 0:00:00
2025-01-29 18:23:44,426 - INFO - Trial 88 finished with value: 0.0018886422988567124 and parameters: {'hidden_layers': 4, 'n_units_l': 170, 'lr': 7.83888950893719e-05, 'batch_size': 88}. Best is trial 87 with value: 0.0004780363610306027.
2025-01-29 18:23:44,429 - INFO - Elapsed time: 24394.56 seconds
2025-01-29 18:23:44,429 - INFO - Estimated time left: 0.00 seconds
2025-01-29 18:23:57,587 - INFO - Trial: 90/100, Epoch: 1/15, Val loss: 0.0117, Elapsed time: 0:00:13, Estimated time left: 0:03:03
2025-01-29 18:24:10,531 - INFO - Trial: 90/100, Epoch: 2/15, Val loss: 0.0029, Elapsed time: 0:00:26, Estimated time left: 0:02:48
2025-01-29 18:24:23,559 - INFO - Trial: 90/100, Epoch: 3/15, Val loss: 0.0025, Elapsed time: 0:00:39, Estimated time left: 0:02:36
2025-01-29 18:24:36,574 - INFO - Trial: 90/100, Epoch: 4/15, Val loss: 0.0024, Elapsed time: 0:00:52, Estimated time left: 0:02:23
2025-01-29 18:24:49,133 - INFO - Trial: 90/100, Epoch: 5/15, Val loss: 0.0021, Elapsed time: 0:01:04, Estimated time left: 0:02:05
2025-01-29 18:25:02,045 - INFO - Trial: 90/100, Epoch: 6/15, Val loss: 0.0020, Elapsed time: 0:01:17, Estimated time left: 0:01:56
2025-01-29 18:25:14,926 - INFO - Trial: 90/100, Epoch: 7/15, Val loss: 0.0020, Elapsed time: 0:01:30, Estimated time left: 0:01:43
2025-01-29 18:25:27,788 - INFO - Trial: 90/100, Epoch: 8/15, Val loss: 0.0018, Elapsed time: 0:01:43, Estimated time left: 0:01:30
2025-01-29 18:25:40,193 - INFO - Trial: 90/100, Epoch: 9/15, Val loss: 0.0018, Elapsed time: 0:01:55, Estimated time left: 0:01:14
2025-01-29 18:25:53,085 - INFO - Trial: 90/100, Epoch: 10/15, Val loss: 0.0017, Elapsed time: 0:02:08, Estimated time left: 0:01:04
2025-01-29 18:26:06,035 - INFO - Trial: 90/100, Epoch: 11/15, Val loss: 0.0017, Elapsed time: 0:02:21, Estimated time left: 0:00:51
2025-01-29 18:26:18,942 - INFO - Trial: 90/100, Epoch: 12/15, Val loss: 0.0016, Elapsed time: 0:02:34, Estimated time left: 0:00:38
2025-01-29 18:26:31,420 - INFO - Trial: 90/100, Epoch: 13/15, Val loss: 0.0016, Elapsed time: 0:02:46, Estimated time left: 0:00:24
2025-01-29 18:26:44,449 - INFO - Trial: 90/100, Epoch: 14/15, Val loss: 0.0015, Elapsed time: 0:03:00, Estimated time left: 0:00:13
2025-01-29 18:26:57,413 - INFO - Trial: 90/100, Epoch: 15/15, Val loss: 0.0015, Elapsed time: 0:03:12, Estimated time left: 0:00:00
