2025-01-29 14:47:42,608 - INFO - Trial 35 finished with value: 0.0006912349060962639 and parameters: {'hidden_layers': 7, 'n_units_l': 210, 'lr': 0.0002490568310482843, 'batch_size': 128}. Best is trial 21 with value: 0.0005159653919716573.
2025-01-29 14:47:42,610 - INFO - Elapsed time: 11432.75 seconds
2025-01-29 14:47:42,610 - INFO - Estimated time left: 0.00 seconds
2025-01-29 14:48:23,323 - INFO - Trial: 37/100, Epoch: 1/15, Val loss: 0.0204, Elapsed time: 0:00:40, Estimated time left: 0:09:29
2025-01-29 14:49:01,525 - INFO - Trial: 37/100, Epoch: 2/15, Val loss: 0.0032, Elapsed time: 0:01:18, Estimated time left: 0:08:16
2025-01-29 14:49:39,665 - INFO - Trial: 37/100, Epoch: 3/15, Val loss: 0.0026, Elapsed time: 0:01:57, Estimated time left: 0:07:37
2025-01-29 14:50:17,780 - INFO - Trial: 37/100, Epoch: 4/15, Val loss: 0.0021, Elapsed time: 0:02:35, Estimated time left: 0:06:59
2025-01-29 14:50:55,914 - INFO - Trial: 37/100, Epoch: 5/15, Val loss: 0.0018, Elapsed time: 0:03:13, Estimated time left: 0:06:21
2025-01-29 14:51:34,214 - INFO - Trial: 37/100, Epoch: 6/15, Val loss: 0.0013, Elapsed time: 0:03:51, Estimated time left: 0:05:44
2025-01-29 14:52:12,635 - INFO - Trial: 37/100, Epoch: 7/15, Val loss: 0.0013, Elapsed time: 0:04:30, Estimated time left: 0:05:07
2025-01-29 14:52:51,167 - INFO - Trial: 37/100, Epoch: 8/15, Val loss: 0.0011, Elapsed time: 0:05:08, Estimated time left: 0:04:29
2025-01-29 14:53:29,359 - INFO - Trial: 37/100, Epoch: 9/15, Val loss: 0.0014, Elapsed time: 0:05:46, Estimated time left: 0:03:49
2025-01-29 14:54:07,564 - INFO - Trial: 37/100, Epoch: 10/15, Val loss: 0.0011, Elapsed time: 0:06:24, Estimated time left: 0:03:11
2025-01-29 14:54:45,856 - INFO - Trial: 37/100, Epoch: 11/15, Val loss: 0.0009, Elapsed time: 0:07:03, Estimated time left: 0:02:33
2025-01-29 14:55:24,200 - INFO - Trial: 37/100, Epoch: 12/15, Val loss: 0.0012, Elapsed time: 0:07:41, Estimated time left: 0:01:55
2025-01-29 14:56:02,478 - INFO - Trial: 37/100, Epoch: 13/15, Val loss: 0.0008, Elapsed time: 0:08:19, Estimated time left: 0:01:16
2025-01-29 14:56:41,833 - INFO - Trial: 37/100, Epoch: 14/15, Val loss: 0.0008, Elapsed time: 0:08:59, Estimated time left: 0:00:39
2025-01-29 14:57:21,435 - INFO - Trial: 37/100, Epoch: 15/15, Val loss: 0.0009, Elapsed time: 0:09:38, Estimated time left: 0:00:00
2025-01-29 14:57:21,436 - INFO - Trial 36 finished with value: 0.0008942414317549946 and parameters: {'hidden_layers': 8, 'n_units_l': 245, 'lr': 0.0015592668265050895, 'batch_size': 42}. Best is trial 21 with value: 0.0005159653919716573.
2025-01-29 14:57:21,438 - INFO - Elapsed time: 12011.58 seconds
2025-01-29 14:57:21,438 - INFO - Estimated time left: 0.00 seconds
2025-01-29 14:57:43,380 - INFO - Trial: 38/100, Epoch: 1/15, Val loss: 0.0192, Elapsed time: 0:00:21, Estimated time left: 0:05:07
2025-01-29 14:58:04,123 - INFO - Trial: 38/100, Epoch: 2/15, Val loss: 0.0038, Elapsed time: 0:00:42, Estimated time left: 0:04:29
2025-01-29 14:58:24,914 - INFO - Trial: 38/100, Epoch: 3/15, Val loss: 0.0032, Elapsed time: 0:01:03, Estimated time left: 0:04:09
2025-01-29 14:58:45,286 - INFO - Trial: 38/100, Epoch: 4/15, Val loss: 0.0029, Elapsed time: 0:01:23, Estimated time left: 0:03:44
2025-01-29 14:59:05,952 - INFO - Trial: 38/100, Epoch: 5/15, Val loss: 0.0027, Elapsed time: 0:01:44, Estimated time left: 0:03:26
2025-01-29 14:59:26,312 - INFO - Trial: 38/100, Epoch: 6/15, Val loss: 0.0026, Elapsed time: 0:02:04, Estimated time left: 0:03:03
2025-01-29 14:59:46,660 - INFO - Trial: 38/100, Epoch: 7/15, Val loss: 0.0025, Elapsed time: 0:02:25, Estimated time left: 0:02:42
2025-01-29 15:00:06,673 - INFO - Trial: 38/100, Epoch: 8/15, Val loss: 0.0025, Elapsed time: 0:02:45, Estimated time left: 0:02:20
2025-01-29 15:00:26,904 - INFO - Trial: 38/100, Epoch: 9/15, Val loss: 0.0024, Elapsed time: 0:03:05, Estimated time left: 0:02:01
2025-01-29 15:00:47,045 - INFO - Trial: 38/100, Epoch: 10/15, Val loss: 0.0023, Elapsed time: 0:03:25, Estimated time left: 0:01:40
2025-01-29 15:01:07,221 - INFO - Trial: 38/100, Epoch: 11/15, Val loss: 0.0023, Elapsed time: 0:03:45, Estimated time left: 0:01:20
2025-01-29 15:01:27,436 - INFO - Trial: 38/100, Epoch: 12/15, Val loss: 0.0022, Elapsed time: 0:04:05, Estimated time left: 0:01:00
2025-01-29 15:01:47,403 - INFO - Trial: 38/100, Epoch: 13/15, Val loss: 0.0021, Elapsed time: 0:04:25, Estimated time left: 0:00:39
2025-01-29 15:02:07,580 - INFO - Trial: 38/100, Epoch: 14/15, Val loss: 0.0021, Elapsed time: 0:04:46, Estimated time left: 0:00:20
2025-01-29 15:02:27,739 - INFO - Trial: 38/100, Epoch: 15/15, Val loss: 0.0021, Elapsed time: 0:05:06, Estimated time left: 0:00:00
2025-01-29 15:02:27,741 - INFO - Trial 37 finished with value: 0.0021266420901568583 and parameters: {'hidden_layers': 3, 'n_units_l': 88, 'lr': 0.00010635607232267924, 'batch_size': 52}. Best is trial 21 with value: 0.0005159653919716573.
2025-01-29 15:02:27,743 - INFO - Elapsed time: 12317.88 seconds
2025-01-29 15:02:27,743 - INFO - Estimated time left: 0.00 seconds
2025-01-29 15:02:37,453 - INFO - Trial: 39/100, Epoch: 1/15, Val loss: 0.0866, Elapsed time: 0:00:09, Estimated time left: 0:02:15
2025-01-29 15:02:46,665 - INFO - Trial: 39/100, Epoch: 2/15, Val loss: 0.0129, Elapsed time: 0:00:18, Estimated time left: 0:01:59
2025-01-29 15:02:55,872 - INFO - Trial: 39/100, Epoch: 3/15, Val loss: 0.0110, Elapsed time: 0:00:28, Estimated time left: 0:01:50
2025-01-29 15:03:05,176 - INFO - Trial: 39/100, Epoch: 4/15, Val loss: 0.0105, Elapsed time: 0:00:37, Estimated time left: 0:01:42
2025-01-29 15:03:14,419 - INFO - Trial: 39/100, Epoch: 5/15, Val loss: 0.0100, Elapsed time: 0:00:46, Estimated time left: 0:01:32
2025-01-29 15:03:23,650 - INFO - Trial: 39/100, Epoch: 6/15, Val loss: 0.0098, Elapsed time: 0:00:55, Estimated time left: 0:01:23
2025-01-29 15:03:32,703 - INFO - Trial: 39/100, Epoch: 7/15, Val loss: 0.0095, Elapsed time: 0:01:04, Estimated time left: 0:01:12
2025-01-29 15:03:41,942 - INFO - Trial: 39/100, Epoch: 8/15, Val loss: 0.0093, Elapsed time: 0:01:14, Estimated time left: 0:01:04
2025-01-29 15:03:51,198 - INFO - Trial: 39/100, Epoch: 9/15, Val loss: 0.0091, Elapsed time: 0:01:23, Estimated time left: 0:00:55
2025-01-29 15:04:00,413 - INFO - Trial: 39/100, Epoch: 10/15, Val loss: 0.0089, Elapsed time: 0:01:32, Estimated time left: 0:00:46
2025-01-29 15:04:09,663 - INFO - Trial: 39/100, Epoch: 11/15, Val loss: 0.0069, Elapsed time: 0:01:41, Estimated time left: 0:00:37
2025-01-29 15:04:18,983 - INFO - Trial: 39/100, Epoch: 12/15, Val loss: 0.0062, Elapsed time: 0:01:51, Estimated time left: 0:00:27
2025-01-29 15:04:28,134 - INFO - Trial: 39/100, Epoch: 13/15, Val loss: 0.0059, Elapsed time: 0:02:00, Estimated time left: 0:00:18
2025-01-29 15:04:37,414 - INFO - Trial: 39/100, Epoch: 14/15, Val loss: 0.0056, Elapsed time: 0:02:09, Estimated time left: 0:00:09
2025-01-29 15:04:46,629 - INFO - Trial: 39/100, Epoch: 15/15, Val loss: 0.0054, Elapsed time: 0:02:18, Estimated time left: 0:00:00
2025-01-29 15:04:46,631 - INFO - Trial 38 finished with value: 0.005445430815405564 and parameters: {'hidden_layers': 5, 'n_units_l': 11, 'lr': 0.0006762761756840526, 'batch_size': 156}. Best is trial 21 with value: 0.0005159653919716573.
2025-01-29 15:04:46,633 - INFO - Elapsed time: 12456.77 seconds
2025-01-29 15:04:46,633 - INFO - Estimated time left: 0.00 seconds
2025-01-29 15:05:13,548 - INFO - Trial: 40/100, Epoch: 1/15, Val loss: 0.0179, Elapsed time: 0:00:26, Estimated time left: 0:06:16
2025-01-29 15:05:39,772 - INFO - Trial: 40/100, Epoch: 2/15, Val loss: 0.0031, Elapsed time: 0:00:53, Estimated time left: 0:05:40
2025-01-29 15:06:05,897 - INFO - Trial: 40/100, Epoch: 3/15, Val loss: 0.0025, Elapsed time: 0:01:19, Estimated time left: 0:05:13
2025-01-29 15:06:32,038 - INFO - Trial: 40/100, Epoch: 4/15, Val loss: 0.0020, Elapsed time: 0:01:45, Estimated time left: 0:04:47
2025-01-29 15:06:58,201 - INFO - Trial: 40/100, Epoch: 5/15, Val loss: 0.0018, Elapsed time: 0:02:11, Estimated time left: 0:04:21
2025-01-29 15:07:24,341 - INFO - Trial: 40/100, Epoch: 6/15, Val loss: 0.0016, Elapsed time: 0:02:37, Estimated time left: 0:03:55
2025-01-29 15:07:50,550 - INFO - Trial: 40/100, Epoch: 7/15, Val loss: 0.0014, Elapsed time: 0:03:03, Estimated time left: 0:03:29
2025-01-29 15:08:16,696 - INFO - Trial: 40/100, Epoch: 8/15, Val loss: 0.0013, Elapsed time: 0:03:30, Estimated time left: 0:03:03
2025-01-29 15:08:42,845 - INFO - Trial: 40/100, Epoch: 9/15, Val loss: 0.0014, Elapsed time: 0:03:56, Estimated time left: 0:02:36
2025-01-29 15:09:09,021 - INFO - Trial: 40/100, Epoch: 10/15, Val loss: 0.0014, Elapsed time: 0:04:22, Estimated time left: 0:02:10
2025-01-29 15:09:35,190 - INFO - Trial: 40/100, Epoch: 11/15, Val loss: 0.0013, Elapsed time: 0:04:48, Estimated time left: 0:01:44
2025-01-29 15:10:01,393 - INFO - Trial: 40/100, Epoch: 12/15, Val loss: 0.0013, Elapsed time: 0:05:14, Estimated time left: 0:01:18
2025-01-29 15:10:27,553 - INFO - Trial: 40/100, Epoch: 13/15, Val loss: 0.0011, Elapsed time: 0:05:40, Estimated time left: 0:00:52
2025-01-29 15:10:53,516 - INFO - Trial: 40/100, Epoch: 14/15, Val loss: 0.0011, Elapsed time: 0:06:06, Estimated time left: 0:00:25
2025-01-29 15:11:19,762 - INFO - Trial: 40/100, Epoch: 15/15, Val loss: 0.0012, Elapsed time: 0:06:33, Estimated time left: 0:00:00
2025-01-29 15:11:19,764 - INFO - Trial 39 finished with value: 0.0011894151605698461 and parameters: {'hidden_layers': 4, 'n_units_l': 133, 'lr': 0.0021575503090239877, 'batch_size': 44}. Best is trial 21 with value: 0.0005159653919716573.
2025-01-29 15:11:19,766 - INFO - Elapsed time: 12849.90 seconds
2025-01-29 15:11:19,766 - INFO - Estimated time left: 0.00 seconds
2025-01-29 15:11:35,479 - INFO - Trial: 41/100, Epoch: 1/15, Val loss: 0.0270, Elapsed time: 0:00:15, Estimated time left: 0:03:39
2025-01-29 15:11:50,165 - INFO - Trial: 41/100, Epoch: 2/15, Val loss: 0.0028, Elapsed time: 0:00:30, Estimated time left: 0:03:10
2025-01-29 15:12:05,206 - INFO - Trial: 41/100, Epoch: 3/15, Val loss: 0.0025, Elapsed time: 0:00:45, Estimated time left: 0:03:00
2025-01-29 15:12:20,188 - INFO - Trial: 41/100, Epoch: 4/15, Val loss: 0.0023, Elapsed time: 0:01:00, Estimated time left: 0:02:44
2025-01-29 15:12:34,990 - INFO - Trial: 41/100, Epoch: 5/15, Val loss: 0.0018, Elapsed time: 0:01:15, Estimated time left: 0:02:28
2025-01-29 15:12:49,984 - INFO - Trial: 41/100, Epoch: 6/15, Val loss: 0.0015, Elapsed time: 0:01:30, Estimated time left: 0:02:14
2025-01-29 15:13:04,927 - INFO - Trial: 41/100, Epoch: 7/15, Val loss: 0.0014, Elapsed time: 0:01:45, Estimated time left: 0:01:59
2025-01-29 15:13:19,942 - INFO - Trial: 41/100, Epoch: 8/15, Val loss: 0.0012, Elapsed time: 0:02:00, Estimated time left: 0:01:45
2025-01-29 15:13:34,695 - INFO - Trial: 41/100, Epoch: 9/15, Val loss: 0.0011, Elapsed time: 0:02:14, Estimated time left: 0:01:28
2025-01-29 15:13:49,615 - INFO - Trial: 41/100, Epoch: 10/15, Val loss: 0.0010, Elapsed time: 0:02:29, Estimated time left: 0:01:14
2025-01-29 15:14:04,468 - INFO - Trial: 41/100, Epoch: 11/15, Val loss: 0.0010, Elapsed time: 0:02:44, Estimated time left: 0:00:59
2025-01-29 15:14:19,034 - INFO - Trial: 41/100, Epoch: 12/15, Val loss: 0.0009, Elapsed time: 0:02:59, Estimated time left: 0:00:43
2025-01-29 15:14:34,000 - INFO - Trial: 41/100, Epoch: 13/15, Val loss: 0.0008, Elapsed time: 0:03:14, Estimated time left: 0:00:29
2025-01-29 15:14:49,028 - INFO - Trial: 41/100, Epoch: 14/15, Val loss: 0.0009, Elapsed time: 0:03:29, Estimated time left: 0:00:15
2025-01-29 15:15:04,093 - INFO - Trial: 41/100, Epoch: 15/15, Val loss: 0.0007, Elapsed time: 0:03:44, Estimated time left: 0:00:00
2025-01-29 15:15:04,094 - INFO - Trial 40 finished with value: 0.0007312126053474719 and parameters: {'hidden_layers': 7, 'n_units_l': 164, 'lr': 0.0010086401388425734, 'batch_size': 105}. Best is trial 21 with value: 0.0005159653919716573.
2025-01-29 15:15:04,096 - INFO - Elapsed time: 13074.23 seconds
2025-01-29 15:15:04,096 - INFO - Estimated time left: 0.00 seconds
2025-01-29 15:15:25,434 - INFO - Trial: 42/100, Epoch: 1/15, Val loss: 0.0280, Elapsed time: 0:00:21, Estimated time left: 0:04:58
2025-01-29 15:15:45,148 - INFO - Trial: 42/100, Epoch: 2/15, Val loss: 0.0030, Elapsed time: 0:00:41, Estimated time left: 0:04:16
2025-01-29 15:16:05,181 - INFO - Trial: 42/100, Epoch: 3/15, Val loss: 0.0025, Elapsed time: 0:01:01, Estimated time left: 0:04:00
2025-01-29 15:16:24,933 - INFO - Trial: 42/100, Epoch: 4/15, Val loss: 0.0018, Elapsed time: 0:01:20, Estimated time left: 0:03:37
2025-01-29 15:16:44,406 - INFO - Trial: 42/100, Epoch: 5/15, Val loss: 0.0015, Elapsed time: 0:01:40, Estimated time left: 0:03:14
2025-01-29 15:17:04,196 - INFO - Trial: 42/100, Epoch: 6/15, Val loss: 0.0012, Elapsed time: 0:02:00, Estimated time left: 0:02:58
2025-01-29 15:17:23,785 - INFO - Trial: 42/100, Epoch: 7/15, Val loss: 0.0012, Elapsed time: 0:02:19, Estimated time left: 0:02:36
2025-01-29 15:17:43,260 - INFO - Trial: 42/100, Epoch: 8/15, Val loss: 0.0012, Elapsed time: 0:02:39, Estimated time left: 0:02:16
2025-01-29 15:18:03,183 - INFO - Trial: 42/100, Epoch: 9/15, Val loss: 0.0012, Elapsed time: 0:02:59, Estimated time left: 0:01:59
2025-01-29 15:18:22,807 - INFO - Trial: 42/100, Epoch: 10/15, Val loss: 0.0010, Elapsed time: 0:03:18, Estimated time left: 0:01:38
2025-01-29 15:18:42,486 - INFO - Trial: 42/100, Epoch: 11/15, Val loss: 0.0009, Elapsed time: 0:03:38, Estimated time left: 0:01:18
2025-01-29 15:19:02,287 - INFO - Trial: 42/100, Epoch: 12/15, Val loss: 0.0009, Elapsed time: 0:03:58, Estimated time left: 0:00:59
2025-01-29 15:19:21,905 - INFO - Trial: 42/100, Epoch: 13/15, Val loss: 0.0008, Elapsed time: 0:04:17, Estimated time left: 0:00:39
2025-01-29 15:19:41,596 - INFO - Trial: 42/100, Epoch: 14/15, Val loss: 0.0008, Elapsed time: 0:04:37, Estimated time left: 0:00:19
2025-01-29 15:20:01,474 - INFO - Trial: 42/100, Epoch: 15/15, Val loss: 0.0007, Elapsed time: 0:04:57, Estimated time left: 0:00:00
2025-01-29 15:20:01,475 - INFO - Trial 41 finished with value: 0.0007142469319629259 and parameters: {'hidden_layers': 7, 'n_units_l': 222, 'lr': 0.00087048899715061, 'batch_size': 78}. Best is trial 21 with value: 0.0005159653919716573.
2025-01-29 15:20:01,477 - INFO - Elapsed time: 13371.61 seconds
2025-01-29 15:20:01,477 - INFO - Estimated time left: 0.00 seconds
2025-01-29 15:20:22,349 - INFO - Trial: 43/100, Epoch: 1/15, Val loss: 0.0272, Elapsed time: 0:00:20, Estimated time left: 0:04:51
2025-01-29 15:20:41,905 - INFO - Trial: 43/100, Epoch: 2/15, Val loss: 0.0030, Elapsed time: 0:00:40, Estimated time left: 0:04:14
2025-01-29 15:21:01,261 - INFO - Trial: 43/100, Epoch: 3/15, Val loss: 0.0026, Elapsed time: 0:00:59, Estimated time left: 0:03:52
2025-01-29 15:21:20,859 - INFO - Trial: 43/100, Epoch: 4/15, Val loss: 0.0022, Elapsed time: 0:01:19, Estimated time left: 0:03:35
2025-01-29 15:21:40,313 - INFO - Trial: 43/100, Epoch: 5/15, Val loss: 0.0021, Elapsed time: 0:01:38, Estimated time left: 0:03:14
2025-01-29 15:21:59,597 - INFO - Trial: 43/100, Epoch: 6/15, Val loss: 0.0017, Elapsed time: 0:01:58, Estimated time left: 0:02:53
2025-01-29 15:22:18,935 - INFO - Trial: 43/100, Epoch: 7/15, Val loss: 0.0014, Elapsed time: 0:02:17, Estimated time left: 0:02:34
2025-01-29 15:22:38,372 - INFO - Trial: 43/100, Epoch: 8/15, Val loss: 0.0012, Elapsed time: 0:02:36, Estimated time left: 0:02:16
2025-01-29 15:22:57,632 - INFO - Trial: 43/100, Epoch: 9/15, Val loss: 0.0011, Elapsed time: 0:02:56, Estimated time left: 0:01:55
2025-01-29 15:23:17,104 - INFO - Trial: 43/100, Epoch: 10/15, Val loss: 0.0009, Elapsed time: 0:03:15, Estimated time left: 0:01:37
2025-01-29 15:23:36,653 - INFO - Trial: 43/100, Epoch: 11/15, Val loss: 0.0007, Elapsed time: 0:03:35, Estimated time left: 0:01:18
2025-01-29 15:23:56,039 - INFO - Trial: 43/100, Epoch: 12/15, Val loss: 0.0007, Elapsed time: 0:03:54, Estimated time left: 0:00:58
2025-01-29 15:24:15,527 - INFO - Trial: 43/100, Epoch: 13/15, Val loss: 0.0008, Elapsed time: 0:04:14, Estimated time left: 0:00:38
2025-01-29 15:24:35,031 - INFO - Trial: 43/100, Epoch: 14/15, Val loss: 0.0006, Elapsed time: 0:04:33, Estimated time left: 0:00:19
2025-01-29 15:24:54,649 - INFO - Trial: 43/100, Epoch: 15/15, Val loss: 0.0005, Elapsed time: 0:04:53, Estimated time left: 0:00:00
2025-01-29 15:24:54,651 - INFO - Trial 42 finished with value: 0.0004824209566414633 and parameters: {'hidden_layers': 8, 'n_units_l': 247, 'lr': 0.0004821155390610885, 'batch_size': 85}. Best is trial 42 with value: 0.0004824209566414633.
2025-01-29 15:24:54,652 - INFO - Elapsed time: 13664.79 seconds
2025-01-29 15:24:54,653 - INFO - Estimated time left: 0.00 seconds
2025-01-29 15:25:23,144 - INFO - Trial: 44/100, Epoch: 1/15, Val loss: 0.0422, Elapsed time: 0:00:28, Estimated time left: 0:06:38
2025-01-29 15:25:49,458 - INFO - Trial: 44/100, Epoch: 2/15, Val loss: 0.0030, Elapsed time: 0:00:54, Estimated time left: 0:05:42
2025-01-29 15:26:15,734 - INFO - Trial: 44/100, Epoch: 3/15, Val loss: 0.0027, Elapsed time: 0:01:21, Estimated time left: 0:05:15
2025-01-29 15:26:41,978 - INFO - Trial: 44/100, Epoch: 4/15, Val loss: 0.0023, Elapsed time: 0:01:47, Estimated time left: 0:04:48
2025-01-29 15:27:08,354 - INFO - Trial: 44/100, Epoch: 5/15, Val loss: 0.0021, Elapsed time: 0:02:13, Estimated time left: 0:04:23
2025-01-29 15:27:34,679 - INFO - Trial: 44/100, Epoch: 6/15, Val loss: 0.0019, Elapsed time: 0:02:40, Estimated time left: 0:03:56
2025-01-29 15:28:00,931 - INFO - Trial: 44/100, Epoch: 7/15, Val loss: 0.0018, Elapsed time: 0:03:06, Estimated time left: 0:03:30
2025-01-29 15:28:27,379 - INFO - Trial: 44/100, Epoch: 8/15, Val loss: 0.0016, Elapsed time: 0:03:32, Estimated time left: 0:03:05
2025-01-29 15:28:53,717 - INFO - Trial: 44/100, Epoch: 9/15, Val loss: 0.0015, Elapsed time: 0:03:59, Estimated time left: 0:02:38
2025-01-29 15:29:20,094 - INFO - Trial: 44/100, Epoch: 10/15, Val loss: 0.0013, Elapsed time: 0:04:25, Estimated time left: 0:02:11
2025-01-29 15:29:46,825 - INFO - Trial: 44/100, Epoch: 11/15, Val loss: 0.0011, Elapsed time: 0:04:52, Estimated time left: 0:01:46
2025-01-29 15:30:13,224 - INFO - Trial: 44/100, Epoch: 12/15, Val loss: 0.0010, Elapsed time: 0:05:18, Estimated time left: 0:01:19
2025-01-29 15:30:39,575 - INFO - Trial: 44/100, Epoch: 13/15, Val loss: 0.0008, Elapsed time: 0:05:44, Estimated time left: 0:00:52
2025-01-29 15:31:05,997 - INFO - Trial: 44/100, Epoch: 14/15, Val loss: 0.0007, Elapsed time: 0:06:11, Estimated time left: 0:00:26
2025-01-29 15:31:32,330 - INFO - Trial: 44/100, Epoch: 15/15, Val loss: 0.0007, Elapsed time: 0:06:37, Estimated time left: 0:00:00
2025-01-29 15:31:32,331 - INFO - Trial 43 finished with value: 0.0007159794882307693 and parameters: {'hidden_layers': 8, 'n_units_l': 185, 'lr': 0.00023565700285748114, 'batch_size': 58}. Best is trial 42 with value: 0.0004824209566414633.
2025-01-29 15:31:32,333 - INFO - Elapsed time: 14062.47 seconds
2025-01-29 15:31:32,333 - INFO - Estimated time left: 0.00 seconds
2025-01-29 15:31:52,381 - INFO - Trial: 45/100, Epoch: 1/15, Val loss: 0.0352, Elapsed time: 0:00:20, Estimated time left: 0:04:40
2025-01-29 15:32:11,300 - INFO - Trial: 45/100, Epoch: 2/15, Val loss: 0.0032, Elapsed time: 0:00:38, Estimated time left: 0:04:05
2025-01-29 15:32:29,717 - INFO - Trial: 45/100, Epoch: 3/15, Val loss: 0.0024, Elapsed time: 0:00:57, Estimated time left: 0:03:41
2025-01-29 15:32:48,650 - INFO - Trial: 45/100, Epoch: 4/15, Val loss: 0.0025, Elapsed time: 0:01:16, Estimated time left: 0:03:28
2025-01-29 15:33:07,096 - INFO - Trial: 45/100, Epoch: 5/15, Val loss: 0.0021, Elapsed time: 0:01:34, Estimated time left: 0:03:04
2025-01-29 15:33:26,011 - INFO - Trial: 45/100, Epoch: 6/15, Val loss: 0.0019, Elapsed time: 0:01:53, Estimated time left: 0:02:50
2025-01-29 15:33:44,448 - INFO - Trial: 45/100, Epoch: 7/15, Val loss: 0.0018, Elapsed time: 0:02:12, Estimated time left: 0:02:27
2025-01-29 15:34:03,369 - INFO - Trial: 45/100, Epoch: 8/15, Val loss: 0.0015, Elapsed time: 0:02:31, Estimated time left: 0:02:12
2025-01-29 15:34:21,791 - INFO - Trial: 45/100, Epoch: 9/15, Val loss: 0.0015, Elapsed time: 0:02:49, Estimated time left: 0:01:50
2025-01-29 15:34:40,643 - INFO - Trial: 45/100, Epoch: 10/15, Val loss: 0.0014, Elapsed time: 0:03:08, Estimated time left: 0:01:34
2025-01-29 15:34:58,826 - INFO - Trial: 45/100, Epoch: 11/15, Val loss: 0.0010, Elapsed time: 0:03:26, Estimated time left: 0:01:12
2025-01-29 15:35:17,268 - INFO - Trial: 45/100, Epoch: 12/15, Val loss: 0.0010, Elapsed time: 0:03:44, Estimated time left: 0:00:55
2025-01-29 15:35:35,458 - INFO - Trial: 45/100, Epoch: 13/15, Val loss: 0.0011, Elapsed time: 0:04:03, Estimated time left: 0:00:36
2025-01-29 15:35:53,961 - INFO - Trial: 45/100, Epoch: 14/15, Val loss: 0.0010, Elapsed time: 0:04:21, Estimated time left: 0:00:18
2025-01-29 15:36:12,709 - INFO - Trial: 45/100, Epoch: 15/15, Val loss: 0.0008, Elapsed time: 0:04:40, Estimated time left: 0:00:00
