2025-01-29 14:07:00,319 - INFO - Trial 26 finished with value: 0.001432420920096186 and parameters: {'hidden_layers': 8, 'n_units_l': 184, 'lr': 7.702783003070878e-05, 'batch_size': 37}. Best is trial 21 with value: 0.0005159653919716573.
2025-01-29 14:07:00,320 - INFO - Elapsed time: 8990.46 seconds
2025-01-29 14:07:00,320 - INFO - Estimated time left: 0.00 seconds
2025-01-29 14:07:23,286 - INFO - Trial: 28/100, Epoch: 1/15, Val loss: 0.0259, Elapsed time: 0:00:22, Estimated time left: 0:05:21
2025-01-29 14:07:44,362 - INFO - Trial: 28/100, Epoch: 2/15, Val loss: 0.0035, Elapsed time: 0:00:44, Estimated time left: 0:04:33
2025-01-29 14:08:05,668 - INFO - Trial: 28/100, Epoch: 3/15, Val loss: 0.0027, Elapsed time: 0:01:05, Estimated time left: 0:04:15
2025-01-29 14:08:26,741 - INFO - Trial: 28/100, Epoch: 4/15, Val loss: 0.0026, Elapsed time: 0:01:26, Estimated time left: 0:03:51
2025-01-29 14:08:47,987 - INFO - Trial: 28/100, Epoch: 5/15, Val loss: 0.0026, Elapsed time: 0:01:47, Estimated time left: 0:03:32
2025-01-29 14:09:08,960 - INFO - Trial: 28/100, Epoch: 6/15, Val loss: 0.0019, Elapsed time: 0:02:08, Estimated time left: 0:03:08
2025-01-29 14:09:30,169 - INFO - Trial: 28/100, Epoch: 7/15, Val loss: 0.0018, Elapsed time: 0:02:29, Estimated time left: 0:02:49
2025-01-29 14:09:51,169 - INFO - Trial: 28/100, Epoch: 8/15, Val loss: 0.0017, Elapsed time: 0:02:50, Estimated time left: 0:02:27
2025-01-29 14:10:12,481 - INFO - Trial: 28/100, Epoch: 9/15, Val loss: 0.0017, Elapsed time: 0:03:12, Estimated time left: 0:02:07
2025-01-29 14:10:33,453 - INFO - Trial: 28/100, Epoch: 10/15, Val loss: 0.0014, Elapsed time: 0:03:33, Estimated time left: 0:01:44
2025-01-29 14:10:54,731 - INFO - Trial: 28/100, Epoch: 11/15, Val loss: 0.0016, Elapsed time: 0:03:54, Estimated time left: 0:01:25
2025-01-29 14:11:15,824 - INFO - Trial: 28/100, Epoch: 12/15, Val loss: 0.0015, Elapsed time: 0:04:15, Estimated time left: 0:01:03
2025-01-29 14:11:37,079 - INFO - Trial: 28/100, Epoch: 13/15, Val loss: 0.0014, Elapsed time: 0:04:36, Estimated time left: 0:00:42
2025-01-29 14:11:58,086 - INFO - Trial: 28/100, Epoch: 14/15, Val loss: 0.0012, Elapsed time: 0:04:57, Estimated time left: 0:00:21
2025-01-29 14:12:19,413 - INFO - Trial: 28/100, Epoch: 15/15, Val loss: 0.0013, Elapsed time: 0:05:19, Estimated time left: 0:00:00
2025-01-29 14:12:19,414 - INFO - Trial 27 finished with value: 0.0013435053866088168 and parameters: {'hidden_layers': 7, 'n_units_l': 107, 'lr': 0.0027113023607164624, 'batch_size': 68}. Best is trial 21 with value: 0.0005159653919716573.
2025-01-29 14:12:19,416 - INFO - Elapsed time: 9309.55 seconds
2025-01-29 14:12:19,416 - INFO - Estimated time left: 0.00 seconds
2025-01-29 14:12:30,062 - INFO - Trial: 29/100, Epoch: 1/15, Val loss: 0.0493, Elapsed time: 0:00:10, Estimated time left: 0:02:28
2025-01-29 14:12:40,136 - INFO - Trial: 29/100, Epoch: 2/15, Val loss: 0.0046, Elapsed time: 0:00:20, Estimated time left: 0:02:10
2025-01-29 14:12:50,246 - INFO - Trial: 29/100, Epoch: 3/15, Val loss: 0.0028, Elapsed time: 0:00:30, Estimated time left: 0:02:01
2025-01-29 14:13:00,349 - INFO - Trial: 29/100, Epoch: 4/15, Val loss: 0.0026, Elapsed time: 0:00:40, Estimated time left: 0:01:51
2025-01-29 14:13:10,303 - INFO - Trial: 29/100, Epoch: 5/15, Val loss: 0.0023, Elapsed time: 0:00:50, Estimated time left: 0:01:39
2025-01-29 14:13:20,380 - INFO - Trial: 29/100, Epoch: 6/15, Val loss: 0.0023, Elapsed time: 0:01:00, Estimated time left: 0:01:30
2025-01-29 14:13:30,484 - INFO - Trial: 29/100, Epoch: 7/15, Val loss: 0.0021, Elapsed time: 0:01:11, Estimated time left: 0:01:20
2025-01-29 14:13:40,583 - INFO - Trial: 29/100, Epoch: 8/15, Val loss: 0.0021, Elapsed time: 0:01:21, Estimated time left: 0:01:10
2025-01-29 14:13:50,465 - INFO - Trial: 29/100, Epoch: 9/15, Val loss: 0.0020, Elapsed time: 0:01:31, Estimated time left: 0:00:59
2025-01-29 14:14:00,569 - INFO - Trial: 29/100, Epoch: 10/15, Val loss: 0.0018, Elapsed time: 0:01:41, Estimated time left: 0:00:50
2025-01-29 14:14:10,610 - INFO - Trial: 29/100, Epoch: 11/15, Val loss: 0.0017, Elapsed time: 0:01:51, Estimated time left: 0:00:40
2025-01-29 14:14:20,650 - INFO - Trial: 29/100, Epoch: 12/15, Val loss: 0.0017, Elapsed time: 0:02:01, Estimated time left: 0:00:30
2025-01-29 14:14:30,422 - INFO - Trial: 29/100, Epoch: 13/15, Val loss: 0.0014, Elapsed time: 0:02:10, Estimated time left: 0:00:19
2025-01-29 14:14:40,356 - INFO - Trial: 29/100, Epoch: 14/15, Val loss: 0.0011, Elapsed time: 0:02:20, Estimated time left: 0:00:09
2025-01-29 14:14:50,237 - INFO - Trial: 29/100, Epoch: 15/15, Val loss: 0.0010, Elapsed time: 0:02:30, Estimated time left: 0:00:00
2025-01-29 14:14:50,239 - INFO - Trial 28 finished with value: 0.0009728661961111663 and parameters: {'hidden_layers': 8, 'n_units_l': 198, 'lr': 0.0003324526811130374, 'batch_size': 192}. Best is trial 21 with value: 0.0005159653919716573.
2025-01-29 14:14:50,240 - INFO - Elapsed time: 9460.38 seconds
2025-01-29 14:14:50,240 - INFO - Estimated time left: 0.00 seconds
2025-01-29 14:15:03,818 - INFO - Trial: 30/100, Epoch: 1/15, Val loss: 0.1149, Elapsed time: 0:00:13, Estimated time left: 0:03:09
2025-01-29 14:15:16,542 - INFO - Trial: 30/100, Epoch: 2/15, Val loss: 0.0161, Elapsed time: 0:00:26, Estimated time left: 0:02:45
2025-01-29 14:15:29,181 - INFO - Trial: 30/100, Epoch: 3/15, Val loss: 0.0074, Elapsed time: 0:00:38, Estimated time left: 0:02:31
2025-01-29 14:15:41,833 - INFO - Trial: 30/100, Epoch: 4/15, Val loss: 0.0064, Elapsed time: 0:00:51, Estimated time left: 0:02:19
2025-01-29 14:15:54,549 - INFO - Trial: 30/100, Epoch: 5/15, Val loss: 0.0058, Elapsed time: 0:01:04, Estimated time left: 0:02:07
2025-01-29 14:16:07,229 - INFO - Trial: 30/100, Epoch: 6/15, Val loss: 0.0054, Elapsed time: 0:01:16, Estimated time left: 0:01:54
2025-01-29 14:16:19,954 - INFO - Trial: 30/100, Epoch: 7/15, Val loss: 0.0049, Elapsed time: 0:01:29, Estimated time left: 0:01:41
2025-01-29 14:16:32,642 - INFO - Trial: 30/100, Epoch: 8/15, Val loss: 0.0045, Elapsed time: 0:01:42, Estimated time left: 0:01:28
2025-01-29 14:16:45,339 - INFO - Trial: 30/100, Epoch: 9/15, Val loss: 0.0042, Elapsed time: 0:01:55, Estimated time left: 0:01:16
2025-01-29 14:16:58,025 - INFO - Trial: 30/100, Epoch: 10/15, Val loss: 0.0040, Elapsed time: 0:02:07, Estimated time left: 0:01:03
2025-01-29 14:17:11,194 - INFO - Trial: 30/100, Epoch: 11/15, Val loss: 0.0039, Elapsed time: 0:02:20, Estimated time left: 0:00:52
2025-01-29 14:17:23,896 - INFO - Trial: 30/100, Epoch: 12/15, Val loss: 0.0037, Elapsed time: 0:02:33, Estimated time left: 0:00:38
2025-01-29 14:17:36,581 - INFO - Trial: 30/100, Epoch: 13/15, Val loss: 0.0036, Elapsed time: 0:02:46, Estimated time left: 0:00:25
2025-01-29 14:17:49,284 - INFO - Trial: 30/100, Epoch: 14/15, Val loss: 0.0035, Elapsed time: 0:02:59, Estimated time left: 0:00:12
2025-01-29 14:18:02,082 - INFO - Trial: 30/100, Epoch: 15/15, Val loss: 0.0034, Elapsed time: 0:03:11, Estimated time left: 0:00:00
2025-01-29 14:18:02,083 - INFO - Trial 29 finished with value: 0.00343258754437225 and parameters: {'hidden_layers': 6, 'n_units_l': 50, 'lr': 3.092588162218989e-05, 'batch_size': 114}. Best is trial 21 with value: 0.0005159653919716573.
2025-01-29 14:18:02,085 - INFO - Elapsed time: 9652.22 seconds
2025-01-29 14:18:02,085 - INFO - Estimated time left: 0.00 seconds
2025-01-29 14:18:31,841 - INFO - Trial: 31/100, Epoch: 1/15, Val loss: 0.0860, Elapsed time: 0:00:29, Estimated time left: 0:06:56
2025-01-29 14:18:58,911 - INFO - Trial: 31/100, Epoch: 2/15, Val loss: 0.0052, Elapsed time: 0:00:56, Estimated time left: 0:05:51
2025-01-29 14:19:25,949 - INFO - Trial: 31/100, Epoch: 3/15, Val loss: 0.0033, Elapsed time: 0:01:23, Estimated time left: 0:05:24
2025-01-29 14:19:53,479 - INFO - Trial: 31/100, Epoch: 4/15, Val loss: 0.0029, Elapsed time: 0:01:51, Estimated time left: 0:05:02
2025-01-29 14:20:20,554 - INFO - Trial: 31/100, Epoch: 5/15, Val loss: 0.0025, Elapsed time: 0:02:18, Estimated time left: 0:04:30
2025-01-29 14:20:47,573 - INFO - Trial: 31/100, Epoch: 6/15, Val loss: 0.0025, Elapsed time: 0:02:45, Estimated time left: 0:04:03
2025-01-29 14:21:15,070 - INFO - Trial: 31/100, Epoch: 7/15, Val loss: 0.0023, Elapsed time: 0:03:12, Estimated time left: 0:03:39
2025-01-29 14:21:42,198 - INFO - Trial: 31/100, Epoch: 8/15, Val loss: 0.0023, Elapsed time: 0:03:40, Estimated time left: 0:03:09
2025-01-29 14:22:09,710 - INFO - Trial: 31/100, Epoch: 9/15, Val loss: 0.0023, Elapsed time: 0:04:07, Estimated time left: 0:02:45
2025-01-29 14:22:37,271 - INFO - Trial: 31/100, Epoch: 10/15, Val loss: 0.0024, Elapsed time: 0:04:35, Estimated time left: 0:02:17
2025-01-29 14:23:04,305 - INFO - Trial: 31/100, Epoch: 11/15, Val loss: 0.0021, Elapsed time: 0:05:02, Estimated time left: 0:01:48
2025-01-29 14:23:32,247 - INFO - Trial: 31/100, Epoch: 12/15, Val loss: 0.0020, Elapsed time: 0:05:30, Estimated time left: 0:01:23
2025-01-29 14:23:59,631 - INFO - Trial: 31/100, Epoch: 13/15, Val loss: 0.0021, Elapsed time: 0:05:57, Estimated time left: 0:00:54
2025-01-29 14:24:26,637 - INFO - Trial: 31/100, Epoch: 14/15, Val loss: 0.0020, Elapsed time: 0:06:24, Estimated time left: 0:00:27
2025-01-29 14:24:54,277 - INFO - Trial: 31/100, Epoch: 15/15, Val loss: 0.0020, Elapsed time: 0:06:52, Estimated time left: 0:00:00
2025-01-29 14:24:54,279 - INFO - Trial 30 finished with value: 0.0020039126578194556 and parameters: {'hidden_layers': 7, 'n_units_l': 132, 'lr': 5.834582243921524e-05, 'batch_size': 50}. Best is trial 21 with value: 0.0005159653919716573.
2025-01-29 14:24:54,280 - INFO - Elapsed time: 10064.42 seconds
2025-01-29 14:24:54,280 - INFO - Estimated time left: 0.00 seconds
2025-01-29 14:25:15,555 - INFO - Trial: 32/100, Epoch: 1/15, Val loss: 0.0194, Elapsed time: 0:00:21, Estimated time left: 0:04:57
2025-01-29 14:25:35,799 - INFO - Trial: 32/100, Epoch: 2/15, Val loss: 0.0031, Elapsed time: 0:00:41, Estimated time left: 0:04:23
2025-01-29 14:25:56,058 - INFO - Trial: 32/100, Epoch: 3/15, Val loss: 0.0022, Elapsed time: 0:01:01, Estimated time left: 0:04:03
2025-01-29 14:26:16,293 - INFO - Trial: 32/100, Epoch: 4/15, Val loss: 0.0018, Elapsed time: 0:01:21, Estimated time left: 0:03:42
2025-01-29 14:26:36,158 - INFO - Trial: 32/100, Epoch: 5/15, Val loss: 0.0015, Elapsed time: 0:01:41, Estimated time left: 0:03:18
2025-01-29 14:26:55,992 - INFO - Trial: 32/100, Epoch: 6/15, Val loss: 0.0012, Elapsed time: 0:02:01, Estimated time left: 0:02:58
2025-01-29 14:27:15,821 - INFO - Trial: 32/100, Epoch: 7/15, Val loss: 0.0011, Elapsed time: 0:02:21, Estimated time left: 0:02:38
2025-01-29 14:27:35,868 - INFO - Trial: 32/100, Epoch: 8/15, Val loss: 0.0010, Elapsed time: 0:02:41, Estimated time left: 0:02:20
2025-01-29 14:27:56,147 - INFO - Trial: 32/100, Epoch: 9/15, Val loss: 0.0011, Elapsed time: 0:03:01, Estimated time left: 0:02:01
2025-01-29 14:28:15,873 - INFO - Trial: 32/100, Epoch: 10/15, Val loss: 0.0008, Elapsed time: 0:03:21, Estimated time left: 0:01:38
2025-01-29 14:28:35,807 - INFO - Trial: 32/100, Epoch: 11/15, Val loss: 0.0008, Elapsed time: 0:03:41, Estimated time left: 0:01:19
2025-01-29 14:28:55,573 - INFO - Trial: 32/100, Epoch: 12/15, Val loss: 0.0008, Elapsed time: 0:04:01, Estimated time left: 0:00:59
2025-01-29 14:29:15,457 - INFO - Trial: 32/100, Epoch: 13/15, Val loss: 0.0007, Elapsed time: 0:04:21, Estimated time left: 0:00:39
2025-01-29 14:29:35,212 - INFO - Trial: 32/100, Epoch: 14/15, Val loss: 0.0007, Elapsed time: 0:04:40, Estimated time left: 0:00:19
2025-01-29 14:29:55,088 - INFO - Trial: 32/100, Epoch: 15/15, Val loss: 0.0007, Elapsed time: 0:05:00, Estimated time left: 0:00:00
2025-01-29 14:29:55,090 - INFO - Trial 31 finished with value: 0.0006864723333545283 and parameters: {'hidden_layers': 7, 'n_units_l': 244, 'lr': 0.000863867918241233, 'batch_size': 79}. Best is trial 21 with value: 0.0005159653919716573.
2025-01-29 14:29:55,091 - INFO - Elapsed time: 10365.23 seconds
2025-01-29 14:29:55,091 - INFO - Estimated time left: 0.00 seconds
2025-01-29 14:30:18,166 - INFO - Trial: 33/100, Epoch: 1/15, Val loss: 0.0211, Elapsed time: 0:00:23, Estimated time left: 0:05:22
2025-01-29 14:30:39,475 - INFO - Trial: 33/100, Epoch: 2/15, Val loss: 0.0029, Elapsed time: 0:00:44, Estimated time left: 0:04:37
2025-01-29 14:31:01,055 - INFO - Trial: 33/100, Epoch: 3/15, Val loss: 0.0025, Elapsed time: 0:01:05, Estimated time left: 0:04:18
2025-01-29 14:31:22,310 - INFO - Trial: 33/100, Epoch: 4/15, Val loss: 0.0021, Elapsed time: 0:01:27, Estimated time left: 0:03:53
2025-01-29 14:31:43,549 - INFO - Trial: 33/100, Epoch: 5/15, Val loss: 0.0018, Elapsed time: 0:01:48, Estimated time left: 0:03:32
2025-01-29 14:32:04,735 - INFO - Trial: 33/100, Epoch: 6/15, Val loss: 0.0014, Elapsed time: 0:02:09, Estimated time left: 0:03:10
2025-01-29 14:32:26,313 - INFO - Trial: 33/100, Epoch: 7/15, Val loss: 0.0012, Elapsed time: 0:02:31, Estimated time left: 0:02:52
2025-01-29 14:32:47,420 - INFO - Trial: 33/100, Epoch: 8/15, Val loss: 0.0011, Elapsed time: 0:02:52, Estimated time left: 0:02:27
2025-01-29 14:33:08,512 - INFO - Trial: 33/100, Epoch: 9/15, Val loss: 0.0011, Elapsed time: 0:03:13, Estimated time left: 0:02:06
2025-01-29 14:33:29,768 - INFO - Trial: 33/100, Epoch: 10/15, Val loss: 0.0010, Elapsed time: 0:03:34, Estimated time left: 0:01:46
2025-01-29 14:33:51,226 - INFO - Trial: 33/100, Epoch: 11/15, Val loss: 0.0008, Elapsed time: 0:03:56, Estimated time left: 0:01:25
2025-01-29 14:34:12,362 - INFO - Trial: 33/100, Epoch: 12/15, Val loss: 0.0008, Elapsed time: 0:04:17, Estimated time left: 0:01:03
2025-01-29 14:34:33,645 - INFO - Trial: 33/100, Epoch: 13/15, Val loss: 0.0009, Elapsed time: 0:04:38, Estimated time left: 0:00:42
2025-01-29 14:34:54,893 - INFO - Trial: 33/100, Epoch: 14/15, Val loss: 0.0007, Elapsed time: 0:04:59, Estimated time left: 0:00:21
2025-01-29 14:35:16,162 - INFO - Trial: 33/100, Epoch: 15/15, Val loss: 0.0007, Elapsed time: 0:05:21, Estimated time left: 0:00:00
2025-01-29 14:35:16,164 - INFO - Trial 32 finished with value: 0.0007039519559482315 and parameters: {'hidden_layers': 8, 'n_units_l': 201, 'lr': 0.0006689800031115452, 'batch_size': 77}. Best is trial 21 with value: 0.0005159653919716573.
2025-01-29 14:35:16,165 - INFO - Elapsed time: 10686.30 seconds
2025-01-29 14:35:16,165 - INFO - Estimated time left: 0.00 seconds
2025-01-29 14:35:37,528 - INFO - Trial: 34/100, Epoch: 1/15, Val loss: 0.0507, Elapsed time: 0:00:21, Estimated time left: 0:04:58
2025-01-29 14:35:57,973 - INFO - Trial: 34/100, Epoch: 2/15, Val loss: 0.0047, Elapsed time: 0:00:41, Estimated time left: 0:04:25
2025-01-29 14:36:18,518 - INFO - Trial: 34/100, Epoch: 3/15, Val loss: 0.0027, Elapsed time: 0:01:02, Estimated time left: 0:04:06
2025-01-29 14:36:38,954 - INFO - Trial: 34/100, Epoch: 4/15, Val loss: 0.0024, Elapsed time: 0:01:22, Estimated time left: 0:03:44
2025-01-29 14:36:58,744 - INFO - Trial: 34/100, Epoch: 5/15, Val loss: 0.0024, Elapsed time: 0:01:42, Estimated time left: 0:03:17
2025-01-29 14:37:19,301 - INFO - Trial: 34/100, Epoch: 6/15, Val loss: 0.0021, Elapsed time: 0:02:03, Estimated time left: 0:03:05
2025-01-29 14:37:39,725 - INFO - Trial: 34/100, Epoch: 7/15, Val loss: 0.0020, Elapsed time: 0:02:23, Estimated time left: 0:02:43
2025-01-29 14:38:00,137 - INFO - Trial: 34/100, Epoch: 8/15, Val loss: 0.0019, Elapsed time: 0:02:43, Estimated time left: 0:02:22
2025-01-29 14:38:19,757 - INFO - Trial: 34/100, Epoch: 9/15, Val loss: 0.0019, Elapsed time: 0:03:03, Estimated time left: 0:01:57
2025-01-29 14:38:40,281 - INFO - Trial: 34/100, Epoch: 10/15, Val loss: 0.0018, Elapsed time: 0:03:24, Estimated time left: 0:01:42
2025-01-29 14:39:00,748 - INFO - Trial: 34/100, Epoch: 11/15, Val loss: 0.0017, Elapsed time: 0:03:44, Estimated time left: 0:01:21
2025-01-29 14:39:21,233 - INFO - Trial: 34/100, Epoch: 12/15, Val loss: 0.0016, Elapsed time: 0:04:05, Estimated time left: 0:01:01
2025-01-29 14:39:41,412 - INFO - Trial: 34/100, Epoch: 13/15, Val loss: 0.0015, Elapsed time: 0:04:25, Estimated time left: 0:00:40
2025-01-29 14:40:01,829 - INFO - Trial: 34/100, Epoch: 14/15, Val loss: 0.0015, Elapsed time: 0:04:45, Estimated time left: 0:00:20
2025-01-29 14:40:22,289 - INFO - Trial: 34/100, Epoch: 15/15, Val loss: 0.0013, Elapsed time: 0:05:06, Estimated time left: 0:00:00
2025-01-29 14:40:22,291 - INFO - Trial 33 finished with value: 0.0012782349042853246 and parameters: {'hidden_layers': 7, 'n_units_l': 153, 'lr': 0.000159663128461478, 'batch_size': 72}. Best is trial 21 with value: 0.0005159653919716573.
2025-01-29 14:40:22,292 - INFO - Elapsed time: 10992.43 seconds
2025-01-29 14:40:22,293 - INFO - Estimated time left: 0.00 seconds
2025-01-29 14:40:39,550 - INFO - Trial: 35/100, Epoch: 1/15, Val loss: 0.0660, Elapsed time: 0:00:17, Estimated time left: 0:04:01
2025-01-29 14:40:55,650 - INFO - Trial: 35/100, Epoch: 2/15, Val loss: 0.0077, Elapsed time: 0:00:33, Estimated time left: 0:03:29
2025-01-29 14:41:11,446 - INFO - Trial: 35/100, Epoch: 3/15, Val loss: 0.0069, Elapsed time: 0:00:49, Estimated time left: 0:03:09
2025-01-29 14:41:27,635 - INFO - Trial: 35/100, Epoch: 4/15, Val loss: 0.0065, Elapsed time: 0:01:05, Estimated time left: 0:02:58
2025-01-29 14:41:43,777 - INFO - Trial: 35/100, Epoch: 5/15, Val loss: 0.0062, Elapsed time: 0:01:21, Estimated time left: 0:02:41
2025-01-29 14:41:59,999 - INFO - Trial: 35/100, Epoch: 6/15, Val loss: 0.0059, Elapsed time: 0:01:37, Estimated time left: 0:02:25
2025-01-29 14:42:16,185 - INFO - Trial: 35/100, Epoch: 7/15, Val loss: 0.0043, Elapsed time: 0:01:53, Estimated time left: 0:02:09
2025-01-29 14:42:32,245 - INFO - Trial: 35/100, Epoch: 8/15, Val loss: 0.0042, Elapsed time: 0:02:09, Estimated time left: 0:01:52
2025-01-29 14:42:48,403 - INFO - Trial: 35/100, Epoch: 9/15, Val loss: 0.0042, Elapsed time: 0:02:26, Estimated time left: 0:01:36
2025-01-29 14:43:04,527 - INFO - Trial: 35/100, Epoch: 10/15, Val loss: 0.0037, Elapsed time: 0:02:42, Estimated time left: 0:01:20
2025-01-29 14:43:20,610 - INFO - Trial: 35/100, Epoch: 11/15, Val loss: 0.0035, Elapsed time: 0:02:58, Estimated time left: 0:01:04
2025-01-29 14:43:36,758 - INFO - Trial: 35/100, Epoch: 12/15, Val loss: 0.0039, Elapsed time: 0:03:14, Estimated time left: 0:00:48
2025-01-29 14:43:52,476 - INFO - Trial: 35/100, Epoch: 13/15, Val loss: 0.0035, Elapsed time: 0:03:30, Estimated time left: 0:00:31
2025-01-29 14:44:08,683 - INFO - Trial: 35/100, Epoch: 14/15, Val loss: 0.0035, Elapsed time: 0:03:46, Estimated time left: 0:00:16
2025-01-29 14:44:24,825 - INFO - Trial: 35/100, Epoch: 15/15, Val loss: 0.0035, Elapsed time: 0:04:02, Estimated time left: 0:00:00
2025-01-29 14:44:24,827 - INFO - Trial 34 finished with value: 0.0035136276632676345 and parameters: {'hidden_layers': 8, 'n_units_l': 18, 'lr': 0.005611768124315968, 'batch_size': 99}. Best is trial 21 with value: 0.0005159653919716573.
2025-01-29 14:44:24,828 - INFO - Elapsed time: 11234.97 seconds
2025-01-29 14:44:24,828 - INFO - Estimated time left: 0.00 seconds
2025-01-29 14:44:38,764 - INFO - Trial: 36/100, Epoch: 1/15, Val loss: 0.0426, Elapsed time: 0:00:13, Estimated time left: 0:03:14
2025-01-29 14:44:51,878 - INFO - Trial: 36/100, Epoch: 2/15, Val loss: 0.0034, Elapsed time: 0:00:27, Estimated time left: 0:02:50
2025-01-29 14:45:05,173 - INFO - Trial: 36/100, Epoch: 3/15, Val loss: 0.0026, Elapsed time: 0:00:40, Estimated time left: 0:02:39
2025-01-29 14:45:18,366 - INFO - Trial: 36/100, Epoch: 4/15, Val loss: 0.0025, Elapsed time: 0:00:53, Estimated time left: 0:02:25
2025-01-29 14:45:31,554 - INFO - Trial: 36/100, Epoch: 5/15, Val loss: 0.0022, Elapsed time: 0:01:06, Estimated time left: 0:02:11
2025-01-29 14:45:44,612 - INFO - Trial: 36/100, Epoch: 6/15, Val loss: 0.0021, Elapsed time: 0:01:19, Estimated time left: 0:01:57
2025-01-29 14:45:57,712 - INFO - Trial: 36/100, Epoch: 7/15, Val loss: 0.0019, Elapsed time: 0:01:32, Estimated time left: 0:01:44
2025-01-29 14:46:10,762 - INFO - Trial: 36/100, Epoch: 8/15, Val loss: 0.0018, Elapsed time: 0:01:45, Estimated time left: 0:01:31
2025-01-29 14:46:23,860 - INFO - Trial: 36/100, Epoch: 9/15, Val loss: 0.0016, Elapsed time: 0:01:59, Estimated time left: 0:01:18
2025-01-29 14:46:36,954 - INFO - Trial: 36/100, Epoch: 10/15, Val loss: 0.0015, Elapsed time: 0:02:12, Estimated time left: 0:01:05
2025-01-29 14:46:50,179 - INFO - Trial: 36/100, Epoch: 11/15, Val loss: 0.0013, Elapsed time: 0:02:25, Estimated time left: 0:00:52
2025-01-29 14:47:03,435 - INFO - Trial: 36/100, Epoch: 12/15, Val loss: 0.0011, Elapsed time: 0:02:38, Estimated time left: 0:00:39
2025-01-29 14:47:16,406 - INFO - Trial: 36/100, Epoch: 13/15, Val loss: 0.0009, Elapsed time: 0:02:51, Estimated time left: 0:00:25
2025-01-29 14:47:29,501 - INFO - Trial: 36/100, Epoch: 14/15, Val loss: 0.0008, Elapsed time: 0:03:04, Estimated time left: 0:00:13
2025-01-29 14:47:42,607 - INFO - Trial: 36/100, Epoch: 15/15, Val loss: 0.0007, Elapsed time: 0:03:17, Estimated time left: 0:00:00
