2025-01-29 17:31:41,389 - INFO - Trial 71 finished with value: 0.0005232287109293769 and parameters: {'hidden_layers': 8, 'n_units_l': 231, 'lr': 0.0005864330501136215, 'batch_size': 177}. Best is trial 42 with value: 0.0004824209566414633.
2025-01-29 17:31:41,392 - INFO - Elapsed time: 21271.53 seconds
2025-01-29 17:31:41,392 - INFO - Estimated time left: 0.00 seconds
2025-01-29 17:31:53,195 - INFO - Trial: 73/100, Epoch: 1/15, Val loss: 0.0372, Elapsed time: 0:00:11, Estimated time left: 0:02:45
2025-01-29 17:32:04,347 - INFO - Trial: 73/100, Epoch: 2/15, Val loss: 0.0030, Elapsed time: 0:00:22, Estimated time left: 0:02:24
2025-01-29 17:32:15,387 - INFO - Trial: 73/100, Epoch: 3/15, Val loss: 0.0025, Elapsed time: 0:00:33, Estimated time left: 0:02:12
2025-01-29 17:32:26,515 - INFO - Trial: 73/100, Epoch: 4/15, Val loss: 0.0023, Elapsed time: 0:00:45, Estimated time left: 0:02:02
2025-01-29 17:32:37,643 - INFO - Trial: 73/100, Epoch: 5/15, Val loss: 0.0022, Elapsed time: 0:00:56, Estimated time left: 0:01:51
2025-01-29 17:32:48,763 - INFO - Trial: 73/100, Epoch: 6/15, Val loss: 0.0019, Elapsed time: 0:01:07, Estimated time left: 0:01:40
2025-01-29 17:32:59,863 - INFO - Trial: 73/100, Epoch: 7/15, Val loss: 0.0017, Elapsed time: 0:01:18, Estimated time left: 0:01:28
2025-01-29 17:33:10,909 - INFO - Trial: 73/100, Epoch: 8/15, Val loss: 0.0014, Elapsed time: 0:01:29, Estimated time left: 0:01:17
2025-01-29 17:33:21,946 - INFO - Trial: 73/100, Epoch: 9/15, Val loss: 0.0010, Elapsed time: 0:01:40, Estimated time left: 0:01:06
2025-01-29 17:33:32,942 - INFO - Trial: 73/100, Epoch: 10/15, Val loss: 0.0010, Elapsed time: 0:01:51, Estimated time left: 0:00:54
2025-01-29 17:33:44,068 - INFO - Trial: 73/100, Epoch: 11/15, Val loss: 0.0007, Elapsed time: 0:02:02, Estimated time left: 0:00:44
2025-01-29 17:33:55,118 - INFO - Trial: 73/100, Epoch: 12/15, Val loss: 0.0007, Elapsed time: 0:02:13, Estimated time left: 0:00:33
2025-01-29 17:34:06,185 - INFO - Trial: 73/100, Epoch: 13/15, Val loss: 0.0006, Elapsed time: 0:02:24, Estimated time left: 0:00:22
2025-01-29 17:34:17,217 - INFO - Trial: 73/100, Epoch: 14/15, Val loss: 0.0006, Elapsed time: 0:02:35, Estimated time left: 0:00:11
2025-01-29 17:34:28,280 - INFO - Trial: 73/100, Epoch: 15/15, Val loss: 0.0006, Elapsed time: 0:02:46, Estimated time left: 0:00:00
2025-01-29 17:34:28,281 - INFO - Trial 72 finished with value: 0.0006242577225849446 and parameters: {'hidden_layers': 8, 'n_units_l': 227, 'lr': 0.0005460011145920741, 'batch_size': 171}. Best is trial 42 with value: 0.0004824209566414633.
2025-01-29 17:34:28,284 - INFO - Elapsed time: 21438.42 seconds
2025-01-29 17:34:28,284 - INFO - Estimated time left: 0.00 seconds
2025-01-29 17:34:39,562 - INFO - Trial: 74/100, Epoch: 1/15, Val loss: 0.0309, Elapsed time: 0:00:11, Estimated time left: 0:02:37
2025-01-29 17:34:50,312 - INFO - Trial: 74/100, Epoch: 2/15, Val loss: 0.0035, Elapsed time: 0:00:22, Estimated time left: 0:02:19
2025-01-29 17:35:01,162 - INFO - Trial: 74/100, Epoch: 3/15, Val loss: 0.0026, Elapsed time: 0:00:32, Estimated time left: 0:02:10
2025-01-29 17:35:11,957 - INFO - Trial: 74/100, Epoch: 4/15, Val loss: 0.0024, Elapsed time: 0:00:43, Estimated time left: 0:01:58
2025-01-29 17:35:22,746 - INFO - Trial: 74/100, Epoch: 5/15, Val loss: 0.0022, Elapsed time: 0:00:54, Estimated time left: 0:01:47
2025-01-29 17:35:33,549 - INFO - Trial: 74/100, Epoch: 6/15, Val loss: 0.0020, Elapsed time: 0:01:05, Estimated time left: 0:01:37
2025-01-29 17:35:44,380 - INFO - Trial: 74/100, Epoch: 7/15, Val loss: 0.0018, Elapsed time: 0:01:16, Estimated time left: 0:01:26
2025-01-29 17:35:55,190 - INFO - Trial: 74/100, Epoch: 8/15, Val loss: 0.0016, Elapsed time: 0:01:26, Estimated time left: 0:01:15
2025-01-29 17:36:05,883 - INFO - Trial: 74/100, Epoch: 9/15, Val loss: 0.0014, Elapsed time: 0:01:37, Estimated time left: 0:01:04
2025-01-29 17:36:16,508 - INFO - Trial: 74/100, Epoch: 10/15, Val loss: 0.0013, Elapsed time: 0:01:48, Estimated time left: 0:00:53
2025-01-29 17:36:27,092 - INFO - Trial: 74/100, Epoch: 11/15, Val loss: 0.0010, Elapsed time: 0:01:58, Estimated time left: 0:00:42
2025-01-29 17:36:37,703 - INFO - Trial: 74/100, Epoch: 12/15, Val loss: 0.0010, Elapsed time: 0:02:09, Estimated time left: 0:00:31
2025-01-29 17:36:48,280 - INFO - Trial: 74/100, Epoch: 13/15, Val loss: 0.0008, Elapsed time: 0:02:19, Estimated time left: 0:00:21
2025-01-29 17:36:59,020 - INFO - Trial: 74/100, Epoch: 14/15, Val loss: 0.0008, Elapsed time: 0:02:30, Estimated time left: 0:00:10
2025-01-29 17:37:09,605 - INFO - Trial: 74/100, Epoch: 15/15, Val loss: 0.0006, Elapsed time: 0:02:41, Estimated time left: 0:00:00
2025-01-29 17:37:09,606 - INFO - Trial 73 finished with value: 0.0006338627956487326 and parameters: {'hidden_layers': 8, 'n_units_l': 200, 'lr': 0.0005510312883303807, 'batch_size': 167}. Best is trial 42 with value: 0.0004824209566414633.
2025-01-29 17:37:09,609 - INFO - Elapsed time: 21599.75 seconds
2025-01-29 17:37:09,609 - INFO - Estimated time left: 0.00 seconds
2025-01-29 17:37:21,248 - INFO - Trial: 75/100, Epoch: 1/15, Val loss: 0.0389, Elapsed time: 0:00:11, Estimated time left: 0:02:42
2025-01-29 17:37:32,281 - INFO - Trial: 75/100, Epoch: 2/15, Val loss: 0.0046, Elapsed time: 0:00:22, Estimated time left: 0:02:23
2025-01-29 17:37:43,301 - INFO - Trial: 75/100, Epoch: 3/15, Val loss: 0.0028, Elapsed time: 0:00:33, Estimated time left: 0:02:12
2025-01-29 17:37:54,223 - INFO - Trial: 75/100, Epoch: 4/15, Val loss: 0.0025, Elapsed time: 0:00:44, Estimated time left: 0:02:00
2025-01-29 17:38:05,170 - INFO - Trial: 75/100, Epoch: 5/15, Val loss: 0.0023, Elapsed time: 0:00:55, Estimated time left: 0:01:49
2025-01-29 17:38:16,253 - INFO - Trial: 75/100, Epoch: 6/15, Val loss: 0.0021, Elapsed time: 0:01:06, Estimated time left: 0:01:39
2025-01-29 17:38:27,259 - INFO - Trial: 75/100, Epoch: 7/15, Val loss: 0.0022, Elapsed time: 0:01:17, Estimated time left: 0:01:28
2025-01-29 17:38:38,206 - INFO - Trial: 75/100, Epoch: 8/15, Val loss: 0.0019, Elapsed time: 0:01:28, Estimated time left: 0:01:16
2025-01-29 17:38:49,206 - INFO - Trial: 75/100, Epoch: 9/15, Val loss: 0.0018, Elapsed time: 0:01:39, Estimated time left: 0:01:05
2025-01-29 17:39:00,160 - INFO - Trial: 75/100, Epoch: 10/15, Val loss: 0.0016, Elapsed time: 0:01:50, Estimated time left: 0:00:54
2025-01-29 17:39:11,104 - INFO - Trial: 75/100, Epoch: 11/15, Val loss: 0.0015, Elapsed time: 0:02:01, Estimated time left: 0:00:43
2025-01-29 17:39:22,094 - INFO - Trial: 75/100, Epoch: 12/15, Val loss: 0.0014, Elapsed time: 0:02:12, Estimated time left: 0:00:32
2025-01-29 17:39:33,098 - INFO - Trial: 75/100, Epoch: 13/15, Val loss: 0.0012, Elapsed time: 0:02:23, Estimated time left: 0:00:22
2025-01-29 17:39:44,039 - INFO - Trial: 75/100, Epoch: 14/15, Val loss: 0.0011, Elapsed time: 0:02:34, Estimated time left: 0:00:10
2025-01-29 17:39:54,995 - INFO - Trial: 75/100, Epoch: 15/15, Val loss: 0.0010, Elapsed time: 0:02:45, Estimated time left: 0:00:00
2025-01-29 17:39:54,996 - INFO - Trial 74 finished with value: 0.0009580060027136599 and parameters: {'hidden_layers': 8, 'n_units_l': 159, 'lr': 0.00040790080798065693, 'batch_size': 158}. Best is trial 42 with value: 0.0004824209566414633.
2025-01-29 17:39:54,999 - INFO - Elapsed time: 21765.13 seconds
2025-01-29 17:39:54,999 - INFO - Estimated time left: 0.00 seconds
2025-01-29 17:40:06,574 - INFO - Trial: 76/100, Epoch: 1/15, Val loss: 0.0669, Elapsed time: 0:00:11, Estimated time left: 0:02:41
2025-01-29 17:40:17,532 - INFO - Trial: 76/100, Epoch: 2/15, Val loss: 0.0044, Elapsed time: 0:00:22, Estimated time left: 0:02:22
2025-01-29 17:40:28,624 - INFO - Trial: 76/100, Epoch: 3/15, Val loss: 0.0027, Elapsed time: 0:00:33, Estimated time left: 0:02:13
2025-01-29 17:40:39,685 - INFO - Trial: 76/100, Epoch: 4/15, Val loss: 0.0024, Elapsed time: 0:00:44, Estimated time left: 0:02:01
2025-01-29 17:40:50,763 - INFO - Trial: 76/100, Epoch: 5/15, Val loss: 0.0024, Elapsed time: 0:00:55, Estimated time left: 0:01:50
2025-01-29 17:41:02,107 - INFO - Trial: 76/100, Epoch: 6/15, Val loss: 0.0023, Elapsed time: 0:01:07, Estimated time left: 0:01:42
2025-01-29 17:41:13,602 - INFO - Trial: 76/100, Epoch: 7/15, Val loss: 0.0020, Elapsed time: 0:01:18, Estimated time left: 0:01:31
2025-01-29 17:41:25,107 - INFO - Trial: 76/100, Epoch: 8/15, Val loss: 0.0018, Elapsed time: 0:01:30, Estimated time left: 0:01:20
2025-01-29 17:41:36,281 - INFO - Trial: 76/100, Epoch: 9/15, Val loss: 0.0018, Elapsed time: 0:01:41, Estimated time left: 0:01:07
2025-01-29 17:41:47,649 - INFO - Trial: 76/100, Epoch: 10/15, Val loss: 0.0017, Elapsed time: 0:01:52, Estimated time left: 0:00:56
2025-01-29 17:41:58,943 - INFO - Trial: 76/100, Epoch: 11/15, Val loss: 0.0015, Elapsed time: 0:02:03, Estimated time left: 0:00:45
2025-01-29 17:42:10,030 - INFO - Trial: 76/100, Epoch: 12/15, Val loss: 0.0014, Elapsed time: 0:02:15, Estimated time left: 0:00:33
2025-01-29 17:42:21,344 - INFO - Trial: 76/100, Epoch: 13/15, Val loss: 0.0012, Elapsed time: 0:02:26, Estimated time left: 0:00:22
2025-01-29 17:42:32,619 - INFO - Trial: 76/100, Epoch: 14/15, Val loss: 0.0011, Elapsed time: 0:02:37, Estimated time left: 0:00:11
2025-01-29 17:42:43,696 - INFO - Trial: 76/100, Epoch: 15/15, Val loss: 0.0009, Elapsed time: 0:02:48, Estimated time left: 0:00:00
2025-01-29 17:42:43,698 - INFO - Trial 75 finished with value: 0.0009410743687992856 and parameters: {'hidden_layers': 8, 'n_units_l': 231, 'lr': 0.00021923198027648012, 'batch_size': 170}. Best is trial 42 with value: 0.0004824209566414633.
2025-01-29 17:42:43,701 - INFO - Elapsed time: 21933.84 seconds
2025-01-29 17:42:43,701 - INFO - Estimated time left: 0.00 seconds
2025-01-29 17:42:57,104 - INFO - Trial: 77/100, Epoch: 1/15, Val loss: 0.0216, Elapsed time: 0:00:13, Estimated time left: 0:03:07
2025-01-29 17:43:09,619 - INFO - Trial: 77/100, Epoch: 2/15, Val loss: 0.0033, Elapsed time: 0:00:25, Estimated time left: 0:02:42
2025-01-29 17:43:21,989 - INFO - Trial: 77/100, Epoch: 3/15, Val loss: 0.0030, Elapsed time: 0:00:38, Estimated time left: 0:02:28
2025-01-29 17:43:34,380 - INFO - Trial: 77/100, Epoch: 4/15, Val loss: 0.0023, Elapsed time: 0:00:50, Estimated time left: 0:02:16
2025-01-29 17:43:46,755 - INFO - Trial: 77/100, Epoch: 5/15, Val loss: 0.0022, Elapsed time: 0:01:03, Estimated time left: 0:02:03
2025-01-29 17:43:59,059 - INFO - Trial: 77/100, Epoch: 6/15, Val loss: 0.0017, Elapsed time: 0:01:15, Estimated time left: 0:01:50
2025-01-29 17:44:11,439 - INFO - Trial: 77/100, Epoch: 7/15, Val loss: 0.0015, Elapsed time: 0:01:27, Estimated time left: 0:01:39
2025-01-29 17:44:23,853 - INFO - Trial: 77/100, Epoch: 8/15, Val loss: 0.0012, Elapsed time: 0:01:40, Estimated time left: 0:01:26
2025-01-29 17:44:36,224 - INFO - Trial: 77/100, Epoch: 9/15, Val loss: 0.0011, Elapsed time: 0:01:52, Estimated time left: 0:01:14
2025-01-29 17:44:48,616 - INFO - Trial: 77/100, Epoch: 10/15, Val loss: 0.0010, Elapsed time: 0:02:04, Estimated time left: 0:01:01
2025-01-29 17:45:00,962 - INFO - Trial: 77/100, Epoch: 11/15, Val loss: 0.0011, Elapsed time: 0:02:17, Estimated time left: 0:00:49
2025-01-29 17:45:13,241 - INFO - Trial: 77/100, Epoch: 12/15, Val loss: 0.0010, Elapsed time: 0:02:29, Estimated time left: 0:00:36
2025-01-29 17:45:25,593 - INFO - Trial: 77/100, Epoch: 13/15, Val loss: 0.0010, Elapsed time: 0:02:41, Estimated time left: 0:00:24
2025-01-29 17:45:37,995 - INFO - Trial: 77/100, Epoch: 14/15, Val loss: 0.0008, Elapsed time: 0:02:54, Estimated time left: 0:00:12
2025-01-29 17:45:50,307 - INFO - Trial: 77/100, Epoch: 15/15, Val loss: 0.0007, Elapsed time: 0:03:06, Estimated time left: 0:00:00
2025-01-29 17:45:50,308 - INFO - Trial 76 finished with value: 0.0007472596367785025 and parameters: {'hidden_layers': 8, 'n_units_l': 192, 'lr': 0.0010396721432583726, 'batch_size': 141}. Best is trial 42 with value: 0.0004824209566414633.
2025-01-29 17:45:50,311 - INFO - Elapsed time: 22120.45 seconds
2025-01-29 17:45:50,311 - INFO - Estimated time left: 0.00 seconds
2025-01-29 17:45:59,166 - INFO - Trial: 78/100, Epoch: 1/15, Val loss: 0.1167, Elapsed time: 0:00:08, Estimated time left: 0:02:03
2025-01-29 17:46:07,449 - INFO - Trial: 78/100, Epoch: 2/15, Val loss: 0.0065, Elapsed time: 0:00:17, Estimated time left: 0:01:47
2025-01-29 17:46:15,568 - INFO - Trial: 78/100, Epoch: 3/15, Val loss: 0.0060, Elapsed time: 0:00:25, Estimated time left: 0:01:37
2025-01-29 17:46:23,859 - INFO - Trial: 78/100, Epoch: 4/15, Val loss: 0.0050, Elapsed time: 0:00:33, Estimated time left: 0:01:31
2025-01-29 17:46:32,096 - INFO - Trial: 78/100, Epoch: 5/15, Val loss: 0.0040, Elapsed time: 0:00:41, Estimated time left: 0:01:22
2025-01-29 17:46:40,374 - INFO - Trial: 78/100, Epoch: 6/15, Val loss: 0.0037, Elapsed time: 0:00:50, Estimated time left: 0:01:14
2025-01-29 17:46:48,475 - INFO - Trial: 78/100, Epoch: 7/15, Val loss: 0.0036, Elapsed time: 0:00:58, Estimated time left: 0:01:04
2025-01-29 17:46:56,706 - INFO - Trial: 78/100, Epoch: 8/15, Val loss: 0.0034, Elapsed time: 0:01:06, Estimated time left: 0:00:57
2025-01-29 17:47:04,972 - INFO - Trial: 78/100, Epoch: 9/15, Val loss: 0.0033, Elapsed time: 0:01:14, Estimated time left: 0:00:49
2025-01-29 17:47:13,256 - INFO - Trial: 78/100, Epoch: 10/15, Val loss: 0.0032, Elapsed time: 0:01:22, Estimated time left: 0:00:41
2025-01-29 17:47:21,423 - INFO - Trial: 78/100, Epoch: 11/15, Val loss: 0.0032, Elapsed time: 0:01:31, Estimated time left: 0:00:32
2025-01-29 17:47:29,591 - INFO - Trial: 78/100, Epoch: 12/15, Val loss: 0.0032, Elapsed time: 0:01:39, Estimated time left: 0:00:24
2025-01-29 17:47:37,843 - INFO - Trial: 78/100, Epoch: 13/15, Val loss: 0.0031, Elapsed time: 0:01:47, Estimated time left: 0:00:16
2025-01-29 17:47:46,118 - INFO - Trial: 78/100, Epoch: 14/15, Val loss: 0.0031, Elapsed time: 0:01:55, Estimated time left: 0:00:08
2025-01-29 17:47:54,322 - INFO - Trial: 78/100, Epoch: 15/15, Val loss: 0.0031, Elapsed time: 0:02:03, Estimated time left: 0:00:00
2025-01-29 17:47:54,324 - INFO - Trial 77 finished with value: 0.0031230723913405044 and parameters: {'hidden_layers': 8, 'n_units_l': 24, 'lr': 0.0004919045309072634, 'batch_size': 238}. Best is trial 42 with value: 0.0004824209566414633.
2025-01-29 17:47:54,327 - INFO - Elapsed time: 22244.46 seconds
2025-01-29 17:47:54,327 - INFO - Estimated time left: 0.00 seconds
2025-01-29 17:48:06,315 - INFO - Trial: 79/100, Epoch: 1/15, Val loss: 0.0166, Elapsed time: 0:00:11, Estimated time left: 0:02:47
2025-01-29 17:48:17,622 - INFO - Trial: 79/100, Epoch: 2/15, Val loss: 0.0033, Elapsed time: 0:00:23, Estimated time left: 0:02:26
2025-01-29 17:48:28,898 - INFO - Trial: 79/100, Epoch: 3/15, Val loss: 0.0026, Elapsed time: 0:00:34, Estimated time left: 0:02:15
2025-01-29 17:48:39,994 - INFO - Trial: 79/100, Epoch: 4/15, Val loss: 0.0024, Elapsed time: 0:00:45, Estimated time left: 0:02:02
2025-01-29 17:48:51,294 - INFO - Trial: 79/100, Epoch: 5/15, Val loss: 0.0019, Elapsed time: 0:00:56, Estimated time left: 0:01:53
2025-01-29 17:49:02,622 - INFO - Trial: 79/100, Epoch: 6/15, Val loss: 0.0014, Elapsed time: 0:01:08, Estimated time left: 0:01:41
2025-01-29 17:49:13,631 - INFO - Trial: 79/100, Epoch: 7/15, Val loss: 0.0013, Elapsed time: 0:01:19, Estimated time left: 0:01:28
2025-01-29 17:49:24,931 - INFO - Trial: 79/100, Epoch: 8/15, Val loss: 0.0012, Elapsed time: 0:01:30, Estimated time left: 0:01:19
2025-01-29 17:49:36,175 - INFO - Trial: 79/100, Epoch: 9/15, Val loss: 0.0012, Elapsed time: 0:01:41, Estimated time left: 0:01:07
2025-01-29 17:49:47,122 - INFO - Trial: 79/100, Epoch: 10/15, Val loss: 0.0009, Elapsed time: 0:01:52, Estimated time left: 0:00:54
2025-01-29 17:49:58,612 - INFO - Trial: 79/100, Epoch: 11/15, Val loss: 0.0009, Elapsed time: 0:02:04, Estimated time left: 0:00:45
2025-01-29 17:50:09,873 - INFO - Trial: 79/100, Epoch: 12/15, Val loss: 0.0009, Elapsed time: 0:02:15, Estimated time left: 0:00:33
2025-01-29 17:50:21,250 - INFO - Trial: 79/100, Epoch: 13/15, Val loss: 0.0008, Elapsed time: 0:02:26, Estimated time left: 0:00:22
2025-01-29 17:50:32,325 - INFO - Trial: 79/100, Epoch: 14/15, Val loss: 0.0008, Elapsed time: 0:02:37, Estimated time left: 0:00:11
2025-01-29 17:50:43,605 - INFO - Trial: 79/100, Epoch: 15/15, Val loss: 0.0008, Elapsed time: 0:02:49, Estimated time left: 0:00:00
2025-01-29 17:50:43,607 - INFO - Trial 78 finished with value: 0.0008125474234031597 and parameters: {'hidden_layers': 8, 'n_units_l': 252, 'lr': 0.0017006093824898823, 'batch_size': 172}. Best is trial 42 with value: 0.0004824209566414633.
2025-01-29 17:50:43,610 - INFO - Elapsed time: 22413.75 seconds
2025-01-29 17:50:43,610 - INFO - Estimated time left: 0.00 seconds
2025-01-29 17:50:57,080 - INFO - Trial: 80/100, Epoch: 1/15, Val loss: 0.0252, Elapsed time: 0:00:13, Estimated time left: 0:03:08
2025-01-29 17:51:09,530 - INFO - Trial: 80/100, Epoch: 2/15, Val loss: 0.0031, Elapsed time: 0:00:25, Estimated time left: 0:02:41
2025-01-29 17:51:22,211 - INFO - Trial: 80/100, Epoch: 3/15, Val loss: 0.0026, Elapsed time: 0:00:38, Estimated time left: 0:02:32
2025-01-29 17:51:34,806 - INFO - Trial: 80/100, Epoch: 4/15, Val loss: 0.0025, Elapsed time: 0:00:51, Estimated time left: 0:02:18
2025-01-29 17:51:47,263 - INFO - Trial: 80/100, Epoch: 5/15, Val loss: 0.0022, Elapsed time: 0:01:03, Estimated time left: 0:02:04
2025-01-29 17:51:59,830 - INFO - Trial: 80/100, Epoch: 6/15, Val loss: 0.0020, Elapsed time: 0:01:16, Estimated time left: 0:01:53
2025-01-29 17:52:12,429 - INFO - Trial: 80/100, Epoch: 7/15, Val loss: 0.0017, Elapsed time: 0:01:28, Estimated time left: 0:01:40
2025-01-29 17:52:24,851 - INFO - Trial: 80/100, Epoch: 8/15, Val loss: 0.0014, Elapsed time: 0:01:41, Estimated time left: 0:01:26
2025-01-29 17:52:37,400 - INFO - Trial: 80/100, Epoch: 9/15, Val loss: 0.0016, Elapsed time: 0:01:53, Estimated time left: 0:01:15
2025-01-29 17:52:49,897 - INFO - Trial: 80/100, Epoch: 10/15, Val loss: 0.0010, Elapsed time: 0:02:06, Estimated time left: 0:01:02
2025-01-29 17:53:02,311 - INFO - Trial: 80/100, Epoch: 11/15, Val loss: 0.0009, Elapsed time: 0:02:18, Estimated time left: 0:00:49
2025-01-29 17:53:14,943 - INFO - Trial: 80/100, Epoch: 12/15, Val loss: 0.0009, Elapsed time: 0:02:31, Estimated time left: 0:00:37
2025-01-29 17:53:27,642 - INFO - Trial: 80/100, Epoch: 13/15, Val loss: 0.0008, Elapsed time: 0:02:44, Estimated time left: 0:00:25
2025-01-29 17:53:40,023 - INFO - Trial: 80/100, Epoch: 14/15, Val loss: 0.0008, Elapsed time: 0:02:56, Estimated time left: 0:00:12
2025-01-29 17:53:52,651 - INFO - Trial: 80/100, Epoch: 15/15, Val loss: 0.0007, Elapsed time: 0:03:09, Estimated time left: 0:00:00
2025-01-29 17:53:52,652 - INFO - Trial 79 finished with value: 0.0007263040141580249 and parameters: {'hidden_layers': 8, 'n_units_l': 177, 'lr': 0.0006860591758515412, 'batch_size': 140}. Best is trial 42 with value: 0.0004824209566414633.
2025-01-29 17:53:52,656 - INFO - Elapsed time: 22602.79 seconds
2025-01-29 17:53:52,656 - INFO - Estimated time left: 0.00 seconds
2025-01-29 17:54:02,735 - INFO - Trial: 81/100, Epoch: 1/15, Val loss: 0.0847, Elapsed time: 0:00:10, Estimated time left: 0:02:20
2025-01-29 17:54:12,345 - INFO - Trial: 81/100, Epoch: 2/15, Val loss: 0.0051, Elapsed time: 0:00:19, Estimated time left: 0:02:04
2025-01-29 17:54:21,592 - INFO - Trial: 81/100, Epoch: 3/15, Val loss: 0.0039, Elapsed time: 0:00:28, Estimated time left: 0:01:50
2025-01-29 17:54:31,127 - INFO - Trial: 81/100, Epoch: 4/15, Val loss: 0.0028, Elapsed time: 0:00:38, Estimated time left: 0:01:44
2025-01-29 17:54:40,699 - INFO - Trial: 81/100, Epoch: 5/15, Val loss: 0.0025, Elapsed time: 0:00:48, Estimated time left: 0:01:35
2025-01-29 17:54:50,100 - INFO - Trial: 81/100, Epoch: 6/15, Val loss: 0.0024, Elapsed time: 0:00:57, Estimated time left: 0:01:24
2025-01-29 17:54:59,536 - INFO - Trial: 81/100, Epoch: 7/15, Val loss: 0.0022, Elapsed time: 0:01:06, Estimated time left: 0:01:15
2025-01-29 17:55:09,013 - INFO - Trial: 81/100, Epoch: 8/15, Val loss: 0.0022, Elapsed time: 0:01:16, Estimated time left: 0:01:06
2025-01-29 17:55:18,568 - INFO - Trial: 81/100, Epoch: 9/15, Val loss: 0.0021, Elapsed time: 0:01:25, Estimated time left: 0:00:57
2025-01-29 17:55:27,761 - INFO - Trial: 81/100, Epoch: 10/15, Val loss: 0.0022, Elapsed time: 0:01:35, Estimated time left: 0:00:45
2025-01-29 17:55:37,249 - INFO - Trial: 81/100, Epoch: 11/15, Val loss: 0.0019, Elapsed time: 0:01:44, Estimated time left: 0:00:37
2025-01-29 17:55:46,793 - INFO - Trial: 81/100, Epoch: 12/15, Val loss: 0.0019, Elapsed time: 0:01:54, Estimated time left: 0:00:28
2025-01-29 17:55:56,292 - INFO - Trial: 81/100, Epoch: 13/15, Val loss: 0.0019, Elapsed time: 0:02:03, Estimated time left: 0:00:18
2025-01-29 17:56:05,433 - INFO - Trial: 81/100, Epoch: 14/15, Val loss: 0.0017, Elapsed time: 0:02:12, Estimated time left: 0:00:09
2025-01-29 17:56:14,950 - INFO - Trial: 81/100, Epoch: 15/15, Val loss: 0.0018, Elapsed time: 0:02:22, Estimated time left: 0:00:00
