2025-01-23 08:12:49,545 - INFO - Is CUDA supported by this system?  True
2025-01-23 08:12:49,546 - INFO - Device: cuda
2025-01-23 08:12:50,182 - INFO - A new study created in memory with name: no-name-894a970c-dda1-4fe5-b53c-652de5544ee2
2025-01-23 08:12:58,819 - INFO - Trial: 1/100, Epoch: 1/10, Val loss: 0.1400, Elapsed time: 0:00:07, Estimated time left: 0:01:06
2025-01-23 08:13:06,470 - INFO - Trial: 1/100, Epoch: 2/10, Val loss: 0.1049, Elapsed time: 0:00:15, Estimated time left: 0:01:01
2025-01-23 08:13:14,188 - INFO - Trial: 1/100, Epoch: 3/10, Val loss: 0.0535, Elapsed time: 0:00:22, Estimated time left: 0:00:54
2025-01-23 08:13:21,910 - INFO - Trial: 1/100, Epoch: 4/10, Val loss: 0.0412, Elapsed time: 0:00:30, Estimated time left: 0:00:46
2025-01-23 08:13:29,648 - INFO - Trial: 1/100, Epoch: 5/10, Val loss: 0.0369, Elapsed time: 0:00:38, Estimated time left: 0:00:38
2025-01-23 08:13:37,369 - INFO - Trial: 1/100, Epoch: 6/10, Val loss: 0.0345, Elapsed time: 0:00:45, Estimated time left: 0:00:30
2025-01-23 08:13:45,143 - INFO - Trial: 1/100, Epoch: 7/10, Val loss: 0.0331, Elapsed time: 0:00:53, Estimated time left: 0:00:23
2025-01-23 08:13:52,851 - INFO - Trial: 1/100, Epoch: 8/10, Val loss: 0.0320, Elapsed time: 0:01:01, Estimated time left: 0:00:15
2025-01-23 08:14:00,578 - INFO - Trial: 1/100, Epoch: 9/10, Val loss: 0.0311, Elapsed time: 0:01:09, Estimated time left: 0:00:07
2025-01-23 08:14:08,345 - INFO - Trial: 1/100, Epoch: 10/10, Val loss: 0.0301, Elapsed time: 0:01:16, Estimated time left: 0:00:00
2025-01-23 08:14:08,350 - INFO - Trial 0 finished with value: 0.0300914158220412 and parameters: {'hidden_layers': 3, 'n_units_l': 8, 'lr': 7.805860669938973e-05, 'batch_size': 195}. Best is trial 0 with value: 0.0300914158220412.
2025-01-23 08:14:08,351 - INFO - Elapsed time: 78.17 seconds
2025-01-23 08:14:08,351 - INFO - Estimated time left: 0.00 seconds
2025-01-23 08:14:48,833 - INFO - Trial: 2/100, Epoch: 1/10, Val loss: 0.1367, Elapsed time: 0:00:40, Estimated time left: 0:06:04
2025-01-23 08:15:25,797 - INFO - Trial: 2/100, Epoch: 2/10, Val loss: 0.0217, Elapsed time: 0:01:17, Estimated time left: 0:04:55
2025-01-23 08:16:02,924 - INFO - Trial: 2/100, Epoch: 3/10, Val loss: 0.0112, Elapsed time: 0:01:54, Estimated time left: 0:04:19
2025-01-23 08:16:39,774 - INFO - Trial: 2/100, Epoch: 4/10, Val loss: 0.0093, Elapsed time: 0:02:31, Estimated time left: 0:03:41
2025-01-23 08:17:17,107 - INFO - Trial: 2/100, Epoch: 5/10, Val loss: 0.0084, Elapsed time: 0:03:08, Estimated time left: 0:03:06
2025-01-23 08:17:54,571 - INFO - Trial: 2/100, Epoch: 6/10, Val loss: 0.0079, Elapsed time: 0:03:46, Estimated time left: 0:02:29
2025-01-23 08:18:31,322 - INFO - Trial: 2/100, Epoch: 7/10, Val loss: 0.0076, Elapsed time: 0:04:22, Estimated time left: 0:01:50
2025-01-23 08:19:08,018 - INFO - Trial: 2/100, Epoch: 8/10, Val loss: 0.0075, Elapsed time: 0:04:59, Estimated time left: 0:01:13
2025-01-23 08:19:44,590 - INFO - Trial: 2/100, Epoch: 9/10, Val loss: 0.0073, Elapsed time: 0:05:36, Estimated time left: 0:00:36
2025-01-23 08:20:21,117 - INFO - Trial: 2/100, Epoch: 10/10, Val loss: 0.0072, Elapsed time: 0:06:12, Estimated time left: 0:00:00
2025-01-23 08:20:21,119 - INFO - Trial 1 finished with value: 0.007244480480591176 and parameters: {'hidden_layers': 6, 'n_units_l': 13, 'lr': 6.0746454804665924e-05, 'batch_size': 29}. Best is trial 1 with value: 0.007244480480591176.
2025-01-23 08:20:21,119 - INFO - Elapsed time: 450.94 seconds
2025-01-23 08:20:21,120 - INFO - Estimated time left: 0.00 seconds
2025-01-23 08:20:45,654 - INFO - Trial: 3/100, Epoch: 1/10, Val loss: 0.0247, Elapsed time: 0:00:24, Estimated time left: 0:03:40
2025-01-23 08:21:08,732 - INFO - Trial: 3/100, Epoch: 2/10, Val loss: 0.0034, Elapsed time: 0:00:47, Estimated time left: 0:03:04
2025-01-23 08:21:31,767 - INFO - Trial: 3/100, Epoch: 3/10, Val loss: 0.0030, Elapsed time: 0:01:10, Estimated time left: 0:02:41
2025-01-23 08:21:54,560 - INFO - Trial: 3/100, Epoch: 4/10, Val loss: 0.0030, Elapsed time: 0:01:33, Estimated time left: 0:02:16
2025-01-23 08:22:17,523 - INFO - Trial: 3/100, Epoch: 5/10, Val loss: 0.0029, Elapsed time: 0:01:56, Estimated time left: 0:01:54
2025-01-23 08:22:40,622 - INFO - Trial: 3/100, Epoch: 6/10, Val loss: 0.0028, Elapsed time: 0:02:19, Estimated time left: 0:01:32
2025-01-23 08:23:03,686 - INFO - Trial: 3/100, Epoch: 7/10, Val loss: 0.0025, Elapsed time: 0:02:42, Estimated time left: 0:01:09
2025-01-23 08:23:26,764 - INFO - Trial: 3/100, Epoch: 8/10, Val loss: 0.0027, Elapsed time: 0:03:05, Estimated time left: 0:00:46
2025-01-23 08:23:49,799 - INFO - Trial: 3/100, Epoch: 9/10, Val loss: 0.0025, Elapsed time: 0:03:28, Estimated time left: 0:00:23
2025-01-23 08:24:12,862 - INFO - Trial: 3/100, Epoch: 10/10, Val loss: 0.0025, Elapsed time: 0:03:51, Estimated time left: 0:00:00
2025-01-23 08:24:12,864 - INFO - Trial 2 finished with value: 0.0025498493437709764 and parameters: {'hidden_layers': 3, 'n_units_l': 74, 'lr': 0.0035182737167649813, 'batch_size': 38}. Best is trial 2 with value: 0.0025498493437709764.
2025-01-23 08:24:12,865 - INFO - Elapsed time: 682.68 seconds
2025-01-23 08:24:12,865 - INFO - Estimated time left: 0.00 seconds
2025-01-23 08:24:43,639 - INFO - Trial: 4/100, Epoch: 1/10, Val loss: 0.1371, Elapsed time: 0:00:30, Estimated time left: 0:04:36
2025-01-23 08:25:11,726 - INFO - Trial: 4/100, Epoch: 2/10, Val loss: 0.0432, Elapsed time: 0:00:58, Estimated time left: 0:03:44
2025-01-23 08:25:39,823 - INFO - Trial: 4/100, Epoch: 3/10, Val loss: 0.0258, Elapsed time: 0:01:26, Estimated time left: 0:03:16
2025-01-23 08:26:07,898 - INFO - Trial: 4/100, Epoch: 4/10, Val loss: 0.0221, Elapsed time: 0:01:55, Estimated time left: 0:02:48
2025-01-23 08:26:35,949 - INFO - Trial: 4/100, Epoch: 5/10, Val loss: 0.0205, Elapsed time: 0:02:23, Estimated time left: 0:02:20
2025-01-23 08:27:03,992 - INFO - Trial: 4/100, Epoch: 6/10, Val loss: 0.0194, Elapsed time: 0:02:51, Estimated time left: 0:01:52
2025-01-23 08:27:32,549 - INFO - Trial: 4/100, Epoch: 7/10, Val loss: 0.0188, Elapsed time: 0:03:19, Estimated time left: 0:01:25
2025-01-23 08:28:00,685 - INFO - Trial: 4/100, Epoch: 8/10, Val loss: 0.0182, Elapsed time: 0:03:47, Estimated time left: 0:00:56
2025-01-23 08:28:28,765 - INFO - Trial: 4/100, Epoch: 9/10, Val loss: 0.0178, Elapsed time: 0:04:15, Estimated time left: 0:00:28
2025-01-23 08:28:56,893 - INFO - Trial: 4/100, Epoch: 10/10, Val loss: 0.0174, Elapsed time: 0:04:44, Estimated time left: 0:00:00
2025-01-23 08:28:56,895 - INFO - Trial 3 finished with value: 0.017370431671975647 and parameters: {'hidden_layers': 6, 'n_units_l': 10, 'lr': 4.8816424528197143e-05, 'batch_size': 39}. Best is trial 2 with value: 0.0025498493437709764.
2025-01-23 08:28:56,896 - INFO - Elapsed time: 966.71 seconds
2025-01-23 08:28:56,896 - INFO - Estimated time left: 0.00 seconds
2025-01-23 08:29:04,157 - INFO - Trial: 5/100, Epoch: 1/10, Val loss: 0.0763, Elapsed time: 0:00:07, Estimated time left: 0:01:05
2025-01-23 08:29:11,269 - INFO - Trial: 5/100, Epoch: 2/10, Val loss: 0.0131, Elapsed time: 0:00:14, Estimated time left: 0:00:56
2025-01-23 08:29:18,330 - INFO - Trial: 5/100, Epoch: 3/10, Val loss: 0.0124, Elapsed time: 0:00:21, Estimated time left: 0:00:49
2025-01-23 08:29:25,476 - INFO - Trial: 5/100, Epoch: 4/10, Val loss: 0.0130, Elapsed time: 0:00:28, Estimated time left: 0:00:42
2025-01-23 08:29:32,509 - INFO - Trial: 5/100, Epoch: 5/10, Val loss: 0.0125, Elapsed time: 0:00:35, Estimated time left: 0:00:35
2025-01-23 08:29:39,893 - INFO - Trial: 5/100, Epoch: 6/10, Val loss: 0.0125, Elapsed time: 0:00:42, Estimated time left: 0:00:29
2025-01-23 08:29:47,179 - INFO - Trial: 5/100, Epoch: 7/10, Val loss: 0.0128, Elapsed time: 0:00:50, Estimated time left: 0:00:21
2025-01-23 08:29:54,484 - INFO - Trial: 5/100, Epoch: 8/10, Val loss: 0.0123, Elapsed time: 0:00:57, Estimated time left: 0:00:14
2025-01-23 08:30:01,663 - INFO - Trial: 5/100, Epoch: 9/10, Val loss: 0.0121, Elapsed time: 0:01:04, Estimated time left: 0:00:07
2025-01-23 08:30:08,941 - INFO - Trial: 5/100, Epoch: 10/10, Val loss: 0.0118, Elapsed time: 0:01:12, Estimated time left: 0:00:00
2025-01-23 08:30:08,943 - INFO - Trial 4 finished with value: 0.011759116097764914 and parameters: {'hidden_layers': 3, 'n_units_l': 10, 'lr': 0.005946269320223747, 'batch_size': 233}. Best is trial 2 with value: 0.0025498493437709764.
2025-01-23 08:30:08,944 - INFO - Elapsed time: 1038.76 seconds
2025-01-23 08:30:08,944 - INFO - Estimated time left: 0.00 seconds
2025-01-23 08:31:13,235 - INFO - Trial: 6/100, Epoch: 1/10, Val loss: 0.0182, Elapsed time: 0:01:04, Estimated time left: 0:09:38
2025-01-23 08:32:13,230 - INFO - Trial: 6/100, Epoch: 2/10, Val loss: 0.0031, Elapsed time: 0:02:04, Estimated time left: 0:07:59
2025-01-23 08:33:13,137 - INFO - Trial: 6/100, Epoch: 3/10, Val loss: 0.0021, Elapsed time: 0:03:04, Estimated time left: 0:06:59
2025-01-23 08:34:13,162 - INFO - Trial: 6/100, Epoch: 4/10, Val loss: 0.0016, Elapsed time: 0:04:04, Estimated time left: 0:06:00
2025-01-23 08:35:13,120 - INFO - Trial: 6/100, Epoch: 5/10, Val loss: 0.0018, Elapsed time: 0:05:04, Estimated time left: 0:04:59
2025-01-23 08:36:23,334 - INFO - Trial: 6/100, Epoch: 6/10, Val loss: 0.0014, Elapsed time: 0:06:14, Estimated time left: 0:04:40
2025-01-23 08:37:31,289 - INFO - Trial: 6/100, Epoch: 7/10, Val loss: 0.0011, Elapsed time: 0:07:22, Estimated time left: 0:03:23
2025-01-23 08:38:32,035 - INFO - Trial: 6/100, Epoch: 8/10, Val loss: 0.0012, Elapsed time: 0:08:23, Estimated time left: 0:02:01
2025-01-23 08:39:32,055 - INFO - Trial: 6/100, Epoch: 9/10, Val loss: 0.0011, Elapsed time: 0:09:23, Estimated time left: 0:01:00
2025-01-23 08:40:31,962 - INFO - Trial: 6/100, Epoch: 10/10, Val loss: 0.0011, Elapsed time: 0:10:23, Estimated time left: 0:00:00
2025-01-23 08:40:31,965 - INFO - Trial 5 finished with value: 0.0011210285533238896 and parameters: {'hidden_layers': 5, 'n_units_l': 244, 'lr': 0.0008121154110562003, 'batch_size': 18}. Best is trial 5 with value: 0.0011210285533238896.
2025-01-23 08:40:31,966 - INFO - Elapsed time: 1661.78 seconds
2025-01-23 08:40:31,967 - INFO - Estimated time left: 0.00 seconds
2025-01-23 08:40:42,998 - INFO - Trial: 7/100, Epoch: 1/10, Val loss: 0.0860, Elapsed time: 0:00:11, Estimated time left: 0:01:39
2025-01-23 08:40:53,408 - INFO - Trial: 7/100, Epoch: 2/10, Val loss: 0.0110, Elapsed time: 0:00:21, Estimated time left: 0:01:23
2025-01-23 08:41:03,619 - INFO - Trial: 7/100, Epoch: 3/10, Val loss: 0.0073, Elapsed time: 0:00:31, Estimated time left: 0:01:11
2025-01-23 08:41:13,792 - INFO - Trial: 7/100, Epoch: 4/10, Val loss: 0.0072, Elapsed time: 0:00:41, Estimated time left: 0:01:01
2025-01-23 08:41:23,955 - INFO - Trial: 7/100, Epoch: 5/10, Val loss: 0.0064, Elapsed time: 0:00:51, Estimated time left: 0:00:50
2025-01-23 08:41:34,145 - INFO - Trial: 7/100, Epoch: 6/10, Val loss: 0.0061, Elapsed time: 0:01:02, Estimated time left: 0:00:40
2025-01-23 08:41:44,277 - INFO - Trial: 7/100, Epoch: 7/10, Val loss: 0.0061, Elapsed time: 0:01:12, Estimated time left: 0:00:30
2025-01-23 08:41:54,427 - INFO - Trial: 7/100, Epoch: 8/10, Val loss: 0.0060, Elapsed time: 0:01:22, Estimated time left: 0:00:20
2025-01-23 08:42:04,565 - INFO - Trial: 7/100, Epoch: 9/10, Val loss: 0.0059, Elapsed time: 0:01:32, Estimated time left: 0:00:10
2025-01-23 08:42:14,740 - INFO - Trial: 7/100, Epoch: 10/10, Val loss: 0.0059, Elapsed time: 0:01:42, Estimated time left: 0:00:00
2025-01-23 08:42:14,742 - INFO - Trial 6 finished with value: 0.005854552246997283 and parameters: {'hidden_layers': 6, 'n_units_l': 12, 'lr': 0.001556251531266164, 'batch_size': 146}. Best is trial 5 with value: 0.0011210285533238896.
2025-01-23 08:42:14,744 - INFO - Elapsed time: 1764.56 seconds
2025-01-23 08:42:14,744 - INFO - Estimated time left: 0.00 seconds
2025-01-23 08:42:52,140 - INFO - Trial: 8/100, Epoch: 1/10, Val loss: 0.0650, Elapsed time: 0:00:37, Estimated time left: 0:05:36
2025-01-23 08:43:26,821 - INFO - Trial: 8/100, Epoch: 2/10, Val loss: 0.0126, Elapsed time: 0:01:12, Estimated time left: 0:04:37
2025-01-23 08:44:01,489 - INFO - Trial: 8/100, Epoch: 3/10, Val loss: 0.0106, Elapsed time: 0:01:46, Estimated time left: 0:04:02
2025-01-23 08:44:36,535 - INFO - Trial: 8/100, Epoch: 4/10, Val loss: 0.0095, Elapsed time: 0:02:21, Estimated time left: 0:03:30
2025-01-23 08:45:11,601 - INFO - Trial: 8/100, Epoch: 5/10, Val loss: 0.0090, Elapsed time: 0:02:56, Estimated time left: 0:02:55
2025-01-23 08:45:47,231 - INFO - Trial: 8/100, Epoch: 6/10, Val loss: 0.0088, Elapsed time: 0:03:32, Estimated time left: 0:02:22
2025-01-23 08:46:22,759 - INFO - Trial: 8/100, Epoch: 7/10, Val loss: 0.0086, Elapsed time: 0:04:08, Estimated time left: 0:01:46
2025-01-23 08:46:57,927 - INFO - Trial: 8/100, Epoch: 8/10, Val loss: 0.0085, Elapsed time: 0:04:43, Estimated time left: 0:01:10
2025-01-23 08:47:33,594 - INFO - Trial: 8/100, Epoch: 9/10, Val loss: 0.0083, Elapsed time: 0:05:18, Estimated time left: 0:00:35
2025-01-23 08:48:09,206 - INFO - Trial: 8/100, Epoch: 10/10, Val loss: 0.0083, Elapsed time: 0:05:54, Estimated time left: 0:00:00
2025-01-23 08:48:09,209 - INFO - Trial 7 finished with value: 0.008255270186423134 and parameters: {'hidden_layers': 3, 'n_units_l': 21, 'lr': 8.41183886336945e-05, 'batch_size': 23}. Best is trial 5 with value: 0.0011210285533238896.
2025-01-23 08:48:09,211 - INFO - Elapsed time: 2119.03 seconds
2025-01-23 08:48:09,211 - INFO - Estimated time left: 0.00 seconds
2025-01-23 08:48:38,090 - INFO - Trial: 9/100, Epoch: 1/10, Val loss: 0.0170, Elapsed time: 0:00:28, Estimated time left: 0:04:19
2025-01-23 08:49:05,180 - INFO - Trial: 9/100, Epoch: 2/10, Val loss: 0.0028, Elapsed time: 0:00:55, Estimated time left: 0:03:36
2025-01-23 08:49:32,479 - INFO - Trial: 9/100, Epoch: 3/10, Val loss: 0.0026, Elapsed time: 0:01:23, Estimated time left: 0:03:11
2025-01-23 08:49:59,705 - INFO - Trial: 9/100, Epoch: 4/10, Val loss: 0.0020, Elapsed time: 0:01:50, Estimated time left: 0:02:43
2025-01-23 08:50:26,994 - INFO - Trial: 9/100, Epoch: 5/10, Val loss: 0.0016, Elapsed time: 0:02:17, Estimated time left: 0:02:16
2025-01-23 08:50:54,076 - INFO - Trial: 9/100, Epoch: 6/10, Val loss: 0.0013, Elapsed time: 0:02:44, Estimated time left: 0:01:48
2025-01-23 08:51:21,017 - INFO - Trial: 9/100, Epoch: 7/10, Val loss: 0.0012, Elapsed time: 0:03:11, Estimated time left: 0:01:20
2025-01-23 08:51:47,978 - INFO - Trial: 9/100, Epoch: 8/10, Val loss: 0.0012, Elapsed time: 0:03:38, Estimated time left: 0:00:53
2025-01-23 08:52:14,935 - INFO - Trial: 9/100, Epoch: 9/10, Val loss: 0.0011, Elapsed time: 0:04:05, Estimated time left: 0:00:26
2025-01-23 08:52:41,930 - INFO - Trial: 9/100, Epoch: 10/10, Val loss: 0.0009, Elapsed time: 0:04:32, Estimated time left: 0:00:00
2025-01-23 08:52:41,933 - INFO - Trial 8 finished with value: 0.0008666118113365763 and parameters: {'hidden_layers': 8, 'n_units_l': 234, 'lr': 0.0005778812305563279, 'batch_size': 56}. Best is trial 8 with value: 0.0008666118113365763.
2025-01-23 08:52:41,934 - INFO - Elapsed time: 2391.75 seconds
2025-01-23 08:52:41,935 - INFO - Estimated time left: 0.00 seconds
2025-01-23 08:53:23,005 - INFO - Trial: 10/100, Epoch: 1/10, Val loss: 0.1020, Elapsed time: 0:00:41, Estimated time left: 0:06:09
2025-01-23 08:54:00,545 - INFO - Trial: 10/100, Epoch: 2/10, Val loss: 0.0133, Elapsed time: 0:01:18, Estimated time left: 0:05:00
2025-01-23 08:54:38,081 - INFO - Trial: 10/100, Epoch: 3/10, Val loss: 0.0129, Elapsed time: 0:01:56, Estimated time left: 0:04:22
2025-01-23 08:55:15,752 - INFO - Trial: 10/100, Epoch: 4/10, Val loss: 0.0116, Elapsed time: 0:02:33, Estimated time left: 0:03:46
2025-01-23 08:55:53,343 - INFO - Trial: 10/100, Epoch: 5/10, Val loss: 0.0115, Elapsed time: 0:03:11, Estimated time left: 0:03:07
2025-01-23 08:56:30,918 - INFO - Trial: 10/100, Epoch: 6/10, Val loss: 0.0117, Elapsed time: 0:03:48, Estimated time left: 0:02:30
2025-01-23 08:57:08,396 - INFO - Trial: 10/100, Epoch: 7/10, Val loss: 0.0112, Elapsed time: 0:04:26, Estimated time left: 0:01:52
2025-01-23 08:57:45,873 - INFO - Trial: 10/100, Epoch: 8/10, Val loss: 0.0120, Elapsed time: 0:05:03, Estimated time left: 0:01:14
2025-01-23 08:58:23,372 - INFO - Trial: 10/100, Epoch: 9/10, Val loss: 0.0113, Elapsed time: 0:05:41, Estimated time left: 0:00:37
2025-01-23 08:59:00,857 - INFO - Trial: 10/100, Epoch: 10/10, Val loss: 0.0111, Elapsed time: 0:06:18, Estimated time left: 0:00:00
2025-01-23 08:59:00,860 - INFO - Trial 9 finished with value: 0.011108551932601018 and parameters: {'hidden_layers': 6, 'n_units_l': 10, 'lr': 0.0010675104906670843, 'batch_size': 28}. Best is trial 8 with value: 0.0008666118113365763.
2025-01-23 08:59:00,862 - INFO - Elapsed time: 2770.68 seconds
2025-01-23 08:59:00,862 - INFO - Estimated time left: 0.00 seconds
2025-01-23 08:59:19,099 - INFO - Trial: 11/100, Epoch: 1/10, Val loss: 0.5083, Elapsed time: 0:00:18, Estimated time left: 0:02:43
2025-01-23 08:59:35,645 - INFO - Trial: 11/100, Epoch: 2/10, Val loss: 0.1365, Elapsed time: 0:00:34, Estimated time left: 0:02:12
2025-01-23 08:59:52,164 - INFO - Trial: 11/100, Epoch: 3/10, Val loss: 0.1365, Elapsed time: 0:00:51, Estimated time left: 0:01:55
2025-01-23 09:00:08,710 - INFO - Trial: 11/100, Epoch: 4/10, Val loss: 0.1383, Elapsed time: 0:01:07, Estimated time left: 0:01:39
2025-01-23 09:00:25,250 - INFO - Trial: 11/100, Epoch: 5/10, Val loss: 0.1373, Elapsed time: 0:01:24, Estimated time left: 0:01:22
2025-01-23 09:00:41,765 - INFO - Trial: 11/100, Epoch: 6/10, Val loss: 0.1386, Elapsed time: 0:01:40, Estimated time left: 0:01:06
2025-01-23 09:00:58,287 - INFO - Trial: 11/100, Epoch: 7/10, Val loss: 0.1365, Elapsed time: 0:01:57, Estimated time left: 0:00:49
2025-01-23 09:01:14,826 - INFO - Trial: 11/100, Epoch: 8/10, Val loss: 0.1371, Elapsed time: 0:02:13, Estimated time left: 0:00:33
2025-01-23 09:01:31,378 - INFO - Trial: 11/100, Epoch: 9/10, Val loss: 0.1369, Elapsed time: 0:02:30, Estimated time left: 0:00:16
2025-01-23 09:01:47,933 - INFO - Trial: 11/100, Epoch: 10/10, Val loss: 0.1366, Elapsed time: 0:02:47, Estimated time left: 0:00:00
2025-01-23 09:01:47,935 - INFO - Trial 10 finished with value: 0.13655015188793837 and parameters: {'hidden_layers': 8, 'n_units_l': 69, 'lr': 0.09005928822479432, 'batch_size': 86}. Best is trial 8 with value: 0.0008666118113365763.
2025-01-23 09:01:47,937 - INFO - Elapsed time: 2937.75 seconds
2025-01-23 09:01:47,938 - INFO - Estimated time left: 0.00 seconds
2025-01-23 09:02:00,146 - INFO - Trial: 12/100, Epoch: 1/10, Val loss: 0.0063, Elapsed time: 0:00:12, Estimated time left: 0:01:49
2025-01-23 09:02:12,361 - INFO - Trial: 12/100, Epoch: 2/10, Val loss: 0.0033, Elapsed time: 0:00:24, Estimated time left: 0:01:37
2025-01-23 09:02:24,415 - INFO - Trial: 12/100, Epoch: 3/10, Val loss: 0.0033, Elapsed time: 0:00:36, Estimated time left: 0:01:24
2025-01-23 09:02:36,456 - INFO - Trial: 12/100, Epoch: 4/10, Val loss: 0.0032, Elapsed time: 0:00:48, Estimated time left: 0:01:12
2025-01-23 09:02:48,484 - INFO - Trial: 12/100, Epoch: 5/10, Val loss: 0.0031, Elapsed time: 0:01:00, Estimated time left: 0:01:00
2025-01-23 09:03:00,578 - INFO - Trial: 12/100, Epoch: 6/10, Val loss: 0.0032, Elapsed time: 0:01:12, Estimated time left: 0:00:48
2025-01-23 09:03:12,596 - INFO - Trial: 12/100, Epoch: 7/10, Val loss: 0.0031, Elapsed time: 0:01:24, Estimated time left: 0:00:36
2025-01-23 09:03:24,646 - INFO - Trial: 12/100, Epoch: 8/10, Val loss: 0.0031, Elapsed time: 0:01:36, Estimated time left: 0:00:24
2025-01-23 09:03:36,662 - INFO - Trial: 12/100, Epoch: 9/10, Val loss: 0.0031, Elapsed time: 0:01:48, Estimated time left: 0:00:12
2025-01-23 09:03:48,718 - INFO - Trial: 12/100, Epoch: 10/10, Val loss: 0.0031, Elapsed time: 0:02:00, Estimated time left: 0:00:00
2025-01-23 09:03:48,720 - INFO - Trial 11 finished with value: 0.003078204428225666 and parameters: {'hidden_layers': 1, 'n_units_l': 253, 'lr': 0.0003448652192470522, 'batch_size': 67}. Best is trial 8 with value: 0.0008666118113365763.
2025-01-23 09:03:48,722 - INFO - Elapsed time: 3058.54 seconds
2025-01-23 09:03:48,723 - INFO - Estimated time left: 0.00 seconds
2025-01-23 09:05:13,944 - INFO - Trial: 13/100, Epoch: 1/10, Val loss: 0.1365, Elapsed time: 0:01:25, Estimated time left: 0:12:46
2025-01-23 09:06:31,212 - INFO - Trial: 13/100, Epoch: 2/10, Val loss: 0.1366, Elapsed time: 0:02:42, Estimated time left: 0:10:18
2025-01-23 09:07:48,137 - INFO - Trial: 13/100, Epoch: 3/10, Val loss: 0.1380, Elapsed time: 0:03:59, Estimated time left: 0:08:58
2025-01-23 09:09:05,220 - INFO - Trial: 13/100, Epoch: 4/10, Val loss: 0.1369, Elapsed time: 0:05:16, Estimated time left: 0:07:42
2025-01-23 09:10:22,122 - INFO - Trial: 13/100, Epoch: 5/10, Val loss: 0.1371, Elapsed time: 0:06:33, Estimated time left: 0:06:24
2025-01-23 09:11:39,120 - INFO - Trial: 13/100, Epoch: 6/10, Val loss: 0.1366, Elapsed time: 0:07:50, Estimated time left: 0:05:07
2025-01-23 09:12:55,921 - INFO - Trial: 13/100, Epoch: 7/10, Val loss: 0.1366, Elapsed time: 0:09:07, Estimated time left: 0:03:50
2025-01-23 09:14:12,935 - INFO - Trial: 13/100, Epoch: 8/10, Val loss: 0.1370, Elapsed time: 0:10:24, Estimated time left: 0:02:34
2025-01-23 09:15:30,064 - INFO - Trial: 13/100, Epoch: 9/10, Val loss: 0.1367, Elapsed time: 0:11:41, Estimated time left: 0:01:17
2025-01-23 09:16:47,056 - INFO - Trial: 13/100, Epoch: 10/10, Val loss: 0.1367, Elapsed time: 0:12:58, Estimated time left: 0:00:00
