2025-01-29 23:52:09,967 - INFO - Trial 89 finished with value: 0.018848342655591748 and parameters: {'hidden_layers': 8, 'n_units_l': 11, 'lr': 0.00021729637147764299, 'batch_size': 90}. Best is trial 77 with value: 0.0006734657413265272.
2025-01-29 23:52:09,971 - INFO - Elapsed time: 44105.56 seconds
2025-01-29 23:52:09,971 - INFO - Estimated time left: 0.00 seconds
2025-01-29 23:52:57,482 - INFO - Trial: 91/100, Epoch: 1/15, Val loss: 0.0718, Elapsed time: 0:00:47, Estimated time left: 0:11:04
2025-01-29 23:53:42,011 - INFO - Trial: 91/100, Epoch: 2/15, Val loss: 0.0025, Elapsed time: 0:01:32, Estimated time left: 0:09:38
2025-01-29 23:54:26,332 - INFO - Trial: 91/100, Epoch: 3/15, Val loss: 0.0020, Elapsed time: 0:02:16, Estimated time left: 0:08:51
2025-01-29 23:55:10,790 - INFO - Trial: 91/100, Epoch: 4/15, Val loss: 0.0017, Elapsed time: 0:03:00, Estimated time left: 0:08:09
2025-01-29 23:55:55,382 - INFO - Trial: 91/100, Epoch: 5/15, Val loss: 0.0013, Elapsed time: 0:03:45, Estimated time left: 0:07:25
2025-01-29 23:56:40,001 - INFO - Trial: 91/100, Epoch: 6/15, Val loss: 0.0013, Elapsed time: 0:04:30, Estimated time left: 0:06:41
2025-01-29 23:57:24,690 - INFO - Trial: 91/100, Epoch: 7/15, Val loss: 0.0012, Elapsed time: 0:05:14, Estimated time left: 0:05:57
2025-01-29 23:58:09,309 - INFO - Trial: 91/100, Epoch: 8/15, Val loss: 0.0011, Elapsed time: 0:05:59, Estimated time left: 0:05:12
2025-01-29 23:58:53,880 - INFO - Trial: 91/100, Epoch: 9/15, Val loss: 0.0010, Elapsed time: 0:06:43, Estimated time left: 0:04:27
2025-01-29 23:59:38,769 - INFO - Trial: 91/100, Epoch: 10/15, Val loss: 0.0012, Elapsed time: 0:07:28, Estimated time left: 0:03:44
2025-01-30 00:00:23,310 - INFO - Trial: 91/100, Epoch: 11/15, Val loss: 0.0010, Elapsed time: 0:08:13, Estimated time left: 0:02:58
2025-01-30 00:01:07,846 - INFO - Trial: 91/100, Epoch: 12/15, Val loss: 0.0009, Elapsed time: 0:08:57, Estimated time left: 0:02:13
2025-01-30 00:01:52,416 - INFO - Trial: 91/100, Epoch: 13/15, Val loss: 0.0008, Elapsed time: 0:09:42, Estimated time left: 0:01:29
2025-01-30 00:02:36,949 - INFO - Trial: 91/100, Epoch: 14/15, Val loss: 0.0008, Elapsed time: 0:10:26, Estimated time left: 0:00:44
2025-01-30 00:03:21,490 - INFO - Trial: 91/100, Epoch: 15/15, Val loss: 0.0010, Elapsed time: 0:11:11, Estimated time left: 0:00:00
2025-01-30 00:03:21,492 - INFO - Trial 90 finished with value: 0.0009613728200507896 and parameters: {'hidden_layers': 6, 'n_units_l': 227, 'lr': 0.0002811000136322915, 'batch_size': 22}. Best is trial 77 with value: 0.0006734657413265272.
2025-01-30 00:03:21,495 - INFO - Elapsed time: 44777.08 seconds
2025-01-30 00:03:21,495 - INFO - Estimated time left: 0.00 seconds
2025-01-30 00:03:58,006 - INFO - Trial: 92/100, Epoch: 1/15, Val loss: 0.1175, Elapsed time: 0:00:36, Estimated time left: 0:08:30
2025-01-30 00:04:31,022 - INFO - Trial: 92/100, Epoch: 2/15, Val loss: 0.0056, Elapsed time: 0:01:09, Estimated time left: 0:07:09
2025-01-30 00:05:04,068 - INFO - Trial: 92/100, Epoch: 3/15, Val loss: 0.0024, Elapsed time: 0:01:42, Estimated time left: 0:06:36
2025-01-30 00:05:37,038 - INFO - Trial: 92/100, Epoch: 4/15, Val loss: 0.0018, Elapsed time: 0:02:15, Estimated time left: 0:06:02
2025-01-30 00:06:10,053 - INFO - Trial: 92/100, Epoch: 5/15, Val loss: 0.0017, Elapsed time: 0:02:48, Estimated time left: 0:05:30
2025-01-30 00:06:43,184 - INFO - Trial: 92/100, Epoch: 6/15, Val loss: 0.0014, Elapsed time: 0:03:21, Estimated time left: 0:04:58
2025-01-30 00:07:16,399 - INFO - Trial: 92/100, Epoch: 7/15, Val loss: 0.0014, Elapsed time: 0:03:54, Estimated time left: 0:04:25
2025-01-30 00:07:49,452 - INFO - Trial: 92/100, Epoch: 8/15, Val loss: 0.0013, Elapsed time: 0:04:27, Estimated time left: 0:03:51
2025-01-30 00:08:22,529 - INFO - Trial: 92/100, Epoch: 9/15, Val loss: 0.0012, Elapsed time: 0:05:01, Estimated time left: 0:03:18
2025-01-30 00:08:55,591 - INFO - Trial: 92/100, Epoch: 10/15, Val loss: 0.0011, Elapsed time: 0:05:34, Estimated time left: 0:02:45
2025-01-30 00:09:28,644 - INFO - Trial: 92/100, Epoch: 11/15, Val loss: 0.0010, Elapsed time: 0:06:07, Estimated time left: 0:02:12
2025-01-30 00:10:01,666 - INFO - Trial: 92/100, Epoch: 12/15, Val loss: 0.0009, Elapsed time: 0:06:40, Estimated time left: 0:01:39
2025-01-30 00:10:34,698 - INFO - Trial: 92/100, Epoch: 13/15, Val loss: 0.0009, Elapsed time: 0:07:13, Estimated time left: 0:01:06
2025-01-30 00:11:07,740 - INFO - Trial: 92/100, Epoch: 14/15, Val loss: 0.0009, Elapsed time: 0:07:46, Estimated time left: 0:00:33
2025-01-30 00:11:40,833 - INFO - Trial: 92/100, Epoch: 15/15, Val loss: 0.0008, Elapsed time: 0:08:19, Estimated time left: 0:00:00
2025-01-30 00:11:40,835 - INFO - Trial 91 finished with value: 0.0008413610069838068 and parameters: {'hidden_layers': 7, 'n_units_l': 200, 'lr': 0.00018148892142934168, 'batch_size': 31}. Best is trial 77 with value: 0.0006734657413265272.
2025-01-30 00:11:40,838 - INFO - Elapsed time: 45276.42 seconds
2025-01-30 00:11:40,839 - INFO - Estimated time left: 0.00 seconds
2025-01-30 00:12:17,770 - INFO - Trial: 93/100, Epoch: 1/15, Val loss: 0.1221, Elapsed time: 0:00:36, Estimated time left: 0:08:36
2025-01-30 00:12:50,814 - INFO - Trial: 93/100, Epoch: 2/15, Val loss: 0.0028, Elapsed time: 0:01:09, Estimated time left: 0:07:09
2025-01-30 00:13:23,767 - INFO - Trial: 93/100, Epoch: 3/15, Val loss: 0.0021, Elapsed time: 0:01:42, Estimated time left: 0:06:35
2025-01-30 00:13:56,724 - INFO - Trial: 93/100, Epoch: 4/15, Val loss: 0.0018, Elapsed time: 0:02:15, Estimated time left: 0:06:02
2025-01-30 00:14:30,341 - INFO - Trial: 93/100, Epoch: 5/15, Val loss: 0.0017, Elapsed time: 0:02:49, Estimated time left: 0:05:36
2025-01-30 00:15:03,508 - INFO - Trial: 93/100, Epoch: 6/15, Val loss: 0.0015, Elapsed time: 0:03:22, Estimated time left: 0:04:58
2025-01-30 00:15:36,570 - INFO - Trial: 93/100, Epoch: 7/15, Val loss: 0.0013, Elapsed time: 0:03:55, Estimated time left: 0:04:24
2025-01-30 00:16:09,765 - INFO - Trial: 93/100, Epoch: 8/15, Val loss: 0.0012, Elapsed time: 0:04:28, Estimated time left: 0:03:52
2025-01-30 00:16:42,964 - INFO - Trial: 93/100, Epoch: 9/15, Val loss: 0.0011, Elapsed time: 0:05:02, Estimated time left: 0:03:19
2025-01-30 00:17:16,164 - INFO - Trial: 93/100, Epoch: 10/15, Val loss: 0.0010, Elapsed time: 0:05:35, Estimated time left: 0:02:46
2025-01-30 00:17:49,334 - INFO - Trial: 93/100, Epoch: 11/15, Val loss: 0.0010, Elapsed time: 0:06:08, Estimated time left: 0:02:12
2025-01-30 00:18:22,613 - INFO - Trial: 93/100, Epoch: 12/15, Val loss: 0.0009, Elapsed time: 0:06:41, Estimated time left: 0:01:39
2025-01-30 00:18:55,781 - INFO - Trial: 93/100, Epoch: 13/15, Val loss: 0.0009, Elapsed time: 0:07:14, Estimated time left: 0:01:06
2025-01-30 00:19:28,935 - INFO - Trial: 93/100, Epoch: 14/15, Val loss: 0.0010, Elapsed time: 0:07:48, Estimated time left: 0:00:33
2025-01-30 00:20:02,102 - INFO - Trial: 93/100, Epoch: 15/15, Val loss: 0.0008, Elapsed time: 0:08:21, Estimated time left: 0:00:00
2025-01-30 00:20:02,103 - INFO - Trial 92 finished with value: 0.0008251705879651882 and parameters: {'hidden_layers': 7, 'n_units_l': 162, 'lr': 0.0001469830937727519, 'batch_size': 29}. Best is trial 77 with value: 0.0006734657413265272.
2025-01-30 00:20:02,107 - INFO - Elapsed time: 45777.69 seconds
2025-01-30 00:20:02,107 - INFO - Estimated time left: 0.00 seconds
2025-01-30 00:20:43,064 - INFO - Trial: 94/100, Epoch: 1/15, Val loss: 0.1385, Elapsed time: 0:00:40, Estimated time left: 0:09:33
2025-01-30 00:21:19,868 - INFO - Trial: 94/100, Epoch: 2/15, Val loss: 0.0029, Elapsed time: 0:01:17, Estimated time left: 0:07:58
2025-01-30 00:21:56,555 - INFO - Trial: 94/100, Epoch: 3/15, Val loss: 0.0025, Elapsed time: 0:01:54, Estimated time left: 0:07:20
2025-01-30 00:22:33,316 - INFO - Trial: 94/100, Epoch: 4/15, Val loss: 0.0020, Elapsed time: 0:02:31, Estimated time left: 0:06:44
2025-01-30 00:23:10,197 - INFO - Trial: 94/100, Epoch: 5/15, Val loss: 0.0025, Elapsed time: 0:03:08, Estimated time left: 0:06:08
2025-01-30 00:23:47,259 - INFO - Trial: 94/100, Epoch: 6/15, Val loss: 0.0017, Elapsed time: 0:03:45, Estimated time left: 0:05:33
2025-01-30 00:24:24,174 - INFO - Trial: 94/100, Epoch: 7/15, Val loss: 0.0014, Elapsed time: 0:04:22, Estimated time left: 0:04:55
2025-01-30 00:25:01,093 - INFO - Trial: 94/100, Epoch: 8/15, Val loss: 0.0014, Elapsed time: 0:04:58, Estimated time left: 0:04:18
2025-01-30 00:25:37,952 - INFO - Trial: 94/100, Epoch: 9/15, Val loss: 0.0011, Elapsed time: 0:05:35, Estimated time left: 0:03:41
2025-01-30 00:26:14,813 - INFO - Trial: 94/100, Epoch: 10/15, Val loss: 0.0012, Elapsed time: 0:06:12, Estimated time left: 0:03:04
2025-01-30 00:26:51,726 - INFO - Trial: 94/100, Epoch: 11/15, Val loss: 0.0010, Elapsed time: 0:06:49, Estimated time left: 0:02:27
2025-01-30 00:27:28,673 - INFO - Trial: 94/100, Epoch: 12/15, Val loss: 0.0011, Elapsed time: 0:07:26, Estimated time left: 0:01:50
2025-01-30 00:28:05,576 - INFO - Trial: 94/100, Epoch: 13/15, Val loss: 0.0009, Elapsed time: 0:08:03, Estimated time left: 0:01:13
2025-01-30 00:28:42,502 - INFO - Trial: 94/100, Epoch: 14/15, Val loss: 0.0010, Elapsed time: 0:08:40, Estimated time left: 0:00:36
2025-01-30 00:29:19,889 - INFO - Trial: 94/100, Epoch: 15/15, Val loss: 0.0009, Elapsed time: 0:09:17, Estimated time left: 0:00:00
2025-01-30 00:29:19,890 - INFO - Trial 93 finished with value: 0.0008641809085138894 and parameters: {'hidden_layers': 7, 'n_units_l': 162, 'lr': 0.00012099057009755486, 'batch_size': 26}. Best is trial 77 with value: 0.0006734657413265272.
2025-01-30 00:29:19,894 - INFO - Elapsed time: 46335.48 seconds
2025-01-30 00:29:19,894 - INFO - Estimated time left: 0.00 seconds
2025-01-30 00:29:56,690 - INFO - Trial: 95/100, Epoch: 1/15, Val loss: 0.1450, Elapsed time: 0:00:36, Estimated time left: 0:08:34
2025-01-30 00:30:29,740 - INFO - Trial: 95/100, Epoch: 2/15, Val loss: 0.0037, Elapsed time: 0:01:09, Estimated time left: 0:07:09
2025-01-30 00:31:02,722 - INFO - Trial: 95/100, Epoch: 3/15, Val loss: 0.0021, Elapsed time: 0:01:42, Estimated time left: 0:06:35
2025-01-30 00:31:35,865 - INFO - Trial: 95/100, Epoch: 4/15, Val loss: 0.0020, Elapsed time: 0:02:15, Estimated time left: 0:06:04
2025-01-30 00:32:08,953 - INFO - Trial: 95/100, Epoch: 5/15, Val loss: 0.0019, Elapsed time: 0:02:49, Estimated time left: 0:05:30
2025-01-30 00:32:42,189 - INFO - Trial: 95/100, Epoch: 6/15, Val loss: 0.0018, Elapsed time: 0:03:22, Estimated time left: 0:04:59
2025-01-30 00:33:15,419 - INFO - Trial: 95/100, Epoch: 7/15, Val loss: 0.0015, Elapsed time: 0:03:55, Estimated time left: 0:04:25
2025-01-30 00:33:48,698 - INFO - Trial: 95/100, Epoch: 8/15, Val loss: 0.0015, Elapsed time: 0:04:28, Estimated time left: 0:03:52
2025-01-30 00:34:21,890 - INFO - Trial: 95/100, Epoch: 9/15, Val loss: 0.0013, Elapsed time: 0:05:01, Estimated time left: 0:03:19
2025-01-30 00:34:55,070 - INFO - Trial: 95/100, Epoch: 10/15, Val loss: 0.0011, Elapsed time: 0:05:35, Estimated time left: 0:02:45
2025-01-30 00:35:28,240 - INFO - Trial: 95/100, Epoch: 11/15, Val loss: 0.0011, Elapsed time: 0:06:08, Estimated time left: 0:02:12
2025-01-30 00:36:01,414 - INFO - Trial: 95/100, Epoch: 12/15, Val loss: 0.0011, Elapsed time: 0:06:41, Estimated time left: 0:01:39
2025-01-30 00:36:34,621 - INFO - Trial: 95/100, Epoch: 13/15, Val loss: 0.0012, Elapsed time: 0:07:14, Estimated time left: 0:01:06
2025-01-30 00:37:08,002 - INFO - Trial: 95/100, Epoch: 14/15, Val loss: 0.0009, Elapsed time: 0:07:48, Estimated time left: 0:00:33
2025-01-30 00:37:41,184 - INFO - Trial: 95/100, Epoch: 15/15, Val loss: 0.0009, Elapsed time: 0:08:21, Estimated time left: 0:00:00
2025-01-30 00:37:41,186 - INFO - Trial 94 finished with value: 0.0009357551224984063 and parameters: {'hidden_layers': 7, 'n_units_l': 145, 'lr': 0.00015697826084423938, 'batch_size': 29}. Best is trial 77 with value: 0.0006734657413265272.
2025-01-30 00:37:41,189 - INFO - Elapsed time: 46836.77 seconds
2025-01-30 00:37:41,189 - INFO - Estimated time left: 0.00 seconds
2025-01-30 00:38:13,067 - INFO - Trial: 96/100, Epoch: 1/15, Val loss: 0.2868, Elapsed time: 0:00:31, Estimated time left: 0:07:26
2025-01-30 00:38:41,928 - INFO - Trial: 96/100, Epoch: 2/15, Val loss: 0.0032, Elapsed time: 0:01:00, Estimated time left: 0:06:15
2025-01-30 00:39:10,760 - INFO - Trial: 96/100, Epoch: 3/15, Val loss: 0.0023, Elapsed time: 0:01:29, Estimated time left: 0:05:45
2025-01-30 00:39:39,533 - INFO - Trial: 96/100, Epoch: 4/15, Val loss: 0.0019, Elapsed time: 0:01:58, Estimated time left: 0:05:16
2025-01-30 00:40:08,380 - INFO - Trial: 96/100, Epoch: 5/15, Val loss: 0.0017, Elapsed time: 0:02:27, Estimated time left: 0:04:48
2025-01-30 00:40:37,328 - INFO - Trial: 96/100, Epoch: 6/15, Val loss: 0.0017, Elapsed time: 0:02:56, Estimated time left: 0:04:20
2025-01-30 00:41:06,370 - INFO - Trial: 96/100, Epoch: 7/15, Val loss: 0.0017, Elapsed time: 0:03:25, Estimated time left: 0:03:52
2025-01-30 00:41:35,435 - INFO - Trial: 96/100, Epoch: 8/15, Val loss: 0.0015, Elapsed time: 0:03:54, Estimated time left: 0:03:23
2025-01-30 00:42:04,510 - INFO - Trial: 96/100, Epoch: 9/15, Val loss: 0.0016, Elapsed time: 0:04:23, Estimated time left: 0:02:54
2025-01-30 00:42:33,595 - INFO - Trial: 96/100, Epoch: 10/15, Val loss: 0.0015, Elapsed time: 0:04:52, Estimated time left: 0:02:25
2025-01-30 00:43:02,696 - INFO - Trial: 96/100, Epoch: 11/15, Val loss: 0.0013, Elapsed time: 0:05:21, Estimated time left: 0:01:56
2025-01-30 00:43:31,737 - INFO - Trial: 96/100, Epoch: 12/15, Val loss: 0.0015, Elapsed time: 0:05:50, Estimated time left: 0:01:27
2025-01-30 00:44:00,799 - INFO - Trial: 96/100, Epoch: 13/15, Val loss: 0.0014, Elapsed time: 0:06:19, Estimated time left: 0:00:58
2025-01-30 00:44:30,299 - INFO - Trial: 96/100, Epoch: 14/15, Val loss: 0.0013, Elapsed time: 0:06:49, Estimated time left: 0:00:29
2025-01-30 00:44:59,347 - INFO - Trial: 96/100, Epoch: 15/15, Val loss: 0.0012, Elapsed time: 0:07:18, Estimated time left: 0:00:00
2025-01-30 00:44:59,348 - INFO - Trial 95 finished with value: 0.0012093066433712077 and parameters: {'hidden_layers': 7, 'n_units_l': 219, 'lr': 3.3953340912101525e-05, 'batch_size': 37}. Best is trial 77 with value: 0.0006734657413265272.
2025-01-30 00:44:59,352 - INFO - Elapsed time: 47274.94 seconds
2025-01-30 00:44:59,352 - INFO - Estimated time left: 0.00 seconds
2025-01-30 00:45:48,068 - INFO - Trial: 97/100, Epoch: 1/15, Val loss: 0.1601, Elapsed time: 0:00:48, Estimated time left: 0:11:21
2025-01-30 00:46:31,385 - INFO - Trial: 97/100, Epoch: 2/15, Val loss: 0.0031, Elapsed time: 0:01:32, Estimated time left: 0:09:23
2025-01-30 00:47:14,600 - INFO - Trial: 97/100, Epoch: 3/15, Val loss: 0.0021, Elapsed time: 0:02:15, Estimated time left: 0:08:38
2025-01-30 00:47:57,904 - INFO - Trial: 97/100, Epoch: 4/15, Val loss: 0.0019, Elapsed time: 0:02:58, Estimated time left: 0:07:56
2025-01-30 00:48:41,316 - INFO - Trial: 97/100, Epoch: 5/15, Val loss: 0.0018, Elapsed time: 0:03:41, Estimated time left: 0:07:14
2025-01-30 00:49:24,635 - INFO - Trial: 97/100, Epoch: 6/15, Val loss: 0.0017, Elapsed time: 0:04:25, Estimated time left: 0:06:29
2025-01-30 00:50:07,995 - INFO - Trial: 97/100, Epoch: 7/15, Val loss: 0.0015, Elapsed time: 0:05:08, Estimated time left: 0:05:46
2025-01-30 00:50:51,398 - INFO - Trial: 97/100, Epoch: 8/15, Val loss: 0.0018, Elapsed time: 0:05:52, Estimated time left: 0:05:03
2025-01-30 00:51:34,736 - INFO - Trial: 97/100, Epoch: 9/15, Val loss: 0.0013, Elapsed time: 0:06:35, Estimated time left: 0:04:20
2025-01-30 00:52:18,128 - INFO - Trial: 97/100, Epoch: 10/15, Val loss: 0.0012, Elapsed time: 0:07:18, Estimated time left: 0:03:36
2025-01-30 00:53:01,496 - INFO - Trial: 97/100, Epoch: 11/15, Val loss: 0.0011, Elapsed time: 0:08:02, Estimated time left: 0:02:53
2025-01-30 00:53:44,873 - INFO - Trial: 97/100, Epoch: 12/15, Val loss: 0.0012, Elapsed time: 0:08:45, Estimated time left: 0:02:10
2025-01-30 00:54:28,248 - INFO - Trial: 97/100, Epoch: 13/15, Val loss: 0.0012, Elapsed time: 0:09:28, Estimated time left: 0:01:26
2025-01-30 00:55:11,567 - INFO - Trial: 97/100, Epoch: 14/15, Val loss: 0.0011, Elapsed time: 0:10:12, Estimated time left: 0:00:43
2025-01-30 00:55:54,919 - INFO - Trial: 97/100, Epoch: 15/15, Val loss: 0.0010, Elapsed time: 0:10:55, Estimated time left: 0:00:00
2025-01-30 00:55:54,920 - INFO - Trial 96 finished with value: 0.0009576239790130785 and parameters: {'hidden_layers': 8, 'n_units_l': 185, 'lr': 9.113794451377465e-05, 'batch_size': 25}. Best is trial 77 with value: 0.0006734657413265272.
2025-01-30 00:55:54,924 - INFO - Elapsed time: 47930.51 seconds
2025-01-30 00:55:54,924 - INFO - Estimated time left: 0.00 seconds
2025-01-30 00:56:27,597 - INFO - Trial: 98/100, Epoch: 1/15, Val loss: 0.2341, Elapsed time: 0:00:32, Estimated time left: 0:07:37
2025-01-30 00:56:57,736 - INFO - Trial: 98/100, Epoch: 2/15, Val loss: 0.0024, Elapsed time: 0:01:02, Estimated time left: 0:06:31
2025-01-30 00:57:27,718 - INFO - Trial: 98/100, Epoch: 3/15, Val loss: 0.0019, Elapsed time: 0:01:32, Estimated time left: 0:05:59
2025-01-30 00:57:57,723 - INFO - Trial: 98/100, Epoch: 4/15, Val loss: 0.0016, Elapsed time: 0:02:02, Estimated time left: 0:05:30
2025-01-30 00:58:27,782 - INFO - Trial: 98/100, Epoch: 5/15, Val loss: 0.0020, Elapsed time: 0:02:32, Estimated time left: 0:05:00
2025-01-30 00:58:58,106 - INFO - Trial: 98/100, Epoch: 6/15, Val loss: 0.0017, Elapsed time: 0:03:03, Estimated time left: 0:04:32
2025-01-30 00:59:28,711 - INFO - Trial: 98/100, Epoch: 7/15, Val loss: 0.0015, Elapsed time: 0:03:33, Estimated time left: 0:04:04
2025-01-30 00:59:59,103 - INFO - Trial: 98/100, Epoch: 8/15, Val loss: 0.0012, Elapsed time: 0:04:04, Estimated time left: 0:03:32
2025-01-30 01:00:29,469 - INFO - Trial: 98/100, Epoch: 9/15, Val loss: 0.0013, Elapsed time: 0:04:34, Estimated time left: 0:03:02
2025-01-30 01:00:59,874 - INFO - Trial: 98/100, Epoch: 10/15, Val loss: 0.0012, Elapsed time: 0:05:04, Estimated time left: 0:02:32
2025-01-30 01:01:30,280 - INFO - Trial: 98/100, Epoch: 11/15, Val loss: 0.0010, Elapsed time: 0:05:35, Estimated time left: 0:02:01
2025-01-30 01:02:00,631 - INFO - Trial: 98/100, Epoch: 12/15, Val loss: 0.0010, Elapsed time: 0:06:05, Estimated time left: 0:01:31
2025-01-30 01:02:31,023 - INFO - Trial: 98/100, Epoch: 13/15, Val loss: 0.0010, Elapsed time: 0:06:36, Estimated time left: 0:01:00
2025-01-30 01:03:01,444 - INFO - Trial: 98/100, Epoch: 14/15, Val loss: 0.0008, Elapsed time: 0:07:06, Estimated time left: 0:00:30
2025-01-30 01:03:31,914 - INFO - Trial: 98/100, Epoch: 15/15, Val loss: 0.0010, Elapsed time: 0:07:36, Estimated time left: 0:00:00
2025-01-30 01:03:31,915 - INFO - Trial 97 finished with value: 0.0009521731745201037 and parameters: {'hidden_layers': 6, 'n_units_l': 236, 'lr': 7.379360210736568e-05, 'batch_size': 33}. Best is trial 77 with value: 0.0006734657413265272.
2025-01-30 01:03:31,919 - INFO - Elapsed time: 48387.50 seconds
2025-01-30 01:03:31,919 - INFO - Estimated time left: 0.00 seconds
2025-01-30 01:03:59,061 - INFO - Trial: 99/100, Epoch: 1/15, Val loss: 0.0561, Elapsed time: 0:00:27, Estimated time left: 0:06:19
2025-01-30 01:04:24,065 - INFO - Trial: 99/100, Epoch: 2/15, Val loss: 0.0026, Elapsed time: 0:00:52, Estimated time left: 0:05:25
2025-01-30 01:04:49,213 - INFO - Trial: 99/100, Epoch: 3/15, Val loss: 0.0020, Elapsed time: 0:01:17, Estimated time left: 0:05:01
2025-01-30 01:05:14,387 - INFO - Trial: 99/100, Epoch: 4/15, Val loss: 0.0017, Elapsed time: 0:01:42, Estimated time left: 0:04:36
2025-01-30 01:05:39,691 - INFO - Trial: 99/100, Epoch: 5/15, Val loss: 0.0015, Elapsed time: 0:02:07, Estimated time left: 0:04:13
2025-01-30 01:06:05,028 - INFO - Trial: 99/100, Epoch: 6/15, Val loss: 0.0014, Elapsed time: 0:02:33, Estimated time left: 0:03:48
2025-01-30 01:06:30,474 - INFO - Trial: 99/100, Epoch: 7/15, Val loss: 0.0012, Elapsed time: 0:02:58, Estimated time left: 0:03:23
2025-01-30 01:06:56,202 - INFO - Trial: 99/100, Epoch: 8/15, Val loss: 0.0011, Elapsed time: 0:03:24, Estimated time left: 0:03:00
2025-01-30 01:07:21,721 - INFO - Trial: 99/100, Epoch: 9/15, Val loss: 0.0010, Elapsed time: 0:03:49, Estimated time left: 0:02:33
2025-01-30 01:07:47,156 - INFO - Trial: 99/100, Epoch: 10/15, Val loss: 0.0010, Elapsed time: 0:04:15, Estimated time left: 0:02:07
2025-01-30 01:08:12,603 - INFO - Trial: 99/100, Epoch: 11/15, Val loss: 0.0010, Elapsed time: 0:04:40, Estimated time left: 0:01:41
2025-01-30 01:08:38,066 - INFO - Trial: 99/100, Epoch: 12/15, Val loss: 0.0009, Elapsed time: 0:05:06, Estimated time left: 0:01:16
2025-01-30 01:09:03,570 - INFO - Trial: 99/100, Epoch: 13/15, Val loss: 0.0009, Elapsed time: 0:05:31, Estimated time left: 0:00:51
2025-01-30 01:09:29,078 - INFO - Trial: 99/100, Epoch: 14/15, Val loss: 0.0009, Elapsed time: 0:05:57, Estimated time left: 0:00:25
2025-01-30 01:09:54,570 - INFO - Trial: 99/100, Epoch: 15/15, Val loss: 0.0009, Elapsed time: 0:06:22, Estimated time left: 0:00:00
