2025-01-29 15:34:08,380 - INFO - Trial 26 finished with value: 0.000979973475690452 and parameters: {'hidden_layers': 3, 'n_units_l': 167, 'lr': 0.0003332835062714358, 'batch_size': 30}. Best is trial 24 with value: 0.0008691317327207799.
2025-01-29 15:34:08,382 - INFO - Elapsed time: 14223.97 seconds
2025-01-29 15:34:08,382 - INFO - Estimated time left: 0.00 seconds
2025-01-29 15:34:52,965 - INFO - Trial: 28/100, Epoch: 1/15, Val loss: 0.0662, Elapsed time: 0:00:44, Estimated time left: 0:10:23
2025-01-29 15:35:34,034 - INFO - Trial: 28/100, Epoch: 2/15, Val loss: 0.0030, Elapsed time: 0:01:25, Estimated time left: 0:08:53
2025-01-29 15:36:14,855 - INFO - Trial: 28/100, Epoch: 3/15, Val loss: 0.0020, Elapsed time: 0:02:06, Estimated time left: 0:08:09
2025-01-29 15:36:54,649 - INFO - Trial: 28/100, Epoch: 4/15, Val loss: 0.0019, Elapsed time: 0:02:46, Estimated time left: 0:07:17
2025-01-29 15:37:34,321 - INFO - Trial: 28/100, Epoch: 5/15, Val loss: 0.0018, Elapsed time: 0:03:25, Estimated time left: 0:06:36
2025-01-29 15:38:13,737 - INFO - Trial: 28/100, Epoch: 6/15, Val loss: 0.0017, Elapsed time: 0:04:05, Estimated time left: 0:05:54
2025-01-29 15:38:53,258 - INFO - Trial: 28/100, Epoch: 7/15, Val loss: 0.0017, Elapsed time: 0:04:44, Estimated time left: 0:05:16
2025-01-29 15:39:32,114 - INFO - Trial: 28/100, Epoch: 8/15, Val loss: 0.0016, Elapsed time: 0:05:23, Estimated time left: 0:04:31
2025-01-29 15:40:09,782 - INFO - Trial: 28/100, Epoch: 9/15, Val loss: 0.0016, Elapsed time: 0:06:01, Estimated time left: 0:03:46
2025-01-29 15:40:46,965 - INFO - Trial: 28/100, Epoch: 10/15, Val loss: 0.0015, Elapsed time: 0:06:38, Estimated time left: 0:03:05
2025-01-29 15:41:24,063 - INFO - Trial: 28/100, Epoch: 11/15, Val loss: 0.0014, Elapsed time: 0:07:15, Estimated time left: 0:02:28
2025-01-29 15:42:01,097 - INFO - Trial: 28/100, Epoch: 12/15, Val loss: 0.0017, Elapsed time: 0:07:52, Estimated time left: 0:01:51
2025-01-29 15:42:38,594 - INFO - Trial: 28/100, Epoch: 13/15, Val loss: 0.0015, Elapsed time: 0:08:30, Estimated time left: 0:01:14
2025-01-29 15:43:15,398 - INFO - Trial: 28/100, Epoch: 14/15, Val loss: 0.0014, Elapsed time: 0:09:07, Estimated time left: 0:00:36
2025-01-29 15:43:51,992 - INFO - Trial: 28/100, Epoch: 15/15, Val loss: 0.0013, Elapsed time: 0:09:43, Estimated time left: 0:00:00
2025-01-29 15:43:51,994 - INFO - Trial 27 finished with value: 0.0013098500991145555 and parameters: {'hidden_layers': 3, 'n_units_l': 73, 'lr': 0.0003068456686503411, 'batch_size': 25}. Best is trial 24 with value: 0.0008691317327207799.
2025-01-29 15:43:51,995 - INFO - Elapsed time: 14807.58 seconds
2025-01-29 15:43:51,995 - INFO - Estimated time left: 0.00 seconds
2025-01-29 15:44:11,905 - INFO - Trial: 29/100, Epoch: 1/15, Val loss: 0.0114, Elapsed time: 0:00:19, Estimated time left: 0:04:38
2025-01-29 15:44:31,255 - INFO - Trial: 29/100, Epoch: 2/15, Val loss: 0.0023, Elapsed time: 0:00:39, Estimated time left: 0:04:11
2025-01-29 15:44:50,794 - INFO - Trial: 29/100, Epoch: 3/15, Val loss: 0.0021, Elapsed time: 0:00:58, Estimated time left: 0:03:54
2025-01-29 15:45:10,651 - INFO - Trial: 29/100, Epoch: 4/15, Val loss: 0.0017, Elapsed time: 0:01:18, Estimated time left: 0:03:38
2025-01-29 15:45:30,325 - INFO - Trial: 29/100, Epoch: 5/15, Val loss: 0.0017, Elapsed time: 0:01:38, Estimated time left: 0:03:16
2025-01-29 15:45:51,781 - INFO - Trial: 29/100, Epoch: 6/15, Val loss: 0.0018, Elapsed time: 0:01:59, Estimated time left: 0:03:13
2025-01-29 15:46:12,247 - INFO - Trial: 29/100, Epoch: 7/15, Val loss: 0.0014, Elapsed time: 0:02:20, Estimated time left: 0:02:43
2025-01-29 15:46:32,779 - INFO - Trial: 29/100, Epoch: 8/15, Val loss: 0.0014, Elapsed time: 0:02:40, Estimated time left: 0:02:23
2025-01-29 15:46:53,395 - INFO - Trial: 29/100, Epoch: 9/15, Val loss: 0.0014, Elapsed time: 0:03:01, Estimated time left: 0:02:03
2025-01-29 15:47:13,894 - INFO - Trial: 29/100, Epoch: 10/15, Val loss: 0.0019, Elapsed time: 0:03:21, Estimated time left: 0:01:42
2025-01-29 15:47:34,386 - INFO - Trial: 29/100, Epoch: 11/15, Val loss: 0.0014, Elapsed time: 0:03:42, Estimated time left: 0:01:21
2025-01-29 15:47:54,906 - INFO - Trial: 29/100, Epoch: 12/15, Val loss: 0.0013, Elapsed time: 0:04:02, Estimated time left: 0:01:01
2025-01-29 15:48:15,478 - INFO - Trial: 29/100, Epoch: 13/15, Val loss: 0.0012, Elapsed time: 0:04:23, Estimated time left: 0:00:41
2025-01-29 15:48:36,005 - INFO - Trial: 29/100, Epoch: 14/15, Val loss: 0.0012, Elapsed time: 0:04:43, Estimated time left: 0:00:20
2025-01-29 15:48:56,637 - INFO - Trial: 29/100, Epoch: 15/15, Val loss: 0.0011, Elapsed time: 0:05:04, Estimated time left: 0:00:00
2025-01-29 15:48:56,638 - INFO - Trial 28 finished with value: 0.0011458912396395825 and parameters: {'hidden_layers': 2, 'n_units_l': 177, 'lr': 0.001770699908281899, 'batch_size': 47}. Best is trial 24 with value: 0.0008691317327207799.
2025-01-29 15:48:56,640 - INFO - Elapsed time: 15112.23 seconds
2025-01-29 15:48:56,640 - INFO - Estimated time left: 0.00 seconds
2025-01-29 15:49:37,893 - INFO - Trial: 30/100, Epoch: 1/15, Val loss: 0.0678, Elapsed time: 0:00:41, Estimated time left: 0:09:37
2025-01-29 15:50:17,079 - INFO - Trial: 30/100, Epoch: 2/15, Val loss: 0.0133, Elapsed time: 0:01:20, Estimated time left: 0:08:29
2025-01-29 15:50:59,585 - INFO - Trial: 30/100, Epoch: 3/15, Val loss: 0.0044, Elapsed time: 0:02:02, Estimated time left: 0:08:30
2025-01-29 15:51:41,519 - INFO - Trial: 30/100, Epoch: 4/15, Val loss: 0.0035, Elapsed time: 0:02:44, Estimated time left: 0:07:41
2025-01-29 15:52:22,635 - INFO - Trial: 30/100, Epoch: 5/15, Val loss: 0.0034, Elapsed time: 0:03:25, Estimated time left: 0:06:51
2025-01-29 15:53:04,359 - INFO - Trial: 30/100, Epoch: 6/15, Val loss: 0.0032, Elapsed time: 0:04:07, Estimated time left: 0:06:15
2025-01-29 15:53:46,314 - INFO - Trial: 30/100, Epoch: 7/15, Val loss: 0.0034, Elapsed time: 0:04:49, Estimated time left: 0:05:35
2025-01-29 15:54:28,119 - INFO - Trial: 30/100, Epoch: 8/15, Val loss: 0.0031, Elapsed time: 0:05:31, Estimated time left: 0:04:52
2025-01-29 15:55:09,677 - INFO - Trial: 30/100, Epoch: 9/15, Val loss: 0.0031, Elapsed time: 0:06:13, Estimated time left: 0:04:09
2025-01-29 15:55:51,566 - INFO - Trial: 30/100, Epoch: 10/15, Val loss: 0.0034, Elapsed time: 0:06:54, Estimated time left: 0:03:29
2025-01-29 15:56:33,484 - INFO - Trial: 30/100, Epoch: 11/15, Val loss: 0.0036, Elapsed time: 0:07:36, Estimated time left: 0:02:47
2025-01-29 15:57:14,787 - INFO - Trial: 30/100, Epoch: 12/15, Val loss: 0.0030, Elapsed time: 0:08:18, Estimated time left: 0:02:03
2025-01-29 15:57:56,802 - INFO - Trial: 30/100, Epoch: 13/15, Val loss: 0.0031, Elapsed time: 0:09:00, Estimated time left: 0:01:24
2025-01-29 15:58:38,070 - INFO - Trial: 30/100, Epoch: 14/15, Val loss: 0.0035, Elapsed time: 0:09:41, Estimated time left: 0:00:41
2025-01-29 15:59:19,924 - INFO - Trial: 30/100, Epoch: 15/15, Val loss: 0.0032, Elapsed time: 0:10:23, Estimated time left: 0:00:00
2025-01-29 15:59:19,925 - INFO - Trial 29 finished with value: 0.0032379283225692883 and parameters: {'hidden_layers': 2, 'n_units_l': 26, 'lr': 0.00240044982272876, 'batch_size': 22}. Best is trial 24 with value: 0.0008691317327207799.
2025-01-29 15:59:19,926 - INFO - Elapsed time: 15735.51 seconds
2025-01-29 15:59:19,927 - INFO - Estimated time left: 0.00 seconds
2025-01-29 16:00:23,183 - INFO - Trial: 31/100, Epoch: 1/15, Val loss: 0.0576, Elapsed time: 0:01:03, Estimated time left: 0:14:45
2025-01-29 16:01:23,661 - INFO - Trial: 31/100, Epoch: 2/15, Val loss: 0.0035, Elapsed time: 0:02:03, Estimated time left: 0:13:06
2025-01-29 16:02:24,049 - INFO - Trial: 31/100, Epoch: 3/15, Val loss: 0.0027, Elapsed time: 0:03:04, Estimated time left: 0:12:04
2025-01-29 16:03:24,392 - INFO - Trial: 31/100, Epoch: 4/15, Val loss: 0.0029, Elapsed time: 0:04:04, Estimated time left: 0:11:03
2025-01-29 16:04:24,939 - INFO - Trial: 31/100, Epoch: 5/15, Val loss: 0.0023, Elapsed time: 0:05:05, Estimated time left: 0:10:05
2025-01-29 16:05:25,385 - INFO - Trial: 31/100, Epoch: 6/15, Val loss: 0.0025, Elapsed time: 0:06:05, Estimated time left: 0:09:04
2025-01-29 16:06:25,999 - INFO - Trial: 31/100, Epoch: 7/15, Val loss: 0.0022, Elapsed time: 0:07:06, Estimated time left: 0:08:04
2025-01-29 16:07:26,571 - INFO - Trial: 31/100, Epoch: 8/15, Val loss: 0.0028, Elapsed time: 0:08:06, Estimated time left: 0:07:04
2025-01-29 16:08:27,037 - INFO - Trial: 31/100, Epoch: 9/15, Val loss: 0.0020, Elapsed time: 0:09:07, Estimated time left: 0:06:02
2025-01-29 16:09:27,547 - INFO - Trial: 31/100, Epoch: 10/15, Val loss: 0.0027, Elapsed time: 0:10:07, Estimated time left: 0:05:02
2025-01-29 16:10:28,415 - INFO - Trial: 31/100, Epoch: 11/15, Val loss: 0.0023, Elapsed time: 0:11:08, Estimated time left: 0:04:03
2025-01-29 16:11:29,546 - INFO - Trial: 31/100, Epoch: 12/15, Val loss: 0.0025, Elapsed time: 0:12:09, Estimated time left: 0:03:03
2025-01-29 16:12:30,119 - INFO - Trial: 31/100, Epoch: 13/15, Val loss: 0.0021, Elapsed time: 0:13:10, Estimated time left: 0:02:01
2025-01-29 16:13:30,755 - INFO - Trial: 31/100, Epoch: 14/15, Val loss: 0.0025, Elapsed time: 0:14:10, Estimated time left: 0:01:00
2025-01-29 16:14:31,408 - INFO - Trial: 31/100, Epoch: 15/15, Val loss: 0.0028, Elapsed time: 0:15:11, Estimated time left: 0:00:00
2025-01-29 16:14:31,409 - INFO - Trial 30 finished with value: 0.0028270200909956467 and parameters: {'hidden_layers': 4, 'n_units_l': 80, 'lr': 0.004739283122400688, 'batch_size': 19}. Best is trial 24 with value: 0.0008691317327207799.
2025-01-29 16:14:31,411 - INFO - Elapsed time: 16647.00 seconds
2025-01-29 16:14:31,411 - INFO - Estimated time left: 0.00 seconds
2025-01-29 16:15:10,409 - INFO - Trial: 32/100, Epoch: 1/15, Val loss: 0.0775, Elapsed time: 0:00:38, Estimated time left: 0:09:05
2025-01-29 16:15:49,256 - INFO - Trial: 32/100, Epoch: 2/15, Val loss: 0.0024, Elapsed time: 0:01:17, Estimated time left: 0:08:25
2025-01-29 16:16:27,835 - INFO - Trial: 32/100, Epoch: 3/15, Val loss: 0.0020, Elapsed time: 0:01:56, Estimated time left: 0:07:42
2025-01-29 16:17:06,347 - INFO - Trial: 32/100, Epoch: 4/15, Val loss: 0.0017, Elapsed time: 0:02:34, Estimated time left: 0:07:03
2025-01-29 16:17:45,042 - INFO - Trial: 32/100, Epoch: 5/15, Val loss: 0.0016, Elapsed time: 0:03:13, Estimated time left: 0:06:26
2025-01-29 16:18:23,768 - INFO - Trial: 32/100, Epoch: 6/15, Val loss: 0.0017, Elapsed time: 0:03:52, Estimated time left: 0:05:48
2025-01-29 16:19:02,448 - INFO - Trial: 32/100, Epoch: 7/15, Val loss: 0.0014, Elapsed time: 0:04:31, Estimated time left: 0:05:09
2025-01-29 16:19:40,501 - INFO - Trial: 32/100, Epoch: 8/15, Val loss: 0.0014, Elapsed time: 0:05:09, Estimated time left: 0:04:26
2025-01-29 16:20:19,429 - INFO - Trial: 32/100, Epoch: 9/15, Val loss: 0.0012, Elapsed time: 0:05:48, Estimated time left: 0:03:53
2025-01-29 16:20:57,822 - INFO - Trial: 32/100, Epoch: 10/15, Val loss: 0.0010, Elapsed time: 0:06:26, Estimated time left: 0:03:11
2025-01-29 16:21:36,058 - INFO - Trial: 32/100, Epoch: 11/15, Val loss: 0.0011, Elapsed time: 0:07:04, Estimated time left: 0:02:32
2025-01-29 16:22:14,209 - INFO - Trial: 32/100, Epoch: 12/15, Val loss: 0.0011, Elapsed time: 0:07:42, Estimated time left: 0:01:54
2025-01-29 16:22:52,324 - INFO - Trial: 32/100, Epoch: 13/15, Val loss: 0.0010, Elapsed time: 0:08:20, Estimated time left: 0:01:16
2025-01-29 16:23:22,070 - INFO - Trial: 32/100, Epoch: 14/15, Val loss: 0.0010, Elapsed time: 0:08:50, Estimated time left: 0:00:29
2025-01-29 16:23:55,622 - INFO - Trial: 32/100, Epoch: 15/15, Val loss: 0.0009, Elapsed time: 0:09:24, Estimated time left: 0:00:00
2025-01-29 16:23:55,623 - INFO - Trial 31 finished with value: 0.0009336305073799102 and parameters: {'hidden_layers': 3, 'n_units_l': 157, 'lr': 0.00021744138830258317, 'batch_size': 30}. Best is trial 24 with value: 0.0008691317327207799.
2025-01-29 16:23:55,625 - INFO - Elapsed time: 17211.21 seconds
2025-01-29 16:23:55,625 - INFO - Estimated time left: 0.00 seconds
2025-01-29 16:24:39,267 - INFO - Trial: 33/100, Epoch: 1/15, Val loss: 0.0183, Elapsed time: 0:00:43, Estimated time left: 0:10:10
2025-01-29 16:25:20,397 - INFO - Trial: 33/100, Epoch: 2/15, Val loss: 0.0021, Elapsed time: 0:01:24, Estimated time left: 0:08:54
2025-01-29 16:26:00,928 - INFO - Trial: 33/100, Epoch: 3/15, Val loss: 0.0017, Elapsed time: 0:02:05, Estimated time left: 0:08:06
2025-01-29 16:26:40,856 - INFO - Trial: 33/100, Epoch: 4/15, Val loss: 0.0018, Elapsed time: 0:02:45, Estimated time left: 0:07:19
2025-01-29 16:27:21,183 - INFO - Trial: 33/100, Epoch: 5/15, Val loss: 0.0017, Elapsed time: 0:03:25, Estimated time left: 0:06:43
2025-01-29 16:28:00,879 - INFO - Trial: 33/100, Epoch: 6/15, Val loss: 0.0014, Elapsed time: 0:04:05, Estimated time left: 0:05:57
2025-01-29 16:28:41,097 - INFO - Trial: 33/100, Epoch: 7/15, Val loss: 0.0013, Elapsed time: 0:04:45, Estimated time left: 0:05:21
2025-01-29 16:29:20,932 - INFO - Trial: 33/100, Epoch: 8/15, Val loss: 0.0013, Elapsed time: 0:05:25, Estimated time left: 0:04:38
2025-01-29 16:30:01,164 - INFO - Trial: 33/100, Epoch: 9/15, Val loss: 0.0012, Elapsed time: 0:06:05, Estimated time left: 0:04:01
2025-01-29 16:30:41,049 - INFO - Trial: 33/100, Epoch: 10/15, Val loss: 0.0012, Elapsed time: 0:06:45, Estimated time left: 0:03:19
2025-01-29 16:31:21,358 - INFO - Trial: 33/100, Epoch: 11/15, Val loss: 0.0011, Elapsed time: 0:07:25, Estimated time left: 0:02:41
2025-01-29 16:32:00,996 - INFO - Trial: 33/100, Epoch: 12/15, Val loss: 0.0012, Elapsed time: 0:08:05, Estimated time left: 0:01:58
2025-01-29 16:32:40,207 - INFO - Trial: 33/100, Epoch: 13/15, Val loss: 0.0010, Elapsed time: 0:08:44, Estimated time left: 0:01:18
2025-01-29 16:33:19,429 - INFO - Trial: 33/100, Epoch: 14/15, Val loss: 0.0010, Elapsed time: 0:09:23, Estimated time left: 0:00:39
2025-01-29 16:33:58,600 - INFO - Trial: 33/100, Epoch: 15/15, Val loss: 0.0009, Elapsed time: 0:10:02, Estimated time left: 0:00:00
2025-01-29 16:33:58,601 - INFO - Trial 32 finished with value: 0.0009308343929051577 and parameters: {'hidden_layers': 3, 'n_units_l': 172, 'lr': 0.000956686425002336, 'batch_size': 28}. Best is trial 24 with value: 0.0008691317327207799.
2025-01-29 16:33:58,603 - INFO - Elapsed time: 17814.19 seconds
2025-01-29 16:33:58,603 - INFO - Estimated time left: 0.00 seconds
2025-01-29 16:34:19,762 - INFO - Trial: 34/100, Epoch: 1/15, Val loss: 0.0614, Elapsed time: 0:00:21, Estimated time left: 0:04:56
2025-01-29 16:34:40,955 - INFO - Trial: 34/100, Epoch: 2/15, Val loss: 0.0293, Elapsed time: 0:00:42, Estimated time left: 0:04:35
2025-01-29 16:35:02,117 - INFO - Trial: 34/100, Epoch: 3/15, Val loss: 0.0265, Elapsed time: 0:01:03, Estimated time left: 0:04:13
2025-01-29 16:35:23,237 - INFO - Trial: 34/100, Epoch: 4/15, Val loss: 0.0258, Elapsed time: 0:01:24, Estimated time left: 0:03:52
2025-01-29 16:35:44,285 - INFO - Trial: 34/100, Epoch: 5/15, Val loss: 0.0217, Elapsed time: 0:01:45, Estimated time left: 0:03:30
2025-01-29 16:36:05,197 - INFO - Trial: 34/100, Epoch: 6/15, Val loss: 0.0176, Elapsed time: 0:02:06, Estimated time left: 0:03:08
2025-01-29 16:36:26,178 - INFO - Trial: 34/100, Epoch: 7/15, Val loss: 0.0163, Elapsed time: 0:02:27, Estimated time left: 0:02:47
2025-01-29 16:36:47,004 - INFO - Trial: 34/100, Epoch: 8/15, Val loss: 0.0151, Elapsed time: 0:02:48, Estimated time left: 0:02:25
2025-01-29 16:37:07,557 - INFO - Trial: 34/100, Epoch: 9/15, Val loss: 0.0138, Elapsed time: 0:03:08, Estimated time left: 0:02:03
2025-01-29 16:37:28,146 - INFO - Trial: 34/100, Epoch: 10/15, Val loss: 0.0140, Elapsed time: 0:03:29, Estimated time left: 0:01:42
2025-01-29 16:37:48,736 - INFO - Trial: 34/100, Epoch: 11/15, Val loss: 0.0120, Elapsed time: 0:03:50, Estimated time left: 0:01:22
2025-01-29 16:38:09,288 - INFO - Trial: 34/100, Epoch: 12/15, Val loss: 0.0118, Elapsed time: 0:04:10, Estimated time left: 0:01:01
2025-01-29 16:38:29,822 - INFO - Trial: 34/100, Epoch: 13/15, Val loss: 0.0112, Elapsed time: 0:04:31, Estimated time left: 0:00:41
2025-01-29 16:38:50,401 - INFO - Trial: 34/100, Epoch: 14/15, Val loss: 0.0116, Elapsed time: 0:04:51, Estimated time left: 0:00:20
2025-01-29 16:39:10,894 - INFO - Trial: 34/100, Epoch: 15/15, Val loss: 0.0114, Elapsed time: 0:05:12, Estimated time left: 0:00:00
2025-01-29 16:39:10,895 - INFO - Trial 33 finished with value: 0.011375265178537508 and parameters: {'hidden_layers': 1, 'n_units_l': 186, 'lr': 0.001162961032601413, 'batch_size': 39}. Best is trial 24 with value: 0.0008691317327207799.
2025-01-29 16:39:10,897 - INFO - Elapsed time: 18126.48 seconds
2025-01-29 16:39:10,897 - INFO - Estimated time left: 0.00 seconds
2025-01-29 16:39:51,240 - INFO - Trial: 35/100, Epoch: 1/15, Val loss: 0.0251, Elapsed time: 0:00:40, Estimated time left: 0:09:24
2025-01-29 16:40:29,788 - INFO - Trial: 35/100, Epoch: 2/15, Val loss: 0.0026, Elapsed time: 0:01:18, Estimated time left: 0:08:21
2025-01-29 16:41:08,305 - INFO - Trial: 35/100, Epoch: 3/15, Val loss: 0.0020, Elapsed time: 0:01:57, Estimated time left: 0:07:42
2025-01-29 16:41:46,583 - INFO - Trial: 35/100, Epoch: 4/15, Val loss: 0.0018, Elapsed time: 0:02:35, Estimated time left: 0:07:01
2025-01-29 16:42:25,326 - INFO - Trial: 35/100, Epoch: 5/15, Val loss: 0.0015, Elapsed time: 0:03:14, Estimated time left: 0:06:27
2025-01-29 16:43:04,571 - INFO - Trial: 35/100, Epoch: 6/15, Val loss: 0.0014, Elapsed time: 0:03:53, Estimated time left: 0:05:53
2025-01-29 16:43:43,501 - INFO - Trial: 35/100, Epoch: 7/15, Val loss: 0.0012, Elapsed time: 0:04:32, Estimated time left: 0:05:11
2025-01-29 16:44:22,684 - INFO - Trial: 35/100, Epoch: 8/15, Val loss: 0.0013, Elapsed time: 0:05:11, Estimated time left: 0:04:34
2025-01-29 16:45:01,699 - INFO - Trial: 35/100, Epoch: 9/15, Val loss: 0.0011, Elapsed time: 0:05:50, Estimated time left: 0:03:54
2025-01-29 16:45:43,464 - INFO - Trial: 35/100, Epoch: 10/15, Val loss: 0.0011, Elapsed time: 0:06:32, Estimated time left: 0:03:28
2025-01-29 16:46:26,000 - INFO - Trial: 35/100, Epoch: 11/15, Val loss: 0.0011, Elapsed time: 0:07:15, Estimated time left: 0:02:50
2025-01-29 16:47:08,112 - INFO - Trial: 35/100, Epoch: 12/15, Val loss: 0.0013, Elapsed time: 0:07:57, Estimated time left: 0:02:06
2025-01-29 16:47:49,746 - INFO - Trial: 35/100, Epoch: 13/15, Val loss: 0.0010, Elapsed time: 0:08:38, Estimated time left: 0:01:23
2025-01-29 16:48:32,489 - INFO - Trial: 35/100, Epoch: 14/15, Val loss: 0.0010, Elapsed time: 0:09:21, Estimated time left: 0:00:42
2025-01-29 16:49:14,832 - INFO - Trial: 35/100, Epoch: 15/15, Val loss: 0.0010, Elapsed time: 0:10:03, Estimated time left: 0:00:00
2025-01-29 16:49:14,834 - INFO - Trial 34 finished with value: 0.001025034368343705 and parameters: {'hidden_layers': 3, 'n_units_l': 142, 'lr': 0.0007520198466090191, 'batch_size': 27}. Best is trial 24 with value: 0.0008691317327207799.
2025-01-29 16:49:14,835 - INFO - Elapsed time: 18730.42 seconds
2025-01-29 16:49:14,836 - INFO - Estimated time left: 0.00 seconds
2025-01-29 16:49:36,670 - INFO - Trial: 36/100, Epoch: 1/15, Val loss: 0.0617, Elapsed time: 0:00:21, Estimated time left: 0:05:05
2025-01-29 16:49:58,130 - INFO - Trial: 36/100, Epoch: 2/15, Val loss: 0.0033, Elapsed time: 0:00:43, Estimated time left: 0:04:38
2025-01-29 16:50:19,422 - INFO - Trial: 36/100, Epoch: 3/15, Val loss: 0.0029, Elapsed time: 0:01:04, Estimated time left: 0:04:15
2025-01-29 16:50:40,697 - INFO - Trial: 36/100, Epoch: 4/15, Val loss: 0.0026, Elapsed time: 0:01:25, Estimated time left: 0:03:54
2025-01-29 16:51:01,981 - INFO - Trial: 36/100, Epoch: 5/15, Val loss: 0.0026, Elapsed time: 0:01:47, Estimated time left: 0:03:32
2025-01-29 16:51:23,236 - INFO - Trial: 36/100, Epoch: 6/15, Val loss: 0.0025, Elapsed time: 0:02:08, Estimated time left: 0:03:11
2025-01-29 16:51:44,661 - INFO - Trial: 36/100, Epoch: 7/15, Val loss: 0.0024, Elapsed time: 0:02:29, Estimated time left: 0:02:51
2025-01-29 16:52:05,774 - INFO - Trial: 36/100, Epoch: 8/15, Val loss: 0.0023, Elapsed time: 0:02:50, Estimated time left: 0:02:27
2025-01-29 16:52:26,493 - INFO - Trial: 36/100, Epoch: 9/15, Val loss: 0.0024, Elapsed time: 0:03:11, Estimated time left: 0:02:04
2025-01-29 16:52:47,106 - INFO - Trial: 36/100, Epoch: 10/15, Val loss: 0.0022, Elapsed time: 0:03:32, Estimated time left: 0:01:43
2025-01-29 16:53:07,719 - INFO - Trial: 36/100, Epoch: 11/15, Val loss: 0.0023, Elapsed time: 0:03:52, Estimated time left: 0:01:22
2025-01-29 16:53:28,400 - INFO - Trial: 36/100, Epoch: 12/15, Val loss: 0.0022, Elapsed time: 0:04:13, Estimated time left: 0:01:02
2025-01-29 16:53:49,099 - INFO - Trial: 36/100, Epoch: 13/15, Val loss: 0.0022, Elapsed time: 0:04:34, Estimated time left: 0:00:41
2025-01-29 16:54:09,778 - INFO - Trial: 36/100, Epoch: 14/15, Val loss: 0.0023, Elapsed time: 0:04:54, Estimated time left: 0:00:20
2025-01-29 16:54:30,500 - INFO - Trial: 36/100, Epoch: 15/15, Val loss: 0.0022, Elapsed time: 0:05:15, Estimated time left: 0:00:00
