2025-01-29 11:37:03,803 - INFO - Is CUDA supported by this system?  True
2025-01-29 11:37:03,804 - INFO - Device: cuda
2025-01-29 11:37:04,412 - INFO - A new study created in memory with name: no-name-3a8cb5b6-f70b-451d-a9f7-8e09f4f469bb
2025-01-29 11:37:19,805 - INFO - Trial: 1/100, Epoch: 1/15, Val loss: 0.0793, Elapsed time: 0:00:14, Estimated time left: 0:03:26
2025-01-29 11:37:34,295 - INFO - Trial: 1/100, Epoch: 2/15, Val loss: 0.0224, Elapsed time: 0:00:29, Estimated time left: 0:03:08
2025-01-29 11:37:48,734 - INFO - Trial: 1/100, Epoch: 3/15, Val loss: 0.0032, Elapsed time: 0:00:43, Estimated time left: 0:02:53
2025-01-29 11:38:03,188 - INFO - Trial: 1/100, Epoch: 4/15, Val loss: 0.0028, Elapsed time: 0:00:58, Estimated time left: 0:02:38
2025-01-29 11:38:17,583 - INFO - Trial: 1/100, Epoch: 5/15, Val loss: 0.0026, Elapsed time: 0:01:12, Estimated time left: 0:02:23
2025-01-29 11:38:32,017 - INFO - Trial: 1/100, Epoch: 6/15, Val loss: 0.0022, Elapsed time: 0:01:26, Estimated time left: 0:02:09
2025-01-29 11:38:46,487 - INFO - Trial: 1/100, Epoch: 7/15, Val loss: 0.0025, Elapsed time: 0:01:41, Estimated time left: 0:01:55
2025-01-29 11:39:01,012 - INFO - Trial: 1/100, Epoch: 8/15, Val loss: 0.0023, Elapsed time: 0:01:55, Estimated time left: 0:01:41
2025-01-29 11:39:15,624 - INFO - Trial: 1/100, Epoch: 9/15, Val loss: 0.0020, Elapsed time: 0:02:10, Estimated time left: 0:01:27
2025-01-29 11:39:30,452 - INFO - Trial: 1/100, Epoch: 10/15, Val loss: 0.0020, Elapsed time: 0:02:25, Estimated time left: 0:01:14
2025-01-29 11:39:45,453 - INFO - Trial: 1/100, Epoch: 11/15, Val loss: 0.0023, Elapsed time: 0:02:40, Estimated time left: 0:01:00
2025-01-29 11:40:00,325 - INFO - Trial: 1/100, Epoch: 12/15, Val loss: 0.0020, Elapsed time: 0:02:55, Estimated time left: 0:00:44
2025-01-29 11:40:15,340 - INFO - Trial: 1/100, Epoch: 13/15, Val loss: 0.0020, Elapsed time: 0:03:10, Estimated time left: 0:00:30
2025-01-29 11:40:30,232 - INFO - Trial: 1/100, Epoch: 14/15, Val loss: 0.0022, Elapsed time: 0:03:25, Estimated time left: 0:00:14
2025-01-29 11:40:45,288 - INFO - Trial: 1/100, Epoch: 15/15, Val loss: 0.0019, Elapsed time: 0:03:40, Estimated time left: 0:00:00
2025-01-29 11:40:45,290 - INFO - Trial 0 finished with value: 0.001866952192874929 and parameters: {'hidden_layers': 4, 'n_units_l': 23, 'lr': 0.0026859334686419713, 'batch_size': 62}. Best is trial 0 with value: 0.001866952192874929.
2025-01-29 11:40:45,291 - INFO - Elapsed time: 220.88 seconds
2025-01-29 11:40:45,291 - INFO - Estimated time left: 0.00 seconds
2025-01-29 11:40:54,765 - INFO - Trial: 2/100, Epoch: 1/15, Val loss: 0.1660, Elapsed time: 0:00:09, Estimated time left: 0:02:12
2025-01-29 11:41:03,661 - INFO - Trial: 2/100, Epoch: 2/15, Val loss: 0.0514, Elapsed time: 0:00:18, Estimated time left: 0:01:55
2025-01-29 11:41:12,382 - INFO - Trial: 2/100, Epoch: 3/15, Val loss: 0.0133, Elapsed time: 0:00:27, Estimated time left: 0:01:44
2025-01-29 11:41:21,138 - INFO - Trial: 2/100, Epoch: 4/15, Val loss: 0.0057, Elapsed time: 0:00:35, Estimated time left: 0:01:36
2025-01-29 11:41:30,062 - INFO - Trial: 2/100, Epoch: 5/15, Val loss: 0.0051, Elapsed time: 0:00:44, Estimated time left: 0:01:29
2025-01-29 11:41:38,785 - INFO - Trial: 2/100, Epoch: 6/15, Val loss: 0.0048, Elapsed time: 0:00:53, Estimated time left: 0:01:18
2025-01-29 11:41:47,579 - INFO - Trial: 2/100, Epoch: 7/15, Val loss: 0.0044, Elapsed time: 0:01:02, Estimated time left: 0:01:10
2025-01-29 11:41:56,605 - INFO - Trial: 2/100, Epoch: 8/15, Val loss: 0.0045, Elapsed time: 0:01:11, Estimated time left: 0:01:03
2025-01-29 11:42:05,314 - INFO - Trial: 2/100, Epoch: 9/15, Val loss: 0.0040, Elapsed time: 0:01:20, Estimated time left: 0:00:52
2025-01-29 11:42:14,052 - INFO - Trial: 2/100, Epoch: 10/15, Val loss: 0.0043, Elapsed time: 0:01:28, Estimated time left: 0:00:43
2025-01-29 11:42:22,986 - INFO - Trial: 2/100, Epoch: 11/15, Val loss: 0.0037, Elapsed time: 0:01:37, Estimated time left: 0:00:35
2025-01-29 11:42:31,676 - INFO - Trial: 2/100, Epoch: 12/15, Val loss: 0.0038, Elapsed time: 0:01:46, Estimated time left: 0:00:26
2025-01-29 11:42:40,429 - INFO - Trial: 2/100, Epoch: 13/15, Val loss: 0.0036, Elapsed time: 0:01:55, Estimated time left: 0:00:17
2025-01-29 11:42:49,295 - INFO - Trial: 2/100, Epoch: 14/15, Val loss: 0.0035, Elapsed time: 0:02:04, Estimated time left: 0:00:08
2025-01-29 11:42:58,060 - INFO - Trial: 2/100, Epoch: 15/15, Val loss: 0.0033, Elapsed time: 0:02:12, Estimated time left: 0:00:00
2025-01-29 11:42:58,062 - INFO - Trial 1 finished with value: 0.0032979171841352253 and parameters: {'hidden_layers': 8, 'n_units_l': 14, 'lr': 0.0008394176840103926, 'batch_size': 173}. Best is trial 0 with value: 0.001866952192874929.
2025-01-29 11:42:58,063 - INFO - Elapsed time: 353.65 seconds
2025-01-29 11:42:58,063 - INFO - Estimated time left: 0.00 seconds
2025-01-29 11:43:14,519 - INFO - Trial: 3/100, Epoch: 1/15, Val loss: 0.1567, Elapsed time: 0:00:16, Estimated time left: 0:03:50
2025-01-29 11:43:30,923 - INFO - Trial: 3/100, Epoch: 2/15, Val loss: 0.0775, Elapsed time: 0:00:32, Estimated time left: 0:03:33
2025-01-29 11:43:46,708 - INFO - Trial: 3/100, Epoch: 3/15, Val loss: 0.0685, Elapsed time: 0:00:48, Estimated time left: 0:03:09
2025-01-29 11:44:02,449 - INFO - Trial: 3/100, Epoch: 4/15, Val loss: 0.0654, Elapsed time: 0:01:04, Estimated time left: 0:02:53
2025-01-29 11:44:18,120 - INFO - Trial: 3/100, Epoch: 5/15, Val loss: 0.0647, Elapsed time: 0:01:20, Estimated time left: 0:02:36
2025-01-29 11:44:33,843 - INFO - Trial: 3/100, Epoch: 6/15, Val loss: 0.0642, Elapsed time: 0:01:35, Estimated time left: 0:02:21
2025-01-29 11:44:49,497 - INFO - Trial: 3/100, Epoch: 7/15, Val loss: 0.0640, Elapsed time: 0:01:51, Estimated time left: 0:02:05
2025-01-29 11:45:10,801 - INFO - Trial: 3/100, Epoch: 8/15, Val loss: 0.0638, Elapsed time: 0:02:12, Estimated time left: 0:02:29
2025-01-29 11:45:33,165 - INFO - Trial: 3/100, Epoch: 9/15, Val loss: 0.0636, Elapsed time: 0:02:35, Estimated time left: 0:02:14
2025-01-29 11:45:55,793 - INFO - Trial: 3/100, Epoch: 10/15, Val loss: 0.0635, Elapsed time: 0:02:57, Estimated time left: 0:01:53
2025-01-29 11:46:15,355 - INFO - Trial: 3/100, Epoch: 11/15, Val loss: 0.0634, Elapsed time: 0:03:17, Estimated time left: 0:01:18
2025-01-29 11:46:34,326 - INFO - Trial: 3/100, Epoch: 12/15, Val loss: 0.0635, Elapsed time: 0:03:36, Estimated time left: 0:00:56
2025-01-29 11:46:53,545 - INFO - Trial: 3/100, Epoch: 13/15, Val loss: 0.0634, Elapsed time: 0:03:55, Estimated time left: 0:00:38
2025-01-29 11:47:12,713 - INFO - Trial: 3/100, Epoch: 14/15, Val loss: 0.0633, Elapsed time: 0:04:14, Estimated time left: 0:00:19
2025-01-29 11:47:31,691 - INFO - Trial: 3/100, Epoch: 15/15, Val loss: 0.0634, Elapsed time: 0:04:33, Estimated time left: 0:00:00
2025-01-29 11:47:31,692 - INFO - Trial 2 finished with value: 0.06335827044287759 and parameters: {'hidden_layers': 1, 'n_units_l': 10, 'lr': 0.0001654972629299648, 'batch_size': 38}. Best is trial 0 with value: 0.001866952192874929.
2025-01-29 11:47:31,693 - INFO - Elapsed time: 627.28 seconds
2025-01-29 11:47:31,693 - INFO - Estimated time left: 0.00 seconds
2025-01-29 11:47:45,711 - INFO - Trial: 4/100, Epoch: 1/15, Val loss: 0.1640, Elapsed time: 0:00:14, Estimated time left: 0:03:16
2025-01-29 11:47:59,364 - INFO - Trial: 4/100, Epoch: 2/15, Val loss: 0.1654, Elapsed time: 0:00:27, Estimated time left: 0:02:57
2025-01-29 11:48:13,001 - INFO - Trial: 4/100, Epoch: 3/15, Val loss: 0.1643, Elapsed time: 0:00:41, Estimated time left: 0:02:43
2025-01-29 11:48:26,595 - INFO - Trial: 4/100, Epoch: 4/15, Val loss: 0.1639, Elapsed time: 0:00:54, Estimated time left: 0:02:29
2025-01-29 11:48:40,189 - INFO - Trial: 4/100, Epoch: 5/15, Val loss: 0.1643, Elapsed time: 0:01:08, Estimated time left: 0:02:15
2025-01-29 11:48:53,899 - INFO - Trial: 4/100, Epoch: 6/15, Val loss: 0.1640, Elapsed time: 0:01:22, Estimated time left: 0:02:03
2025-01-29 11:49:07,418 - INFO - Trial: 4/100, Epoch: 7/15, Val loss: 0.1642, Elapsed time: 0:01:35, Estimated time left: 0:01:48
2025-01-29 11:49:20,955 - INFO - Trial: 4/100, Epoch: 8/15, Val loss: 0.1641, Elapsed time: 0:01:49, Estimated time left: 0:01:34
2025-01-29 11:49:34,458 - INFO - Trial: 4/100, Epoch: 9/15, Val loss: 0.1645, Elapsed time: 0:02:02, Estimated time left: 0:01:21
2025-01-29 11:49:48,221 - INFO - Trial: 4/100, Epoch: 10/15, Val loss: 0.1640, Elapsed time: 0:02:16, Estimated time left: 0:01:08
2025-01-29 11:50:01,752 - INFO - Trial: 4/100, Epoch: 11/15, Val loss: 0.1642, Elapsed time: 0:02:30, Estimated time left: 0:00:54
2025-01-29 11:50:15,228 - INFO - Trial: 4/100, Epoch: 12/15, Val loss: 0.1647, Elapsed time: 0:02:43, Estimated time left: 0:00:40
2025-01-29 11:50:28,725 - INFO - Trial: 4/100, Epoch: 13/15, Val loss: 0.1644, Elapsed time: 0:02:57, Estimated time left: 0:00:26
2025-01-29 11:50:42,425 - INFO - Early stopping triggered at epoch 14
2025-01-29 11:50:42,426 - INFO - Trial 3 finished with value: 0.16471726669182857 and parameters: {'hidden_layers': 5, 'n_units_l': 57, 'lr': 0.02497757286398906, 'batch_size': 98}. Best is trial 0 with value: 0.001866952192874929.
2025-01-29 11:50:42,427 - INFO - Elapsed time: 818.02 seconds
2025-01-29 11:50:42,427 - INFO - Estimated time left: 0.00 seconds
2025-01-29 11:51:14,325 - INFO - Trial: 5/100, Epoch: 1/15, Val loss: 0.1640, Elapsed time: 0:00:31, Estimated time left: 0:07:26
2025-01-29 11:51:44,158 - INFO - Trial: 5/100, Epoch: 2/15, Val loss: 0.1640, Elapsed time: 0:01:01, Estimated time left: 0:06:27
2025-01-29 11:52:13,825 - INFO - Trial: 5/100, Epoch: 3/15, Val loss: 0.1639, Elapsed time: 0:01:31, Estimated time left: 0:05:55
2025-01-29 11:52:43,692 - INFO - Trial: 5/100, Epoch: 4/15, Val loss: 0.1639, Elapsed time: 0:02:01, Estimated time left: 0:05:28
2025-01-29 11:53:13,258 - INFO - Trial: 5/100, Epoch: 5/15, Val loss: 0.1639, Elapsed time: 0:02:30, Estimated time left: 0:04:55
2025-01-29 11:53:43,107 - INFO - Trial: 5/100, Epoch: 6/15, Val loss: 0.1639, Elapsed time: 0:03:00, Estimated time left: 0:04:28
2025-01-29 11:54:12,702 - INFO - Trial: 5/100, Epoch: 7/15, Val loss: 0.1639, Elapsed time: 0:03:30, Estimated time left: 0:03:56
2025-01-29 11:54:42,746 - INFO - Trial: 5/100, Epoch: 8/15, Val loss: 0.1639, Elapsed time: 0:04:00, Estimated time left: 0:03:30
2025-01-29 11:55:12,332 - INFO - Trial: 5/100, Epoch: 9/15, Val loss: 0.1639, Elapsed time: 0:04:29, Estimated time left: 0:02:57
2025-01-29 11:55:42,427 - INFO - Trial: 5/100, Epoch: 10/15, Val loss: 0.1639, Elapsed time: 0:04:59, Estimated time left: 0:02:30
2025-01-29 11:56:12,043 - INFO - Trial: 5/100, Epoch: 11/15, Val loss: 0.1639, Elapsed time: 0:05:29, Estimated time left: 0:01:58
2025-01-29 11:56:42,162 - INFO - Trial: 5/100, Epoch: 12/15, Val loss: 0.1639, Elapsed time: 0:05:59, Estimated time left: 0:01:30
2025-01-29 11:57:11,822 - INFO - Trial: 5/100, Epoch: 13/15, Val loss: 0.1639, Elapsed time: 0:06:29, Estimated time left: 0:00:59
2025-01-29 11:57:41,936 - INFO - Trial: 5/100, Epoch: 14/15, Val loss: 0.1639, Elapsed time: 0:06:59, Estimated time left: 0:00:30
2025-01-29 11:58:11,612 - INFO - Trial: 5/100, Epoch: 15/15, Val loss: 0.1639, Elapsed time: 0:07:29, Estimated time left: 0:00:00
2025-01-29 11:58:11,614 - INFO - Trial 4 finished with value: 0.16392491723555436 and parameters: {'hidden_layers': 8, 'n_units_l': 7, 'lr': 0.0003195658220701838, 'batch_size': 49}. Best is trial 0 with value: 0.001866952192874929.
2025-01-29 11:58:11,614 - INFO - Elapsed time: 1267.20 seconds
2025-01-29 11:58:11,614 - INFO - Estimated time left: 0.00 seconds
2025-01-29 11:58:22,029 - INFO - Trial: 6/100, Epoch: 1/15, Val loss: 0.0698, Elapsed time: 0:00:10, Estimated time left: 0:02:25
2025-01-29 11:58:31,754 - INFO - Trial: 6/100, Epoch: 2/15, Val loss: 0.0058, Elapsed time: 0:00:20, Estimated time left: 0:02:06
2025-01-29 11:58:41,766 - INFO - Trial: 6/100, Epoch: 3/15, Val loss: 0.0032, Elapsed time: 0:00:30, Estimated time left: 0:02:00
2025-01-29 11:58:51,549 - INFO - Trial: 6/100, Epoch: 4/15, Val loss: 0.0025, Elapsed time: 0:00:39, Estimated time left: 0:01:47
2025-01-29 11:59:01,300 - INFO - Trial: 6/100, Epoch: 5/15, Val loss: 0.0022, Elapsed time: 0:00:49, Estimated time left: 0:01:37
2025-01-29 11:59:11,053 - INFO - Trial: 6/100, Epoch: 6/15, Val loss: 0.0023, Elapsed time: 0:00:59, Estimated time left: 0:01:27
2025-01-29 11:59:20,756 - INFO - Trial: 6/100, Epoch: 7/15, Val loss: 0.0024, Elapsed time: 0:01:09, Estimated time left: 0:01:17
2025-01-29 11:59:30,575 - INFO - Trial: 6/100, Epoch: 8/15, Val loss: 0.0022, Elapsed time: 0:01:18, Estimated time left: 0:01:08
2025-01-29 11:59:40,492 - INFO - Trial: 6/100, Epoch: 9/15, Val loss: 0.0021, Elapsed time: 0:01:28, Estimated time left: 0:00:59
2025-01-29 11:59:50,236 - INFO - Trial: 6/100, Epoch: 10/15, Val loss: 0.0022, Elapsed time: 0:01:38, Estimated time left: 0:00:48
2025-01-29 11:59:59,974 - INFO - Trial: 6/100, Epoch: 11/15, Val loss: 0.0020, Elapsed time: 0:01:48, Estimated time left: 0:00:38
2025-01-29 12:00:09,710 - INFO - Trial: 6/100, Epoch: 12/15, Val loss: 0.0021, Elapsed time: 0:01:58, Estimated time left: 0:00:29
2025-01-29 12:00:19,465 - INFO - Trial: 6/100, Epoch: 13/15, Val loss: 0.0026, Elapsed time: 0:02:07, Estimated time left: 0:00:19
2025-01-29 12:00:29,505 - INFO - Trial: 6/100, Epoch: 14/15, Val loss: 0.0022, Elapsed time: 0:02:17, Estimated time left: 0:00:10
2025-01-29 12:00:39,442 - INFO - Trial: 6/100, Epoch: 15/15, Val loss: 0.0020, Elapsed time: 0:02:27, Estimated time left: 0:00:00
2025-01-29 12:00:39,443 - INFO - Trial 5 finished with value: 0.0019923566358055972 and parameters: {'hidden_layers': 5, 'n_units_l': 37, 'lr': 0.011630360550050565, 'batch_size': 145}. Best is trial 0 with value: 0.001866952192874929.
2025-01-29 12:00:39,444 - INFO - Elapsed time: 1415.03 seconds
2025-01-29 12:00:39,444 - INFO - Estimated time left: 0.00 seconds
2025-01-29 12:00:51,068 - INFO - Trial: 7/100, Epoch: 1/15, Val loss: 0.1276, Elapsed time: 0:00:11, Estimated time left: 0:02:42
2025-01-29 12:01:01,922 - INFO - Trial: 7/100, Epoch: 2/15, Val loss: 0.0491, Elapsed time: 0:00:22, Estimated time left: 0:02:21
2025-01-29 12:01:12,803 - INFO - Trial: 7/100, Epoch: 3/15, Val loss: 0.0498, Elapsed time: 0:00:33, Estimated time left: 0:02:10
2025-01-29 12:01:23,808 - INFO - Trial: 7/100, Epoch: 4/15, Val loss: 0.0489, Elapsed time: 0:00:44, Estimated time left: 0:02:01
2025-01-29 12:01:34,800 - INFO - Trial: 7/100, Epoch: 5/15, Val loss: 0.0485, Elapsed time: 0:00:55, Estimated time left: 0:01:49
2025-01-29 12:01:45,855 - INFO - Trial: 7/100, Epoch: 6/15, Val loss: 0.0266, Elapsed time: 0:01:06, Estimated time left: 0:01:39
2025-01-29 12:01:57,100 - INFO - Trial: 7/100, Epoch: 7/15, Val loss: 0.0222, Elapsed time: 0:01:17, Estimated time left: 0:01:29
2025-01-29 12:02:08,147 - INFO - Trial: 7/100, Epoch: 8/15, Val loss: 0.0218, Elapsed time: 0:01:28, Estimated time left: 0:01:17
2025-01-29 12:02:18,785 - INFO - Trial: 7/100, Epoch: 9/15, Val loss: 0.0187, Elapsed time: 0:01:39, Estimated time left: 0:01:03
2025-01-29 12:02:29,398 - INFO - Trial: 7/100, Epoch: 10/15, Val loss: 0.0201, Elapsed time: 0:01:49, Estimated time left: 0:00:53
2025-01-29 12:02:40,232 - INFO - Trial: 7/100, Epoch: 11/15, Val loss: 0.0199, Elapsed time: 0:02:00, Estimated time left: 0:00:43
2025-01-29 12:02:50,916 - INFO - Trial: 7/100, Epoch: 12/15, Val loss: 0.0199, Elapsed time: 0:02:11, Estimated time left: 0:00:32
2025-01-29 12:03:01,583 - INFO - Trial: 7/100, Epoch: 13/15, Val loss: 0.0196, Elapsed time: 0:02:22, Estimated time left: 0:00:21
2025-01-29 12:03:12,202 - INFO - Trial: 7/100, Epoch: 14/15, Val loss: 0.0217, Elapsed time: 0:02:32, Estimated time left: 0:00:10
2025-01-29 12:03:23,199 - INFO - Trial: 7/100, Epoch: 15/15, Val loss: 0.0212, Elapsed time: 0:02:43, Estimated time left: 0:00:00
2025-01-29 12:03:23,201 - INFO - Trial 6 finished with value: 0.021210005997957235 and parameters: {'hidden_layers': 4, 'n_units_l': 13, 'lr': 0.02254312880731287, 'batch_size': 91}. Best is trial 0 with value: 0.001866952192874929.
2025-01-29 12:03:23,202 - INFO - Elapsed time: 1578.79 seconds
2025-01-29 12:03:23,202 - INFO - Estimated time left: 0.00 seconds
2025-01-29 12:04:17,101 - INFO - Trial: 8/100, Epoch: 1/15, Val loss: 0.1663, Elapsed time: 0:00:53, Estimated time left: 0:12:34
2025-01-29 12:05:05,739 - INFO - Trial: 8/100, Epoch: 2/15, Val loss: 0.1648, Elapsed time: 0:01:42, Estimated time left: 0:10:32
2025-01-29 12:05:54,574 - INFO - Trial: 8/100, Epoch: 3/15, Val loss: 0.1693, Elapsed time: 0:02:31, Estimated time left: 0:09:46
2025-01-29 12:06:43,470 - INFO - Trial: 8/100, Epoch: 4/15, Val loss: 0.1639, Elapsed time: 0:03:20, Estimated time left: 0:08:57
2025-01-29 12:07:32,204 - INFO - Trial: 8/100, Epoch: 5/15, Val loss: 0.1663, Elapsed time: 0:04:09, Estimated time left: 0:08:07
2025-01-29 12:08:20,862 - INFO - Trial: 8/100, Epoch: 6/15, Val loss: 0.1682, Elapsed time: 0:04:57, Estimated time left: 0:07:17
2025-01-29 12:09:09,565 - INFO - Trial: 8/100, Epoch: 7/15, Val loss: 0.1663, Elapsed time: 0:05:46, Estimated time left: 0:06:29
2025-01-29 12:09:58,342 - INFO - Trial: 8/100, Epoch: 8/15, Val loss: 0.1639, Elapsed time: 0:06:35, Estimated time left: 0:05:41
2025-01-29 12:10:46,990 - INFO - Trial: 8/100, Epoch: 9/15, Val loss: 0.1643, Elapsed time: 0:07:23, Estimated time left: 0:04:51
2025-01-29 12:11:35,685 - INFO - Trial: 8/100, Epoch: 10/15, Val loss: 0.1677, Elapsed time: 0:08:12, Estimated time left: 0:04:03
2025-01-29 12:12:23,671 - INFO - Trial: 8/100, Epoch: 11/15, Val loss: 0.1641, Elapsed time: 0:09:00, Estimated time left: 0:03:11
2025-01-29 12:13:11,248 - INFO - Trial: 8/100, Epoch: 12/15, Val loss: 0.1642, Elapsed time: 0:09:48, Estimated time left: 0:02:22
2025-01-29 12:13:59,308 - INFO - Trial: 8/100, Epoch: 13/15, Val loss: 0.1647, Elapsed time: 0:10:36, Estimated time left: 0:01:36
2025-01-29 12:14:48,114 - INFO - Trial: 8/100, Epoch: 14/15, Val loss: 0.1639, Elapsed time: 0:11:24, Estimated time left: 0:00:48
2025-01-29 12:15:36,498 - INFO - Trial: 8/100, Epoch: 15/15, Val loss: 0.1640, Elapsed time: 0:12:13, Estimated time left: 0:00:00
2025-01-29 12:15:36,500 - INFO - Trial 7 finished with value: 0.16398359932906556 and parameters: {'hidden_layers': 5, 'n_units_l': 37, 'lr': 0.09283158560293324, 'batch_size': 18}. Best is trial 0 with value: 0.001866952192874929.
2025-01-29 12:15:36,500 - INFO - Elapsed time: 2312.09 seconds
2025-01-29 12:15:36,500 - INFO - Estimated time left: 0.00 seconds
2025-01-29 12:15:55,231 - INFO - Trial: 9/100, Epoch: 1/15, Val loss: 0.0716, Elapsed time: 0:00:18, Estimated time left: 0:04:22
2025-01-29 12:16:12,391 - INFO - Trial: 9/100, Epoch: 2/15, Val loss: 0.0027, Elapsed time: 0:00:35, Estimated time left: 0:03:43
2025-01-29 12:16:29,581 - INFO - Trial: 9/100, Epoch: 3/15, Val loss: 0.0021, Elapsed time: 0:00:53, Estimated time left: 0:03:26
2025-01-29 12:16:46,711 - INFO - Trial: 9/100, Epoch: 4/15, Val loss: 0.0023, Elapsed time: 0:01:10, Estimated time left: 0:03:08
2025-01-29 12:17:03,824 - INFO - Trial: 9/100, Epoch: 5/15, Val loss: 0.0019, Elapsed time: 0:01:27, Estimated time left: 0:02:51
2025-01-29 12:17:20,932 - INFO - Trial: 9/100, Epoch: 6/15, Val loss: 0.0017, Elapsed time: 0:01:44, Estimated time left: 0:02:33
2025-01-29 12:17:38,079 - INFO - Trial: 9/100, Epoch: 7/15, Val loss: 0.0018, Elapsed time: 0:02:01, Estimated time left: 0:02:17
2025-01-29 12:17:55,215 - INFO - Trial: 9/100, Epoch: 8/15, Val loss: 0.0018, Elapsed time: 0:02:18, Estimated time left: 0:01:59
2025-01-29 12:18:12,360 - INFO - Trial: 9/100, Epoch: 9/15, Val loss: 0.0019, Elapsed time: 0:02:35, Estimated time left: 0:01:42
2025-01-29 12:18:29,380 - INFO - Trial: 9/100, Epoch: 10/15, Val loss: 0.0018, Elapsed time: 0:02:52, Estimated time left: 0:01:25
2025-01-29 12:18:46,527 - INFO - Trial: 9/100, Epoch: 11/15, Val loss: 0.0017, Elapsed time: 0:03:10, Estimated time left: 0:01:08
2025-01-29 12:19:03,673 - INFO - Trial: 9/100, Epoch: 12/15, Val loss: 0.0018, Elapsed time: 0:03:27, Estimated time left: 0:00:51
2025-01-29 12:19:20,972 - INFO - Trial: 9/100, Epoch: 13/15, Val loss: 0.0015, Elapsed time: 0:03:44, Estimated time left: 0:00:34
2025-01-29 12:19:37,918 - INFO - Trial: 9/100, Epoch: 14/15, Val loss: 0.0016, Elapsed time: 0:04:01, Estimated time left: 0:00:16
2025-01-29 12:19:55,127 - INFO - Trial: 9/100, Epoch: 15/15, Val loss: 0.0015, Elapsed time: 0:04:18, Estimated time left: 0:00:00
