2025-01-29 16:54:30,501 - INFO - Trial 35 finished with value: 0.0022244036671702863 and parameters: {'hidden_layers': 2, 'n_units_l': 55, 'lr': 0.0002464369121341306, 'batch_size': 48}. Best is trial 24 with value: 0.0008691317327207799.
2025-01-29 16:54:30,503 - INFO - Elapsed time: 19046.09 seconds
2025-01-29 16:54:30,503 - INFO - Estimated time left: 0.00 seconds
2025-01-29 16:55:37,519 - INFO - Trial: 37/100, Epoch: 1/15, Val loss: 0.0321, Elapsed time: 0:01:07, Estimated time left: 0:15:38
2025-01-29 16:56:39,992 - INFO - Trial: 37/100, Epoch: 2/15, Val loss: 0.0022, Elapsed time: 0:02:09, Estimated time left: 0:13:32
2025-01-29 16:57:41,522 - INFO - Trial: 37/100, Epoch: 3/15, Val loss: 0.0019, Elapsed time: 0:03:11, Estimated time left: 0:12:18
2025-01-29 16:58:43,279 - INFO - Trial: 37/100, Epoch: 4/15, Val loss: 0.0017, Elapsed time: 0:04:12, Estimated time left: 0:11:19
2025-01-29 16:59:44,994 - INFO - Trial: 37/100, Epoch: 5/15, Val loss: 0.0015, Elapsed time: 0:05:14, Estimated time left: 0:10:17
2025-01-29 17:00:46,205 - INFO - Trial: 37/100, Epoch: 6/15, Val loss: 0.0014, Elapsed time: 0:06:15, Estimated time left: 0:09:10
2025-01-29 17:01:42,218 - INFO - Trial: 37/100, Epoch: 7/15, Val loss: 0.0013, Elapsed time: 0:07:11, Estimated time left: 0:07:28
2025-01-29 17:02:38,287 - INFO - Trial: 37/100, Epoch: 8/15, Val loss: 0.0013, Elapsed time: 0:08:07, Estimated time left: 0:06:32
2025-01-29 17:03:36,313 - INFO - Trial: 37/100, Epoch: 9/15, Val loss: 0.0011, Elapsed time: 0:09:05, Estimated time left: 0:05:48
2025-01-29 17:04:36,837 - INFO - Trial: 37/100, Epoch: 10/15, Val loss: 0.0011, Elapsed time: 0:10:06, Estimated time left: 0:05:02
2025-01-29 17:05:36,956 - INFO - Trial: 37/100, Epoch: 11/15, Val loss: 0.0012, Elapsed time: 0:11:06, Estimated time left: 0:04:00
2025-01-29 17:06:38,083 - INFO - Trial: 37/100, Epoch: 12/15, Val loss: 0.0011, Elapsed time: 0:12:07, Estimated time left: 0:03:03
2025-01-29 17:07:38,920 - INFO - Trial: 37/100, Epoch: 13/15, Val loss: 0.0011, Elapsed time: 0:13:08, Estimated time left: 0:02:01
2025-01-29 17:08:40,092 - INFO - Trial: 37/100, Epoch: 14/15, Val loss: 0.0010, Elapsed time: 0:14:09, Estimated time left: 0:01:01
2025-01-29 17:09:40,959 - INFO - Trial: 37/100, Epoch: 15/15, Val loss: 0.0010, Elapsed time: 0:15:10, Estimated time left: 0:00:00
2025-01-29 17:09:40,961 - INFO - Trial 36 finished with value: 0.0010102355794806498 and parameters: {'hidden_layers': 4, 'n_units_l': 193, 'lr': 0.0010613798654135237, 'batch_size': 20}. Best is trial 24 with value: 0.0008691317327207799.
2025-01-29 17:09:40,962 - INFO - Elapsed time: 19956.55 seconds
2025-01-29 17:09:40,963 - INFO - Estimated time left: 0.00 seconds
2025-01-29 17:11:04,097 - INFO - Trial: 38/100, Epoch: 1/15, Val loss: 0.0730, Elapsed time: 0:01:23, Estimated time left: 0:19:23
2025-01-29 17:12:19,164 - INFO - Trial: 38/100, Epoch: 2/15, Val loss: 0.0024, Elapsed time: 0:02:38, Estimated time left: 0:16:15
2025-01-29 17:13:33,202 - INFO - Trial: 38/100, Epoch: 3/15, Val loss: 0.0022, Elapsed time: 0:03:52, Estimated time left: 0:14:48
2025-01-29 17:14:45,956 - INFO - Trial: 38/100, Epoch: 4/15, Val loss: 0.0022, Elapsed time: 0:05:04, Estimated time left: 0:13:20
2025-01-29 17:15:57,824 - INFO - Trial: 38/100, Epoch: 5/15, Val loss: 0.0016, Elapsed time: 0:06:16, Estimated time left: 0:11:58
2025-01-29 17:17:08,182 - INFO - Trial: 38/100, Epoch: 6/15, Val loss: 0.0014, Elapsed time: 0:07:27, Estimated time left: 0:10:33
2025-01-29 17:18:20,608 - INFO - Trial: 38/100, Epoch: 7/15, Val loss: 0.0013, Elapsed time: 0:08:39, Estimated time left: 0:09:39
2025-01-29 17:19:36,687 - INFO - Trial: 38/100, Epoch: 8/15, Val loss: 0.0014, Elapsed time: 0:09:55, Estimated time left: 0:08:52
2025-01-29 17:20:50,418 - INFO - Trial: 38/100, Epoch: 9/15, Val loss: 0.0013, Elapsed time: 0:11:09, Estimated time left: 0:07:22
2025-01-29 17:22:02,147 - INFO - Trial: 38/100, Epoch: 10/15, Val loss: 0.0012, Elapsed time: 0:12:21, Estimated time left: 0:05:58
2025-01-29 17:23:13,356 - INFO - Trial: 38/100, Epoch: 11/15, Val loss: 0.0011, Elapsed time: 0:13:32, Estimated time left: 0:04:44
2025-01-29 17:24:24,770 - INFO - Trial: 38/100, Epoch: 12/15, Val loss: 0.0012, Elapsed time: 0:14:43, Estimated time left: 0:03:34
2025-01-29 17:25:36,355 - INFO - Trial: 38/100, Epoch: 13/15, Val loss: 0.0011, Elapsed time: 0:15:55, Estimated time left: 0:02:23
2025-01-29 17:26:48,098 - INFO - Trial: 38/100, Epoch: 14/15, Val loss: 0.0011, Elapsed time: 0:17:07, Estimated time left: 0:01:11
2025-01-29 17:28:00,556 - INFO - Trial: 38/100, Epoch: 15/15, Val loss: 0.0012, Elapsed time: 0:18:19, Estimated time left: 0:00:00
2025-01-29 17:28:00,557 - INFO - Trial 37 finished with value: 0.0011898230807622894 and parameters: {'hidden_layers': 5, 'n_units_l': 132, 'lr': 0.0006475015641619385, 'batch_size': 16}. Best is trial 24 with value: 0.0008691317327207799.
2025-01-29 17:28:00,559 - INFO - Elapsed time: 21056.15 seconds
2025-01-29 17:28:00,559 - INFO - Estimated time left: 0.00 seconds
2025-01-29 17:28:11,545 - INFO - Trial: 39/100, Epoch: 1/15, Val loss: 0.1298, Elapsed time: 0:00:10, Estimated time left: 0:02:33
2025-01-29 17:28:21,806 - INFO - Trial: 39/100, Epoch: 2/15, Val loss: 0.0051, Elapsed time: 0:00:21, Estimated time left: 0:02:13
2025-01-29 17:28:32,057 - INFO - Trial: 39/100, Epoch: 3/15, Val loss: 0.0032, Elapsed time: 0:00:31, Estimated time left: 0:02:03
2025-01-29 17:28:42,277 - INFO - Trial: 39/100, Epoch: 4/15, Val loss: 0.0025, Elapsed time: 0:00:41, Estimated time left: 0:01:52
2025-01-29 17:28:52,518 - INFO - Trial: 39/100, Epoch: 5/15, Val loss: 0.0025, Elapsed time: 0:00:51, Estimated time left: 0:01:42
2025-01-29 17:29:03,188 - INFO - Trial: 39/100, Epoch: 6/15, Val loss: 0.0022, Elapsed time: 0:01:02, Estimated time left: 0:01:36
2025-01-29 17:29:14,245 - INFO - Trial: 39/100, Epoch: 7/15, Val loss: 0.0020, Elapsed time: 0:01:13, Estimated time left: 0:01:28
2025-01-29 17:29:25,146 - INFO - Trial: 39/100, Epoch: 8/15, Val loss: 0.0020, Elapsed time: 0:01:24, Estimated time left: 0:01:16
2025-01-29 17:29:35,930 - INFO - Trial: 39/100, Epoch: 9/15, Val loss: 0.0019, Elapsed time: 0:01:35, Estimated time left: 0:01:04
2025-01-29 17:29:46,768 - INFO - Trial: 39/100, Epoch: 10/15, Val loss: 0.0018, Elapsed time: 0:01:46, Estimated time left: 0:00:54
2025-01-29 17:29:57,605 - INFO - Trial: 39/100, Epoch: 11/15, Val loss: 0.0019, Elapsed time: 0:01:57, Estimated time left: 0:00:43
2025-01-29 17:30:08,369 - INFO - Trial: 39/100, Epoch: 12/15, Val loss: 0.0017, Elapsed time: 0:02:07, Estimated time left: 0:00:32
2025-01-29 17:30:19,146 - INFO - Trial: 39/100, Epoch: 13/15, Val loss: 0.0020, Elapsed time: 0:02:18, Estimated time left: 0:00:21
2025-01-29 17:30:29,911 - INFO - Trial: 39/100, Epoch: 14/15, Val loss: 0.0018, Elapsed time: 0:02:29, Estimated time left: 0:00:10
2025-01-29 17:30:40,716 - INFO - Trial: 39/100, Epoch: 15/15, Val loss: 0.0017, Elapsed time: 0:02:40, Estimated time left: 0:00:00
2025-01-29 17:30:40,717 - INFO - Trial 38 finished with value: 0.0017052965532639063 and parameters: {'hidden_layers': 4, 'n_units_l': 45, 'lr': 0.00045622319842525996, 'batch_size': 125}. Best is trial 24 with value: 0.0008691317327207799.
2025-01-29 17:30:40,719 - INFO - Elapsed time: 21216.31 seconds
2025-01-29 17:30:40,719 - INFO - Estimated time left: 0.00 seconds
2025-01-29 17:31:02,397 - INFO - Trial: 40/100, Epoch: 1/15, Val loss: 0.0770, Elapsed time: 0:00:21, Estimated time left: 0:05:03
2025-01-29 17:31:23,370 - INFO - Trial: 40/100, Epoch: 2/15, Val loss: 0.0265, Elapsed time: 0:00:42, Estimated time left: 0:04:32
2025-01-29 17:31:44,606 - INFO - Trial: 40/100, Epoch: 3/15, Val loss: 0.0218, Elapsed time: 0:01:03, Estimated time left: 0:04:14
2025-01-29 17:32:05,627 - INFO - Trial: 40/100, Epoch: 4/15, Val loss: 0.0212, Elapsed time: 0:01:24, Estimated time left: 0:03:51
2025-01-29 17:32:26,791 - INFO - Trial: 40/100, Epoch: 5/15, Val loss: 0.0218, Elapsed time: 0:01:46, Estimated time left: 0:03:31
2025-01-29 17:32:48,230 - INFO - Trial: 40/100, Epoch: 6/15, Val loss: 0.0208, Elapsed time: 0:02:07, Estimated time left: 0:03:12
2025-01-29 17:33:09,813 - INFO - Trial: 40/100, Epoch: 7/15, Val loss: 0.0208, Elapsed time: 0:02:29, Estimated time left: 0:02:52
2025-01-29 17:33:31,208 - INFO - Trial: 40/100, Epoch: 8/15, Val loss: 0.0206, Elapsed time: 0:02:50, Estimated time left: 0:02:29
2025-01-29 17:33:52,548 - INFO - Trial: 40/100, Epoch: 9/15, Val loss: 0.0194, Elapsed time: 0:03:11, Estimated time left: 0:02:08
2025-01-29 17:34:13,837 - INFO - Trial: 40/100, Epoch: 10/15, Val loss: 0.0197, Elapsed time: 0:03:33, Estimated time left: 0:01:46
2025-01-29 17:34:34,938 - INFO - Trial: 40/100, Epoch: 11/15, Val loss: 0.0211, Elapsed time: 0:03:54, Estimated time left: 0:01:24
2025-01-29 17:34:56,334 - INFO - Trial: 40/100, Epoch: 12/15, Val loss: 0.0192, Elapsed time: 0:04:15, Estimated time left: 0:01:04
2025-01-29 17:35:17,820 - INFO - Trial: 40/100, Epoch: 13/15, Val loss: 0.0203, Elapsed time: 0:04:37, Estimated time left: 0:00:42
2025-01-29 17:35:39,272 - INFO - Trial: 40/100, Epoch: 14/15, Val loss: 0.0200, Elapsed time: 0:04:58, Estimated time left: 0:00:21
2025-01-29 17:36:00,681 - INFO - Trial: 40/100, Epoch: 15/15, Val loss: 0.0200, Elapsed time: 0:05:19, Estimated time left: 0:00:00
2025-01-29 17:36:00,682 - INFO - Trial 39 finished with value: 0.0199570786492939 and parameters: {'hidden_layers': 1, 'n_units_l': 90, 'lr': 0.004796843296138425, 'batch_size': 39}. Best is trial 24 with value: 0.0008691317327207799.
2025-01-29 17:36:00,684 - INFO - Elapsed time: 21536.27 seconds
2025-01-29 17:36:00,684 - INFO - Estimated time left: 0.00 seconds
2025-01-29 17:36:21,408 - INFO - Trial: 41/100, Epoch: 1/15, Val loss: 0.1021, Elapsed time: 0:00:20, Estimated time left: 0:04:49
2025-01-29 17:36:40,664 - INFO - Trial: 41/100, Epoch: 2/15, Val loss: 0.0235, Elapsed time: 0:00:39, Estimated time left: 0:04:10
2025-01-29 17:36:59,869 - INFO - Trial: 41/100, Epoch: 3/15, Val loss: 0.0094, Elapsed time: 0:00:59, Estimated time left: 0:03:50
2025-01-29 17:37:19,376 - INFO - Trial: 41/100, Epoch: 4/15, Val loss: 0.0043, Elapsed time: 0:01:18, Estimated time left: 0:03:34
2025-01-29 17:37:38,589 - INFO - Trial: 41/100, Epoch: 5/15, Val loss: 0.0032, Elapsed time: 0:01:37, Estimated time left: 0:03:12
2025-01-29 17:37:57,883 - INFO - Trial: 41/100, Epoch: 6/15, Val loss: 0.0027, Elapsed time: 0:01:57, Estimated time left: 0:02:53
2025-01-29 17:38:17,094 - INFO - Trial: 41/100, Epoch: 7/15, Val loss: 0.0023, Elapsed time: 0:02:16, Estimated time left: 0:02:33
2025-01-29 17:38:36,599 - INFO - Trial: 41/100, Epoch: 8/15, Val loss: 0.0021, Elapsed time: 0:02:35, Estimated time left: 0:02:16
2025-01-29 17:38:55,868 - INFO - Trial: 41/100, Epoch: 9/15, Val loss: 0.0021, Elapsed time: 0:02:55, Estimated time left: 0:01:55
2025-01-29 17:39:15,119 - INFO - Trial: 41/100, Epoch: 10/15, Val loss: 0.0020, Elapsed time: 0:03:14, Estimated time left: 0:01:36
2025-01-29 17:39:34,364 - INFO - Trial: 41/100, Epoch: 11/15, Val loss: 0.0020, Elapsed time: 0:03:33, Estimated time left: 0:01:16
2025-01-29 17:39:53,895 - INFO - Trial: 41/100, Epoch: 12/15, Val loss: 0.0021, Elapsed time: 0:03:53, Estimated time left: 0:00:58
2025-01-29 17:40:13,993 - INFO - Trial: 41/100, Epoch: 13/15, Val loss: 0.0019, Elapsed time: 0:04:13, Estimated time left: 0:00:40
2025-01-29 17:40:33,930 - INFO - Trial: 41/100, Epoch: 14/15, Val loss: 0.0018, Elapsed time: 0:04:33, Estimated time left: 0:00:19
2025-01-29 17:40:53,845 - INFO - Trial: 41/100, Epoch: 15/15, Val loss: 0.0018, Elapsed time: 0:04:53, Estimated time left: 0:00:00
2025-01-29 17:40:53,846 - INFO - Trial 40 finished with value: 0.0018296718794507272 and parameters: {'hidden_layers': 3, 'n_units_l': 35, 'lr': 0.0002149411661127812, 'batch_size': 54}. Best is trial 24 with value: 0.0008691317327207799.
2025-01-29 17:40:53,848 - INFO - Elapsed time: 21829.44 seconds
2025-01-29 17:40:53,848 - INFO - Estimated time left: 0.00 seconds
2025-01-29 17:41:31,753 - INFO - Trial: 42/100, Epoch: 1/15, Val loss: 0.0227, Elapsed time: 0:00:37, Estimated time left: 0:08:50
2025-01-29 17:42:07,241 - INFO - Trial: 42/100, Epoch: 2/15, Val loss: 0.0019, Elapsed time: 0:01:13, Estimated time left: 0:07:41
2025-01-29 17:42:42,889 - INFO - Trial: 42/100, Epoch: 3/15, Val loss: 0.0017, Elapsed time: 0:01:49, Estimated time left: 0:07:07
2025-01-29 17:43:18,975 - INFO - Trial: 42/100, Epoch: 4/15, Val loss: 0.0014, Elapsed time: 0:02:25, Estimated time left: 0:06:36
2025-01-29 17:43:54,739 - INFO - Trial: 42/100, Epoch: 5/15, Val loss: 0.0017, Elapsed time: 0:03:00, Estimated time left: 0:05:57
2025-01-29 17:44:30,588 - INFO - Trial: 42/100, Epoch: 6/15, Val loss: 0.0011, Elapsed time: 0:03:36, Estimated time left: 0:05:22
2025-01-29 17:45:06,402 - INFO - Trial: 42/100, Epoch: 7/15, Val loss: 0.0011, Elapsed time: 0:04:12, Estimated time left: 0:04:46
2025-01-29 17:45:42,162 - INFO - Trial: 42/100, Epoch: 8/15, Val loss: 0.0010, Elapsed time: 0:04:48, Estimated time left: 0:04:10
2025-01-29 17:46:15,892 - INFO - Trial: 42/100, Epoch: 9/15, Val loss: 0.0010, Elapsed time: 0:05:22, Estimated time left: 0:03:22
2025-01-29 17:46:49,196 - INFO - Trial: 42/100, Epoch: 10/15, Val loss: 0.0009, Elapsed time: 0:05:55, Estimated time left: 0:02:46
2025-01-29 17:47:22,447 - INFO - Trial: 42/100, Epoch: 11/15, Val loss: 0.0009, Elapsed time: 0:06:28, Estimated time left: 0:02:13
2025-01-29 17:47:55,997 - INFO - Trial: 42/100, Epoch: 12/15, Val loss: 0.0009, Elapsed time: 0:07:02, Estimated time left: 0:01:40
2025-01-29 17:48:32,145 - INFO - Trial: 42/100, Epoch: 13/15, Val loss: 0.0008, Elapsed time: 0:07:38, Estimated time left: 0:01:12
2025-01-29 17:49:08,312 - INFO - Trial: 42/100, Epoch: 14/15, Val loss: 0.0009, Elapsed time: 0:08:14, Estimated time left: 0:00:36
2025-01-29 17:49:44,370 - INFO - Trial: 42/100, Epoch: 15/15, Val loss: 0.0008, Elapsed time: 0:08:50, Estimated time left: 0:00:00
2025-01-29 17:49:44,371 - INFO - Trial 41 finished with value: 0.0007892231993403083 and parameters: {'hidden_layers': 3, 'n_units_l': 196, 'lr': 0.00036963493491300154, 'batch_size': 31}. Best is trial 41 with value: 0.0007892231993403083.
2025-01-29 17:49:44,373 - INFO - Elapsed time: 22359.96 seconds
2025-01-29 17:49:44,373 - INFO - Estimated time left: 0.00 seconds
2025-01-29 17:50:23,896 - INFO - Trial: 43/100, Epoch: 1/15, Val loss: 0.0171, Elapsed time: 0:00:39, Estimated time left: 0:09:13
2025-01-29 17:51:02,322 - INFO - Trial: 43/100, Epoch: 2/15, Val loss: 0.0019, Elapsed time: 0:01:17, Estimated time left: 0:08:19
2025-01-29 17:51:41,272 - INFO - Trial: 43/100, Epoch: 3/15, Val loss: 0.0018, Elapsed time: 0:01:56, Estimated time left: 0:07:47
2025-01-29 17:52:20,006 - INFO - Trial: 43/100, Epoch: 4/15, Val loss: 0.0015, Elapsed time: 0:02:35, Estimated time left: 0:07:06
2025-01-29 17:52:58,750 - INFO - Trial: 43/100, Epoch: 5/15, Val loss: 0.0013, Elapsed time: 0:03:14, Estimated time left: 0:06:27
2025-01-29 17:53:37,843 - INFO - Trial: 43/100, Epoch: 6/15, Val loss: 0.0011, Elapsed time: 0:03:53, Estimated time left: 0:05:51
2025-01-29 17:54:14,844 - INFO - Trial: 43/100, Epoch: 7/15, Val loss: 0.0011, Elapsed time: 0:04:30, Estimated time left: 0:04:56
2025-01-29 17:54:50,915 - INFO - Trial: 43/100, Epoch: 8/15, Val loss: 0.0011, Elapsed time: 0:05:06, Estimated time left: 0:04:12
2025-01-29 17:55:27,100 - INFO - Trial: 43/100, Epoch: 9/15, Val loss: 0.0010, Elapsed time: 0:05:42, Estimated time left: 0:03:37
2025-01-29 17:56:03,364 - INFO - Trial: 43/100, Epoch: 10/15, Val loss: 0.0009, Elapsed time: 0:06:18, Estimated time left: 0:03:01
2025-01-29 17:56:40,597 - INFO - Trial: 43/100, Epoch: 11/15, Val loss: 0.0012, Elapsed time: 0:06:56, Estimated time left: 0:02:28
2025-01-29 17:57:18,264 - INFO - Trial: 43/100, Epoch: 12/15, Val loss: 0.0009, Elapsed time: 0:07:33, Estimated time left: 0:01:53
2025-01-29 17:57:55,672 - INFO - Trial: 43/100, Epoch: 13/15, Val loss: 0.0009, Elapsed time: 0:08:11, Estimated time left: 0:01:14
2025-01-29 17:58:33,227 - INFO - Trial: 43/100, Epoch: 14/15, Val loss: 0.0009, Elapsed time: 0:08:48, Estimated time left: 0:00:37
2025-01-29 17:59:11,558 - INFO - Trial: 43/100, Epoch: 15/15, Val loss: 0.0008, Elapsed time: 0:09:27, Estimated time left: 0:00:00
2025-01-29 17:59:11,560 - INFO - Trial 42 finished with value: 0.0008224316988164546 and parameters: {'hidden_layers': 3, 'n_units_l': 210, 'lr': 0.00041165097493208564, 'batch_size': 29}. Best is trial 41 with value: 0.0007892231993403083.
2025-01-29 17:59:11,563 - INFO - Elapsed time: 22927.15 seconds
2025-01-29 17:59:11,563 - INFO - Estimated time left: 0.00 seconds
2025-01-29 17:59:49,631 - INFO - Trial: 44/100, Epoch: 1/15, Val loss: 0.0455, Elapsed time: 0:00:38, Estimated time left: 0:08:52
2025-01-29 18:00:25,630 - INFO - Trial: 44/100, Epoch: 2/15, Val loss: 0.0026, Elapsed time: 0:01:14, Estimated time left: 0:07:47
2025-01-29 18:01:01,853 - INFO - Trial: 44/100, Epoch: 3/15, Val loss: 0.0021, Elapsed time: 0:01:50, Estimated time left: 0:07:14
2025-01-29 18:01:37,696 - INFO - Trial: 44/100, Epoch: 4/15, Val loss: 0.0016, Elapsed time: 0:02:26, Estimated time left: 0:06:34
2025-01-29 18:02:13,761 - INFO - Trial: 44/100, Epoch: 5/15, Val loss: 0.0014, Elapsed time: 0:03:02, Estimated time left: 0:06:00
2025-01-29 18:02:50,070 - INFO - Trial: 44/100, Epoch: 6/15, Val loss: 0.0013, Elapsed time: 0:03:38, Estimated time left: 0:05:26
2025-01-29 18:03:26,397 - INFO - Trial: 44/100, Epoch: 7/15, Val loss: 0.0013, Elapsed time: 0:04:14, Estimated time left: 0:04:50
2025-01-29 18:04:02,735 - INFO - Trial: 44/100, Epoch: 8/15, Val loss: 0.0011, Elapsed time: 0:04:51, Estimated time left: 0:04:14
2025-01-29 18:04:38,781 - INFO - Trial: 44/100, Epoch: 9/15, Val loss: 0.0011, Elapsed time: 0:05:27, Estimated time left: 0:03:36
2025-01-29 18:05:14,865 - INFO - Trial: 44/100, Epoch: 10/15, Val loss: 0.0010, Elapsed time: 0:06:03, Estimated time left: 0:03:00
2025-01-29 18:05:50,711 - INFO - Trial: 44/100, Epoch: 11/15, Val loss: 0.0010, Elapsed time: 0:06:39, Estimated time left: 0:02:23
2025-01-29 18:06:27,023 - INFO - Trial: 44/100, Epoch: 12/15, Val loss: 0.0009, Elapsed time: 0:07:15, Estimated time left: 0:01:48
2025-01-29 18:07:03,523 - INFO - Trial: 44/100, Epoch: 13/15, Val loss: 0.0010, Elapsed time: 0:07:51, Estimated time left: 0:01:13
2025-01-29 18:07:39,937 - INFO - Trial: 44/100, Epoch: 14/15, Val loss: 0.0009, Elapsed time: 0:08:28, Estimated time left: 0:00:36
2025-01-29 18:08:16,239 - INFO - Trial: 44/100, Epoch: 15/15, Val loss: 0.0009, Elapsed time: 0:09:04, Estimated time left: 0:00:00
2025-01-29 18:08:16,240 - INFO - Trial 43 finished with value: 0.00085325394470738 and parameters: {'hidden_layers': 4, 'n_units_l': 198, 'lr': 0.0004581126000839521, 'batch_size': 35}. Best is trial 41 with value: 0.0007892231993403083.
2025-01-29 18:08:16,242 - INFO - Elapsed time: 23471.83 seconds
2025-01-29 18:08:16,242 - INFO - Estimated time left: 0.00 seconds
2025-01-29 18:08:53,456 - INFO - Trial: 45/100, Epoch: 1/15, Val loss: 0.2070, Elapsed time: 0:00:37, Estimated time left: 0:08:40
2025-01-29 18:09:28,933 - INFO - Trial: 45/100, Epoch: 2/15, Val loss: 0.0048, Elapsed time: 0:01:12, Estimated time left: 0:07:41
2025-01-29 18:10:04,365 - INFO - Trial: 45/100, Epoch: 3/15, Val loss: 0.0028, Elapsed time: 0:01:48, Estimated time left: 0:07:05
2025-01-29 18:10:39,446 - INFO - Trial: 45/100, Epoch: 4/15, Val loss: 0.0021, Elapsed time: 0:02:23, Estimated time left: 0:06:25
2025-01-29 18:11:13,103 - INFO - Trial: 45/100, Epoch: 5/15, Val loss: 0.0024, Elapsed time: 0:02:56, Estimated time left: 0:05:36
2025-01-29 18:11:45,997 - INFO - Trial: 45/100, Epoch: 6/15, Val loss: 0.0020, Elapsed time: 0:03:29, Estimated time left: 0:04:56
2025-01-29 18:12:19,211 - INFO - Trial: 45/100, Epoch: 7/15, Val loss: 0.0018, Elapsed time: 0:04:02, Estimated time left: 0:04:25
2025-01-29 18:12:52,049 - INFO - Trial: 45/100, Epoch: 8/15, Val loss: 0.0017, Elapsed time: 0:04:35, Estimated time left: 0:03:49
2025-01-29 18:13:25,472 - INFO - Trial: 45/100, Epoch: 9/15, Val loss: 0.0015, Elapsed time: 0:05:09, Estimated time left: 0:03:20
2025-01-29 18:13:58,498 - INFO - Trial: 45/100, Epoch: 10/15, Val loss: 0.0016, Elapsed time: 0:05:42, Estimated time left: 0:02:45
2025-01-29 18:14:31,128 - INFO - Trial: 45/100, Epoch: 11/15, Val loss: 0.0015, Elapsed time: 0:06:14, Estimated time left: 0:02:10
2025-01-29 18:15:03,266 - INFO - Trial: 45/100, Epoch: 12/15, Val loss: 0.0014, Elapsed time: 0:06:47, Estimated time left: 0:01:36
2025-01-29 18:15:35,903 - INFO - Trial: 45/100, Epoch: 13/15, Val loss: 0.0014, Elapsed time: 0:07:19, Estimated time left: 0:01:05
2025-01-29 18:16:08,335 - INFO - Trial: 45/100, Epoch: 14/15, Val loss: 0.0014, Elapsed time: 0:07:52, Estimated time left: 0:00:32
2025-01-29 18:16:40,921 - INFO - Trial: 45/100, Epoch: 15/15, Val loss: 0.0013, Elapsed time: 0:08:24, Estimated time left: 0:00:00
