2025-01-29 21:37:22,221 - INFO - Trial 71 finished with value: 0.0012067667175410315 and parameters: {'hidden_layers': 5, 'n_units_l': 192, 'lr': 4.507674273530014e-05, 'batch_size': 32}. Best is trial 55 with value: 0.0007664368488753612.
2025-01-29 21:37:22,223 - INFO - Elapsed time: 36017.81 seconds
2025-01-29 21:37:22,224 - INFO - Estimated time left: 0.00 seconds
2025-01-29 21:37:51,611 - INFO - Trial: 73/100, Epoch: 1/15, Val loss: 0.0630, Elapsed time: 0:00:29, Estimated time left: 0:06:51
2025-01-29 21:38:17,707 - INFO - Trial: 73/100, Epoch: 2/15, Val loss: 0.0021, Elapsed time: 0:00:55, Estimated time left: 0:05:39
2025-01-29 21:38:43,812 - INFO - Trial: 73/100, Epoch: 3/15, Val loss: 0.0020, Elapsed time: 0:01:21, Estimated time left: 0:05:13
2025-01-29 21:39:09,778 - INFO - Trial: 73/100, Epoch: 4/15, Val loss: 0.0018, Elapsed time: 0:01:47, Estimated time left: 0:04:45
2025-01-29 21:39:35,840 - INFO - Trial: 73/100, Epoch: 5/15, Val loss: 0.0014, Elapsed time: 0:02:13, Estimated time left: 0:04:20
2025-01-29 21:40:01,956 - INFO - Trial: 73/100, Epoch: 6/15, Val loss: 0.0013, Elapsed time: 0:02:39, Estimated time left: 0:03:55
2025-01-29 21:40:28,085 - INFO - Trial: 73/100, Epoch: 7/15, Val loss: 0.0013, Elapsed time: 0:03:05, Estimated time left: 0:03:29
2025-01-29 21:40:54,191 - INFO - Trial: 73/100, Epoch: 8/15, Val loss: 0.0011, Elapsed time: 0:03:31, Estimated time left: 0:03:02
2025-01-29 21:41:20,276 - INFO - Trial: 73/100, Epoch: 9/15, Val loss: 0.0013, Elapsed time: 0:03:58, Estimated time left: 0:02:36
2025-01-29 21:41:46,439 - INFO - Trial: 73/100, Epoch: 10/15, Val loss: 0.0010, Elapsed time: 0:04:24, Estimated time left: 0:02:10
2025-01-29 21:42:12,528 - INFO - Trial: 73/100, Epoch: 11/15, Val loss: 0.0011, Elapsed time: 0:04:50, Estimated time left: 0:01:44
2025-01-29 21:42:38,628 - INFO - Trial: 73/100, Epoch: 12/15, Val loss: 0.0009, Elapsed time: 0:05:16, Estimated time left: 0:01:18
2025-01-29 21:43:04,707 - INFO - Trial: 73/100, Epoch: 13/15, Val loss: 0.0009, Elapsed time: 0:05:42, Estimated time left: 0:00:52
2025-01-29 21:43:30,752 - INFO - Trial: 73/100, Epoch: 14/15, Val loss: 0.0008, Elapsed time: 0:06:08, Estimated time left: 0:00:26
2025-01-29 21:43:57,280 - INFO - Trial: 73/100, Epoch: 15/15, Val loss: 0.0008, Elapsed time: 0:06:35, Estimated time left: 0:00:00
2025-01-29 21:43:57,281 - INFO - Trial 72 finished with value: 0.0008482091329802831 and parameters: {'hidden_layers': 5, 'n_units_l': 221, 'lr': 0.00036954944838471585, 'batch_size': 34}. Best is trial 55 with value: 0.0007664368488753612.
2025-01-29 21:43:57,284 - INFO - Elapsed time: 36412.87 seconds
2025-01-29 21:43:57,284 - INFO - Estimated time left: 0.00 seconds
2025-01-29 21:44:33,036 - INFO - Trial: 74/100, Epoch: 1/15, Val loss: 0.1819, Elapsed time: 0:00:35, Estimated time left: 0:08:20
2025-01-29 21:45:06,570 - INFO - Trial: 74/100, Epoch: 2/15, Val loss: 0.0025, Elapsed time: 0:01:09, Estimated time left: 0:07:15
2025-01-29 21:45:39,996 - INFO - Trial: 74/100, Epoch: 3/15, Val loss: 0.0019, Elapsed time: 0:01:42, Estimated time left: 0:06:41
2025-01-29 21:46:13,430 - INFO - Trial: 74/100, Epoch: 4/15, Val loss: 0.0017, Elapsed time: 0:02:16, Estimated time left: 0:06:07
2025-01-29 21:46:46,889 - INFO - Trial: 74/100, Epoch: 5/15, Val loss: 0.0015, Elapsed time: 0:02:49, Estimated time left: 0:05:34
2025-01-29 21:47:20,494 - INFO - Trial: 74/100, Epoch: 6/15, Val loss: 0.0015, Elapsed time: 0:03:23, Estimated time left: 0:05:02
2025-01-29 21:47:54,072 - INFO - Trial: 74/100, Epoch: 7/15, Val loss: 0.0013, Elapsed time: 0:03:56, Estimated time left: 0:04:28
2025-01-29 21:48:27,658 - INFO - Trial: 74/100, Epoch: 8/15, Val loss: 0.0013, Elapsed time: 0:04:30, Estimated time left: 0:03:55
2025-01-29 21:49:01,231 - INFO - Trial: 74/100, Epoch: 9/15, Val loss: 0.0011, Elapsed time: 0:05:03, Estimated time left: 0:03:21
2025-01-29 21:49:34,800 - INFO - Trial: 74/100, Epoch: 10/15, Val loss: 0.0011, Elapsed time: 0:05:37, Estimated time left: 0:02:47
2025-01-29 21:50:08,335 - INFO - Trial: 74/100, Epoch: 11/15, Val loss: 0.0010, Elapsed time: 0:06:11, Estimated time left: 0:02:14
2025-01-29 21:50:41,874 - INFO - Trial: 74/100, Epoch: 12/15, Val loss: 0.0009, Elapsed time: 0:06:44, Estimated time left: 0:01:40
2025-01-29 21:51:15,439 - INFO - Trial: 74/100, Epoch: 13/15, Val loss: 0.0010, Elapsed time: 0:07:18, Estimated time left: 0:01:07
2025-01-29 21:51:48,990 - INFO - Trial: 74/100, Epoch: 14/15, Val loss: 0.0008, Elapsed time: 0:07:51, Estimated time left: 0:00:33
2025-01-29 21:52:22,528 - INFO - Trial: 74/100, Epoch: 15/15, Val loss: 0.0010, Elapsed time: 0:08:25, Estimated time left: 0:00:00
2025-01-29 21:52:22,530 - INFO - Trial 73 finished with value: 0.0010352059542660843 and parameters: {'hidden_layers': 6, 'n_units_l': 222, 'lr': 9.063236480087017e-05, 'batch_size': 29}. Best is trial 55 with value: 0.0007664368488753612.
2025-01-29 21:52:22,533 - INFO - Elapsed time: 36918.12 seconds
2025-01-29 21:52:22,533 - INFO - Estimated time left: 0.00 seconds
2025-01-29 21:53:00,220 - INFO - Trial: 75/100, Epoch: 1/15, Val loss: 0.0847, Elapsed time: 0:00:37, Estimated time left: 0:08:47
2025-01-29 21:53:34,294 - INFO - Trial: 75/100, Epoch: 2/15, Val loss: 0.0021, Elapsed time: 0:01:11, Estimated time left: 0:07:22
2025-01-29 21:54:08,226 - INFO - Trial: 75/100, Epoch: 3/15, Val loss: 0.0020, Elapsed time: 0:01:45, Estimated time left: 0:06:47
2025-01-29 21:54:42,288 - INFO - Trial: 75/100, Epoch: 4/15, Val loss: 0.0016, Elapsed time: 0:02:19, Estimated time left: 0:06:14
2025-01-29 21:55:16,560 - INFO - Trial: 75/100, Epoch: 5/15, Val loss: 0.0014, Elapsed time: 0:02:54, Estimated time left: 0:05:42
2025-01-29 21:55:50,872 - INFO - Trial: 75/100, Epoch: 6/15, Val loss: 0.0013, Elapsed time: 0:03:28, Estimated time left: 0:05:08
2025-01-29 21:56:25,156 - INFO - Trial: 75/100, Epoch: 7/15, Val loss: 0.0011, Elapsed time: 0:04:02, Estimated time left: 0:04:34
2025-01-29 21:56:59,667 - INFO - Trial: 75/100, Epoch: 8/15, Val loss: 0.0012, Elapsed time: 0:04:37, Estimated time left: 0:04:01
2025-01-29 21:57:33,898 - INFO - Trial: 75/100, Epoch: 9/15, Val loss: 0.0010, Elapsed time: 0:05:11, Estimated time left: 0:03:25
2025-01-29 21:58:08,136 - INFO - Trial: 75/100, Epoch: 10/15, Val loss: 0.0010, Elapsed time: 0:05:45, Estimated time left: 0:02:51
2025-01-29 21:58:42,393 - INFO - Trial: 75/100, Epoch: 11/15, Val loss: 0.0010, Elapsed time: 0:06:19, Estimated time left: 0:02:17
2025-01-29 21:59:16,883 - INFO - Trial: 75/100, Epoch: 12/15, Val loss: 0.0010, Elapsed time: 0:06:54, Estimated time left: 0:01:43
2025-01-29 21:59:51,127 - INFO - Trial: 75/100, Epoch: 13/15, Val loss: 0.0009, Elapsed time: 0:07:28, Estimated time left: 0:01:08
2025-01-29 22:00:25,378 - INFO - Trial: 75/100, Epoch: 14/15, Val loss: 0.0009, Elapsed time: 0:08:02, Estimated time left: 0:00:34
2025-01-29 22:00:59,575 - INFO - Trial: 75/100, Epoch: 15/15, Val loss: 0.0008, Elapsed time: 0:08:37, Estimated time left: 0:00:00
2025-01-29 22:00:59,577 - INFO - Trial 74 finished with value: 0.0008381439410294907 and parameters: {'hidden_layers': 5, 'n_units_l': 156, 'lr': 0.0002636065883830939, 'batch_size': 24}. Best is trial 55 with value: 0.0007664368488753612.
2025-01-29 22:00:59,580 - INFO - Elapsed time: 37435.17 seconds
2025-01-29 22:00:59,580 - INFO - Estimated time left: 0.00 seconds
2025-01-29 22:01:40,050 - INFO - Trial: 76/100, Epoch: 1/15, Val loss: 0.0944, Elapsed time: 0:00:40, Estimated time left: 0:09:26
2025-01-29 22:02:17,012 - INFO - Trial: 76/100, Epoch: 2/15, Val loss: 0.0023, Elapsed time: 0:01:17, Estimated time left: 0:08:00
2025-01-29 22:02:53,907 - INFO - Trial: 76/100, Epoch: 3/15, Val loss: 0.0020, Elapsed time: 0:01:54, Estimated time left: 0:07:22
2025-01-29 22:03:30,916 - INFO - Trial: 76/100, Epoch: 4/15, Val loss: 0.0020, Elapsed time: 0:02:31, Estimated time left: 0:06:47
2025-01-29 22:04:07,945 - INFO - Trial: 76/100, Epoch: 5/15, Val loss: 0.0018, Elapsed time: 0:03:08, Estimated time left: 0:06:10
2025-01-29 22:04:44,911 - INFO - Trial: 76/100, Epoch: 6/15, Val loss: 0.0016, Elapsed time: 0:03:45, Estimated time left: 0:05:32
2025-01-29 22:05:22,005 - INFO - Trial: 76/100, Epoch: 7/15, Val loss: 0.0013, Elapsed time: 0:04:22, Estimated time left: 0:04:56
2025-01-29 22:05:59,022 - INFO - Trial: 76/100, Epoch: 8/15, Val loss: 0.0012, Elapsed time: 0:04:59, Estimated time left: 0:04:19
2025-01-29 22:06:36,158 - INFO - Trial: 76/100, Epoch: 9/15, Val loss: 0.0011, Elapsed time: 0:05:36, Estimated time left: 0:03:42
2025-01-29 22:07:13,435 - INFO - Trial: 76/100, Epoch: 10/15, Val loss: 0.0011, Elapsed time: 0:06:13, Estimated time left: 0:03:06
2025-01-29 22:07:50,405 - INFO - Trial: 76/100, Epoch: 11/15, Val loss: 0.0010, Elapsed time: 0:06:50, Estimated time left: 0:02:27
2025-01-29 22:08:27,370 - INFO - Trial: 76/100, Epoch: 12/15, Val loss: 0.0010, Elapsed time: 0:07:27, Estimated time left: 0:01:50
2025-01-29 22:09:04,317 - INFO - Trial: 76/100, Epoch: 13/15, Val loss: 0.0010, Elapsed time: 0:08:04, Estimated time left: 0:01:13
2025-01-29 22:09:41,263 - INFO - Trial: 76/100, Epoch: 14/15, Val loss: 0.0011, Elapsed time: 0:08:41, Estimated time left: 0:00:36
2025-01-29 22:10:18,199 - INFO - Trial: 76/100, Epoch: 15/15, Val loss: 0.0009, Elapsed time: 0:09:18, Estimated time left: 0:00:00
2025-01-29 22:10:18,201 - INFO - Trial 75 finished with value: 0.0009039710987605023 and parameters: {'hidden_layers': 6, 'n_units_l': 157, 'lr': 0.0002638476015078489, 'batch_size': 24}. Best is trial 55 with value: 0.0007664368488753612.
2025-01-29 22:10:18,204 - INFO - Elapsed time: 37993.79 seconds
2025-01-29 22:10:18,204 - INFO - Estimated time left: 0.00 seconds
2025-01-29 22:10:51,001 - INFO - Trial: 77/100, Epoch: 1/15, Val loss: 0.1385, Elapsed time: 0:00:32, Estimated time left: 0:07:38
2025-01-29 22:11:20,874 - INFO - Trial: 77/100, Epoch: 2/15, Val loss: 0.0026, Elapsed time: 0:01:02, Estimated time left: 0:06:28
2025-01-29 22:11:50,906 - INFO - Trial: 77/100, Epoch: 3/15, Val loss: 0.0023, Elapsed time: 0:01:32, Estimated time left: 0:06:00
2025-01-29 22:12:20,661 - INFO - Trial: 77/100, Epoch: 4/15, Val loss: 0.0019, Elapsed time: 0:02:02, Estimated time left: 0:05:27
2025-01-29 22:12:50,430 - INFO - Trial: 77/100, Epoch: 5/15, Val loss: 0.0016, Elapsed time: 0:02:32, Estimated time left: 0:04:57
2025-01-29 22:13:20,377 - INFO - Trial: 77/100, Epoch: 6/15, Val loss: 0.0018, Elapsed time: 0:03:02, Estimated time left: 0:04:29
2025-01-29 22:13:50,753 - INFO - Trial: 77/100, Epoch: 7/15, Val loss: 0.0014, Elapsed time: 0:03:32, Estimated time left: 0:04:03
2025-01-29 22:14:20,691 - INFO - Trial: 77/100, Epoch: 8/15, Val loss: 0.0013, Elapsed time: 0:04:02, Estimated time left: 0:03:29
2025-01-29 22:14:50,598 - INFO - Trial: 77/100, Epoch: 9/15, Val loss: 0.0014, Elapsed time: 0:04:32, Estimated time left: 0:02:59
2025-01-29 22:15:20,527 - INFO - Trial: 77/100, Epoch: 10/15, Val loss: 0.0011, Elapsed time: 0:05:02, Estimated time left: 0:02:29
2025-01-29 22:15:50,441 - INFO - Trial: 77/100, Epoch: 11/15, Val loss: 0.0012, Elapsed time: 0:05:32, Estimated time left: 0:01:59
2025-01-29 22:16:20,423 - INFO - Trial: 77/100, Epoch: 12/15, Val loss: 0.0011, Elapsed time: 0:06:02, Estimated time left: 0:01:29
2025-01-29 22:16:50,374 - INFO - Trial: 77/100, Epoch: 13/15, Val loss: 0.0010, Elapsed time: 0:06:32, Estimated time left: 0:00:59
2025-01-29 22:17:20,319 - INFO - Trial: 77/100, Epoch: 14/15, Val loss: 0.0010, Elapsed time: 0:07:02, Estimated time left: 0:00:29
2025-01-29 22:17:50,254 - INFO - Trial: 77/100, Epoch: 15/15, Val loss: 0.0010, Elapsed time: 0:07:32, Estimated time left: 0:00:00
2025-01-29 22:17:50,256 - INFO - Trial 76 finished with value: 0.0010380980372991485 and parameters: {'hidden_layers': 5, 'n_units_l': 126, 'lr': 0.00020116762528257998, 'batch_size': 27}. Best is trial 55 with value: 0.0007664368488753612.
2025-01-29 22:17:50,259 - INFO - Elapsed time: 38445.84 seconds
2025-01-29 22:17:50,259 - INFO - Estimated time left: 0.00 seconds
2025-01-29 22:18:30,769 - INFO - Trial: 78/100, Epoch: 1/15, Val loss: 0.1298, Elapsed time: 0:00:40, Estimated time left: 0:09:26
2025-01-29 22:19:07,512 - INFO - Trial: 78/100, Epoch: 2/15, Val loss: 0.0022, Elapsed time: 0:01:17, Estimated time left: 0:07:57
2025-01-29 22:19:44,052 - INFO - Trial: 78/100, Epoch: 3/15, Val loss: 0.0024, Elapsed time: 0:01:53, Estimated time left: 0:07:18
2025-01-29 22:20:20,635 - INFO - Trial: 78/100, Epoch: 4/15, Val loss: 0.0017, Elapsed time: 0:02:30, Estimated time left: 0:06:42
2025-01-29 22:20:57,430 - INFO - Trial: 78/100, Epoch: 5/15, Val loss: 0.0014, Elapsed time: 0:03:07, Estimated time left: 0:06:07
2025-01-29 22:21:34,328 - INFO - Trial: 78/100, Epoch: 6/15, Val loss: 0.0011, Elapsed time: 0:03:44, Estimated time left: 0:05:32
2025-01-29 22:22:11,200 - INFO - Trial: 78/100, Epoch: 7/15, Val loss: 0.0011, Elapsed time: 0:04:20, Estimated time left: 0:04:54
2025-01-29 22:22:48,040 - INFO - Trial: 78/100, Epoch: 8/15, Val loss: 0.0012, Elapsed time: 0:04:57, Estimated time left: 0:04:17
2025-01-29 22:23:24,948 - INFO - Trial: 78/100, Epoch: 9/15, Val loss: 0.0011, Elapsed time: 0:05:34, Estimated time left: 0:03:41
2025-01-29 22:24:01,897 - INFO - Trial: 78/100, Epoch: 10/15, Val loss: 0.0009, Elapsed time: 0:06:11, Estimated time left: 0:03:04
2025-01-29 22:24:38,730 - INFO - Trial: 78/100, Epoch: 11/15, Val loss: 0.0008, Elapsed time: 0:06:48, Estimated time left: 0:02:27
2025-01-29 22:25:15,516 - INFO - Trial: 78/100, Epoch: 12/15, Val loss: 0.0009, Elapsed time: 0:07:25, Estimated time left: 0:01:50
2025-01-29 22:25:52,300 - INFO - Trial: 78/100, Epoch: 13/15, Val loss: 0.0008, Elapsed time: 0:08:02, Estimated time left: 0:01:13
2025-01-29 22:26:29,122 - INFO - Trial: 78/100, Epoch: 14/15, Val loss: 0.0009, Elapsed time: 0:08:38, Estimated time left: 0:00:36
2025-01-29 22:27:05,939 - INFO - Trial: 78/100, Epoch: 15/15, Val loss: 0.0007, Elapsed time: 0:09:15, Estimated time left: 0:00:00
2025-01-29 22:27:05,940 - INFO - Trial 77 finished with value: 0.0006734657413265272 and parameters: {'hidden_layers': 7, 'n_units_l': 250, 'lr': 0.0001358126736235438, 'batch_size': 30}. Best is trial 77 with value: 0.0006734657413265272.
2025-01-29 22:27:05,943 - INFO - Elapsed time: 39001.53 seconds
2025-01-29 22:27:05,944 - INFO - Estimated time left: 0.00 seconds
2025-01-29 22:27:45,160 - INFO - Trial: 79/100, Epoch: 1/15, Val loss: 0.1198, Elapsed time: 0:00:39, Estimated time left: 0:09:08
2025-01-29 22:28:21,024 - INFO - Trial: 79/100, Epoch: 2/15, Val loss: 0.0036, Elapsed time: 0:01:15, Estimated time left: 0:07:46
2025-01-29 22:28:57,056 - INFO - Trial: 79/100, Epoch: 3/15, Val loss: 0.0018, Elapsed time: 0:01:51, Estimated time left: 0:07:12
2025-01-29 22:29:32,669 - INFO - Trial: 79/100, Epoch: 4/15, Val loss: 0.0017, Elapsed time: 0:02:26, Estimated time left: 0:06:31
2025-01-29 22:30:08,355 - INFO - Trial: 79/100, Epoch: 5/15, Val loss: 0.0016, Elapsed time: 0:03:02, Estimated time left: 0:05:56
2025-01-29 22:30:44,186 - INFO - Trial: 79/100, Epoch: 6/15, Val loss: 0.0015, Elapsed time: 0:03:38, Estimated time left: 0:05:22
2025-01-29 22:31:20,016 - INFO - Trial: 79/100, Epoch: 7/15, Val loss: 0.0018, Elapsed time: 0:04:14, Estimated time left: 0:04:46
2025-01-29 22:31:55,954 - INFO - Trial: 79/100, Epoch: 8/15, Val loss: 0.0010, Elapsed time: 0:04:49, Estimated time left: 0:04:11
2025-01-29 22:32:31,810 - INFO - Trial: 79/100, Epoch: 9/15, Val loss: 0.0011, Elapsed time: 0:05:25, Estimated time left: 0:03:35
2025-01-29 22:33:07,768 - INFO - Trial: 79/100, Epoch: 10/15, Val loss: 0.0010, Elapsed time: 0:06:01, Estimated time left: 0:02:59
2025-01-29 22:33:43,680 - INFO - Trial: 79/100, Epoch: 11/15, Val loss: 0.0009, Elapsed time: 0:06:37, Estimated time left: 0:02:23
2025-01-29 22:34:19,570 - INFO - Trial: 79/100, Epoch: 12/15, Val loss: 0.0008, Elapsed time: 0:07:13, Estimated time left: 0:01:47
2025-01-29 22:34:55,442 - INFO - Trial: 79/100, Epoch: 13/15, Val loss: 0.0008, Elapsed time: 0:07:49, Estimated time left: 0:01:11
2025-01-29 22:35:31,336 - INFO - Trial: 79/100, Epoch: 14/15, Val loss: 0.0008, Elapsed time: 0:08:25, Estimated time left: 0:00:35
2025-01-29 22:36:07,251 - INFO - Trial: 79/100, Epoch: 15/15, Val loss: 0.0008, Elapsed time: 0:09:01, Estimated time left: 0:00:00
2025-01-29 22:36:07,253 - INFO - Trial 78 finished with value: 0.0007610825415544166 and parameters: {'hidden_layers': 7, 'n_units_l': 254, 'lr': 0.00013537291498630323, 'batch_size': 31}. Best is trial 77 with value: 0.0006734657413265272.
2025-01-29 22:36:07,256 - INFO - Elapsed time: 39542.84 seconds
2025-01-29 22:36:07,256 - INFO - Estimated time left: 0.00 seconds
2025-01-29 22:36:46,956 - INFO - Trial: 80/100, Epoch: 1/15, Val loss: 0.2553, Elapsed time: 0:00:39, Estimated time left: 0:09:15
2025-01-29 22:37:23,201 - INFO - Trial: 80/100, Epoch: 2/15, Val loss: 0.0023, Elapsed time: 0:01:15, Estimated time left: 0:07:51
2025-01-29 22:37:59,410 - INFO - Trial: 80/100, Epoch: 3/15, Val loss: 0.0018, Elapsed time: 0:01:52, Estimated time left: 0:07:14
2025-01-29 22:38:35,611 - INFO - Trial: 80/100, Epoch: 4/15, Val loss: 0.0017, Elapsed time: 0:02:28, Estimated time left: 0:06:38
2025-01-29 22:39:11,970 - INFO - Trial: 80/100, Epoch: 5/15, Val loss: 0.0016, Elapsed time: 0:03:04, Estimated time left: 0:06:03
2025-01-29 22:39:48,541 - INFO - Trial: 80/100, Epoch: 6/15, Val loss: 0.0017, Elapsed time: 0:03:41, Estimated time left: 0:05:29
2025-01-29 22:40:25,143 - INFO - Trial: 80/100, Epoch: 7/15, Val loss: 0.0013, Elapsed time: 0:04:17, Estimated time left: 0:04:52
2025-01-29 22:41:01,723 - INFO - Trial: 80/100, Epoch: 8/15, Val loss: 0.0012, Elapsed time: 0:04:54, Estimated time left: 0:04:16
2025-01-29 22:41:38,387 - INFO - Trial: 80/100, Epoch: 9/15, Val loss: 0.0013, Elapsed time: 0:05:31, Estimated time left: 0:03:39
2025-01-29 22:42:14,971 - INFO - Trial: 80/100, Epoch: 10/15, Val loss: 0.0012, Elapsed time: 0:06:07, Estimated time left: 0:03:02
2025-01-29 22:42:51,483 - INFO - Trial: 80/100, Epoch: 11/15, Val loss: 0.0010, Elapsed time: 0:06:44, Estimated time left: 0:02:26
2025-01-29 22:43:28,023 - INFO - Trial: 80/100, Epoch: 12/15, Val loss: 0.0013, Elapsed time: 0:07:20, Estimated time left: 0:01:49
2025-01-29 22:44:04,916 - INFO - Trial: 80/100, Epoch: 13/15, Val loss: 0.0010, Elapsed time: 0:07:57, Estimated time left: 0:01:13
2025-01-29 22:44:41,472 - INFO - Trial: 80/100, Epoch: 14/15, Val loss: 0.0010, Elapsed time: 0:08:34, Estimated time left: 0:00:36
2025-01-29 22:45:17,998 - INFO - Trial: 80/100, Epoch: 15/15, Val loss: 0.0011, Elapsed time: 0:09:10, Estimated time left: 0:00:00
2025-01-29 22:45:18,000 - INFO - Trial 79 finished with value: 0.0010536646684592371 and parameters: {'hidden_layers': 7, 'n_units_l': 255, 'lr': 6.501654707926754e-05, 'batch_size': 31}. Best is trial 77 with value: 0.0006734657413265272.
2025-01-29 22:45:18,003 - INFO - Elapsed time: 40093.59 seconds
2025-01-29 22:45:18,003 - INFO - Estimated time left: 0.00 seconds
2025-01-29 22:45:52,207 - INFO - Trial: 81/100, Epoch: 1/15, Val loss: 0.1294, Elapsed time: 0:00:34, Estimated time left: 0:07:58
2025-01-29 22:46:23,278 - INFO - Trial: 81/100, Epoch: 2/15, Val loss: 0.0027, Elapsed time: 0:01:05, Estimated time left: 0:06:43
2025-01-29 22:46:54,309 - INFO - Trial: 81/100, Epoch: 3/15, Val loss: 0.0020, Elapsed time: 0:01:36, Estimated time left: 0:06:12
2025-01-29 22:47:25,287 - INFO - Trial: 81/100, Epoch: 4/15, Val loss: 0.0017, Elapsed time: 0:02:07, Estimated time left: 0:05:40
2025-01-29 22:47:56,178 - INFO - Trial: 81/100, Epoch: 5/15, Val loss: 0.0017, Elapsed time: 0:02:38, Estimated time left: 0:05:08
2025-01-29 22:48:27,193 - INFO - Trial: 81/100, Epoch: 6/15, Val loss: 0.0014, Elapsed time: 0:03:09, Estimated time left: 0:04:39
2025-01-29 22:48:58,303 - INFO - Trial: 81/100, Epoch: 7/15, Val loss: 0.0013, Elapsed time: 0:03:40, Estimated time left: 0:04:08
2025-01-29 22:49:29,412 - INFO - Trial: 81/100, Epoch: 8/15, Val loss: 0.0012, Elapsed time: 0:04:11, Estimated time left: 0:03:37
2025-01-29 22:50:00,517 - INFO - Trial: 81/100, Epoch: 9/15, Val loss: 0.0011, Elapsed time: 0:04:42, Estimated time left: 0:03:06
2025-01-29 22:50:31,637 - INFO - Trial: 81/100, Epoch: 10/15, Val loss: 0.0010, Elapsed time: 0:05:13, Estimated time left: 0:02:35
2025-01-29 22:51:02,752 - INFO - Trial: 81/100, Epoch: 11/15, Val loss: 0.0010, Elapsed time: 0:05:44, Estimated time left: 0:02:04
2025-01-29 22:51:33,858 - INFO - Trial: 81/100, Epoch: 12/15, Val loss: 0.0009, Elapsed time: 0:06:15, Estimated time left: 0:01:33
2025-01-29 22:52:04,989 - INFO - Trial: 81/100, Epoch: 13/15, Val loss: 0.0009, Elapsed time: 0:06:46, Estimated time left: 0:01:02
2025-01-29 22:52:36,101 - INFO - Trial: 81/100, Epoch: 14/15, Val loss: 0.0008, Elapsed time: 0:07:18, Estimated time left: 0:00:31
2025-01-29 22:53:07,209 - INFO - Trial: 81/100, Epoch: 15/15, Val loss: 0.0009, Elapsed time: 0:07:49, Estimated time left: 0:00:00
