2025-01-29 13:42:51,244 - INFO - Trial 17 finished with value: 0.0014902539041079582 and parameters: {'hidden_layers': 2, 'n_units_l': 91, 'lr': 0.00016395109319580485, 'batch_size': 16}. Best is trial 16 with value: 0.0012448532020337406.
2025-01-29 13:42:51,245 - INFO - Elapsed time: 7546.83 seconds
2025-01-29 13:42:51,245 - INFO - Estimated time left: 0.00 seconds
2025-01-29 13:43:27,958 - INFO - Trial: 19/100, Epoch: 1/15, Val loss: 0.0780, Elapsed time: 0:00:36, Estimated time left: 0:08:33
2025-01-29 13:44:03,944 - INFO - Trial: 19/100, Epoch: 2/15, Val loss: 0.0050, Elapsed time: 0:01:12, Estimated time left: 0:07:47
2025-01-29 13:44:39,866 - INFO - Trial: 19/100, Epoch: 3/15, Val loss: 0.0026, Elapsed time: 0:01:48, Estimated time left: 0:07:11
2025-01-29 13:45:15,745 - INFO - Trial: 19/100, Epoch: 4/15, Val loss: 0.0021, Elapsed time: 0:02:24, Estimated time left: 0:06:34
2025-01-29 13:45:51,693 - INFO - Trial: 19/100, Epoch: 5/15, Val loss: 0.0020, Elapsed time: 0:03:00, Estimated time left: 0:05:59
2025-01-29 13:46:27,643 - INFO - Trial: 19/100, Epoch: 6/15, Val loss: 0.0019, Elapsed time: 0:03:36, Estimated time left: 0:05:23
2025-01-29 13:47:03,335 - INFO - Trial: 19/100, Epoch: 7/15, Val loss: 0.0020, Elapsed time: 0:04:12, Estimated time left: 0:04:45
2025-01-29 13:47:39,091 - INFO - Trial: 19/100, Epoch: 8/15, Val loss: 0.0017, Elapsed time: 0:04:47, Estimated time left: 0:04:10
2025-01-29 13:48:14,197 - INFO - Trial: 19/100, Epoch: 9/15, Val loss: 0.0022, Elapsed time: 0:05:22, Estimated time left: 0:03:30
2025-01-29 13:48:47,753 - INFO - Trial: 19/100, Epoch: 10/15, Val loss: 0.0018, Elapsed time: 0:05:56, Estimated time left: 0:02:47
2025-01-29 13:49:21,391 - INFO - Trial: 19/100, Epoch: 11/15, Val loss: 0.0015, Elapsed time: 0:06:30, Estimated time left: 0:02:14
2025-01-29 13:49:55,018 - INFO - Trial: 19/100, Epoch: 12/15, Val loss: 0.0015, Elapsed time: 0:07:03, Estimated time left: 0:01:40
2025-01-29 13:50:28,347 - INFO - Trial: 19/100, Epoch: 13/15, Val loss: 0.0015, Elapsed time: 0:07:37, Estimated time left: 0:01:06
2025-01-29 13:51:01,823 - INFO - Trial: 19/100, Epoch: 14/15, Val loss: 0.0017, Elapsed time: 0:08:10, Estimated time left: 0:00:33
2025-01-29 13:51:35,436 - INFO - Trial: 19/100, Epoch: 15/15, Val loss: 0.0014, Elapsed time: 0:08:44, Estimated time left: 0:00:00
2025-01-29 13:51:35,437 - INFO - Trial 18 finished with value: 0.0014441690115607343 and parameters: {'hidden_layers': 6, 'n_units_l': 66, 'lr': 0.0006450020112791327, 'batch_size': 40}. Best is trial 16 with value: 0.0012448532020337406.
2025-01-29 13:51:35,438 - INFO - Elapsed time: 8071.03 seconds
2025-01-29 13:51:35,439 - INFO - Estimated time left: 0.00 seconds
2025-01-29 13:52:25,981 - INFO - Trial: 20/100, Epoch: 1/15, Val loss: 0.1280, Elapsed time: 0:00:50, Estimated time left: 0:11:47
2025-01-29 13:53:13,444 - INFO - Trial: 20/100, Epoch: 2/15, Val loss: 0.0031, Elapsed time: 0:01:37, Estimated time left: 0:10:17
2025-01-29 13:54:00,994 - INFO - Trial: 20/100, Epoch: 3/15, Val loss: 0.0024, Elapsed time: 0:02:25, Estimated time left: 0:09:30
2025-01-29 13:54:48,529 - INFO - Trial: 20/100, Epoch: 4/15, Val loss: 0.0021, Elapsed time: 0:03:13, Estimated time left: 0:08:42
2025-01-29 13:55:36,122 - INFO - Trial: 20/100, Epoch: 5/15, Val loss: 0.0019, Elapsed time: 0:04:00, Estimated time left: 0:07:55
2025-01-29 13:56:23,620 - INFO - Trial: 20/100, Epoch: 6/15, Val loss: 0.0019, Elapsed time: 0:04:48, Estimated time left: 0:07:07
2025-01-29 13:57:11,631 - INFO - Trial: 20/100, Epoch: 7/15, Val loss: 0.0018, Elapsed time: 0:05:36, Estimated time left: 0:06:24
2025-01-29 13:58:02,935 - INFO - Trial: 20/100, Epoch: 8/15, Val loss: 0.0017, Elapsed time: 0:06:27, Estimated time left: 0:05:59
2025-01-29 13:58:54,841 - INFO - Trial: 20/100, Epoch: 9/15, Val loss: 0.0016, Elapsed time: 0:07:19, Estimated time left: 0:05:11
2025-01-29 13:59:46,567 - INFO - Trial: 20/100, Epoch: 10/15, Val loss: 0.0016, Elapsed time: 0:08:11, Estimated time left: 0:04:18
2025-01-29 14:00:38,475 - INFO - Trial: 20/100, Epoch: 11/15, Val loss: 0.0016, Elapsed time: 0:09:03, Estimated time left: 0:03:27
2025-01-29 14:01:30,419 - INFO - Trial: 20/100, Epoch: 12/15, Val loss: 0.0016, Elapsed time: 0:09:54, Estimated time left: 0:02:35
2025-01-29 14:02:22,031 - INFO - Trial: 20/100, Epoch: 13/15, Val loss: 0.0015, Elapsed time: 0:10:46, Estimated time left: 0:01:43
2025-01-29 14:03:13,914 - INFO - Trial: 20/100, Epoch: 14/15, Val loss: 0.0015, Elapsed time: 0:11:38, Estimated time left: 0:00:51
2025-01-29 14:04:05,797 - INFO - Trial: 20/100, Epoch: 15/15, Val loss: 0.0015, Elapsed time: 0:12:30, Estimated time left: 0:00:00
2025-01-29 14:04:05,798 - INFO - Trial 19 finished with value: 0.0014535483582476185 and parameters: {'hidden_layers': 3, 'n_units_l': 130, 'lr': 5.832470071036429e-05, 'batch_size': 21}. Best is trial 16 with value: 0.0012448532020337406.
2025-01-29 14:04:05,799 - INFO - Elapsed time: 8821.39 seconds
2025-01-29 14:04:05,800 - INFO - Estimated time left: 0.00 seconds
2025-01-29 14:04:50,818 - INFO - Trial: 21/100, Epoch: 1/15, Val loss: 0.1845, Elapsed time: 0:00:45, Estimated time left: 0:10:30
2025-01-29 14:05:32,803 - INFO - Trial: 21/100, Epoch: 2/15, Val loss: 0.0028, Elapsed time: 0:01:26, Estimated time left: 0:09:05
2025-01-29 14:06:14,778 - INFO - Trial: 21/100, Epoch: 3/15, Val loss: 0.0025, Elapsed time: 0:02:08, Estimated time left: 0:08:23
2025-01-29 14:06:56,645 - INFO - Trial: 21/100, Epoch: 4/15, Val loss: 0.0020, Elapsed time: 0:02:50, Estimated time left: 0:07:40
2025-01-29 14:07:37,735 - INFO - Trial: 21/100, Epoch: 5/15, Val loss: 0.0025, Elapsed time: 0:03:31, Estimated time left: 0:06:50
2025-01-29 14:08:18,543 - INFO - Trial: 21/100, Epoch: 6/15, Val loss: 0.0016, Elapsed time: 0:04:12, Estimated time left: 0:06:07
2025-01-29 14:08:59,272 - INFO - Trial: 21/100, Epoch: 7/15, Val loss: 0.0015, Elapsed time: 0:04:53, Estimated time left: 0:05:25
2025-01-29 14:09:40,010 - INFO - Trial: 21/100, Epoch: 8/15, Val loss: 0.0015, Elapsed time: 0:05:34, Estimated time left: 0:04:45
2025-01-29 14:10:20,832 - INFO - Trial: 21/100, Epoch: 9/15, Val loss: 0.0013, Elapsed time: 0:06:15, Estimated time left: 0:04:04
2025-01-29 14:11:01,563 - INFO - Trial: 21/100, Epoch: 10/15, Val loss: 0.0014, Elapsed time: 0:06:55, Estimated time left: 0:03:23
2025-01-29 14:11:42,359 - INFO - Trial: 21/100, Epoch: 11/15, Val loss: 0.0012, Elapsed time: 0:07:36, Estimated time left: 0:02:43
2025-01-29 14:12:22,909 - INFO - Trial: 21/100, Epoch: 12/15, Val loss: 0.0011, Elapsed time: 0:08:17, Estimated time left: 0:02:01
2025-01-29 14:13:03,322 - INFO - Trial: 21/100, Epoch: 13/15, Val loss: 0.0011, Elapsed time: 0:08:57, Estimated time left: 0:01:20
2025-01-29 14:13:43,602 - INFO - Trial: 21/100, Epoch: 14/15, Val loss: 0.0010, Elapsed time: 0:09:37, Estimated time left: 0:00:40
2025-01-29 14:14:23,825 - INFO - Trial: 21/100, Epoch: 15/15, Val loss: 0.0011, Elapsed time: 0:10:18, Estimated time left: 0:00:00
2025-01-29 14:14:23,827 - INFO - Trial 20 finished with value: 0.001075289732368226 and parameters: {'hidden_layers': 6, 'n_units_l': 150, 'lr': 0.00012059315993288741, 'batch_size': 33}. Best is trial 20 with value: 0.001075289732368226.
2025-01-29 14:14:23,828 - INFO - Elapsed time: 9439.42 seconds
2025-01-29 14:14:23,828 - INFO - Estimated time left: 0.00 seconds
2025-01-29 14:15:07,953 - INFO - Trial: 22/100, Epoch: 1/15, Val loss: 0.0995, Elapsed time: 0:00:44, Estimated time left: 0:10:17
2025-01-29 14:15:49,301 - INFO - Trial: 22/100, Epoch: 2/15, Val loss: 0.0063, Elapsed time: 0:01:25, Estimated time left: 0:08:57
2025-01-29 14:16:30,554 - INFO - Trial: 22/100, Epoch: 3/15, Val loss: 0.0058, Elapsed time: 0:02:06, Estimated time left: 0:08:15
2025-01-29 14:17:11,518 - INFO - Trial: 22/100, Epoch: 4/15, Val loss: 0.0033, Elapsed time: 0:02:47, Estimated time left: 0:07:30
2025-01-29 14:17:52,583 - INFO - Trial: 22/100, Epoch: 5/15, Val loss: 0.0027, Elapsed time: 0:03:28, Estimated time left: 0:06:50
2025-01-29 14:18:35,353 - INFO - Trial: 22/100, Epoch: 6/15, Val loss: 0.0023, Elapsed time: 0:04:11, Estimated time left: 0:06:24
2025-01-29 14:19:18,096 - INFO - Trial: 22/100, Epoch: 7/15, Val loss: 0.0022, Elapsed time: 0:04:54, Estimated time left: 0:05:41
2025-01-29 14:20:00,410 - INFO - Trial: 22/100, Epoch: 8/15, Val loss: 0.0021, Elapsed time: 0:05:36, Estimated time left: 0:04:56
2025-01-29 14:20:43,115 - INFO - Trial: 22/100, Epoch: 9/15, Val loss: 0.0019, Elapsed time: 0:06:19, Estimated time left: 0:04:16
2025-01-29 14:21:25,462 - INFO - Trial: 22/100, Epoch: 10/15, Val loss: 0.0019, Elapsed time: 0:07:01, Estimated time left: 0:03:31
2025-01-29 14:22:08,524 - INFO - Trial: 22/100, Epoch: 11/15, Val loss: 0.0018, Elapsed time: 0:07:44, Estimated time left: 0:02:52
2025-01-29 14:22:51,140 - INFO - Trial: 22/100, Epoch: 12/15, Val loss: 0.0019, Elapsed time: 0:08:27, Estimated time left: 0:02:07
2025-01-29 14:23:34,309 - INFO - Trial: 22/100, Epoch: 13/15, Val loss: 0.0017, Elapsed time: 0:09:10, Estimated time left: 0:01:26
2025-01-29 14:24:17,088 - INFO - Trial: 22/100, Epoch: 14/15, Val loss: 0.0017, Elapsed time: 0:09:53, Estimated time left: 0:00:42
2025-01-29 14:24:59,938 - INFO - Trial: 22/100, Epoch: 15/15, Val loss: 0.0019, Elapsed time: 0:10:36, Estimated time left: 0:00:00
2025-01-29 14:24:59,939 - INFO - Trial 21 finished with value: 0.0019084404110699567 and parameters: {'hidden_layers': 6, 'n_units_l': 48, 'lr': 0.00015276960462237284, 'batch_size': 31}. Best is trial 20 with value: 0.001075289732368226.
2025-01-29 14:24:59,940 - INFO - Elapsed time: 10075.53 seconds
2025-01-29 14:24:59,940 - INFO - Estimated time left: 0.00 seconds
2025-01-29 14:26:34,782 - INFO - Trial: 23/100, Epoch: 1/15, Val loss: 0.0771, Elapsed time: 0:01:34, Estimated time left: 0:22:07
2025-01-29 14:28:03,254 - INFO - Trial: 23/100, Epoch: 2/15, Val loss: 0.0024, Elapsed time: 0:03:03, Estimated time left: 0:19:10
2025-01-29 14:29:32,281 - INFO - Trial: 23/100, Epoch: 3/15, Val loss: 0.0018, Elapsed time: 0:04:32, Estimated time left: 0:17:48
2025-01-29 14:31:01,425 - INFO - Trial: 23/100, Epoch: 4/15, Val loss: 0.0017, Elapsed time: 0:06:01, Estimated time left: 0:16:20
2025-01-29 14:32:30,614 - INFO - Trial: 23/100, Epoch: 5/15, Val loss: 0.0016, Elapsed time: 0:07:30, Estimated time left: 0:14:51
2025-01-29 14:33:59,617 - INFO - Trial: 23/100, Epoch: 6/15, Val loss: 0.0016, Elapsed time: 0:08:59, Estimated time left: 0:13:21
2025-01-29 14:35:27,845 - INFO - Trial: 23/100, Epoch: 7/15, Val loss: 0.0013, Elapsed time: 0:10:27, Estimated time left: 0:11:45
2025-01-29 14:36:52,138 - INFO - Trial: 23/100, Epoch: 8/15, Val loss: 0.0011, Elapsed time: 0:11:52, Estimated time left: 0:09:50
2025-01-29 14:38:16,260 - INFO - Trial: 23/100, Epoch: 9/15, Val loss: 0.0011, Elapsed time: 0:13:16, Estimated time left: 0:08:24
2025-01-29 14:39:41,040 - INFO - Trial: 23/100, Epoch: 10/15, Val loss: 0.0010, Elapsed time: 0:14:41, Estimated time left: 0:07:03
2025-01-29 14:41:03,418 - INFO - Trial: 23/100, Epoch: 11/15, Val loss: 0.0010, Elapsed time: 0:16:03, Estimated time left: 0:05:29
2025-01-29 14:42:24,391 - INFO - Trial: 23/100, Epoch: 12/15, Val loss: 0.0009, Elapsed time: 0:17:24, Estimated time left: 0:04:02
2025-01-29 14:43:45,430 - INFO - Trial: 23/100, Epoch: 13/15, Val loss: 0.0010, Elapsed time: 0:18:45, Estimated time left: 0:02:42
2025-01-29 14:45:08,524 - INFO - Trial: 23/100, Epoch: 14/15, Val loss: 0.0009, Elapsed time: 0:20:08, Estimated time left: 0:01:23
2025-01-29 14:46:33,119 - INFO - Trial: 23/100, Epoch: 15/15, Val loss: 0.0009, Elapsed time: 0:21:33, Estimated time left: 0:00:00
2025-01-29 14:46:33,120 - INFO - Trial 22 finished with value: 0.0009175088471354684 and parameters: {'hidden_layers': 6, 'n_units_l': 153, 'lr': 0.0003299088287323288, 'batch_size': 16}. Best is trial 22 with value: 0.0009175088471354684.
2025-01-29 14:46:33,122 - INFO - Elapsed time: 11368.71 seconds
2025-01-29 14:46:33,122 - INFO - Estimated time left: 0.00 seconds
2025-01-29 14:47:17,023 - INFO - Trial: 24/100, Epoch: 1/15, Val loss: 0.0624, Elapsed time: 0:00:43, Estimated time left: 0:10:14
2025-01-29 14:47:59,094 - INFO - Trial: 24/100, Epoch: 2/15, Val loss: 0.0028, Elapsed time: 0:01:25, Estimated time left: 0:09:06
2025-01-29 14:48:42,420 - INFO - Trial: 24/100, Epoch: 3/15, Val loss: 0.0025, Elapsed time: 0:02:09, Estimated time left: 0:08:39
2025-01-29 14:49:24,915 - INFO - Trial: 24/100, Epoch: 4/15, Val loss: 0.0019, Elapsed time: 0:02:51, Estimated time left: 0:07:47
2025-01-29 14:50:07,407 - INFO - Trial: 24/100, Epoch: 5/15, Val loss: 0.0018, Elapsed time: 0:03:34, Estimated time left: 0:07:04
2025-01-29 14:50:49,941 - INFO - Trial: 24/100, Epoch: 6/15, Val loss: 0.0018, Elapsed time: 0:04:16, Estimated time left: 0:06:22
2025-01-29 14:51:32,358 - INFO - Trial: 24/100, Epoch: 7/15, Val loss: 0.0018, Elapsed time: 0:04:59, Estimated time left: 0:05:39
2025-01-29 14:52:14,885 - INFO - Trial: 24/100, Epoch: 8/15, Val loss: 0.0016, Elapsed time: 0:05:41, Estimated time left: 0:04:57
2025-01-29 14:52:57,463 - INFO - Trial: 24/100, Epoch: 9/15, Val loss: 0.0017, Elapsed time: 0:06:24, Estimated time left: 0:04:15
2025-01-29 14:53:40,232 - INFO - Trial: 24/100, Epoch: 10/15, Val loss: 0.0018, Elapsed time: 0:07:07, Estimated time left: 0:03:33
2025-01-29 14:54:22,874 - INFO - Trial: 24/100, Epoch: 11/15, Val loss: 0.0015, Elapsed time: 0:07:49, Estimated time left: 0:02:50
2025-01-29 14:55:05,405 - INFO - Trial: 24/100, Epoch: 12/15, Val loss: 0.0015, Elapsed time: 0:08:32, Estimated time left: 0:02:07
2025-01-29 14:55:47,928 - INFO - Trial: 24/100, Epoch: 13/15, Val loss: 0.0014, Elapsed time: 0:09:14, Estimated time left: 0:01:25
2025-01-29 14:56:30,166 - INFO - Trial: 24/100, Epoch: 14/15, Val loss: 0.0015, Elapsed time: 0:09:57, Estimated time left: 0:00:42
2025-01-29 14:57:12,837 - INFO - Trial: 24/100, Epoch: 15/15, Val loss: 0.0014, Elapsed time: 0:10:39, Estimated time left: 0:00:00
2025-01-29 14:57:12,839 - INFO - Trial 23 finished with value: 0.0013549259575875475 and parameters: {'hidden_layers': 5, 'n_units_l': 169, 'lr': 0.001710961158587757, 'batch_size': 32}. Best is trial 22 with value: 0.0009175088471354684.
2025-01-29 14:57:12,840 - INFO - Elapsed time: 12008.43 seconds
2025-01-29 14:57:12,840 - INFO - Estimated time left: 0.00 seconds
2025-01-29 14:58:11,832 - INFO - Trial: 25/100, Epoch: 1/15, Val loss: 0.0694, Elapsed time: 0:00:58, Estimated time left: 0:13:45
2025-01-29 14:59:06,537 - INFO - Trial: 25/100, Epoch: 2/15, Val loss: 0.0024, Elapsed time: 0:01:53, Estimated time left: 0:11:51
2025-01-29 15:00:00,107 - INFO - Trial: 25/100, Epoch: 3/15, Val loss: 0.0018, Elapsed time: 0:02:47, Estimated time left: 0:10:42
2025-01-29 15:00:52,942 - INFO - Trial: 25/100, Epoch: 4/15, Val loss: 0.0017, Elapsed time: 0:03:40, Estimated time left: 0:09:41
2025-01-29 15:01:46,219 - INFO - Trial: 25/100, Epoch: 5/15, Val loss: 0.0016, Elapsed time: 0:04:33, Estimated time left: 0:08:52
2025-01-29 15:02:39,085 - INFO - Trial: 25/100, Epoch: 6/15, Val loss: 0.0014, Elapsed time: 0:05:26, Estimated time left: 0:07:55
2025-01-29 15:03:31,175 - INFO - Trial: 25/100, Epoch: 7/15, Val loss: 0.0013, Elapsed time: 0:06:18, Estimated time left: 0:06:56
2025-01-29 15:04:23,014 - INFO - Trial: 25/100, Epoch: 8/15, Val loss: 0.0012, Elapsed time: 0:07:10, Estimated time left: 0:06:02
2025-01-29 15:05:17,166 - INFO - Trial: 25/100, Epoch: 9/15, Val loss: 0.0011, Elapsed time: 0:08:04, Estimated time left: 0:05:24
2025-01-29 15:06:12,512 - INFO - Trial: 25/100, Epoch: 10/15, Val loss: 0.0011, Elapsed time: 0:08:59, Estimated time left: 0:04:36
2025-01-29 15:07:07,864 - INFO - Trial: 25/100, Epoch: 11/15, Val loss: 0.0011, Elapsed time: 0:09:55, Estimated time left: 0:03:41
2025-01-29 15:08:03,211 - INFO - Trial: 25/100, Epoch: 12/15, Val loss: 0.0010, Elapsed time: 0:10:50, Estimated time left: 0:02:46
2025-01-29 15:08:58,517 - INFO - Trial: 25/100, Epoch: 13/15, Val loss: 0.0012, Elapsed time: 0:11:45, Estimated time left: 0:01:50
2025-01-29 15:09:53,833 - INFO - Trial: 25/100, Epoch: 14/15, Val loss: 0.0010, Elapsed time: 0:12:40, Estimated time left: 0:00:55
2025-01-29 15:10:49,049 - INFO - Trial: 25/100, Epoch: 15/15, Val loss: 0.0009, Elapsed time: 0:13:36, Estimated time left: 0:00:00
2025-01-29 15:10:49,051 - INFO - Trial 24 finished with value: 0.0008691317327207799 and parameters: {'hidden_layers': 4, 'n_units_l': 146, 'lr': 0.0002994123985061022, 'batch_size': 20}. Best is trial 24 with value: 0.0008691317327207799.
2025-01-29 15:10:49,052 - INFO - Elapsed time: 12824.64 seconds
2025-01-29 15:10:49,052 - INFO - Estimated time left: 0.00 seconds
2025-01-29 15:11:43,049 - INFO - Trial: 26/100, Epoch: 1/15, Val loss: 0.1638, Elapsed time: 0:00:53, Estimated time left: 0:12:35
2025-01-29 15:12:34,963 - INFO - Trial: 26/100, Epoch: 2/15, Val loss: 0.0931, Elapsed time: 0:01:45, Estimated time left: 0:11:14
2025-01-29 15:13:27,168 - INFO - Trial: 26/100, Epoch: 3/15, Val loss: 0.0925, Elapsed time: 0:02:38, Estimated time left: 0:10:26
2025-01-29 15:14:19,252 - INFO - Trial: 26/100, Epoch: 4/15, Val loss: 0.0926, Elapsed time: 0:03:30, Estimated time left: 0:09:32
2025-01-29 15:15:12,384 - INFO - Trial: 26/100, Epoch: 5/15, Val loss: 0.0920, Elapsed time: 0:04:23, Estimated time left: 0:08:51
2025-01-29 15:16:09,246 - INFO - Trial: 26/100, Epoch: 6/15, Val loss: 0.0904, Elapsed time: 0:05:20, Estimated time left: 0:08:31
2025-01-29 15:17:06,283 - INFO - Trial: 26/100, Epoch: 7/15, Val loss: 0.0896, Elapsed time: 0:06:17, Estimated time left: 0:07:36
2025-01-29 15:18:03,197 - INFO - Trial: 26/100, Epoch: 8/15, Val loss: 0.0887, Elapsed time: 0:07:14, Estimated time left: 0:06:38
2025-01-29 15:19:00,569 - INFO - Trial: 26/100, Epoch: 9/15, Val loss: 0.0887, Elapsed time: 0:08:11, Estimated time left: 0:05:44
2025-01-29 15:19:57,608 - INFO - Trial: 26/100, Epoch: 10/15, Val loss: 0.0884, Elapsed time: 0:09:08, Estimated time left: 0:04:45
2025-01-29 15:20:54,939 - INFO - Trial: 26/100, Epoch: 11/15, Val loss: 0.0883, Elapsed time: 0:10:05, Estimated time left: 0:03:49
2025-01-29 15:21:52,328 - INFO - Trial: 26/100, Epoch: 12/15, Val loss: 0.0887, Elapsed time: 0:11:03, Estimated time left: 0:02:52
2025-01-29 15:22:49,661 - INFO - Trial: 26/100, Epoch: 13/15, Val loss: 0.0889, Elapsed time: 0:12:00, Estimated time left: 0:01:54
2025-01-29 15:23:47,138 - INFO - Trial: 26/100, Epoch: 14/15, Val loss: 0.0884, Elapsed time: 0:12:58, Estimated time left: 0:00:57
2025-01-29 15:24:44,748 - INFO - Trial: 26/100, Epoch: 15/15, Val loss: 0.0883, Elapsed time: 0:13:55, Estimated time left: 0:00:00
2025-01-29 15:24:44,749 - INFO - Trial 25 finished with value: 0.08834327790527872 and parameters: {'hidden_layers': 4, 'n_units_l': 4, 'lr': 0.00045944756969598476, 'batch_size': 21}. Best is trial 24 with value: 0.0008691317327207799.
2025-01-29 15:24:44,751 - INFO - Elapsed time: 13660.34 seconds
2025-01-29 15:24:44,751 - INFO - Estimated time left: 0.00 seconds
2025-01-29 15:25:23,755 - INFO - Trial: 27/100, Epoch: 1/15, Val loss: 0.0399, Elapsed time: 0:00:38, Estimated time left: 0:09:05
2025-01-29 15:26:01,204 - INFO - Trial: 27/100, Epoch: 2/15, Val loss: 0.0022, Elapsed time: 0:01:16, Estimated time left: 0:08:06
2025-01-29 15:26:38,853 - INFO - Trial: 27/100, Epoch: 3/15, Val loss: 0.0025, Elapsed time: 0:01:54, Estimated time left: 0:07:31
2025-01-29 15:27:15,963 - INFO - Trial: 27/100, Epoch: 4/15, Val loss: 0.0016, Elapsed time: 0:02:31, Estimated time left: 0:06:48
2025-01-29 15:27:53,799 - INFO - Trial: 27/100, Epoch: 5/15, Val loss: 0.0018, Elapsed time: 0:03:09, Estimated time left: 0:06:18
2025-01-29 15:28:30,907 - INFO - Trial: 27/100, Epoch: 6/15, Val loss: 0.0012, Elapsed time: 0:03:46, Estimated time left: 0:05:33
2025-01-29 15:29:08,718 - INFO - Trial: 27/100, Epoch: 7/15, Val loss: 0.0012, Elapsed time: 0:04:23, Estimated time left: 0:05:02
2025-01-29 15:29:45,935 - INFO - Trial: 27/100, Epoch: 8/15, Val loss: 0.0012, Elapsed time: 0:05:01, Estimated time left: 0:04:20
2025-01-29 15:30:23,637 - INFO - Trial: 27/100, Epoch: 9/15, Val loss: 0.0011, Elapsed time: 0:05:38, Estimated time left: 0:03:46
2025-01-29 15:31:01,335 - INFO - Trial: 27/100, Epoch: 10/15, Val loss: 0.0011, Elapsed time: 0:06:16, Estimated time left: 0:03:08
2025-01-29 15:31:38,511 - INFO - Trial: 27/100, Epoch: 11/15, Val loss: 0.0009, Elapsed time: 0:06:53, Estimated time left: 0:02:28
2025-01-29 15:32:15,850 - INFO - Trial: 27/100, Epoch: 12/15, Val loss: 0.0010, Elapsed time: 0:07:31, Estimated time left: 0:01:52
2025-01-29 15:32:53,473 - INFO - Trial: 27/100, Epoch: 13/15, Val loss: 0.0013, Elapsed time: 0:08:08, Estimated time left: 0:01:15
2025-01-29 15:33:30,971 - INFO - Trial: 27/100, Epoch: 14/15, Val loss: 0.0009, Elapsed time: 0:08:46, Estimated time left: 0:00:37
2025-01-29 15:34:08,379 - INFO - Trial: 27/100, Epoch: 15/15, Val loss: 0.0010, Elapsed time: 0:09:23, Estimated time left: 0:00:00
