2025-01-18 17:18:08,774 - INFO - Is CUDA supported by this system?  True
2025-01-18 17:18:08,775 - INFO - Device: cuda
2025-01-18 17:18:09,368 - INFO - A new study created in memory with name: no-name-28930c82-17b7-42ed-a5f2-f4262efb533f
2025-01-18 17:18:59,743 - INFO - Trial: 1/100, Epoch: 1/10, Val loss: 0.1639, Elapsed time: 0:00:49, Estimated time left: 0:07:21
2025-01-18 17:19:44,081 - INFO - Trial: 1/100, Epoch: 2/10, Val loss: 0.0357, Elapsed time: 0:01:33, Estimated time left: 0:05:54
2025-01-18 17:20:29,036 - INFO - Trial: 1/100, Epoch: 3/10, Val loss: 0.0264, Elapsed time: 0:02:18, Estimated time left: 0:05:14
2025-01-18 17:21:13,096 - INFO - Trial: 1/100, Epoch: 4/10, Val loss: 0.0254, Elapsed time: 0:03:02, Estimated time left: 0:04:24
2025-01-18 17:21:56,471 - INFO - Trial: 1/100, Epoch: 5/10, Val loss: 0.0251, Elapsed time: 0:03:45, Estimated time left: 0:03:36
2025-01-18 17:22:40,121 - INFO - Trial: 1/100, Epoch: 6/10, Val loss: 0.0253, Elapsed time: 0:04:29, Estimated time left: 0:02:54
2025-01-18 17:23:23,535 - INFO - Trial: 1/100, Epoch: 7/10, Val loss: 0.0241, Elapsed time: 0:05:12, Estimated time left: 0:02:10
2025-01-18 17:24:07,434 - INFO - Trial: 1/100, Epoch: 8/10, Val loss: 0.0209, Elapsed time: 0:05:56, Estimated time left: 0:01:27
2025-01-18 17:24:50,987 - INFO - Trial: 1/100, Epoch: 9/10, Val loss: 0.0197, Elapsed time: 0:06:40, Estimated time left: 0:00:43
2025-01-18 17:25:34,381 - INFO - Trial: 1/100, Epoch: 10/10, Val loss: 0.0195, Elapsed time: 0:07:23, Estimated time left: 0:00:00
2025-01-18 17:25:34,386 - INFO - Trial 0 finished with value: 0.019496927576184115 and parameters: {'hidden_layers': 7, 'n_units_l': 10, 'lr': 0.00022819074126667393, 'batch_size': 26}. Best is trial 0 with value: 0.019496927576184115.
2025-01-18 17:25:34,387 - INFO - Elapsed time: 445.02 seconds
2025-01-18 17:25:34,388 - INFO - Estimated time left: 0.00 seconds
2025-01-18 17:25:48,002 - INFO - Trial: 2/100, Epoch: 1/10, Val loss: 0.1247, Elapsed time: 0:00:13, Estimated time left: 0:02:02
2025-01-18 17:26:00,631 - INFO - Trial: 2/100, Epoch: 2/10, Val loss: 0.0139, Elapsed time: 0:00:26, Estimated time left: 0:01:41
2025-01-18 17:26:13,248 - INFO - Trial: 2/100, Epoch: 3/10, Val loss: 0.0048, Elapsed time: 0:00:38, Estimated time left: 0:01:28
2025-01-18 17:26:25,892 - INFO - Trial: 2/100, Epoch: 4/10, Val loss: 0.0041, Elapsed time: 0:00:51, Estimated time left: 0:01:15
2025-01-18 17:26:38,513 - INFO - Trial: 2/100, Epoch: 5/10, Val loss: 0.0038, Elapsed time: 0:01:04, Estimated time left: 0:01:03
2025-01-18 17:26:51,127 - INFO - Trial: 2/100, Epoch: 6/10, Val loss: 0.0035, Elapsed time: 0:01:16, Estimated time left: 0:00:50
2025-01-18 17:27:03,727 - INFO - Trial: 2/100, Epoch: 7/10, Val loss: 0.0030, Elapsed time: 0:01:29, Estimated time left: 0:00:37
2025-01-18 17:27:16,352 - INFO - Trial: 2/100, Epoch: 8/10, Val loss: 0.0028, Elapsed time: 0:01:41, Estimated time left: 0:00:25
2025-01-18 17:27:29,418 - INFO - Trial: 2/100, Epoch: 9/10, Val loss: 0.0028, Elapsed time: 0:01:55, Estimated time left: 0:00:13
2025-01-18 17:27:42,049 - INFO - Trial: 2/100, Epoch: 10/10, Val loss: 0.0028, Elapsed time: 0:02:07, Estimated time left: 0:00:00
2025-01-18 17:27:42,051 - INFO - Trial 1 finished with value: 0.0027584462995953888 and parameters: {'hidden_layers': 3, 'n_units_l': 37, 'lr': 0.0002039520817541256, 'batch_size': 81}. Best is trial 1 with value: 0.0027584462995953888.
2025-01-18 17:27:42,053 - INFO - Elapsed time: 572.68 seconds
2025-01-18 17:27:42,053 - INFO - Estimated time left: 0.00 seconds
2025-01-18 17:27:55,003 - INFO - Trial: 3/100, Epoch: 1/10, Val loss: 0.1699, Elapsed time: 0:00:12, Estimated time left: 0:01:56
2025-01-18 17:28:07,446 - INFO - Trial: 3/100, Epoch: 2/10, Val loss: 0.1651, Elapsed time: 0:00:25, Estimated time left: 0:01:39
2025-01-18 17:28:19,892 - INFO - Trial: 3/100, Epoch: 3/10, Val loss: 0.1650, Elapsed time: 0:00:37, Estimated time left: 0:01:27
2025-01-18 17:28:32,307 - INFO - Trial: 3/100, Epoch: 4/10, Val loss: 0.1656, Elapsed time: 0:00:50, Estimated time left: 0:01:14
2025-01-18 17:28:44,783 - INFO - Trial: 3/100, Epoch: 5/10, Val loss: 0.1656, Elapsed time: 0:01:02, Estimated time left: 0:01:02
2025-01-18 17:28:57,228 - INFO - Trial: 3/100, Epoch: 6/10, Val loss: 0.1639, Elapsed time: 0:01:15, Estimated time left: 0:00:49
2025-01-18 17:29:09,671 - INFO - Trial: 3/100, Epoch: 7/10, Val loss: 0.1651, Elapsed time: 0:01:27, Estimated time left: 0:00:37
2025-01-18 17:29:22,088 - INFO - Trial: 3/100, Epoch: 8/10, Val loss: 0.1661, Elapsed time: 0:01:40, Estimated time left: 0:00:24
2025-01-18 17:29:34,517 - INFO - Trial: 3/100, Epoch: 9/10, Val loss: 0.1640, Elapsed time: 0:01:52, Estimated time left: 0:00:12
2025-01-18 17:29:46,961 - INFO - Trial: 3/100, Epoch: 10/10, Val loss: 0.1642, Elapsed time: 0:02:04, Estimated time left: 0:00:00
2025-01-18 17:29:46,964 - INFO - Trial 2 finished with value: 0.16418436918854046 and parameters: {'hidden_layers': 6, 'n_units_l': 17, 'lr': 0.05394216195321195, 'batch_size': 112}. Best is trial 1 with value: 0.0027584462995953888.
2025-01-18 17:29:46,965 - INFO - Elapsed time: 697.60 seconds
2025-01-18 17:29:46,966 - INFO - Estimated time left: 0.00 seconds
2025-01-18 17:29:54,932 - INFO - Trial: 4/100, Epoch: 1/10, Val loss: 1.6747, Elapsed time: 0:00:07, Estimated time left: 0:01:11
2025-01-18 17:30:02,697 - INFO - Trial: 4/100, Epoch: 2/10, Val loss: 0.5213, Elapsed time: 0:00:15, Estimated time left: 0:01:02
2025-01-18 17:30:10,428 - INFO - Trial: 4/100, Epoch: 3/10, Val loss: 0.1782, Elapsed time: 0:00:23, Estimated time left: 0:00:54
2025-01-18 17:30:18,151 - INFO - Trial: 4/100, Epoch: 4/10, Val loss: 0.1534, Elapsed time: 0:00:31, Estimated time left: 0:00:46
2025-01-18 17:30:25,884 - INFO - Trial: 4/100, Epoch: 5/10, Val loss: 0.1370, Elapsed time: 0:00:38, Estimated time left: 0:00:38
2025-01-18 17:30:33,611 - INFO - Trial: 4/100, Epoch: 6/10, Val loss: 0.1225, Elapsed time: 0:00:46, Estimated time left: 0:00:30
2025-01-18 17:30:41,313 - INFO - Trial: 4/100, Epoch: 7/10, Val loss: 0.1075, Elapsed time: 0:00:54, Estimated time left: 0:00:23
2025-01-18 17:30:49,051 - INFO - Trial: 4/100, Epoch: 8/10, Val loss: 0.0949, Elapsed time: 0:01:02, Estimated time left: 0:00:15
2025-01-18 17:30:56,796 - INFO - Trial: 4/100, Epoch: 9/10, Val loss: 0.0859, Elapsed time: 0:01:09, Estimated time left: 0:00:07
2025-01-18 17:31:04,538 - INFO - Trial: 4/100, Epoch: 10/10, Val loss: 0.0797, Elapsed time: 0:01:17, Estimated time left: 0:00:00
2025-01-18 17:31:04,540 - INFO - Trial 3 finished with value: 0.07966924985957673 and parameters: {'hidden_layers': 5, 'n_units_l': 12, 'lr': 1.83244794700571e-05, 'batch_size': 246}. Best is trial 1 with value: 0.0027584462995953888.
2025-01-18 17:31:04,542 - INFO - Elapsed time: 775.17 seconds
2025-01-18 17:31:04,542 - INFO - Estimated time left: 0.00 seconds
2025-01-18 17:31:27,813 - INFO - Trial: 5/100, Epoch: 1/10, Val loss: 0.3527, Elapsed time: 0:00:23, Estimated time left: 0:03:29
2025-01-18 17:31:51,802 - INFO - Trial: 5/100, Epoch: 2/10, Val loss: 0.1433, Elapsed time: 0:00:47, Estimated time left: 0:03:11
2025-01-18 17:32:15,768 - INFO - Trial: 5/100, Epoch: 3/10, Val loss: 0.1114, Elapsed time: 0:01:11, Estimated time left: 0:02:47
2025-01-18 17:32:39,792 - INFO - Trial: 5/100, Epoch: 4/10, Val loss: 0.0908, Elapsed time: 0:01:35, Estimated time left: 0:02:24
2025-01-18 17:33:03,804 - INFO - Trial: 5/100, Epoch: 5/10, Val loss: 0.0808, Elapsed time: 0:01:59, Estimated time left: 0:02:00
2025-01-18 17:33:27,811 - INFO - Trial: 5/100, Epoch: 6/10, Val loss: 0.0766, Elapsed time: 0:02:23, Estimated time left: 0:01:36
2025-01-18 17:33:51,863 - INFO - Trial: 5/100, Epoch: 7/10, Val loss: 0.0739, Elapsed time: 0:02:47, Estimated time left: 0:01:12
2025-01-18 17:34:15,895 - INFO - Trial: 5/100, Epoch: 8/10, Val loss: 0.0713, Elapsed time: 0:03:11, Estimated time left: 0:00:48
2025-01-18 17:34:39,912 - INFO - Trial: 5/100, Epoch: 9/10, Val loss: 0.0684, Elapsed time: 0:03:35, Estimated time left: 0:00:24
2025-01-18 17:35:03,926 - INFO - Trial: 5/100, Epoch: 10/10, Val loss: 0.0647, Elapsed time: 0:03:59, Estimated time left: 0:00:00
2025-01-18 17:35:03,929 - INFO - Trial 4 finished with value: 0.06472598047234444 and parameters: {'hidden_layers': 2, 'n_units_l': 8, 'lr': 2.6458385950861216e-05, 'batch_size': 33}. Best is trial 1 with value: 0.0027584462995953888.
2025-01-18 17:35:03,930 - INFO - Elapsed time: 1014.56 seconds
2025-01-18 17:35:03,931 - INFO - Estimated time left: 0.00 seconds
2025-01-18 17:36:21,438 - INFO - Trial: 6/100, Epoch: 1/10, Val loss: 0.1641, Elapsed time: 0:01:17, Estimated time left: 0:11:37
2025-01-18 17:37:31,282 - INFO - Trial: 6/100, Epoch: 2/10, Val loss: 0.1639, Elapsed time: 0:02:27, Estimated time left: 0:09:18
2025-01-18 17:38:41,117 - INFO - Trial: 6/100, Epoch: 3/10, Val loss: 0.1653, Elapsed time: 0:03:37, Estimated time left: 0:08:08
2025-01-18 17:39:50,999 - INFO - Trial: 6/100, Epoch: 4/10, Val loss: 0.1653, Elapsed time: 0:04:47, Estimated time left: 0:06:59
2025-01-18 17:41:00,865 - INFO - Trial: 6/100, Epoch: 5/10, Val loss: 0.1640, Elapsed time: 0:05:56, Estimated time left: 0:05:49
2025-01-18 17:42:11,002 - INFO - Trial: 6/100, Epoch: 6/10, Val loss: 0.1654, Elapsed time: 0:07:07, Estimated time left: 0:04:40
2025-01-18 17:43:21,280 - INFO - Trial: 6/100, Epoch: 7/10, Val loss: 0.1641, Elapsed time: 0:08:17, Estimated time left: 0:03:30
2025-01-18 17:44:31,196 - INFO - Trial: 6/100, Epoch: 8/10, Val loss: 0.1640, Elapsed time: 0:09:27, Estimated time left: 0:02:19
2025-01-18 17:45:41,104 - INFO - Trial: 6/100, Epoch: 9/10, Val loss: 0.1639, Elapsed time: 0:10:37, Estimated time left: 0:01:09
2025-01-18 17:46:50,987 - INFO - Trial: 6/100, Epoch: 10/10, Val loss: 0.1639, Elapsed time: 0:11:47, Estimated time left: 0:00:00
2025-01-18 17:46:50,989 - INFO - Trial 5 finished with value: 0.163923299466593 and parameters: {'hidden_layers': 8, 'n_units_l': 6, 'lr': 0.0158483019946059, 'batch_size': 17}. Best is trial 1 with value: 0.0027584462995953888.
2025-01-18 17:46:50,991 - INFO - Elapsed time: 1721.62 seconds
2025-01-18 17:46:50,991 - INFO - Estimated time left: 0.00 seconds
2025-01-18 17:47:12,101 - INFO - Trial: 7/100, Epoch: 1/10, Val loss: 0.1640, Elapsed time: 0:00:21, Estimated time left: 0:03:09
2025-01-18 17:47:31,713 - INFO - Trial: 7/100, Epoch: 2/10, Val loss: 0.1639, Elapsed time: 0:00:40, Estimated time left: 0:02:36
2025-01-18 17:47:51,322 - INFO - Trial: 7/100, Epoch: 3/10, Val loss: 0.1639, Elapsed time: 0:01:00, Estimated time left: 0:02:17
2025-01-18 17:48:10,984 - INFO - Trial: 7/100, Epoch: 4/10, Val loss: 0.1639, Elapsed time: 0:01:19, Estimated time left: 0:01:57
2025-01-18 17:48:30,797 - INFO - Trial: 7/100, Epoch: 5/10, Val loss: 0.1639, Elapsed time: 0:01:39, Estimated time left: 0:01:39
2025-01-18 17:48:50,439 - INFO - Trial: 7/100, Epoch: 6/10, Val loss: 0.1639, Elapsed time: 0:01:59, Estimated time left: 0:01:18
2025-01-18 17:49:10,216 - INFO - Trial: 7/100, Epoch: 7/10, Val loss: 0.1639, Elapsed time: 0:02:19, Estimated time left: 0:00:59
2025-01-18 17:49:29,887 - INFO - Trial: 7/100, Epoch: 8/10, Val loss: 0.1640, Elapsed time: 0:02:38, Estimated time left: 0:00:39
2025-01-18 17:49:49,567 - INFO - Trial: 7/100, Epoch: 9/10, Val loss: 0.1639, Elapsed time: 0:02:58, Estimated time left: 0:00:19
2025-01-18 17:50:09,255 - INFO - Trial: 7/100, Epoch: 10/10, Val loss: 0.1639, Elapsed time: 0:03:18, Estimated time left: 0:00:00
2025-01-18 17:50:09,259 - INFO - Trial 6 finished with value: 0.16392811318964928 and parameters: {'hidden_layers': 5, 'n_units_l': 4, 'lr': 0.00035075342389262487, 'batch_size': 55}. Best is trial 1 with value: 0.0027584462995953888.
2025-01-18 17:50:09,262 - INFO - Elapsed time: 1919.89 seconds
2025-01-18 17:50:09,263 - INFO - Estimated time left: 0.00 seconds
2025-01-18 17:51:12,615 - INFO - Trial: 8/100, Epoch: 1/10, Val loss: 0.2948, Elapsed time: 0:01:03, Estimated time left: 0:09:30
2025-01-18 17:52:09,689 - INFO - Trial: 8/100, Epoch: 2/10, Val loss: 0.1613, Elapsed time: 0:02:00, Estimated time left: 0:07:36
2025-01-18 17:53:06,609 - INFO - Trial: 8/100, Epoch: 3/10, Val loss: 0.1538, Elapsed time: 0:02:57, Estimated time left: 0:06:38
2025-01-18 17:54:03,618 - INFO - Trial: 8/100, Epoch: 4/10, Val loss: 0.1400, Elapsed time: 0:03:54, Estimated time left: 0:05:42
2025-01-18 17:55:00,521 - INFO - Trial: 8/100, Epoch: 5/10, Val loss: 0.1248, Elapsed time: 0:04:51, Estimated time left: 0:04:44
2025-01-18 17:55:57,371 - INFO - Trial: 8/100, Epoch: 6/10, Val loss: 0.1127, Elapsed time: 0:05:48, Estimated time left: 0:03:47
2025-01-18 17:56:54,257 - INFO - Trial: 8/100, Epoch: 7/10, Val loss: 0.1022, Elapsed time: 0:06:44, Estimated time left: 0:02:50
2025-01-18 17:57:51,702 - INFO - Trial: 8/100, Epoch: 8/10, Val loss: 0.0858, Elapsed time: 0:07:42, Estimated time left: 0:01:54
2025-01-18 17:58:48,611 - INFO - Trial: 8/100, Epoch: 9/10, Val loss: 0.0669, Elapsed time: 0:08:39, Estimated time left: 0:00:56
2025-01-18 17:59:45,523 - INFO - Trial: 8/100, Epoch: 10/10, Val loss: 0.0581, Elapsed time: 0:09:36, Estimated time left: 0:00:00
2025-01-18 17:59:45,525 - INFO - Trial 7 finished with value: 0.05811255971645994 and parameters: {'hidden_layers': 6, 'n_units_l': 8, 'lr': 1.0209522266719528e-05, 'batch_size': 18}. Best is trial 1 with value: 0.0027584462995953888.
2025-01-18 17:59:45,527 - INFO - Elapsed time: 2496.16 seconds
2025-01-18 17:59:45,528 - INFO - Estimated time left: 0.00 seconds
2025-01-18 18:00:46,903 - INFO - Trial: 9/100, Epoch: 1/10, Val loss: 0.1639, Elapsed time: 0:01:01, Estimated time left: 0:09:12
2025-01-18 18:01:43,202 - INFO - Trial: 9/100, Epoch: 2/10, Val loss: 0.1644, Elapsed time: 0:01:57, Estimated time left: 0:07:30
2025-01-18 18:02:39,448 - INFO - Trial: 9/100, Epoch: 3/10, Val loss: 0.1657, Elapsed time: 0:02:53, Estimated time left: 0:06:33
2025-01-18 18:03:35,966 - INFO - Trial: 9/100, Epoch: 4/10, Val loss: 0.1674, Elapsed time: 0:03:50, Estimated time left: 0:05:39
2025-01-18 18:04:32,341 - INFO - Trial: 9/100, Epoch: 5/10, Val loss: 0.1647, Elapsed time: 0:04:46, Estimated time left: 0:04:41
2025-01-18 18:05:28,668 - INFO - Trial: 9/100, Epoch: 6/10, Val loss: 0.1649, Elapsed time: 0:05:43, Estimated time left: 0:03:45
2025-01-18 18:06:25,112 - INFO - Trial: 9/100, Epoch: 7/10, Val loss: 0.1643, Elapsed time: 0:06:39, Estimated time left: 0:02:49
2025-01-18 18:07:21,659 - INFO - Trial: 9/100, Epoch: 8/10, Val loss: 0.1640, Elapsed time: 0:07:36, Estimated time left: 0:01:53
2025-01-18 18:08:17,987 - INFO - Trial: 9/100, Epoch: 9/10, Val loss: 0.1645, Elapsed time: 0:08:32, Estimated time left: 0:00:56
2025-01-18 18:09:14,484 - INFO - Trial: 9/100, Epoch: 10/10, Val loss: 0.1640, Elapsed time: 0:09:28, Estimated time left: 0:00:00
2025-01-18 18:09:14,487 - INFO - Trial 8 finished with value: 0.16404770886494668 and parameters: {'hidden_layers': 6, 'n_units_l': 23, 'lr': 0.03680564240963262, 'batch_size': 18}. Best is trial 1 with value: 0.0027584462995953888.
2025-01-18 18:09:14,490 - INFO - Elapsed time: 3065.12 seconds
2025-01-18 18:09:14,490 - INFO - Estimated time left: 0.00 seconds
2025-01-18 18:09:25,856 - INFO - Trial: 10/100, Epoch: 1/10, Val loss: 0.1359, Elapsed time: 0:00:11, Estimated time left: 0:01:42
2025-01-18 18:09:37,149 - INFO - Trial: 10/100, Epoch: 2/10, Val loss: 0.0767, Elapsed time: 0:00:22, Estimated time left: 0:01:30
2025-01-18 18:09:48,349 - INFO - Trial: 10/100, Epoch: 3/10, Val loss: 0.0762, Elapsed time: 0:00:33, Estimated time left: 0:01:18
2025-01-18 18:09:59,519 - INFO - Trial: 10/100, Epoch: 4/10, Val loss: 0.0710, Elapsed time: 0:00:45, Estimated time left: 0:01:07
2025-01-18 18:10:10,730 - INFO - Trial: 10/100, Epoch: 5/10, Val loss: 0.0691, Elapsed time: 0:00:56, Estimated time left: 0:00:56
2025-01-18 18:10:21,910 - INFO - Trial: 10/100, Epoch: 6/10, Val loss: 0.0680, Elapsed time: 0:01:07, Estimated time left: 0:00:44
2025-01-18 18:10:33,094 - INFO - Trial: 10/100, Epoch: 7/10, Val loss: 0.0672, Elapsed time: 0:01:18, Estimated time left: 0:00:33
2025-01-18 18:10:44,283 - INFO - Trial: 10/100, Epoch: 8/10, Val loss: 0.0669, Elapsed time: 0:01:29, Estimated time left: 0:00:22
2025-01-18 18:10:55,459 - INFO - Trial: 10/100, Epoch: 9/10, Val loss: 0.0667, Elapsed time: 0:01:40, Estimated time left: 0:00:11
2025-01-18 18:11:06,671 - INFO - Trial: 10/100, Epoch: 10/10, Val loss: 0.0669, Elapsed time: 0:01:52, Estimated time left: 0:00:00
2025-01-18 18:11:06,674 - INFO - Trial 9 finished with value: 0.06690905846038162 and parameters: {'hidden_layers': 1, 'n_units_l': 10, 'lr': 0.0006316098655072676, 'batch_size': 74}. Best is trial 1 with value: 0.0027584462995953888.
2025-01-18 18:11:06,677 - INFO - Elapsed time: 3177.31 seconds
2025-01-18 18:11:06,677 - INFO - Estimated time left: 0.00 seconds
2025-01-18 18:11:16,023 - INFO - Trial: 11/100, Epoch: 1/10, Val loss: 0.0617, Elapsed time: 0:00:09, Estimated time left: 0:01:23
2025-01-18 18:11:24,844 - INFO - Trial: 11/100, Epoch: 2/10, Val loss: 0.0023, Elapsed time: 0:00:18, Estimated time left: 0:01:10
2025-01-18 18:11:33,688 - INFO - Trial: 11/100, Epoch: 3/10, Val loss: 0.0028, Elapsed time: 0:00:26, Estimated time left: 0:01:01
2025-01-18 18:11:42,511 - INFO - Trial: 11/100, Epoch: 4/10, Val loss: 0.0020, Elapsed time: 0:00:35, Estimated time left: 0:00:52
2025-01-18 18:11:51,400 - INFO - Trial: 11/100, Epoch: 5/10, Val loss: 0.0022, Elapsed time: 0:00:44, Estimated time left: 0:00:44
2025-01-18 18:12:00,303 - INFO - Trial: 11/100, Epoch: 6/10, Val loss: 0.0019, Elapsed time: 0:00:53, Estimated time left: 0:00:35
2025-01-18 18:12:09,175 - INFO - Trial: 11/100, Epoch: 7/10, Val loss: 0.0019, Elapsed time: 0:01:02, Estimated time left: 0:00:26
2025-01-18 18:12:17,979 - INFO - Trial: 11/100, Epoch: 8/10, Val loss: 0.0017, Elapsed time: 0:01:11, Estimated time left: 0:00:17
2025-01-18 18:12:26,818 - INFO - Trial: 11/100, Epoch: 9/10, Val loss: 0.0017, Elapsed time: 0:01:20, Estimated time left: 0:00:08
2025-01-18 18:12:35,894 - INFO - Trial: 11/100, Epoch: 10/10, Val loss: 0.0017, Elapsed time: 0:01:29, Estimated time left: 0:00:00
2025-01-18 18:12:35,897 - INFO - Trial 10 finished with value: 0.0017198827462121332 and parameters: {'hidden_layers': 3, 'n_units_l': 85, 'lr': 0.005274140339817548, 'batch_size': 153}. Best is trial 10 with value: 0.0017198827462121332.
2025-01-18 18:12:35,900 - INFO - Elapsed time: 3266.53 seconds
2025-01-18 18:12:35,900 - INFO - Estimated time left: 0.00 seconds
2025-01-18 18:12:45,018 - INFO - Trial: 12/100, Epoch: 1/10, Val loss: 0.0638, Elapsed time: 0:00:09, Estimated time left: 0:01:21
2025-01-18 18:12:53,655 - INFO - Trial: 12/100, Epoch: 2/10, Val loss: 0.0027, Elapsed time: 0:00:17, Estimated time left: 0:01:09
2025-01-18 18:13:02,259 - INFO - Trial: 12/100, Epoch: 3/10, Val loss: 0.0021, Elapsed time: 0:00:26, Estimated time left: 0:01:00
2025-01-18 18:13:10,862 - INFO - Trial: 12/100, Epoch: 4/10, Val loss: 0.0021, Elapsed time: 0:00:34, Estimated time left: 0:00:51
2025-01-18 18:13:19,448 - INFO - Trial: 12/100, Epoch: 5/10, Val loss: 0.0027, Elapsed time: 0:00:43, Estimated time left: 0:00:42
2025-01-18 18:13:28,023 - INFO - Trial: 12/100, Epoch: 6/10, Val loss: 0.0018, Elapsed time: 0:00:52, Estimated time left: 0:00:34
2025-01-18 18:13:36,635 - INFO - Trial: 12/100, Epoch: 7/10, Val loss: 0.0016, Elapsed time: 0:01:00, Estimated time left: 0:00:25
2025-01-18 18:13:45,245 - INFO - Trial: 12/100, Epoch: 8/10, Val loss: 0.0016, Elapsed time: 0:01:09, Estimated time left: 0:00:17
2025-01-18 18:13:53,838 - INFO - Trial: 12/100, Epoch: 9/10, Val loss: 0.0021, Elapsed time: 0:01:17, Estimated time left: 0:00:08
2025-01-18 18:14:02,383 - INFO - Trial: 12/100, Epoch: 10/10, Val loss: 0.0017, Elapsed time: 0:01:26, Estimated time left: 0:00:00
2025-01-18 18:14:02,385 - INFO - Trial 11 finished with value: 0.001661002629335034 and parameters: {'hidden_layers': 3, 'n_units_l': 98, 'lr': 0.0038830173842215906, 'batch_size': 158}. Best is trial 11 with value: 0.001661002629335034.
2025-01-18 18:14:02,388 - INFO - Elapsed time: 3353.02 seconds
2025-01-18 18:14:02,388 - INFO - Estimated time left: 0.00 seconds
2025-01-18 18:14:10,607 - INFO - Trial: 13/100, Epoch: 1/10, Val loss: 0.0387, Elapsed time: 0:00:08, Estimated time left: 0:01:13
2025-01-18 18:14:18,495 - INFO - Trial: 13/100, Epoch: 2/10, Val loss: 0.0030, Elapsed time: 0:00:16, Estimated time left: 0:01:03
2025-01-18 18:14:26,254 - INFO - Trial: 13/100, Epoch: 3/10, Val loss: 0.0022, Elapsed time: 0:00:23, Estimated time left: 0:00:54
2025-01-18 18:14:34,020 - INFO - Trial: 13/100, Epoch: 4/10, Val loss: 0.0022, Elapsed time: 0:00:31, Estimated time left: 0:00:46
2025-01-18 18:14:41,784 - INFO - Trial: 13/100, Epoch: 5/10, Val loss: 0.0022, Elapsed time: 0:00:39, Estimated time left: 0:00:38
2025-01-18 18:14:49,595 - INFO - Trial: 13/100, Epoch: 6/10, Val loss: 0.0020, Elapsed time: 0:00:47, Estimated time left: 0:00:31
2025-01-18 18:14:57,455 - INFO - Trial: 13/100, Epoch: 7/10, Val loss: 0.0018, Elapsed time: 0:00:55, Estimated time left: 0:00:23
2025-01-18 18:15:05,245 - INFO - Trial: 13/100, Epoch: 8/10, Val loss: 0.0016, Elapsed time: 0:01:02, Estimated time left: 0:00:15
2025-01-18 18:15:13,013 - INFO - Trial: 13/100, Epoch: 9/10, Val loss: 0.0015, Elapsed time: 0:01:10, Estimated time left: 0:00:07
2025-01-18 18:15:20,793 - INFO - Trial: 13/100, Epoch: 10/10, Val loss: 0.0014, Elapsed time: 0:01:18, Estimated time left: 0:00:00
