2025-01-18 18:40:20,562 - INFO - Trial 25 finished with value: 0.0016961721752680413 and parameters: {'hidden_layers': 2, 'n_units_l': 172, 'lr': 0.0001125644005989216, 'batch_size': 197}. Best is trial 22 with value: 0.000931663012376335.
2025-01-18 18:40:20,566 - INFO - Elapsed time: 4931.19 seconds
2025-01-18 18:40:20,567 - INFO - Estimated time left: 0.00 seconds
2025-01-18 18:40:32,843 - INFO - Trial: 27/100, Epoch: 1/10, Val loss: 0.1644, Elapsed time: 0:00:12, Estimated time left: 0:01:50
2025-01-18 18:40:44,005 - INFO - Trial: 27/100, Epoch: 2/10, Val loss: 0.1665, Elapsed time: 0:00:23, Estimated time left: 0:01:29
2025-01-18 18:40:54,936 - INFO - Trial: 27/100, Epoch: 3/10, Val loss: 0.1689, Elapsed time: 0:00:34, Estimated time left: 0:01:16
2025-01-18 18:41:05,489 - INFO - Trial: 27/100, Epoch: 4/10, Val loss: 0.1686, Elapsed time: 0:00:44, Estimated time left: 0:01:03
2025-01-18 18:41:16,026 - INFO - Trial: 27/100, Epoch: 5/10, Val loss: 0.1645, Elapsed time: 0:00:55, Estimated time left: 0:00:52
2025-01-18 18:41:26,617 - INFO - Trial: 27/100, Epoch: 6/10, Val loss: 0.1643, Elapsed time: 0:01:06, Estimated time left: 0:00:42
2025-01-18 18:41:37,182 - INFO - Trial: 27/100, Epoch: 7/10, Val loss: 0.1644, Elapsed time: 0:01:16, Estimated time left: 0:00:31
2025-01-18 18:41:48,423 - INFO - Trial: 27/100, Epoch: 8/10, Val loss: 0.1650, Elapsed time: 0:01:27, Estimated time left: 0:00:22
2025-01-18 18:42:00,083 - INFO - Trial: 27/100, Epoch: 9/10, Val loss: 0.1641, Elapsed time: 0:01:39, Estimated time left: 0:00:11
2025-01-18 18:42:11,335 - INFO - Trial: 27/100, Epoch: 10/10, Val loss: 0.1655, Elapsed time: 0:01:50, Estimated time left: 0:00:00
2025-01-18 18:42:11,337 - INFO - Trial 26 finished with value: 0.16549151304594062 and parameters: {'hidden_layers': 4, 'n_units_l': 67, 'lr': 0.09819081046994468, 'batch_size': 133}. Best is trial 22 with value: 0.000931663012376335.
2025-01-18 18:42:11,342 - INFO - Elapsed time: 5041.97 seconds
2025-01-18 18:42:11,342 - INFO - Estimated time left: 0.00 seconds
2025-01-18 18:42:28,285 - INFO - Trial: 28/100, Epoch: 1/10, Val loss: 0.0507, Elapsed time: 0:00:16, Estimated time left: 0:02:32
2025-01-18 18:42:44,695 - INFO - Trial: 28/100, Epoch: 2/10, Val loss: 0.0041, Elapsed time: 0:00:33, Estimated time left: 0:02:11
2025-01-18 18:43:00,672 - INFO - Trial: 28/100, Epoch: 3/10, Val loss: 0.0027, Elapsed time: 0:00:49, Estimated time left: 0:01:51
2025-01-18 18:43:16,905 - INFO - Trial: 28/100, Epoch: 4/10, Val loss: 0.0021, Elapsed time: 0:01:05, Estimated time left: 0:01:37
2025-01-18 18:43:34,057 - INFO - Trial: 28/100, Epoch: 5/10, Val loss: 0.0014, Elapsed time: 0:01:22, Estimated time left: 0:01:25
2025-01-18 18:43:51,823 - INFO - Trial: 28/100, Epoch: 6/10, Val loss: 0.0014, Elapsed time: 0:01:40, Estimated time left: 0:01:11
2025-01-18 18:44:07,995 - INFO - Trial: 28/100, Epoch: 7/10, Val loss: 0.0013, Elapsed time: 0:01:56, Estimated time left: 0:00:48
2025-01-18 18:44:24,022 - INFO - Trial: 28/100, Epoch: 8/10, Val loss: 0.0013, Elapsed time: 0:02:12, Estimated time left: 0:00:32
2025-01-18 18:44:40,071 - INFO - Trial: 28/100, Epoch: 9/10, Val loss: 0.0011, Elapsed time: 0:02:28, Estimated time left: 0:00:16
2025-01-18 18:44:56,000 - INFO - Trial: 28/100, Epoch: 10/10, Val loss: 0.0011, Elapsed time: 0:02:44, Estimated time left: 0:00:00
2025-01-18 18:44:56,002 - INFO - Trial 27 finished with value: 0.0011339139885497122 and parameters: {'hidden_layers': 6, 'n_units_l': 254, 'lr': 0.0022152850981091905, 'batch_size': 94}. Best is trial 22 with value: 0.000931663012376335.
2025-01-18 18:44:56,007 - INFO - Elapsed time: 5206.63 seconds
2025-01-18 18:44:56,007 - INFO - Estimated time left: 0.00 seconds
2025-01-18 18:45:24,487 - INFO - Trial: 29/100, Epoch: 1/10, Val loss: 0.0760, Elapsed time: 0:00:28, Estimated time left: 0:04:16
2025-01-18 18:45:50,658 - INFO - Trial: 29/100, Epoch: 2/10, Val loss: 0.0031, Elapsed time: 0:00:54, Estimated time left: 0:03:29
2025-01-18 18:46:16,777 - INFO - Trial: 29/100, Epoch: 3/10, Val loss: 0.0021, Elapsed time: 0:01:20, Estimated time left: 0:03:02
2025-01-18 18:46:42,932 - INFO - Trial: 29/100, Epoch: 4/10, Val loss: 0.0018, Elapsed time: 0:01:46, Estimated time left: 0:02:36
2025-01-18 18:47:09,147 - INFO - Trial: 29/100, Epoch: 5/10, Val loss: 0.0019, Elapsed time: 0:02:13, Estimated time left: 0:02:11
2025-01-18 18:47:35,325 - INFO - Trial: 29/100, Epoch: 6/10, Val loss: 0.0017, Elapsed time: 0:02:39, Estimated time left: 0:01:44
2025-01-18 18:48:01,130 - INFO - Trial: 29/100, Epoch: 7/10, Val loss: 0.0015, Elapsed time: 0:03:05, Estimated time left: 0:01:17
2025-01-18 18:48:27,309 - INFO - Trial: 29/100, Epoch: 8/10, Val loss: 0.0014, Elapsed time: 0:03:31, Estimated time left: 0:00:52
2025-01-18 18:48:53,551 - INFO - Trial: 29/100, Epoch: 9/10, Val loss: 0.0014, Elapsed time: 0:03:57, Estimated time left: 0:00:26
2025-01-18 18:49:19,748 - INFO - Trial: 29/100, Epoch: 10/10, Val loss: 0.0012, Elapsed time: 0:04:23, Estimated time left: 0:00:00
2025-01-18 18:49:19,750 - INFO - Trial 28 finished with value: 0.0012004417629094726 and parameters: {'hidden_layers': 5, 'n_units_l': 117, 'lr': 0.0005741775209523131, 'batch_size': 41}. Best is trial 22 with value: 0.000931663012376335.
2025-01-18 18:49:19,755 - INFO - Elapsed time: 5470.38 seconds
2025-01-18 18:49:19,755 - INFO - Estimated time left: 0.00 seconds
2025-01-18 18:49:30,731 - INFO - Trial: 30/100, Epoch: 1/10, Val loss: 0.1641, Elapsed time: 0:00:10, Estimated time left: 0:01:38
2025-01-18 18:49:41,019 - INFO - Trial: 30/100, Epoch: 2/10, Val loss: 0.0030, Elapsed time: 0:00:21, Estimated time left: 0:01:22
2025-01-18 18:49:51,247 - INFO - Trial: 30/100, Epoch: 3/10, Val loss: 0.0023, Elapsed time: 0:00:31, Estimated time left: 0:01:11
2025-01-18 18:50:01,414 - INFO - Trial: 30/100, Epoch: 4/10, Val loss: 0.0030, Elapsed time: 0:00:41, Estimated time left: 0:01:01
2025-01-18 18:50:11,658 - INFO - Trial: 30/100, Epoch: 5/10, Val loss: 0.0020, Elapsed time: 0:00:51, Estimated time left: 0:00:51
2025-01-18 18:50:21,819 - INFO - Trial: 30/100, Epoch: 6/10, Val loss: 0.0020, Elapsed time: 0:01:02, Estimated time left: 0:00:40
2025-01-18 18:50:32,035 - INFO - Trial: 30/100, Epoch: 7/10, Val loss: 0.0021, Elapsed time: 0:01:12, Estimated time left: 0:00:30
2025-01-18 18:50:42,208 - INFO - Trial: 30/100, Epoch: 8/10, Val loss: 0.0023, Elapsed time: 0:01:22, Estimated time left: 0:00:20
2025-01-18 18:50:52,436 - INFO - Trial: 30/100, Epoch: 9/10, Val loss: 0.0018, Elapsed time: 0:01:32, Estimated time left: 0:00:10
2025-01-18 18:51:02,580 - INFO - Trial: 30/100, Epoch: 10/10, Val loss: 0.0018, Elapsed time: 0:01:42, Estimated time left: 0:00:00
2025-01-18 18:51:02,582 - INFO - Trial 29 finished with value: 0.0017944910506934768 and parameters: {'hidden_layers': 7, 'n_units_l': 182, 'lr': 0.007874854241372563, 'batch_size': 185}. Best is trial 22 with value: 0.000931663012376335.
2025-01-18 18:51:02,588 - INFO - Elapsed time: 5573.21 seconds
2025-01-18 18:51:02,588 - INFO - Estimated time left: 0.00 seconds
2025-01-18 18:51:11,262 - INFO - Trial: 31/100, Epoch: 1/10, Val loss: 0.1691, Elapsed time: 0:00:08, Estimated time left: 0:01:17
2025-01-18 18:51:19,572 - INFO - Trial: 31/100, Epoch: 2/10, Val loss: 0.0058, Elapsed time: 0:00:16, Estimated time left: 0:01:06
2025-01-18 18:51:28,040 - INFO - Trial: 31/100, Epoch: 3/10, Val loss: 0.0036, Elapsed time: 0:00:25, Estimated time left: 0:00:59
2025-01-18 18:51:36,481 - INFO - Trial: 31/100, Epoch: 4/10, Val loss: 0.0031, Elapsed time: 0:00:33, Estimated time left: 0:00:50
2025-01-18 18:51:44,905 - INFO - Trial: 31/100, Epoch: 5/10, Val loss: 0.0026, Elapsed time: 0:00:42, Estimated time left: 0:00:42
2025-01-18 18:51:53,351 - INFO - Trial: 31/100, Epoch: 6/10, Val loss: 0.0027, Elapsed time: 0:00:50, Estimated time left: 0:00:33
2025-01-18 18:52:01,801 - INFO - Trial: 31/100, Epoch: 7/10, Val loss: 0.0025, Elapsed time: 0:00:59, Estimated time left: 0:00:25
2025-01-18 18:52:10,252 - INFO - Trial: 31/100, Epoch: 8/10, Val loss: 0.0021, Elapsed time: 0:01:07, Estimated time left: 0:00:16
2025-01-18 18:52:18,673 - INFO - Trial: 31/100, Epoch: 9/10, Val loss: 0.0020, Elapsed time: 0:01:16, Estimated time left: 0:00:08
2025-01-18 18:52:27,114 - INFO - Trial: 31/100, Epoch: 10/10, Val loss: 0.0019, Elapsed time: 0:01:24, Estimated time left: 0:00:00
2025-01-18 18:52:27,116 - INFO - Trial 30 finished with value: 0.0019470700593956281 and parameters: {'hidden_layers': 7, 'n_units_l': 50, 'lr': 0.00028486087626387874, 'batch_size': 250}. Best is trial 22 with value: 0.000931663012376335.
2025-01-18 18:52:27,122 - INFO - Elapsed time: 5657.75 seconds
2025-01-18 18:52:27,122 - INFO - Estimated time left: 0.00 seconds
2025-01-18 18:52:38,306 - INFO - Trial: 32/100, Epoch: 1/10, Val loss: 0.0361, Elapsed time: 0:00:11, Estimated time left: 0:01:40
2025-01-18 18:52:49,305 - INFO - Trial: 32/100, Epoch: 2/10, Val loss: 0.0026, Elapsed time: 0:00:22, Estimated time left: 0:01:27
2025-01-18 18:53:00,426 - INFO - Trial: 32/100, Epoch: 3/10, Val loss: 0.0019, Elapsed time: 0:00:33, Estimated time left: 0:01:17
2025-01-18 18:53:11,575 - INFO - Trial: 32/100, Epoch: 4/10, Val loss: 0.0017, Elapsed time: 0:00:44, Estimated time left: 0:01:06
2025-01-18 18:53:22,669 - INFO - Trial: 32/100, Epoch: 5/10, Val loss: 0.0014, Elapsed time: 0:00:55, Estimated time left: 0:00:55
2025-01-18 18:53:33,771 - INFO - Trial: 32/100, Epoch: 6/10, Val loss: 0.0013, Elapsed time: 0:01:06, Estimated time left: 0:00:44
2025-01-18 18:53:44,894 - INFO - Trial: 32/100, Epoch: 7/10, Val loss: 0.0012, Elapsed time: 0:01:17, Estimated time left: 0:00:33
2025-01-18 18:53:55,963 - INFO - Trial: 32/100, Epoch: 8/10, Val loss: 0.0011, Elapsed time: 0:01:28, Estimated time left: 0:00:22
2025-01-18 18:54:07,033 - INFO - Trial: 32/100, Epoch: 9/10, Val loss: 0.0011, Elapsed time: 0:01:39, Estimated time left: 0:00:11
2025-01-18 18:54:18,066 - INFO - Trial: 32/100, Epoch: 10/10, Val loss: 0.0010, Elapsed time: 0:01:50, Estimated time left: 0:00:00
2025-01-18 18:54:18,068 - INFO - Trial 31 finished with value: 0.001016266927376335 and parameters: {'hidden_layers': 4, 'n_units_l': 199, 'lr': 0.0021278663295275896, 'batch_size': 133}. Best is trial 22 with value: 0.000931663012376335.
2025-01-18 18:54:18,074 - INFO - Elapsed time: 5768.70 seconds
2025-01-18 18:54:18,074 - INFO - Estimated time left: 0.00 seconds
2025-01-18 18:54:29,312 - INFO - Trial: 33/100, Epoch: 1/10, Val loss: 0.0442, Elapsed time: 0:00:11, Estimated time left: 0:01:40
2025-01-18 18:54:40,426 - INFO - Trial: 33/100, Epoch: 2/10, Val loss: 0.0023, Elapsed time: 0:00:22, Estimated time left: 0:01:28
2025-01-18 18:54:51,566 - INFO - Trial: 33/100, Epoch: 3/10, Val loss: 0.0019, Elapsed time: 0:00:33, Estimated time left: 0:01:17
2025-01-18 18:55:02,757 - INFO - Trial: 33/100, Epoch: 4/10, Val loss: 0.0017, Elapsed time: 0:00:44, Estimated time left: 0:01:07
2025-01-18 18:55:13,965 - INFO - Trial: 33/100, Epoch: 5/10, Val loss: 0.0020, Elapsed time: 0:00:55, Estimated time left: 0:00:56
2025-01-18 18:55:25,126 - INFO - Trial: 33/100, Epoch: 6/10, Val loss: 0.0014, Elapsed time: 0:01:07, Estimated time left: 0:00:44
2025-01-18 18:55:36,207 - INFO - Trial: 33/100, Epoch: 7/10, Val loss: 0.0012, Elapsed time: 0:01:18, Estimated time left: 0:00:33
2025-01-18 18:55:47,323 - INFO - Trial: 33/100, Epoch: 8/10, Val loss: 0.0011, Elapsed time: 0:01:29, Estimated time left: 0:00:22
2025-01-18 18:55:58,432 - INFO - Trial: 33/100, Epoch: 9/10, Val loss: 0.0010, Elapsed time: 0:01:40, Estimated time left: 0:00:11
2025-01-18 18:56:09,517 - INFO - Trial: 33/100, Epoch: 10/10, Val loss: 0.0012, Elapsed time: 0:01:51, Estimated time left: 0:00:00
2025-01-18 18:56:09,519 - INFO - Trial 32 finished with value: 0.0012308530361527421 and parameters: {'hidden_layers': 4, 'n_units_l': 256, 'lr': 0.001100148873200557, 'batch_size': 139}. Best is trial 22 with value: 0.000931663012376335.
2025-01-18 18:56:09,525 - INFO - Elapsed time: 5880.15 seconds
2025-01-18 18:56:09,525 - INFO - Estimated time left: 0.00 seconds
2025-01-18 18:56:22,465 - INFO - Trial: 34/100, Epoch: 1/10, Val loss: 0.0198, Elapsed time: 0:00:12, Estimated time left: 0:01:56
2025-01-18 18:56:34,644 - INFO - Trial: 34/100, Epoch: 2/10, Val loss: 0.0024, Elapsed time: 0:00:25, Estimated time left: 0:01:37
2025-01-18 18:56:46,899 - INFO - Trial: 34/100, Epoch: 3/10, Val loss: 0.0019, Elapsed time: 0:00:37, Estimated time left: 0:01:25
2025-01-18 18:56:59,203 - INFO - Trial: 34/100, Epoch: 4/10, Val loss: 0.0016, Elapsed time: 0:00:49, Estimated time left: 0:01:13
2025-01-18 18:57:11,494 - INFO - Trial: 34/100, Epoch: 5/10, Val loss: 0.0017, Elapsed time: 0:01:01, Estimated time left: 0:01:01
2025-01-18 18:57:23,739 - INFO - Trial: 34/100, Epoch: 6/10, Val loss: 0.0017, Elapsed time: 0:01:14, Estimated time left: 0:00:48
2025-01-18 18:57:35,940 - INFO - Trial: 34/100, Epoch: 7/10, Val loss: 0.0012, Elapsed time: 0:01:26, Estimated time left: 0:00:36
2025-01-18 18:57:48,451 - INFO - Trial: 34/100, Epoch: 8/10, Val loss: 0.0013, Elapsed time: 0:01:38, Estimated time left: 0:00:25
2025-01-18 18:58:00,625 - INFO - Trial: 34/100, Epoch: 9/10, Val loss: 0.0013, Elapsed time: 0:01:51, Estimated time left: 0:00:12
2025-01-18 18:58:12,815 - INFO - Trial: 34/100, Epoch: 10/10, Val loss: 0.0012, Elapsed time: 0:02:03, Estimated time left: 0:00:00
2025-01-18 18:58:12,817 - INFO - Trial 33 finished with value: 0.0012201533259494132 and parameters: {'hidden_layers': 3, 'n_units_l': 185, 'lr': 0.001967124143806663, 'batch_size': 99}. Best is trial 22 with value: 0.000931663012376335.
2025-01-18 18:58:12,823 - INFO - Elapsed time: 6003.45 seconds
2025-01-18 18:58:12,823 - INFO - Estimated time left: 0.00 seconds
2025-01-18 18:58:30,792 - INFO - Trial: 35/100, Epoch: 1/10, Val loss: 0.1657, Elapsed time: 0:00:17, Estimated time left: 0:02:41
2025-01-18 18:58:47,098 - INFO - Trial: 35/100, Epoch: 2/10, Val loss: 0.0177, Elapsed time: 0:00:34, Estimated time left: 0:02:10
2025-01-18 18:59:03,324 - INFO - Trial: 35/100, Epoch: 3/10, Val loss: 0.0050, Elapsed time: 0:00:50, Estimated time left: 0:01:53
2025-01-18 18:59:19,555 - INFO - Trial: 35/100, Epoch: 4/10, Val loss: 0.0041, Elapsed time: 0:01:06, Estimated time left: 0:01:37
2025-01-18 18:59:35,785 - INFO - Trial: 35/100, Epoch: 5/10, Val loss: 0.0034, Elapsed time: 0:01:22, Estimated time left: 0:01:21
2025-01-18 18:59:52,031 - INFO - Trial: 35/100, Epoch: 6/10, Val loss: 0.0030, Elapsed time: 0:01:39, Estimated time left: 0:01:04
2025-01-18 19:00:08,284 - INFO - Trial: 35/100, Epoch: 7/10, Val loss: 0.0028, Elapsed time: 0:01:55, Estimated time left: 0:00:48
2025-01-18 19:00:24,564 - INFO - Trial: 35/100, Epoch: 8/10, Val loss: 0.0026, Elapsed time: 0:02:11, Estimated time left: 0:00:32
2025-01-18 19:00:40,807 - INFO - Trial: 35/100, Epoch: 9/10, Val loss: 0.0025, Elapsed time: 0:02:27, Estimated time left: 0:00:16
2025-01-18 19:00:57,065 - INFO - Trial: 35/100, Epoch: 10/10, Val loss: 0.0024, Elapsed time: 0:02:44, Estimated time left: 0:00:00
2025-01-18 19:00:57,067 - INFO - Trial 34 finished with value: 0.002442357654624962 and parameters: {'hidden_layers': 5, 'n_units_l': 35, 'lr': 0.00015338465878797055, 'batch_size': 70}. Best is trial 22 with value: 0.000931663012376335.
2025-01-18 19:00:57,073 - INFO - Elapsed time: 6167.70 seconds
2025-01-18 19:00:57,073 - INFO - Estimated time left: 0.00 seconds
2025-01-18 19:01:09,117 - INFO - Trial: 36/100, Epoch: 1/10, Val loss: 0.0614, Elapsed time: 0:00:12, Estimated time left: 0:01:48
2025-01-18 19:01:20,866 - INFO - Trial: 36/100, Epoch: 2/10, Val loss: 0.0037, Elapsed time: 0:00:23, Estimated time left: 0:01:33
2025-01-18 19:01:32,749 - INFO - Trial: 36/100, Epoch: 3/10, Val loss: 0.0023, Elapsed time: 0:00:35, Estimated time left: 0:01:23
2025-01-18 19:01:44,659 - INFO - Trial: 36/100, Epoch: 4/10, Val loss: 0.0030, Elapsed time: 0:00:47, Estimated time left: 0:01:11
2025-01-18 19:01:56,539 - INFO - Trial: 36/100, Epoch: 5/10, Val loss: 0.0019, Elapsed time: 0:00:59, Estimated time left: 0:00:59
2025-01-18 19:02:08,370 - INFO - Trial: 36/100, Epoch: 6/10, Val loss: 0.0020, Elapsed time: 0:01:11, Estimated time left: 0:00:47
2025-01-18 19:02:20,193 - INFO - Trial: 36/100, Epoch: 7/10, Val loss: 0.0020, Elapsed time: 0:01:23, Estimated time left: 0:00:35
2025-01-18 19:02:31,968 - INFO - Trial: 36/100, Epoch: 8/10, Val loss: 0.0020, Elapsed time: 0:01:34, Estimated time left: 0:00:23
2025-01-18 19:02:43,767 - INFO - Trial: 36/100, Epoch: 9/10, Val loss: 0.0017, Elapsed time: 0:01:46, Estimated time left: 0:00:11
2025-01-18 19:02:55,591 - INFO - Trial: 36/100, Epoch: 10/10, Val loss: 0.0019, Elapsed time: 0:01:58, Estimated time left: 0:00:00
2025-01-18 19:02:55,594 - INFO - Trial 35 finished with value: 0.0018909174329364451 and parameters: {'hidden_layers': 4, 'n_units_l': 119, 'lr': 0.007204452482093901, 'batch_size': 113}. Best is trial 22 with value: 0.000931663012376335.
2025-01-18 19:02:55,600 - INFO - Elapsed time: 6286.23 seconds
2025-01-18 19:02:55,600 - INFO - Estimated time left: 0.00 seconds
2025-01-18 19:03:07,946 - INFO - Trial: 37/100, Epoch: 1/10, Val loss: 0.0891, Elapsed time: 0:00:12, Estimated time left: 0:01:50
2025-01-18 19:03:19,576 - INFO - Trial: 37/100, Epoch: 2/10, Val loss: 0.0277, Elapsed time: 0:00:23, Estimated time left: 0:01:33
2025-01-18 19:03:31,153 - INFO - Trial: 37/100, Epoch: 3/10, Val loss: 0.0262, Elapsed time: 0:00:35, Estimated time left: 0:01:21
2025-01-18 19:03:42,763 - INFO - Trial: 37/100, Epoch: 4/10, Val loss: 0.0269, Elapsed time: 0:00:47, Estimated time left: 0:01:09
2025-01-18 19:03:54,354 - INFO - Trial: 37/100, Epoch: 5/10, Val loss: 0.0213, Elapsed time: 0:00:58, Estimated time left: 0:00:57
2025-01-18 19:04:05,931 - INFO - Trial: 37/100, Epoch: 6/10, Val loss: 0.0207, Elapsed time: 0:01:10, Estimated time left: 0:00:46
2025-01-18 19:04:17,505 - INFO - Trial: 37/100, Epoch: 7/10, Val loss: 0.0247, Elapsed time: 0:01:21, Estimated time left: 0:00:34
2025-01-18 19:04:29,075 - INFO - Trial: 37/100, Epoch: 8/10, Val loss: 0.0205, Elapsed time: 0:01:33, Estimated time left: 0:00:23
2025-01-18 19:04:40,645 - INFO - Trial: 37/100, Epoch: 9/10, Val loss: 0.0193, Elapsed time: 0:01:45, Estimated time left: 0:00:11
2025-01-18 19:04:52,228 - INFO - Trial: 37/100, Epoch: 10/10, Val loss: 0.0187, Elapsed time: 0:01:56, Estimated time left: 0:00:00
2025-01-18 19:04:52,230 - INFO - Trial 36 finished with value: 0.018697620574432403 and parameters: {'hidden_layers': 2, 'n_units_l': 23, 'lr': 0.002764062453603699, 'batch_size': 85}. Best is trial 22 with value: 0.000931663012376335.
2025-01-18 19:04:52,237 - INFO - Elapsed time: 6402.86 seconds
2025-01-18 19:04:52,237 - INFO - Estimated time left: 0.00 seconds
2025-01-18 19:05:00,197 - INFO - Trial: 38/100, Epoch: 1/10, Val loss: 0.0588, Elapsed time: 0:00:07, Estimated time left: 0:01:11
2025-01-18 19:05:07,821 - INFO - Trial: 38/100, Epoch: 2/10, Val loss: 0.0025, Elapsed time: 0:00:15, Estimated time left: 0:01:00
2025-01-18 19:05:15,436 - INFO - Trial: 38/100, Epoch: 3/10, Val loss: 0.0022, Elapsed time: 0:00:23, Estimated time left: 0:00:53
2025-01-18 19:05:23,055 - INFO - Trial: 38/100, Epoch: 4/10, Val loss: 0.0020, Elapsed time: 0:00:30, Estimated time left: 0:00:45
2025-01-18 19:05:30,652 - INFO - Trial: 38/100, Epoch: 5/10, Val loss: 0.0018, Elapsed time: 0:00:38, Estimated time left: 0:00:37
2025-01-18 19:05:38,267 - INFO - Trial: 38/100, Epoch: 6/10, Val loss: 0.0016, Elapsed time: 0:00:46, Estimated time left: 0:00:30
2025-01-18 19:05:45,962 - INFO - Trial: 38/100, Epoch: 7/10, Val loss: 0.0017, Elapsed time: 0:00:53, Estimated time left: 0:00:23
2025-01-18 19:05:53,554 - INFO - Trial: 38/100, Epoch: 8/10, Val loss: 0.0016, Elapsed time: 0:01:01, Estimated time left: 0:00:15
2025-01-18 19:06:01,159 - INFO - Trial: 38/100, Epoch: 9/10, Val loss: 0.0013, Elapsed time: 0:01:08, Estimated time left: 0:00:07
2025-01-18 19:06:08,739 - INFO - Trial: 38/100, Epoch: 10/10, Val loss: 0.0013, Elapsed time: 0:01:16, Estimated time left: 0:00:00
2025-01-18 19:06:08,742 - INFO - Trial 37 finished with value: 0.001343415460357732 and parameters: {'hidden_layers': 3, 'n_units_l': 156, 'lr': 0.0012509175277315562, 'batch_size': 219}. Best is trial 22 with value: 0.000931663012376335.
2025-01-18 19:06:08,748 - INFO - Elapsed time: 6479.37 seconds
2025-01-18 19:06:08,748 - INFO - Estimated time left: 0.00 seconds
2025-01-18 19:06:19,465 - INFO - Trial: 39/100, Epoch: 1/10, Val loss: 0.0883, Elapsed time: 0:00:10, Estimated time left: 0:01:36
2025-01-18 19:06:29,924 - INFO - Trial: 39/100, Epoch: 2/10, Val loss: 0.0034, Elapsed time: 0:00:21, Estimated time left: 0:01:23
2025-01-18 19:06:40,550 - INFO - Trial: 39/100, Epoch: 3/10, Val loss: 0.0021, Elapsed time: 0:00:31, Estimated time left: 0:01:14
2025-01-18 19:06:51,079 - INFO - Trial: 39/100, Epoch: 4/10, Val loss: 0.0020, Elapsed time: 0:00:42, Estimated time left: 0:01:03
2025-01-18 19:07:01,722 - INFO - Trial: 39/100, Epoch: 5/10, Val loss: 0.0019, Elapsed time: 0:00:52, Estimated time left: 0:00:53
2025-01-18 19:07:12,265 - INFO - Trial: 39/100, Epoch: 6/10, Val loss: 0.0015, Elapsed time: 0:01:03, Estimated time left: 0:00:42
2025-01-18 19:07:22,877 - INFO - Trial: 39/100, Epoch: 7/10, Val loss: 0.0013, Elapsed time: 0:01:14, Estimated time left: 0:00:31
2025-01-18 19:07:33,648 - INFO - Trial: 39/100, Epoch: 8/10, Val loss: 0.0012, Elapsed time: 0:01:24, Estimated time left: 0:00:21
2025-01-18 19:07:44,405 - INFO - Trial: 39/100, Epoch: 9/10, Val loss: 0.0011, Elapsed time: 0:01:35, Estimated time left: 0:00:10
2025-01-18 19:07:55,147 - INFO - Trial: 39/100, Epoch: 10/10, Val loss: 0.0010, Elapsed time: 0:01:46, Estimated time left: 0:00:00
