2025-01-29 18:16:40,922 - INFO - Trial 44 finished with value: 0.0012749877341494016 and parameters: {'hidden_layers': 4, 'n_units_l': 213, 'lr': 2.700679428299943e-05, 'batch_size': 36}. Best is trial 41 with value: 0.0007892231993403083.
2025-01-29 18:16:40,924 - INFO - Elapsed time: 23976.51 seconds
2025-01-29 18:16:40,924 - INFO - Estimated time left: 0.00 seconds
2025-01-29 18:17:37,779 - INFO - Trial: 46/100, Epoch: 1/15, Val loss: 0.1494, Elapsed time: 0:00:56, Estimated time left: 0:13:15
2025-01-29 18:18:30,920 - INFO - Trial: 46/100, Epoch: 2/15, Val loss: 0.0027, Elapsed time: 0:01:49, Estimated time left: 0:11:30
2025-01-29 18:19:24,392 - INFO - Trial: 46/100, Epoch: 3/15, Val loss: 0.0022, Elapsed time: 0:02:43, Estimated time left: 0:10:41
2025-01-29 18:20:18,554 - INFO - Trial: 46/100, Epoch: 4/15, Val loss: 0.0020, Elapsed time: 0:03:37, Estimated time left: 0:09:55
2025-01-29 18:21:11,088 - INFO - Trial: 46/100, Epoch: 5/15, Val loss: 0.0020, Elapsed time: 0:04:30, Estimated time left: 0:08:45
2025-01-29 18:22:03,685 - INFO - Trial: 46/100, Epoch: 6/15, Val loss: 0.0017, Elapsed time: 0:05:22, Estimated time left: 0:07:53
2025-01-29 18:22:56,236 - INFO - Trial: 46/100, Epoch: 7/15, Val loss: 0.0016, Elapsed time: 0:06:15, Estimated time left: 0:07:00
2025-01-29 18:23:48,520 - INFO - Trial: 46/100, Epoch: 8/15, Val loss: 0.0016, Elapsed time: 0:07:07, Estimated time left: 0:06:05
2025-01-29 18:24:41,784 - INFO - Trial: 46/100, Epoch: 9/15, Val loss: 0.0015, Elapsed time: 0:08:00, Estimated time left: 0:05:19
2025-01-29 18:25:35,201 - INFO - Trial: 46/100, Epoch: 10/15, Val loss: 0.0015, Elapsed time: 0:08:54, Estimated time left: 0:04:27
2025-01-29 18:26:28,660 - INFO - Trial: 46/100, Epoch: 11/15, Val loss: 0.0012, Elapsed time: 0:09:47, Estimated time left: 0:03:33
2025-01-29 18:27:21,361 - INFO - Trial: 46/100, Epoch: 12/15, Val loss: 0.0011, Elapsed time: 0:10:40, Estimated time left: 0:02:38
2025-01-29 18:28:12,212 - INFO - Trial: 46/100, Epoch: 13/15, Val loss: 0.0012, Elapsed time: 0:11:31, Estimated time left: 0:01:41
2025-01-29 18:29:03,111 - INFO - Trial: 46/100, Epoch: 14/15, Val loss: 0.0010, Elapsed time: 0:12:22, Estimated time left: 0:00:50
2025-01-29 18:29:55,003 - INFO - Trial: 46/100, Epoch: 15/15, Val loss: 0.0011, Elapsed time: 0:13:14, Estimated time left: 0:00:00
2025-01-29 18:29:55,005 - INFO - Trial 45 finished with value: 0.001052729706425921 and parameters: {'hidden_layers': 5, 'n_units_l': 125, 'lr': 0.00011084824931210212, 'batch_size': 23}. Best is trial 41 with value: 0.0007892231993403083.
2025-01-29 18:29:55,007 - INFO - Elapsed time: 24770.59 seconds
2025-01-29 18:29:55,007 - INFO - Estimated time left: 0.00 seconds
2025-01-29 18:30:12,536 - INFO - Trial: 47/100, Epoch: 1/15, Val loss: 0.1654, Elapsed time: 0:00:17, Estimated time left: 0:04:05
2025-01-29 18:30:29,462 - INFO - Trial: 47/100, Epoch: 2/15, Val loss: 0.0559, Elapsed time: 0:00:34, Estimated time left: 0:03:40
2025-01-29 18:30:46,611 - INFO - Trial: 47/100, Epoch: 3/15, Val loss: 0.0496, Elapsed time: 0:00:51, Estimated time left: 0:03:25
2025-01-29 18:31:03,549 - INFO - Trial: 47/100, Epoch: 4/15, Val loss: 0.0470, Elapsed time: 0:01:08, Estimated time left: 0:03:06
2025-01-29 18:31:20,442 - INFO - Trial: 47/100, Epoch: 5/15, Val loss: 0.0467, Elapsed time: 0:01:25, Estimated time left: 0:02:48
2025-01-29 18:31:37,158 - INFO - Trial: 47/100, Epoch: 6/15, Val loss: 0.0460, Elapsed time: 0:01:42, Estimated time left: 0:02:30
2025-01-29 18:31:54,076 - INFO - Trial: 47/100, Epoch: 7/15, Val loss: 0.0405, Elapsed time: 0:01:59, Estimated time left: 0:02:15
2025-01-29 18:32:10,825 - INFO - Trial: 47/100, Epoch: 8/15, Val loss: 0.0393, Elapsed time: 0:02:15, Estimated time left: 0:01:57
2025-01-29 18:32:27,723 - INFO - Trial: 47/100, Epoch: 9/15, Val loss: 0.0386, Elapsed time: 0:02:32, Estimated time left: 0:01:41
2025-01-29 18:32:44,960 - INFO - Trial: 47/100, Epoch: 10/15, Val loss: 0.0385, Elapsed time: 0:02:49, Estimated time left: 0:01:26
2025-01-29 18:33:02,199 - INFO - Trial: 47/100, Epoch: 11/15, Val loss: 0.0381, Elapsed time: 0:03:07, Estimated time left: 0:01:08
2025-01-29 18:33:19,580 - INFO - Trial: 47/100, Epoch: 12/15, Val loss: 0.0381, Elapsed time: 0:03:24, Estimated time left: 0:00:52
2025-01-29 18:33:36,917 - INFO - Trial: 47/100, Epoch: 13/15, Val loss: 0.0380, Elapsed time: 0:03:41, Estimated time left: 0:00:34
2025-01-29 18:33:54,251 - INFO - Trial: 47/100, Epoch: 14/15, Val loss: 0.0381, Elapsed time: 0:03:59, Estimated time left: 0:00:17
2025-01-29 18:34:11,618 - INFO - Trial: 47/100, Epoch: 15/15, Val loss: 0.0379, Elapsed time: 0:04:16, Estimated time left: 0:00:00
2025-01-29 18:34:11,619 - INFO - Trial 46 finished with value: 0.03790714580984644 and parameters: {'hidden_layers': 5, 'n_units_l': 8, 'lr': 0.0004380921842570684, 'batch_size': 76}. Best is trial 41 with value: 0.0007892231993403083.
2025-01-29 18:34:11,623 - INFO - Elapsed time: 25027.21 seconds
2025-01-29 18:34:11,623 - INFO - Estimated time left: 0.00 seconds
2025-01-29 18:35:20,366 - INFO - Trial: 48/100, Epoch: 1/15, Val loss: 0.0347, Elapsed time: 0:01:08, Estimated time left: 0:16:02
2025-01-29 18:36:23,488 - INFO - Trial: 48/100, Epoch: 2/15, Val loss: 0.0022, Elapsed time: 0:02:11, Estimated time left: 0:13:40
2025-01-29 18:37:26,167 - INFO - Trial: 48/100, Epoch: 3/15, Val loss: 0.0020, Elapsed time: 0:03:14, Estimated time left: 0:12:32
2025-01-29 18:38:29,032 - INFO - Trial: 48/100, Epoch: 4/15, Val loss: 0.0018, Elapsed time: 0:04:17, Estimated time left: 0:11:31
2025-01-29 18:39:31,816 - INFO - Trial: 48/100, Epoch: 5/15, Val loss: 0.0018, Elapsed time: 0:05:20, Estimated time left: 0:10:27
2025-01-29 18:40:34,154 - INFO - Trial: 48/100, Epoch: 6/15, Val loss: 0.0016, Elapsed time: 0:06:22, Estimated time left: 0:09:21
2025-01-29 18:41:36,504 - INFO - Trial: 48/100, Epoch: 7/15, Val loss: 0.0014, Elapsed time: 0:07:24, Estimated time left: 0:08:18
2025-01-29 18:42:37,555 - INFO - Trial: 48/100, Epoch: 8/15, Val loss: 0.0015, Elapsed time: 0:08:25, Estimated time left: 0:07:07
2025-01-29 18:43:36,818 - INFO - Trial: 48/100, Epoch: 9/15, Val loss: 0.0015, Elapsed time: 0:09:25, Estimated time left: 0:05:55
2025-01-29 18:44:35,671 - INFO - Trial: 48/100, Epoch: 10/15, Val loss: 0.0014, Elapsed time: 0:10:24, Estimated time left: 0:04:54
2025-01-29 18:45:34,085 - INFO - Trial: 48/100, Epoch: 11/15, Val loss: 0.0013, Elapsed time: 0:11:22, Estimated time left: 0:03:53
2025-01-29 18:46:33,467 - INFO - Trial: 48/100, Epoch: 12/15, Val loss: 0.0012, Elapsed time: 0:12:21, Estimated time left: 0:02:58
2025-01-29 18:47:32,620 - INFO - Trial: 48/100, Epoch: 13/15, Val loss: 0.0012, Elapsed time: 0:13:20, Estimated time left: 0:01:58
2025-01-29 18:48:34,277 - INFO - Trial: 48/100, Epoch: 14/15, Val loss: 0.0011, Elapsed time: 0:14:22, Estimated time left: 0:01:01
2025-01-29 18:49:36,408 - INFO - Trial: 48/100, Epoch: 15/15, Val loss: 0.0012, Elapsed time: 0:15:24, Estimated time left: 0:00:00
2025-01-29 18:49:36,410 - INFO - Trial 47 finished with value: 0.0012483273042667407 and parameters: {'hidden_layers': 4, 'n_units_l': 212, 'lr': 0.0014326215571545068, 'batch_size': 19}. Best is trial 41 with value: 0.0007892231993403083.
2025-01-29 18:49:36,412 - INFO - Elapsed time: 25952.00 seconds
2025-01-29 18:49:36,412 - INFO - Estimated time left: 0.00 seconds
2025-01-29 18:50:15,876 - INFO - Trial: 49/100, Epoch: 1/15, Val loss: 0.0609, Elapsed time: 0:00:39, Estimated time left: 0:09:12
2025-01-29 18:50:53,294 - INFO - Trial: 49/100, Epoch: 2/15, Val loss: 0.0024, Elapsed time: 0:01:16, Estimated time left: 0:08:06
2025-01-29 18:51:28,876 - INFO - Trial: 49/100, Epoch: 3/15, Val loss: 0.0020, Elapsed time: 0:01:52, Estimated time left: 0:07:06
2025-01-29 18:52:04,314 - INFO - Trial: 49/100, Epoch: 4/15, Val loss: 0.0017, Elapsed time: 0:02:27, Estimated time left: 0:06:29
2025-01-29 18:52:39,752 - INFO - Trial: 49/100, Epoch: 5/15, Val loss: 0.0017, Elapsed time: 0:03:03, Estimated time left: 0:05:54
2025-01-29 18:53:15,119 - INFO - Trial: 49/100, Epoch: 6/15, Val loss: 0.0016, Elapsed time: 0:03:38, Estimated time left: 0:05:18
2025-01-29 18:53:50,518 - INFO - Trial: 49/100, Epoch: 7/15, Val loss: 0.0013, Elapsed time: 0:04:14, Estimated time left: 0:04:43
2025-01-29 18:54:26,252 - INFO - Trial: 49/100, Epoch: 8/15, Val loss: 0.0014, Elapsed time: 0:04:49, Estimated time left: 0:04:10
2025-01-29 18:55:02,396 - INFO - Trial: 49/100, Epoch: 9/15, Val loss: 0.0011, Elapsed time: 0:05:25, Estimated time left: 0:03:36
2025-01-29 18:55:38,586 - INFO - Trial: 49/100, Epoch: 10/15, Val loss: 0.0011, Elapsed time: 0:06:02, Estimated time left: 0:03:00
2025-01-29 18:56:14,842 - INFO - Trial: 49/100, Epoch: 11/15, Val loss: 0.0011, Elapsed time: 0:06:38, Estimated time left: 0:02:25
2025-01-29 18:56:51,092 - INFO - Trial: 49/100, Epoch: 12/15, Val loss: 0.0010, Elapsed time: 0:07:14, Estimated time left: 0:01:48
2025-01-29 18:57:22,522 - INFO - Trial: 49/100, Epoch: 13/15, Val loss: 0.0010, Elapsed time: 0:07:46, Estimated time left: 0:01:02
2025-01-29 18:57:51,080 - INFO - Trial: 49/100, Epoch: 14/15, Val loss: 0.0009, Elapsed time: 0:08:14, Estimated time left: 0:00:28
2025-01-29 18:58:19,866 - INFO - Trial: 49/100, Epoch: 15/15, Val loss: 0.0009, Elapsed time: 0:08:43, Estimated time left: 0:00:00
2025-01-29 18:58:19,867 - INFO - Trial 48 finished with value: 0.0008711830449191828 and parameters: {'hidden_layers': 8, 'n_units_l': 246, 'lr': 0.0005089188373840213, 'batch_size': 44}. Best is trial 41 with value: 0.0007892231993403083.
2025-01-29 18:58:19,869 - INFO - Elapsed time: 26475.46 seconds
2025-01-29 18:58:19,869 - INFO - Estimated time left: 0.00 seconds
2025-01-29 18:58:45,943 - INFO - Trial: 50/100, Epoch: 1/15, Val loss: 0.0640, Elapsed time: 0:00:26, Estimated time left: 0:06:04
2025-01-29 18:59:10,119 - INFO - Trial: 50/100, Epoch: 2/15, Val loss: 0.0028, Elapsed time: 0:00:50, Estimated time left: 0:05:14
2025-01-29 18:59:34,322 - INFO - Trial: 50/100, Epoch: 3/15, Val loss: 0.0021, Elapsed time: 0:01:14, Estimated time left: 0:04:50
2025-01-29 18:59:58,352 - INFO - Trial: 50/100, Epoch: 4/15, Val loss: 0.0018, Elapsed time: 0:01:38, Estimated time left: 0:04:24
2025-01-29 19:00:22,381 - INFO - Trial: 50/100, Epoch: 5/15, Val loss: 0.0017, Elapsed time: 0:02:02, Estimated time left: 0:04:00
2025-01-29 19:00:46,419 - INFO - Trial: 50/100, Epoch: 6/15, Val loss: 0.0015, Elapsed time: 0:02:26, Estimated time left: 0:03:36
2025-01-29 19:01:10,543 - INFO - Trial: 50/100, Epoch: 7/15, Val loss: 0.0013, Elapsed time: 0:02:50, Estimated time left: 0:03:12
2025-01-29 19:01:34,776 - INFO - Trial: 50/100, Epoch: 8/15, Val loss: 0.0012, Elapsed time: 0:03:14, Estimated time left: 0:02:49
2025-01-29 19:01:59,039 - INFO - Trial: 50/100, Epoch: 9/15, Val loss: 0.0011, Elapsed time: 0:03:39, Estimated time left: 0:02:25
2025-01-29 19:02:23,272 - INFO - Trial: 50/100, Epoch: 10/15, Val loss: 0.0011, Elapsed time: 0:04:03, Estimated time left: 0:02:01
2025-01-29 19:02:47,493 - INFO - Trial: 50/100, Epoch: 11/15, Val loss: 0.0015, Elapsed time: 0:04:27, Estimated time left: 0:01:36
2025-01-29 19:03:12,406 - INFO - Trial: 50/100, Epoch: 12/15, Val loss: 0.0010, Elapsed time: 0:04:52, Estimated time left: 0:01:14
2025-01-29 19:03:36,754 - INFO - Trial: 50/100, Epoch: 13/15, Val loss: 0.0010, Elapsed time: 0:05:16, Estimated time left: 0:00:48
2025-01-29 19:04:01,101 - INFO - Trial: 50/100, Epoch: 14/15, Val loss: 0.0009, Elapsed time: 0:05:41, Estimated time left: 0:00:24
2025-01-29 19:04:25,452 - INFO - Trial: 50/100, Epoch: 15/15, Val loss: 0.0009, Elapsed time: 0:06:05, Estimated time left: 0:00:00
2025-01-29 19:04:25,453 - INFO - Trial 49 finished with value: 0.0008712590209113544 and parameters: {'hidden_layers': 8, 'n_units_l': 243, 'lr': 0.0005305266614366949, 'batch_size': 53}. Best is trial 41 with value: 0.0007892231993403083.
2025-01-29 19:04:25,455 - INFO - Elapsed time: 26841.04 seconds
2025-01-29 19:04:25,455 - INFO - Estimated time left: 0.00 seconds
2025-01-29 19:04:43,717 - INFO - Trial: 51/100, Epoch: 1/15, Val loss: 0.0845, Elapsed time: 0:00:18, Estimated time left: 0:04:15
2025-01-29 19:05:01,298 - INFO - Trial: 51/100, Epoch: 2/15, Val loss: 0.0467, Elapsed time: 0:00:35, Estimated time left: 0:03:48
2025-01-29 19:05:18,853 - INFO - Trial: 51/100, Epoch: 3/15, Val loss: 0.0378, Elapsed time: 0:00:53, Estimated time left: 0:03:30
2025-01-29 19:05:36,393 - INFO - Trial: 51/100, Epoch: 4/15, Val loss: 0.0248, Elapsed time: 0:01:10, Estimated time left: 0:03:12
2025-01-29 19:05:53,952 - INFO - Trial: 51/100, Epoch: 5/15, Val loss: 0.0244, Elapsed time: 0:01:28, Estimated time left: 0:02:55
2025-01-29 19:06:11,519 - INFO - Trial: 51/100, Epoch: 6/15, Val loss: 0.0239, Elapsed time: 0:01:46, Estimated time left: 0:02:38
2025-01-29 19:06:29,114 - INFO - Trial: 51/100, Epoch: 7/15, Val loss: 0.0248, Elapsed time: 0:02:03, Estimated time left: 0:02:20
2025-01-29 19:06:46,932 - INFO - Trial: 51/100, Epoch: 8/15, Val loss: 0.0238, Elapsed time: 0:02:21, Estimated time left: 0:02:04
2025-01-29 19:07:04,479 - INFO - Trial: 51/100, Epoch: 9/15, Val loss: 0.0197, Elapsed time: 0:02:39, Estimated time left: 0:01:45
2025-01-29 19:07:22,069 - INFO - Trial: 51/100, Epoch: 10/15, Val loss: 0.0180, Elapsed time: 0:02:56, Estimated time left: 0:01:27
2025-01-29 19:07:39,627 - INFO - Trial: 51/100, Epoch: 11/15, Val loss: 0.0042, Elapsed time: 0:03:14, Estimated time left: 0:01:10
2025-01-29 19:07:57,177 - INFO - Trial: 51/100, Epoch: 12/15, Val loss: 0.0032, Elapsed time: 0:03:31, Estimated time left: 0:00:52
2025-01-29 19:08:14,731 - INFO - Trial: 51/100, Epoch: 13/15, Val loss: 0.0030, Elapsed time: 0:03:49, Estimated time left: 0:00:35
2025-01-29 19:08:32,262 - INFO - Trial: 51/100, Epoch: 14/15, Val loss: 0.0029, Elapsed time: 0:04:06, Estimated time left: 0:00:17
2025-01-29 19:08:49,795 - INFO - Trial: 51/100, Epoch: 15/15, Val loss: 0.0028, Elapsed time: 0:04:24, Estimated time left: 0:00:00
2025-01-29 19:08:49,796 - INFO - Trial 50 finished with value: 0.002753577773283088 and parameters: {'hidden_layers': 4, 'n_units_l': 18, 'lr': 0.0027380692414719276, 'batch_size': 45}. Best is trial 41 with value: 0.0007892231993403083.
2025-01-29 19:08:49,798 - INFO - Elapsed time: 27105.38 seconds
2025-01-29 19:08:49,798 - INFO - Estimated time left: 0.00 seconds
2025-01-29 19:09:14,151 - INFO - Trial: 52/100, Epoch: 1/15, Val loss: 0.0630, Elapsed time: 0:00:24, Estimated time left: 0:05:40
2025-01-29 19:09:36,806 - INFO - Trial: 52/100, Epoch: 2/15, Val loss: 0.0023, Elapsed time: 0:00:46, Estimated time left: 0:04:54
2025-01-29 19:09:59,471 - INFO - Trial: 52/100, Epoch: 3/15, Val loss: 0.0021, Elapsed time: 0:01:09, Estimated time left: 0:04:31
2025-01-29 19:10:22,012 - INFO - Trial: 52/100, Epoch: 4/15, Val loss: 0.0017, Elapsed time: 0:01:32, Estimated time left: 0:04:07
2025-01-29 19:10:44,497 - INFO - Trial: 52/100, Epoch: 5/15, Val loss: 0.0015, Elapsed time: 0:01:54, Estimated time left: 0:03:44
2025-01-29 19:11:06,977 - INFO - Trial: 52/100, Epoch: 6/15, Val loss: 0.0014, Elapsed time: 0:02:17, Estimated time left: 0:03:22
2025-01-29 19:11:29,518 - INFO - Trial: 52/100, Epoch: 7/15, Val loss: 0.0014, Elapsed time: 0:02:39, Estimated time left: 0:03:00
2025-01-29 19:11:52,189 - INFO - Trial: 52/100, Epoch: 8/15, Val loss: 0.0013, Elapsed time: 0:03:02, Estimated time left: 0:02:38
2025-01-29 19:12:14,926 - INFO - Trial: 52/100, Epoch: 9/15, Val loss: 0.0016, Elapsed time: 0:03:25, Estimated time left: 0:02:16
2025-01-29 19:12:37,681 - INFO - Trial: 52/100, Epoch: 10/15, Val loss: 0.0012, Elapsed time: 0:03:47, Estimated time left: 0:01:53
2025-01-29 19:13:00,410 - INFO - Trial: 52/100, Epoch: 11/15, Val loss: 0.0011, Elapsed time: 0:04:10, Estimated time left: 0:01:30
2025-01-29 19:13:23,385 - INFO - Trial: 52/100, Epoch: 12/15, Val loss: 0.0010, Elapsed time: 0:04:33, Estimated time left: 0:01:08
2025-01-29 19:13:46,167 - INFO - Trial: 52/100, Epoch: 13/15, Val loss: 0.0010, Elapsed time: 0:04:56, Estimated time left: 0:00:45
2025-01-29 19:14:08,864 - INFO - Trial: 52/100, Epoch: 14/15, Val loss: 0.0010, Elapsed time: 0:05:19, Estimated time left: 0:00:22
2025-01-29 19:14:31,594 - INFO - Trial: 52/100, Epoch: 15/15, Val loss: 0.0010, Elapsed time: 0:05:41, Estimated time left: 0:00:00
2025-01-29 19:14:31,596 - INFO - Trial 51 finished with value: 0.0009608311248622155 and parameters: {'hidden_layers': 8, 'n_units_l': 237, 'lr': 0.0005658602486719761, 'batch_size': 57}. Best is trial 41 with value: 0.0007892231993403083.
2025-01-29 19:14:31,598 - INFO - Elapsed time: 27447.18 seconds
2025-01-29 19:14:31,598 - INFO - Estimated time left: 0.00 seconds
2025-01-29 19:14:52,801 - INFO - Trial: 53/100, Epoch: 1/15, Val loss: 0.0556, Elapsed time: 0:00:21, Estimated time left: 0:04:56
2025-01-29 19:15:12,423 - INFO - Trial: 53/100, Epoch: 2/15, Val loss: 0.0024, Elapsed time: 0:00:40, Estimated time left: 0:04:15
2025-01-29 19:15:31,998 - INFO - Trial: 53/100, Epoch: 3/15, Val loss: 0.0021, Elapsed time: 0:01:00, Estimated time left: 0:03:54
2025-01-29 19:15:51,560 - INFO - Trial: 53/100, Epoch: 4/15, Val loss: 0.0017, Elapsed time: 0:01:19, Estimated time left: 0:03:35
2025-01-29 19:16:11,152 - INFO - Trial: 53/100, Epoch: 5/15, Val loss: 0.0014, Elapsed time: 0:01:39, Estimated time left: 0:03:15
2025-01-29 19:16:30,756 - INFO - Trial: 53/100, Epoch: 6/15, Val loss: 0.0015, Elapsed time: 0:01:59, Estimated time left: 0:02:56
2025-01-29 19:16:50,346 - INFO - Trial: 53/100, Epoch: 7/15, Val loss: 0.0015, Elapsed time: 0:02:18, Estimated time left: 0:02:36
2025-01-29 19:17:09,904 - INFO - Trial: 53/100, Epoch: 8/15, Val loss: 0.0013, Elapsed time: 0:02:38, Estimated time left: 0:02:16
2025-01-29 19:17:29,482 - INFO - Trial: 53/100, Epoch: 9/15, Val loss: 0.0011, Elapsed time: 0:02:57, Estimated time left: 0:01:57
2025-01-29 19:17:49,056 - INFO - Trial: 53/100, Epoch: 10/15, Val loss: 0.0011, Elapsed time: 0:03:17, Estimated time left: 0:01:37
2025-01-29 19:18:08,622 - INFO - Trial: 53/100, Epoch: 11/15, Val loss: 0.0009, Elapsed time: 0:03:37, Estimated time left: 0:01:18
2025-01-29 19:18:28,201 - INFO - Trial: 53/100, Epoch: 12/15, Val loss: 0.0010, Elapsed time: 0:03:56, Estimated time left: 0:00:58
2025-01-29 19:18:47,798 - INFO - Trial: 53/100, Epoch: 13/15, Val loss: 0.0015, Elapsed time: 0:04:16, Estimated time left: 0:00:39
2025-01-29 19:19:07,361 - INFO - Trial: 53/100, Epoch: 14/15, Val loss: 0.0009, Elapsed time: 0:04:35, Estimated time left: 0:00:19
2025-01-29 19:19:26,958 - INFO - Trial: 53/100, Epoch: 15/15, Val loss: 0.0009, Elapsed time: 0:04:55, Estimated time left: 0:00:00
2025-01-29 19:19:26,959 - INFO - Trial 52 finished with value: 0.000884127867290278 and parameters: {'hidden_layers': 8, 'n_units_l': 251, 'lr': 0.0008568872237381718, 'batch_size': 67}. Best is trial 41 with value: 0.0007892231993403083.
2025-01-29 19:19:26,961 - INFO - Elapsed time: 27742.55 seconds
2025-01-29 19:19:26,962 - INFO - Estimated time left: 0.00 seconds
2025-01-29 19:19:57,247 - INFO - Trial: 54/100, Epoch: 1/15, Val loss: 0.0641, Elapsed time: 0:00:30, Estimated time left: 0:07:03
2025-01-29 19:20:24,433 - INFO - Trial: 54/100, Epoch: 2/15, Val loss: 0.0023, Elapsed time: 0:00:57, Estimated time left: 0:05:53
2025-01-29 19:20:51,570 - INFO - Trial: 54/100, Epoch: 3/15, Val loss: 0.0020, Elapsed time: 0:01:24, Estimated time left: 0:05:25
2025-01-29 19:21:18,599 - INFO - Trial: 54/100, Epoch: 4/15, Val loss: 0.0016, Elapsed time: 0:01:51, Estimated time left: 0:04:57
2025-01-29 19:21:45,628 - INFO - Trial: 54/100, Epoch: 5/15, Val loss: 0.0016, Elapsed time: 0:02:18, Estimated time left: 0:04:30
2025-01-29 19:22:12,720 - INFO - Trial: 54/100, Epoch: 6/15, Val loss: 0.0014, Elapsed time: 0:02:45, Estimated time left: 0:04:03
2025-01-29 19:22:39,908 - INFO - Trial: 54/100, Epoch: 7/15, Val loss: 0.0012, Elapsed time: 0:03:12, Estimated time left: 0:03:37
2025-01-29 19:23:07,076 - INFO - Trial: 54/100, Epoch: 8/15, Val loss: 0.0014, Elapsed time: 0:03:40, Estimated time left: 0:03:10
2025-01-29 19:23:34,228 - INFO - Trial: 54/100, Epoch: 9/15, Val loss: 0.0010, Elapsed time: 0:04:07, Estimated time left: 0:02:42
2025-01-29 19:24:01,385 - INFO - Trial: 54/100, Epoch: 10/15, Val loss: 0.0010, Elapsed time: 0:04:34, Estimated time left: 0:02:15
2025-01-29 19:24:28,549 - INFO - Trial: 54/100, Epoch: 11/15, Val loss: 0.0010, Elapsed time: 0:05:01, Estimated time left: 0:01:48
2025-01-29 19:24:55,710 - INFO - Trial: 54/100, Epoch: 12/15, Val loss: 0.0010, Elapsed time: 0:05:28, Estimated time left: 0:01:21
2025-01-29 19:25:22,873 - INFO - Trial: 54/100, Epoch: 13/15, Val loss: 0.0010, Elapsed time: 0:05:55, Estimated time left: 0:00:54
2025-01-29 19:25:50,051 - INFO - Trial: 54/100, Epoch: 14/15, Val loss: 0.0008, Elapsed time: 0:06:23, Estimated time left: 0:00:27
2025-01-29 19:26:17,253 - INFO - Trial: 54/100, Epoch: 15/15, Val loss: 0.0008, Elapsed time: 0:06:50, Estimated time left: 0:00:00
