2025-01-18 20:24:20,708 - INFO - Trial 77 finished with value: 0.0015063192281944014 and parameters: {'hidden_layers': 2, 'n_units_l': 142, 'lr': 0.0009040909503878806, 'batch_size': 173}. Best is trial 75 with value: 0.0008793247704296925.
2025-01-18 20:24:20,721 - INFO - Elapsed time: 11171.34 seconds
2025-01-18 20:24:20,721 - INFO - Estimated time left: 0.00 seconds
2025-01-18 20:24:33,358 - INFO - Trial: 79/100, Epoch: 1/10, Val loss: 0.0265, Elapsed time: 0:00:12, Estimated time left: 0:01:53
2025-01-18 20:24:45,393 - INFO - Trial: 79/100, Epoch: 2/10, Val loss: 0.0020, Elapsed time: 0:00:24, Estimated time left: 0:01:36
2025-01-18 20:24:57,531 - INFO - Trial: 79/100, Epoch: 3/10, Val loss: 0.0018, Elapsed time: 0:00:36, Estimated time left: 0:01:24
2025-01-18 20:25:09,677 - INFO - Trial: 79/100, Epoch: 4/10, Val loss: 0.0015, Elapsed time: 0:00:48, Estimated time left: 0:01:12
2025-01-18 20:25:21,902 - INFO - Trial: 79/100, Epoch: 5/10, Val loss: 0.0013, Elapsed time: 0:01:01, Estimated time left: 0:01:01
2025-01-18 20:25:34,106 - INFO - Trial: 79/100, Epoch: 6/10, Val loss: 0.0014, Elapsed time: 0:01:13, Estimated time left: 0:00:48
2025-01-18 20:25:46,289 - INFO - Trial: 79/100, Epoch: 7/10, Val loss: 0.0011, Elapsed time: 0:01:25, Estimated time left: 0:00:36
2025-01-18 20:25:58,424 - INFO - Trial: 79/100, Epoch: 8/10, Val loss: 0.0011, Elapsed time: 0:01:37, Estimated time left: 0:00:24
2025-01-18 20:26:10,532 - INFO - Trial: 79/100, Epoch: 9/10, Val loss: 0.0009, Elapsed time: 0:01:49, Estimated time left: 0:00:12
2025-01-18 20:26:22,721 - INFO - Trial: 79/100, Epoch: 10/10, Val loss: 0.0012, Elapsed time: 0:02:01, Estimated time left: 0:00:00
2025-01-18 20:26:22,723 - INFO - Trial 78 finished with value: 0.0011660866827986921 and parameters: {'hidden_layers': 3, 'n_units_l': 204, 'lr': 0.0012463940299215913, 'batch_size': 102}. Best is trial 75 with value: 0.0008793247704296925.
2025-01-18 20:26:22,736 - INFO - Elapsed time: 11293.35 seconds
2025-01-18 20:26:22,736 - INFO - Estimated time left: 0.00 seconds
2025-01-18 20:26:30,183 - INFO - Trial: 80/100, Epoch: 1/10, Val loss: 0.0693, Elapsed time: 0:00:07, Estimated time left: 0:01:06
2025-01-18 20:26:37,368 - INFO - Trial: 80/100, Epoch: 2/10, Val loss: 0.0044, Elapsed time: 0:00:14, Estimated time left: 0:00:57
2025-01-18 20:26:44,485 - INFO - Trial: 80/100, Epoch: 3/10, Val loss: 0.0025, Elapsed time: 0:00:21, Estimated time left: 0:00:49
2025-01-18 20:26:51,578 - INFO - Trial: 80/100, Epoch: 4/10, Val loss: 0.0027, Elapsed time: 0:00:28, Estimated time left: 0:00:42
2025-01-18 20:26:58,718 - INFO - Trial: 80/100, Epoch: 5/10, Val loss: 0.0023, Elapsed time: 0:00:35, Estimated time left: 0:00:35
2025-01-18 20:27:05,836 - INFO - Trial: 80/100, Epoch: 6/10, Val loss: 0.0025, Elapsed time: 0:00:43, Estimated time left: 0:00:28
2025-01-18 20:27:12,941 - INFO - Trial: 80/100, Epoch: 7/10, Val loss: 0.0019, Elapsed time: 0:00:50, Estimated time left: 0:00:21
2025-01-18 20:27:20,047 - INFO - Trial: 80/100, Epoch: 8/10, Val loss: 0.0021, Elapsed time: 0:00:57, Estimated time left: 0:00:14
2025-01-18 20:27:27,182 - INFO - Trial: 80/100, Epoch: 9/10, Val loss: 0.0019, Elapsed time: 0:01:04, Estimated time left: 0:00:07
2025-01-18 20:27:34,288 - INFO - Trial: 80/100, Epoch: 10/10, Val loss: 0.0018, Elapsed time: 0:01:11, Estimated time left: 0:00:00
2025-01-18 20:27:34,291 - INFO - Trial 79 finished with value: 0.0017530481334823115 and parameters: {'hidden_layers': 3, 'n_units_l': 53, 'lr': 0.0029636711755051254, 'batch_size': 232}. Best is trial 75 with value: 0.0008793247704296925.
2025-01-18 20:27:34,304 - INFO - Elapsed time: 11364.92 seconds
2025-01-18 20:27:34,304 - INFO - Estimated time left: 0.00 seconds
2025-01-18 20:27:44,017 - INFO - Trial: 81/100, Epoch: 1/10, Val loss: 0.0605, Elapsed time: 0:00:09, Estimated time left: 0:01:27
2025-01-18 20:27:53,553 - INFO - Trial: 81/100, Epoch: 2/10, Val loss: 0.0219, Elapsed time: 0:00:19, Estimated time left: 0:01:16
2025-01-18 20:28:03,346 - INFO - Trial: 81/100, Epoch: 3/10, Val loss: 0.0130, Elapsed time: 0:00:29, Estimated time left: 0:01:08
2025-01-18 20:28:12,834 - INFO - Trial: 81/100, Epoch: 4/10, Val loss: 0.0114, Elapsed time: 0:00:38, Estimated time left: 0:00:56
2025-01-18 20:28:22,307 - INFO - Trial: 81/100, Epoch: 5/10, Val loss: 0.0105, Elapsed time: 0:00:47, Estimated time left: 0:00:47
2025-01-18 20:28:31,797 - INFO - Trial: 81/100, Epoch: 6/10, Val loss: 0.0099, Elapsed time: 0:00:57, Estimated time left: 0:00:37
2025-01-18 20:28:41,281 - INFO - Trial: 81/100, Epoch: 7/10, Val loss: 0.0105, Elapsed time: 0:01:06, Estimated time left: 0:00:28
2025-01-18 20:28:50,782 - INFO - Trial: 81/100, Epoch: 8/10, Val loss: 0.0098, Elapsed time: 0:01:16, Estimated time left: 0:00:18
2025-01-18 20:29:00,267 - INFO - Trial: 81/100, Epoch: 9/10, Val loss: 0.0093, Elapsed time: 0:01:25, Estimated time left: 0:00:09
2025-01-18 20:29:09,763 - INFO - Trial: 81/100, Epoch: 10/10, Val loss: 0.0095, Elapsed time: 0:01:35, Estimated time left: 0:00:00
2025-01-18 20:29:09,765 - INFO - Trial 80 finished with value: 0.009496068703992415 and parameters: {'hidden_layers': 1, 'n_units_l': 229, 'lr': 0.0005035073783380885, 'batch_size': 95}. Best is trial 75 with value: 0.0008793247704296925.
2025-01-18 20:29:09,778 - INFO - Elapsed time: 11460.40 seconds
2025-01-18 20:29:09,779 - INFO - Estimated time left: 0.00 seconds
2025-01-18 20:29:23,257 - INFO - Trial: 82/100, Epoch: 1/10, Val loss: 0.0315, Elapsed time: 0:00:13, Estimated time left: 0:02:01
2025-01-18 20:29:36,306 - INFO - Trial: 82/100, Epoch: 2/10, Val loss: 0.0022, Elapsed time: 0:00:26, Estimated time left: 0:01:44
2025-01-18 20:29:49,460 - INFO - Trial: 82/100, Epoch: 3/10, Val loss: 0.0022, Elapsed time: 0:00:39, Estimated time left: 0:01:32
2025-01-18 20:30:02,589 - INFO - Trial: 82/100, Epoch: 4/10, Val loss: 0.0016, Elapsed time: 0:00:52, Estimated time left: 0:01:18
2025-01-18 20:30:15,673 - INFO - Trial: 82/100, Epoch: 5/10, Val loss: 0.0013, Elapsed time: 0:01:05, Estimated time left: 0:01:05
2025-01-18 20:30:28,634 - INFO - Trial: 82/100, Epoch: 6/10, Val loss: 0.0011, Elapsed time: 0:01:18, Estimated time left: 0:00:51
2025-01-18 20:30:41,552 - INFO - Trial: 82/100, Epoch: 7/10, Val loss: 0.0011, Elapsed time: 0:01:31, Estimated time left: 0:00:38
2025-01-18 20:30:54,503 - INFO - Trial: 82/100, Epoch: 8/10, Val loss: 0.0010, Elapsed time: 0:01:44, Estimated time left: 0:00:25
2025-01-18 20:31:07,427 - INFO - Trial: 82/100, Epoch: 9/10, Val loss: 0.0011, Elapsed time: 0:01:57, Estimated time left: 0:00:12
2025-01-18 20:31:20,384 - INFO - Trial: 82/100, Epoch: 10/10, Val loss: 0.0011, Elapsed time: 0:02:10, Estimated time left: 0:00:00
2025-01-18 20:31:20,386 - INFO - Trial 81 finished with value: 0.0010684687680829101 and parameters: {'hidden_layers': 4, 'n_units_l': 256, 'lr': 0.002151023692238695, 'batch_size': 109}. Best is trial 75 with value: 0.0008793247704296925.
2025-01-18 20:31:20,400 - INFO - Elapsed time: 11591.02 seconds
2025-01-18 20:31:20,400 - INFO - Estimated time left: 0.00 seconds
2025-01-18 20:31:40,457 - INFO - Trial: 83/100, Epoch: 1/10, Val loss: 0.0428, Elapsed time: 0:00:20, Estimated time left: 0:03:00
2025-01-18 20:31:59,888 - INFO - Trial: 83/100, Epoch: 2/10, Val loss: 0.0020, Elapsed time: 0:00:39, Estimated time left: 0:02:35
2025-01-18 20:32:19,445 - INFO - Trial: 83/100, Epoch: 3/10, Val loss: 0.0018, Elapsed time: 0:00:59, Estimated time left: 0:02:16
2025-01-18 20:32:38,361 - INFO - Trial: 83/100, Epoch: 4/10, Val loss: 0.0017, Elapsed time: 0:01:17, Estimated time left: 0:01:53
2025-01-18 20:32:57,648 - INFO - Trial: 83/100, Epoch: 5/10, Val loss: 0.0014, Elapsed time: 0:01:37, Estimated time left: 0:01:36
2025-01-18 20:33:16,774 - INFO - Trial: 83/100, Epoch: 6/10, Val loss: 0.0014, Elapsed time: 0:01:56, Estimated time left: 0:01:16
2025-01-18 20:33:36,327 - INFO - Trial: 83/100, Epoch: 7/10, Val loss: 0.0011, Elapsed time: 0:02:15, Estimated time left: 0:00:58
2025-01-18 20:33:55,785 - INFO - Trial: 83/100, Epoch: 8/10, Val loss: 0.0010, Elapsed time: 0:02:35, Estimated time left: 0:00:38
2025-01-18 20:34:15,358 - INFO - Trial: 83/100, Epoch: 9/10, Val loss: 0.0011, Elapsed time: 0:02:54, Estimated time left: 0:00:19
2025-01-18 20:34:34,936 - INFO - Trial: 83/100, Epoch: 10/10, Val loss: 0.0011, Elapsed time: 0:03:14, Estimated time left: 0:00:00
2025-01-18 20:34:34,939 - INFO - Trial 82 finished with value: 0.0010888859402574252 and parameters: {'hidden_layers': 4, 'n_units_l': 234, 'lr': 0.001363041703688319, 'batch_size': 62}. Best is trial 75 with value: 0.0008793247704296925.
2025-01-18 20:34:34,953 - INFO - Elapsed time: 11785.57 seconds
2025-01-18 20:34:34,953 - INFO - Estimated time left: 0.00 seconds
2025-01-18 20:34:45,376 - INFO - Trial: 84/100, Epoch: 1/10, Val loss: 0.1191, Elapsed time: 0:00:10, Estimated time left: 0:01:33
2025-01-18 20:34:55,568 - INFO - Trial: 84/100, Epoch: 2/10, Val loss: 0.0186, Elapsed time: 0:00:20, Estimated time left: 0:01:21
2025-01-18 20:35:05,715 - INFO - Trial: 84/100, Epoch: 3/10, Val loss: 0.0049, Elapsed time: 0:00:30, Estimated time left: 0:01:11
2025-01-18 20:35:15,839 - INFO - Trial: 84/100, Epoch: 4/10, Val loss: 0.0040, Elapsed time: 0:00:40, Estimated time left: 0:01:00
2025-01-18 20:35:25,940 - INFO - Trial: 84/100, Epoch: 5/10, Val loss: 0.0028, Elapsed time: 0:00:50, Estimated time left: 0:00:50
2025-01-18 20:35:36,063 - INFO - Trial: 84/100, Epoch: 6/10, Val loss: 0.0026, Elapsed time: 0:01:01, Estimated time left: 0:00:40
2025-01-18 20:35:46,167 - INFO - Trial: 84/100, Epoch: 7/10, Val loss: 0.0025, Elapsed time: 0:01:11, Estimated time left: 0:00:30
2025-01-18 20:35:56,294 - INFO - Trial: 84/100, Epoch: 8/10, Val loss: 0.0028, Elapsed time: 0:01:21, Estimated time left: 0:00:20
2025-01-18 20:36:06,488 - INFO - Trial: 84/100, Epoch: 9/10, Val loss: 0.0026, Elapsed time: 0:01:31, Estimated time left: 0:00:10
2025-01-18 20:36:16,559 - INFO - Trial: 84/100, Epoch: 10/10, Val loss: 0.0023, Elapsed time: 0:01:41, Estimated time left: 0:00:00
2025-01-18 20:36:16,561 - INFO - Trial 83 finished with value: 0.0023314038862273538 and parameters: {'hidden_layers': 4, 'n_units_l': 23, 'lr': 0.0007672885541429241, 'batch_size': 134}. Best is trial 75 with value: 0.0008793247704296925.
2025-01-18 20:36:16,575 - INFO - Elapsed time: 11887.19 seconds
2025-01-18 20:36:16,575 - INFO - Estimated time left: 0.00 seconds
2025-01-18 20:36:29,203 - INFO - Trial: 85/100, Epoch: 1/10, Val loss: 0.0568, Elapsed time: 0:00:12, Estimated time left: 0:01:53
2025-01-18 20:36:40,926 - INFO - Trial: 85/100, Epoch: 2/10, Val loss: 0.0029, Elapsed time: 0:00:24, Estimated time left: 0:01:33
2025-01-18 20:36:52,647 - INFO - Trial: 85/100, Epoch: 3/10, Val loss: 0.0022, Elapsed time: 0:00:36, Estimated time left: 0:01:22
2025-01-18 20:37:04,405 - INFO - Trial: 85/100, Epoch: 4/10, Val loss: 0.0025, Elapsed time: 0:00:47, Estimated time left: 0:01:10
2025-01-18 20:37:16,081 - INFO - Trial: 85/100, Epoch: 5/10, Val loss: 0.0020, Elapsed time: 0:00:59, Estimated time left: 0:00:58
2025-01-18 20:37:27,768 - INFO - Trial: 85/100, Epoch: 6/10, Val loss: 0.0018, Elapsed time: 0:01:11, Estimated time left: 0:00:46
2025-01-18 20:37:39,417 - INFO - Trial: 85/100, Epoch: 7/10, Val loss: 0.0018, Elapsed time: 0:01:22, Estimated time left: 0:00:34
2025-01-18 20:37:51,046 - INFO - Trial: 85/100, Epoch: 8/10, Val loss: 0.0016, Elapsed time: 0:01:34, Estimated time left: 0:00:23
2025-01-18 20:38:02,686 - INFO - Trial: 85/100, Epoch: 9/10, Val loss: 0.0015, Elapsed time: 0:01:46, Estimated time left: 0:00:11
2025-01-18 20:38:14,295 - INFO - Trial: 85/100, Epoch: 10/10, Val loss: 0.0015, Elapsed time: 0:01:57, Estimated time left: 0:00:00
2025-01-18 20:38:14,297 - INFO - Trial 84 finished with value: 0.0015282764089600432 and parameters: {'hidden_layers': 5, 'n_units_l': 180, 'lr': 0.0055564464094714295, 'batch_size': 122}. Best is trial 75 with value: 0.0008793247704296925.
2025-01-18 20:38:14,311 - INFO - Elapsed time: 12004.93 seconds
2025-01-18 20:38:14,311 - INFO - Estimated time left: 0.00 seconds
2025-01-18 20:38:24,701 - INFO - Trial: 86/100, Epoch: 1/10, Val loss: 0.1982, Elapsed time: 0:00:10, Estimated time left: 0:01:33
2025-01-18 20:38:34,980 - INFO - Trial: 86/100, Epoch: 2/10, Val loss: 0.0843, Elapsed time: 0:00:20, Estimated time left: 0:01:22
2025-01-18 20:38:45,387 - INFO - Trial: 86/100, Epoch: 3/10, Val loss: 0.0674, Elapsed time: 0:00:31, Estimated time left: 0:01:12
2025-01-18 20:38:55,764 - INFO - Trial: 86/100, Epoch: 4/10, Val loss: 0.0488, Elapsed time: 0:00:41, Estimated time left: 0:01:02
2025-01-18 20:39:06,153 - INFO - Trial: 86/100, Epoch: 5/10, Val loss: 0.0233, Elapsed time: 0:00:51, Estimated time left: 0:00:51
2025-01-18 20:39:16,479 - INFO - Trial: 86/100, Epoch: 6/10, Val loss: 0.0077, Elapsed time: 0:01:02, Estimated time left: 0:00:41
2025-01-18 20:39:26,763 - INFO - Trial: 86/100, Epoch: 7/10, Val loss: 0.0046, Elapsed time: 0:01:12, Estimated time left: 0:00:30
2025-01-18 20:39:37,017 - INFO - Trial: 86/100, Epoch: 8/10, Val loss: 0.0037, Elapsed time: 0:01:22, Estimated time left: 0:00:20
2025-01-18 20:39:47,308 - INFO - Trial: 86/100, Epoch: 9/10, Val loss: 0.0032, Elapsed time: 0:01:32, Estimated time left: 0:00:10
2025-01-18 20:39:57,590 - INFO - Trial: 86/100, Epoch: 10/10, Val loss: 0.0030, Elapsed time: 0:01:43, Estimated time left: 0:00:00
2025-01-18 20:39:57,593 - INFO - Trial 85 finished with value: 0.0029636087415831716 and parameters: {'hidden_layers': 4, 'n_units_l': 158, 'lr': 1.0262469605291374e-05, 'batch_size': 141}. Best is trial 75 with value: 0.0008793247704296925.
2025-01-18 20:39:57,607 - INFO - Elapsed time: 12108.23 seconds
2025-01-18 20:39:57,607 - INFO - Estimated time left: 0.00 seconds
2025-01-18 20:40:26,550 - INFO - Trial: 87/100, Epoch: 1/10, Val loss: 0.0401, Elapsed time: 0:00:28, Estimated time left: 0:04:20
2025-01-18 20:40:53,640 - INFO - Trial: 87/100, Epoch: 2/10, Val loss: 0.0025, Elapsed time: 0:00:56, Estimated time left: 0:03:36
2025-01-18 20:41:20,869 - INFO - Trial: 87/100, Epoch: 3/10, Val loss: 0.0020, Elapsed time: 0:01:23, Estimated time left: 0:03:10
2025-01-18 20:41:47,879 - INFO - Trial: 87/100, Epoch: 4/10, Val loss: 0.0019, Elapsed time: 0:01:50, Estimated time left: 0:02:42
2025-01-18 20:42:15,206 - INFO - Trial: 87/100, Epoch: 5/10, Val loss: 0.0019, Elapsed time: 0:02:17, Estimated time left: 0:02:16
2025-01-18 20:42:42,540 - INFO - Trial: 87/100, Epoch: 6/10, Val loss: 0.0015, Elapsed time: 0:02:44, Estimated time left: 0:01:49
2025-01-18 20:43:10,163 - INFO - Trial: 87/100, Epoch: 7/10, Val loss: 0.0015, Elapsed time: 0:03:12, Estimated time left: 0:01:22
2025-01-18 20:43:37,448 - INFO - Trial: 87/100, Epoch: 8/10, Val loss: 0.0018, Elapsed time: 0:03:39, Estimated time left: 0:00:54
2025-01-18 20:44:04,800 - INFO - Trial: 87/100, Epoch: 9/10, Val loss: 0.0014, Elapsed time: 0:04:07, Estimated time left: 0:00:27
2025-01-18 20:44:32,072 - INFO - Trial: 87/100, Epoch: 10/10, Val loss: 0.0012, Elapsed time: 0:04:34, Estimated time left: 0:00:00
2025-01-18 20:44:32,074 - INFO - Trial 86 finished with value: 0.001230616662499257 and parameters: {'hidden_layers': 4, 'n_units_l': 202, 'lr': 0.0017764815008989474, 'batch_size': 39}. Best is trial 75 with value: 0.0008793247704296925.
2025-01-18 20:44:32,088 - INFO - Elapsed time: 12382.71 seconds
2025-01-18 20:44:32,088 - INFO - Estimated time left: 0.00 seconds
2025-01-18 20:44:47,654 - INFO - Trial: 88/100, Epoch: 1/10, Val loss: 0.0493, Elapsed time: 0:00:15, Estimated time left: 0:02:19
2025-01-18 20:45:02,082 - INFO - Trial: 88/100, Epoch: 2/10, Val loss: 0.0026, Elapsed time: 0:00:29, Estimated time left: 0:01:55
2025-01-18 20:45:16,661 - INFO - Trial: 88/100, Epoch: 3/10, Val loss: 0.0024, Elapsed time: 0:00:44, Estimated time left: 0:01:42
2025-01-18 20:45:31,165 - INFO - Trial: 88/100, Epoch: 4/10, Val loss: 0.0022, Elapsed time: 0:00:59, Estimated time left: 0:01:27
2025-01-18 20:45:45,636 - INFO - Trial: 88/100, Epoch: 5/10, Val loss: 0.0022, Elapsed time: 0:01:13, Estimated time left: 0:01:12
2025-01-18 20:46:00,081 - INFO - Trial: 88/100, Epoch: 6/10, Val loss: 0.0025, Elapsed time: 0:01:27, Estimated time left: 0:00:57
2025-01-18 20:46:14,598 - INFO - Trial: 88/100, Epoch: 7/10, Val loss: 0.0020, Elapsed time: 0:01:42, Estimated time left: 0:00:43
2025-01-18 20:46:29,088 - INFO - Trial: 88/100, Epoch: 8/10, Val loss: 0.0019, Elapsed time: 0:01:56, Estimated time left: 0:00:28
2025-01-18 20:46:43,594 - INFO - Trial: 88/100, Epoch: 9/10, Val loss: 0.0019, Elapsed time: 0:02:11, Estimated time left: 0:00:14
2025-01-18 20:46:58,209 - INFO - Trial: 88/100, Epoch: 10/10, Val loss: 0.0020, Elapsed time: 0:02:26, Estimated time left: 0:00:00
2025-01-18 20:46:58,212 - INFO - Trial 87 finished with value: 0.001993123053145116 and parameters: {'hidden_layers': 3, 'n_units_l': 235, 'lr': 0.009656880939297065, 'batch_size': 81}. Best is trial 75 with value: 0.0008793247704296925.
2025-01-18 20:46:58,226 - INFO - Elapsed time: 12528.84 seconds
2025-01-18 20:46:58,227 - INFO - Estimated time left: 0.00 seconds
2025-01-18 20:47:09,775 - INFO - Trial: 89/100, Epoch: 1/10, Val loss: 0.0216, Elapsed time: 0:00:11, Estimated time left: 0:01:43
2025-01-18 20:47:20,857 - INFO - Trial: 89/100, Epoch: 2/10, Val loss: 0.0024, Elapsed time: 0:00:22, Estimated time left: 0:01:28
2025-01-18 20:47:32,008 - INFO - Trial: 89/100, Epoch: 3/10, Val loss: 0.0018, Elapsed time: 0:00:33, Estimated time left: 0:01:18
2025-01-18 20:47:43,197 - INFO - Trial: 89/100, Epoch: 4/10, Val loss: 0.0020, Elapsed time: 0:00:44, Estimated time left: 0:01:07
2025-01-18 20:47:54,414 - INFO - Trial: 89/100, Epoch: 5/10, Val loss: 0.0019, Elapsed time: 0:00:56, Estimated time left: 0:00:56
2025-01-18 20:48:05,600 - INFO - Trial: 89/100, Epoch: 6/10, Val loss: 0.0017, Elapsed time: 0:01:07, Estimated time left: 0:00:44
2025-01-18 20:48:16,712 - INFO - Trial: 89/100, Epoch: 7/10, Val loss: 0.0013, Elapsed time: 0:01:18, Estimated time left: 0:00:33
2025-01-18 20:48:27,950 - INFO - Trial: 89/100, Epoch: 8/10, Val loss: 0.0025, Elapsed time: 0:01:29, Estimated time left: 0:00:22
2025-01-18 20:48:39,116 - INFO - Trial: 89/100, Epoch: 9/10, Val loss: 0.0011, Elapsed time: 0:01:40, Estimated time left: 0:00:11
2025-01-18 20:48:50,215 - INFO - Trial: 89/100, Epoch: 10/10, Val loss: 0.0011, Elapsed time: 0:01:51, Estimated time left: 0:00:00
2025-01-18 20:48:50,217 - INFO - Trial 88 finished with value: 0.0011152214926651454 and parameters: {'hidden_layers': 3, 'n_units_l': 188, 'lr': 0.0028684443126842166, 'batch_size': 115}. Best is trial 75 with value: 0.0008793247704296925.
2025-01-18 20:48:50,231 - INFO - Elapsed time: 12640.85 seconds
2025-01-18 20:48:50,232 - INFO - Estimated time left: 0.00 seconds
2025-01-18 20:49:00,166 - INFO - Trial: 90/100, Epoch: 1/10, Val loss: 0.1094, Elapsed time: 0:00:09, Estimated time left: 0:01:29
2025-01-18 20:49:09,724 - INFO - Trial: 90/100, Epoch: 2/10, Val loss: 0.0031, Elapsed time: 0:00:19, Estimated time left: 0:01:16
2025-01-18 20:49:19,191 - INFO - Trial: 90/100, Epoch: 3/10, Val loss: 0.0023, Elapsed time: 0:00:28, Estimated time left: 0:01:06
2025-01-18 20:49:28,510 - INFO - Trial: 90/100, Epoch: 4/10, Val loss: 0.0020, Elapsed time: 0:00:38, Estimated time left: 0:00:55
2025-01-18 20:49:38,023 - INFO - Trial: 90/100, Epoch: 5/10, Val loss: 0.0023, Elapsed time: 0:00:47, Estimated time left: 0:00:47
2025-01-18 20:49:47,565 - INFO - Trial: 90/100, Epoch: 6/10, Val loss: 0.0018, Elapsed time: 0:00:57, Estimated time left: 0:00:38
2025-01-18 20:49:57,099 - INFO - Trial: 90/100, Epoch: 7/10, Val loss: 0.0018, Elapsed time: 0:01:06, Estimated time left: 0:00:28
2025-01-18 20:50:06,627 - INFO - Trial: 90/100, Epoch: 8/10, Val loss: 0.0016, Elapsed time: 0:01:16, Estimated time left: 0:00:19
2025-01-18 20:50:16,124 - INFO - Trial: 90/100, Epoch: 9/10, Val loss: 0.0014, Elapsed time: 0:01:25, Estimated time left: 0:00:09
2025-01-18 20:50:25,584 - INFO - Trial: 90/100, Epoch: 10/10, Val loss: 0.0016, Elapsed time: 0:01:35, Estimated time left: 0:00:00
2025-01-18 20:50:25,586 - INFO - Trial 89 finished with value: 0.0015627596709877252 and parameters: {'hidden_layers': 5, 'n_units_l': 124, 'lr': 0.0011508319234861523, 'batch_size': 160}. Best is trial 75 with value: 0.0008793247704296925.
2025-01-18 20:50:25,601 - INFO - Elapsed time: 12736.22 seconds
2025-01-18 20:50:25,601 - INFO - Estimated time left: 0.00 seconds
2025-01-18 20:50:35,466 - INFO - Trial: 91/100, Epoch: 1/10, Val loss: 0.0399, Elapsed time: 0:00:09, Estimated time left: 0:01:28
2025-01-18 20:50:45,042 - INFO - Trial: 91/100, Epoch: 2/10, Val loss: 0.0023, Elapsed time: 0:00:19, Estimated time left: 0:01:16
2025-01-18 20:50:54,751 - INFO - Trial: 91/100, Epoch: 3/10, Val loss: 0.0022, Elapsed time: 0:00:29, Estimated time left: 0:01:07
2025-01-18 20:51:04,451 - INFO - Trial: 91/100, Epoch: 4/10, Val loss: 0.0020, Elapsed time: 0:00:38, Estimated time left: 0:00:58
2025-01-18 20:51:14,130 - INFO - Trial: 91/100, Epoch: 5/10, Val loss: 0.0015, Elapsed time: 0:00:48, Estimated time left: 0:00:48
2025-01-18 20:51:23,845 - INFO - Trial: 91/100, Epoch: 6/10, Val loss: 0.0024, Elapsed time: 0:00:58, Estimated time left: 0:00:38
2025-01-18 20:51:33,526 - INFO - Trial: 91/100, Epoch: 7/10, Val loss: 0.0011, Elapsed time: 0:01:07, Estimated time left: 0:00:29
2025-01-18 20:51:43,169 - INFO - Trial: 91/100, Epoch: 8/10, Val loss: 0.0013, Elapsed time: 0:01:17, Estimated time left: 0:00:19
2025-01-18 20:51:52,806 - INFO - Trial: 91/100, Epoch: 9/10, Val loss: 0.0017, Elapsed time: 0:01:27, Estimated time left: 0:00:09
2025-01-18 20:52:02,449 - INFO - Trial: 91/100, Epoch: 10/10, Val loss: 0.0011, Elapsed time: 0:01:36, Estimated time left: 0:00:00
