2025-01-18 20:52:02,451 - INFO - Trial 90 finished with value: 0.0011498422801433476 and parameters: {'hidden_layers': 4, 'n_units_l': 218, 'lr': 0.004220128480740882, 'batch_size': 173}. Best is trial 75 with value: 0.0008793247704296925.
2025-01-18 20:52:02,466 - INFO - Elapsed time: 12833.08 seconds
2025-01-18 20:52:02,466 - INFO - Estimated time left: 0.00 seconds
2025-01-18 20:52:16,582 - INFO - Trial: 92/100, Epoch: 1/10, Val loss: 0.0161, Elapsed time: 0:00:14, Estimated time left: 0:02:06
2025-01-18 20:52:29,707 - INFO - Trial: 92/100, Epoch: 2/10, Val loss: 0.0023, Elapsed time: 0:00:27, Estimated time left: 0:01:44
2025-01-18 20:52:43,022 - INFO - Trial: 92/100, Epoch: 3/10, Val loss: 0.0021, Elapsed time: 0:00:40, Estimated time left: 0:01:33
2025-01-18 20:52:56,485 - INFO - Trial: 92/100, Epoch: 4/10, Val loss: 0.0020, Elapsed time: 0:00:53, Estimated time left: 0:01:20
2025-01-18 20:53:09,945 - INFO - Trial: 92/100, Epoch: 5/10, Val loss: 0.0014, Elapsed time: 0:01:07, Estimated time left: 0:01:07
2025-01-18 20:53:23,357 - INFO - Trial: 92/100, Epoch: 6/10, Val loss: 0.0014, Elapsed time: 0:01:20, Estimated time left: 0:00:53
2025-01-18 20:53:36,705 - INFO - Trial: 92/100, Epoch: 7/10, Val loss: 0.0012, Elapsed time: 0:01:34, Estimated time left: 0:00:40
2025-01-18 20:53:50,077 - INFO - Trial: 92/100, Epoch: 8/10, Val loss: 0.0011, Elapsed time: 0:01:47, Estimated time left: 0:00:26
2025-01-18 20:54:03,457 - INFO - Trial: 92/100, Epoch: 9/10, Val loss: 0.0011, Elapsed time: 0:02:00, Estimated time left: 0:00:13
2025-01-18 20:54:16,787 - INFO - Trial: 92/100, Epoch: 10/10, Val loss: 0.0010, Elapsed time: 0:02:14, Estimated time left: 0:00:00
2025-01-18 20:54:16,790 - INFO - Trial 91 finished with value: 0.001023690462993134 and parameters: {'hidden_layers': 3, 'n_units_l': 183, 'lr': 0.0012912752286373859, 'batch_size': 87}. Best is trial 75 with value: 0.0008793247704296925.
2025-01-18 20:54:16,805 - INFO - Elapsed time: 12967.42 seconds
2025-01-18 20:54:16,805 - INFO - Estimated time left: 0.00 seconds
2025-01-18 20:54:29,667 - INFO - Trial: 93/100, Epoch: 1/10, Val loss: 0.0093, Elapsed time: 0:00:12, Estimated time left: 0:01:55
2025-01-18 20:54:42,999 - INFO - Trial: 93/100, Epoch: 2/10, Val loss: 0.0025, Elapsed time: 0:00:26, Estimated time left: 0:01:46
2025-01-18 20:54:56,585 - INFO - Trial: 93/100, Epoch: 3/10, Val loss: 0.0017, Elapsed time: 0:00:39, Estimated time left: 0:01:35
2025-01-18 20:55:10,278 - INFO - Trial: 93/100, Epoch: 4/10, Val loss: 0.0019, Elapsed time: 0:00:53, Estimated time left: 0:01:22
2025-01-18 20:55:24,066 - INFO - Trial: 93/100, Epoch: 5/10, Val loss: 0.0016, Elapsed time: 0:01:07, Estimated time left: 0:01:08
2025-01-18 20:55:37,843 - INFO - Trial: 93/100, Epoch: 6/10, Val loss: 0.0016, Elapsed time: 0:01:21, Estimated time left: 0:00:55
2025-01-18 20:55:51,496 - INFO - Trial: 93/100, Epoch: 7/10, Val loss: 0.0013, Elapsed time: 0:01:34, Estimated time left: 0:00:40
2025-01-18 20:56:05,275 - INFO - Trial: 93/100, Epoch: 8/10, Val loss: 0.0013, Elapsed time: 0:01:48, Estimated time left: 0:00:27
2025-01-18 20:56:18,938 - INFO - Trial: 93/100, Epoch: 9/10, Val loss: 0.0012, Elapsed time: 0:02:02, Estimated time left: 0:00:13
2025-01-18 20:56:32,688 - INFO - Trial: 93/100, Epoch: 10/10, Val loss: 0.0012, Elapsed time: 0:02:15, Estimated time left: 0:00:00
2025-01-18 20:56:32,691 - INFO - Trial 92 finished with value: 0.0012263106432257463 and parameters: {'hidden_layers': 2, 'n_units_l': 255, 'lr': 0.0016460144415135322, 'batch_size': 87}. Best is trial 75 with value: 0.0008793247704296925.
2025-01-18 20:56:32,706 - INFO - Elapsed time: 13103.32 seconds
2025-01-18 20:56:32,706 - INFO - Estimated time left: 0.00 seconds
2025-01-18 20:56:43,899 - INFO - Trial: 94/100, Epoch: 1/10, Val loss: 0.0315, Elapsed time: 0:00:11, Estimated time left: 0:01:40
2025-01-18 20:56:54,305 - INFO - Trial: 94/100, Epoch: 2/10, Val loss: 0.0021, Elapsed time: 0:00:21, Estimated time left: 0:01:23
2025-01-18 20:57:04,922 - INFO - Trial: 94/100, Epoch: 3/10, Val loss: 0.0019, Elapsed time: 0:00:32, Estimated time left: 0:01:14
2025-01-18 20:57:15,501 - INFO - Trial: 94/100, Epoch: 4/10, Val loss: 0.0017, Elapsed time: 0:00:42, Estimated time left: 0:01:03
2025-01-18 20:57:26,099 - INFO - Trial: 94/100, Epoch: 5/10, Val loss: 0.0016, Elapsed time: 0:00:53, Estimated time left: 0:00:52
2025-01-18 20:57:36,677 - INFO - Trial: 94/100, Epoch: 6/10, Val loss: 0.0017, Elapsed time: 0:01:03, Estimated time left: 0:00:42
2025-01-18 20:57:47,187 - INFO - Trial: 94/100, Epoch: 7/10, Val loss: 0.0013, Elapsed time: 0:01:14, Estimated time left: 0:00:31
2025-01-18 20:57:57,664 - INFO - Trial: 94/100, Epoch: 8/10, Val loss: 0.0011, Elapsed time: 0:01:24, Estimated time left: 0:00:20
2025-01-18 20:58:08,576 - INFO - Trial: 94/100, Epoch: 9/10, Val loss: 0.0012, Elapsed time: 0:01:35, Estimated time left: 0:00:10
2025-01-18 20:58:19,151 - INFO - Trial: 94/100, Epoch: 10/10, Val loss: 0.0011, Elapsed time: 0:01:46, Estimated time left: 0:00:00
2025-01-18 20:58:19,153 - INFO - Trial 93 finished with value: 0.0011307957395586198 and parameters: {'hidden_layers': 3, 'n_units_l': 206, 'lr': 0.002202877643960097, 'batch_size': 127}. Best is trial 75 with value: 0.0008793247704296925.
2025-01-18 20:58:19,168 - INFO - Elapsed time: 13209.79 seconds
2025-01-18 20:58:19,169 - INFO - Estimated time left: 0.00 seconds
2025-01-18 20:59:22,517 - INFO - Trial: 95/100, Epoch: 1/10, Val loss: 0.0344, Elapsed time: 0:01:03, Estimated time left: 0:09:29
2025-01-18 21:00:21,659 - INFO - Trial: 95/100, Epoch: 2/10, Val loss: 0.0022, Elapsed time: 0:02:02, Estimated time left: 0:07:53
2025-01-18 21:01:21,916 - INFO - Trial: 95/100, Epoch: 3/10, Val loss: 0.0019, Elapsed time: 0:03:02, Estimated time left: 0:07:01
2025-01-18 21:02:22,238 - INFO - Trial: 95/100, Epoch: 4/10, Val loss: 0.0018, Elapsed time: 0:04:03, Estimated time left: 0:06:01
2025-01-18 21:03:22,586 - INFO - Trial: 95/100, Epoch: 5/10, Val loss: 0.0016, Elapsed time: 0:05:03, Estimated time left: 0:05:01
2025-01-18 21:04:22,721 - INFO - Trial: 95/100, Epoch: 6/10, Val loss: 0.0016, Elapsed time: 0:06:03, Estimated time left: 0:04:00
2025-01-18 21:05:22,761 - INFO - Trial: 95/100, Epoch: 7/10, Val loss: 0.0014, Elapsed time: 0:07:03, Estimated time left: 0:03:00
2025-01-18 21:06:22,823 - INFO - Trial: 95/100, Epoch: 8/10, Val loss: 0.0013, Elapsed time: 0:08:03, Estimated time left: 0:02:00
2025-01-18 21:07:22,872 - INFO - Trial: 95/100, Epoch: 9/10, Val loss: 0.0012, Elapsed time: 0:09:03, Estimated time left: 0:01:00
2025-01-18 21:08:22,892 - INFO - Trial: 95/100, Epoch: 10/10, Val loss: 0.0012, Elapsed time: 0:10:03, Estimated time left: 0:00:00
2025-01-18 21:08:22,895 - INFO - Trial 94 finished with value: 0.0011718467335205059 and parameters: {'hidden_layers': 4, 'n_units_l': 168, 'lr': 0.0008856195718451568, 'batch_size': 16}. Best is trial 75 with value: 0.0008793247704296925.
2025-01-18 21:08:22,910 - INFO - Elapsed time: 13813.53 seconds
2025-01-18 21:08:22,911 - INFO - Estimated time left: 0.00 seconds
2025-01-18 21:08:38,831 - INFO - Trial: 96/100, Epoch: 1/10, Val loss: 0.0760, Elapsed time: 0:00:15, Estimated time left: 0:02:23
2025-01-18 21:08:53,821 - INFO - Trial: 96/100, Epoch: 2/10, Val loss: 0.0031, Elapsed time: 0:00:30, Estimated time left: 0:01:59
2025-01-18 21:09:08,857 - INFO - Trial: 96/100, Epoch: 3/10, Val loss: 0.0020, Elapsed time: 0:00:45, Estimated time left: 0:01:45
2025-01-18 21:09:23,876 - INFO - Trial: 96/100, Epoch: 4/10, Val loss: 0.0018, Elapsed time: 0:01:00, Estimated time left: 0:01:30
2025-01-18 21:09:38,860 - INFO - Trial: 96/100, Epoch: 5/10, Val loss: 0.0022, Elapsed time: 0:01:15, Estimated time left: 0:01:14
2025-01-18 21:09:53,836 - INFO - Trial: 96/100, Epoch: 6/10, Val loss: 0.0017, Elapsed time: 0:01:30, Estimated time left: 0:00:59
2025-01-18 21:10:08,749 - INFO - Trial: 96/100, Epoch: 7/10, Val loss: 0.0013, Elapsed time: 0:01:45, Estimated time left: 0:00:44
2025-01-18 21:10:23,652 - INFO - Trial: 96/100, Epoch: 8/10, Val loss: 0.0012, Elapsed time: 0:02:00, Estimated time left: 0:00:29
2025-01-18 21:10:38,561 - INFO - Trial: 96/100, Epoch: 9/10, Val loss: 0.0011, Elapsed time: 0:02:15, Estimated time left: 0:00:14
2025-01-18 21:10:53,494 - INFO - Trial: 96/100, Epoch: 10/10, Val loss: 0.0009, Elapsed time: 0:02:30, Estimated time left: 0:00:00
2025-01-18 21:10:53,497 - INFO - Trial 95 finished with value: 0.0009363251122592303 and parameters: {'hidden_layers': 7, 'n_units_l': 232, 'lr': 0.0006660436051499889, 'batch_size': 104}. Best is trial 75 with value: 0.0008793247704296925.
2025-01-18 21:10:53,512 - INFO - Elapsed time: 13964.13 seconds
2025-01-18 21:10:53,513 - INFO - Estimated time left: 0.00 seconds
2025-01-18 21:11:09,016 - INFO - Trial: 97/100, Epoch: 1/10, Val loss: 0.1166, Elapsed time: 0:00:15, Estimated time left: 0:02:19
2025-01-18 21:11:23,584 - INFO - Trial: 97/100, Epoch: 2/10, Val loss: 0.0025, Elapsed time: 0:00:30, Estimated time left: 0:01:56
2025-01-18 21:11:38,245 - INFO - Trial: 97/100, Epoch: 3/10, Val loss: 0.0021, Elapsed time: 0:00:44, Estimated time left: 0:01:42
2025-01-18 21:11:52,892 - INFO - Trial: 97/100, Epoch: 4/10, Val loss: 0.0027, Elapsed time: 0:00:59, Estimated time left: 0:01:27
2025-01-18 21:12:07,550 - INFO - Trial: 97/100, Epoch: 5/10, Val loss: 0.0017, Elapsed time: 0:01:14, Estimated time left: 0:01:13
2025-01-18 21:12:22,171 - INFO - Trial: 97/100, Epoch: 6/10, Val loss: 0.0015, Elapsed time: 0:01:28, Estimated time left: 0:00:58
2025-01-18 21:12:36,775 - INFO - Trial: 97/100, Epoch: 7/10, Val loss: 0.0015, Elapsed time: 0:01:43, Estimated time left: 0:00:43
2025-01-18 21:12:51,372 - INFO - Trial: 97/100, Epoch: 8/10, Val loss: 0.0013, Elapsed time: 0:01:57, Estimated time left: 0:00:29
2025-01-18 21:13:06,337 - INFO - Trial: 97/100, Epoch: 9/10, Val loss: 0.0011, Elapsed time: 0:02:12, Estimated time left: 0:00:14
2025-01-18 21:13:20,937 - INFO - Trial: 97/100, Epoch: 10/10, Val loss: 0.0009, Elapsed time: 0:02:27, Estimated time left: 0:00:00
2025-01-18 21:13:20,939 - INFO - Trial 96 finished with value: 0.0009462355632947529 and parameters: {'hidden_layers': 7, 'n_units_l': 234, 'lr': 0.0003277133500705373, 'batch_size': 107}. Best is trial 75 with value: 0.0008793247704296925.
2025-01-18 21:13:20,955 - INFO - Elapsed time: 14111.57 seconds
2025-01-18 21:13:20,955 - INFO - Estimated time left: 0.00 seconds
2025-01-18 21:13:36,873 - INFO - Trial: 98/100, Epoch: 1/10, Val loss: 0.1173, Elapsed time: 0:00:15, Estimated time left: 0:02:23
2025-01-18 21:13:51,868 - INFO - Trial: 98/100, Epoch: 2/10, Val loss: 0.0023, Elapsed time: 0:00:30, Estimated time left: 0:01:59
2025-01-18 21:14:06,911 - INFO - Trial: 98/100, Epoch: 3/10, Val loss: 0.0025, Elapsed time: 0:00:45, Estimated time left: 0:01:45
2025-01-18 21:14:21,948 - INFO - Trial: 98/100, Epoch: 4/10, Val loss: 0.0020, Elapsed time: 0:01:00, Estimated time left: 0:01:30
2025-01-18 21:14:36,955 - INFO - Trial: 98/100, Epoch: 5/10, Val loss: 0.0016, Elapsed time: 0:01:15, Estimated time left: 0:01:15
2025-01-18 21:14:51,929 - INFO - Trial: 98/100, Epoch: 6/10, Val loss: 0.0017, Elapsed time: 0:01:30, Estimated time left: 0:00:59
2025-01-18 21:15:06,909 - INFO - Trial: 98/100, Epoch: 7/10, Val loss: 0.0012, Elapsed time: 0:01:45, Estimated time left: 0:00:44
2025-01-18 21:15:21,857 - INFO - Trial: 98/100, Epoch: 8/10, Val loss: 0.0014, Elapsed time: 0:02:00, Estimated time left: 0:00:29
2025-01-18 21:15:36,808 - INFO - Trial: 98/100, Epoch: 9/10, Val loss: 0.0010, Elapsed time: 0:02:15, Estimated time left: 0:00:14
2025-01-18 21:15:51,755 - INFO - Trial: 98/100, Epoch: 10/10, Val loss: 0.0009, Elapsed time: 0:02:30, Estimated time left: 0:00:00
2025-01-18 21:15:51,757 - INFO - Trial 97 finished with value: 0.0008980986798531134 and parameters: {'hidden_layers': 7, 'n_units_l': 236, 'lr': 0.00039884957122636645, 'batch_size': 104}. Best is trial 75 with value: 0.0008793247704296925.
2025-01-18 21:15:51,773 - INFO - Elapsed time: 14262.39 seconds
2025-01-18 21:15:51,774 - INFO - Estimated time left: 0.00 seconds
2025-01-18 21:16:07,818 - INFO - Trial: 99/100, Epoch: 1/10, Val loss: 0.1074, Elapsed time: 0:00:16, Estimated time left: 0:02:24
2025-01-18 21:16:22,885 - INFO - Trial: 99/100, Epoch: 2/10, Val loss: 0.0030, Elapsed time: 0:00:31, Estimated time left: 0:02:00
2025-01-18 21:16:38,023 - INFO - Trial: 99/100, Epoch: 3/10, Val loss: 0.0022, Elapsed time: 0:00:46, Estimated time left: 0:01:45
2025-01-18 21:16:53,199 - INFO - Trial: 99/100, Epoch: 4/10, Val loss: 0.0020, Elapsed time: 0:01:01, Estimated time left: 0:01:31
2025-01-18 21:17:08,334 - INFO - Trial: 99/100, Epoch: 5/10, Val loss: 0.0018, Elapsed time: 0:01:16, Estimated time left: 0:01:15
2025-01-18 21:17:23,449 - INFO - Trial: 99/100, Epoch: 6/10, Val loss: 0.0016, Elapsed time: 0:01:31, Estimated time left: 0:01:00
2025-01-18 21:17:38,600 - INFO - Trial: 99/100, Epoch: 7/10, Val loss: 0.0017, Elapsed time: 0:01:46, Estimated time left: 0:00:45
2025-01-18 21:17:53,756 - INFO - Trial: 99/100, Epoch: 8/10, Val loss: 0.0012, Elapsed time: 0:02:01, Estimated time left: 0:00:30
2025-01-18 21:18:08,922 - INFO - Trial: 99/100, Epoch: 9/10, Val loss: 0.0012, Elapsed time: 0:02:17, Estimated time left: 0:00:15
2025-01-18 21:18:24,174 - INFO - Trial: 99/100, Epoch: 10/10, Val loss: 0.0011, Elapsed time: 0:02:32, Estimated time left: 0:00:00
2025-01-18 21:18:24,177 - INFO - Trial 98 finished with value: 0.0011334674497434614 and parameters: {'hidden_layers': 7, 'n_units_l': 210, 'lr': 0.00028209109353063473, 'batch_size': 104}. Best is trial 75 with value: 0.0008793247704296925.
2025-01-18 21:18:24,193 - INFO - Elapsed time: 14414.81 seconds
2025-01-18 21:18:24,193 - INFO - Estimated time left: 0.00 seconds
2025-01-18 21:18:40,807 - INFO - Trial: 100/100, Epoch: 1/10, Val loss: 0.1576, Elapsed time: 0:00:16, Estimated time left: 0:02:29
2025-01-18 21:18:56,373 - INFO - Trial: 100/100, Epoch: 2/10, Val loss: 0.0030, Elapsed time: 0:00:32, Estimated time left: 0:02:04
2025-01-18 21:19:11,883 - INFO - Trial: 100/100, Epoch: 3/10, Val loss: 0.0024, Elapsed time: 0:00:47, Estimated time left: 0:01:48
2025-01-18 21:19:27,422 - INFO - Trial: 100/100, Epoch: 4/10, Val loss: 0.0023, Elapsed time: 0:01:03, Estimated time left: 0:01:33
2025-01-18 21:19:42,997 - INFO - Trial: 100/100, Epoch: 5/10, Val loss: 0.0024, Elapsed time: 0:01:18, Estimated time left: 0:01:17
2025-01-18 21:19:58,492 - INFO - Trial: 100/100, Epoch: 6/10, Val loss: 0.0025, Elapsed time: 0:01:34, Estimated time left: 0:01:01
2025-01-18 21:20:13,983 - INFO - Trial: 100/100, Epoch: 7/10, Val loss: 0.0016, Elapsed time: 0:01:49, Estimated time left: 0:00:46
2025-01-18 21:20:29,447 - INFO - Trial: 100/100, Epoch: 8/10, Val loss: 0.0017, Elapsed time: 0:02:05, Estimated time left: 0:00:30
2025-01-18 21:20:44,943 - INFO - Trial: 100/100, Epoch: 9/10, Val loss: 0.0014, Elapsed time: 0:02:20, Estimated time left: 0:00:15
2025-01-18 21:21:00,421 - INFO - Trial: 100/100, Epoch: 10/10, Val loss: 0.0014, Elapsed time: 0:02:36, Estimated time left: 0:00:00
2025-01-18 21:21:00,423 - INFO - Trial 99 finished with value: 0.00140219852143291 and parameters: {'hidden_layers': 7, 'n_units_l': 151, 'lr': 0.00018569978550400014, 'batch_size': 93}. Best is trial 75 with value: 0.0008793247704296925.
2025-01-18 21:21:00,439 - INFO - Elapsed time: 14571.06 seconds
2025-01-18 21:21:00,440 - INFO - Estimated time left: 0.00 seconds
2025-01-18 21:21:00,440 - INFO - Total optimization time: 14571.07 seconds
2025-01-18 21:21:00,440 - INFO - Best trial:
2025-01-18 21:21:00,441 - INFO -   Value: 0.0008793247704296925
2025-01-18 21:21:00,441 - INFO -   Params:
2025-01-18 21:21:00,441 - INFO -     hidden_layers: 3
2025-01-18 21:21:00,441 - INFO -     n_units_l: 236
2025-01-18 21:21:00,441 - INFO -     lr: 0.0012606645055457453
2025-01-18 21:21:00,442 - INFO -     batch_size: 105
2025-01-18 21:21:00,442 - INFO - Best trial number: 75
