2025-01-29 12:19:55,128 - INFO - Trial 8 finished with value: 0.00154911946100327 and parameters: {'hidden_layers': 7, 'n_units_l': 238, 'lr': 0.0066432223474452035, 'batch_size': 72}. Best is trial 8 with value: 0.00154911946100327.
2025-01-29 12:19:55,129 - INFO - Elapsed time: 2570.72 seconds
2025-01-29 12:19:55,129 - INFO - Estimated time left: 0.00 seconds
2025-01-29 12:20:08,893 - INFO - Trial: 10/100, Epoch: 1/15, Val loss: 0.0962, Elapsed time: 0:00:13, Estimated time left: 0:03:12
2025-01-29 12:20:21,614 - INFO - Trial: 10/100, Epoch: 2/15, Val loss: 0.0503, Elapsed time: 0:00:26, Estimated time left: 0:02:45
2025-01-29 12:20:34,507 - INFO - Trial: 10/100, Epoch: 3/15, Val loss: 0.0491, Elapsed time: 0:00:39, Estimated time left: 0:02:34
2025-01-29 12:20:47,238 - INFO - Trial: 10/100, Epoch: 4/15, Val loss: 0.0219, Elapsed time: 0:00:52, Estimated time left: 0:02:20
2025-01-29 12:20:59,969 - INFO - Trial: 10/100, Epoch: 5/15, Val loss: 0.0075, Elapsed time: 0:01:04, Estimated time left: 0:02:07
2025-01-29 12:21:12,856 - INFO - Trial: 10/100, Epoch: 6/15, Val loss: 0.0076, Elapsed time: 0:01:17, Estimated time left: 0:01:55
2025-01-29 12:21:25,584 - INFO - Trial: 10/100, Epoch: 7/15, Val loss: 0.0066, Elapsed time: 0:01:30, Estimated time left: 0:01:41
2025-01-29 12:21:38,315 - INFO - Trial: 10/100, Epoch: 8/15, Val loss: 0.0075, Elapsed time: 0:01:43, Estimated time left: 0:01:29
2025-01-29 12:21:51,150 - INFO - Trial: 10/100, Epoch: 9/15, Val loss: 0.0077, Elapsed time: 0:01:56, Estimated time left: 0:01:17
2025-01-29 12:22:03,853 - INFO - Trial: 10/100, Epoch: 10/15, Val loss: 0.0092, Elapsed time: 0:02:08, Estimated time left: 0:01:03
2025-01-29 12:22:16,608 - INFO - Trial: 10/100, Epoch: 11/15, Val loss: 0.0077, Elapsed time: 0:02:21, Estimated time left: 0:00:51
2025-01-29 12:22:29,314 - INFO - Trial: 10/100, Epoch: 12/15, Val loss: 0.0078, Elapsed time: 0:02:34, Estimated time left: 0:00:38
2025-01-29 12:22:42,029 - INFO - Trial: 10/100, Epoch: 13/15, Val loss: 0.0075, Elapsed time: 0:02:46, Estimated time left: 0:00:25
2025-01-29 12:22:54,959 - INFO - Trial: 10/100, Epoch: 14/15, Val loss: 0.0071, Elapsed time: 0:02:59, Estimated time left: 0:00:12
2025-01-29 12:23:07,670 - INFO - Trial: 10/100, Epoch: 15/15, Val loss: 0.0064, Elapsed time: 0:03:12, Estimated time left: 0:00:00
2025-01-29 12:23:07,671 - INFO - Trial 9 finished with value: 0.006380355341320646 and parameters: {'hidden_layers': 3, 'n_units_l': 18, 'lr': 0.02545774565507628, 'batch_size': 64}. Best is trial 8 with value: 0.00154911946100327.
2025-01-29 12:23:07,672 - INFO - Elapsed time: 2763.26 seconds
2025-01-29 12:23:07,672 - INFO - Estimated time left: 0.00 seconds
2025-01-29 12:23:14,708 - INFO - Trial: 11/100, Epoch: 1/15, Val loss: 0.3678, Elapsed time: 0:00:07, Estimated time left: 0:01:38
2025-01-29 12:23:21,316 - INFO - Trial: 11/100, Epoch: 2/15, Val loss: 0.0723, Elapsed time: 0:00:13, Estimated time left: 0:01:25
2025-01-29 12:23:27,966 - INFO - Trial: 11/100, Epoch: 3/15, Val loss: 0.0273, Elapsed time: 0:00:20, Estimated time left: 0:01:19
2025-01-29 12:23:34,716 - INFO - Trial: 11/100, Epoch: 4/15, Val loss: 0.0089, Elapsed time: 0:00:27, Estimated time left: 0:01:14
2025-01-29 12:23:41,360 - INFO - Trial: 11/100, Epoch: 5/15, Val loss: 0.0052, Elapsed time: 0:00:33, Estimated time left: 0:01:06
2025-01-29 12:23:47,948 - INFO - Trial: 11/100, Epoch: 6/15, Val loss: 0.0037, Elapsed time: 0:00:40, Estimated time left: 0:00:59
2025-01-29 12:23:54,585 - INFO - Trial: 11/100, Epoch: 7/15, Val loss: 0.0030, Elapsed time: 0:00:46, Estimated time left: 0:00:53
2025-01-29 12:24:01,202 - INFO - Trial: 11/100, Epoch: 8/15, Val loss: 0.0026, Elapsed time: 0:00:53, Estimated time left: 0:00:46
2025-01-29 12:24:08,018 - INFO - Trial: 11/100, Epoch: 9/15, Val loss: 0.0023, Elapsed time: 0:01:00, Estimated time left: 0:00:40
2025-01-29 12:24:14,649 - INFO - Trial: 11/100, Epoch: 10/15, Val loss: 0.0021, Elapsed time: 0:01:06, Estimated time left: 0:00:33
2025-01-29 12:24:21,251 - INFO - Trial: 11/100, Epoch: 11/15, Val loss: 0.0020, Elapsed time: 0:01:13, Estimated time left: 0:00:26
2025-01-29 12:24:27,866 - INFO - Trial: 11/100, Epoch: 12/15, Val loss: 0.0019, Elapsed time: 0:01:20, Estimated time left: 0:00:19
2025-01-29 12:24:34,485 - INFO - Trial: 11/100, Epoch: 13/15, Val loss: 0.0019, Elapsed time: 0:01:26, Estimated time left: 0:00:13
2025-01-29 12:24:41,109 - INFO - Trial: 11/100, Epoch: 14/15, Val loss: 0.0018, Elapsed time: 0:01:33, Estimated time left: 0:00:06
2025-01-29 12:24:47,927 - INFO - Trial: 11/100, Epoch: 15/15, Val loss: 0.0017, Elapsed time: 0:01:40, Estimated time left: 0:00:00
2025-01-29 12:24:47,929 - INFO - Trial 10 finished with value: 0.0017302970627857612 and parameters: {'hidden_layers': 7, 'n_units_l': 240, 'lr': 1.7065670313456607e-05, 'batch_size': 248}. Best is trial 8 with value: 0.00154911946100327.
2025-01-29 12:24:47,929 - INFO - Elapsed time: 2863.52 seconds
2025-01-29 12:24:47,929 - INFO - Estimated time left: 0.00 seconds
2025-01-29 12:24:55,399 - INFO - Trial: 12/100, Epoch: 1/15, Val loss: 0.3551, Elapsed time: 0:00:07, Estimated time left: 0:01:44
2025-01-29 12:25:02,415 - INFO - Trial: 12/100, Epoch: 2/15, Val loss: 0.0751, Elapsed time: 0:00:14, Estimated time left: 0:01:31
2025-01-29 12:25:09,437 - INFO - Trial: 12/100, Epoch: 3/15, Val loss: 0.0466, Elapsed time: 0:00:21, Estimated time left: 0:01:24
2025-01-29 12:25:16,449 - INFO - Trial: 12/100, Epoch: 4/15, Val loss: 0.0123, Elapsed time: 0:00:28, Estimated time left: 0:01:17
2025-01-29 12:25:23,742 - INFO - Trial: 12/100, Epoch: 5/15, Val loss: 0.0062, Elapsed time: 0:00:35, Estimated time left: 0:01:12
2025-01-29 12:25:30,763 - INFO - Trial: 12/100, Epoch: 6/15, Val loss: 0.0043, Elapsed time: 0:00:42, Estimated time left: 0:01:03
2025-01-29 12:25:37,780 - INFO - Trial: 12/100, Epoch: 7/15, Val loss: 0.0034, Elapsed time: 0:00:49, Estimated time left: 0:00:56
2025-01-29 12:25:44,785 - INFO - Trial: 12/100, Epoch: 8/15, Val loss: 0.0029, Elapsed time: 0:00:56, Estimated time left: 0:00:49
2025-01-29 12:25:51,853 - INFO - Trial: 12/100, Epoch: 9/15, Val loss: 0.0028, Elapsed time: 0:01:03, Estimated time left: 0:00:42
2025-01-29 12:25:58,918 - INFO - Trial: 12/100, Epoch: 10/15, Val loss: 0.0024, Elapsed time: 0:01:10, Estimated time left: 0:00:35
2025-01-29 12:26:06,091 - INFO - Trial: 12/100, Epoch: 11/15, Val loss: 0.0022, Elapsed time: 0:01:18, Estimated time left: 0:00:28
2025-01-29 12:26:13,107 - INFO - Trial: 12/100, Epoch: 12/15, Val loss: 0.0023, Elapsed time: 0:01:25, Estimated time left: 0:00:21
2025-01-29 12:26:20,134 - INFO - Trial: 12/100, Epoch: 13/15, Val loss: 0.0021, Elapsed time: 0:01:32, Estimated time left: 0:00:14
2025-01-29 12:26:27,131 - INFO - Trial: 12/100, Epoch: 14/15, Val loss: 0.0020, Elapsed time: 0:01:39, Estimated time left: 0:00:06
2025-01-29 12:26:34,125 - INFO - Trial: 12/100, Epoch: 15/15, Val loss: 0.0020, Elapsed time: 0:01:46, Estimated time left: 0:00:00
2025-01-29 12:26:34,126 - INFO - Trial 11 finished with value: 0.001990094195619036 and parameters: {'hidden_layers': 7, 'n_units_l': 253, 'lr': 1.1932280684045771e-05, 'batch_size': 231}. Best is trial 8 with value: 0.00154911946100327.
2025-01-29 12:26:34,127 - INFO - Elapsed time: 2969.72 seconds
2025-01-29 12:26:34,127 - INFO - Estimated time left: 0.00 seconds
2025-01-29 12:27:20,789 - INFO - Trial: 13/100, Epoch: 1/15, Val loss: 0.2707, Elapsed time: 0:00:46, Estimated time left: 0:10:53
2025-01-29 12:28:03,858 - INFO - Trial: 13/100, Epoch: 2/15, Val loss: 0.0035, Elapsed time: 0:01:29, Estimated time left: 0:09:19
2025-01-29 12:28:47,400 - INFO - Trial: 13/100, Epoch: 3/15, Val loss: 0.0022, Elapsed time: 0:02:13, Estimated time left: 0:08:42
2025-01-29 12:29:30,175 - INFO - Trial: 13/100, Epoch: 4/15, Val loss: 0.0020, Elapsed time: 0:02:56, Estimated time left: 0:07:50
2025-01-29 12:30:13,096 - INFO - Trial: 13/100, Epoch: 5/15, Val loss: 0.0018, Elapsed time: 0:03:38, Estimated time left: 0:07:09
2025-01-29 12:30:56,097 - INFO - Trial: 13/100, Epoch: 6/15, Val loss: 0.0017, Elapsed time: 0:04:21, Estimated time left: 0:06:27
2025-01-29 12:31:39,061 - INFO - Trial: 13/100, Epoch: 7/15, Val loss: 0.0016, Elapsed time: 0:05:04, Estimated time left: 0:05:43
2025-01-29 12:32:22,083 - INFO - Trial: 13/100, Epoch: 8/15, Val loss: 0.0015, Elapsed time: 0:05:47, Estimated time left: 0:05:01
2025-01-29 12:33:05,003 - INFO - Trial: 13/100, Epoch: 9/15, Val loss: 0.0015, Elapsed time: 0:06:30, Estimated time left: 0:04:17
2025-01-29 12:33:47,961 - INFO - Trial: 13/100, Epoch: 10/15, Val loss: 0.0016, Elapsed time: 0:07:13, Estimated time left: 0:03:34
2025-01-29 12:34:30,975 - INFO - Trial: 13/100, Epoch: 11/15, Val loss: 0.0016, Elapsed time: 0:07:56, Estimated time left: 0:02:52
2025-01-29 12:35:14,040 - INFO - Trial: 13/100, Epoch: 12/15, Val loss: 0.0014, Elapsed time: 0:08:39, Estimated time left: 0:02:09
2025-01-29 12:35:57,007 - INFO - Trial: 13/100, Epoch: 13/15, Val loss: 0.0013, Elapsed time: 0:09:22, Estimated time left: 0:01:25
2025-01-29 12:36:40,025 - INFO - Trial: 13/100, Epoch: 14/15, Val loss: 0.0013, Elapsed time: 0:10:05, Estimated time left: 0:00:43
2025-01-29 12:37:22,956 - INFO - Trial: 13/100, Epoch: 15/15, Val loss: 0.0014, Elapsed time: 0:10:48, Estimated time left: 0:00:00
2025-01-29 12:37:22,958 - INFO - Trial 12 finished with value: 0.0013935417674078123 and parameters: {'hidden_layers': 7, 'n_units_l': 240, 'lr': 1.4638394584427467e-05, 'batch_size': 26}. Best is trial 12 with value: 0.0013935417674078123.
2025-01-29 12:37:22,959 - INFO - Elapsed time: 3618.55 seconds
2025-01-29 12:37:22,959 - INFO - Estimated time left: 0.00 seconds
2025-01-29 12:38:04,577 - INFO - Trial: 14/100, Epoch: 1/15, Val loss: 0.2102, Elapsed time: 0:00:41, Estimated time left: 0:09:42
2025-01-29 12:38:41,934 - INFO - Trial: 14/100, Epoch: 2/15, Val loss: 0.0048, Elapsed time: 0:01:18, Estimated time left: 0:08:05
2025-01-29 12:39:19,234 - INFO - Trial: 14/100, Epoch: 3/15, Val loss: 0.0029, Elapsed time: 0:01:56, Estimated time left: 0:07:27
2025-01-29 12:39:57,257 - INFO - Trial: 14/100, Epoch: 4/15, Val loss: 0.0024, Elapsed time: 0:02:34, Estimated time left: 0:06:58
2025-01-29 12:40:35,402 - INFO - Trial: 14/100, Epoch: 5/15, Val loss: 0.0025, Elapsed time: 0:03:12, Estimated time left: 0:06:21
2025-01-29 12:41:13,423 - INFO - Trial: 14/100, Epoch: 6/15, Val loss: 0.0019, Elapsed time: 0:03:50, Estimated time left: 0:05:42
2025-01-29 12:41:51,463 - INFO - Trial: 14/100, Epoch: 7/15, Val loss: 0.0019, Elapsed time: 0:04:28, Estimated time left: 0:05:04
2025-01-29 12:42:29,612 - INFO - Trial: 14/100, Epoch: 8/15, Val loss: 0.0019, Elapsed time: 0:05:06, Estimated time left: 0:04:27
2025-01-29 12:43:07,613 - INFO - Trial: 14/100, Epoch: 9/15, Val loss: 0.0017, Elapsed time: 0:05:44, Estimated time left: 0:03:48
2025-01-29 12:43:45,968 - INFO - Trial: 14/100, Epoch: 10/15, Val loss: 0.0016, Elapsed time: 0:06:22, Estimated time left: 0:03:11
2025-01-29 12:44:25,110 - INFO - Trial: 14/100, Epoch: 11/15, Val loss: 0.0017, Elapsed time: 0:07:02, Estimated time left: 0:02:36
2025-01-29 12:45:03,529 - INFO - Trial: 14/100, Epoch: 12/15, Val loss: 0.0016, Elapsed time: 0:07:40, Estimated time left: 0:01:55
2025-01-29 12:45:41,968 - INFO - Trial: 14/100, Epoch: 13/15, Val loss: 0.0016, Elapsed time: 0:08:18, Estimated time left: 0:01:16
2025-01-29 12:46:20,355 - INFO - Trial: 14/100, Epoch: 14/15, Val loss: 0.0016, Elapsed time: 0:08:57, Estimated time left: 0:00:38
2025-01-29 12:46:58,817 - INFO - Trial: 14/100, Epoch: 15/15, Val loss: 0.0015, Elapsed time: 0:09:35, Estimated time left: 0:00:00
2025-01-29 12:46:58,818 - INFO - Trial 13 finished with value: 0.0015048121850645463 and parameters: {'hidden_layers': 6, 'n_units_l': 114, 'lr': 4.22180729507477e-05, 'batch_size': 26}. Best is trial 12 with value: 0.0013935417674078123.
2025-01-29 12:46:58,819 - INFO - Elapsed time: 4194.41 seconds
2025-01-29 12:46:58,819 - INFO - Estimated time left: 0.00 seconds
2025-01-29 12:47:45,583 - INFO - Trial: 15/100, Epoch: 1/15, Val loss: 0.1968, Elapsed time: 0:00:46, Estimated time left: 0:10:54
2025-01-29 12:48:29,001 - INFO - Trial: 15/100, Epoch: 2/15, Val loss: 0.0036, Elapsed time: 0:01:30, Estimated time left: 0:09:24
2025-01-29 12:49:12,071 - INFO - Trial: 15/100, Epoch: 3/15, Val loss: 0.0026, Elapsed time: 0:02:13, Estimated time left: 0:08:36
2025-01-29 12:49:55,169 - INFO - Trial: 15/100, Epoch: 4/15, Val loss: 0.0022, Elapsed time: 0:02:56, Estimated time left: 0:07:54
2025-01-29 12:50:38,295 - INFO - Trial: 15/100, Epoch: 5/15, Val loss: 0.0022, Elapsed time: 0:03:39, Estimated time left: 0:07:11
2025-01-29 12:51:21,531 - INFO - Trial: 15/100, Epoch: 6/15, Val loss: 0.0020, Elapsed time: 0:04:22, Estimated time left: 0:06:29
2025-01-29 12:52:05,065 - INFO - Trial: 15/100, Epoch: 7/15, Val loss: 0.0019, Elapsed time: 0:05:06, Estimated time left: 0:05:48
2025-01-29 12:52:48,328 - INFO - Trial: 15/100, Epoch: 8/15, Val loss: 0.0018, Elapsed time: 0:05:49, Estimated time left: 0:05:02
2025-01-29 12:53:31,520 - INFO - Trial: 15/100, Epoch: 9/15, Val loss: 0.0018, Elapsed time: 0:06:32, Estimated time left: 0:04:19
2025-01-29 12:54:14,809 - INFO - Trial: 15/100, Epoch: 10/15, Val loss: 0.0019, Elapsed time: 0:07:15, Estimated time left: 0:03:36
2025-01-29 12:54:58,016 - INFO - Trial: 15/100, Epoch: 11/15, Val loss: 0.0016, Elapsed time: 0:07:59, Estimated time left: 0:02:52
2025-01-29 12:55:41,122 - INFO - Trial: 15/100, Epoch: 12/15, Val loss: 0.0016, Elapsed time: 0:08:42, Estimated time left: 0:02:09
2025-01-29 12:56:25,360 - INFO - Trial: 15/100, Epoch: 13/15, Val loss: 0.0015, Elapsed time: 0:09:26, Estimated time left: 0:01:28
2025-01-29 12:57:10,353 - INFO - Trial: 15/100, Epoch: 14/15, Val loss: 0.0015, Elapsed time: 0:10:11, Estimated time left: 0:00:44
2025-01-29 12:57:55,183 - INFO - Trial: 15/100, Epoch: 15/15, Val loss: 0.0015, Elapsed time: 0:10:56, Estimated time left: 0:00:00
2025-01-29 12:57:55,184 - INFO - Trial 14 finished with value: 0.0014890911072491422 and parameters: {'hidden_layers': 6, 'n_units_l': 101, 'lr': 5.064385714396458e-05, 'batch_size': 23}. Best is trial 12 with value: 0.0013935417674078123.
2025-01-29 12:57:55,185 - INFO - Elapsed time: 4850.77 seconds
2025-01-29 12:57:55,185 - INFO - Estimated time left: 0.00 seconds
2025-01-29 12:58:59,548 - INFO - Trial: 16/100, Epoch: 1/15, Val loss: 0.1523, Elapsed time: 0:01:04, Estimated time left: 0:15:00
2025-01-29 12:59:59,172 - INFO - Trial: 16/100, Epoch: 2/15, Val loss: 0.0031, Elapsed time: 0:02:03, Estimated time left: 0:12:55
2025-01-29 13:00:59,741 - INFO - Trial: 16/100, Epoch: 3/15, Val loss: 0.0025, Elapsed time: 0:03:04, Estimated time left: 0:12:06
2025-01-29 13:02:00,086 - INFO - Trial: 16/100, Epoch: 4/15, Val loss: 0.0022, Elapsed time: 0:04:04, Estimated time left: 0:11:03
2025-01-29 13:03:00,388 - INFO - Trial: 16/100, Epoch: 5/15, Val loss: 0.0019, Elapsed time: 0:05:05, Estimated time left: 0:10:03
2025-01-29 13:04:00,782 - INFO - Trial: 16/100, Epoch: 6/15, Val loss: 0.0018, Elapsed time: 0:06:05, Estimated time left: 0:09:03
2025-01-29 13:05:01,324 - INFO - Trial: 16/100, Epoch: 7/15, Val loss: 0.0018, Elapsed time: 0:07:06, Estimated time left: 0:08:04
2025-01-29 13:06:01,349 - INFO - Trial: 16/100, Epoch: 8/15, Val loss: 0.0018, Elapsed time: 0:08:06, Estimated time left: 0:07:00
2025-01-29 13:07:01,273 - INFO - Trial: 16/100, Epoch: 9/15, Val loss: 0.0017, Elapsed time: 0:09:06, Estimated time left: 0:05:59
2025-01-29 13:08:01,410 - INFO - Trial: 16/100, Epoch: 10/15, Val loss: 0.0016, Elapsed time: 0:10:06, Estimated time left: 0:05:00
2025-01-29 13:09:01,405 - INFO - Trial: 16/100, Epoch: 11/15, Val loss: 0.0016, Elapsed time: 0:11:06, Estimated time left: 0:03:59
2025-01-29 13:10:01,475 - INFO - Trial: 16/100, Epoch: 12/15, Val loss: 0.0015, Elapsed time: 0:12:06, Estimated time left: 0:03:00
2025-01-29 13:10:59,115 - INFO - Trial: 16/100, Epoch: 13/15, Val loss: 0.0014, Elapsed time: 0:13:03, Estimated time left: 0:01:55
2025-01-29 13:11:56,210 - INFO - Trial: 16/100, Epoch: 14/15, Val loss: 0.0014, Elapsed time: 0:14:01, Estimated time left: 0:00:57
2025-01-29 13:12:53,569 - INFO - Trial: 16/100, Epoch: 15/15, Val loss: 0.0013, Elapsed time: 0:14:58, Estimated time left: 0:00:00
2025-01-29 13:12:53,570 - INFO - Trial 15 finished with value: 0.0012791989432727492 and parameters: {'hidden_layers': 6, 'n_units_l': 107, 'lr': 7.597907525621052e-05, 'batch_size': 17}. Best is trial 15 with value: 0.0012791989432727492.
2025-01-29 13:12:53,571 - INFO - Elapsed time: 5749.16 seconds
2025-01-29 13:12:53,571 - INFO - Estimated time left: 0.00 seconds
2025-01-29 13:13:55,999 - INFO - Trial: 17/100, Epoch: 1/15, Val loss: 0.1657, Elapsed time: 0:01:02, Estimated time left: 0:14:33
2025-01-29 13:14:53,338 - INFO - Trial: 17/100, Epoch: 2/15, Val loss: 0.0035, Elapsed time: 0:01:59, Estimated time left: 0:12:25
2025-01-29 13:15:51,650 - INFO - Trial: 17/100, Epoch: 3/15, Val loss: 0.0027, Elapsed time: 0:02:58, Estimated time left: 0:11:39
2025-01-29 13:16:52,738 - INFO - Trial: 17/100, Epoch: 4/15, Val loss: 0.0021, Elapsed time: 0:03:59, Estimated time left: 0:11:11
2025-01-29 13:17:53,163 - INFO - Trial: 17/100, Epoch: 5/15, Val loss: 0.0021, Elapsed time: 0:04:59, Estimated time left: 0:10:04
2025-01-29 13:18:53,504 - INFO - Trial: 17/100, Epoch: 6/15, Val loss: 0.0018, Elapsed time: 0:05:59, Estimated time left: 0:09:03
2025-01-29 13:19:53,853 - INFO - Trial: 17/100, Epoch: 7/15, Val loss: 0.0021, Elapsed time: 0:07:00, Estimated time left: 0:08:02
2025-01-29 13:20:54,233 - INFO - Trial: 17/100, Epoch: 8/15, Val loss: 0.0017, Elapsed time: 0:08:00, Estimated time left: 0:07:02
2025-01-29 13:21:54,544 - INFO - Trial: 17/100, Epoch: 9/15, Val loss: 0.0017, Elapsed time: 0:09:00, Estimated time left: 0:06:01
2025-01-29 13:22:55,181 - INFO - Trial: 17/100, Epoch: 10/15, Val loss: 0.0016, Elapsed time: 0:10:01, Estimated time left: 0:05:03
2025-01-29 13:23:55,664 - INFO - Trial: 17/100, Epoch: 11/15, Val loss: 0.0015, Elapsed time: 0:11:02, Estimated time left: 0:04:01
2025-01-29 13:24:52,851 - INFO - Trial: 17/100, Epoch: 12/15, Val loss: 0.0014, Elapsed time: 0:11:59, Estimated time left: 0:02:51
2025-01-29 13:25:49,708 - INFO - Trial: 17/100, Epoch: 13/15, Val loss: 0.0013, Elapsed time: 0:12:56, Estimated time left: 0:01:53
2025-01-29 13:26:55,340 - INFO - Trial: 17/100, Epoch: 14/15, Val loss: 0.0013, Elapsed time: 0:14:01, Estimated time left: 0:01:05
2025-01-29 13:28:12,045 - INFO - Trial: 17/100, Epoch: 15/15, Val loss: 0.0012, Elapsed time: 0:15:18, Estimated time left: 0:00:00
2025-01-29 13:28:12,046 - INFO - Trial 16 finished with value: 0.0012448532020337406 and parameters: {'hidden_layers': 6, 'n_units_l': 108, 'lr': 8.658316749359078e-05, 'batch_size': 17}. Best is trial 16 with value: 0.0012448532020337406.
2025-01-29 13:28:12,047 - INFO - Elapsed time: 6667.63 seconds
2025-01-29 13:28:12,048 - INFO - Estimated time left: 0.00 seconds
2025-01-29 13:29:11,435 - INFO - Trial: 18/100, Epoch: 1/15, Val loss: 0.0452, Elapsed time: 0:00:59, Estimated time left: 0:13:51
2025-01-29 13:30:07,513 - INFO - Trial: 18/100, Epoch: 2/15, Val loss: 0.0024, Elapsed time: 0:01:55, Estimated time left: 0:12:09
2025-01-29 13:31:03,941 - INFO - Trial: 18/100, Epoch: 3/15, Val loss: 0.0019, Elapsed time: 0:02:51, Estimated time left: 0:11:17
2025-01-29 13:32:02,583 - INFO - Trial: 18/100, Epoch: 4/15, Val loss: 0.0019, Elapsed time: 0:03:50, Estimated time left: 0:10:45
2025-01-29 13:33:03,701 - INFO - Trial: 18/100, Epoch: 5/15, Val loss: 0.0018, Elapsed time: 0:04:51, Estimated time left: 0:10:11
2025-01-29 13:34:04,457 - INFO - Trial: 18/100, Epoch: 6/15, Val loss: 0.0018, Elapsed time: 0:05:52, Estimated time left: 0:09:06
2025-01-29 13:35:05,050 - INFO - Trial: 18/100, Epoch: 7/15, Val loss: 0.0018, Elapsed time: 0:06:52, Estimated time left: 0:08:04
2025-01-29 13:36:06,511 - INFO - Trial: 18/100, Epoch: 8/15, Val loss: 0.0016, Elapsed time: 0:07:54, Estimated time left: 0:07:10
2025-01-29 13:37:07,671 - INFO - Trial: 18/100, Epoch: 9/15, Val loss: 0.0016, Elapsed time: 0:08:55, Estimated time left: 0:06:06
2025-01-29 13:38:06,060 - INFO - Trial: 18/100, Epoch: 10/15, Val loss: 0.0017, Elapsed time: 0:09:54, Estimated time left: 0:04:51
2025-01-29 13:39:02,703 - INFO - Trial: 18/100, Epoch: 11/15, Val loss: 0.0016, Elapsed time: 0:10:50, Estimated time left: 0:03:46
2025-01-29 13:39:59,830 - INFO - Trial: 18/100, Epoch: 12/15, Val loss: 0.0016, Elapsed time: 0:11:47, Estimated time left: 0:02:51
2025-01-29 13:40:57,060 - INFO - Trial: 18/100, Epoch: 13/15, Val loss: 0.0015, Elapsed time: 0:12:45, Estimated time left: 0:01:54
2025-01-29 13:41:54,113 - INFO - Trial: 18/100, Epoch: 14/15, Val loss: 0.0016, Elapsed time: 0:13:42, Estimated time left: 0:00:57
2025-01-29 13:42:51,243 - INFO - Trial: 18/100, Epoch: 15/15, Val loss: 0.0015, Elapsed time: 0:14:39, Estimated time left: 0:00:00
