2025-01-18 19:36:14,968 - INFO - Trial 51 finished with value: 0.001041885323598322 and parameters: {'hidden_layers': 4, 'n_units_l': 218, 'lr': 0.0014780499407988986, 'batch_size': 120}. Best is trial 22 with value: 0.000931663012376335.
2025-01-18 19:36:14,977 - INFO - Elapsed time: 8285.60 seconds
2025-01-18 19:36:14,977 - INFO - Estimated time left: 0.00 seconds
2025-01-18 19:36:25,385 - INFO - Trial: 53/100, Epoch: 1/10, Val loss: 0.0152, Elapsed time: 0:00:10, Estimated time left: 0:01:33
2025-01-18 19:36:35,308 - INFO - Trial: 53/100, Epoch: 2/10, Val loss: 0.0022, Elapsed time: 0:00:20, Estimated time left: 0:01:19
2025-01-18 19:36:45,368 - INFO - Trial: 53/100, Epoch: 3/10, Val loss: 0.0020, Elapsed time: 0:00:30, Estimated time left: 0:01:10
2025-01-18 19:36:55,343 - INFO - Trial: 53/100, Epoch: 4/10, Val loss: 0.0017, Elapsed time: 0:00:40, Estimated time left: 0:00:59
2025-01-18 19:37:05,369 - INFO - Trial: 53/100, Epoch: 5/10, Val loss: 0.0015, Elapsed time: 0:00:50, Estimated time left: 0:00:50
2025-01-18 19:37:15,414 - INFO - Trial: 53/100, Epoch: 6/10, Val loss: 0.0012, Elapsed time: 0:01:00, Estimated time left: 0:00:40
2025-01-18 19:37:25,405 - INFO - Trial: 53/100, Epoch: 7/10, Val loss: 0.0011, Elapsed time: 0:01:10, Estimated time left: 0:00:29
2025-01-18 19:37:35,343 - INFO - Trial: 53/100, Epoch: 8/10, Val loss: 0.0010, Elapsed time: 0:01:20, Estimated time left: 0:00:19
2025-01-18 19:37:45,327 - INFO - Trial: 53/100, Epoch: 9/10, Val loss: 0.0010, Elapsed time: 0:01:30, Estimated time left: 0:00:09
2025-01-18 19:37:55,297 - INFO - Trial: 53/100, Epoch: 10/10, Val loss: 0.0009, Elapsed time: 0:01:40, Estimated time left: 0:00:00
2025-01-18 19:37:55,299 - INFO - Trial 52 finished with value: 0.0009457914606625347 and parameters: {'hidden_layers': 3, 'n_units_l': 255, 'lr': 0.0018096226201778777, 'batch_size': 148}. Best is trial 22 with value: 0.000931663012376335.
2025-01-18 19:37:55,308 - INFO - Elapsed time: 8385.93 seconds
2025-01-18 19:37:55,308 - INFO - Estimated time left: 0.00 seconds
2025-01-18 19:38:04,886 - INFO - Trial: 54/100, Epoch: 1/10, Val loss: 0.0299, Elapsed time: 0:00:09, Estimated time left: 0:01:25
2025-01-18 19:38:14,005 - INFO - Trial: 54/100, Epoch: 2/10, Val loss: 0.0032, Elapsed time: 0:00:18, Estimated time left: 0:01:12
2025-01-18 19:38:23,233 - INFO - Trial: 54/100, Epoch: 3/10, Val loss: 0.0019, Elapsed time: 0:00:27, Estimated time left: 0:01:04
2025-01-18 19:38:32,463 - INFO - Trial: 54/100, Epoch: 4/10, Val loss: 0.0019, Elapsed time: 0:00:37, Estimated time left: 0:00:55
2025-01-18 19:38:41,728 - INFO - Trial: 54/100, Epoch: 5/10, Val loss: 0.0020, Elapsed time: 0:00:46, Estimated time left: 0:00:46
2025-01-18 19:38:50,968 - INFO - Trial: 54/100, Epoch: 6/10, Val loss: 0.0017, Elapsed time: 0:00:55, Estimated time left: 0:00:36
2025-01-18 19:39:00,184 - INFO - Trial: 54/100, Epoch: 7/10, Val loss: 0.0018, Elapsed time: 0:01:04, Estimated time left: 0:00:27
2025-01-18 19:39:09,463 - INFO - Trial: 54/100, Epoch: 8/10, Val loss: 0.0021, Elapsed time: 0:01:14, Estimated time left: 0:00:18
2025-01-18 19:39:18,713 - INFO - Trial: 54/100, Epoch: 9/10, Val loss: 0.0033, Elapsed time: 0:01:23, Estimated time left: 0:00:09
2025-01-18 19:39:27,923 - INFO - Trial: 54/100, Epoch: 10/10, Val loss: 0.0015, Elapsed time: 0:01:32, Estimated time left: 0:00:00
2025-01-18 19:39:27,926 - INFO - Trial 53 finished with value: 0.001502262194140921 and parameters: {'hidden_layers': 3, 'n_units_l': 205, 'lr': 0.0033323980152326054, 'batch_size': 164}. Best is trial 22 with value: 0.000931663012376335.
2025-01-18 19:39:27,934 - INFO - Elapsed time: 8478.56 seconds
2025-01-18 19:39:27,935 - INFO - Estimated time left: 0.00 seconds
2025-01-18 19:39:37,935 - INFO - Trial: 55/100, Epoch: 1/10, Val loss: 0.0333, Elapsed time: 0:00:09, Estimated time left: 0:01:29
2025-01-18 19:39:47,323 - INFO - Trial: 55/100, Epoch: 2/10, Val loss: 0.0027, Elapsed time: 0:00:19, Estimated time left: 0:01:15
2025-01-18 19:39:56,849 - INFO - Trial: 55/100, Epoch: 3/10, Val loss: 0.0027, Elapsed time: 0:00:28, Estimated time left: 0:01:06
2025-01-18 19:40:06,357 - INFO - Trial: 55/100, Epoch: 4/10, Val loss: 0.0024, Elapsed time: 0:00:38, Estimated time left: 0:00:57
2025-01-18 19:40:15,869 - INFO - Trial: 55/100, Epoch: 5/10, Val loss: 0.0019, Elapsed time: 0:00:47, Estimated time left: 0:00:47
2025-01-18 19:40:25,360 - INFO - Trial: 55/100, Epoch: 6/10, Val loss: 0.0022, Elapsed time: 0:00:57, Estimated time left: 0:00:37
2025-01-18 19:40:34,804 - INFO - Trial: 55/100, Epoch: 7/10, Val loss: 0.0017, Elapsed time: 0:01:06, Estimated time left: 0:00:28
2025-01-18 19:40:44,246 - INFO - Trial: 55/100, Epoch: 8/10, Val loss: 0.0019, Elapsed time: 0:01:16, Estimated time left: 0:00:18
2025-01-18 19:40:53,699 - INFO - Trial: 55/100, Epoch: 9/10, Val loss: 0.0018, Elapsed time: 0:01:25, Estimated time left: 0:00:09
2025-01-18 19:41:03,247 - INFO - Trial: 55/100, Epoch: 10/10, Val loss: 0.0014, Elapsed time: 0:01:35, Estimated time left: 0:00:00
2025-01-18 19:41:03,249 - INFO - Trial 54 finished with value: 0.0014146793322912085 and parameters: {'hidden_layers': 3, 'n_units_l': 149, 'lr': 0.006696744079988355, 'batch_size': 149}. Best is trial 22 with value: 0.000931663012376335.
2025-01-18 19:41:03,259 - INFO - Elapsed time: 8573.88 seconds
2025-01-18 19:41:03,259 - INFO - Estimated time left: 0.00 seconds
2025-01-18 19:41:11,872 - INFO - Trial: 56/100, Epoch: 1/10, Val loss: 0.0134, Elapsed time: 0:00:08, Estimated time left: 0:01:17
2025-01-18 19:41:20,256 - INFO - Trial: 56/100, Epoch: 2/10, Val loss: 0.0019, Elapsed time: 0:00:16, Estimated time left: 0:01:07
2025-01-18 19:41:28,691 - INFO - Trial: 56/100, Epoch: 3/10, Val loss: 0.0017, Elapsed time: 0:00:25, Estimated time left: 0:00:59
2025-01-18 19:41:37,090 - INFO - Trial: 56/100, Epoch: 4/10, Val loss: 0.0017, Elapsed time: 0:00:33, Estimated time left: 0:00:50
2025-01-18 19:41:45,514 - INFO - Trial: 56/100, Epoch: 5/10, Val loss: 0.0016, Elapsed time: 0:00:42, Estimated time left: 0:00:42
2025-01-18 19:41:53,997 - INFO - Trial: 56/100, Epoch: 6/10, Val loss: 0.0019, Elapsed time: 0:00:50, Estimated time left: 0:00:33
2025-01-18 19:42:02,399 - INFO - Trial: 56/100, Epoch: 7/10, Val loss: 0.0020, Elapsed time: 0:00:59, Estimated time left: 0:00:25
2025-01-18 19:42:10,820 - INFO - Trial: 56/100, Epoch: 8/10, Val loss: 0.0015, Elapsed time: 0:01:07, Estimated time left: 0:00:16
2025-01-18 19:42:19,209 - INFO - Trial: 56/100, Epoch: 9/10, Val loss: 0.0017, Elapsed time: 0:01:15, Estimated time left: 0:00:08
2025-01-18 19:42:27,658 - INFO - Trial: 56/100, Epoch: 10/10, Val loss: 0.0015, Elapsed time: 0:01:24, Estimated time left: 0:00:00
2025-01-18 19:42:27,660 - INFO - Trial 55 finished with value: 0.0015114377284291638 and parameters: {'hidden_layers': 2, 'n_units_l': 227, 'lr': 0.0009411700988348075, 'batch_size': 204}. Best is trial 22 with value: 0.000931663012376335.
2025-01-18 19:42:27,669 - INFO - Elapsed time: 8658.29 seconds
2025-01-18 19:42:27,670 - INFO - Estimated time left: 0.00 seconds
2025-01-18 19:42:36,826 - INFO - Trial: 57/100, Epoch: 1/10, Val loss: 0.1459, Elapsed time: 0:00:09, Estimated time left: 0:01:22
2025-01-18 19:42:45,840 - INFO - Trial: 57/100, Epoch: 2/10, Val loss: 0.0024, Elapsed time: 0:00:18, Estimated time left: 0:01:12
2025-01-18 19:42:55,173 - INFO - Trial: 57/100, Epoch: 3/10, Val loss: 0.0022, Elapsed time: 0:00:27, Estimated time left: 0:01:05
2025-01-18 19:43:04,293 - INFO - Trial: 57/100, Epoch: 4/10, Val loss: 0.0020, Elapsed time: 0:00:36, Estimated time left: 0:00:54
2025-01-18 19:43:13,402 - INFO - Trial: 57/100, Epoch: 5/10, Val loss: 0.0016, Elapsed time: 0:00:45, Estimated time left: 0:00:45
2025-01-18 19:43:22,546 - INFO - Trial: 57/100, Epoch: 6/10, Val loss: 0.0020, Elapsed time: 0:00:54, Estimated time left: 0:00:36
2025-01-18 19:43:31,580 - INFO - Trial: 57/100, Epoch: 7/10, Val loss: 0.0016, Elapsed time: 0:01:03, Estimated time left: 0:00:27
2025-01-18 19:43:40,719 - INFO - Trial: 57/100, Epoch: 8/10, Val loss: 0.0013, Elapsed time: 0:01:13, Estimated time left: 0:00:18
2025-01-18 19:43:49,793 - INFO - Trial: 57/100, Epoch: 9/10, Val loss: 0.0011, Elapsed time: 0:01:22, Estimated time left: 0:00:09
2025-01-18 19:43:58,942 - INFO - Trial: 57/100, Epoch: 10/10, Val loss: 0.0012, Elapsed time: 0:01:31, Estimated time left: 0:00:00
2025-01-18 19:43:58,944 - INFO - Trial 56 finished with value: 0.0011636344938355087 and parameters: {'hidden_layers': 4, 'n_units_l': 174, 'lr': 0.000549483153658762, 'batch_size': 183}. Best is trial 22 with value: 0.000931663012376335.
2025-01-18 19:43:58,953 - INFO - Elapsed time: 8749.58 seconds
2025-01-18 19:43:58,954 - INFO - Estimated time left: 0.00 seconds
2025-01-18 19:44:12,644 - INFO - Trial: 58/100, Epoch: 1/10, Val loss: 0.0756, Elapsed time: 0:00:13, Estimated time left: 0:02:02
2025-01-18 19:44:25,108 - INFO - Trial: 58/100, Epoch: 2/10, Val loss: 0.0036, Elapsed time: 0:00:26, Estimated time left: 0:01:39
2025-01-18 19:44:37,671 - INFO - Trial: 58/100, Epoch: 3/10, Val loss: 0.0021, Elapsed time: 0:00:38, Estimated time left: 0:01:27
2025-01-18 19:44:50,215 - INFO - Trial: 58/100, Epoch: 4/10, Val loss: 0.0019, Elapsed time: 0:00:51, Estimated time left: 0:01:15
2025-01-18 19:45:02,736 - INFO - Trial: 58/100, Epoch: 5/10, Val loss: 0.0019, Elapsed time: 0:01:03, Estimated time left: 0:01:02
2025-01-18 19:45:15,216 - INFO - Trial: 58/100, Epoch: 6/10, Val loss: 0.0016, Elapsed time: 0:01:16, Estimated time left: 0:00:49
2025-01-18 19:45:27,644 - INFO - Trial: 58/100, Epoch: 7/10, Val loss: 0.0018, Elapsed time: 0:01:28, Estimated time left: 0:00:37
2025-01-18 19:45:40,116 - INFO - Trial: 58/100, Epoch: 8/10, Val loss: 0.0011, Elapsed time: 0:01:41, Estimated time left: 0:00:24
2025-01-18 19:45:52,559 - INFO - Trial: 58/100, Epoch: 9/10, Val loss: 0.0011, Elapsed time: 0:01:53, Estimated time left: 0:00:12
2025-01-18 19:46:05,006 - INFO - Trial: 58/100, Epoch: 10/10, Val loss: 0.0011, Elapsed time: 0:02:06, Estimated time left: 0:00:00
2025-01-18 19:46:05,009 - INFO - Trial 57 finished with value: 0.0011056151016742598 and parameters: {'hidden_layers': 5, 'n_units_l': 134, 'lr': 0.0017373507556077646, 'batch_size': 106}. Best is trial 22 with value: 0.000931663012376335.
2025-01-18 19:46:05,018 - INFO - Elapsed time: 8875.64 seconds
2025-01-18 19:46:05,019 - INFO - Estimated time left: 0.00 seconds
2025-01-18 19:46:14,092 - INFO - Trial: 59/100, Epoch: 1/10, Val loss: 0.0612, Elapsed time: 0:00:09, Estimated time left: 0:01:21
2025-01-18 19:46:22,765 - INFO - Trial: 59/100, Epoch: 2/10, Val loss: 0.0024, Elapsed time: 0:00:17, Estimated time left: 0:01:09
2025-01-18 19:46:31,370 - INFO - Trial: 59/100, Epoch: 3/10, Val loss: 0.0023, Elapsed time: 0:00:26, Estimated time left: 0:01:00
2025-01-18 19:46:40,039 - INFO - Trial: 59/100, Epoch: 4/10, Val loss: 0.0020, Elapsed time: 0:00:34, Estimated time left: 0:00:52
2025-01-18 19:46:48,672 - INFO - Trial: 59/100, Epoch: 5/10, Val loss: 0.0020, Elapsed time: 0:00:43, Estimated time left: 0:00:43
2025-01-18 19:46:57,269 - INFO - Trial: 59/100, Epoch: 6/10, Val loss: 0.0022, Elapsed time: 0:00:52, Estimated time left: 0:00:34
2025-01-18 19:47:05,933 - INFO - Trial: 59/100, Epoch: 7/10, Val loss: 0.0026, Elapsed time: 0:01:00, Estimated time left: 0:00:25
2025-01-18 19:47:14,563 - INFO - Trial: 59/100, Epoch: 8/10, Val loss: 0.0017, Elapsed time: 0:01:09, Estimated time left: 0:00:17
2025-01-18 19:47:23,249 - INFO - Trial: 59/100, Epoch: 9/10, Val loss: 0.0018, Elapsed time: 0:01:18, Estimated time left: 0:00:08
2025-01-18 19:47:31,925 - INFO - Trial: 59/100, Epoch: 10/10, Val loss: 0.0015, Elapsed time: 0:01:26, Estimated time left: 0:00:00
2025-01-18 19:47:31,928 - INFO - Trial 58 finished with value: 0.0015052786289566598 and parameters: {'hidden_layers': 7, 'n_units_l': 254, 'lr': 0.003551054962129749, 'batch_size': 256}. Best is trial 22 with value: 0.000931663012376335.
2025-01-18 19:47:31,937 - INFO - Elapsed time: 8962.56 seconds
2025-01-18 19:47:31,938 - INFO - Estimated time left: 0.00 seconds
2025-01-18 19:47:52,463 - INFO - Trial: 60/100, Epoch: 1/10, Val loss: 0.0800, Elapsed time: 0:00:20, Estimated time left: 0:03:04
2025-01-18 19:48:11,653 - INFO - Trial: 60/100, Epoch: 2/10, Val loss: 0.0028, Elapsed time: 0:00:39, Estimated time left: 0:02:33
2025-01-18 19:48:31,039 - INFO - Trial: 60/100, Epoch: 3/10, Val loss: 0.0019, Elapsed time: 0:00:59, Estimated time left: 0:02:15
2025-01-18 19:48:50,521 - INFO - Trial: 60/100, Epoch: 4/10, Val loss: 0.0017, Elapsed time: 0:01:18, Estimated time left: 0:01:56
2025-01-18 19:49:09,730 - INFO - Trial: 60/100, Epoch: 5/10, Val loss: 0.0017, Elapsed time: 0:01:37, Estimated time left: 0:01:36
2025-01-18 19:49:28,890 - INFO - Trial: 60/100, Epoch: 6/10, Val loss: 0.0020, Elapsed time: 0:01:56, Estimated time left: 0:01:16
2025-01-18 19:49:48,099 - INFO - Trial: 60/100, Epoch: 7/10, Val loss: 0.0013, Elapsed time: 0:02:16, Estimated time left: 0:00:57
2025-01-18 19:50:07,398 - INFO - Trial: 60/100, Epoch: 8/10, Val loss: 0.0014, Elapsed time: 0:02:35, Estimated time left: 0:00:38
2025-01-18 19:50:26,789 - INFO - Trial: 60/100, Epoch: 9/10, Val loss: 0.0012, Elapsed time: 0:02:54, Estimated time left: 0:00:19
2025-01-18 19:50:46,235 - INFO - Trial: 60/100, Epoch: 10/10, Val loss: 0.0015, Elapsed time: 0:03:14, Estimated time left: 0:00:00
2025-01-18 19:50:46,237 - INFO - Trial 59 finished with value: 0.0014655742360344742 and parameters: {'hidden_layers': 3, 'n_units_l': 170, 'lr': 0.0002706987184520112, 'batch_size': 51}. Best is trial 22 with value: 0.000931663012376335.
2025-01-18 19:50:46,247 - INFO - Elapsed time: 9156.87 seconds
2025-01-18 19:50:46,247 - INFO - Estimated time left: 0.00 seconds
2025-01-18 19:50:56,668 - INFO - Trial: 61/100, Epoch: 1/10, Val loss: 0.0311, Elapsed time: 0:00:10, Estimated time left: 0:01:33
2025-01-18 19:51:06,925 - INFO - Trial: 61/100, Epoch: 2/10, Val loss: 0.0021, Elapsed time: 0:00:20, Estimated time left: 0:01:22
2025-01-18 19:51:17,238 - INFO - Trial: 61/100, Epoch: 3/10, Val loss: 0.0019, Elapsed time: 0:00:30, Estimated time left: 0:01:12
2025-01-18 19:51:27,548 - INFO - Trial: 61/100, Epoch: 4/10, Val loss: 0.0025, Elapsed time: 0:00:41, Estimated time left: 0:01:01
2025-01-18 19:51:37,904 - INFO - Trial: 61/100, Epoch: 5/10, Val loss: 0.0015, Elapsed time: 0:00:51, Estimated time left: 0:00:51
2025-01-18 19:51:48,224 - INFO - Trial: 61/100, Epoch: 6/10, Val loss: 0.0012, Elapsed time: 0:01:01, Estimated time left: 0:00:41
2025-01-18 19:51:58,545 - INFO - Trial: 61/100, Epoch: 7/10, Val loss: 0.0012, Elapsed time: 0:01:12, Estimated time left: 0:00:30
2025-01-18 19:52:08,860 - INFO - Trial: 61/100, Epoch: 8/10, Val loss: 0.0011, Elapsed time: 0:01:22, Estimated time left: 0:00:20
2025-01-18 19:52:19,123 - INFO - Trial: 61/100, Epoch: 9/10, Val loss: 0.0011, Elapsed time: 0:01:32, Estimated time left: 0:00:10
2025-01-18 19:52:29,370 - INFO - Trial: 61/100, Epoch: 10/10, Val loss: 0.0011, Elapsed time: 0:01:43, Estimated time left: 0:00:00
2025-01-18 19:52:29,372 - INFO - Trial 60 finished with value: 0.001083507574152207 and parameters: {'hidden_layers': 4, 'n_units_l': 211, 'lr': 0.002400695319769968, 'batch_size': 150}. Best is trial 22 with value: 0.000931663012376335.
2025-01-18 19:52:29,383 - INFO - Elapsed time: 9260.01 seconds
2025-01-18 19:52:29,384 - INFO - Estimated time left: 0.00 seconds
2025-01-18 19:52:41,160 - INFO - Trial: 62/100, Epoch: 1/10, Val loss: 0.0361, Elapsed time: 0:00:11, Estimated time left: 0:01:45
2025-01-18 19:52:52,946 - INFO - Trial: 62/100, Epoch: 2/10, Val loss: 0.0021, Elapsed time: 0:00:23, Estimated time left: 0:01:34
2025-01-18 19:53:04,823 - INFO - Trial: 62/100, Epoch: 3/10, Val loss: 0.0021, Elapsed time: 0:00:35, Estimated time left: 0:01:23
2025-01-18 19:53:16,714 - INFO - Trial: 62/100, Epoch: 4/10, Val loss: 0.0021, Elapsed time: 0:00:47, Estimated time left: 0:01:11
2025-01-18 19:53:28,591 - INFO - Trial: 62/100, Epoch: 5/10, Val loss: 0.0018, Elapsed time: 0:00:59, Estimated time left: 0:00:59
2025-01-18 19:53:40,407 - INFO - Trial: 62/100, Epoch: 6/10, Val loss: 0.0013, Elapsed time: 0:01:10, Estimated time left: 0:00:47
2025-01-18 19:53:52,245 - INFO - Trial: 62/100, Epoch: 7/10, Val loss: 0.0014, Elapsed time: 0:01:22, Estimated time left: 0:00:35
2025-01-18 19:54:04,070 - INFO - Trial: 62/100, Epoch: 8/10, Val loss: 0.0012, Elapsed time: 0:01:34, Estimated time left: 0:00:23
2025-01-18 19:54:15,858 - INFO - Trial: 62/100, Epoch: 9/10, Val loss: 0.0011, Elapsed time: 0:01:46, Estimated time left: 0:00:11
2025-01-18 19:54:27,609 - INFO - Trial: 62/100, Epoch: 10/10, Val loss: 0.0010, Elapsed time: 0:01:58, Estimated time left: 0:00:00
2025-01-18 19:54:27,611 - INFO - Trial 61 finished with value: 0.0009879563992598844 and parameters: {'hidden_layers': 4, 'n_units_l': 228, 'lr': 0.0013035264141774488, 'batch_size': 122}. Best is trial 22 with value: 0.000931663012376335.
2025-01-18 19:54:27,621 - INFO - Elapsed time: 9378.24 seconds
2025-01-18 19:54:27,621 - INFO - Estimated time left: 0.00 seconds
2025-01-18 19:54:38,979 - INFO - Trial: 63/100, Epoch: 1/10, Val loss: 0.0589, Elapsed time: 0:00:11, Estimated time left: 0:01:41
2025-01-18 19:54:50,143 - INFO - Trial: 63/100, Epoch: 2/10, Val loss: 0.0028, Elapsed time: 0:00:22, Estimated time left: 0:01:29
2025-01-18 19:55:01,498 - INFO - Trial: 63/100, Epoch: 3/10, Val loss: 0.0019, Elapsed time: 0:00:33, Estimated time left: 0:01:19
2025-01-18 19:55:12,854 - INFO - Trial: 63/100, Epoch: 4/10, Val loss: 0.0026, Elapsed time: 0:00:45, Estimated time left: 0:01:08
2025-01-18 19:55:24,175 - INFO - Trial: 63/100, Epoch: 5/10, Val loss: 0.0017, Elapsed time: 0:00:56, Estimated time left: 0:00:56
2025-01-18 19:55:35,449 - INFO - Trial: 63/100, Epoch: 6/10, Val loss: 0.0014, Elapsed time: 0:01:07, Estimated time left: 0:00:45
2025-01-18 19:55:46,768 - INFO - Trial: 63/100, Epoch: 7/10, Val loss: 0.0012, Elapsed time: 0:01:19, Estimated time left: 0:00:33
2025-01-18 19:55:58,037 - INFO - Trial: 63/100, Epoch: 8/10, Val loss: 0.0013, Elapsed time: 0:01:30, Estimated time left: 0:00:22
2025-01-18 19:56:09,270 - INFO - Trial: 63/100, Epoch: 9/10, Val loss: 0.0014, Elapsed time: 0:01:41, Estimated time left: 0:00:11
2025-01-18 19:56:20,493 - INFO - Trial: 63/100, Epoch: 10/10, Val loss: 0.0011, Elapsed time: 0:01:52, Estimated time left: 0:00:00
2025-01-18 19:56:20,495 - INFO - Trial 62 finished with value: 0.001053596338792464 and parameters: {'hidden_layers': 4, 'n_units_l': 222, 'lr': 0.0010892854608422445, 'batch_size': 129}. Best is trial 22 with value: 0.000931663012376335.
2025-01-18 19:56:20,505 - INFO - Elapsed time: 9491.13 seconds
2025-01-18 19:56:20,505 - INFO - Estimated time left: 0.00 seconds
2025-01-18 19:56:34,569 - INFO - Trial: 64/100, Epoch: 1/10, Val loss: 0.0258, Elapsed time: 0:00:14, Estimated time left: 0:02:06
2025-01-18 19:56:47,635 - INFO - Trial: 64/100, Epoch: 2/10, Val loss: 0.0036, Elapsed time: 0:00:27, Estimated time left: 0:01:44
2025-01-18 19:57:00,896 - INFO - Trial: 64/100, Epoch: 3/10, Val loss: 0.0018, Elapsed time: 0:00:40, Estimated time left: 0:01:32
2025-01-18 19:57:14,276 - INFO - Trial: 64/100, Epoch: 4/10, Val loss: 0.0016, Elapsed time: 0:00:53, Estimated time left: 0:01:20
2025-01-18 19:57:27,539 - INFO - Trial: 64/100, Epoch: 5/10, Val loss: 0.0014, Elapsed time: 0:01:07, Estimated time left: 0:01:06
2025-01-18 19:57:40,735 - INFO - Trial: 64/100, Epoch: 6/10, Val loss: 0.0013, Elapsed time: 0:01:20, Estimated time left: 0:00:52
2025-01-18 19:57:54,313 - INFO - Trial: 64/100, Epoch: 7/10, Val loss: 0.0012, Elapsed time: 0:01:33, Estimated time left: 0:00:40
2025-01-18 19:58:07,466 - INFO - Trial: 64/100, Epoch: 8/10, Val loss: 0.0011, Elapsed time: 0:01:46, Estimated time left: 0:00:26
2025-01-18 19:58:20,615 - INFO - Trial: 64/100, Epoch: 9/10, Val loss: 0.0010, Elapsed time: 0:02:00, Estimated time left: 0:00:13
2025-01-18 19:58:33,786 - INFO - Trial: 64/100, Epoch: 10/10, Val loss: 0.0010, Elapsed time: 0:02:13, Estimated time left: 0:00:00
2025-01-18 19:58:33,788 - INFO - Trial 63 finished with value: 0.0010134318106411293 and parameters: {'hidden_layers': 3, 'n_units_l': 183, 'lr': 0.0014405300229650465, 'batch_size': 89}. Best is trial 22 with value: 0.000931663012376335.
2025-01-18 19:58:33,799 - INFO - Elapsed time: 9624.42 seconds
2025-01-18 19:58:33,799 - INFO - Estimated time left: 0.00 seconds
2025-01-18 19:58:44,998 - INFO - Trial: 65/100, Epoch: 1/10, Val loss: 0.1196, Elapsed time: 0:00:11, Estimated time left: 0:01:40
2025-01-18 19:58:55,404 - INFO - Trial: 65/100, Epoch: 2/10, Val loss: 0.0028, Elapsed time: 0:00:21, Estimated time left: 0:01:23
2025-01-18 19:59:05,832 - INFO - Trial: 65/100, Epoch: 3/10, Val loss: 0.0024, Elapsed time: 0:00:32, Estimated time left: 0:01:12
2025-01-18 19:59:16,272 - INFO - Trial: 65/100, Epoch: 4/10, Val loss: 0.0020, Elapsed time: 0:00:42, Estimated time left: 0:01:02
2025-01-18 19:59:26,740 - INFO - Trial: 65/100, Epoch: 5/10, Val loss: 0.0017, Elapsed time: 0:00:52, Estimated time left: 0:00:52
2025-01-18 19:59:37,216 - INFO - Trial: 65/100, Epoch: 6/10, Val loss: 0.0015, Elapsed time: 0:01:03, Estimated time left: 0:00:41
2025-01-18 19:59:47,664 - INFO - Trial: 65/100, Epoch: 7/10, Val loss: 0.0015, Elapsed time: 0:01:13, Estimated time left: 0:00:31
2025-01-18 19:59:58,099 - INFO - Trial: 65/100, Epoch: 8/10, Val loss: 0.0014, Elapsed time: 0:01:24, Estimated time left: 0:00:20
2025-01-18 20:00:08,474 - INFO - Trial: 65/100, Epoch: 9/10, Val loss: 0.0014, Elapsed time: 0:01:34, Estimated time left: 0:00:10
2025-01-18 20:00:18,899 - INFO - Trial: 65/100, Epoch: 10/10, Val loss: 0.0012, Elapsed time: 0:01:45, Estimated time left: 0:00:00
