2025-01-18 19:07:55,149 - INFO - Trial 38 finished with value: 0.0009795027209183425 and parameters: {'hidden_layers': 6, 'n_units_l': 214, 'lr': 0.0007046316657473934, 'batch_size': 163}. Best is trial 22 with value: 0.000931663012376335.
2025-01-18 19:07:55,156 - INFO - Elapsed time: 6585.78 seconds
2025-01-18 19:07:55,157 - INFO - Estimated time left: 0.00 seconds
2025-01-18 19:08:06,336 - INFO - Trial: 40/100, Epoch: 1/10, Val loss: 0.0965, Elapsed time: 0:00:11, Estimated time left: 0:01:40
2025-01-18 19:08:16,743 - INFO - Trial: 40/100, Epoch: 2/10, Val loss: 0.0048, Elapsed time: 0:00:21, Estimated time left: 0:01:23
2025-01-18 19:08:27,198 - INFO - Trial: 40/100, Epoch: 3/10, Val loss: 0.0030, Elapsed time: 0:00:32, Estimated time left: 0:01:13
2025-01-18 19:08:37,692 - INFO - Trial: 40/100, Epoch: 4/10, Val loss: 0.0023, Elapsed time: 0:00:42, Estimated time left: 0:01:02
2025-01-18 19:08:48,174 - INFO - Trial: 40/100, Epoch: 5/10, Val loss: 0.0023, Elapsed time: 0:00:52, Estimated time left: 0:00:52
2025-01-18 19:08:58,662 - INFO - Trial: 40/100, Epoch: 6/10, Val loss: 0.0020, Elapsed time: 0:01:03, Estimated time left: 0:00:41
2025-01-18 19:09:09,146 - INFO - Trial: 40/100, Epoch: 7/10, Val loss: 0.0022, Elapsed time: 0:01:13, Estimated time left: 0:00:31
2025-01-18 19:09:19,572 - INFO - Trial: 40/100, Epoch: 8/10, Val loss: 0.0019, Elapsed time: 0:01:24, Estimated time left: 0:00:20
2025-01-18 19:09:30,040 - INFO - Trial: 40/100, Epoch: 9/10, Val loss: 0.0017, Elapsed time: 0:01:34, Estimated time left: 0:00:10
2025-01-18 19:09:40,529 - INFO - Trial: 40/100, Epoch: 10/10, Val loss: 0.0022, Elapsed time: 0:01:45, Estimated time left: 0:00:00
2025-01-18 19:09:40,531 - INFO - Trial 39 finished with value: 0.002184873420080823 and parameters: {'hidden_layers': 8, 'n_units_l': 78, 'lr': 0.00043037167153067387, 'batch_size': 173}. Best is trial 22 with value: 0.000931663012376335.
2025-01-18 19:09:40,538 - INFO - Elapsed time: 6691.16 seconds
2025-01-18 19:09:40,538 - INFO - Estimated time left: 0.00 seconds
2025-01-18 19:10:24,716 - INFO - Trial: 41/100, Epoch: 1/10, Val loss: 0.1665, Elapsed time: 0:00:44, Estimated time left: 0:06:37
2025-01-18 19:11:05,232 - INFO - Trial: 41/100, Epoch: 2/10, Val loss: 0.0487, Elapsed time: 0:01:24, Estimated time left: 0:05:24
2025-01-18 19:11:45,975 - INFO - Trial: 41/100, Epoch: 3/10, Val loss: 0.0235, Elapsed time: 0:02:05, Estimated time left: 0:04:45
2025-01-18 19:12:26,637 - INFO - Trial: 41/100, Epoch: 4/10, Val loss: 0.0191, Elapsed time: 0:02:46, Estimated time left: 0:04:03
2025-01-18 19:13:07,825 - INFO - Trial: 41/100, Epoch: 5/10, Val loss: 0.0151, Elapsed time: 0:03:27, Estimated time left: 0:03:25
2025-01-18 19:13:48,450 - INFO - Trial: 41/100, Epoch: 6/10, Val loss: 0.0142, Elapsed time: 0:04:07, Estimated time left: 0:02:42
2025-01-18 19:14:29,076 - INFO - Trial: 41/100, Epoch: 7/10, Val loss: 0.0133, Elapsed time: 0:04:48, Estimated time left: 0:02:01
2025-01-18 19:15:09,717 - INFO - Trial: 41/100, Epoch: 8/10, Val loss: 0.0088, Elapsed time: 0:05:29, Estimated time left: 0:01:21
2025-01-18 19:15:50,361 - INFO - Trial: 41/100, Epoch: 9/10, Val loss: 0.0065, Elapsed time: 0:06:09, Estimated time left: 0:00:40
2025-01-18 19:16:30,993 - INFO - Trial: 41/100, Epoch: 10/10, Val loss: 0.0058, Elapsed time: 0:06:50, Estimated time left: 0:00:00
2025-01-18 19:16:30,996 - INFO - Trial 40 finished with value: 0.005780530196865369 and parameters: {'hidden_layers': 6, 'n_units_l': 15, 'lr': 7.9145444659339e-05, 'batch_size': 26}. Best is trial 22 with value: 0.000931663012376335.
2025-01-18 19:16:31,003 - INFO - Elapsed time: 7101.63 seconds
2025-01-18 19:16:31,003 - INFO - Estimated time left: 0.00 seconds
2025-01-18 19:16:42,270 - INFO - Trial: 42/100, Epoch: 1/10, Val loss: 0.0859, Elapsed time: 0:00:11, Estimated time left: 0:01:41
2025-01-18 19:16:52,781 - INFO - Trial: 42/100, Epoch: 2/10, Val loss: 0.0020, Elapsed time: 0:00:21, Estimated time left: 0:01:24
2025-01-18 19:17:03,297 - INFO - Trial: 42/100, Epoch: 3/10, Val loss: 0.0019, Elapsed time: 0:00:32, Estimated time left: 0:01:13
2025-01-18 19:17:13,849 - INFO - Trial: 42/100, Epoch: 4/10, Val loss: 0.0017, Elapsed time: 0:00:42, Estimated time left: 0:01:03
2025-01-18 19:17:24,422 - INFO - Trial: 42/100, Epoch: 5/10, Val loss: 0.0017, Elapsed time: 0:00:53, Estimated time left: 0:00:52
2025-01-18 19:17:34,961 - INFO - Trial: 42/100, Epoch: 6/10, Val loss: 0.0014, Elapsed time: 0:01:03, Estimated time left: 0:00:42
2025-01-18 19:17:45,522 - INFO - Trial: 42/100, Epoch: 7/10, Val loss: 0.0013, Elapsed time: 0:01:14, Estimated time left: 0:00:31
2025-01-18 19:17:56,060 - INFO - Trial: 42/100, Epoch: 8/10, Val loss: 0.0012, Elapsed time: 0:01:25, Estimated time left: 0:00:21
2025-01-18 19:18:06,549 - INFO - Trial: 42/100, Epoch: 9/10, Val loss: 0.0011, Elapsed time: 0:01:35, Estimated time left: 0:00:10
2025-01-18 19:18:16,987 - INFO - Trial: 42/100, Epoch: 10/10, Val loss: 0.0011, Elapsed time: 0:01:45, Estimated time left: 0:00:00
2025-01-18 19:18:16,990 - INFO - Trial 41 finished with value: 0.0011314660008740274 and parameters: {'hidden_layers': 5, 'n_units_l': 197, 'lr': 0.0008057785358114084, 'batch_size': 145}. Best is trial 22 with value: 0.000931663012376335.
2025-01-18 19:18:16,997 - INFO - Elapsed time: 7207.62 seconds
2025-01-18 19:18:16,997 - INFO - Estimated time left: 0.00 seconds
2025-01-18 19:18:25,576 - INFO - Trial: 43/100, Epoch: 1/10, Val loss: 0.0954, Elapsed time: 0:00:08, Estimated time left: 0:01:16
2025-01-18 19:18:34,159 - INFO - Trial: 43/100, Epoch: 2/10, Val loss: 0.0029, Elapsed time: 0:00:17, Estimated time left: 0:01:08
2025-01-18 19:18:42,860 - INFO - Trial: 43/100, Epoch: 3/10, Val loss: 0.0024, Elapsed time: 0:00:25, Estimated time left: 0:01:00
2025-01-18 19:18:51,558 - INFO - Trial: 43/100, Epoch: 4/10, Val loss: 0.0029, Elapsed time: 0:00:34, Estimated time left: 0:00:52
2025-01-18 19:19:00,231 - INFO - Trial: 43/100, Epoch: 5/10, Val loss: 0.0016, Elapsed time: 0:00:43, Estimated time left: 0:00:43
2025-01-18 19:19:08,898 - INFO - Trial: 43/100, Epoch: 6/10, Val loss: 0.0019, Elapsed time: 0:00:51, Estimated time left: 0:00:34
2025-01-18 19:19:17,575 - INFO - Trial: 43/100, Epoch: 7/10, Val loss: 0.0016, Elapsed time: 0:01:00, Estimated time left: 0:00:26
2025-01-18 19:19:26,264 - INFO - Trial: 43/100, Epoch: 8/10, Val loss: 0.0012, Elapsed time: 0:01:09, Estimated time left: 0:00:17
2025-01-18 19:19:34,934 - INFO - Trial: 43/100, Epoch: 9/10, Val loss: 0.0013, Elapsed time: 0:01:17, Estimated time left: 0:00:08
2025-01-18 19:19:43,572 - INFO - Trial: 43/100, Epoch: 10/10, Val loss: 0.0010, Elapsed time: 0:01:26, Estimated time left: 0:00:00
2025-01-18 19:19:43,574 - INFO - Trial 42 finished with value: 0.0010421404637281227 and parameters: {'hidden_layers': 4, 'n_units_l': 222, 'lr': 0.0014957128502979219, 'batch_size': 225}. Best is trial 22 with value: 0.000931663012376335.
2025-01-18 19:19:43,582 - INFO - Elapsed time: 7294.21 seconds
2025-01-18 19:19:43,582 - INFO - Estimated time left: 0.00 seconds
2025-01-18 19:19:53,655 - INFO - Trial: 44/100, Epoch: 1/10, Val loss: 0.1832, Elapsed time: 0:00:10, Estimated time left: 0:01:30
2025-01-18 19:20:03,007 - INFO - Trial: 44/100, Epoch: 2/10, Val loss: 0.0032, Elapsed time: 0:00:19, Estimated time left: 0:01:14
2025-01-18 19:20:12,414 - INFO - Trial: 44/100, Epoch: 3/10, Val loss: 0.0028, Elapsed time: 0:00:28, Estimated time left: 0:01:05
2025-01-18 19:20:21,811 - INFO - Trial: 44/100, Epoch: 4/10, Val loss: 0.0021, Elapsed time: 0:00:38, Estimated time left: 0:00:56
2025-01-18 19:20:31,208 - INFO - Trial: 44/100, Epoch: 5/10, Val loss: 0.0020, Elapsed time: 0:00:47, Estimated time left: 0:00:46
2025-01-18 19:20:40,614 - INFO - Trial: 44/100, Epoch: 6/10, Val loss: 0.0019, Elapsed time: 0:00:57, Estimated time left: 0:00:37
2025-01-18 19:20:49,993 - INFO - Trial: 44/100, Epoch: 7/10, Val loss: 0.0017, Elapsed time: 0:01:06, Estimated time left: 0:00:28
2025-01-18 19:20:59,421 - INFO - Trial: 44/100, Epoch: 8/10, Val loss: 0.0017, Elapsed time: 0:01:15, Estimated time left: 0:00:18
2025-01-18 19:21:08,784 - INFO - Trial: 44/100, Epoch: 9/10, Val loss: 0.0016, Elapsed time: 0:01:25, Estimated time left: 0:00:09
2025-01-18 19:21:18,165 - INFO - Trial: 44/100, Epoch: 10/10, Val loss: 0.0015, Elapsed time: 0:01:34, Estimated time left: 0:00:00
2025-01-18 19:21:18,167 - INFO - Trial 43 finished with value: 0.0015009208086569667 and parameters: {'hidden_layers': 5, 'n_units_l': 136, 'lr': 0.0001951099152400132, 'batch_size': 165}. Best is trial 22 with value: 0.000931663012376335.
2025-01-18 19:21:18,175 - INFO - Elapsed time: 7388.80 seconds
2025-01-18 19:21:18,175 - INFO - Estimated time left: 0.00 seconds
2025-01-18 19:21:29,179 - INFO - Trial: 45/100, Epoch: 1/10, Val loss: 0.1307, Elapsed time: 0:00:10, Estimated time left: 0:01:38
2025-01-18 19:21:39,932 - INFO - Trial: 45/100, Epoch: 2/10, Val loss: 0.0033, Elapsed time: 0:00:21, Estimated time left: 0:01:26
2025-01-18 19:21:50,733 - INFO - Trial: 45/100, Epoch: 3/10, Val loss: 0.0022, Elapsed time: 0:00:32, Estimated time left: 0:01:15
2025-01-18 19:22:01,543 - INFO - Trial: 45/100, Epoch: 4/10, Val loss: 0.0020, Elapsed time: 0:00:43, Estimated time left: 0:01:04
2025-01-18 19:22:12,354 - INFO - Trial: 45/100, Epoch: 5/10, Val loss: 0.0018, Elapsed time: 0:00:54, Estimated time left: 0:00:54
2025-01-18 19:22:23,156 - INFO - Trial: 45/100, Epoch: 6/10, Val loss: 0.0021, Elapsed time: 0:01:04, Estimated time left: 0:00:43
2025-01-18 19:22:33,943 - INFO - Trial: 45/100, Epoch: 7/10, Val loss: 0.0017, Elapsed time: 0:01:15, Estimated time left: 0:00:32
2025-01-18 19:22:44,708 - INFO - Trial: 45/100, Epoch: 8/10, Val loss: 0.0017, Elapsed time: 0:01:26, Estimated time left: 0:00:21
2025-01-18 19:22:55,479 - INFO - Trial: 45/100, Epoch: 9/10, Val loss: 0.0015, Elapsed time: 0:01:37, Estimated time left: 0:00:10
2025-01-18 19:23:06,285 - INFO - Trial: 45/100, Epoch: 10/10, Val loss: 0.0015, Elapsed time: 0:01:48, Estimated time left: 0:00:00
2025-01-18 19:23:06,287 - INFO - Trial 44 finished with value: 0.0014582750069342086 and parameters: {'hidden_layers': 4, 'n_units_l': 100, 'lr': 0.00044865113205846594, 'batch_size': 127}. Best is trial 22 with value: 0.000931663012376335.
2025-01-18 19:23:06,295 - INFO - Elapsed time: 7496.92 seconds
2025-01-18 19:23:06,295 - INFO - Estimated time left: 0.00 seconds
2025-01-18 19:23:22,067 - INFO - Trial: 46/100, Epoch: 1/10, Val loss: 0.0535, Elapsed time: 0:00:15, Estimated time left: 0:02:21
2025-01-18 19:23:36,996 - INFO - Trial: 46/100, Epoch: 2/10, Val loss: 0.0029, Elapsed time: 0:00:30, Estimated time left: 0:01:59
2025-01-18 19:23:52,062 - INFO - Trial: 46/100, Epoch: 3/10, Val loss: 0.0033, Elapsed time: 0:00:45, Estimated time left: 0:01:45
2025-01-18 19:24:07,026 - INFO - Trial: 46/100, Epoch: 4/10, Val loss: 0.0020, Elapsed time: 0:01:00, Estimated time left: 0:01:29
2025-01-18 19:24:22,033 - INFO - Trial: 46/100, Epoch: 5/10, Val loss: 0.0026, Elapsed time: 0:01:15, Estimated time left: 0:01:15
2025-01-18 19:24:36,982 - INFO - Trial: 46/100, Epoch: 6/10, Val loss: 0.0018, Elapsed time: 0:01:30, Estimated time left: 0:00:59
2025-01-18 19:24:51,915 - INFO - Trial: 46/100, Epoch: 7/10, Val loss: 0.0016, Elapsed time: 0:01:45, Estimated time left: 0:00:44
2025-01-18 19:25:06,812 - INFO - Trial: 46/100, Epoch: 8/10, Val loss: 0.0017, Elapsed time: 0:02:00, Estimated time left: 0:00:29
2025-01-18 19:25:21,701 - INFO - Trial: 46/100, Epoch: 9/10, Val loss: 0.0015, Elapsed time: 0:02:15, Estimated time left: 0:00:14
2025-01-18 19:25:36,608 - INFO - Trial: 46/100, Epoch: 10/10, Val loss: 0.0020, Elapsed time: 0:02:30, Estimated time left: 0:00:00
2025-01-18 19:25:36,610 - INFO - Trial 45 finished with value: 0.0020443847409707034 and parameters: {'hidden_layers': 6, 'n_units_l': 255, 'lr': 0.004505862121587103, 'batch_size': 104}. Best is trial 22 with value: 0.000931663012376335.
2025-01-18 19:25:36,618 - INFO - Elapsed time: 7647.24 seconds
2025-01-18 19:25:36,618 - INFO - Estimated time left: 0.00 seconds
2025-01-18 19:25:50,090 - INFO - Trial: 47/100, Epoch: 1/10, Val loss: 0.1508, Elapsed time: 0:00:13, Estimated time left: 0:02:01
2025-01-18 19:26:02,644 - INFO - Trial: 47/100, Epoch: 2/10, Val loss: 0.1040, Elapsed time: 0:00:26, Estimated time left: 0:01:40
2025-01-18 19:26:15,168 - INFO - Trial: 47/100, Epoch: 3/10, Val loss: 0.1028, Elapsed time: 0:00:38, Estimated time left: 0:01:27
2025-01-18 19:26:27,678 - INFO - Trial: 47/100, Epoch: 4/10, Val loss: 0.1029, Elapsed time: 0:00:51, Estimated time left: 0:01:15
2025-01-18 19:26:40,198 - INFO - Trial: 47/100, Epoch: 5/10, Val loss: 0.1027, Elapsed time: 0:01:03, Estimated time left: 0:01:02
2025-01-18 19:26:52,711 - INFO - Trial: 47/100, Epoch: 6/10, Val loss: 0.1024, Elapsed time: 0:01:16, Estimated time left: 0:00:50
2025-01-18 19:27:05,222 - INFO - Trial: 47/100, Epoch: 7/10, Val loss: 0.1022, Elapsed time: 0:01:28, Estimated time left: 0:00:37
2025-01-18 19:27:17,749 - INFO - Trial: 47/100, Epoch: 8/10, Val loss: 0.1025, Elapsed time: 0:01:41, Estimated time left: 0:00:25
2025-01-18 19:27:30,290 - INFO - Trial: 47/100, Epoch: 9/10, Val loss: 0.1022, Elapsed time: 0:01:53, Estimated time left: 0:00:12
2025-01-18 19:27:42,806 - INFO - Trial: 47/100, Epoch: 10/10, Val loss: 0.1022, Elapsed time: 0:02:06, Estimated time left: 0:00:00
2025-01-18 19:27:42,808 - INFO - Trial 46 finished with value: 0.10218709322967028 and parameters: {'hidden_layers': 3, 'n_units_l': 4, 'lr': 0.002615465401575837, 'batch_size': 81}. Best is trial 22 with value: 0.000931663012376335.
2025-01-18 19:27:42,816 - INFO - Elapsed time: 7773.44 seconds
2025-01-18 19:27:42,816 - INFO - Estimated time left: 0.00 seconds
2025-01-18 19:27:54,348 - INFO - Trial: 48/100, Epoch: 1/10, Val loss: 0.0753, Elapsed time: 0:00:11, Estimated time left: 0:01:43
2025-01-18 19:28:05,260 - INFO - Trial: 48/100, Epoch: 2/10, Val loss: 0.0027, Elapsed time: 0:00:22, Estimated time left: 0:01:27
2025-01-18 19:28:16,135 - INFO - Trial: 48/100, Epoch: 3/10, Val loss: 0.0023, Elapsed time: 0:00:33, Estimated time left: 0:01:16
2025-01-18 19:28:26,996 - INFO - Trial: 48/100, Epoch: 4/10, Val loss: 0.0023, Elapsed time: 0:00:44, Estimated time left: 0:01:05
2025-01-18 19:28:37,861 - INFO - Trial: 48/100, Epoch: 5/10, Val loss: 0.0021, Elapsed time: 0:00:55, Estimated time left: 0:00:54
2025-01-18 19:28:48,730 - INFO - Trial: 48/100, Epoch: 6/10, Val loss: 0.0015, Elapsed time: 0:01:05, Estimated time left: 0:00:43
2025-01-18 19:28:59,598 - INFO - Trial: 48/100, Epoch: 7/10, Val loss: 0.0014, Elapsed time: 0:01:16, Estimated time left: 0:00:32
2025-01-18 19:29:10,450 - INFO - Trial: 48/100, Epoch: 8/10, Val loss: 0.0014, Elapsed time: 0:01:27, Estimated time left: 0:00:21
2025-01-18 19:29:21,250 - INFO - Trial: 48/100, Epoch: 9/10, Val loss: 0.0015, Elapsed time: 0:01:38, Estimated time left: 0:00:10
2025-01-18 19:29:32,073 - INFO - Trial: 48/100, Epoch: 10/10, Val loss: 0.0012, Elapsed time: 0:01:49, Estimated time left: 0:00:00
2025-01-18 19:29:32,075 - INFO - Trial 47 finished with value: 0.0011791897058272018 and parameters: {'hidden_layers': 6, 'n_units_l': 199, 'lr': 0.0008396051586069696, 'batch_size': 154}. Best is trial 22 with value: 0.000931663012376335.
2025-01-18 19:29:32,083 - INFO - Elapsed time: 7882.71 seconds
2025-01-18 19:29:32,084 - INFO - Estimated time left: 0.00 seconds
2025-01-18 19:29:44,495 - INFO - Trial: 49/100, Epoch: 1/10, Val loss: 0.0811, Elapsed time: 0:00:12, Estimated time left: 0:01:51
2025-01-18 19:29:56,336 - INFO - Trial: 49/100, Epoch: 2/10, Val loss: 0.0026, Elapsed time: 0:00:24, Estimated time left: 0:01:34
2025-01-18 19:30:08,219 - INFO - Trial: 49/100, Epoch: 3/10, Val loss: 0.0039, Elapsed time: 0:00:36, Estimated time left: 0:01:23
2025-01-18 19:30:20,131 - INFO - Trial: 49/100, Epoch: 4/10, Val loss: 0.0034, Elapsed time: 0:00:48, Estimated time left: 0:01:11
2025-01-18 19:30:31,990 - INFO - Trial: 49/100, Epoch: 5/10, Val loss: 0.0027, Elapsed time: 0:00:59, Estimated time left: 0:00:59
2025-01-18 19:30:43,847 - INFO - Trial: 49/100, Epoch: 6/10, Val loss: 0.0024, Elapsed time: 0:01:11, Estimated time left: 0:00:47
2025-01-18 19:30:55,658 - INFO - Trial: 49/100, Epoch: 7/10, Val loss: 0.0025, Elapsed time: 0:01:23, Estimated time left: 0:00:35
2025-01-18 19:31:07,509 - INFO - Trial: 49/100, Epoch: 8/10, Val loss: 0.0022, Elapsed time: 0:01:35, Estimated time left: 0:00:23
2025-01-18 19:31:19,311 - INFO - Trial: 49/100, Epoch: 9/10, Val loss: 0.0024, Elapsed time: 0:01:47, Estimated time left: 0:00:11
2025-01-18 19:31:31,119 - INFO - Trial: 49/100, Epoch: 10/10, Val loss: 0.0020, Elapsed time: 0:01:59, Estimated time left: 0:00:00
2025-01-18 19:31:31,121 - INFO - Trial 48 finished with value: 0.0019868285915444713 and parameters: {'hidden_layers': 5, 'n_units_l': 159, 'lr': 0.01225772887286685, 'batch_size': 120}. Best is trial 22 with value: 0.000931663012376335.
2025-01-18 19:31:31,129 - INFO - Elapsed time: 8001.75 seconds
2025-01-18 19:31:31,130 - INFO - Estimated time left: 0.00 seconds
2025-01-18 19:31:38,901 - INFO - Trial: 50/100, Epoch: 1/10, Val loss: 0.0584, Elapsed time: 0:00:07, Estimated time left: 0:01:09
2025-01-18 19:31:46,364 - INFO - Trial: 50/100, Epoch: 2/10, Val loss: 0.0040, Elapsed time: 0:00:15, Estimated time left: 0:00:59
2025-01-18 19:31:53,793 - INFO - Trial: 50/100, Epoch: 3/10, Val loss: 0.0022, Elapsed time: 0:00:22, Estimated time left: 0:00:51
2025-01-18 19:32:01,217 - INFO - Trial: 50/100, Epoch: 4/10, Val loss: 0.0028, Elapsed time: 0:00:30, Estimated time left: 0:00:44
2025-01-18 19:32:08,657 - INFO - Trial: 50/100, Epoch: 5/10, Val loss: 0.0019, Elapsed time: 0:00:37, Estimated time left: 0:00:37
2025-01-18 19:32:16,101 - INFO - Trial: 50/100, Epoch: 6/10, Val loss: 0.0023, Elapsed time: 0:00:44, Estimated time left: 0:00:29
2025-01-18 19:32:23,521 - INFO - Trial: 50/100, Epoch: 7/10, Val loss: 0.0019, Elapsed time: 0:00:52, Estimated time left: 0:00:22
2025-01-18 19:32:30,966 - INFO - Trial: 50/100, Epoch: 8/10, Val loss: 0.0016, Elapsed time: 0:00:59, Estimated time left: 0:00:14
2025-01-18 19:32:38,393 - INFO - Trial: 50/100, Epoch: 9/10, Val loss: 0.0015, Elapsed time: 0:01:07, Estimated time left: 0:00:07
2025-01-18 19:32:45,852 - INFO - Trial: 50/100, Epoch: 10/10, Val loss: 0.0015, Elapsed time: 0:01:14, Estimated time left: 0:00:00
2025-01-18 19:32:45,854 - INFO - Trial 49 finished with value: 0.001516382094336873 and parameters: {'hidden_layers': 3, 'n_units_l': 111, 'lr': 0.00488512318365481, 'batch_size': 228}. Best is trial 22 with value: 0.000931663012376335.
2025-01-18 19:32:45,863 - INFO - Elapsed time: 8076.49 seconds
2025-01-18 19:32:45,863 - INFO - Estimated time left: 0.00 seconds
2025-01-18 19:32:54,657 - INFO - Trial: 51/100, Epoch: 1/10, Val loss: 0.1548, Elapsed time: 0:00:08, Estimated time left: 0:01:18
2025-01-18 19:33:03,371 - INFO - Trial: 51/100, Epoch: 2/10, Val loss: 0.0496, Elapsed time: 0:00:17, Estimated time left: 0:01:09
2025-01-18 19:33:12,026 - INFO - Trial: 51/100, Epoch: 3/10, Val loss: 0.0474, Elapsed time: 0:00:26, Estimated time left: 0:01:00
2025-01-18 19:33:20,671 - INFO - Trial: 51/100, Epoch: 4/10, Val loss: 0.0486, Elapsed time: 0:00:34, Estimated time left: 0:00:51
2025-01-18 19:33:29,288 - INFO - Trial: 51/100, Epoch: 5/10, Val loss: 0.0475, Elapsed time: 0:00:43, Estimated time left: 0:00:43
2025-01-18 19:33:37,933 - INFO - Trial: 51/100, Epoch: 6/10, Val loss: 0.0478, Elapsed time: 0:00:52, Estimated time left: 0:00:34
2025-01-18 19:33:46,585 - INFO - Trial: 51/100, Epoch: 7/10, Val loss: 0.0492, Elapsed time: 0:01:00, Estimated time left: 0:00:25
2025-01-18 19:33:55,269 - INFO - Trial: 51/100, Epoch: 8/10, Val loss: 0.0473, Elapsed time: 0:01:09, Estimated time left: 0:00:17
2025-01-18 19:34:03,894 - INFO - Trial: 51/100, Epoch: 9/10, Val loss: 0.0472, Elapsed time: 0:01:18, Estimated time left: 0:00:08
2025-01-18 19:34:12,550 - INFO - Trial: 51/100, Epoch: 10/10, Val loss: 0.0487, Elapsed time: 0:01:26, Estimated time left: 0:00:00
2025-01-18 19:34:12,553 - INFO - Trial 50 finished with value: 0.04870275353843516 and parameters: {'hidden_layers': 4, 'n_units_l': 5, 'lr': 0.021714646586988063, 'batch_size': 182}. Best is trial 22 with value: 0.000931663012376335.
2025-01-18 19:34:12,561 - INFO - Elapsed time: 8163.19 seconds
2025-01-18 19:34:12,561 - INFO - Estimated time left: 0.00 seconds
2025-01-18 19:34:24,785 - INFO - Trial: 52/100, Epoch: 1/10, Val loss: 0.0230, Elapsed time: 0:00:12, Estimated time left: 0:01:49
2025-01-18 19:34:36,984 - INFO - Trial: 52/100, Epoch: 2/10, Val loss: 0.0020, Elapsed time: 0:00:24, Estimated time left: 0:01:37
2025-01-18 19:34:49,252 - INFO - Trial: 52/100, Epoch: 3/10, Val loss: 0.0025, Elapsed time: 0:00:36, Estimated time left: 0:01:25
2025-01-18 19:35:01,551 - INFO - Trial: 52/100, Epoch: 4/10, Val loss: 0.0019, Elapsed time: 0:00:48, Estimated time left: 0:01:13
2025-01-18 19:35:13,864 - INFO - Trial: 52/100, Epoch: 5/10, Val loss: 0.0015, Elapsed time: 0:01:01, Estimated time left: 0:01:01
2025-01-18 19:35:26,132 - INFO - Trial: 52/100, Epoch: 6/10, Val loss: 0.0017, Elapsed time: 0:01:13, Estimated time left: 0:00:49
2025-01-18 19:35:38,348 - INFO - Trial: 52/100, Epoch: 7/10, Val loss: 0.0012, Elapsed time: 0:01:25, Estimated time left: 0:00:36
2025-01-18 19:35:50,584 - INFO - Trial: 52/100, Epoch: 8/10, Val loss: 0.0011, Elapsed time: 0:01:37, Estimated time left: 0:00:24
2025-01-18 19:36:02,791 - INFO - Trial: 52/100, Epoch: 9/10, Val loss: 0.0010, Elapsed time: 0:01:50, Estimated time left: 0:00:12
2025-01-18 19:36:14,966 - INFO - Trial: 52/100, Epoch: 10/10, Val loss: 0.0010, Elapsed time: 0:02:02, Estimated time left: 0:00:00
