2025-01-30 01:09:54,572 - INFO - Trial 98 finished with value: 0.000878314989526431 and parameters: {'hidden_layers': 3, 'n_units_l': 165, 'lr': 0.00023175029365953714, 'batch_size': 28}. Best is trial 77 with value: 0.0006734657413265272.
2025-01-30 01:09:54,575 - INFO - Elapsed time: 48770.16 seconds
2025-01-30 01:09:54,576 - INFO - Estimated time left: 0.00 seconds
2025-01-30 01:10:24,931 - INFO - Trial: 100/100, Epoch: 1/15, Val loss: 0.0697, Elapsed time: 0:00:30, Estimated time left: 0:07:04
2025-01-30 01:10:52,991 - INFO - Trial: 100/100, Epoch: 2/15, Val loss: 0.0027, Elapsed time: 0:00:58, Estimated time left: 0:06:04
2025-01-30 01:11:21,047 - INFO - Trial: 100/100, Epoch: 3/15, Val loss: 0.0021, Elapsed time: 0:01:26, Estimated time left: 0:05:36
2025-01-30 01:11:49,018 - INFO - Trial: 100/100, Epoch: 4/15, Val loss: 0.0017, Elapsed time: 0:01:54, Estimated time left: 0:05:07
2025-01-30 01:12:16,888 - INFO - Trial: 100/100, Epoch: 5/15, Val loss: 0.0017, Elapsed time: 0:02:22, Estimated time left: 0:04:38
2025-01-30 01:12:44,799 - INFO - Trial: 100/100, Epoch: 6/15, Val loss: 0.0015, Elapsed time: 0:02:50, Estimated time left: 0:04:11
2025-01-30 01:13:12,878 - INFO - Trial: 100/100, Epoch: 7/15, Val loss: 0.0014, Elapsed time: 0:03:18, Estimated time left: 0:03:44
2025-01-30 01:13:40,824 - INFO - Trial: 100/100, Epoch: 8/15, Val loss: 0.0012, Elapsed time: 0:03:46, Estimated time left: 0:03:15
2025-01-30 01:14:08,760 - INFO - Trial: 100/100, Epoch: 9/15, Val loss: 0.0011, Elapsed time: 0:04:14, Estimated time left: 0:02:47
2025-01-30 01:14:36,962 - INFO - Trial: 100/100, Epoch: 10/15, Val loss: 0.0011, Elapsed time: 0:04:42, Estimated time left: 0:02:21
2025-01-30 01:15:04,954 - INFO - Trial: 100/100, Epoch: 11/15, Val loss: 0.0011, Elapsed time: 0:05:10, Estimated time left: 0:01:51
2025-01-30 01:15:32,933 - INFO - Trial: 100/100, Epoch: 12/15, Val loss: 0.0011, Elapsed time: 0:05:38, Estimated time left: 0:01:23
2025-01-30 01:16:00,922 - INFO - Trial: 100/100, Epoch: 13/15, Val loss: 0.0010, Elapsed time: 0:06:06, Estimated time left: 0:00:55
2025-01-30 01:16:28,916 - INFO - Trial: 100/100, Epoch: 14/15, Val loss: 0.0010, Elapsed time: 0:06:34, Estimated time left: 0:00:27
2025-01-30 01:16:56,920 - INFO - Trial: 100/100, Epoch: 15/15, Val loss: 0.0009, Elapsed time: 0:07:02, Estimated time left: 0:00:00
2025-01-30 01:16:56,922 - INFO - Trial 99 finished with value: 0.0009401871518964691 and parameters: {'hidden_layers': 8, 'n_units_l': 255, 'lr': 0.00038599843072080773, 'batch_size': 46}. Best is trial 77 with value: 0.0006734657413265272.
2025-01-30 01:16:56,925 - INFO - Elapsed time: 49192.51 seconds
2025-01-30 01:16:56,925 - INFO - Estimated time left: 0.00 seconds
2025-01-30 01:16:56,926 - INFO - Total optimization time: 49192.51 seconds
2025-01-30 01:16:56,926 - INFO - Best trial:
2025-01-30 01:16:56,926 - INFO -   Value: 0.0006734657413265272
2025-01-30 01:16:56,926 - INFO -   Params:
2025-01-30 01:16:56,926 - INFO -     hidden_layers: 7
2025-01-30 01:16:56,926 - INFO -     n_units_l: 250
2025-01-30 01:16:56,927 - INFO -     lr: 0.0001358126736235438
2025-01-30 01:16:56,927 - INFO -     batch_size: 30
2025-01-30 01:16:56,927 - INFO - Best trial number: 77
