2025-01-29 20:31:35,526 - INFO - Trial 62 finished with value: 0.0009897167188161985 and parameters: {'hidden_layers': 3, 'n_units_l': 139, 'lr': 0.00018256848713906382, 'batch_size': 32}. Best is trial 55 with value: 0.0007664368488753612.
2025-01-29 20:31:35,529 - INFO - Elapsed time: 32071.11 seconds
2025-01-29 20:31:35,529 - INFO - Estimated time left: 0.00 seconds
2025-01-29 20:32:27,446 - INFO - Trial: 64/100, Epoch: 1/15, Val loss: 0.1783, Elapsed time: 0:00:51, Estimated time left: 0:12:06
2025-01-29 20:33:13,646 - INFO - Trial: 64/100, Epoch: 2/15, Val loss: 0.0027, Elapsed time: 0:01:38, Estimated time left: 0:10:00
2025-01-29 20:33:59,669 - INFO - Trial: 64/100, Epoch: 3/15, Val loss: 0.0021, Elapsed time: 0:02:24, Estimated time left: 0:09:12
2025-01-29 20:34:45,848 - INFO - Trial: 64/100, Epoch: 4/15, Val loss: 0.0019, Elapsed time: 0:03:10, Estimated time left: 0:08:27
2025-01-29 20:35:31,961 - INFO - Trial: 64/100, Epoch: 5/15, Val loss: 0.0016, Elapsed time: 0:03:56, Estimated time left: 0:07:41
2025-01-29 20:36:18,084 - INFO - Trial: 64/100, Epoch: 6/15, Val loss: 0.0017, Elapsed time: 0:04:42, Estimated time left: 0:06:55
2025-01-29 20:37:04,401 - INFO - Trial: 64/100, Epoch: 7/15, Val loss: 0.0014, Elapsed time: 0:05:28, Estimated time left: 0:06:10
2025-01-29 20:37:50,533 - INFO - Trial: 64/100, Epoch: 8/15, Val loss: 0.0015, Elapsed time: 0:06:14, Estimated time left: 0:05:22
2025-01-29 20:38:36,562 - INFO - Trial: 64/100, Epoch: 9/15, Val loss: 0.0015, Elapsed time: 0:07:01, Estimated time left: 0:04:36
2025-01-29 20:39:22,636 - INFO - Trial: 64/100, Epoch: 10/15, Val loss: 0.0012, Elapsed time: 0:07:47, Estimated time left: 0:03:50
2025-01-29 20:40:08,867 - INFO - Trial: 64/100, Epoch: 11/15, Val loss: 0.0011, Elapsed time: 0:08:33, Estimated time left: 0:03:04
2025-01-29 20:40:54,838 - INFO - Trial: 64/100, Epoch: 12/15, Val loss: 0.0011, Elapsed time: 0:09:19, Estimated time left: 0:02:17
2025-01-29 20:41:41,120 - INFO - Trial: 64/100, Epoch: 13/15, Val loss: 0.0010, Elapsed time: 0:10:05, Estimated time left: 0:01:32
2025-01-29 20:42:27,382 - INFO - Trial: 64/100, Epoch: 14/15, Val loss: 0.0010, Elapsed time: 0:10:51, Estimated time left: 0:00:46
2025-01-29 20:43:13,660 - INFO - Trial: 64/100, Epoch: 15/15, Val loss: 0.0010, Elapsed time: 0:11:38, Estimated time left: 0:00:00
2025-01-29 20:43:13,661 - INFO - Trial 63 finished with value: 0.001006070541246719 and parameters: {'hidden_layers': 8, 'n_units_l': 174, 'lr': 0.00010064272314970019, 'batch_size': 23}. Best is trial 55 with value: 0.0007664368488753612.
2025-01-29 20:43:13,664 - INFO - Elapsed time: 32769.25 seconds
2025-01-29 20:43:13,664 - INFO - Estimated time left: 0.00 seconds
2025-01-29 20:43:35,973 - INFO - Trial: 65/100, Epoch: 1/15, Val loss: 0.0929, Elapsed time: 0:00:22, Estimated time left: 0:05:12
2025-01-29 20:43:57,001 - INFO - Trial: 65/100, Epoch: 2/15, Val loss: 0.0026, Elapsed time: 0:00:43, Estimated time left: 0:04:33
2025-01-29 20:44:18,154 - INFO - Trial: 65/100, Epoch: 3/15, Val loss: 0.0019, Elapsed time: 0:01:04, Estimated time left: 0:04:13
2025-01-29 20:44:39,123 - INFO - Trial: 65/100, Epoch: 4/15, Val loss: 0.0019, Elapsed time: 0:01:25, Estimated time left: 0:03:50
2025-01-29 20:45:00,125 - INFO - Trial: 65/100, Epoch: 5/15, Val loss: 0.0016, Elapsed time: 0:01:46, Estimated time left: 0:03:30
2025-01-29 20:45:21,134 - INFO - Trial: 65/100, Epoch: 6/15, Val loss: 0.0017, Elapsed time: 0:02:07, Estimated time left: 0:03:09
2025-01-29 20:45:42,201 - INFO - Trial: 65/100, Epoch: 7/15, Val loss: 0.0014, Elapsed time: 0:02:28, Estimated time left: 0:02:48
2025-01-29 20:46:03,268 - INFO - Trial: 65/100, Epoch: 8/15, Val loss: 0.0015, Elapsed time: 0:02:49, Estimated time left: 0:02:27
2025-01-29 20:46:24,358 - INFO - Trial: 65/100, Epoch: 9/15, Val loss: 0.0014, Elapsed time: 0:03:10, Estimated time left: 0:02:06
2025-01-29 20:46:45,487 - INFO - Trial: 65/100, Epoch: 10/15, Val loss: 0.0014, Elapsed time: 0:03:31, Estimated time left: 0:01:45
2025-01-29 20:47:06,586 - INFO - Trial: 65/100, Epoch: 11/15, Val loss: 0.0012, Elapsed time: 0:03:52, Estimated time left: 0:01:24
2025-01-29 20:47:27,728 - INFO - Trial: 65/100, Epoch: 12/15, Val loss: 0.0013, Elapsed time: 0:04:14, Estimated time left: 0:01:03
2025-01-29 20:47:48,813 - INFO - Trial: 65/100, Epoch: 13/15, Val loss: 0.0012, Elapsed time: 0:04:35, Estimated time left: 0:00:42
2025-01-29 20:48:09,882 - INFO - Trial: 65/100, Epoch: 14/15, Val loss: 0.0011, Elapsed time: 0:04:56, Estimated time left: 0:00:21
2025-01-29 20:48:30,968 - INFO - Trial: 65/100, Epoch: 15/15, Val loss: 0.0011, Elapsed time: 0:05:17, Estimated time left: 0:00:00
2025-01-29 20:48:30,969 - INFO - Trial 64 finished with value: 0.001111647902045473 and parameters: {'hidden_layers': 4, 'n_units_l': 93, 'lr': 0.00035288871390153445, 'batch_size': 38}. Best is trial 55 with value: 0.0007664368488753612.
2025-01-29 20:48:30,972 - INFO - Elapsed time: 33086.56 seconds
2025-01-29 20:48:30,972 - INFO - Estimated time left: 0.00 seconds
2025-01-29 20:49:09,612 - INFO - Trial: 66/100, Epoch: 1/15, Val loss: 0.0674, Elapsed time: 0:00:38, Estimated time left: 0:09:00
2025-01-29 20:49:44,735 - INFO - Trial: 66/100, Epoch: 2/15, Val loss: 0.0024, Elapsed time: 0:01:13, Estimated time left: 0:07:36
2025-01-29 20:50:19,885 - INFO - Trial: 66/100, Epoch: 3/15, Val loss: 0.0019, Elapsed time: 0:01:48, Estimated time left: 0:07:01
2025-01-29 20:50:55,010 - INFO - Trial: 66/100, Epoch: 4/15, Val loss: 0.0016, Elapsed time: 0:02:24, Estimated time left: 0:06:26
2025-01-29 20:51:30,172 - INFO - Trial: 66/100, Epoch: 5/15, Val loss: 0.0014, Elapsed time: 0:02:59, Estimated time left: 0:05:51
2025-01-29 20:52:05,359 - INFO - Trial: 66/100, Epoch: 6/15, Val loss: 0.0012, Elapsed time: 0:03:34, Estimated time left: 0:05:16
2025-01-29 20:52:40,516 - INFO - Trial: 66/100, Epoch: 7/15, Val loss: 0.0011, Elapsed time: 0:04:09, Estimated time left: 0:04:41
2025-01-29 20:53:15,706 - INFO - Trial: 66/100, Epoch: 8/15, Val loss: 0.0011, Elapsed time: 0:04:44, Estimated time left: 0:04:06
2025-01-29 20:53:50,857 - INFO - Trial: 66/100, Epoch: 9/15, Val loss: 0.0011, Elapsed time: 0:05:19, Estimated time left: 0:03:30
2025-01-29 20:54:26,035 - INFO - Trial: 66/100, Epoch: 10/15, Val loss: 0.0009, Elapsed time: 0:05:55, Estimated time left: 0:02:55
2025-01-29 20:55:01,212 - INFO - Trial: 66/100, Epoch: 11/15, Val loss: 0.0010, Elapsed time: 0:06:30, Estimated time left: 0:02:20
2025-01-29 20:55:36,373 - INFO - Trial: 66/100, Epoch: 12/15, Val loss: 0.0009, Elapsed time: 0:07:05, Estimated time left: 0:01:45
2025-01-29 20:56:11,532 - INFO - Trial: 66/100, Epoch: 13/15, Val loss: 0.0008, Elapsed time: 0:07:40, Estimated time left: 0:01:10
2025-01-29 20:56:46,942 - INFO - Trial: 66/100, Epoch: 14/15, Val loss: 0.0008, Elapsed time: 0:08:15, Estimated time left: 0:00:35
2025-01-29 20:57:22,097 - INFO - Trial: 66/100, Epoch: 15/15, Val loss: 0.0008, Elapsed time: 0:08:51, Estimated time left: 0:00:00
2025-01-29 20:57:22,098 - INFO - Trial 65 finished with value: 0.0008049191081190656 and parameters: {'hidden_layers': 5, 'n_units_l': 217, 'lr': 0.00024539864403040585, 'batch_size': 25}. Best is trial 55 with value: 0.0007664368488753612.
2025-01-29 20:57:22,101 - INFO - Elapsed time: 33617.69 seconds
2025-01-29 20:57:22,101 - INFO - Estimated time left: 0.00 seconds
2025-01-29 20:58:06,424 - INFO - Trial: 67/100, Epoch: 1/15, Val loss: 0.0842, Elapsed time: 0:00:44, Estimated time left: 0:10:20
2025-01-29 20:58:46,973 - INFO - Trial: 67/100, Epoch: 2/15, Val loss: 0.0029, Elapsed time: 0:01:24, Estimated time left: 0:08:47
2025-01-29 20:59:26,962 - INFO - Trial: 67/100, Epoch: 3/15, Val loss: 0.0020, Elapsed time: 0:02:04, Estimated time left: 0:07:59
2025-01-29 21:00:06,977 - INFO - Trial: 67/100, Epoch: 4/15, Val loss: 0.0017, Elapsed time: 0:02:44, Estimated time left: 0:07:20
2025-01-29 21:00:47,253 - INFO - Trial: 67/100, Epoch: 5/15, Val loss: 0.0015, Elapsed time: 0:03:25, Estimated time left: 0:06:42
2025-01-29 21:01:27,518 - INFO - Trial: 67/100, Epoch: 6/15, Val loss: 0.0013, Elapsed time: 0:04:05, Estimated time left: 0:06:02
2025-01-29 21:02:07,769 - INFO - Trial: 67/100, Epoch: 7/15, Val loss: 0.0012, Elapsed time: 0:04:45, Estimated time left: 0:05:22
2025-01-29 21:02:48,021 - INFO - Trial: 67/100, Epoch: 8/15, Val loss: 0.0011, Elapsed time: 0:05:25, Estimated time left: 0:04:41
2025-01-29 21:03:28,323 - INFO - Trial: 67/100, Epoch: 9/15, Val loss: 0.0012, Elapsed time: 0:06:06, Estimated time left: 0:04:01
2025-01-29 21:04:08,635 - INFO - Trial: 67/100, Epoch: 10/15, Val loss: 0.0011, Elapsed time: 0:06:46, Estimated time left: 0:03:21
2025-01-29 21:04:48,861 - INFO - Trial: 67/100, Epoch: 11/15, Val loss: 0.0011, Elapsed time: 0:07:26, Estimated time left: 0:02:40
2025-01-29 21:05:29,136 - INFO - Trial: 67/100, Epoch: 12/15, Val loss: 0.0011, Elapsed time: 0:08:07, Estimated time left: 0:02:00
2025-01-29 21:06:09,373 - INFO - Trial: 67/100, Epoch: 13/15, Val loss: 0.0008, Elapsed time: 0:08:47, Estimated time left: 0:01:20
2025-01-29 21:06:49,809 - INFO - Trial: 67/100, Epoch: 14/15, Val loss: 0.0013, Elapsed time: 0:09:27, Estimated time left: 0:00:40
2025-01-29 21:07:30,081 - INFO - Trial: 67/100, Epoch: 15/15, Val loss: 0.0010, Elapsed time: 0:10:07, Estimated time left: 0:00:00
2025-01-29 21:07:30,082 - INFO - Trial 66 finished with value: 0.00097617092479785 and parameters: {'hidden_layers': 7, 'n_units_l': 217, 'lr': 0.00024295239303684873, 'batch_size': 26}. Best is trial 55 with value: 0.0007664368488753612.
2025-01-29 21:07:30,085 - INFO - Elapsed time: 34225.67 seconds
2025-01-29 21:07:30,085 - INFO - Estimated time left: 0.00 seconds
2025-01-29 21:08:01,889 - INFO - Trial: 68/100, Epoch: 1/15, Val loss: 0.1702, Elapsed time: 0:00:31, Estimated time left: 0:07:25
2025-01-29 21:08:31,632 - INFO - Trial: 68/100, Epoch: 2/15, Val loss: 0.0038, Elapsed time: 0:01:01, Estimated time left: 0:06:26
2025-01-29 21:09:01,181 - INFO - Trial: 68/100, Epoch: 3/15, Val loss: 0.0022, Elapsed time: 0:01:31, Estimated time left: 0:05:54
2025-01-29 21:09:30,725 - INFO - Trial: 68/100, Epoch: 4/15, Val loss: 0.0020, Elapsed time: 0:02:00, Estimated time left: 0:05:24
2025-01-29 21:10:00,432 - INFO - Trial: 68/100, Epoch: 5/15, Val loss: 0.0019, Elapsed time: 0:02:30, Estimated time left: 0:04:57
2025-01-29 21:10:30,249 - INFO - Trial: 68/100, Epoch: 6/15, Val loss: 0.0015, Elapsed time: 0:03:00, Estimated time left: 0:04:28
2025-01-29 21:11:00,045 - INFO - Trial: 68/100, Epoch: 7/15, Val loss: 0.0014, Elapsed time: 0:03:29, Estimated time left: 0:03:58
2025-01-29 21:11:29,834 - INFO - Trial: 68/100, Epoch: 8/15, Val loss: 0.0013, Elapsed time: 0:03:59, Estimated time left: 0:03:28
2025-01-29 21:11:59,639 - INFO - Trial: 68/100, Epoch: 9/15, Val loss: 0.0013, Elapsed time: 0:04:29, Estimated time left: 0:02:58
2025-01-29 21:12:29,454 - INFO - Trial: 68/100, Epoch: 10/15, Val loss: 0.0010, Elapsed time: 0:04:59, Estimated time left: 0:02:29
2025-01-29 21:12:59,199 - INFO - Trial: 68/100, Epoch: 11/15, Val loss: 0.0011, Elapsed time: 0:05:29, Estimated time left: 0:01:58
2025-01-29 21:13:28,969 - INFO - Trial: 68/100, Epoch: 12/15, Val loss: 0.0012, Elapsed time: 0:05:58, Estimated time left: 0:01:29
2025-01-29 21:13:59,187 - INFO - Trial: 68/100, Epoch: 13/15, Val loss: 0.0010, Elapsed time: 0:06:29, Estimated time left: 0:01:00
2025-01-29 21:14:28,955 - INFO - Trial: 68/100, Epoch: 14/15, Val loss: 0.0009, Elapsed time: 0:06:58, Estimated time left: 0:00:29
2025-01-29 21:14:58,770 - INFO - Trial: 68/100, Epoch: 15/15, Val loss: 0.0008, Elapsed time: 0:07:28, Estimated time left: 0:00:00
2025-01-29 21:14:58,772 - INFO - Trial 67 finished with value: 0.0008014071286702529 and parameters: {'hidden_layers': 6, 'n_units_l': 192, 'lr': 0.00013029638972322533, 'batch_size': 32}. Best is trial 55 with value: 0.0007664368488753612.
2025-01-29 21:14:58,774 - INFO - Elapsed time: 34674.36 seconds
2025-01-29 21:14:58,775 - INFO - Estimated time left: 0.00 seconds
2025-01-29 21:15:33,636 - INFO - Trial: 69/100, Epoch: 1/15, Val loss: 0.1717, Elapsed time: 0:00:34, Estimated time left: 0:08:07
2025-01-29 21:16:06,014 - INFO - Trial: 69/100, Epoch: 2/15, Val loss: 0.0027, Elapsed time: 0:01:07, Estimated time left: 0:07:00
2025-01-29 21:16:38,239 - INFO - Trial: 69/100, Epoch: 3/15, Val loss: 0.0021, Elapsed time: 0:01:39, Estimated time left: 0:06:26
2025-01-29 21:17:10,352 - INFO - Trial: 69/100, Epoch: 4/15, Val loss: 0.0021, Elapsed time: 0:02:11, Estimated time left: 0:05:53
2025-01-29 21:17:42,596 - INFO - Trial: 69/100, Epoch: 5/15, Val loss: 0.0017, Elapsed time: 0:02:43, Estimated time left: 0:05:22
2025-01-29 21:18:15,044 - INFO - Trial: 69/100, Epoch: 6/15, Val loss: 0.0015, Elapsed time: 0:03:16, Estimated time left: 0:04:52
2025-01-29 21:18:47,428 - INFO - Trial: 69/100, Epoch: 7/15, Val loss: 0.0016, Elapsed time: 0:03:48, Estimated time left: 0:04:19
2025-01-29 21:19:20,242 - INFO - Trial: 69/100, Epoch: 8/15, Val loss: 0.0012, Elapsed time: 0:04:21, Estimated time left: 0:03:49
2025-01-29 21:19:53,586 - INFO - Trial: 69/100, Epoch: 9/15, Val loss: 0.0011, Elapsed time: 0:04:54, Estimated time left: 0:03:20
2025-01-29 21:20:25,995 - INFO - Trial: 69/100, Epoch: 10/15, Val loss: 0.0012, Elapsed time: 0:05:27, Estimated time left: 0:02:42
2025-01-29 21:20:58,409 - INFO - Trial: 69/100, Epoch: 11/15, Val loss: 0.0012, Elapsed time: 0:05:59, Estimated time left: 0:02:09
2025-01-29 21:21:30,810 - INFO - Trial: 69/100, Epoch: 12/15, Val loss: 0.0009, Elapsed time: 0:06:32, Estimated time left: 0:01:37
2025-01-29 21:22:03,245 - INFO - Trial: 69/100, Epoch: 13/15, Val loss: 0.0009, Elapsed time: 0:07:04, Estimated time left: 0:01:04
2025-01-29 21:22:35,675 - INFO - Trial: 69/100, Epoch: 14/15, Val loss: 0.0010, Elapsed time: 0:07:36, Estimated time left: 0:00:32
2025-01-29 21:23:08,103 - INFO - Trial: 69/100, Epoch: 15/15, Val loss: 0.0010, Elapsed time: 0:08:09, Estimated time left: 0:00:00
2025-01-29 21:23:08,104 - INFO - Trial 68 finished with value: 0.0009920813825726744 and parameters: {'hidden_layers': 6, 'n_units_l': 167, 'lr': 0.00013686000848260347, 'batch_size': 28}. Best is trial 55 with value: 0.0007664368488753612.
2025-01-29 21:23:08,107 - INFO - Elapsed time: 35163.69 seconds
2025-01-29 21:23:08,107 - INFO - Estimated time left: 0.00 seconds
2025-01-29 21:23:32,422 - INFO - Trial: 70/100, Epoch: 1/15, Val loss: 0.1647, Elapsed time: 0:00:24, Estimated time left: 0:05:40
2025-01-29 21:23:54,806 - INFO - Trial: 70/100, Epoch: 2/15, Val loss: 0.1651, Elapsed time: 0:00:46, Estimated time left: 0:04:50
2025-01-29 21:24:17,019 - INFO - Trial: 70/100, Epoch: 3/15, Val loss: 0.1648, Elapsed time: 0:01:08, Estimated time left: 0:04:26
2025-01-29 21:24:39,260 - INFO - Trial: 70/100, Epoch: 4/15, Val loss: 0.1641, Elapsed time: 0:01:31, Estimated time left: 0:04:04
2025-01-29 21:25:01,522 - INFO - Trial: 70/100, Epoch: 5/15, Val loss: 0.1639, Elapsed time: 0:01:53, Estimated time left: 0:03:42
2025-01-29 21:25:23,894 - INFO - Trial: 70/100, Epoch: 6/15, Val loss: 0.1654, Elapsed time: 0:02:15, Estimated time left: 0:03:21
2025-01-29 21:25:46,135 - INFO - Trial: 70/100, Epoch: 7/15, Val loss: 0.1651, Elapsed time: 0:02:38, Estimated time left: 0:02:57
2025-01-29 21:26:08,367 - INFO - Trial: 70/100, Epoch: 8/15, Val loss: 0.1651, Elapsed time: 0:03:00, Estimated time left: 0:02:35
2025-01-29 21:26:30,804 - INFO - Trial: 70/100, Epoch: 9/15, Val loss: 0.1678, Elapsed time: 0:03:22, Estimated time left: 0:02:14
2025-01-29 21:26:53,152 - INFO - Trial: 70/100, Epoch: 10/15, Val loss: 0.1639, Elapsed time: 0:03:45, Estimated time left: 0:01:51
2025-01-29 21:27:15,321 - INFO - Trial: 70/100, Epoch: 11/15, Val loss: 0.1685, Elapsed time: 0:04:07, Estimated time left: 0:01:28
2025-01-29 21:27:37,629 - INFO - Trial: 70/100, Epoch: 12/15, Val loss: 0.1660, Elapsed time: 0:04:29, Estimated time left: 0:01:06
2025-01-29 21:27:59,831 - INFO - Trial: 70/100, Epoch: 13/15, Val loss: 0.1639, Elapsed time: 0:04:51, Estimated time left: 0:00:44
2025-01-29 21:28:21,973 - INFO - Trial: 70/100, Epoch: 14/15, Val loss: 0.1644, Elapsed time: 0:05:13, Estimated time left: 0:00:22
2025-01-29 21:28:44,726 - INFO - Trial: 70/100, Epoch: 15/15, Val loss: 0.1641, Elapsed time: 0:05:36, Estimated time left: 0:00:00
2025-01-29 21:28:44,727 - INFO - Trial 69 finished with value: 0.16405529192206067 and parameters: {'hidden_layers': 6, 'n_units_l': 116, 'lr': 0.05851044926807354, 'batch_size': 41}. Best is trial 55 with value: 0.0007664368488753612.
2025-01-29 21:28:44,730 - INFO - Elapsed time: 35500.32 seconds
2025-01-29 21:28:44,730 - INFO - Estimated time left: 0.00 seconds
2025-01-29 21:28:52,443 - INFO - Trial: 71/100, Epoch: 1/15, Val loss: 0.2074, Elapsed time: 0:00:07, Estimated time left: 0:01:47
2025-01-29 21:28:59,599 - INFO - Trial: 71/100, Epoch: 2/15, Val loss: 0.0028, Elapsed time: 0:00:14, Estimated time left: 0:01:33
2025-01-29 21:29:06,811 - INFO - Trial: 71/100, Epoch: 3/15, Val loss: 0.0023, Elapsed time: 0:00:22, Estimated time left: 0:01:26
2025-01-29 21:29:14,056 - INFO - Trial: 71/100, Epoch: 4/15, Val loss: 0.0021, Elapsed time: 0:00:29, Estimated time left: 0:01:19
2025-01-29 21:29:21,289 - INFO - Trial: 71/100, Epoch: 5/15, Val loss: 0.0027, Elapsed time: 0:00:36, Estimated time left: 0:01:12
2025-01-29 21:29:28,501 - INFO - Trial: 71/100, Epoch: 6/15, Val loss: 0.0017, Elapsed time: 0:00:43, Estimated time left: 0:01:04
2025-01-29 21:29:35,696 - INFO - Trial: 71/100, Epoch: 7/15, Val loss: 0.0019, Elapsed time: 0:00:50, Estimated time left: 0:00:57
2025-01-29 21:29:42,882 - INFO - Trial: 71/100, Epoch: 8/15, Val loss: 0.0018, Elapsed time: 0:00:58, Estimated time left: 0:00:50
2025-01-29 21:29:50,062 - INFO - Trial: 71/100, Epoch: 9/15, Val loss: 0.0015, Elapsed time: 0:01:05, Estimated time left: 0:00:43
2025-01-29 21:29:57,257 - INFO - Trial: 71/100, Epoch: 10/15, Val loss: 0.0014, Elapsed time: 0:01:12, Estimated time left: 0:00:35
2025-01-29 21:30:04,406 - INFO - Trial: 71/100, Epoch: 11/15, Val loss: 0.0015, Elapsed time: 0:01:19, Estimated time left: 0:00:28
2025-01-29 21:30:11,608 - INFO - Trial: 71/100, Epoch: 12/15, Val loss: 0.0018, Elapsed time: 0:01:26, Estimated time left: 0:00:21
2025-01-29 21:30:18,801 - INFO - Trial: 71/100, Epoch: 13/15, Val loss: 0.0023, Elapsed time: 0:01:34, Estimated time left: 0:00:14
2025-01-29 21:30:25,996 - INFO - Trial: 71/100, Epoch: 14/15, Val loss: 0.0012, Elapsed time: 0:01:41, Estimated time left: 0:00:07
2025-01-29 21:30:33,184 - INFO - Trial: 71/100, Epoch: 15/15, Val loss: 0.0012, Elapsed time: 0:01:48, Estimated time left: 0:00:00
2025-01-29 21:30:33,187 - INFO - Trial 70 finished with value: 0.0012215945551175772 and parameters: {'hidden_layers': 7, 'n_units_l': 179, 'lr': 0.00018240650551448544, 'batch_size': 208}. Best is trial 55 with value: 0.0007664368488753612.
2025-01-29 21:30:33,190 - INFO - Elapsed time: 35608.77 seconds
2025-01-29 21:30:33,190 - INFO - Estimated time left: 0.00 seconds
2025-01-29 21:31:03,070 - INFO - Trial: 72/100, Epoch: 1/15, Val loss: 0.2051, Elapsed time: 0:00:29, Estimated time left: 0:06:58
2025-01-29 21:31:30,051 - INFO - Trial: 72/100, Epoch: 2/15, Val loss: 0.0028, Elapsed time: 0:00:56, Estimated time left: 0:05:50
2025-01-29 21:31:56,827 - INFO - Trial: 72/100, Epoch: 3/15, Val loss: 0.0022, Elapsed time: 0:01:23, Estimated time left: 0:05:21
2025-01-29 21:32:23,592 - INFO - Trial: 72/100, Epoch: 4/15, Val loss: 0.0018, Elapsed time: 0:01:50, Estimated time left: 0:04:54
2025-01-29 21:32:50,432 - INFO - Trial: 72/100, Epoch: 5/15, Val loss: 0.0017, Elapsed time: 0:02:17, Estimated time left: 0:04:28
2025-01-29 21:33:17,627 - INFO - Trial: 72/100, Epoch: 6/15, Val loss: 0.0016, Elapsed time: 0:02:44, Estimated time left: 0:04:04
2025-01-29 21:33:44,769 - INFO - Trial: 72/100, Epoch: 7/15, Val loss: 0.0017, Elapsed time: 0:03:11, Estimated time left: 0:03:37
2025-01-29 21:34:11,963 - INFO - Trial: 72/100, Epoch: 8/15, Val loss: 0.0014, Elapsed time: 0:03:38, Estimated time left: 0:03:10
2025-01-29 21:34:39,112 - INFO - Trial: 72/100, Epoch: 9/15, Val loss: 0.0014, Elapsed time: 0:04:05, Estimated time left: 0:02:42
2025-01-29 21:35:06,232 - INFO - Trial: 72/100, Epoch: 10/15, Val loss: 0.0014, Elapsed time: 0:04:33, Estimated time left: 0:02:15
2025-01-29 21:35:33,411 - INFO - Trial: 72/100, Epoch: 11/15, Val loss: 0.0014, Elapsed time: 0:05:00, Estimated time left: 0:01:48
2025-01-29 21:36:00,582 - INFO - Trial: 72/100, Epoch: 12/15, Val loss: 0.0014, Elapsed time: 0:05:27, Estimated time left: 0:01:21
2025-01-29 21:36:27,796 - INFO - Trial: 72/100, Epoch: 13/15, Val loss: 0.0013, Elapsed time: 0:05:54, Estimated time left: 0:00:54
2025-01-29 21:36:55,073 - INFO - Trial: 72/100, Epoch: 14/15, Val loss: 0.0013, Elapsed time: 0:06:21, Estimated time left: 0:00:27
2025-01-29 21:37:22,219 - INFO - Trial: 72/100, Epoch: 15/15, Val loss: 0.0012, Elapsed time: 0:06:49, Estimated time left: 0:00:00
