2025-01-29 19:26:17,255 - INFO - Trial 53 finished with value: 0.0008108829711509331 and parameters: {'hidden_layers': 8, 'n_units_l': 215, 'lr': 0.0003859670570622141, 'batch_size': 43}. Best is trial 41 with value: 0.0007892231993403083.
2025-01-29 19:26:17,257 - INFO - Elapsed time: 28152.84 seconds
2025-01-29 19:26:17,257 - INFO - Estimated time left: 0.00 seconds
2025-01-29 19:26:50,958 - INFO - Trial: 55/100, Epoch: 1/15, Val loss: 0.1114, Elapsed time: 0:00:33, Estimated time left: 0:07:51
2025-01-29 19:27:21,165 - INFO - Trial: 55/100, Epoch: 2/15, Val loss: 0.0027, Elapsed time: 0:01:03, Estimated time left: 0:06:32
2025-01-29 19:27:51,337 - INFO - Trial: 55/100, Epoch: 3/15, Val loss: 0.0023, Elapsed time: 0:01:34, Estimated time left: 0:06:02
2025-01-29 19:28:21,966 - INFO - Trial: 55/100, Epoch: 4/15, Val loss: 0.0019, Elapsed time: 0:02:04, Estimated time left: 0:05:36
2025-01-29 19:28:52,110 - INFO - Trial: 55/100, Epoch: 5/15, Val loss: 0.0016, Elapsed time: 0:02:34, Estimated time left: 0:05:01
2025-01-29 19:29:22,291 - INFO - Trial: 55/100, Epoch: 6/15, Val loss: 0.0017, Elapsed time: 0:03:05, Estimated time left: 0:04:31
2025-01-29 19:29:52,466 - INFO - Trial: 55/100, Epoch: 7/15, Val loss: 0.0018, Elapsed time: 0:03:35, Estimated time left: 0:04:01
2025-01-29 19:30:22,678 - INFO - Trial: 55/100, Epoch: 8/15, Val loss: 0.0011, Elapsed time: 0:04:05, Estimated time left: 0:03:31
2025-01-29 19:30:52,842 - INFO - Trial: 55/100, Epoch: 9/15, Val loss: 0.0010, Elapsed time: 0:04:35, Estimated time left: 0:03:00
2025-01-29 19:31:23,031 - INFO - Trial: 55/100, Epoch: 10/15, Val loss: 0.0014, Elapsed time: 0:05:05, Estimated time left: 0:02:30
2025-01-29 19:31:53,235 - INFO - Trial: 55/100, Epoch: 11/15, Val loss: 0.0010, Elapsed time: 0:05:35, Estimated time left: 0:02:00
2025-01-29 19:32:23,420 - INFO - Trial: 55/100, Epoch: 12/15, Val loss: 0.0009, Elapsed time: 0:06:06, Estimated time left: 0:01:30
2025-01-29 19:32:53,631 - INFO - Trial: 55/100, Epoch: 13/15, Val loss: 0.0009, Elapsed time: 0:06:36, Estimated time left: 0:01:00
2025-01-29 19:33:23,848 - INFO - Trial: 55/100, Epoch: 14/15, Val loss: 0.0008, Elapsed time: 0:07:06, Estimated time left: 0:00:30
2025-01-29 19:33:54,044 - INFO - Trial: 55/100, Epoch: 15/15, Val loss: 0.0008, Elapsed time: 0:07:36, Estimated time left: 0:00:00
2025-01-29 19:33:54,046 - INFO - Trial 54 finished with value: 0.0008283815801234934 and parameters: {'hidden_layers': 7, 'n_units_l': 198, 'lr': 0.00017629005980298584, 'batch_size': 34}. Best is trial 41 with value: 0.0007892231993403083.
2025-01-29 19:33:54,048 - INFO - Elapsed time: 28609.63 seconds
2025-01-29 19:33:54,048 - INFO - Estimated time left: 0.00 seconds
2025-01-29 19:34:26,544 - INFO - Trial: 56/100, Epoch: 1/15, Val loss: 0.1718, Elapsed time: 0:00:32, Estimated time left: 0:07:34
2025-01-29 19:34:55,864 - INFO - Trial: 56/100, Epoch: 2/15, Val loss: 0.0022, Elapsed time: 0:01:01, Estimated time left: 0:06:21
2025-01-29 19:35:25,214 - INFO - Trial: 56/100, Epoch: 3/15, Val loss: 0.0020, Elapsed time: 0:01:31, Estimated time left: 0:05:52
2025-01-29 19:35:54,453 - INFO - Trial: 56/100, Epoch: 4/15, Val loss: 0.0017, Elapsed time: 0:02:00, Estimated time left: 0:05:21
2025-01-29 19:36:23,803 - INFO - Trial: 56/100, Epoch: 5/15, Val loss: 0.0019, Elapsed time: 0:02:29, Estimated time left: 0:04:53
2025-01-29 19:36:53,397 - INFO - Trial: 56/100, Epoch: 6/15, Val loss: 0.0017, Elapsed time: 0:02:59, Estimated time left: 0:04:26
2025-01-29 19:37:22,845 - INFO - Trial: 56/100, Epoch: 7/15, Val loss: 0.0012, Elapsed time: 0:03:28, Estimated time left: 0:03:55
2025-01-29 19:37:52,288 - INFO - Trial: 56/100, Epoch: 8/15, Val loss: 0.0012, Elapsed time: 0:03:58, Estimated time left: 0:03:26
2025-01-29 19:38:21,718 - INFO - Trial: 56/100, Epoch: 9/15, Val loss: 0.0010, Elapsed time: 0:04:27, Estimated time left: 0:02:56
2025-01-29 19:38:51,143 - INFO - Trial: 56/100, Epoch: 10/15, Val loss: 0.0009, Elapsed time: 0:04:57, Estimated time left: 0:02:27
2025-01-29 19:39:20,523 - INFO - Trial: 56/100, Epoch: 11/15, Val loss: 0.0011, Elapsed time: 0:05:26, Estimated time left: 0:01:57
2025-01-29 19:39:49,850 - INFO - Trial: 56/100, Epoch: 12/15, Val loss: 0.0010, Elapsed time: 0:05:55, Estimated time left: 0:01:27
2025-01-29 19:40:19,269 - INFO - Trial: 56/100, Epoch: 13/15, Val loss: 0.0009, Elapsed time: 0:06:25, Estimated time left: 0:00:58
2025-01-29 19:40:48,648 - INFO - Trial: 56/100, Epoch: 14/15, Val loss: 0.0008, Elapsed time: 0:06:54, Estimated time left: 0:00:29
2025-01-29 19:41:18,058 - INFO - Trial: 56/100, Epoch: 15/15, Val loss: 0.0008, Elapsed time: 0:07:23, Estimated time left: 0:00:00
2025-01-29 19:41:18,060 - INFO - Trial 55 finished with value: 0.0007664368488753612 and parameters: {'hidden_layers': 7, 'n_units_l': 211, 'lr': 0.00011676607812322439, 'batch_size': 36}. Best is trial 55 with value: 0.0007664368488753612.
2025-01-29 19:41:18,062 - INFO - Elapsed time: 29053.65 seconds
2025-01-29 19:41:18,062 - INFO - Estimated time left: 0.00 seconds
2025-01-29 19:41:50,806 - INFO - Trial: 57/100, Epoch: 1/15, Val loss: 0.1702, Elapsed time: 0:00:32, Estimated time left: 0:07:38
2025-01-29 19:42:20,399 - INFO - Trial: 57/100, Epoch: 2/15, Val loss: 0.0025, Elapsed time: 0:01:02, Estimated time left: 0:06:24
2025-01-29 19:42:49,976 - INFO - Trial: 57/100, Epoch: 3/15, Val loss: 0.0020, Elapsed time: 0:01:31, Estimated time left: 0:05:54
2025-01-29 19:43:19,488 - INFO - Trial: 57/100, Epoch: 4/15, Val loss: 0.0017, Elapsed time: 0:02:01, Estimated time left: 0:05:24
2025-01-29 19:43:48,919 - INFO - Trial: 57/100, Epoch: 5/15, Val loss: 0.0016, Elapsed time: 0:02:30, Estimated time left: 0:04:54
2025-01-29 19:44:18,380 - INFO - Trial: 57/100, Epoch: 6/15, Val loss: 0.0015, Elapsed time: 0:03:00, Estimated time left: 0:04:25
2025-01-29 19:44:47,961 - INFO - Trial: 57/100, Epoch: 7/15, Val loss: 0.0013, Elapsed time: 0:03:29, Estimated time left: 0:03:56
2025-01-29 19:45:17,560 - INFO - Trial: 57/100, Epoch: 8/15, Val loss: 0.0012, Elapsed time: 0:03:59, Estimated time left: 0:03:27
2025-01-29 19:45:47,227 - INFO - Trial: 57/100, Epoch: 9/15, Val loss: 0.0012, Elapsed time: 0:04:29, Estimated time left: 0:02:57
2025-01-29 19:46:16,919 - INFO - Trial: 57/100, Epoch: 10/15, Val loss: 0.0011, Elapsed time: 0:04:58, Estimated time left: 0:02:28
2025-01-29 19:46:46,561 - INFO - Trial: 57/100, Epoch: 11/15, Val loss: 0.0010, Elapsed time: 0:05:28, Estimated time left: 0:01:58
2025-01-29 19:47:16,180 - INFO - Trial: 57/100, Epoch: 12/15, Val loss: 0.0009, Elapsed time: 0:05:58, Estimated time left: 0:01:28
2025-01-29 19:47:45,863 - INFO - Trial: 57/100, Epoch: 13/15, Val loss: 0.0009, Elapsed time: 0:06:27, Estimated time left: 0:00:59
2025-01-29 19:48:15,482 - INFO - Trial: 57/100, Epoch: 14/15, Val loss: 0.0009, Elapsed time: 0:06:57, Estimated time left: 0:00:29
2025-01-29 19:48:45,043 - INFO - Trial: 57/100, Epoch: 15/15, Val loss: 0.0009, Elapsed time: 0:07:26, Estimated time left: 0:00:00
2025-01-29 19:48:45,044 - INFO - Trial 56 finished with value: 0.0008800592500774859 and parameters: {'hidden_layers': 7, 'n_units_l': 198, 'lr': 0.00012178004575693789, 'batch_size': 35}. Best is trial 55 with value: 0.0007664368488753612.
2025-01-29 19:48:45,047 - INFO - Elapsed time: 29500.63 seconds
2025-01-29 19:48:45,047 - INFO - Estimated time left: 0.00 seconds
2025-01-29 19:49:12,811 - INFO - Trial: 58/100, Epoch: 1/15, Val loss: 0.2723, Elapsed time: 0:00:27, Estimated time left: 0:06:28
2025-01-29 19:49:38,018 - INFO - Trial: 58/100, Epoch: 2/15, Val loss: 0.0027, Elapsed time: 0:00:52, Estimated time left: 0:05:27
2025-01-29 19:50:03,263 - INFO - Trial: 58/100, Epoch: 3/15, Val loss: 0.0021, Elapsed time: 0:01:18, Estimated time left: 0:05:02
2025-01-29 19:50:28,390 - INFO - Trial: 58/100, Epoch: 4/15, Val loss: 0.0019, Elapsed time: 0:01:43, Estimated time left: 0:04:36
2025-01-29 19:50:53,558 - INFO - Trial: 58/100, Epoch: 5/15, Val loss: 0.0018, Elapsed time: 0:02:08, Estimated time left: 0:04:11
2025-01-29 19:51:18,674 - INFO - Trial: 58/100, Epoch: 6/15, Val loss: 0.0017, Elapsed time: 0:02:33, Estimated time left: 0:03:46
2025-01-29 19:51:43,883 - INFO - Trial: 58/100, Epoch: 7/15, Val loss: 0.0016, Elapsed time: 0:02:58, Estimated time left: 0:03:21
2025-01-29 19:52:09,053 - INFO - Trial: 58/100, Epoch: 8/15, Val loss: 0.0016, Elapsed time: 0:03:23, Estimated time left: 0:02:56
2025-01-29 19:52:34,235 - INFO - Trial: 58/100, Epoch: 9/15, Val loss: 0.0016, Elapsed time: 0:03:49, Estimated time left: 0:02:31
2025-01-29 19:52:59,420 - INFO - Trial: 58/100, Epoch: 10/15, Val loss: 0.0014, Elapsed time: 0:04:14, Estimated time left: 0:02:05
2025-01-29 19:53:24,609 - INFO - Trial: 58/100, Epoch: 11/15, Val loss: 0.0014, Elapsed time: 0:04:39, Estimated time left: 0:01:40
2025-01-29 19:53:49,779 - INFO - Trial: 58/100, Epoch: 12/15, Val loss: 0.0015, Elapsed time: 0:05:04, Estimated time left: 0:01:15
2025-01-29 19:54:14,963 - INFO - Trial: 58/100, Epoch: 13/15, Val loss: 0.0013, Elapsed time: 0:05:29, Estimated time left: 0:00:50
2025-01-29 19:54:40,168 - INFO - Trial: 58/100, Epoch: 14/15, Val loss: 0.0013, Elapsed time: 0:05:55, Estimated time left: 0:00:25
2025-01-29 19:55:05,357 - INFO - Trial: 58/100, Epoch: 15/15, Val loss: 0.0012, Elapsed time: 0:06:20, Estimated time left: 0:00:00
2025-01-29 19:55:05,359 - INFO - Trial 57 finished with value: 0.001242869740503311 and parameters: {'hidden_layers': 7, 'n_units_l': 206, 'lr': 3.466539803289098e-05, 'batch_size': 42}. Best is trial 55 with value: 0.0007664368488753612.
2025-01-29 19:55:05,362 - INFO - Elapsed time: 29880.95 seconds
2025-01-29 19:55:05,362 - INFO - Estimated time left: 0.00 seconds
2025-01-29 19:55:35,474 - INFO - Trial: 59/100, Epoch: 1/15, Val loss: 0.1898, Elapsed time: 0:00:30, Estimated time left: 0:07:01
2025-01-29 19:56:02,431 - INFO - Trial: 59/100, Epoch: 2/15, Val loss: 0.0033, Elapsed time: 0:00:57, Estimated time left: 0:05:50
2025-01-29 19:56:29,331 - INFO - Trial: 59/100, Epoch: 3/15, Val loss: 0.0025, Elapsed time: 0:01:23, Estimated time left: 0:05:22
2025-01-29 19:56:56,498 - INFO - Trial: 59/100, Epoch: 4/15, Val loss: 0.0022, Elapsed time: 0:01:51, Estimated time left: 0:04:58
2025-01-29 19:57:23,403 - INFO - Trial: 59/100, Epoch: 5/15, Val loss: 0.0020, Elapsed time: 0:02:18, Estimated time left: 0:04:29
2025-01-29 19:57:50,418 - INFO - Trial: 59/100, Epoch: 6/15, Val loss: 0.0019, Elapsed time: 0:02:45, Estimated time left: 0:04:03
2025-01-29 19:58:17,400 - INFO - Trial: 59/100, Epoch: 7/15, Val loss: 0.0018, Elapsed time: 0:03:12, Estimated time left: 0:03:35
2025-01-29 19:58:44,957 - INFO - Trial: 59/100, Epoch: 8/15, Val loss: 0.0017, Elapsed time: 0:03:39, Estimated time left: 0:03:12
2025-01-29 19:59:11,966 - INFO - Trial: 59/100, Epoch: 9/15, Val loss: 0.0019, Elapsed time: 0:04:06, Estimated time left: 0:02:42
2025-01-29 19:59:38,999 - INFO - Trial: 59/100, Epoch: 10/15, Val loss: 0.0016, Elapsed time: 0:04:33, Estimated time left: 0:02:15
2025-01-29 20:00:06,069 - INFO - Trial: 59/100, Epoch: 11/15, Val loss: 0.0015, Elapsed time: 0:05:00, Estimated time left: 0:01:48
2025-01-29 20:00:33,151 - INFO - Trial: 59/100, Epoch: 12/15, Val loss: 0.0015, Elapsed time: 0:05:27, Estimated time left: 0:01:21
2025-01-29 20:01:00,233 - INFO - Trial: 59/100, Epoch: 13/15, Val loss: 0.0014, Elapsed time: 0:05:54, Estimated time left: 0:00:54
2025-01-29 20:01:27,261 - INFO - Trial: 59/100, Epoch: 14/15, Val loss: 0.0016, Elapsed time: 0:06:21, Estimated time left: 0:00:27
2025-01-29 20:01:54,368 - INFO - Trial: 59/100, Epoch: 15/15, Val loss: 0.0015, Elapsed time: 0:06:48, Estimated time left: 0:00:00
2025-01-29 20:01:54,370 - INFO - Trial 58 finished with value: 0.0015209823738426124 and parameters: {'hidden_layers': 7, 'n_units_l': 107, 'lr': 8.068969911566254e-05, 'batch_size': 35}. Best is trial 55 with value: 0.0007664368488753612.
2025-01-29 20:01:54,372 - INFO - Elapsed time: 30289.96 seconds
2025-01-29 20:01:54,372 - INFO - Estimated time left: 0.00 seconds
2025-01-29 20:02:36,057 - INFO - Trial: 60/100, Epoch: 1/15, Val loss: 0.1419, Elapsed time: 0:00:41, Estimated time left: 0:09:43
2025-01-29 20:03:13,131 - INFO - Trial: 60/100, Epoch: 2/15, Val loss: 0.0031, Elapsed time: 0:01:18, Estimated time left: 0:08:01
2025-01-29 20:03:49,950 - INFO - Trial: 60/100, Epoch: 3/15, Val loss: 0.0024, Elapsed time: 0:01:55, Estimated time left: 0:07:21
2025-01-29 20:04:26,877 - INFO - Trial: 60/100, Epoch: 4/15, Val loss: 0.0020, Elapsed time: 0:02:32, Estimated time left: 0:06:46
2025-01-29 20:05:03,849 - INFO - Trial: 60/100, Epoch: 5/15, Val loss: 0.0018, Elapsed time: 0:03:09, Estimated time left: 0:06:09
2025-01-29 20:05:40,839 - INFO - Trial: 60/100, Epoch: 6/15, Val loss: 0.0017, Elapsed time: 0:03:46, Estimated time left: 0:05:32
2025-01-29 20:06:17,792 - INFO - Trial: 60/100, Epoch: 7/15, Val loss: 0.0016, Elapsed time: 0:04:23, Estimated time left: 0:04:55
2025-01-29 20:06:55,057 - INFO - Trial: 60/100, Epoch: 8/15, Val loss: 0.0015, Elapsed time: 0:05:00, Estimated time left: 0:04:20
2025-01-29 20:07:32,141 - INFO - Trial: 60/100, Epoch: 9/15, Val loss: 0.0015, Elapsed time: 0:05:37, Estimated time left: 0:03:42
2025-01-29 20:08:09,146 - INFO - Trial: 60/100, Epoch: 10/15, Val loss: 0.0013, Elapsed time: 0:06:14, Estimated time left: 0:03:05
2025-01-29 20:08:46,113 - INFO - Trial: 60/100, Epoch: 11/15, Val loss: 0.0013, Elapsed time: 0:06:51, Estimated time left: 0:02:27
2025-01-29 20:09:23,088 - INFO - Trial: 60/100, Epoch: 12/15, Val loss: 0.0012, Elapsed time: 0:07:28, Estimated time left: 0:01:50
2025-01-29 20:10:00,038 - INFO - Trial: 60/100, Epoch: 13/15, Val loss: 0.0011, Elapsed time: 0:08:05, Estimated time left: 0:01:13
2025-01-29 20:10:36,943 - INFO - Trial: 60/100, Epoch: 14/15, Val loss: 0.0011, Elapsed time: 0:08:42, Estimated time left: 0:00:36
2025-01-29 20:11:13,906 - INFO - Trial: 60/100, Epoch: 15/15, Val loss: 0.0011, Elapsed time: 0:09:19, Estimated time left: 0:00:00
2025-01-29 20:11:13,908 - INFO - Trial 59 finished with value: 0.001087894971275091 and parameters: {'hidden_layers': 7, 'n_units_l': 122, 'lr': 0.00016146995956708225, 'batch_size': 25}. Best is trial 55 with value: 0.0007664368488753612.
2025-01-29 20:11:13,910 - INFO - Elapsed time: 30849.50 seconds
2025-01-29 20:11:13,910 - INFO - Estimated time left: 0.00 seconds
2025-01-29 20:11:57,855 - INFO - Trial: 61/100, Epoch: 1/15, Val loss: 0.1789, Elapsed time: 0:00:43, Estimated time left: 0:10:15
2025-01-29 20:12:36,368 - INFO - Trial: 61/100, Epoch: 2/15, Val loss: 0.0026, Elapsed time: 0:01:22, Estimated time left: 0:08:20
2025-01-29 20:13:14,746 - INFO - Trial: 61/100, Epoch: 3/15, Val loss: 0.0025, Elapsed time: 0:02:00, Estimated time left: 0:07:40
2025-01-29 20:13:53,510 - INFO - Trial: 61/100, Epoch: 4/15, Val loss: 0.0019, Elapsed time: 0:02:39, Estimated time left: 0:07:06
2025-01-29 20:14:31,994 - INFO - Trial: 61/100, Epoch: 5/15, Val loss: 0.0017, Elapsed time: 0:03:18, Estimated time left: 0:06:24
2025-01-29 20:15:10,750 - INFO - Trial: 61/100, Epoch: 6/15, Val loss: 0.0016, Elapsed time: 0:03:56, Estimated time left: 0:05:48
2025-01-29 20:15:49,424 - INFO - Trial: 61/100, Epoch: 7/15, Val loss: 0.0018, Elapsed time: 0:04:35, Estimated time left: 0:05:09
2025-01-29 20:16:28,072 - INFO - Trial: 61/100, Epoch: 8/15, Val loss: 0.0015, Elapsed time: 0:05:14, Estimated time left: 0:04:30
2025-01-29 20:17:06,746 - INFO - Trial: 61/100, Epoch: 9/15, Val loss: 0.0013, Elapsed time: 0:05:52, Estimated time left: 0:03:52
2025-01-29 20:17:45,428 - INFO - Trial: 61/100, Epoch: 10/15, Val loss: 0.0015, Elapsed time: 0:06:31, Estimated time left: 0:03:13
2025-01-29 20:18:24,068 - INFO - Trial: 61/100, Epoch: 11/15, Val loss: 0.0012, Elapsed time: 0:07:10, Estimated time left: 0:02:34
2025-01-29 20:19:02,696 - INFO - Trial: 61/100, Epoch: 12/15, Val loss: 0.0013, Elapsed time: 0:07:48, Estimated time left: 0:01:55
2025-01-29 20:19:41,337 - INFO - Trial: 61/100, Epoch: 13/15, Val loss: 0.0011, Elapsed time: 0:08:27, Estimated time left: 0:01:17
2025-01-29 20:20:19,968 - INFO - Trial: 61/100, Epoch: 14/15, Val loss: 0.0011, Elapsed time: 0:09:06, Estimated time left: 0:00:38
2025-01-29 20:20:58,615 - INFO - Trial: 61/100, Epoch: 15/15, Val loss: 0.0015, Elapsed time: 0:09:44, Estimated time left: 0:00:00
2025-01-29 20:20:58,616 - INFO - Trial 60 finished with value: 0.0014611798245584683 and parameters: {'hidden_layers': 8, 'n_units_l': 210, 'lr': 6.46782409348587e-05, 'batch_size': 29}. Best is trial 55 with value: 0.0007664368488753612.
2025-01-29 20:20:58,619 - INFO - Elapsed time: 31434.21 seconds
2025-01-29 20:20:58,619 - INFO - Estimated time left: 0.00 seconds
2025-01-29 20:21:17,246 - INFO - Trial: 62/100, Epoch: 1/15, Val loss: 0.0210, Elapsed time: 0:00:18, Estimated time left: 0:04:20
2025-01-29 20:21:37,318 - INFO - Trial: 62/100, Epoch: 2/15, Val loss: 0.0019, Elapsed time: 0:00:38, Estimated time left: 0:04:20
2025-01-29 20:21:57,359 - INFO - Trial: 62/100, Epoch: 3/15, Val loss: 0.0019, Elapsed time: 0:00:58, Estimated time left: 0:04:00
2025-01-29 20:22:17,421 - INFO - Trial: 62/100, Epoch: 4/15, Val loss: 0.0019, Elapsed time: 0:01:18, Estimated time left: 0:03:40
2025-01-29 20:22:37,535 - INFO - Trial: 62/100, Epoch: 5/15, Val loss: 0.0016, Elapsed time: 0:01:38, Estimated time left: 0:03:21
2025-01-29 20:22:57,652 - INFO - Trial: 62/100, Epoch: 6/15, Val loss: 0.0015, Elapsed time: 0:01:59, Estimated time left: 0:03:01
2025-01-29 20:23:17,696 - INFO - Trial: 62/100, Epoch: 7/15, Val loss: 0.0014, Elapsed time: 0:02:19, Estimated time left: 0:02:40
2025-01-29 20:23:37,900 - INFO - Trial: 62/100, Epoch: 8/15, Val loss: 0.0014, Elapsed time: 0:02:39, Estimated time left: 0:02:21
2025-01-29 20:23:57,979 - INFO - Trial: 62/100, Epoch: 9/15, Val loss: 0.0014, Elapsed time: 0:02:59, Estimated time left: 0:02:00
2025-01-29 20:24:18,111 - INFO - Trial: 62/100, Epoch: 10/15, Val loss: 0.0017, Elapsed time: 0:03:19, Estimated time left: 0:01:40
2025-01-29 20:24:38,261 - INFO - Trial: 62/100, Epoch: 11/15, Val loss: 0.0013, Elapsed time: 0:03:39, Estimated time left: 0:01:20
2025-01-29 20:24:58,406 - INFO - Trial: 62/100, Epoch: 12/15, Val loss: 0.0014, Elapsed time: 0:03:59, Estimated time left: 0:01:00
2025-01-29 20:25:18,619 - INFO - Trial: 62/100, Epoch: 13/15, Val loss: 0.0013, Elapsed time: 0:04:19, Estimated time left: 0:00:40
2025-01-29 20:25:38,820 - INFO - Trial: 62/100, Epoch: 14/15, Val loss: 0.0012, Elapsed time: 0:04:40, Estimated time left: 0:00:20
2025-01-29 20:25:59,038 - INFO - Trial: 62/100, Epoch: 15/15, Val loss: 0.0013, Elapsed time: 0:05:00, Estimated time left: 0:00:00
2025-01-29 20:25:59,040 - INFO - Trial 61 finished with value: 0.0012713728417325756 and parameters: {'hidden_layers': 2, 'n_units_l': 149, 'lr': 0.0003050352627609148, 'batch_size': 35}. Best is trial 55 with value: 0.0007664368488753612.
2025-01-29 20:25:59,042 - INFO - Elapsed time: 31734.63 seconds
2025-01-29 20:25:59,042 - INFO - Estimated time left: 0.00 seconds
2025-01-29 20:26:23,292 - INFO - Trial: 63/100, Epoch: 1/15, Val loss: 0.0743, Elapsed time: 0:00:24, Estimated time left: 0:05:39
2025-01-29 20:26:45,385 - INFO - Trial: 63/100, Epoch: 2/15, Val loss: 0.0025, Elapsed time: 0:00:46, Estimated time left: 0:04:47
2025-01-29 20:27:07,587 - INFO - Trial: 63/100, Epoch: 3/15, Val loss: 0.0020, Elapsed time: 0:01:08, Estimated time left: 0:04:26
2025-01-29 20:27:29,801 - INFO - Trial: 63/100, Epoch: 4/15, Val loss: 0.0017, Elapsed time: 0:01:30, Estimated time left: 0:04:04
2025-01-29 20:27:52,073 - INFO - Trial: 63/100, Epoch: 5/15, Val loss: 0.0017, Elapsed time: 0:01:53, Estimated time left: 0:03:42
2025-01-29 20:28:14,323 - INFO - Trial: 63/100, Epoch: 6/15, Val loss: 0.0015, Elapsed time: 0:02:15, Estimated time left: 0:03:20
2025-01-29 20:28:37,112 - INFO - Trial: 63/100, Epoch: 7/15, Val loss: 0.0015, Elapsed time: 0:02:38, Estimated time left: 0:03:02
2025-01-29 20:28:59,424 - INFO - Trial: 63/100, Epoch: 8/15, Val loss: 0.0020, Elapsed time: 0:03:00, Estimated time left: 0:02:36
2025-01-29 20:29:21,740 - INFO - Trial: 63/100, Epoch: 9/15, Val loss: 0.0013, Elapsed time: 0:03:22, Estimated time left: 0:02:13
2025-01-29 20:29:44,028 - INFO - Trial: 63/100, Epoch: 10/15, Val loss: 0.0011, Elapsed time: 0:03:44, Estimated time left: 0:01:51
2025-01-29 20:30:06,334 - INFO - Trial: 63/100, Epoch: 11/15, Val loss: 0.0014, Elapsed time: 0:04:07, Estimated time left: 0:01:29
2025-01-29 20:30:28,629 - INFO - Trial: 63/100, Epoch: 12/15, Val loss: 0.0011, Elapsed time: 0:04:29, Estimated time left: 0:01:06
2025-01-29 20:30:50,932 - INFO - Trial: 63/100, Epoch: 13/15, Val loss: 0.0011, Elapsed time: 0:04:51, Estimated time left: 0:00:44
2025-01-29 20:31:13,226 - INFO - Trial: 63/100, Epoch: 14/15, Val loss: 0.0012, Elapsed time: 0:05:14, Estimated time left: 0:00:22
2025-01-29 20:31:35,525 - INFO - Trial: 63/100, Epoch: 15/15, Val loss: 0.0010, Elapsed time: 0:05:36, Estimated time left: 0:00:00
