2025-01-18 20:00:18,901 - INFO - Trial 64 finished with value: 0.001193024775318303 and parameters: {'hidden_layers': 5, 'n_units_l': 150, 'lr': 0.0007294779823102277, 'batch_size': 141}. Best is trial 22 with value: 0.000931663012376335.
2025-01-18 20:00:18,912 - INFO - Elapsed time: 9729.53 seconds
2025-01-18 20:00:18,912 - INFO - Estimated time left: 0.00 seconds
2025-01-18 20:00:35,750 - INFO - Trial: 66/100, Epoch: 1/10, Val loss: 0.0984, Elapsed time: 0:00:16, Estimated time left: 0:02:31
2025-01-18 20:00:52,310 - INFO - Trial: 66/100, Epoch: 2/10, Val loss: 0.0024, Elapsed time: 0:00:33, Estimated time left: 0:02:12
2025-01-18 20:01:09,082 - INFO - Trial: 66/100, Epoch: 3/10, Val loss: 0.0021, Elapsed time: 0:00:50, Estimated time left: 0:01:57
2025-01-18 20:01:26,003 - INFO - Trial: 66/100, Epoch: 4/10, Val loss: 0.0016, Elapsed time: 0:01:07, Estimated time left: 0:01:41
2025-01-18 20:01:42,919 - INFO - Trial: 66/100, Epoch: 5/10, Val loss: 0.0015, Elapsed time: 0:01:23, Estimated time left: 0:01:24
2025-01-18 20:01:59,772 - INFO - Trial: 66/100, Epoch: 6/10, Val loss: 0.0012, Elapsed time: 0:01:40, Estimated time left: 0:01:07
2025-01-18 20:02:16,659 - INFO - Trial: 66/100, Epoch: 7/10, Val loss: 0.0011, Elapsed time: 0:01:57, Estimated time left: 0:00:50
2025-01-18 20:02:33,514 - INFO - Trial: 66/100, Epoch: 8/10, Val loss: 0.0010, Elapsed time: 0:02:14, Estimated time left: 0:00:33
2025-01-18 20:02:50,335 - INFO - Trial: 66/100, Epoch: 9/10, Val loss: 0.0010, Elapsed time: 0:02:31, Estimated time left: 0:00:16
2025-01-18 20:03:07,233 - INFO - Trial: 66/100, Epoch: 10/10, Val loss: 0.0010, Elapsed time: 0:02:48, Estimated time left: 0:00:00
2025-01-18 20:03:07,236 - INFO - Trial 65 finished with value: 0.0010336771901448033 and parameters: {'hidden_layers': 4, 'n_units_l': 224, 'lr': 0.0003753134417832349, 'batch_size': 75}. Best is trial 22 with value: 0.000931663012376335.
2025-01-18 20:03:07,247 - INFO - Elapsed time: 9897.87 seconds
2025-01-18 20:03:07,247 - INFO - Estimated time left: 0.00 seconds
2025-01-18 20:03:18,997 - INFO - Trial: 67/100, Epoch: 1/10, Val loss: 0.0197, Elapsed time: 0:00:11, Estimated time left: 0:01:45
2025-01-18 20:03:30,330 - INFO - Trial: 67/100, Epoch: 2/10, Val loss: 0.0023, Elapsed time: 0:00:23, Estimated time left: 0:01:30
2025-01-18 20:03:41,698 - INFO - Trial: 67/100, Epoch: 3/10, Val loss: 0.0023, Elapsed time: 0:00:34, Estimated time left: 0:01:19
2025-01-18 20:03:53,257 - INFO - Trial: 67/100, Epoch: 4/10, Val loss: 0.0024, Elapsed time: 0:00:45, Estimated time left: 0:01:09
2025-01-18 20:04:04,854 - INFO - Trial: 67/100, Epoch: 5/10, Val loss: 0.0019, Elapsed time: 0:00:57, Estimated time left: 0:00:57
2025-01-18 20:04:16,365 - INFO - Trial: 67/100, Epoch: 6/10, Val loss: 0.0019, Elapsed time: 0:01:09, Estimated time left: 0:00:46
2025-01-18 20:04:27,853 - INFO - Trial: 67/100, Epoch: 7/10, Val loss: 0.0018, Elapsed time: 0:01:20, Estimated time left: 0:00:34
2025-01-18 20:04:39,351 - INFO - Trial: 67/100, Epoch: 8/10, Val loss: 0.0021, Elapsed time: 0:01:32, Estimated time left: 0:00:22
2025-01-18 20:04:50,865 - INFO - Trial: 67/100, Epoch: 9/10, Val loss: 0.0022, Elapsed time: 0:01:43, Estimated time left: 0:00:11
2025-01-18 20:05:02,351 - INFO - Trial: 67/100, Epoch: 10/10, Val loss: 0.0018, Elapsed time: 0:01:55, Estimated time left: 0:00:00
2025-01-18 20:05:02,354 - INFO - Trial 66 finished with value: 0.0018403286339640325 and parameters: {'hidden_layers': 2, 'n_units_l': 127, 'lr': 0.003528059599780653, 'batch_size': 98}. Best is trial 22 with value: 0.000931663012376335.
2025-01-18 20:05:02,365 - INFO - Elapsed time: 10012.99 seconds
2025-01-18 20:05:02,365 - INFO - Estimated time left: 0.00 seconds
2025-01-18 20:05:18,345 - INFO - Trial: 68/100, Epoch: 1/10, Val loss: 0.1640, Elapsed time: 0:00:15, Estimated time left: 0:02:23
2025-01-18 20:05:33,059 - INFO - Trial: 68/100, Epoch: 2/10, Val loss: 0.1641, Elapsed time: 0:00:30, Estimated time left: 0:01:57
2025-01-18 20:05:47,801 - INFO - Trial: 68/100, Epoch: 3/10, Val loss: 0.1641, Elapsed time: 0:00:45, Estimated time left: 0:01:43
2025-01-18 20:06:02,532 - INFO - Trial: 68/100, Epoch: 4/10, Val loss: 0.1639, Elapsed time: 0:01:00, Estimated time left: 0:01:28
2025-01-18 20:06:17,268 - INFO - Trial: 68/100, Epoch: 5/10, Val loss: 0.1639, Elapsed time: 0:01:14, Estimated time left: 0:01:13
2025-01-18 20:06:31,968 - INFO - Trial: 68/100, Epoch: 6/10, Val loss: 0.1645, Elapsed time: 0:01:29, Estimated time left: 0:00:58
2025-01-18 20:06:46,654 - INFO - Trial: 68/100, Epoch: 7/10, Val loss: 0.1640, Elapsed time: 0:01:44, Estimated time left: 0:00:44
2025-01-18 20:07:01,319 - INFO - Trial: 68/100, Epoch: 8/10, Val loss: 0.1640, Elapsed time: 0:01:58, Estimated time left: 0:00:29
2025-01-18 20:07:15,984 - INFO - Trial: 68/100, Epoch: 9/10, Val loss: 0.1643, Elapsed time: 0:02:13, Estimated time left: 0:00:14
2025-01-18 20:07:30,628 - INFO - Trial: 68/100, Epoch: 10/10, Val loss: 0.1641, Elapsed time: 0:02:28, Estimated time left: 0:00:00
2025-01-18 20:07:30,630 - INFO - Trial 67 finished with value: 0.16405669699891284 and parameters: {'hidden_layers': 8, 'n_units_l': 190, 'lr': 0.006205139529203442, 'batch_size': 112}. Best is trial 22 with value: 0.000931663012376335.
2025-01-18 20:07:30,642 - INFO - Elapsed time: 10161.26 seconds
2025-01-18 20:07:30,642 - INFO - Estimated time left: 0.00 seconds
2025-01-18 20:07:39,701 - INFO - Trial: 69/100, Epoch: 1/10, Val loss: 0.0825, Elapsed time: 0:00:09, Estimated time left: 0:01:21
2025-01-18 20:07:48,705 - INFO - Trial: 69/100, Epoch: 2/10, Val loss: 0.0031, Elapsed time: 0:00:18, Estimated time left: 0:01:12
2025-01-18 20:07:57,736 - INFO - Trial: 69/100, Epoch: 3/10, Val loss: 0.0021, Elapsed time: 0:00:27, Estimated time left: 0:01:03
2025-01-18 20:08:06,823 - INFO - Trial: 69/100, Epoch: 4/10, Val loss: 0.0020, Elapsed time: 0:00:36, Estimated time left: 0:00:54
2025-01-18 20:08:15,847 - INFO - Trial: 69/100, Epoch: 5/10, Val loss: 0.0020, Elapsed time: 0:00:45, Estimated time left: 0:00:45
2025-01-18 20:08:24,887 - INFO - Trial: 69/100, Epoch: 6/10, Val loss: 0.0016, Elapsed time: 0:00:54, Estimated time left: 0:00:36
2025-01-18 20:08:33,947 - INFO - Trial: 69/100, Epoch: 7/10, Val loss: 0.0018, Elapsed time: 0:01:03, Estimated time left: 0:00:27
2025-01-18 20:08:43,029 - INFO - Trial: 69/100, Epoch: 8/10, Val loss: 0.0015, Elapsed time: 0:01:12, Estimated time left: 0:00:18
2025-01-18 20:08:52,126 - INFO - Trial: 69/100, Epoch: 9/10, Val loss: 0.0013, Elapsed time: 0:01:21, Estimated time left: 0:00:09
2025-01-18 20:09:01,146 - INFO - Trial: 69/100, Epoch: 10/10, Val loss: 0.0014, Elapsed time: 0:01:30, Estimated time left: 0:00:00
2025-01-18 20:09:01,148 - INFO - Trial 68 finished with value: 0.0013695221266712843 and parameters: {'hidden_layers': 5, 'n_units_l': 105, 'lr': 0.001966047838190174, 'batch_size': 192}. Best is trial 22 with value: 0.000931663012376335.
2025-01-18 20:09:01,160 - INFO - Elapsed time: 10251.78 seconds
2025-01-18 20:09:01,160 - INFO - Estimated time left: 0.00 seconds
2025-01-18 20:09:12,385 - INFO - Trial: 70/100, Epoch: 1/10, Val loss: 0.0688, Elapsed time: 0:00:11, Estimated time left: 0:01:40
2025-01-18 20:09:23,320 - INFO - Trial: 70/100, Epoch: 2/10, Val loss: 0.0053, Elapsed time: 0:00:22, Estimated time left: 0:01:27
2025-01-18 20:09:34,295 - INFO - Trial: 70/100, Epoch: 3/10, Val loss: 0.0024, Elapsed time: 0:00:33, Estimated time left: 0:01:16
2025-01-18 20:09:45,224 - INFO - Trial: 70/100, Epoch: 4/10, Val loss: 0.0043, Elapsed time: 0:00:44, Estimated time left: 0:01:05
2025-01-18 20:09:56,186 - INFO - Trial: 70/100, Epoch: 5/10, Val loss: 0.0042, Elapsed time: 0:00:55, Estimated time left: 0:00:54
2025-01-18 20:10:07,145 - INFO - Trial: 70/100, Epoch: 6/10, Val loss: 0.0147, Elapsed time: 0:01:05, Estimated time left: 0:00:43
2025-01-18 20:10:18,154 - INFO - Trial: 70/100, Epoch: 7/10, Val loss: 0.0022, Elapsed time: 0:01:16, Estimated time left: 0:00:33
2025-01-18 20:10:29,143 - INFO - Trial: 70/100, Epoch: 8/10, Val loss: 0.0030, Elapsed time: 0:01:27, Estimated time left: 0:00:21
2025-01-18 20:10:40,134 - INFO - Trial: 70/100, Epoch: 9/10, Val loss: 0.0020, Elapsed time: 0:01:38, Estimated time left: 0:00:10
2025-01-18 20:10:51,125 - INFO - Trial: 70/100, Epoch: 10/10, Val loss: 0.0029, Elapsed time: 0:01:49, Estimated time left: 0:00:00
2025-01-18 20:10:51,127 - INFO - Trial 69 finished with value: 0.0029070984148271656 and parameters: {'hidden_layers': 4, 'n_units_l': 84, 'lr': 0.01102183482361467, 'batch_size': 123}. Best is trial 22 with value: 0.000931663012376335.
2025-01-18 20:10:51,138 - INFO - Elapsed time: 10361.76 seconds
2025-01-18 20:10:51,138 - INFO - Estimated time left: 0.00 seconds
2025-01-18 20:10:59,771 - INFO - Trial: 71/100, Epoch: 1/10, Val loss: 0.1338, Elapsed time: 0:00:08, Estimated time left: 0:01:17
2025-01-18 20:11:07,878 - INFO - Trial: 71/100, Epoch: 2/10, Val loss: 0.0475, Elapsed time: 0:00:16, Estimated time left: 0:01:04
2025-01-18 20:11:15,921 - INFO - Trial: 71/100, Epoch: 3/10, Val loss: 0.0469, Elapsed time: 0:00:24, Estimated time left: 0:00:56
2025-01-18 20:11:23,950 - INFO - Trial: 71/100, Epoch: 4/10, Val loss: 0.0469, Elapsed time: 0:00:32, Estimated time left: 0:00:48
2025-01-18 20:11:32,009 - INFO - Trial: 71/100, Epoch: 5/10, Val loss: 0.0469, Elapsed time: 0:00:40, Estimated time left: 0:00:40
2025-01-18 20:11:40,041 - INFO - Trial: 71/100, Epoch: 6/10, Val loss: 0.0477, Elapsed time: 0:00:48, Estimated time left: 0:00:32
2025-01-18 20:11:48,105 - INFO - Trial: 71/100, Epoch: 7/10, Val loss: 0.0466, Elapsed time: 0:00:56, Estimated time left: 0:00:24
2025-01-18 20:11:56,165 - INFO - Trial: 71/100, Epoch: 8/10, Val loss: 0.0463, Elapsed time: 0:01:05, Estimated time left: 0:00:16
2025-01-18 20:12:04,252 - INFO - Trial: 71/100, Epoch: 9/10, Val loss: 0.0469, Elapsed time: 0:01:13, Estimated time left: 0:00:08
2025-01-18 20:12:12,553 - INFO - Trial: 71/100, Epoch: 10/10, Val loss: 0.0464, Elapsed time: 0:01:21, Estimated time left: 0:00:00
2025-01-18 20:12:12,555 - INFO - Trial 70 finished with value: 0.04643066485141614 and parameters: {'hidden_layers': 3, 'n_units_l': 8, 'lr': 0.0026091407108505657, 'batch_size': 165}. Best is trial 22 with value: 0.000931663012376335.
2025-01-18 20:12:12,567 - INFO - Elapsed time: 10443.19 seconds
2025-01-18 20:12:12,567 - INFO - Estimated time left: 0.00 seconds
2025-01-18 20:12:23,868 - INFO - Trial: 72/100, Epoch: 1/10, Val loss: 0.0468, Elapsed time: 0:00:11, Estimated time left: 0:01:41
2025-01-18 20:12:35,269 - INFO - Trial: 72/100, Epoch: 2/10, Val loss: 0.0025, Elapsed time: 0:00:22, Estimated time left: 0:01:31
2025-01-18 20:12:46,755 - INFO - Trial: 72/100, Epoch: 3/10, Val loss: 0.0029, Elapsed time: 0:00:34, Estimated time left: 0:01:20
2025-01-18 20:12:58,541 - INFO - Trial: 72/100, Epoch: 4/10, Val loss: 0.0019, Elapsed time: 0:00:45, Estimated time left: 0:01:10
2025-01-18 20:13:10,074 - INFO - Trial: 72/100, Epoch: 5/10, Val loss: 0.0020, Elapsed time: 0:00:57, Estimated time left: 0:00:57
2025-01-18 20:13:21,576 - INFO - Trial: 72/100, Epoch: 6/10, Val loss: 0.0014, Elapsed time: 0:01:08, Estimated time left: 0:00:46
2025-01-18 20:13:33,045 - INFO - Trial: 72/100, Epoch: 7/10, Val loss: 0.0013, Elapsed time: 0:01:20, Estimated time left: 0:00:34
2025-01-18 20:13:44,394 - INFO - Trial: 72/100, Epoch: 8/10, Val loss: 0.0014, Elapsed time: 0:01:31, Estimated time left: 0:00:22
2025-01-18 20:13:55,760 - INFO - Trial: 72/100, Epoch: 9/10, Val loss: 0.0012, Elapsed time: 0:01:43, Estimated time left: 0:00:11
2025-01-18 20:14:07,113 - INFO - Trial: 72/100, Epoch: 10/10, Val loss: 0.0013, Elapsed time: 0:01:54, Estimated time left: 0:00:00
2025-01-18 20:14:07,115 - INFO - Trial 71 finished with value: 0.00131853352170849 and parameters: {'hidden_layers': 4, 'n_units_l': 255, 'lr': 0.0010669831225662593, 'batch_size': 134}. Best is trial 22 with value: 0.000931663012376335.
2025-01-18 20:14:07,126 - INFO - Elapsed time: 10557.75 seconds
2025-01-18 20:14:07,127 - INFO - Estimated time left: 0.00 seconds
2025-01-18 20:14:19,410 - INFO - Trial: 73/100, Epoch: 1/10, Val loss: 0.0451, Elapsed time: 0:00:12, Estimated time left: 0:01:50
2025-01-18 20:14:31,720 - INFO - Trial: 73/100, Epoch: 2/10, Val loss: 0.0020, Elapsed time: 0:00:24, Estimated time left: 0:01:38
2025-01-18 20:14:44,135 - INFO - Trial: 73/100, Epoch: 3/10, Val loss: 0.0019, Elapsed time: 0:00:36, Estimated time left: 0:01:26
2025-01-18 20:14:56,595 - INFO - Trial: 73/100, Epoch: 4/10, Val loss: 0.0018, Elapsed time: 0:00:49, Estimated time left: 0:01:14
2025-01-18 20:15:09,056 - INFO - Trial: 73/100, Epoch: 5/10, Val loss: 0.0015, Elapsed time: 0:01:01, Estimated time left: 0:01:02
2025-01-18 20:15:21,474 - INFO - Trial: 73/100, Epoch: 6/10, Val loss: 0.0014, Elapsed time: 0:01:14, Estimated time left: 0:00:49
2025-01-18 20:15:33,840 - INFO - Trial: 73/100, Epoch: 7/10, Val loss: 0.0012, Elapsed time: 0:01:26, Estimated time left: 0:00:37
2025-01-18 20:15:46,226 - INFO - Trial: 73/100, Epoch: 8/10, Val loss: 0.0012, Elapsed time: 0:01:39, Estimated time left: 0:00:24
2025-01-18 20:15:58,596 - INFO - Trial: 73/100, Epoch: 9/10, Val loss: 0.0011, Elapsed time: 0:01:51, Estimated time left: 0:00:12
2025-01-18 20:16:10,962 - INFO - Trial: 73/100, Epoch: 10/10, Val loss: 0.0012, Elapsed time: 0:02:03, Estimated time left: 0:00:00
2025-01-18 20:16:10,965 - INFO - Trial 72 finished with value: 0.001185344642454388 and parameters: {'hidden_layers': 4, 'n_units_l': 233, 'lr': 0.00156815343213441, 'batch_size': 117}. Best is trial 22 with value: 0.000931663012376335.
2025-01-18 20:16:10,977 - INFO - Elapsed time: 10681.60 seconds
2025-01-18 20:16:10,977 - INFO - Estimated time left: 0.00 seconds
2025-01-18 20:16:21,382 - INFO - Trial: 74/100, Epoch: 1/10, Val loss: 0.1150, Elapsed time: 0:00:10, Estimated time left: 0:01:33
2025-01-18 20:16:31,634 - INFO - Trial: 74/100, Epoch: 2/10, Val loss: 0.0023, Elapsed time: 0:00:20, Estimated time left: 0:01:22
2025-01-18 20:16:41,958 - INFO - Trial: 74/100, Epoch: 3/10, Val loss: 0.0024, Elapsed time: 0:00:30, Estimated time left: 0:01:12
2025-01-18 20:16:52,235 - INFO - Trial: 74/100, Epoch: 4/10, Val loss: 0.0018, Elapsed time: 0:00:41, Estimated time left: 0:01:01
2025-01-18 20:17:02,523 - INFO - Trial: 74/100, Epoch: 5/10, Val loss: 0.0017, Elapsed time: 0:00:51, Estimated time left: 0:00:51
2025-01-18 20:17:12,845 - INFO - Trial: 74/100, Epoch: 6/10, Val loss: 0.0018, Elapsed time: 0:01:01, Estimated time left: 0:00:41
2025-01-18 20:17:23,175 - INFO - Trial: 74/100, Epoch: 7/10, Val loss: 0.0013, Elapsed time: 0:01:12, Estimated time left: 0:00:30
2025-01-18 20:17:33,526 - INFO - Trial: 74/100, Epoch: 8/10, Val loss: 0.0012, Elapsed time: 0:01:22, Estimated time left: 0:00:20
2025-01-18 20:17:43,877 - INFO - Trial: 74/100, Epoch: 9/10, Val loss: 0.0012, Elapsed time: 0:01:32, Estimated time left: 0:00:10
2025-01-18 20:17:54,223 - INFO - Trial: 74/100, Epoch: 10/10, Val loss: 0.0011, Elapsed time: 0:01:43, Estimated time left: 0:00:00
2025-01-18 20:17:54,225 - INFO - Trial 73 finished with value: 0.0010666280970640695 and parameters: {'hidden_layers': 4, 'n_units_l': 165, 'lr': 0.0006185582329539336, 'batch_size': 144}. Best is trial 22 with value: 0.000931663012376335.
2025-01-18 20:17:54,238 - INFO - Elapsed time: 10784.86 seconds
2025-01-18 20:17:54,238 - INFO - Estimated time left: 0.00 seconds
2025-01-18 20:18:03,436 - INFO - Trial: 75/100, Epoch: 1/10, Val loss: 0.0373, Elapsed time: 0:00:09, Estimated time left: 0:01:22
2025-01-18 20:18:12,256 - INFO - Trial: 75/100, Epoch: 2/10, Val loss: 0.0020, Elapsed time: 0:00:17, Estimated time left: 0:01:10
2025-01-18 20:18:21,099 - INFO - Trial: 75/100, Epoch: 3/10, Val loss: 0.0026, Elapsed time: 0:00:26, Estimated time left: 0:01:01
2025-01-18 20:18:30,085 - INFO - Trial: 75/100, Epoch: 4/10, Val loss: 0.0028, Elapsed time: 0:00:35, Estimated time left: 0:00:53
2025-01-18 20:18:38,997 - INFO - Trial: 75/100, Epoch: 5/10, Val loss: 0.0031, Elapsed time: 0:00:44, Estimated time left: 0:00:44
2025-01-18 20:18:47,874 - INFO - Trial: 75/100, Epoch: 6/10, Val loss: 0.0017, Elapsed time: 0:00:53, Estimated time left: 0:00:35
2025-01-18 20:18:56,784 - INFO - Trial: 75/100, Epoch: 7/10, Val loss: 0.0017, Elapsed time: 0:01:02, Estimated time left: 0:00:26
2025-01-18 20:19:05,641 - INFO - Trial: 75/100, Epoch: 8/10, Val loss: 0.0012, Elapsed time: 0:01:11, Estimated time left: 0:00:17
2025-01-18 20:19:14,445 - INFO - Trial: 75/100, Epoch: 9/10, Val loss: 0.0012, Elapsed time: 0:01:20, Estimated time left: 0:00:08
2025-01-18 20:19:23,278 - INFO - Trial: 75/100, Epoch: 10/10, Val loss: 0.0013, Elapsed time: 0:01:29, Estimated time left: 0:00:00
2025-01-18 20:19:23,280 - INFO - Trial 74 finished with value: 0.0012527815327183836 and parameters: {'hidden_layers': 5, 'n_units_l': 196, 'lr': 0.0018541807427360573, 'batch_size': 208}. Best is trial 22 with value: 0.000931663012376335.
2025-01-18 20:19:23,292 - INFO - Elapsed time: 10873.91 seconds
2025-01-18 20:19:23,292 - INFO - Estimated time left: 0.00 seconds
2025-01-18 20:19:35,805 - INFO - Trial: 76/100, Epoch: 1/10, Val loss: 0.0179, Elapsed time: 0:00:12, Estimated time left: 0:01:52
2025-01-18 20:19:47,812 - INFO - Trial: 76/100, Epoch: 2/10, Val loss: 0.0020, Elapsed time: 0:00:24, Estimated time left: 0:01:36
2025-01-18 20:19:59,922 - INFO - Trial: 76/100, Epoch: 3/10, Val loss: 0.0019, Elapsed time: 0:00:36, Estimated time left: 0:01:24
2025-01-18 20:20:12,112 - INFO - Trial: 76/100, Epoch: 4/10, Val loss: 0.0015, Elapsed time: 0:00:48, Estimated time left: 0:01:13
2025-01-18 20:20:24,321 - INFO - Trial: 76/100, Epoch: 5/10, Val loss: 0.0014, Elapsed time: 0:01:01, Estimated time left: 0:01:01
2025-01-18 20:20:36,531 - INFO - Trial: 76/100, Epoch: 6/10, Val loss: 0.0012, Elapsed time: 0:01:13, Estimated time left: 0:00:48
2025-01-18 20:20:48,687 - INFO - Trial: 76/100, Epoch: 7/10, Val loss: 0.0011, Elapsed time: 0:01:25, Estimated time left: 0:00:36
2025-01-18 20:21:00,785 - INFO - Trial: 76/100, Epoch: 8/10, Val loss: 0.0010, Elapsed time: 0:01:37, Estimated time left: 0:00:24
2025-01-18 20:21:12,863 - INFO - Trial: 76/100, Epoch: 9/10, Val loss: 0.0009, Elapsed time: 0:01:49, Estimated time left: 0:00:12
2025-01-18 20:21:24,943 - INFO - Trial: 76/100, Epoch: 10/10, Val loss: 0.0009, Elapsed time: 0:02:01, Estimated time left: 0:00:00
2025-01-18 20:21:24,945 - INFO - Trial 75 finished with value: 0.0008793247704296925 and parameters: {'hidden_layers': 3, 'n_units_l': 236, 'lr': 0.0012606645055457453, 'batch_size': 105}. Best is trial 75 with value: 0.0008793247704296925.
2025-01-18 20:21:24,958 - INFO - Elapsed time: 10995.58 seconds
2025-01-18 20:21:24,958 - INFO - Estimated time left: 0.00 seconds
2025-01-18 20:21:34,670 - INFO - Trial: 77/100, Epoch: 1/10, Val loss: 0.0207, Elapsed time: 0:00:09, Estimated time left: 0:01:27
2025-01-18 20:21:43,895 - INFO - Trial: 77/100, Epoch: 2/10, Val loss: 0.0025, Elapsed time: 0:00:18, Estimated time left: 0:01:13
2025-01-18 20:21:53,285 - INFO - Trial: 77/100, Epoch: 3/10, Val loss: 0.0029, Elapsed time: 0:00:28, Estimated time left: 0:01:05
2025-01-18 20:22:02,696 - INFO - Trial: 77/100, Epoch: 4/10, Val loss: 0.0022, Elapsed time: 0:00:37, Estimated time left: 0:00:56
2025-01-18 20:22:12,029 - INFO - Trial: 77/100, Epoch: 5/10, Val loss: 0.0019, Elapsed time: 0:00:47, Estimated time left: 0:00:46
2025-01-18 20:22:21,415 - INFO - Trial: 77/100, Epoch: 6/10, Val loss: 0.0019, Elapsed time: 0:00:56, Estimated time left: 0:00:37
2025-01-18 20:22:30,785 - INFO - Trial: 77/100, Epoch: 7/10, Val loss: 0.0015, Elapsed time: 0:01:05, Estimated time left: 0:00:28
2025-01-18 20:22:40,118 - INFO - Trial: 77/100, Epoch: 8/10, Val loss: 0.0017, Elapsed time: 0:01:15, Estimated time left: 0:00:18
2025-01-18 20:22:49,485 - INFO - Trial: 77/100, Epoch: 9/10, Val loss: 0.0014, Elapsed time: 0:01:24, Estimated time left: 0:00:09
2025-01-18 20:22:58,809 - INFO - Trial: 77/100, Epoch: 10/10, Val loss: 0.0015, Elapsed time: 0:01:33, Estimated time left: 0:00:00
2025-01-18 20:22:58,811 - INFO - Trial 76 finished with value: 0.0015047909342865184 and parameters: {'hidden_layers': 3, 'n_units_l': 173, 'lr': 0.004389817153611645, 'batch_size': 156}. Best is trial 75 with value: 0.0008793247704296925.
2025-01-18 20:22:58,824 - INFO - Elapsed time: 11089.44 seconds
2025-01-18 20:22:58,824 - INFO - Estimated time left: 0.00 seconds
2025-01-18 20:23:07,276 - INFO - Trial: 78/100, Epoch: 1/10, Val loss: 0.0225, Elapsed time: 0:00:08, Estimated time left: 0:01:15
2025-01-18 20:23:15,488 - INFO - Trial: 78/100, Epoch: 2/10, Val loss: 0.0027, Elapsed time: 0:00:16, Estimated time left: 0:01:05
2025-01-18 20:23:23,616 - INFO - Trial: 78/100, Epoch: 3/10, Val loss: 0.0025, Elapsed time: 0:00:24, Estimated time left: 0:00:56
2025-01-18 20:23:31,790 - INFO - Trial: 78/100, Epoch: 4/10, Val loss: 0.0020, Elapsed time: 0:00:32, Estimated time left: 0:00:49
2025-01-18 20:23:39,973 - INFO - Trial: 78/100, Epoch: 5/10, Val loss: 0.0018, Elapsed time: 0:00:41, Estimated time left: 0:00:40
2025-01-18 20:23:48,120 - INFO - Trial: 78/100, Epoch: 6/10, Val loss: 0.0017, Elapsed time: 0:00:49, Estimated time left: 0:00:32
2025-01-18 20:23:56,290 - INFO - Trial: 78/100, Epoch: 7/10, Val loss: 0.0017, Elapsed time: 0:00:57, Estimated time left: 0:00:24
2025-01-18 20:24:04,426 - INFO - Trial: 78/100, Epoch: 8/10, Val loss: 0.0016, Elapsed time: 0:01:05, Estimated time left: 0:00:16
2025-01-18 20:24:12,563 - INFO - Trial: 78/100, Epoch: 9/10, Val loss: 0.0016, Elapsed time: 0:01:13, Estimated time left: 0:00:08
2025-01-18 20:24:20,706 - INFO - Trial: 78/100, Epoch: 10/10, Val loss: 0.0015, Elapsed time: 0:01:21, Estimated time left: 0:00:00
