2025-01-18 18:15:20,796 - INFO - Trial 12 finished with value: 0.001418972184302354 and parameters: {'hidden_layers': 3, 'n_units_l': 126, 'lr': 0.004657476195136238, 'batch_size': 205}. Best is trial 12 with value: 0.001418972184302354.
2025-01-18 18:15:20,799 - INFO - Elapsed time: 3431.43 seconds
2025-01-18 18:15:20,799 - INFO - Estimated time left: 0.00 seconds
2025-01-18 18:15:28,583 - INFO - Trial: 14/100, Epoch: 1/10, Val loss: 0.0308, Elapsed time: 0:00:07, Estimated time left: 0:01:09
2025-01-18 18:15:36,041 - INFO - Trial: 14/100, Epoch: 2/10, Val loss: 0.0020, Elapsed time: 0:00:15, Estimated time left: 0:00:59
2025-01-18 18:15:43,847 - INFO - Trial: 14/100, Epoch: 3/10, Val loss: 0.0019, Elapsed time: 0:00:23, Estimated time left: 0:00:54
2025-01-18 18:15:51,637 - INFO - Trial: 14/100, Epoch: 4/10, Val loss: 0.0019, Elapsed time: 0:00:30, Estimated time left: 0:00:46
2025-01-18 18:15:59,429 - INFO - Trial: 14/100, Epoch: 5/10, Val loss: 0.0027, Elapsed time: 0:00:38, Estimated time left: 0:00:38
2025-01-18 18:16:07,244 - INFO - Trial: 14/100, Epoch: 6/10, Val loss: 0.0015, Elapsed time: 0:00:46, Estimated time left: 0:00:31
2025-01-18 18:16:14,966 - INFO - Trial: 14/100, Epoch: 7/10, Val loss: 0.0014, Elapsed time: 0:00:54, Estimated time left: 0:00:23
2025-01-18 18:16:22,691 - INFO - Trial: 14/100, Epoch: 8/10, Val loss: 0.0013, Elapsed time: 0:01:01, Estimated time left: 0:00:15
2025-01-18 18:16:30,403 - INFO - Trial: 14/100, Epoch: 9/10, Val loss: 0.0012, Elapsed time: 0:01:09, Estimated time left: 0:00:07
2025-01-18 18:16:38,127 - INFO - Trial: 14/100, Epoch: 10/10, Val loss: 0.0010, Elapsed time: 0:01:17, Estimated time left: 0:00:00
2025-01-18 18:16:38,129 - INFO - Trial 13 finished with value: 0.0010365168406467017 and parameters: {'hidden_layers': 3, 'n_units_l': 220, 'lr': 0.0032323591484619838, 'batch_size': 251}. Best is trial 13 with value: 0.0010365168406467017.
2025-01-18 18:16:38,132 - INFO - Elapsed time: 3508.76 seconds
2025-01-18 18:16:38,133 - INFO - Estimated time left: 0.00 seconds
2025-01-18 18:16:46,349 - INFO - Trial: 15/100, Epoch: 1/10, Val loss: 0.0303, Elapsed time: 0:00:08, Estimated time left: 0:01:13
2025-01-18 18:16:54,462 - INFO - Trial: 15/100, Epoch: 2/10, Val loss: 0.0019, Elapsed time: 0:00:16, Estimated time left: 0:01:04
2025-01-18 18:17:02,718 - INFO - Trial: 15/100, Epoch: 3/10, Val loss: 0.0020, Elapsed time: 0:00:24, Estimated time left: 0:00:57
2025-01-18 18:17:11,030 - INFO - Trial: 15/100, Epoch: 4/10, Val loss: 0.0017, Elapsed time: 0:00:32, Estimated time left: 0:00:49
2025-01-18 18:17:19,295 - INFO - Trial: 15/100, Epoch: 5/10, Val loss: 0.0022, Elapsed time: 0:00:41, Estimated time left: 0:00:41
2025-01-18 18:17:27,600 - INFO - Trial: 15/100, Epoch: 6/10, Val loss: 0.0015, Elapsed time: 0:00:49, Estimated time left: 0:00:33
2025-01-18 18:17:35,905 - INFO - Trial: 15/100, Epoch: 7/10, Val loss: 0.0013, Elapsed time: 0:00:57, Estimated time left: 0:00:24
2025-01-18 18:17:44,220 - INFO - Trial: 15/100, Epoch: 8/10, Val loss: 0.0012, Elapsed time: 0:01:06, Estimated time left: 0:00:16
2025-01-18 18:17:52,503 - INFO - Trial: 15/100, Epoch: 9/10, Val loss: 0.0010, Elapsed time: 0:01:14, Estimated time left: 0:00:08
2025-01-18 18:18:00,772 - INFO - Trial: 15/100, Epoch: 10/10, Val loss: 0.0010, Elapsed time: 0:01:22, Estimated time left: 0:00:00
2025-01-18 18:18:00,774 - INFO - Trial 14 finished with value: 0.0009669216657581422 and parameters: {'hidden_layers': 4, 'n_units_l': 243, 'lr': 0.0039930764315570895, 'batch_size': 256}. Best is trial 14 with value: 0.0009669216657581422.
2025-01-18 18:18:00,778 - INFO - Elapsed time: 3591.41 seconds
2025-01-18 18:18:00,778 - INFO - Estimated time left: 0.00 seconds
2025-01-18 18:18:11,928 - INFO - Trial: 16/100, Epoch: 1/10, Val loss: 0.0410, Elapsed time: 0:00:11, Estimated time left: 0:01:40
2025-01-18 18:18:22,668 - INFO - Trial: 16/100, Epoch: 2/10, Val loss: 0.0024, Elapsed time: 0:00:21, Estimated time left: 0:01:25
2025-01-18 18:18:33,520 - INFO - Trial: 16/100, Epoch: 3/10, Val loss: 0.0020, Elapsed time: 0:00:32, Estimated time left: 0:01:15
2025-01-18 18:18:44,405 - INFO - Trial: 16/100, Epoch: 4/10, Val loss: 0.0016, Elapsed time: 0:00:43, Estimated time left: 0:01:05
2025-01-18 18:18:55,275 - INFO - Trial: 16/100, Epoch: 5/10, Val loss: 0.0014, Elapsed time: 0:00:54, Estimated time left: 0:00:54
2025-01-18 18:19:06,137 - INFO - Trial: 16/100, Epoch: 6/10, Val loss: 0.0013, Elapsed time: 0:01:05, Estimated time left: 0:00:43
2025-01-18 18:19:16,960 - INFO - Trial: 16/100, Epoch: 7/10, Val loss: 0.0012, Elapsed time: 0:01:16, Estimated time left: 0:00:32
2025-01-18 18:19:27,732 - INFO - Trial: 16/100, Epoch: 8/10, Val loss: 0.0011, Elapsed time: 0:01:26, Estimated time left: 0:00:21
2025-01-18 18:19:38,492 - INFO - Trial: 16/100, Epoch: 9/10, Val loss: 0.0010, Elapsed time: 0:01:37, Estimated time left: 0:00:10
2025-01-18 18:19:49,244 - INFO - Trial: 16/100, Epoch: 10/10, Val loss: 0.0010, Elapsed time: 0:01:48, Estimated time left: 0:00:00
2025-01-18 18:19:49,247 - INFO - Trial 15 finished with value: 0.0009940696693876009 and parameters: {'hidden_layers': 4, 'n_units_l': 234, 'lr': 0.0018180459150781353, 'batch_size': 139}. Best is trial 14 with value: 0.0009669216657581422.
2025-01-18 18:19:49,250 - INFO - Elapsed time: 3699.88 seconds
2025-01-18 18:19:49,251 - INFO - Estimated time left: 0.00 seconds
2025-01-18 18:20:01,624 - INFO - Trial: 17/100, Epoch: 1/10, Val loss: 0.0382, Elapsed time: 0:00:12, Estimated time left: 0:01:51
2025-01-18 18:20:13,609 - INFO - Trial: 17/100, Epoch: 2/10, Val loss: 0.0022, Elapsed time: 0:00:24, Estimated time left: 0:01:35
2025-01-18 18:20:25,629 - INFO - Trial: 17/100, Epoch: 3/10, Val loss: 0.0019, Elapsed time: 0:00:36, Estimated time left: 0:01:24
2025-01-18 18:20:37,638 - INFO - Trial: 17/100, Epoch: 4/10, Val loss: 0.0016, Elapsed time: 0:00:48, Estimated time left: 0:01:12
2025-01-18 18:20:49,850 - INFO - Trial: 17/100, Epoch: 5/10, Val loss: 0.0014, Elapsed time: 0:01:00, Estimated time left: 0:01:01
2025-01-18 18:21:01,967 - INFO - Trial: 17/100, Epoch: 6/10, Val loss: 0.0015, Elapsed time: 0:01:12, Estimated time left: 0:00:48
2025-01-18 18:21:14,061 - INFO - Trial: 17/100, Epoch: 7/10, Val loss: 0.0011, Elapsed time: 0:01:24, Estimated time left: 0:00:36
2025-01-18 18:21:26,225 - INFO - Trial: 17/100, Epoch: 8/10, Val loss: 0.0011, Elapsed time: 0:01:36, Estimated time left: 0:00:24
2025-01-18 18:21:38,412 - INFO - Trial: 17/100, Epoch: 9/10, Val loss: 0.0010, Elapsed time: 0:01:49, Estimated time left: 0:00:12
2025-01-18 18:21:50,500 - INFO - Trial: 17/100, Epoch: 10/10, Val loss: 0.0010, Elapsed time: 0:02:01, Estimated time left: 0:00:00
2025-01-18 18:21:50,502 - INFO - Trial 16 finished with value: 0.0010128867275200736 and parameters: {'hidden_layers': 4, 'n_units_l': 240, 'lr': 0.0016070905986310465, 'batch_size': 118}. Best is trial 14 with value: 0.0009669216657581422.
2025-01-18 18:21:50,506 - INFO - Elapsed time: 3821.13 seconds
2025-01-18 18:21:50,506 - INFO - Estimated time left: 0.00 seconds
2025-01-18 18:21:59,761 - INFO - Trial: 18/100, Epoch: 1/10, Val loss: 0.0618, Elapsed time: 0:00:09, Estimated time left: 0:01:23
2025-01-18 18:22:08,856 - INFO - Trial: 18/100, Epoch: 2/10, Val loss: 0.0046, Elapsed time: 0:00:18, Estimated time left: 0:01:12
2025-01-18 18:22:17,929 - INFO - Trial: 18/100, Epoch: 3/10, Val loss: 0.0038, Elapsed time: 0:00:27, Estimated time left: 0:01:03
2025-01-18 18:22:26,976 - INFO - Trial: 18/100, Epoch: 4/10, Val loss: 0.0030, Elapsed time: 0:00:36, Estimated time left: 0:00:54
2025-01-18 18:22:36,038 - INFO - Trial: 18/100, Epoch: 5/10, Val loss: 0.0026, Elapsed time: 0:00:45, Estimated time left: 0:00:45
2025-01-18 18:22:45,123 - INFO - Trial: 18/100, Epoch: 6/10, Val loss: 0.0026, Elapsed time: 0:00:54, Estimated time left: 0:00:36
2025-01-18 18:22:54,141 - INFO - Trial: 18/100, Epoch: 7/10, Val loss: 0.0030, Elapsed time: 0:01:03, Estimated time left: 0:00:27
2025-01-18 18:23:03,199 - INFO - Trial: 18/100, Epoch: 8/10, Val loss: 0.0023, Elapsed time: 0:01:12, Estimated time left: 0:00:18
2025-01-18 18:23:12,263 - INFO - Trial: 18/100, Epoch: 9/10, Val loss: 0.0023, Elapsed time: 0:01:21, Estimated time left: 0:00:09
2025-01-18 18:23:21,283 - INFO - Trial: 18/100, Epoch: 10/10, Val loss: 0.0030, Elapsed time: 0:01:30, Estimated time left: 0:00:00
2025-01-18 18:23:21,286 - INFO - Trial 17 finished with value: 0.003045740378505851 and parameters: {'hidden_layers': 4, 'n_units_l': 50, 'lr': 0.012878903392597422, 'batch_size': 173}. Best is trial 14 with value: 0.0009669216657581422.
2025-01-18 18:23:21,290 - INFO - Elapsed time: 3911.92 seconds
2025-01-18 18:23:21,290 - INFO - Estimated time left: 0.00 seconds
2025-01-18 18:23:30,209 - INFO - Trial: 19/100, Epoch: 1/10, Val loss: 0.1011, Elapsed time: 0:00:08, Estimated time left: 0:01:20
2025-01-18 18:23:38,987 - INFO - Trial: 19/100, Epoch: 2/10, Val loss: 0.0715, Elapsed time: 0:00:17, Estimated time left: 0:01:10
2025-01-18 18:23:47,695 - INFO - Trial: 19/100, Epoch: 3/10, Val loss: 0.0599, Elapsed time: 0:00:26, Estimated time left: 0:01:00
2025-01-18 18:23:56,470 - INFO - Trial: 19/100, Epoch: 4/10, Val loss: 0.0499, Elapsed time: 0:00:35, Estimated time left: 0:00:52
2025-01-18 18:24:05,159 - INFO - Trial: 19/100, Epoch: 5/10, Val loss: 0.0419, Elapsed time: 0:00:43, Estimated time left: 0:00:43
2025-01-18 18:24:13,844 - INFO - Trial: 19/100, Epoch: 6/10, Val loss: 0.0359, Elapsed time: 0:00:52, Estimated time left: 0:00:34
2025-01-18 18:24:22,554 - INFO - Trial: 19/100, Epoch: 7/10, Val loss: 0.0314, Elapsed time: 0:01:01, Estimated time left: 0:00:26
2025-01-18 18:24:31,230 - INFO - Trial: 19/100, Epoch: 8/10, Val loss: 0.0279, Elapsed time: 0:01:09, Estimated time left: 0:00:17
2025-01-18 18:24:39,910 - INFO - Trial: 19/100, Epoch: 9/10, Val loss: 0.0249, Elapsed time: 0:01:18, Estimated time left: 0:00:08
2025-01-18 18:24:48,605 - INFO - Trial: 19/100, Epoch: 10/10, Val loss: 0.0223, Elapsed time: 0:01:27, Estimated time left: 0:00:00
2025-01-18 18:24:48,607 - INFO - Trial 18 finished with value: 0.02230855812124171 and parameters: {'hidden_layers': 1, 'n_units_l': 142, 'lr': 5.8682023258296166e-05, 'batch_size': 110}. Best is trial 14 with value: 0.0009669216657581422.
2025-01-18 18:24:48,611 - INFO - Elapsed time: 3999.24 seconds
2025-01-18 18:24:48,612 - INFO - Estimated time left: 0.00 seconds
2025-01-18 18:25:13,189 - INFO - Trial: 20/100, Epoch: 1/10, Val loss: 0.0885, Elapsed time: 0:00:24, Estimated time left: 0:03:40
2025-01-18 18:25:35,356 - INFO - Trial: 20/100, Epoch: 2/10, Val loss: 0.0462, Elapsed time: 0:00:46, Estimated time left: 0:02:57
2025-01-18 18:25:57,455 - INFO - Trial: 20/100, Epoch: 3/10, Val loss: 0.0025, Elapsed time: 0:01:08, Estimated time left: 0:02:34
2025-01-18 18:26:19,545 - INFO - Trial: 20/100, Epoch: 4/10, Val loss: 0.0023, Elapsed time: 0:01:30, Estimated time left: 0:02:12
2025-01-18 18:26:41,599 - INFO - Trial: 20/100, Epoch: 5/10, Val loss: 0.0019, Elapsed time: 0:01:52, Estimated time left: 0:01:50
2025-01-18 18:27:03,778 - INFO - Trial: 20/100, Epoch: 6/10, Val loss: 0.0017, Elapsed time: 0:02:15, Estimated time left: 0:01:28
2025-01-18 18:27:25,858 - INFO - Trial: 20/100, Epoch: 7/10, Val loss: 0.0017, Elapsed time: 0:02:37, Estimated time left: 0:01:06
2025-01-18 18:27:48,589 - INFO - Trial: 20/100, Epoch: 8/10, Val loss: 0.0016, Elapsed time: 0:02:59, Estimated time left: 0:00:45
2025-01-18 18:28:10,731 - INFO - Trial: 20/100, Epoch: 9/10, Val loss: 0.0015, Elapsed time: 0:03:22, Estimated time left: 0:00:22
2025-01-18 18:28:32,858 - INFO - Trial: 20/100, Epoch: 10/10, Val loss: 0.0016, Elapsed time: 0:03:44, Estimated time left: 0:00:00
2025-01-18 18:28:32,861 - INFO - Trial 19 finished with value: 0.001582955750148527 and parameters: {'hidden_layers': 5, 'n_units_l': 63, 'lr': 0.0011226966289351037, 'batch_size': 48}. Best is trial 14 with value: 0.0009669216657581422.
2025-01-18 18:28:32,865 - INFO - Elapsed time: 4223.49 seconds
2025-01-18 18:28:32,865 - INFO - Estimated time left: 0.00 seconds
2025-01-18 18:28:45,042 - INFO - Trial: 21/100, Epoch: 1/10, Val loss: 0.0583, Elapsed time: 0:00:12, Estimated time left: 0:01:49
2025-01-18 18:28:57,550 - INFO - Trial: 21/100, Epoch: 2/10, Val loss: 0.0040, Elapsed time: 0:00:24, Estimated time left: 0:01:40
2025-01-18 18:29:10,187 - INFO - Trial: 21/100, Epoch: 3/10, Val loss: 0.0048, Elapsed time: 0:00:37, Estimated time left: 0:01:28
2025-01-18 18:29:22,945 - INFO - Trial: 21/100, Epoch: 4/10, Val loss: 0.0033, Elapsed time: 0:00:50, Estimated time left: 0:01:16
2025-01-18 18:29:35,601 - INFO - Trial: 21/100, Epoch: 5/10, Val loss: 0.0036, Elapsed time: 0:01:02, Estimated time left: 0:01:03
2025-01-18 18:29:48,402 - INFO - Trial: 21/100, Epoch: 6/10, Val loss: 0.0059, Elapsed time: 0:01:15, Estimated time left: 0:00:51
2025-01-18 18:30:01,177 - INFO - Trial: 21/100, Epoch: 7/10, Val loss: 0.0043, Elapsed time: 0:01:28, Estimated time left: 0:00:38
2025-01-18 18:30:13,940 - INFO - Trial: 21/100, Epoch: 8/10, Val loss: 0.0038, Elapsed time: 0:01:41, Estimated time left: 0:00:25
2025-01-18 18:30:26,704 - INFO - Trial: 21/100, Epoch: 9/10, Val loss: 0.0047, Elapsed time: 0:01:53, Estimated time left: 0:00:12
2025-01-18 18:30:39,471 - INFO - Trial: 21/100, Epoch: 10/10, Val loss: 0.0039, Elapsed time: 0:02:06, Estimated time left: 0:00:00
2025-01-18 18:30:39,474 - INFO - Trial 20 finished with value: 0.003861401824355193 and parameters: {'hidden_layers': 2, 'n_units_l': 168, 'lr': 0.023028275078646524, 'batch_size': 91}. Best is trial 14 with value: 0.0009669216657581422.
2025-01-18 18:30:39,478 - INFO - Elapsed time: 4350.11 seconds
2025-01-18 18:30:39,479 - INFO - Estimated time left: 0.00 seconds
2025-01-18 18:30:50,919 - INFO - Trial: 22/100, Epoch: 1/10, Val loss: 0.0464, Elapsed time: 0:00:11, Estimated time left: 0:01:42
2025-01-18 18:31:02,135 - INFO - Trial: 22/100, Epoch: 2/10, Val loss: 0.0020, Elapsed time: 0:00:22, Estimated time left: 0:01:29
2025-01-18 18:31:13,483 - INFO - Trial: 22/100, Epoch: 3/10, Val loss: 0.0018, Elapsed time: 0:00:33, Estimated time left: 0:01:19
2025-01-18 18:31:24,847 - INFO - Trial: 22/100, Epoch: 4/10, Val loss: 0.0016, Elapsed time: 0:00:45, Estimated time left: 0:01:08
2025-01-18 18:31:36,183 - INFO - Trial: 22/100, Epoch: 5/10, Val loss: 0.0018, Elapsed time: 0:00:56, Estimated time left: 0:00:56
2025-01-18 18:31:47,538 - INFO - Trial: 22/100, Epoch: 6/10, Val loss: 0.0012, Elapsed time: 0:01:08, Estimated time left: 0:00:45
2025-01-18 18:31:58,293 - INFO - Trial: 22/100, Epoch: 7/10, Val loss: 0.0011, Elapsed time: 0:01:18, Estimated time left: 0:00:32
2025-01-18 18:32:09,419 - INFO - Trial: 22/100, Epoch: 8/10, Val loss: 0.0011, Elapsed time: 0:01:29, Estimated time left: 0:00:22
2025-01-18 18:32:20,581 - INFO - Trial: 22/100, Epoch: 9/10, Val loss: 0.0010, Elapsed time: 0:01:41, Estimated time left: 0:00:11
2025-01-18 18:32:31,812 - INFO - Trial: 22/100, Epoch: 10/10, Val loss: 0.0010, Elapsed time: 0:01:52, Estimated time left: 0:00:00
2025-01-18 18:32:31,814 - INFO - Trial 21 finished with value: 0.0009553627262584405 and parameters: {'hidden_layers': 4, 'n_units_l': 221, 'lr': 0.0016947520206262686, 'batch_size': 130}. Best is trial 21 with value: 0.0009553627262584405.
2025-01-18 18:32:31,818 - INFO - Elapsed time: 4462.45 seconds
2025-01-18 18:32:31,818 - INFO - Estimated time left: 0.00 seconds
2025-01-18 18:32:43,298 - INFO - Trial: 23/100, Epoch: 1/10, Val loss: 0.0278, Elapsed time: 0:00:11, Estimated time left: 0:01:43
2025-01-18 18:32:54,447 - INFO - Trial: 23/100, Epoch: 2/10, Val loss: 0.0022, Elapsed time: 0:00:22, Estimated time left: 0:01:29
2025-01-18 18:33:05,685 - INFO - Trial: 23/100, Epoch: 3/10, Val loss: 0.0018, Elapsed time: 0:00:33, Estimated time left: 0:01:18
2025-01-18 18:33:16,846 - INFO - Trial: 23/100, Epoch: 4/10, Val loss: 0.0018, Elapsed time: 0:00:45, Estimated time left: 0:01:06
2025-01-18 18:33:28,091 - INFO - Trial: 23/100, Epoch: 5/10, Val loss: 0.0014, Elapsed time: 0:00:56, Estimated time left: 0:00:56
2025-01-18 18:33:39,337 - INFO - Trial: 23/100, Epoch: 6/10, Val loss: 0.0011, Elapsed time: 0:01:07, Estimated time left: 0:00:44
2025-01-18 18:33:50,524 - INFO - Trial: 23/100, Epoch: 7/10, Val loss: 0.0013, Elapsed time: 0:01:18, Estimated time left: 0:00:33
2025-01-18 18:34:01,638 - INFO - Trial: 23/100, Epoch: 8/10, Val loss: 0.0011, Elapsed time: 0:01:29, Estimated time left: 0:00:22
2025-01-18 18:34:12,918 - INFO - Trial: 23/100, Epoch: 9/10, Val loss: 0.0011, Elapsed time: 0:01:41, Estimated time left: 0:00:11
2025-01-18 18:34:24,123 - INFO - Trial: 23/100, Epoch: 10/10, Val loss: 0.0009, Elapsed time: 0:01:52, Estimated time left: 0:00:00
2025-01-18 18:34:24,126 - INFO - Trial 22 finished with value: 0.000931663012376335 and parameters: {'hidden_layers': 4, 'n_units_l': 243, 'lr': 0.0018303010248168728, 'batch_size': 133}. Best is trial 22 with value: 0.000931663012376335.
2025-01-18 18:34:24,130 - INFO - Elapsed time: 4574.76 seconds
2025-01-18 18:34:24,130 - INFO - Estimated time left: 0.00 seconds
2025-01-18 18:34:32,980 - INFO - Trial: 24/100, Epoch: 1/10, Val loss: 0.0546, Elapsed time: 0:00:08, Estimated time left: 0:01:19
2025-01-18 18:34:41,879 - INFO - Trial: 24/100, Epoch: 2/10, Val loss: 0.0065, Elapsed time: 0:00:17, Estimated time left: 0:01:11
2025-01-18 18:34:50,838 - INFO - Trial: 24/100, Epoch: 3/10, Val loss: 0.0043, Elapsed time: 0:00:26, Estimated time left: 0:01:02
2025-01-18 18:34:59,842 - INFO - Trial: 24/100, Epoch: 4/10, Val loss: 0.0029, Elapsed time: 0:00:35, Estimated time left: 0:00:54
2025-01-18 18:35:08,822 - INFO - Trial: 24/100, Epoch: 5/10, Val loss: 0.0023, Elapsed time: 0:00:44, Estimated time left: 0:00:44
2025-01-18 18:35:17,826 - INFO - Trial: 24/100, Epoch: 6/10, Val loss: 0.0023, Elapsed time: 0:00:53, Estimated time left: 0:00:36
2025-01-18 18:35:27,185 - INFO - Trial: 24/100, Epoch: 7/10, Val loss: 0.0045, Elapsed time: 0:01:03, Estimated time left: 0:00:28
2025-01-18 18:35:36,779 - INFO - Trial: 24/100, Epoch: 8/10, Val loss: 0.0020, Elapsed time: 0:01:12, Estimated time left: 0:00:19
2025-01-18 18:35:46,490 - INFO - Trial: 24/100, Epoch: 9/10, Val loss: 0.0039, Elapsed time: 0:01:22, Estimated time left: 0:00:09
2025-01-18 18:35:55,321 - INFO - Trial: 24/100, Epoch: 10/10, Val loss: 0.0025, Elapsed time: 0:01:31, Estimated time left: 0:00:00
2025-01-18 18:35:55,323 - INFO - Trial 23 finished with value: 0.00248290423676927 and parameters: {'hidden_layers': 4, 'n_units_l': 145, 'lr': 0.008625276136248222, 'batch_size': 199}. Best is trial 22 with value: 0.000931663012376335.
2025-01-18 18:35:55,327 - INFO - Elapsed time: 4665.96 seconds
2025-01-18 18:35:55,328 - INFO - Estimated time left: 0.00 seconds
2025-01-18 18:36:14,910 - INFO - Trial: 25/100, Epoch: 1/10, Val loss: 0.0936, Elapsed time: 0:00:19, Estimated time left: 0:02:56
2025-01-18 18:36:32,715 - INFO - Trial: 25/100, Epoch: 2/10, Val loss: 0.0038, Elapsed time: 0:00:37, Estimated time left: 0:02:22
2025-01-18 18:36:50,570 - INFO - Trial: 25/100, Epoch: 3/10, Val loss: 0.0025, Elapsed time: 0:00:55, Estimated time left: 0:02:04
2025-01-18 18:37:08,316 - INFO - Trial: 25/100, Epoch: 4/10, Val loss: 0.0019, Elapsed time: 0:01:12, Estimated time left: 0:01:46
2025-01-18 18:37:26,008 - INFO - Trial: 25/100, Epoch: 5/10, Val loss: 0.0018, Elapsed time: 0:01:30, Estimated time left: 0:01:28
2025-01-18 18:37:43,787 - INFO - Trial: 25/100, Epoch: 6/10, Val loss: 0.0016, Elapsed time: 0:01:48, Estimated time left: 0:01:11
2025-01-18 18:38:01,686 - INFO - Trial: 25/100, Epoch: 7/10, Val loss: 0.0014, Elapsed time: 0:02:06, Estimated time left: 0:00:53
2025-01-18 18:38:19,778 - INFO - Trial: 25/100, Epoch: 8/10, Val loss: 0.0015, Elapsed time: 0:02:24, Estimated time left: 0:00:36
2025-01-18 18:38:39,343 - INFO - Trial: 25/100, Epoch: 9/10, Val loss: 0.0013, Elapsed time: 0:02:43, Estimated time left: 0:00:19
2025-01-18 18:38:58,865 - INFO - Trial: 25/100, Epoch: 10/10, Val loss: 0.0011, Elapsed time: 0:03:03, Estimated time left: 0:00:00
2025-01-18 18:38:58,868 - INFO - Trial 24 finished with value: 0.0011309412255994563 and parameters: {'hidden_layers': 5, 'n_units_l': 97, 'lr': 0.0006721138659011972, 'batch_size': 65}. Best is trial 22 with value: 0.000931663012376335.
2025-01-18 18:38:58,872 - INFO - Elapsed time: 4849.50 seconds
2025-01-18 18:38:58,872 - INFO - Estimated time left: 0.00 seconds
2025-01-18 18:39:06,618 - INFO - Trial: 26/100, Epoch: 1/10, Val loss: 0.0896, Elapsed time: 0:00:07, Estimated time left: 0:01:09
2025-01-18 18:39:14,733 - INFO - Trial: 26/100, Epoch: 2/10, Val loss: 0.0116, Elapsed time: 0:00:15, Estimated time left: 0:01:04
2025-01-18 18:39:22,797 - INFO - Trial: 26/100, Epoch: 3/10, Val loss: 0.0031, Elapsed time: 0:00:23, Estimated time left: 0:00:56
2025-01-18 18:39:30,852 - INFO - Trial: 26/100, Epoch: 4/10, Val loss: 0.0024, Elapsed time: 0:00:31, Estimated time left: 0:00:48
2025-01-18 18:39:38,914 - INFO - Trial: 26/100, Epoch: 5/10, Val loss: 0.0021, Elapsed time: 0:00:40, Estimated time left: 0:00:40
2025-01-18 18:39:47,097 - INFO - Trial: 26/100, Epoch: 6/10, Val loss: 0.0020, Elapsed time: 0:00:48, Estimated time left: 0:00:32
2025-01-18 18:39:55,153 - INFO - Trial: 26/100, Epoch: 7/10, Val loss: 0.0019, Elapsed time: 0:00:56, Estimated time left: 0:00:24
2025-01-18 18:40:03,216 - INFO - Trial: 26/100, Epoch: 8/10, Val loss: 0.0018, Elapsed time: 0:01:04, Estimated time left: 0:00:16
2025-01-18 18:40:11,712 - INFO - Trial: 26/100, Epoch: 9/10, Val loss: 0.0018, Elapsed time: 0:01:12, Estimated time left: 0:00:08
2025-01-18 18:40:20,559 - INFO - Trial: 26/100, Epoch: 10/10, Val loss: 0.0017, Elapsed time: 0:01:21, Estimated time left: 0:00:00
