2025-01-29 22:53:07,211 - INFO - Trial 80 finished with value: 0.0008565747024681444 and parameters: {'hidden_layers': 8, 'n_units_l': 230, 'lr': 0.0001451540046705211, 'batch_size': 38}. Best is trial 77 with value: 0.0006734657413265272.
2025-01-29 22:53:07,214 - INFO - Elapsed time: 40562.80 seconds
2025-01-29 22:53:07,214 - INFO - Estimated time left: 0.00 seconds
2025-01-29 22:53:38,577 - INFO - Trial: 82/100, Epoch: 1/15, Val loss: 0.1640, Elapsed time: 0:00:31, Estimated time left: 0:07:18
2025-01-29 22:54:06,526 - INFO - Trial: 82/100, Epoch: 2/15, Val loss: 0.1639, Elapsed time: 0:00:59, Estimated time left: 0:06:03
2025-01-29 22:54:34,428 - INFO - Trial: 82/100, Epoch: 3/15, Val loss: 0.1639, Elapsed time: 0:01:27, Estimated time left: 0:05:34
2025-01-29 22:55:02,352 - INFO - Trial: 82/100, Epoch: 4/15, Val loss: 0.1639, Elapsed time: 0:01:55, Estimated time left: 0:05:07
2025-01-29 22:55:30,421 - INFO - Trial: 82/100, Epoch: 5/15, Val loss: 0.1639, Elapsed time: 0:02:23, Estimated time left: 0:04:40
2025-01-29 22:55:58,407 - INFO - Trial: 82/100, Epoch: 6/15, Val loss: 0.1639, Elapsed time: 0:02:51, Estimated time left: 0:04:11
2025-01-29 22:56:26,411 - INFO - Trial: 82/100, Epoch: 7/15, Val loss: 0.1639, Elapsed time: 0:03:19, Estimated time left: 0:03:44
2025-01-29 22:56:54,658 - INFO - Trial: 82/100, Epoch: 8/15, Val loss: 0.1639, Elapsed time: 0:03:47, Estimated time left: 0:03:17
2025-01-29 22:57:22,610 - INFO - Trial: 82/100, Epoch: 9/15, Val loss: 0.1639, Elapsed time: 0:04:15, Estimated time left: 0:02:47
2025-01-29 22:57:50,543 - INFO - Trial: 82/100, Epoch: 10/15, Val loss: 0.1639, Elapsed time: 0:04:43, Estimated time left: 0:02:19
2025-01-29 22:58:18,487 - INFO - Trial: 82/100, Epoch: 11/15, Val loss: 0.1639, Elapsed time: 0:05:11, Estimated time left: 0:01:51
2025-01-29 22:58:46,432 - INFO - Trial: 82/100, Epoch: 12/15, Val loss: 0.1639, Elapsed time: 0:05:39, Estimated time left: 0:01:23
2025-01-29 22:59:14,952 - INFO - Early stopping triggered at epoch 13
2025-01-29 22:59:14,954 - INFO - Trial 81 finished with value: 0.1639191763127098 and parameters: {'hidden_layers': 7, 'n_units_l': 4, 'lr': 0.0001261803964346188, 'batch_size': 33}. Best is trial 77 with value: 0.0006734657413265272.
2025-01-29 22:59:14,957 - INFO - Elapsed time: 40930.54 seconds
2025-01-29 22:59:14,957 - INFO - Estimated time left: 0.00 seconds
2025-01-29 22:59:41,379 - INFO - Trial: 83/100, Epoch: 1/15, Val loss: 0.2079, Elapsed time: 0:00:26, Estimated time left: 0:06:09
2025-01-29 23:00:05,295 - INFO - Trial: 83/100, Epoch: 2/15, Val loss: 0.0026, Elapsed time: 0:00:50, Estimated time left: 0:05:10
2025-01-29 23:00:29,228 - INFO - Trial: 83/100, Epoch: 3/15, Val loss: 0.0021, Elapsed time: 0:01:14, Estimated time left: 0:04:47
2025-01-29 23:00:53,094 - INFO - Trial: 83/100, Epoch: 4/15, Val loss: 0.0018, Elapsed time: 0:01:38, Estimated time left: 0:04:22
2025-01-29 23:01:16,990 - INFO - Trial: 83/100, Epoch: 5/15, Val loss: 0.0017, Elapsed time: 0:02:02, Estimated time left: 0:03:58
2025-01-29 23:01:40,946 - INFO - Trial: 83/100, Epoch: 6/15, Val loss: 0.0018, Elapsed time: 0:02:25, Estimated time left: 0:03:35
2025-01-29 23:02:04,917 - INFO - Trial: 83/100, Epoch: 7/15, Val loss: 0.0015, Elapsed time: 0:02:49, Estimated time left: 0:03:11
2025-01-29 23:02:29,323 - INFO - Trial: 83/100, Epoch: 8/15, Val loss: 0.0014, Elapsed time: 0:03:14, Estimated time left: 0:02:50
2025-01-29 23:02:53,281 - INFO - Trial: 83/100, Epoch: 9/15, Val loss: 0.0015, Elapsed time: 0:03:38, Estimated time left: 0:02:23
2025-01-29 23:03:17,306 - INFO - Trial: 83/100, Epoch: 10/15, Val loss: 0.0013, Elapsed time: 0:04:02, Estimated time left: 0:02:00
2025-01-29 23:03:41,319 - INFO - Trial: 83/100, Epoch: 11/15, Val loss: 0.0012, Elapsed time: 0:04:26, Estimated time left: 0:01:36
2025-01-29 23:04:05,298 - INFO - Trial: 83/100, Epoch: 12/15, Val loss: 0.0013, Elapsed time: 0:04:50, Estimated time left: 0:01:11
2025-01-29 23:04:29,288 - INFO - Trial: 83/100, Epoch: 13/15, Val loss: 0.0011, Elapsed time: 0:05:14, Estimated time left: 0:00:47
2025-01-29 23:04:53,256 - INFO - Trial: 83/100, Epoch: 14/15, Val loss: 0.0010, Elapsed time: 0:05:38, Estimated time left: 0:00:23
2025-01-29 23:05:17,240 - INFO - Trial: 83/100, Epoch: 15/15, Val loss: 0.0010, Elapsed time: 0:06:02, Estimated time left: 0:00:00
2025-01-29 23:05:17,242 - INFO - Trial 82 finished with value: 0.0010377938425247372 and parameters: {'hidden_layers': 7, 'n_units_l': 182, 'lr': 0.0001006423020873617, 'batch_size': 43}. Best is trial 77 with value: 0.0006734657413265272.
2025-01-29 23:05:17,245 - INFO - Elapsed time: 41292.83 seconds
2025-01-29 23:05:17,246 - INFO - Estimated time left: 0.00 seconds
2025-01-29 23:05:48,128 - INFO - Trial: 84/100, Epoch: 1/15, Val loss: 0.1430, Elapsed time: 0:00:30, Estimated time left: 0:07:12
2025-01-29 23:06:15,858 - INFO - Trial: 84/100, Epoch: 2/15, Val loss: 0.0029, Elapsed time: 0:00:58, Estimated time left: 0:06:00
2025-01-29 23:06:43,672 - INFO - Trial: 84/100, Epoch: 3/15, Val loss: 0.0021, Elapsed time: 0:01:26, Estimated time left: 0:05:33
2025-01-29 23:07:11,490 - INFO - Trial: 84/100, Epoch: 4/15, Val loss: 0.0018, Elapsed time: 0:01:54, Estimated time left: 0:05:05
2025-01-29 23:07:39,180 - INFO - Trial: 84/100, Epoch: 5/15, Val loss: 0.0015, Elapsed time: 0:02:21, Estimated time left: 0:04:36
2025-01-29 23:08:06,894 - INFO - Trial: 84/100, Epoch: 6/15, Val loss: 0.0014, Elapsed time: 0:02:49, Estimated time left: 0:04:09
2025-01-29 23:08:34,644 - INFO - Trial: 84/100, Epoch: 7/15, Val loss: 0.0013, Elapsed time: 0:03:17, Estimated time left: 0:03:42
2025-01-29 23:09:02,377 - INFO - Trial: 84/100, Epoch: 8/15, Val loss: 0.0012, Elapsed time: 0:03:45, Estimated time left: 0:03:14
2025-01-29 23:09:30,084 - INFO - Trial: 84/100, Epoch: 9/15, Val loss: 0.0010, Elapsed time: 0:04:12, Estimated time left: 0:02:46
2025-01-29 23:09:57,813 - INFO - Trial: 84/100, Epoch: 10/15, Val loss: 0.0013, Elapsed time: 0:04:40, Estimated time left: 0:02:18
2025-01-29 23:10:25,540 - INFO - Trial: 84/100, Epoch: 11/15, Val loss: 0.0009, Elapsed time: 0:05:08, Estimated time left: 0:01:50
2025-01-29 23:10:53,284 - INFO - Trial: 84/100, Epoch: 12/15, Val loss: 0.0008, Elapsed time: 0:05:36, Estimated time left: 0:01:23
2025-01-29 23:11:21,052 - INFO - Trial: 84/100, Epoch: 13/15, Val loss: 0.0008, Elapsed time: 0:06:03, Estimated time left: 0:00:55
2025-01-29 23:11:48,794 - INFO - Trial: 84/100, Epoch: 14/15, Val loss: 0.0008, Elapsed time: 0:06:31, Estimated time left: 0:00:27
2025-01-29 23:12:16,549 - INFO - Trial: 84/100, Epoch: 15/15, Val loss: 0.0007, Elapsed time: 0:06:59, Estimated time left: 0:00:00
2025-01-29 23:12:16,550 - INFO - Trial 83 finished with value: 0.0007230020589566446 and parameters: {'hidden_layers': 7, 'n_units_l': 192, 'lr': 0.00017467265439057069, 'batch_size': 37}. Best is trial 77 with value: 0.0006734657413265272.
2025-01-29 23:12:16,554 - INFO - Elapsed time: 41712.14 seconds
2025-01-29 23:12:16,554 - INFO - Estimated time left: 0.00 seconds
2025-01-29 23:12:37,187 - INFO - Trial: 85/100, Epoch: 1/15, Val loss: 0.2000, Elapsed time: 0:00:20, Estimated time left: 0:04:48
2025-01-29 23:12:56,616 - INFO - Trial: 85/100, Epoch: 2/15, Val loss: 0.0033, Elapsed time: 0:00:40, Estimated time left: 0:04:12
2025-01-29 23:13:16,186 - INFO - Trial: 85/100, Epoch: 3/15, Val loss: 0.0023, Elapsed time: 0:00:59, Estimated time left: 0:03:54
2025-01-29 23:13:35,463 - INFO - Trial: 85/100, Epoch: 4/15, Val loss: 0.0020, Elapsed time: 0:01:18, Estimated time left: 0:03:32
2025-01-29 23:13:54,786 - INFO - Trial: 85/100, Epoch: 5/15, Val loss: 0.0021, Elapsed time: 0:01:38, Estimated time left: 0:03:13
2025-01-29 23:14:14,472 - INFO - Trial: 85/100, Epoch: 6/15, Val loss: 0.0017, Elapsed time: 0:01:57, Estimated time left: 0:02:57
2025-01-29 23:14:33,824 - INFO - Trial: 85/100, Epoch: 7/15, Val loss: 0.0017, Elapsed time: 0:02:17, Estimated time left: 0:02:34
2025-01-29 23:14:53,159 - INFO - Trial: 85/100, Epoch: 8/15, Val loss: 0.0021, Elapsed time: 0:02:36, Estimated time left: 0:02:15
2025-01-29 23:15:12,542 - INFO - Trial: 85/100, Epoch: 9/15, Val loss: 0.0015, Elapsed time: 0:02:55, Estimated time left: 0:01:56
2025-01-29 23:15:31,881 - INFO - Trial: 85/100, Epoch: 10/15, Val loss: 0.0014, Elapsed time: 0:03:15, Estimated time left: 0:01:36
2025-01-29 23:15:51,255 - INFO - Trial: 85/100, Epoch: 11/15, Val loss: 0.0014, Elapsed time: 0:03:34, Estimated time left: 0:01:17
2025-01-29 23:16:10,651 - INFO - Trial: 85/100, Epoch: 12/15, Val loss: 0.0016, Elapsed time: 0:03:54, Estimated time left: 0:00:58
2025-01-29 23:16:30,053 - INFO - Trial: 85/100, Epoch: 13/15, Val loss: 0.0013, Elapsed time: 0:04:13, Estimated time left: 0:00:38
2025-01-29 23:16:49,456 - INFO - Trial: 85/100, Epoch: 14/15, Val loss: 0.0015, Elapsed time: 0:04:32, Estimated time left: 0:00:19
2025-01-29 23:17:08,849 - INFO - Trial: 85/100, Epoch: 15/15, Val loss: 0.0014, Elapsed time: 0:04:52, Estimated time left: 0:00:00
2025-01-29 23:17:08,850 - INFO - Trial 84 finished with value: 0.0013975717868337189 and parameters: {'hidden_layers': 6, 'n_units_l': 138, 'lr': 7.500502394291879e-05, 'batch_size': 49}. Best is trial 77 with value: 0.0006734657413265272.
2025-01-29 23:17:08,854 - INFO - Elapsed time: 42004.44 seconds
2025-01-29 23:17:08,854 - INFO - Estimated time left: 0.00 seconds
2025-01-29 23:17:52,925 - INFO - Trial: 86/100, Epoch: 1/15, Val loss: 0.0570, Elapsed time: 0:00:44, Estimated time left: 0:10:16
2025-01-29 23:18:33,266 - INFO - Trial: 86/100, Epoch: 2/15, Val loss: 0.0024, Elapsed time: 0:01:24, Estimated time left: 0:08:44
2025-01-29 23:19:13,434 - INFO - Trial: 86/100, Epoch: 3/15, Val loss: 0.0019, Elapsed time: 0:02:04, Estimated time left: 0:08:02
2025-01-29 23:19:53,662 - INFO - Trial: 86/100, Epoch: 4/15, Val loss: 0.0020, Elapsed time: 0:02:44, Estimated time left: 0:07:22
2025-01-29 23:20:34,082 - INFO - Trial: 86/100, Epoch: 5/15, Val loss: 0.0016, Elapsed time: 0:03:25, Estimated time left: 0:06:44
2025-01-29 23:21:14,470 - INFO - Trial: 86/100, Epoch: 6/15, Val loss: 0.0013, Elapsed time: 0:04:05, Estimated time left: 0:06:03
2025-01-29 23:21:54,884 - INFO - Trial: 86/100, Epoch: 7/15, Val loss: 0.0012, Elapsed time: 0:04:46, Estimated time left: 0:05:23
2025-01-29 23:22:35,253 - INFO - Trial: 86/100, Epoch: 8/15, Val loss: 0.0011, Elapsed time: 0:05:26, Estimated time left: 0:04:42
2025-01-29 23:23:15,605 - INFO - Trial: 86/100, Epoch: 9/15, Val loss: 0.0013, Elapsed time: 0:06:06, Estimated time left: 0:04:02
2025-01-29 23:23:56,018 - INFO - Trial: 86/100, Epoch: 10/15, Val loss: 0.0011, Elapsed time: 0:06:47, Estimated time left: 0:03:22
2025-01-29 23:24:36,405 - INFO - Trial: 86/100, Epoch: 11/15, Val loss: 0.0011, Elapsed time: 0:07:27, Estimated time left: 0:02:41
2025-01-29 23:25:16,826 - INFO - Trial: 86/100, Epoch: 12/15, Val loss: 0.0009, Elapsed time: 0:08:07, Estimated time left: 0:02:01
2025-01-29 23:25:57,227 - INFO - Trial: 86/100, Epoch: 13/15, Val loss: 0.0009, Elapsed time: 0:08:48, Estimated time left: 0:01:20
2025-01-29 23:26:37,653 - INFO - Trial: 86/100, Epoch: 14/15, Val loss: 0.0009, Elapsed time: 0:09:28, Estimated time left: 0:00:40
2025-01-29 23:27:18,095 - INFO - Trial: 86/100, Epoch: 15/15, Val loss: 0.0009, Elapsed time: 0:10:09, Estimated time left: 0:00:00
2025-01-29 23:27:18,097 - INFO - Trial 85 finished with value: 0.0008933788506499152 and parameters: {'hidden_layers': 8, 'n_units_l': 256, 'lr': 0.0006656192420493201, 'batch_size': 30}. Best is trial 77 with value: 0.0006734657413265272.
2025-01-29 23:27:18,100 - INFO - Elapsed time: 42613.69 seconds
2025-01-29 23:27:18,100 - INFO - Estimated time left: 0.00 seconds
2025-01-29 23:27:58,371 - INFO - Trial: 87/100, Epoch: 1/15, Val loss: 0.2527, Elapsed time: 0:00:40, Estimated time left: 0:09:23
2025-01-29 23:28:34,713 - INFO - Trial: 87/100, Epoch: 2/15, Val loss: 0.0026, Elapsed time: 0:01:16, Estimated time left: 0:07:52
2025-01-29 23:29:11,437 - INFO - Trial: 87/100, Epoch: 3/15, Val loss: 0.0022, Elapsed time: 0:01:53, Estimated time left: 0:07:20
2025-01-29 23:29:47,745 - INFO - Trial: 87/100, Epoch: 4/15, Val loss: 0.0021, Elapsed time: 0:02:29, Estimated time left: 0:06:39
2025-01-29 23:30:23,974 - INFO - Trial: 87/100, Epoch: 5/15, Val loss: 0.0018, Elapsed time: 0:03:05, Estimated time left: 0:06:02
2025-01-29 23:31:00,268 - INFO - Trial: 87/100, Epoch: 6/15, Val loss: 0.0020, Elapsed time: 0:03:42, Estimated time left: 0:05:26
2025-01-29 23:31:36,509 - INFO - Trial: 87/100, Epoch: 7/15, Val loss: 0.0018, Elapsed time: 0:04:18, Estimated time left: 0:04:49
2025-01-29 23:32:12,733 - INFO - Trial: 87/100, Epoch: 8/15, Val loss: 0.0016, Elapsed time: 0:04:54, Estimated time left: 0:04:13
2025-01-29 23:32:48,999 - INFO - Trial: 87/100, Epoch: 9/15, Val loss: 0.0014, Elapsed time: 0:05:30, Estimated time left: 0:03:37
2025-01-29 23:33:25,179 - INFO - Trial: 87/100, Epoch: 10/15, Val loss: 0.0014, Elapsed time: 0:06:07, Estimated time left: 0:03:00
2025-01-29 23:34:01,384 - INFO - Trial: 87/100, Epoch: 11/15, Val loss: 0.0015, Elapsed time: 0:06:43, Estimated time left: 0:02:24
2025-01-29 23:34:37,666 - INFO - Trial: 87/100, Epoch: 12/15, Val loss: 0.0013, Elapsed time: 0:07:19, Estimated time left: 0:01:48
2025-01-29 23:35:13,942 - INFO - Trial: 87/100, Epoch: 13/15, Val loss: 0.0014, Elapsed time: 0:07:55, Estimated time left: 0:01:12
2025-01-29 23:35:50,182 - INFO - Trial: 87/100, Epoch: 14/15, Val loss: 0.0012, Elapsed time: 0:08:32, Estimated time left: 0:00:36
2025-01-29 23:36:26,446 - INFO - Trial: 87/100, Epoch: 15/15, Val loss: 0.0012, Elapsed time: 0:09:08, Estimated time left: 0:00:00
2025-01-29 23:36:26,447 - INFO - Trial 86 finished with value: 0.0011757435631394799 and parameters: {'hidden_layers': 7, 'n_units_l': 173, 'lr': 5.081627975086906e-05, 'batch_size': 27}. Best is trial 77 with value: 0.0006734657413265272.
2025-01-29 23:36:26,451 - INFO - Elapsed time: 43162.04 seconds
2025-01-29 23:36:26,451 - INFO - Estimated time left: 0.00 seconds
2025-01-29 23:36:52,787 - INFO - Trial: 88/100, Epoch: 1/15, Val loss: 0.4097, Elapsed time: 0:00:26, Estimated time left: 0:06:08
2025-01-29 23:37:16,808 - INFO - Trial: 88/100, Epoch: 2/15, Val loss: 0.1616, Elapsed time: 0:00:50, Estimated time left: 0:05:12
2025-01-29 23:37:40,801 - INFO - Trial: 88/100, Epoch: 3/15, Val loss: 0.1528, Elapsed time: 0:01:14, Estimated time left: 0:04:47
2025-01-29 23:38:04,804 - INFO - Trial: 88/100, Epoch: 4/15, Val loss: 0.1245, Elapsed time: 0:01:38, Estimated time left: 0:04:24
2025-01-29 23:38:28,849 - INFO - Trial: 88/100, Epoch: 5/15, Val loss: 0.0839, Elapsed time: 0:02:02, Estimated time left: 0:04:00
2025-01-29 23:38:52,866 - INFO - Trial: 88/100, Epoch: 6/15, Val loss: 0.0651, Elapsed time: 0:02:26, Estimated time left: 0:03:36
2025-01-29 23:39:16,918 - INFO - Trial: 88/100, Epoch: 7/15, Val loss: 0.0601, Elapsed time: 0:02:50, Estimated time left: 0:03:12
2025-01-29 23:39:40,947 - INFO - Trial: 88/100, Epoch: 8/15, Val loss: 0.0572, Elapsed time: 0:03:14, Estimated time left: 0:02:48
2025-01-29 23:40:04,936 - INFO - Trial: 88/100, Epoch: 9/15, Val loss: 0.0557, Elapsed time: 0:03:38, Estimated time left: 0:02:23
2025-01-29 23:40:28,930 - INFO - Trial: 88/100, Epoch: 10/15, Val loss: 0.0546, Elapsed time: 0:04:02, Estimated time left: 0:01:59
2025-01-29 23:40:52,951 - INFO - Trial: 88/100, Epoch: 11/15, Val loss: 0.0538, Elapsed time: 0:04:26, Estimated time left: 0:01:36
2025-01-29 23:41:16,937 - INFO - Trial: 88/100, Epoch: 12/15, Val loss: 0.0531, Elapsed time: 0:04:50, Estimated time left: 0:01:11
2025-01-29 23:41:40,954 - INFO - Trial: 88/100, Epoch: 13/15, Val loss: 0.0525, Elapsed time: 0:05:14, Estimated time left: 0:00:48
2025-01-29 23:42:04,961 - INFO - Trial: 88/100, Epoch: 14/15, Val loss: 0.0520, Elapsed time: 0:05:38, Estimated time left: 0:00:24
2025-01-29 23:42:29,014 - INFO - Trial: 88/100, Epoch: 15/15, Val loss: 0.0515, Elapsed time: 0:06:02, Estimated time left: 0:00:00
2025-01-29 23:42:29,015 - INFO - Trial 87 finished with value: 0.05151762263184393 and parameters: {'hidden_layers': 6, 'n_units_l': 5, 'lr': 2.1416845907597424e-05, 'batch_size': 37}. Best is trial 77 with value: 0.0006734657413265272.
2025-01-29 23:42:29,019 - INFO - Elapsed time: 43524.60 seconds
2025-01-29 23:42:29,019 - INFO - Estimated time left: 0.00 seconds
2025-01-29 23:42:58,003 - INFO - Trial: 89/100, Epoch: 1/15, Val loss: 0.0669, Elapsed time: 0:00:28, Estimated time left: 0:06:45
2025-01-29 23:43:23,828 - INFO - Trial: 89/100, Epoch: 2/15, Val loss: 0.0029, Elapsed time: 0:00:54, Estimated time left: 0:05:35
2025-01-29 23:43:49,611 - INFO - Trial: 89/100, Epoch: 3/15, Val loss: 0.0021, Elapsed time: 0:01:20, Estimated time left: 0:05:09
2025-01-29 23:44:15,870 - INFO - Trial: 89/100, Epoch: 4/15, Val loss: 0.0016, Elapsed time: 0:01:46, Estimated time left: 0:04:48
2025-01-29 23:44:41,598 - INFO - Trial: 89/100, Epoch: 5/15, Val loss: 0.0016, Elapsed time: 0:02:12, Estimated time left: 0:04:17
2025-01-29 23:45:07,321 - INFO - Trial: 89/100, Epoch: 6/15, Val loss: 0.0014, Elapsed time: 0:02:38, Estimated time left: 0:03:51
2025-01-29 23:45:33,119 - INFO - Trial: 89/100, Epoch: 7/15, Val loss: 0.0013, Elapsed time: 0:03:04, Estimated time left: 0:03:26
2025-01-29 23:45:58,910 - INFO - Trial: 89/100, Epoch: 8/15, Val loss: 0.0012, Elapsed time: 0:03:29, Estimated time left: 0:03:00
2025-01-29 23:46:24,661 - INFO - Trial: 89/100, Epoch: 9/15, Val loss: 0.0014, Elapsed time: 0:03:55, Estimated time left: 0:02:34
2025-01-29 23:46:50,414 - INFO - Trial: 89/100, Epoch: 10/15, Val loss: 0.0011, Elapsed time: 0:04:21, Estimated time left: 0:02:08
2025-01-29 23:47:16,178 - INFO - Trial: 89/100, Epoch: 11/15, Val loss: 0.0010, Elapsed time: 0:04:47, Estimated time left: 0:01:43
2025-01-29 23:47:41,928 - INFO - Trial: 89/100, Epoch: 12/15, Val loss: 0.0010, Elapsed time: 0:05:12, Estimated time left: 0:01:17
2025-01-29 23:48:07,666 - INFO - Trial: 89/100, Epoch: 13/15, Val loss: 0.0010, Elapsed time: 0:05:38, Estimated time left: 0:00:51
2025-01-29 23:48:33,422 - INFO - Trial: 89/100, Epoch: 14/15, Val loss: 0.0009, Elapsed time: 0:06:04, Estimated time left: 0:00:25
2025-01-29 23:48:59,181 - INFO - Trial: 89/100, Epoch: 15/15, Val loss: 0.0011, Elapsed time: 0:06:30, Estimated time left: 0:00:00
2025-01-29 23:48:59,182 - INFO - Trial 88 finished with value: 0.001101687096490059 and parameters: {'hidden_layers': 7, 'n_units_l': 190, 'lr': 0.00039473949977725736, 'batch_size': 40}. Best is trial 77 with value: 0.0006734657413265272.
2025-01-29 23:48:59,186 - INFO - Elapsed time: 43914.77 seconds
2025-01-29 23:48:59,186 - INFO - Estimated time left: 0.00 seconds
2025-01-29 23:49:13,836 - INFO - Trial: 90/100, Epoch: 1/15, Val loss: 0.1677, Elapsed time: 0:00:14, Estimated time left: 0:03:24
2025-01-29 23:49:26,437 - INFO - Trial: 90/100, Epoch: 2/15, Val loss: 0.0488, Elapsed time: 0:00:27, Estimated time left: 0:02:43
2025-01-29 23:49:38,990 - INFO - Trial: 90/100, Epoch: 3/15, Val loss: 0.0466, Elapsed time: 0:00:39, Estimated time left: 0:02:30
2025-01-29 23:49:51,551 - INFO - Trial: 90/100, Epoch: 4/15, Val loss: 0.0461, Elapsed time: 0:00:52, Estimated time left: 0:02:18
2025-01-29 23:50:04,103 - INFO - Trial: 90/100, Epoch: 5/15, Val loss: 0.0458, Elapsed time: 0:01:04, Estimated time left: 0:02:05
2025-01-29 23:50:16,650 - INFO - Trial: 90/100, Epoch: 6/15, Val loss: 0.0428, Elapsed time: 0:01:17, Estimated time left: 0:01:52
2025-01-29 23:50:29,191 - INFO - Trial: 90/100, Epoch: 7/15, Val loss: 0.0400, Elapsed time: 0:01:29, Estimated time left: 0:01:40
2025-01-29 23:50:41,956 - INFO - Trial: 90/100, Epoch: 8/15, Val loss: 0.0310, Elapsed time: 0:01:42, Estimated time left: 0:01:29
2025-01-29 23:50:54,527 - INFO - Trial: 90/100, Epoch: 9/15, Val loss: 0.0251, Elapsed time: 0:01:55, Estimated time left: 0:01:15
2025-01-29 23:51:07,090 - INFO - Trial: 90/100, Epoch: 10/15, Val loss: 0.0246, Elapsed time: 0:02:07, Estimated time left: 0:01:02
2025-01-29 23:51:19,671 - INFO - Trial: 90/100, Epoch: 11/15, Val loss: 0.0237, Elapsed time: 0:02:20, Estimated time left: 0:00:50
2025-01-29 23:51:32,254 - INFO - Trial: 90/100, Epoch: 12/15, Val loss: 0.0236, Elapsed time: 0:02:33, Estimated time left: 0:00:37
2025-01-29 23:51:44,811 - INFO - Trial: 90/100, Epoch: 13/15, Val loss: 0.0225, Elapsed time: 0:02:45, Estimated time left: 0:00:25
2025-01-29 23:51:57,387 - INFO - Trial: 90/100, Epoch: 14/15, Val loss: 0.0200, Elapsed time: 0:02:58, Estimated time left: 0:00:12
2025-01-29 23:52:09,966 - INFO - Trial: 90/100, Epoch: 15/15, Val loss: 0.0188, Elapsed time: 0:03:10, Estimated time left: 0:00:00
